[2023-03-12T10:08:13.889+0000] {processor.py:153} INFO - Started process (PID=38) to work on /home/airflow/.local/lib/python3.7/site-packages/airflow/example_dags/example_sla_dag.py
[2023-03-12T10:08:13.892+0000] {processor.py:743} INFO - Processing file /home/airflow/.local/lib/python3.7/site-packages/airflow/example_dags/example_sla_dag.py for tasks to queue
[2023-03-12T10:08:13.894+0000] {logging_mixin.py:137} INFO - [2023-03-12T10:08:13.894+0000] {dagbag.py:538} INFO - Filling up the DagBag from /home/airflow/.local/lib/python3.7/site-packages/airflow/example_dags/example_sla_dag.py
[2023-03-12T10:08:13.924+0000] {processor.py:753} INFO - DAG(s) dict_keys(['example_sla_dag']) retrieved from /home/airflow/.local/lib/python3.7/site-packages/airflow/example_dags/example_sla_dag.py
[2023-03-12T10:08:13.952+0000] {logging_mixin.py:137} INFO - [2023-03-12T10:08:13.952+0000] {dag.py:2690} INFO - Sync 1 DAGs
[2023-03-12T10:08:13.983+0000] {logging_mixin.py:137} INFO - [2023-03-12T10:08:13.983+0000] {dag.py:3441} INFO - Setting next_dagrun for example_sla_dag to 2023-03-12T10:06:00+00:00, run_after=2023-03-12T10:08:00+00:00
[2023-03-12T10:08:14.004+0000] {processor.py:175} INFO - Processing /home/airflow/.local/lib/python3.7/site-packages/airflow/example_dags/example_sla_dag.py took 0.117 seconds
[2023-03-12T10:08:45.011+0000] {processor.py:153} INFO - Started process (PID=115) to work on /home/airflow/.local/lib/python3.7/site-packages/airflow/example_dags/example_sla_dag.py
[2023-03-12T10:08:45.013+0000] {processor.py:743} INFO - Processing file /home/airflow/.local/lib/python3.7/site-packages/airflow/example_dags/example_sla_dag.py for tasks to queue
[2023-03-12T10:08:45.015+0000] {logging_mixin.py:137} INFO - [2023-03-12T10:08:45.015+0000] {dagbag.py:538} INFO - Filling up the DagBag from /home/airflow/.local/lib/python3.7/site-packages/airflow/example_dags/example_sla_dag.py
[2023-03-12T10:08:45.035+0000] {processor.py:753} INFO - DAG(s) dict_keys(['example_sla_dag']) retrieved from /home/airflow/.local/lib/python3.7/site-packages/airflow/example_dags/example_sla_dag.py
[2023-03-12T10:08:45.061+0000] {logging_mixin.py:137} INFO - [2023-03-12T10:08:45.061+0000] {dag.py:2690} INFO - Sync 1 DAGs
[2023-03-12T10:08:45.084+0000] {logging_mixin.py:137} INFO - [2023-03-12T10:08:45.084+0000] {dag.py:3441} INFO - Setting next_dagrun for example_sla_dag to 2023-03-12T10:06:00+00:00, run_after=2023-03-12T10:08:00+00:00
[2023-03-12T10:08:45.100+0000] {processor.py:175} INFO - Processing /home/airflow/.local/lib/python3.7/site-packages/airflow/example_dags/example_sla_dag.py took 0.093 seconds
[2023-03-12T10:09:16.187+0000] {processor.py:153} INFO - Started process (PID=179) to work on /home/airflow/.local/lib/python3.7/site-packages/airflow/example_dags/example_sla_dag.py
[2023-03-12T10:09:16.189+0000] {processor.py:743} INFO - Processing file /home/airflow/.local/lib/python3.7/site-packages/airflow/example_dags/example_sla_dag.py for tasks to queue
[2023-03-12T10:09:16.191+0000] {logging_mixin.py:137} INFO - [2023-03-12T10:09:16.191+0000] {dagbag.py:538} INFO - Filling up the DagBag from /home/airflow/.local/lib/python3.7/site-packages/airflow/example_dags/example_sla_dag.py
[2023-03-12T10:09:16.213+0000] {processor.py:753} INFO - DAG(s) dict_keys(['example_sla_dag']) retrieved from /home/airflow/.local/lib/python3.7/site-packages/airflow/example_dags/example_sla_dag.py
[2023-03-12T10:09:16.239+0000] {logging_mixin.py:137} INFO - [2023-03-12T10:09:16.239+0000] {dag.py:2690} INFO - Sync 1 DAGs
[2023-03-12T10:09:16.258+0000] {logging_mixin.py:137} INFO - [2023-03-12T10:09:16.257+0000] {dag.py:3441} INFO - Setting next_dagrun for example_sla_dag to 2023-03-12T10:06:00+00:00, run_after=2023-03-12T10:08:00+00:00
[2023-03-12T10:09:16.271+0000] {processor.py:175} INFO - Processing /home/airflow/.local/lib/python3.7/site-packages/airflow/example_dags/example_sla_dag.py took 0.087 seconds
[2023-03-12T10:09:46.491+0000] {processor.py:153} INFO - Started process (PID=257) to work on /home/airflow/.local/lib/python3.7/site-packages/airflow/example_dags/example_sla_dag.py
[2023-03-12T10:09:46.495+0000] {processor.py:743} INFO - Processing file /home/airflow/.local/lib/python3.7/site-packages/airflow/example_dags/example_sla_dag.py for tasks to queue
[2023-03-12T10:09:46.498+0000] {logging_mixin.py:137} INFO - [2023-03-12T10:09:46.497+0000] {dagbag.py:538} INFO - Filling up the DagBag from /home/airflow/.local/lib/python3.7/site-packages/airflow/example_dags/example_sla_dag.py
[2023-03-12T10:09:46.515+0000] {processor.py:753} INFO - DAG(s) dict_keys(['example_sla_dag']) retrieved from /home/airflow/.local/lib/python3.7/site-packages/airflow/example_dags/example_sla_dag.py
[2023-03-12T10:09:46.539+0000] {logging_mixin.py:137} INFO - [2023-03-12T10:09:46.538+0000] {dag.py:2690} INFO - Sync 1 DAGs
[2023-03-12T10:09:46.558+0000] {logging_mixin.py:137} INFO - [2023-03-12T10:09:46.558+0000] {dag.py:3441} INFO - Setting next_dagrun for example_sla_dag to 2023-03-12T10:06:00+00:00, run_after=2023-03-12T10:08:00+00:00
[2023-03-12T10:09:46.574+0000] {processor.py:175} INFO - Processing /home/airflow/.local/lib/python3.7/site-packages/airflow/example_dags/example_sla_dag.py took 0.088 seconds
[2023-03-12T10:10:17.274+0000] {processor.py:153} INFO - Started process (PID=334) to work on /home/airflow/.local/lib/python3.7/site-packages/airflow/example_dags/example_sla_dag.py
[2023-03-12T10:10:17.277+0000] {processor.py:743} INFO - Processing file /home/airflow/.local/lib/python3.7/site-packages/airflow/example_dags/example_sla_dag.py for tasks to queue
[2023-03-12T10:10:17.279+0000] {logging_mixin.py:137} INFO - [2023-03-12T10:10:17.279+0000] {dagbag.py:538} INFO - Filling up the DagBag from /home/airflow/.local/lib/python3.7/site-packages/airflow/example_dags/example_sla_dag.py
[2023-03-12T10:10:17.297+0000] {processor.py:753} INFO - DAG(s) dict_keys(['example_sla_dag']) retrieved from /home/airflow/.local/lib/python3.7/site-packages/airflow/example_dags/example_sla_dag.py
[2023-03-12T10:10:17.322+0000] {logging_mixin.py:137} INFO - [2023-03-12T10:10:17.322+0000] {dag.py:2690} INFO - Sync 1 DAGs
[2023-03-12T10:10:17.342+0000] {logging_mixin.py:137} INFO - [2023-03-12T10:10:17.342+0000] {dag.py:3441} INFO - Setting next_dagrun for example_sla_dag to 2023-03-12T10:08:00+00:00, run_after=2023-03-12T10:10:00+00:00
[2023-03-12T10:10:17.356+0000] {processor.py:175} INFO - Processing /home/airflow/.local/lib/python3.7/site-packages/airflow/example_dags/example_sla_dag.py took 0.086 seconds
[2023-03-12T10:10:47.455+0000] {processor.py:153} INFO - Started process (PID=399) to work on /home/airflow/.local/lib/python3.7/site-packages/airflow/example_dags/example_sla_dag.py
[2023-03-12T10:10:47.459+0000] {processor.py:743} INFO - Processing file /home/airflow/.local/lib/python3.7/site-packages/airflow/example_dags/example_sla_dag.py for tasks to queue
[2023-03-12T10:10:47.461+0000] {logging_mixin.py:137} INFO - [2023-03-12T10:10:47.461+0000] {dagbag.py:538} INFO - Filling up the DagBag from /home/airflow/.local/lib/python3.7/site-packages/airflow/example_dags/example_sla_dag.py
[2023-03-12T10:10:47.482+0000] {processor.py:753} INFO - DAG(s) dict_keys(['example_sla_dag']) retrieved from /home/airflow/.local/lib/python3.7/site-packages/airflow/example_dags/example_sla_dag.py
[2023-03-12T10:10:47.509+0000] {logging_mixin.py:137} INFO - [2023-03-12T10:10:47.509+0000] {dag.py:2690} INFO - Sync 1 DAGs
[2023-03-12T10:10:47.529+0000] {logging_mixin.py:137} INFO - [2023-03-12T10:10:47.529+0000] {dag.py:3441} INFO - Setting next_dagrun for example_sla_dag to 2023-03-12T10:08:00+00:00, run_after=2023-03-12T10:10:00+00:00
[2023-03-12T10:10:47.544+0000] {processor.py:175} INFO - Processing /home/airflow/.local/lib/python3.7/site-packages/airflow/example_dags/example_sla_dag.py took 0.094 seconds
[2023-03-12T10:11:17.658+0000] {processor.py:153} INFO - Started process (PID=476) to work on /home/airflow/.local/lib/python3.7/site-packages/airflow/example_dags/example_sla_dag.py
[2023-03-12T10:11:17.661+0000] {processor.py:743} INFO - Processing file /home/airflow/.local/lib/python3.7/site-packages/airflow/example_dags/example_sla_dag.py for tasks to queue
[2023-03-12T10:11:17.664+0000] {logging_mixin.py:137} INFO - [2023-03-12T10:11:17.664+0000] {dagbag.py:538} INFO - Filling up the DagBag from /home/airflow/.local/lib/python3.7/site-packages/airflow/example_dags/example_sla_dag.py
[2023-03-12T10:11:17.681+0000] {processor.py:753} INFO - DAG(s) dict_keys(['example_sla_dag']) retrieved from /home/airflow/.local/lib/python3.7/site-packages/airflow/example_dags/example_sla_dag.py
[2023-03-12T10:11:17.705+0000] {logging_mixin.py:137} INFO - [2023-03-12T10:11:17.705+0000] {dag.py:2690} INFO - Sync 1 DAGs
[2023-03-12T10:11:17.725+0000] {logging_mixin.py:137} INFO - [2023-03-12T10:11:17.725+0000] {dag.py:3441} INFO - Setting next_dagrun for example_sla_dag to 2023-03-12T10:08:00+00:00, run_after=2023-03-12T10:10:00+00:00
[2023-03-12T10:11:17.738+0000] {processor.py:175} INFO - Processing /home/airflow/.local/lib/python3.7/site-packages/airflow/example_dags/example_sla_dag.py took 0.083 seconds
[2023-03-12T10:11:47.829+0000] {processor.py:153} INFO - Started process (PID=548) to work on /home/airflow/.local/lib/python3.7/site-packages/airflow/example_dags/example_sla_dag.py
[2023-03-12T10:11:47.831+0000] {processor.py:743} INFO - Processing file /home/airflow/.local/lib/python3.7/site-packages/airflow/example_dags/example_sla_dag.py for tasks to queue
[2023-03-12T10:11:47.833+0000] {logging_mixin.py:137} INFO - [2023-03-12T10:11:47.832+0000] {dagbag.py:538} INFO - Filling up the DagBag from /home/airflow/.local/lib/python3.7/site-packages/airflow/example_dags/example_sla_dag.py
[2023-03-12T10:11:47.851+0000] {processor.py:753} INFO - DAG(s) dict_keys(['example_sla_dag']) retrieved from /home/airflow/.local/lib/python3.7/site-packages/airflow/example_dags/example_sla_dag.py
[2023-03-12T10:11:47.879+0000] {logging_mixin.py:137} INFO - [2023-03-12T10:11:47.879+0000] {dag.py:2690} INFO - Sync 1 DAGs
[2023-03-12T10:11:47.905+0000] {logging_mixin.py:137} INFO - [2023-03-12T10:11:47.905+0000] {dag.py:3441} INFO - Setting next_dagrun for example_sla_dag to 2023-03-12T10:08:00+00:00, run_after=2023-03-12T10:10:00+00:00
[2023-03-12T10:11:47.920+0000] {processor.py:175} INFO - Processing /home/airflow/.local/lib/python3.7/site-packages/airflow/example_dags/example_sla_dag.py took 0.094 seconds
[2023-03-12T10:12:18.023+0000] {processor.py:153} INFO - Started process (PID=617) to work on /home/airflow/.local/lib/python3.7/site-packages/airflow/example_dags/example_sla_dag.py
[2023-03-12T10:12:18.025+0000] {processor.py:743} INFO - Processing file /home/airflow/.local/lib/python3.7/site-packages/airflow/example_dags/example_sla_dag.py for tasks to queue
[2023-03-12T10:12:18.027+0000] {logging_mixin.py:137} INFO - [2023-03-12T10:12:18.027+0000] {dagbag.py:538} INFO - Filling up the DagBag from /home/airflow/.local/lib/python3.7/site-packages/airflow/example_dags/example_sla_dag.py
[2023-03-12T10:12:18.048+0000] {processor.py:753} INFO - DAG(s) dict_keys(['example_sla_dag']) retrieved from /home/airflow/.local/lib/python3.7/site-packages/airflow/example_dags/example_sla_dag.py
[2023-03-12T10:12:18.078+0000] {logging_mixin.py:137} INFO - [2023-03-12T10:12:18.078+0000] {dag.py:2690} INFO - Sync 1 DAGs
[2023-03-12T10:12:18.100+0000] {logging_mixin.py:137} INFO - [2023-03-12T10:12:18.099+0000] {dag.py:3441} INFO - Setting next_dagrun for example_sla_dag to 2023-03-12T10:10:00+00:00, run_after=2023-03-12T10:12:00+00:00
[2023-03-12T10:12:18.115+0000] {processor.py:175} INFO - Processing /home/airflow/.local/lib/python3.7/site-packages/airflow/example_dags/example_sla_dag.py took 0.098 seconds
[2023-03-12T10:12:48.522+0000] {processor.py:153} INFO - Started process (PID=695) to work on /home/airflow/.local/lib/python3.7/site-packages/airflow/example_dags/example_sla_dag.py
[2023-03-12T10:12:48.525+0000] {processor.py:743} INFO - Processing file /home/airflow/.local/lib/python3.7/site-packages/airflow/example_dags/example_sla_dag.py for tasks to queue
[2023-03-12T10:12:48.526+0000] {logging_mixin.py:137} INFO - [2023-03-12T10:12:48.526+0000] {dagbag.py:538} INFO - Filling up the DagBag from /home/airflow/.local/lib/python3.7/site-packages/airflow/example_dags/example_sla_dag.py
[2023-03-12T10:12:48.548+0000] {processor.py:753} INFO - DAG(s) dict_keys(['example_sla_dag']) retrieved from /home/airflow/.local/lib/python3.7/site-packages/airflow/example_dags/example_sla_dag.py
[2023-03-12T10:12:48.574+0000] {logging_mixin.py:137} INFO - [2023-03-12T10:12:48.574+0000] {dag.py:2690} INFO - Sync 1 DAGs
[2023-03-12T10:12:48.596+0000] {logging_mixin.py:137} INFO - [2023-03-12T10:12:48.596+0000] {dag.py:3441} INFO - Setting next_dagrun for example_sla_dag to 2023-03-12T10:10:00+00:00, run_after=2023-03-12T10:12:00+00:00
[2023-03-12T10:12:48.609+0000] {processor.py:175} INFO - Processing /home/airflow/.local/lib/python3.7/site-packages/airflow/example_dags/example_sla_dag.py took 0.090 seconds
[2023-03-12T10:13:18.924+0000] {processor.py:153} INFO - Started process (PID=760) to work on /home/airflow/.local/lib/python3.7/site-packages/airflow/example_dags/example_sla_dag.py
[2023-03-12T10:13:18.927+0000] {processor.py:743} INFO - Processing file /home/airflow/.local/lib/python3.7/site-packages/airflow/example_dags/example_sla_dag.py for tasks to queue
[2023-03-12T10:13:18.928+0000] {logging_mixin.py:137} INFO - [2023-03-12T10:13:18.928+0000] {dagbag.py:538} INFO - Filling up the DagBag from /home/airflow/.local/lib/python3.7/site-packages/airflow/example_dags/example_sla_dag.py
[2023-03-12T10:13:18.950+0000] {processor.py:753} INFO - DAG(s) dict_keys(['example_sla_dag']) retrieved from /home/airflow/.local/lib/python3.7/site-packages/airflow/example_dags/example_sla_dag.py
[2023-03-12T10:13:18.981+0000] {logging_mixin.py:137} INFO - [2023-03-12T10:13:18.981+0000] {dag.py:2690} INFO - Sync 1 DAGs
[2023-03-12T10:13:19.005+0000] {logging_mixin.py:137} INFO - [2023-03-12T10:13:19.005+0000] {dag.py:3441} INFO - Setting next_dagrun for example_sla_dag to 2023-03-12T10:10:00+00:00, run_after=2023-03-12T10:12:00+00:00
[2023-03-12T10:13:19.022+0000] {processor.py:175} INFO - Processing /home/airflow/.local/lib/python3.7/site-packages/airflow/example_dags/example_sla_dag.py took 0.104 seconds
[2023-03-12T10:13:49.185+0000] {processor.py:153} INFO - Started process (PID=837) to work on /home/airflow/.local/lib/python3.7/site-packages/airflow/example_dags/example_sla_dag.py
[2023-03-12T10:13:49.188+0000] {processor.py:743} INFO - Processing file /home/airflow/.local/lib/python3.7/site-packages/airflow/example_dags/example_sla_dag.py for tasks to queue
[2023-03-12T10:13:49.191+0000] {logging_mixin.py:137} INFO - [2023-03-12T10:13:49.191+0000] {dagbag.py:538} INFO - Filling up the DagBag from /home/airflow/.local/lib/python3.7/site-packages/airflow/example_dags/example_sla_dag.py
[2023-03-12T10:13:49.215+0000] {processor.py:753} INFO - DAG(s) dict_keys(['example_sla_dag']) retrieved from /home/airflow/.local/lib/python3.7/site-packages/airflow/example_dags/example_sla_dag.py
[2023-03-12T10:13:49.252+0000] {logging_mixin.py:137} INFO - [2023-03-12T10:13:49.252+0000] {dag.py:2690} INFO - Sync 1 DAGs
[2023-03-12T10:13:49.273+0000] {logging_mixin.py:137} INFO - [2023-03-12T10:13:49.273+0000] {dag.py:3441} INFO - Setting next_dagrun for example_sla_dag to 2023-03-12T10:10:00+00:00, run_after=2023-03-12T10:12:00+00:00
[2023-03-12T10:13:49.286+0000] {processor.py:175} INFO - Processing /home/airflow/.local/lib/python3.7/site-packages/airflow/example_dags/example_sla_dag.py took 0.105 seconds
[2023-03-12T10:14:20.278+0000] {processor.py:153} INFO - Started process (PID=908) to work on /home/airflow/.local/lib/python3.7/site-packages/airflow/example_dags/example_sla_dag.py
[2023-03-12T10:14:20.280+0000] {processor.py:743} INFO - Processing file /home/airflow/.local/lib/python3.7/site-packages/airflow/example_dags/example_sla_dag.py for tasks to queue
[2023-03-12T10:14:20.282+0000] {logging_mixin.py:137} INFO - [2023-03-12T10:14:20.282+0000] {dagbag.py:538} INFO - Filling up the DagBag from /home/airflow/.local/lib/python3.7/site-packages/airflow/example_dags/example_sla_dag.py
[2023-03-12T10:14:20.304+0000] {processor.py:753} INFO - DAG(s) dict_keys(['example_sla_dag']) retrieved from /home/airflow/.local/lib/python3.7/site-packages/airflow/example_dags/example_sla_dag.py
[2023-03-12T10:14:20.331+0000] {logging_mixin.py:137} INFO - [2023-03-12T10:14:20.331+0000] {dag.py:2690} INFO - Sync 1 DAGs
[2023-03-12T10:14:20.353+0000] {logging_mixin.py:137} INFO - [2023-03-12T10:14:20.353+0000] {dag.py:3441} INFO - Setting next_dagrun for example_sla_dag to 2023-03-12T10:12:00+00:00, run_after=2023-03-12T10:14:00+00:00
[2023-03-12T10:14:20.372+0000] {processor.py:175} INFO - Processing /home/airflow/.local/lib/python3.7/site-packages/airflow/example_dags/example_sla_dag.py took 0.098 seconds
[2023-03-12T10:14:50.620+0000] {processor.py:153} INFO - Started process (PID=980) to work on /home/airflow/.local/lib/python3.7/site-packages/airflow/example_dags/example_sla_dag.py
[2023-03-12T10:14:50.622+0000] {processor.py:743} INFO - Processing file /home/airflow/.local/lib/python3.7/site-packages/airflow/example_dags/example_sla_dag.py for tasks to queue
[2023-03-12T10:14:50.624+0000] {logging_mixin.py:137} INFO - [2023-03-12T10:14:50.624+0000] {dagbag.py:538} INFO - Filling up the DagBag from /home/airflow/.local/lib/python3.7/site-packages/airflow/example_dags/example_sla_dag.py
[2023-03-12T10:14:50.643+0000] {processor.py:753} INFO - DAG(s) dict_keys(['example_sla_dag']) retrieved from /home/airflow/.local/lib/python3.7/site-packages/airflow/example_dags/example_sla_dag.py
[2023-03-12T10:14:50.667+0000] {logging_mixin.py:137} INFO - [2023-03-12T10:14:50.667+0000] {dag.py:2690} INFO - Sync 1 DAGs
[2023-03-12T10:14:50.692+0000] {logging_mixin.py:137} INFO - [2023-03-12T10:14:50.692+0000] {dag.py:3441} INFO - Setting next_dagrun for example_sla_dag to 2023-03-12T10:12:00+00:00, run_after=2023-03-12T10:14:00+00:00
[2023-03-12T10:14:50.709+0000] {processor.py:175} INFO - Processing /home/airflow/.local/lib/python3.7/site-packages/airflow/example_dags/example_sla_dag.py took 0.092 seconds
[2023-03-12T10:15:20.837+0000] {processor.py:153} INFO - Started process (PID=1058) to work on /home/airflow/.local/lib/python3.7/site-packages/airflow/example_dags/example_sla_dag.py
[2023-03-12T10:15:20.841+0000] {processor.py:743} INFO - Processing file /home/airflow/.local/lib/python3.7/site-packages/airflow/example_dags/example_sla_dag.py for tasks to queue
[2023-03-12T10:15:20.843+0000] {logging_mixin.py:137} INFO - [2023-03-12T10:15:20.843+0000] {dagbag.py:538} INFO - Filling up the DagBag from /home/airflow/.local/lib/python3.7/site-packages/airflow/example_dags/example_sla_dag.py
[2023-03-12T10:15:20.911+0000] {processor.py:753} INFO - DAG(s) dict_keys(['example_sla_dag']) retrieved from /home/airflow/.local/lib/python3.7/site-packages/airflow/example_dags/example_sla_dag.py
[2023-03-12T10:15:20.963+0000] {logging_mixin.py:137} INFO - [2023-03-12T10:15:20.963+0000] {dag.py:2690} INFO - Sync 1 DAGs
[2023-03-12T10:15:21.047+0000] {logging_mixin.py:137} INFO - [2023-03-12T10:15:21.047+0000] {dag.py:3441} INFO - Setting next_dagrun for example_sla_dag to 2023-03-12T10:12:00+00:00, run_after=2023-03-12T10:14:00+00:00
[2023-03-12T10:15:21.077+0000] {processor.py:175} INFO - Processing /home/airflow/.local/lib/python3.7/site-packages/airflow/example_dags/example_sla_dag.py took 0.244 seconds
[2023-03-12T10:15:51.218+0000] {processor.py:153} INFO - Started process (PID=1121) to work on /home/airflow/.local/lib/python3.7/site-packages/airflow/example_dags/example_sla_dag.py
[2023-03-12T10:15:51.220+0000] {processor.py:743} INFO - Processing file /home/airflow/.local/lib/python3.7/site-packages/airflow/example_dags/example_sla_dag.py for tasks to queue
[2023-03-12T10:15:51.222+0000] {logging_mixin.py:137} INFO - [2023-03-12T10:15:51.222+0000] {dagbag.py:538} INFO - Filling up the DagBag from /home/airflow/.local/lib/python3.7/site-packages/airflow/example_dags/example_sla_dag.py
[2023-03-12T10:15:51.240+0000] {processor.py:753} INFO - DAG(s) dict_keys(['example_sla_dag']) retrieved from /home/airflow/.local/lib/python3.7/site-packages/airflow/example_dags/example_sla_dag.py
[2023-03-12T10:15:51.268+0000] {logging_mixin.py:137} INFO - [2023-03-12T10:15:51.268+0000] {dag.py:2690} INFO - Sync 1 DAGs
[2023-03-12T10:15:51.287+0000] {logging_mixin.py:137} INFO - [2023-03-12T10:15:51.287+0000] {dag.py:3441} INFO - Setting next_dagrun for example_sla_dag to 2023-03-12T10:12:00+00:00, run_after=2023-03-12T10:14:00+00:00
[2023-03-12T10:15:51.301+0000] {processor.py:175} INFO - Processing /home/airflow/.local/lib/python3.7/site-packages/airflow/example_dags/example_sla_dag.py took 0.086 seconds
[2023-03-12T10:16:21.487+0000] {processor.py:153} INFO - Started process (PID=1198) to work on /home/airflow/.local/lib/python3.7/site-packages/airflow/example_dags/example_sla_dag.py
[2023-03-12T10:16:21.490+0000] {processor.py:743} INFO - Processing file /home/airflow/.local/lib/python3.7/site-packages/airflow/example_dags/example_sla_dag.py for tasks to queue
[2023-03-12T10:16:21.491+0000] {logging_mixin.py:137} INFO - [2023-03-12T10:16:21.491+0000] {dagbag.py:538} INFO - Filling up the DagBag from /home/airflow/.local/lib/python3.7/site-packages/airflow/example_dags/example_sla_dag.py
[2023-03-12T10:16:21.511+0000] {processor.py:753} INFO - DAG(s) dict_keys(['example_sla_dag']) retrieved from /home/airflow/.local/lib/python3.7/site-packages/airflow/example_dags/example_sla_dag.py
[2023-03-12T10:16:21.538+0000] {logging_mixin.py:137} INFO - [2023-03-12T10:16:21.538+0000] {dag.py:2690} INFO - Sync 1 DAGs
[2023-03-12T10:16:21.558+0000] {logging_mixin.py:137} INFO - [2023-03-12T10:16:21.558+0000] {dag.py:3441} INFO - Setting next_dagrun for example_sla_dag to 2023-03-12T10:14:00+00:00, run_after=2023-03-12T10:16:00+00:00
[2023-03-12T10:16:21.575+0000] {processor.py:175} INFO - Processing /home/airflow/.local/lib/python3.7/site-packages/airflow/example_dags/example_sla_dag.py took 0.091 seconds
[2023-03-12T10:16:52.491+0000] {processor.py:153} INFO - Started process (PID=1263) to work on /home/airflow/.local/lib/python3.7/site-packages/airflow/example_dags/example_sla_dag.py
[2023-03-12T10:16:52.493+0000] {processor.py:743} INFO - Processing file /home/airflow/.local/lib/python3.7/site-packages/airflow/example_dags/example_sla_dag.py for tasks to queue
[2023-03-12T10:16:52.495+0000] {logging_mixin.py:137} INFO - [2023-03-12T10:16:52.495+0000] {dagbag.py:538} INFO - Filling up the DagBag from /home/airflow/.local/lib/python3.7/site-packages/airflow/example_dags/example_sla_dag.py
[2023-03-12T10:16:52.514+0000] {processor.py:753} INFO - DAG(s) dict_keys(['example_sla_dag']) retrieved from /home/airflow/.local/lib/python3.7/site-packages/airflow/example_dags/example_sla_dag.py
[2023-03-12T10:16:52.538+0000] {logging_mixin.py:137} INFO - [2023-03-12T10:16:52.538+0000] {dag.py:2690} INFO - Sync 1 DAGs
[2023-03-12T10:16:52.570+0000] {logging_mixin.py:137} INFO - [2023-03-12T10:16:52.570+0000] {dag.py:3441} INFO - Setting next_dagrun for example_sla_dag to 2023-03-12T10:14:00+00:00, run_after=2023-03-12T10:16:00+00:00
[2023-03-12T10:16:52.586+0000] {processor.py:175} INFO - Processing /home/airflow/.local/lib/python3.7/site-packages/airflow/example_dags/example_sla_dag.py took 0.099 seconds
[2023-03-12T10:17:22.889+0000] {processor.py:153} INFO - Started process (PID=1341) to work on /home/airflow/.local/lib/python3.7/site-packages/airflow/example_dags/example_sla_dag.py
[2023-03-12T10:17:22.892+0000] {processor.py:743} INFO - Processing file /home/airflow/.local/lib/python3.7/site-packages/airflow/example_dags/example_sla_dag.py for tasks to queue
[2023-03-12T10:17:22.894+0000] {logging_mixin.py:137} INFO - [2023-03-12T10:17:22.894+0000] {dagbag.py:538} INFO - Filling up the DagBag from /home/airflow/.local/lib/python3.7/site-packages/airflow/example_dags/example_sla_dag.py
[2023-03-12T10:17:22.912+0000] {processor.py:753} INFO - DAG(s) dict_keys(['example_sla_dag']) retrieved from /home/airflow/.local/lib/python3.7/site-packages/airflow/example_dags/example_sla_dag.py
[2023-03-12T10:17:22.937+0000] {logging_mixin.py:137} INFO - [2023-03-12T10:17:22.937+0000] {dag.py:2690} INFO - Sync 1 DAGs
[2023-03-12T10:17:22.955+0000] {logging_mixin.py:137} INFO - [2023-03-12T10:17:22.955+0000] {dag.py:3441} INFO - Setting next_dagrun for example_sla_dag to 2023-03-12T10:14:00+00:00, run_after=2023-03-12T10:16:00+00:00
[2023-03-12T10:17:22.970+0000] {processor.py:175} INFO - Processing /home/airflow/.local/lib/python3.7/site-packages/airflow/example_dags/example_sla_dag.py took 0.084 seconds
[2023-03-12T10:17:53.813+0000] {processor.py:153} INFO - Started process (PID=1418) to work on /home/airflow/.local/lib/python3.7/site-packages/airflow/example_dags/example_sla_dag.py
[2023-03-12T10:17:53.816+0000] {processor.py:743} INFO - Processing file /home/airflow/.local/lib/python3.7/site-packages/airflow/example_dags/example_sla_dag.py for tasks to queue
[2023-03-12T10:17:53.819+0000] {logging_mixin.py:137} INFO - [2023-03-12T10:17:53.818+0000] {dagbag.py:538} INFO - Filling up the DagBag from /home/airflow/.local/lib/python3.7/site-packages/airflow/example_dags/example_sla_dag.py
[2023-03-12T10:17:53.837+0000] {processor.py:753} INFO - DAG(s) dict_keys(['example_sla_dag']) retrieved from /home/airflow/.local/lib/python3.7/site-packages/airflow/example_dags/example_sla_dag.py
[2023-03-12T10:17:53.863+0000] {logging_mixin.py:137} INFO - [2023-03-12T10:17:53.863+0000] {dag.py:2690} INFO - Sync 1 DAGs
[2023-03-12T10:17:53.883+0000] {logging_mixin.py:137} INFO - [2023-03-12T10:17:53.883+0000] {dag.py:3441} INFO - Setting next_dagrun for example_sla_dag to 2023-03-12T10:14:00+00:00, run_after=2023-03-12T10:16:00+00:00
[2023-03-12T10:17:53.897+0000] {processor.py:175} INFO - Processing /home/airflow/.local/lib/python3.7/site-packages/airflow/example_dags/example_sla_dag.py took 0.087 seconds
[2023-03-12T10:18:24.924+0000] {processor.py:153} INFO - Started process (PID=1483) to work on /home/airflow/.local/lib/python3.7/site-packages/airflow/example_dags/example_sla_dag.py
[2023-03-12T10:18:24.927+0000] {processor.py:743} INFO - Processing file /home/airflow/.local/lib/python3.7/site-packages/airflow/example_dags/example_sla_dag.py for tasks to queue
[2023-03-12T10:18:24.929+0000] {logging_mixin.py:137} INFO - [2023-03-12T10:18:24.929+0000] {dagbag.py:538} INFO - Filling up the DagBag from /home/airflow/.local/lib/python3.7/site-packages/airflow/example_dags/example_sla_dag.py
[2023-03-12T10:18:24.951+0000] {processor.py:753} INFO - DAG(s) dict_keys(['example_sla_dag']) retrieved from /home/airflow/.local/lib/python3.7/site-packages/airflow/example_dags/example_sla_dag.py
[2023-03-12T10:18:24.976+0000] {logging_mixin.py:137} INFO - [2023-03-12T10:18:24.976+0000] {dag.py:2690} INFO - Sync 1 DAGs
[2023-03-12T10:18:25.002+0000] {logging_mixin.py:137} INFO - [2023-03-12T10:18:25.002+0000] {dag.py:3441} INFO - Setting next_dagrun for example_sla_dag to 2023-03-12T10:16:00+00:00, run_after=2023-03-12T10:18:00+00:00
[2023-03-12T10:18:25.020+0000] {processor.py:175} INFO - Processing /home/airflow/.local/lib/python3.7/site-packages/airflow/example_dags/example_sla_dag.py took 0.099 seconds
[2023-03-12T10:18:55.354+0000] {processor.py:153} INFO - Started process (PID=1561) to work on /home/airflow/.local/lib/python3.7/site-packages/airflow/example_dags/example_sla_dag.py
[2023-03-12T10:18:55.356+0000] {processor.py:743} INFO - Processing file /home/airflow/.local/lib/python3.7/site-packages/airflow/example_dags/example_sla_dag.py for tasks to queue
[2023-03-12T10:18:55.358+0000] {logging_mixin.py:137} INFO - [2023-03-12T10:18:55.358+0000] {dagbag.py:538} INFO - Filling up the DagBag from /home/airflow/.local/lib/python3.7/site-packages/airflow/example_dags/example_sla_dag.py
[2023-03-12T10:18:55.375+0000] {processor.py:753} INFO - DAG(s) dict_keys(['example_sla_dag']) retrieved from /home/airflow/.local/lib/python3.7/site-packages/airflow/example_dags/example_sla_dag.py
[2023-03-12T10:18:55.400+0000] {logging_mixin.py:137} INFO - [2023-03-12T10:18:55.400+0000] {dag.py:2690} INFO - Sync 1 DAGs
[2023-03-12T10:18:55.420+0000] {logging_mixin.py:137} INFO - [2023-03-12T10:18:55.420+0000] {dag.py:3441} INFO - Setting next_dagrun for example_sla_dag to 2023-03-12T10:16:00+00:00, run_after=2023-03-12T10:18:00+00:00
[2023-03-12T10:18:55.434+0000] {processor.py:175} INFO - Processing /home/airflow/.local/lib/python3.7/site-packages/airflow/example_dags/example_sla_dag.py took 0.083 seconds
[2023-03-12T10:19:26.297+0000] {processor.py:153} INFO - Started process (PID=1639) to work on /home/airflow/.local/lib/python3.7/site-packages/airflow/example_dags/example_sla_dag.py
[2023-03-12T10:19:26.299+0000] {processor.py:743} INFO - Processing file /home/airflow/.local/lib/python3.7/site-packages/airflow/example_dags/example_sla_dag.py for tasks to queue
[2023-03-12T10:19:26.301+0000] {logging_mixin.py:137} INFO - [2023-03-12T10:19:26.301+0000] {dagbag.py:538} INFO - Filling up the DagBag from /home/airflow/.local/lib/python3.7/site-packages/airflow/example_dags/example_sla_dag.py
[2023-03-12T10:19:26.320+0000] {processor.py:753} INFO - DAG(s) dict_keys(['example_sla_dag']) retrieved from /home/airflow/.local/lib/python3.7/site-packages/airflow/example_dags/example_sla_dag.py
[2023-03-12T10:19:26.345+0000] {logging_mixin.py:137} INFO - [2023-03-12T10:19:26.345+0000] {dag.py:2690} INFO - Sync 1 DAGs
[2023-03-12T10:19:26.363+0000] {logging_mixin.py:137} INFO - [2023-03-12T10:19:26.363+0000] {dag.py:3441} INFO - Setting next_dagrun for example_sla_dag to 2023-03-12T10:16:00+00:00, run_after=2023-03-12T10:18:00+00:00
[2023-03-12T10:19:26.379+0000] {processor.py:175} INFO - Processing /home/airflow/.local/lib/python3.7/site-packages/airflow/example_dags/example_sla_dag.py took 0.086 seconds
[2023-03-12T10:19:57.475+0000] {processor.py:153} INFO - Started process (PID=1704) to work on /home/airflow/.local/lib/python3.7/site-packages/airflow/example_dags/example_sla_dag.py
[2023-03-12T10:19:57.483+0000] {processor.py:743} INFO - Processing file /home/airflow/.local/lib/python3.7/site-packages/airflow/example_dags/example_sla_dag.py for tasks to queue
[2023-03-12T10:19:57.492+0000] {logging_mixin.py:137} INFO - [2023-03-12T10:19:57.492+0000] {dagbag.py:538} INFO - Filling up the DagBag from /home/airflow/.local/lib/python3.7/site-packages/airflow/example_dags/example_sla_dag.py
[2023-03-12T10:19:57.522+0000] {processor.py:753} INFO - DAG(s) dict_keys(['example_sla_dag']) retrieved from /home/airflow/.local/lib/python3.7/site-packages/airflow/example_dags/example_sla_dag.py
[2023-03-12T10:19:57.550+0000] {logging_mixin.py:137} INFO - [2023-03-12T10:19:57.550+0000] {dag.py:2690} INFO - Sync 1 DAGs
[2023-03-12T10:19:57.572+0000] {logging_mixin.py:137} INFO - [2023-03-12T10:19:57.571+0000] {dag.py:3441} INFO - Setting next_dagrun for example_sla_dag to 2023-03-12T10:16:00+00:00, run_after=2023-03-12T10:18:00+00:00
[2023-03-12T10:19:57.587+0000] {processor.py:175} INFO - Processing /home/airflow/.local/lib/python3.7/site-packages/airflow/example_dags/example_sla_dag.py took 0.115 seconds
[2023-03-12T10:20:27.719+0000] {processor.py:153} INFO - Started process (PID=1783) to work on /home/airflow/.local/lib/python3.7/site-packages/airflow/example_dags/example_sla_dag.py
[2023-03-12T10:20:27.721+0000] {processor.py:743} INFO - Processing file /home/airflow/.local/lib/python3.7/site-packages/airflow/example_dags/example_sla_dag.py for tasks to queue
[2023-03-12T10:20:27.723+0000] {logging_mixin.py:137} INFO - [2023-03-12T10:20:27.723+0000] {dagbag.py:538} INFO - Filling up the DagBag from /home/airflow/.local/lib/python3.7/site-packages/airflow/example_dags/example_sla_dag.py
[2023-03-12T10:20:27.745+0000] {processor.py:753} INFO - DAG(s) dict_keys(['example_sla_dag']) retrieved from /home/airflow/.local/lib/python3.7/site-packages/airflow/example_dags/example_sla_dag.py
[2023-03-12T10:20:27.775+0000] {logging_mixin.py:137} INFO - [2023-03-12T10:20:27.775+0000] {dag.py:2690} INFO - Sync 1 DAGs
[2023-03-12T10:20:27.809+0000] {logging_mixin.py:137} INFO - [2023-03-12T10:20:27.809+0000] {dag.py:3441} INFO - Setting next_dagrun for example_sla_dag to 2023-03-12T10:18:00+00:00, run_after=2023-03-12T10:20:00+00:00
[2023-03-12T10:20:27.824+0000] {processor.py:175} INFO - Processing /home/airflow/.local/lib/python3.7/site-packages/airflow/example_dags/example_sla_dag.py took 0.110 seconds
[2023-03-12T10:20:57.969+0000] {processor.py:153} INFO - Started process (PID=1848) to work on /home/airflow/.local/lib/python3.7/site-packages/airflow/example_dags/example_sla_dag.py
[2023-03-12T10:20:57.972+0000] {processor.py:743} INFO - Processing file /home/airflow/.local/lib/python3.7/site-packages/airflow/example_dags/example_sla_dag.py for tasks to queue
[2023-03-12T10:20:57.974+0000] {logging_mixin.py:137} INFO - [2023-03-12T10:20:57.974+0000] {dagbag.py:538} INFO - Filling up the DagBag from /home/airflow/.local/lib/python3.7/site-packages/airflow/example_dags/example_sla_dag.py
[2023-03-12T10:20:57.996+0000] {processor.py:753} INFO - DAG(s) dict_keys(['example_sla_dag']) retrieved from /home/airflow/.local/lib/python3.7/site-packages/airflow/example_dags/example_sla_dag.py
[2023-03-12T10:20:58.024+0000] {logging_mixin.py:137} INFO - [2023-03-12T10:20:58.024+0000] {dag.py:2690} INFO - Sync 1 DAGs
[2023-03-12T10:20:58.046+0000] {logging_mixin.py:137} INFO - [2023-03-12T10:20:58.046+0000] {dag.py:3441} INFO - Setting next_dagrun for example_sla_dag to 2023-03-12T10:18:00+00:00, run_after=2023-03-12T10:20:00+00:00
[2023-03-12T10:20:58.063+0000] {processor.py:175} INFO - Processing /home/airflow/.local/lib/python3.7/site-packages/airflow/example_dags/example_sla_dag.py took 0.099 seconds
[2023-03-12T10:21:28.519+0000] {processor.py:153} INFO - Started process (PID=1927) to work on /home/airflow/.local/lib/python3.7/site-packages/airflow/example_dags/example_sla_dag.py
[2023-03-12T10:21:28.521+0000] {processor.py:743} INFO - Processing file /home/airflow/.local/lib/python3.7/site-packages/airflow/example_dags/example_sla_dag.py for tasks to queue
[2023-03-12T10:21:28.523+0000] {logging_mixin.py:137} INFO - [2023-03-12T10:21:28.523+0000] {dagbag.py:538} INFO - Filling up the DagBag from /home/airflow/.local/lib/python3.7/site-packages/airflow/example_dags/example_sla_dag.py
[2023-03-12T10:21:28.543+0000] {processor.py:753} INFO - DAG(s) dict_keys(['example_sla_dag']) retrieved from /home/airflow/.local/lib/python3.7/site-packages/airflow/example_dags/example_sla_dag.py
[2023-03-12T10:21:28.571+0000] {logging_mixin.py:137} INFO - [2023-03-12T10:21:28.571+0000] {dag.py:2690} INFO - Sync 1 DAGs
[2023-03-12T10:21:28.591+0000] {logging_mixin.py:137} INFO - [2023-03-12T10:21:28.591+0000] {dag.py:3441} INFO - Setting next_dagrun for example_sla_dag to 2023-03-12T10:18:00+00:00, run_after=2023-03-12T10:20:00+00:00
[2023-03-12T10:21:28.605+0000] {processor.py:175} INFO - Processing /home/airflow/.local/lib/python3.7/site-packages/airflow/example_dags/example_sla_dag.py took 0.090 seconds
[2023-03-12T10:21:58.752+0000] {processor.py:153} INFO - Started process (PID=2005) to work on /home/airflow/.local/lib/python3.7/site-packages/airflow/example_dags/example_sla_dag.py
[2023-03-12T10:21:58.753+0000] {processor.py:743} INFO - Processing file /home/airflow/.local/lib/python3.7/site-packages/airflow/example_dags/example_sla_dag.py for tasks to queue
[2023-03-12T10:21:58.755+0000] {logging_mixin.py:137} INFO - [2023-03-12T10:21:58.755+0000] {dagbag.py:538} INFO - Filling up the DagBag from /home/airflow/.local/lib/python3.7/site-packages/airflow/example_dags/example_sla_dag.py
[2023-03-12T10:21:58.778+0000] {processor.py:753} INFO - DAG(s) dict_keys(['example_sla_dag']) retrieved from /home/airflow/.local/lib/python3.7/site-packages/airflow/example_dags/example_sla_dag.py
[2023-03-12T10:21:58.818+0000] {logging_mixin.py:137} INFO - [2023-03-12T10:21:58.818+0000] {dag.py:2690} INFO - Sync 1 DAGs
[2023-03-12T10:21:58.848+0000] {logging_mixin.py:137} INFO - [2023-03-12T10:21:58.848+0000] {dag.py:3441} INFO - Setting next_dagrun for example_sla_dag to 2023-03-12T10:18:00+00:00, run_after=2023-03-12T10:20:00+00:00
[2023-03-12T10:21:58.877+0000] {processor.py:175} INFO - Processing /home/airflow/.local/lib/python3.7/site-packages/airflow/example_dags/example_sla_dag.py took 0.129 seconds
