[2023-03-12T10:08:15.213+0000] {processor.py:153} INFO - Started process (PID=52) to work on /home/airflow/.local/lib/python3.7/site-packages/airflow/example_dags/example_python_operator.py
[2023-03-12T10:08:15.216+0000] {processor.py:743} INFO - Processing file /home/airflow/.local/lib/python3.7/site-packages/airflow/example_dags/example_python_operator.py for tasks to queue
[2023-03-12T10:08:15.218+0000] {logging_mixin.py:137} INFO - [2023-03-12T10:08:15.218+0000] {dagbag.py:538} INFO - Filling up the DagBag from /home/airflow/.local/lib/python3.7/site-packages/airflow/example_dags/example_python_operator.py
[2023-03-12T10:08:15.235+0000] {logging_mixin.py:137} INFO - [2023-03-12T10:08:15.235+0000] {taskmixin.py:205} WARNING - Dependency <Task(_PythonDecoratedOperator): print_the_context>, log_sql_query already registered for DAG: example_python_operator
[2023-03-12T10:08:15.237+0000] {logging_mixin.py:137} INFO - [2023-03-12T10:08:15.237+0000] {taskmixin.py:205} WARNING - Dependency <Task(_PythonDecoratedOperator): log_sql_query>, print_the_context already registered for DAG: example_python_operator
[2023-03-12T10:08:15.239+0000] {logging_mixin.py:137} INFO - [2023-03-12T10:08:15.239+0000] {taskmixin.py:205} WARNING - Dependency <Task(_PythonDecoratedOperator): print_the_context>, log_sql_query already registered for DAG: example_python_operator
[2023-03-12T10:08:15.240+0000] {logging_mixin.py:137} INFO - [2023-03-12T10:08:15.240+0000] {taskmixin.py:205} WARNING - Dependency <Task(_PythonDecoratedOperator): log_sql_query>, print_the_context already registered for DAG: example_python_operator
[2023-03-12T10:08:15.242+0000] {logging_mixin.py:137} INFO - [2023-03-12T10:08:15.242+0000] {taskmixin.py:205} WARNING - Dependency <Task(_PythonDecoratedOperator): print_the_context>, log_sql_query already registered for DAG: example_python_operator
[2023-03-12T10:08:15.244+0000] {logging_mixin.py:137} INFO - [2023-03-12T10:08:15.243+0000] {taskmixin.py:205} WARNING - Dependency <Task(_PythonDecoratedOperator): log_sql_query>, print_the_context already registered for DAG: example_python_operator
[2023-03-12T10:08:15.246+0000] {logging_mixin.py:137} INFO - [2023-03-12T10:08:15.246+0000] {taskmixin.py:205} WARNING - Dependency <Task(_PythonDecoratedOperator): print_the_context>, log_sql_query already registered for DAG: example_python_operator
[2023-03-12T10:08:15.247+0000] {logging_mixin.py:137} INFO - [2023-03-12T10:08:15.247+0000] {taskmixin.py:205} WARNING - Dependency <Task(_PythonDecoratedOperator): log_sql_query>, print_the_context already registered for DAG: example_python_operator
[2023-03-12T10:08:15.257+0000] {processor.py:753} INFO - DAG(s) dict_keys(['example_python_operator']) retrieved from /home/airflow/.local/lib/python3.7/site-packages/airflow/example_dags/example_python_operator.py
[2023-03-12T10:08:15.278+0000] {logging_mixin.py:137} INFO - [2023-03-12T10:08:15.277+0000] {dag.py:2690} INFO - Sync 1 DAGs
[2023-03-12T10:08:15.316+0000] {logging_mixin.py:137} INFO - [2023-03-12T10:08:15.316+0000] {dag.py:3441} INFO - Setting next_dagrun for example_python_operator to None, run_after=None
[2023-03-12T10:08:15.338+0000] {processor.py:175} INFO - Processing /home/airflow/.local/lib/python3.7/site-packages/airflow/example_dags/example_python_operator.py took 0.128 seconds
[2023-03-12T10:08:45.965+0000] {processor.py:153} INFO - Started process (PID=129) to work on /home/airflow/.local/lib/python3.7/site-packages/airflow/example_dags/example_python_operator.py
[2023-03-12T10:08:45.967+0000] {processor.py:743} INFO - Processing file /home/airflow/.local/lib/python3.7/site-packages/airflow/example_dags/example_python_operator.py for tasks to queue
[2023-03-12T10:08:45.969+0000] {logging_mixin.py:137} INFO - [2023-03-12T10:08:45.969+0000] {dagbag.py:538} INFO - Filling up the DagBag from /home/airflow/.local/lib/python3.7/site-packages/airflow/example_dags/example_python_operator.py
[2023-03-12T10:08:45.991+0000] {logging_mixin.py:137} INFO - [2023-03-12T10:08:45.991+0000] {taskmixin.py:205} WARNING - Dependency <Task(_PythonDecoratedOperator): print_the_context>, log_sql_query already registered for DAG: example_python_operator
[2023-03-12T10:08:45.994+0000] {logging_mixin.py:137} INFO - [2023-03-12T10:08:45.994+0000] {taskmixin.py:205} WARNING - Dependency <Task(_PythonDecoratedOperator): log_sql_query>, print_the_context already registered for DAG: example_python_operator
[2023-03-12T10:08:45.996+0000] {logging_mixin.py:137} INFO - [2023-03-12T10:08:45.996+0000] {taskmixin.py:205} WARNING - Dependency <Task(_PythonDecoratedOperator): print_the_context>, log_sql_query already registered for DAG: example_python_operator
[2023-03-12T10:08:45.998+0000] {logging_mixin.py:137} INFO - [2023-03-12T10:08:45.998+0000] {taskmixin.py:205} WARNING - Dependency <Task(_PythonDecoratedOperator): log_sql_query>, print_the_context already registered for DAG: example_python_operator
[2023-03-12T10:08:45.999+0000] {logging_mixin.py:137} INFO - [2023-03-12T10:08:45.999+0000] {taskmixin.py:205} WARNING - Dependency <Task(_PythonDecoratedOperator): print_the_context>, log_sql_query already registered for DAG: example_python_operator
[2023-03-12T10:08:46.000+0000] {logging_mixin.py:137} INFO - [2023-03-12T10:08:46.000+0000] {taskmixin.py:205} WARNING - Dependency <Task(_PythonDecoratedOperator): log_sql_query>, print_the_context already registered for DAG: example_python_operator
[2023-03-12T10:08:46.002+0000] {logging_mixin.py:137} INFO - [2023-03-12T10:08:46.002+0000] {taskmixin.py:205} WARNING - Dependency <Task(_PythonDecoratedOperator): print_the_context>, log_sql_query already registered for DAG: example_python_operator
[2023-03-12T10:08:46.004+0000] {logging_mixin.py:137} INFO - [2023-03-12T10:08:46.003+0000] {taskmixin.py:205} WARNING - Dependency <Task(_PythonDecoratedOperator): log_sql_query>, print_the_context already registered for DAG: example_python_operator
[2023-03-12T10:08:46.010+0000] {processor.py:753} INFO - DAG(s) dict_keys(['example_python_operator']) retrieved from /home/airflow/.local/lib/python3.7/site-packages/airflow/example_dags/example_python_operator.py
[2023-03-12T10:08:46.066+0000] {logging_mixin.py:137} INFO - [2023-03-12T10:08:46.066+0000] {dag.py:2690} INFO - Sync 1 DAGs
[2023-03-12T10:08:46.082+0000] {logging_mixin.py:137} INFO - [2023-03-12T10:08:46.082+0000] {dag.py:3441} INFO - Setting next_dagrun for example_python_operator to None, run_after=None
[2023-03-12T10:08:46.099+0000] {processor.py:175} INFO - Processing /home/airflow/.local/lib/python3.7/site-packages/airflow/example_dags/example_python_operator.py took 0.138 seconds
[2023-03-12T10:09:17.388+0000] {processor.py:153} INFO - Started process (PID=200) to work on /home/airflow/.local/lib/python3.7/site-packages/airflow/example_dags/example_python_operator.py
[2023-03-12T10:09:17.391+0000] {processor.py:743} INFO - Processing file /home/airflow/.local/lib/python3.7/site-packages/airflow/example_dags/example_python_operator.py for tasks to queue
[2023-03-12T10:09:17.393+0000] {logging_mixin.py:137} INFO - [2023-03-12T10:09:17.393+0000] {dagbag.py:538} INFO - Filling up the DagBag from /home/airflow/.local/lib/python3.7/site-packages/airflow/example_dags/example_python_operator.py
[2023-03-12T10:09:17.418+0000] {logging_mixin.py:137} INFO - [2023-03-12T10:09:17.418+0000] {taskmixin.py:205} WARNING - Dependency <Task(_PythonDecoratedOperator): print_the_context>, log_sql_query already registered for DAG: example_python_operator
[2023-03-12T10:09:17.421+0000] {logging_mixin.py:137} INFO - [2023-03-12T10:09:17.421+0000] {taskmixin.py:205} WARNING - Dependency <Task(_PythonDecoratedOperator): log_sql_query>, print_the_context already registered for DAG: example_python_operator
[2023-03-12T10:09:17.426+0000] {logging_mixin.py:137} INFO - [2023-03-12T10:09:17.425+0000] {taskmixin.py:205} WARNING - Dependency <Task(_PythonDecoratedOperator): print_the_context>, log_sql_query already registered for DAG: example_python_operator
[2023-03-12T10:09:17.429+0000] {logging_mixin.py:137} INFO - [2023-03-12T10:09:17.428+0000] {taskmixin.py:205} WARNING - Dependency <Task(_PythonDecoratedOperator): log_sql_query>, print_the_context already registered for DAG: example_python_operator
[2023-03-12T10:09:17.432+0000] {logging_mixin.py:137} INFO - [2023-03-12T10:09:17.432+0000] {taskmixin.py:205} WARNING - Dependency <Task(_PythonDecoratedOperator): print_the_context>, log_sql_query already registered for DAG: example_python_operator
[2023-03-12T10:09:17.435+0000] {logging_mixin.py:137} INFO - [2023-03-12T10:09:17.434+0000] {taskmixin.py:205} WARNING - Dependency <Task(_PythonDecoratedOperator): log_sql_query>, print_the_context already registered for DAG: example_python_operator
[2023-03-12T10:09:17.437+0000] {logging_mixin.py:137} INFO - [2023-03-12T10:09:17.437+0000] {taskmixin.py:205} WARNING - Dependency <Task(_PythonDecoratedOperator): print_the_context>, log_sql_query already registered for DAG: example_python_operator
[2023-03-12T10:09:17.438+0000] {logging_mixin.py:137} INFO - [2023-03-12T10:09:17.438+0000] {taskmixin.py:205} WARNING - Dependency <Task(_PythonDecoratedOperator): log_sql_query>, print_the_context already registered for DAG: example_python_operator
[2023-03-12T10:09:17.451+0000] {processor.py:753} INFO - DAG(s) dict_keys(['example_python_operator']) retrieved from /home/airflow/.local/lib/python3.7/site-packages/airflow/example_dags/example_python_operator.py
[2023-03-12T10:09:17.497+0000] {logging_mixin.py:137} INFO - [2023-03-12T10:09:17.497+0000] {dag.py:2690} INFO - Sync 1 DAGs
[2023-03-12T10:09:17.524+0000] {logging_mixin.py:137} INFO - [2023-03-12T10:09:17.524+0000] {dag.py:3441} INFO - Setting next_dagrun for example_python_operator to None, run_after=None
[2023-03-12T10:09:17.553+0000] {processor.py:175} INFO - Processing /home/airflow/.local/lib/python3.7/site-packages/airflow/example_dags/example_python_operator.py took 0.183 seconds
[2023-03-12T10:09:48.350+0000] {processor.py:153} INFO - Started process (PID=271) to work on /home/airflow/.local/lib/python3.7/site-packages/airflow/example_dags/example_python_operator.py
[2023-03-12T10:09:48.352+0000] {processor.py:743} INFO - Processing file /home/airflow/.local/lib/python3.7/site-packages/airflow/example_dags/example_python_operator.py for tasks to queue
[2023-03-12T10:09:48.354+0000] {logging_mixin.py:137} INFO - [2023-03-12T10:09:48.354+0000] {dagbag.py:538} INFO - Filling up the DagBag from /home/airflow/.local/lib/python3.7/site-packages/airflow/example_dags/example_python_operator.py
[2023-03-12T10:09:48.369+0000] {logging_mixin.py:137} INFO - [2023-03-12T10:09:48.369+0000] {taskmixin.py:205} WARNING - Dependency <Task(_PythonDecoratedOperator): print_the_context>, log_sql_query already registered for DAG: example_python_operator
[2023-03-12T10:09:48.370+0000] {logging_mixin.py:137} INFO - [2023-03-12T10:09:48.370+0000] {taskmixin.py:205} WARNING - Dependency <Task(_PythonDecoratedOperator): log_sql_query>, print_the_context already registered for DAG: example_python_operator
[2023-03-12T10:09:48.372+0000] {logging_mixin.py:137} INFO - [2023-03-12T10:09:48.372+0000] {taskmixin.py:205} WARNING - Dependency <Task(_PythonDecoratedOperator): print_the_context>, log_sql_query already registered for DAG: example_python_operator
[2023-03-12T10:09:48.373+0000] {logging_mixin.py:137} INFO - [2023-03-12T10:09:48.373+0000] {taskmixin.py:205} WARNING - Dependency <Task(_PythonDecoratedOperator): log_sql_query>, print_the_context already registered for DAG: example_python_operator
[2023-03-12T10:09:48.375+0000] {logging_mixin.py:137} INFO - [2023-03-12T10:09:48.375+0000] {taskmixin.py:205} WARNING - Dependency <Task(_PythonDecoratedOperator): print_the_context>, log_sql_query already registered for DAG: example_python_operator
[2023-03-12T10:09:48.376+0000] {logging_mixin.py:137} INFO - [2023-03-12T10:09:48.376+0000] {taskmixin.py:205} WARNING - Dependency <Task(_PythonDecoratedOperator): log_sql_query>, print_the_context already registered for DAG: example_python_operator
[2023-03-12T10:09:48.378+0000] {logging_mixin.py:137} INFO - [2023-03-12T10:09:48.378+0000] {taskmixin.py:205} WARNING - Dependency <Task(_PythonDecoratedOperator): print_the_context>, log_sql_query already registered for DAG: example_python_operator
[2023-03-12T10:09:48.381+0000] {logging_mixin.py:137} INFO - [2023-03-12T10:09:48.381+0000] {taskmixin.py:205} WARNING - Dependency <Task(_PythonDecoratedOperator): log_sql_query>, print_the_context already registered for DAG: example_python_operator
[2023-03-12T10:09:48.386+0000] {processor.py:753} INFO - DAG(s) dict_keys(['example_python_operator']) retrieved from /home/airflow/.local/lib/python3.7/site-packages/airflow/example_dags/example_python_operator.py
[2023-03-12T10:09:48.411+0000] {logging_mixin.py:137} INFO - [2023-03-12T10:09:48.411+0000] {dag.py:2690} INFO - Sync 1 DAGs
[2023-03-12T10:09:48.429+0000] {logging_mixin.py:137} INFO - [2023-03-12T10:09:48.429+0000] {dag.py:3441} INFO - Setting next_dagrun for example_python_operator to None, run_after=None
[2023-03-12T10:09:48.443+0000] {processor.py:175} INFO - Processing /home/airflow/.local/lib/python3.7/site-packages/airflow/example_dags/example_python_operator.py took 0.097 seconds
[2023-03-12T10:10:19.220+0000] {processor.py:153} INFO - Started process (PID=348) to work on /home/airflow/.local/lib/python3.7/site-packages/airflow/example_dags/example_python_operator.py
[2023-03-12T10:10:19.222+0000] {processor.py:743} INFO - Processing file /home/airflow/.local/lib/python3.7/site-packages/airflow/example_dags/example_python_operator.py for tasks to queue
[2023-03-12T10:10:19.224+0000] {logging_mixin.py:137} INFO - [2023-03-12T10:10:19.224+0000] {dagbag.py:538} INFO - Filling up the DagBag from /home/airflow/.local/lib/python3.7/site-packages/airflow/example_dags/example_python_operator.py
[2023-03-12T10:10:19.238+0000] {logging_mixin.py:137} INFO - [2023-03-12T10:10:19.238+0000] {taskmixin.py:205} WARNING - Dependency <Task(_PythonDecoratedOperator): print_the_context>, log_sql_query already registered for DAG: example_python_operator
[2023-03-12T10:10:19.240+0000] {logging_mixin.py:137} INFO - [2023-03-12T10:10:19.240+0000] {taskmixin.py:205} WARNING - Dependency <Task(_PythonDecoratedOperator): log_sql_query>, print_the_context already registered for DAG: example_python_operator
[2023-03-12T10:10:19.242+0000] {logging_mixin.py:137} INFO - [2023-03-12T10:10:19.242+0000] {taskmixin.py:205} WARNING - Dependency <Task(_PythonDecoratedOperator): print_the_context>, log_sql_query already registered for DAG: example_python_operator
[2023-03-12T10:10:19.244+0000] {logging_mixin.py:137} INFO - [2023-03-12T10:10:19.244+0000] {taskmixin.py:205} WARNING - Dependency <Task(_PythonDecoratedOperator): log_sql_query>, print_the_context already registered for DAG: example_python_operator
[2023-03-12T10:10:19.246+0000] {logging_mixin.py:137} INFO - [2023-03-12T10:10:19.246+0000] {taskmixin.py:205} WARNING - Dependency <Task(_PythonDecoratedOperator): print_the_context>, log_sql_query already registered for DAG: example_python_operator
[2023-03-12T10:10:19.247+0000] {logging_mixin.py:137} INFO - [2023-03-12T10:10:19.247+0000] {taskmixin.py:205} WARNING - Dependency <Task(_PythonDecoratedOperator): log_sql_query>, print_the_context already registered for DAG: example_python_operator
[2023-03-12T10:10:19.248+0000] {logging_mixin.py:137} INFO - [2023-03-12T10:10:19.248+0000] {taskmixin.py:205} WARNING - Dependency <Task(_PythonDecoratedOperator): print_the_context>, log_sql_query already registered for DAG: example_python_operator
[2023-03-12T10:10:19.250+0000] {logging_mixin.py:137} INFO - [2023-03-12T10:10:19.249+0000] {taskmixin.py:205} WARNING - Dependency <Task(_PythonDecoratedOperator): log_sql_query>, print_the_context already registered for DAG: example_python_operator
[2023-03-12T10:10:19.255+0000] {processor.py:753} INFO - DAG(s) dict_keys(['example_python_operator']) retrieved from /home/airflow/.local/lib/python3.7/site-packages/airflow/example_dags/example_python_operator.py
[2023-03-12T10:10:19.280+0000] {logging_mixin.py:137} INFO - [2023-03-12T10:10:19.280+0000] {dag.py:2690} INFO - Sync 1 DAGs
[2023-03-12T10:10:19.302+0000] {logging_mixin.py:137} INFO - [2023-03-12T10:10:19.302+0000] {dag.py:3441} INFO - Setting next_dagrun for example_python_operator to None, run_after=None
[2023-03-12T10:10:19.320+0000] {processor.py:175} INFO - Processing /home/airflow/.local/lib/python3.7/site-packages/airflow/example_dags/example_python_operator.py took 0.103 seconds
[2023-03-12T10:10:49.454+0000] {processor.py:153} INFO - Started process (PID=413) to work on /home/airflow/.local/lib/python3.7/site-packages/airflow/example_dags/example_python_operator.py
[2023-03-12T10:10:49.457+0000] {processor.py:743} INFO - Processing file /home/airflow/.local/lib/python3.7/site-packages/airflow/example_dags/example_python_operator.py for tasks to queue
[2023-03-12T10:10:49.458+0000] {logging_mixin.py:137} INFO - [2023-03-12T10:10:49.458+0000] {dagbag.py:538} INFO - Filling up the DagBag from /home/airflow/.local/lib/python3.7/site-packages/airflow/example_dags/example_python_operator.py
[2023-03-12T10:10:49.472+0000] {logging_mixin.py:137} INFO - [2023-03-12T10:10:49.472+0000] {taskmixin.py:205} WARNING - Dependency <Task(_PythonDecoratedOperator): print_the_context>, log_sql_query already registered for DAG: example_python_operator
[2023-03-12T10:10:49.473+0000] {logging_mixin.py:137} INFO - [2023-03-12T10:10:49.473+0000] {taskmixin.py:205} WARNING - Dependency <Task(_PythonDecoratedOperator): log_sql_query>, print_the_context already registered for DAG: example_python_operator
[2023-03-12T10:10:49.475+0000] {logging_mixin.py:137} INFO - [2023-03-12T10:10:49.475+0000] {taskmixin.py:205} WARNING - Dependency <Task(_PythonDecoratedOperator): print_the_context>, log_sql_query already registered for DAG: example_python_operator
[2023-03-12T10:10:49.476+0000] {logging_mixin.py:137} INFO - [2023-03-12T10:10:49.476+0000] {taskmixin.py:205} WARNING - Dependency <Task(_PythonDecoratedOperator): log_sql_query>, print_the_context already registered for DAG: example_python_operator
[2023-03-12T10:10:49.478+0000] {logging_mixin.py:137} INFO - [2023-03-12T10:10:49.478+0000] {taskmixin.py:205} WARNING - Dependency <Task(_PythonDecoratedOperator): print_the_context>, log_sql_query already registered for DAG: example_python_operator
[2023-03-12T10:10:49.479+0000] {logging_mixin.py:137} INFO - [2023-03-12T10:10:49.479+0000] {taskmixin.py:205} WARNING - Dependency <Task(_PythonDecoratedOperator): log_sql_query>, print_the_context already registered for DAG: example_python_operator
[2023-03-12T10:10:49.481+0000] {logging_mixin.py:137} INFO - [2023-03-12T10:10:49.481+0000] {taskmixin.py:205} WARNING - Dependency <Task(_PythonDecoratedOperator): print_the_context>, log_sql_query already registered for DAG: example_python_operator
[2023-03-12T10:10:49.483+0000] {logging_mixin.py:137} INFO - [2023-03-12T10:10:49.483+0000] {taskmixin.py:205} WARNING - Dependency <Task(_PythonDecoratedOperator): log_sql_query>, print_the_context already registered for DAG: example_python_operator
[2023-03-12T10:10:49.488+0000] {processor.py:753} INFO - DAG(s) dict_keys(['example_python_operator']) retrieved from /home/airflow/.local/lib/python3.7/site-packages/airflow/example_dags/example_python_operator.py
[2023-03-12T10:10:49.513+0000] {logging_mixin.py:137} INFO - [2023-03-12T10:10:49.513+0000] {dag.py:2690} INFO - Sync 1 DAGs
[2023-03-12T10:10:49.532+0000] {logging_mixin.py:137} INFO - [2023-03-12T10:10:49.531+0000] {dag.py:3441} INFO - Setting next_dagrun for example_python_operator to None, run_after=None
[2023-03-12T10:10:49.544+0000] {processor.py:175} INFO - Processing /home/airflow/.local/lib/python3.7/site-packages/airflow/example_dags/example_python_operator.py took 0.092 seconds
[2023-03-12T10:11:19.618+0000] {processor.py:153} INFO - Started process (PID=490) to work on /home/airflow/.local/lib/python3.7/site-packages/airflow/example_dags/example_python_operator.py
[2023-03-12T10:11:19.620+0000] {processor.py:743} INFO - Processing file /home/airflow/.local/lib/python3.7/site-packages/airflow/example_dags/example_python_operator.py for tasks to queue
[2023-03-12T10:11:19.622+0000] {logging_mixin.py:137} INFO - [2023-03-12T10:11:19.622+0000] {dagbag.py:538} INFO - Filling up the DagBag from /home/airflow/.local/lib/python3.7/site-packages/airflow/example_dags/example_python_operator.py
[2023-03-12T10:11:19.638+0000] {logging_mixin.py:137} INFO - [2023-03-12T10:11:19.637+0000] {taskmixin.py:205} WARNING - Dependency <Task(_PythonDecoratedOperator): print_the_context>, log_sql_query already registered for DAG: example_python_operator
[2023-03-12T10:11:19.639+0000] {logging_mixin.py:137} INFO - [2023-03-12T10:11:19.639+0000] {taskmixin.py:205} WARNING - Dependency <Task(_PythonDecoratedOperator): log_sql_query>, print_the_context already registered for DAG: example_python_operator
[2023-03-12T10:11:19.641+0000] {logging_mixin.py:137} INFO - [2023-03-12T10:11:19.641+0000] {taskmixin.py:205} WARNING - Dependency <Task(_PythonDecoratedOperator): print_the_context>, log_sql_query already registered for DAG: example_python_operator
[2023-03-12T10:11:19.642+0000] {logging_mixin.py:137} INFO - [2023-03-12T10:11:19.642+0000] {taskmixin.py:205} WARNING - Dependency <Task(_PythonDecoratedOperator): log_sql_query>, print_the_context already registered for DAG: example_python_operator
[2023-03-12T10:11:19.643+0000] {logging_mixin.py:137} INFO - [2023-03-12T10:11:19.643+0000] {taskmixin.py:205} WARNING - Dependency <Task(_PythonDecoratedOperator): print_the_context>, log_sql_query already registered for DAG: example_python_operator
[2023-03-12T10:11:19.645+0000] {logging_mixin.py:137} INFO - [2023-03-12T10:11:19.645+0000] {taskmixin.py:205} WARNING - Dependency <Task(_PythonDecoratedOperator): log_sql_query>, print_the_context already registered for DAG: example_python_operator
[2023-03-12T10:11:19.647+0000] {logging_mixin.py:137} INFO - [2023-03-12T10:11:19.647+0000] {taskmixin.py:205} WARNING - Dependency <Task(_PythonDecoratedOperator): print_the_context>, log_sql_query already registered for DAG: example_python_operator
[2023-03-12T10:11:19.648+0000] {logging_mixin.py:137} INFO - [2023-03-12T10:11:19.648+0000] {taskmixin.py:205} WARNING - Dependency <Task(_PythonDecoratedOperator): log_sql_query>, print_the_context already registered for DAG: example_python_operator
[2023-03-12T10:11:19.654+0000] {processor.py:753} INFO - DAG(s) dict_keys(['example_python_operator']) retrieved from /home/airflow/.local/lib/python3.7/site-packages/airflow/example_dags/example_python_operator.py
[2023-03-12T10:11:19.678+0000] {logging_mixin.py:137} INFO - [2023-03-12T10:11:19.678+0000] {dag.py:2690} INFO - Sync 1 DAGs
[2023-03-12T10:11:19.695+0000] {logging_mixin.py:137} INFO - [2023-03-12T10:11:19.695+0000] {dag.py:3441} INFO - Setting next_dagrun for example_python_operator to None, run_after=None
[2023-03-12T10:11:19.713+0000] {processor.py:175} INFO - Processing /home/airflow/.local/lib/python3.7/site-packages/airflow/example_dags/example_python_operator.py took 0.098 seconds
[2023-03-12T10:11:49.848+0000] {processor.py:153} INFO - Started process (PID=566) to work on /home/airflow/.local/lib/python3.7/site-packages/airflow/example_dags/example_python_operator.py
[2023-03-12T10:11:49.851+0000] {processor.py:743} INFO - Processing file /home/airflow/.local/lib/python3.7/site-packages/airflow/example_dags/example_python_operator.py for tasks to queue
[2023-03-12T10:11:49.852+0000] {logging_mixin.py:137} INFO - [2023-03-12T10:11:49.852+0000] {dagbag.py:538} INFO - Filling up the DagBag from /home/airflow/.local/lib/python3.7/site-packages/airflow/example_dags/example_python_operator.py
[2023-03-12T10:11:49.867+0000] {logging_mixin.py:137} INFO - [2023-03-12T10:11:49.867+0000] {taskmixin.py:205} WARNING - Dependency <Task(_PythonDecoratedOperator): print_the_context>, log_sql_query already registered for DAG: example_python_operator
[2023-03-12T10:11:49.869+0000] {logging_mixin.py:137} INFO - [2023-03-12T10:11:49.869+0000] {taskmixin.py:205} WARNING - Dependency <Task(_PythonDecoratedOperator): log_sql_query>, print_the_context already registered for DAG: example_python_operator
[2023-03-12T10:11:49.871+0000] {logging_mixin.py:137} INFO - [2023-03-12T10:11:49.871+0000] {taskmixin.py:205} WARNING - Dependency <Task(_PythonDecoratedOperator): print_the_context>, log_sql_query already registered for DAG: example_python_operator
[2023-03-12T10:11:49.877+0000] {logging_mixin.py:137} INFO - [2023-03-12T10:11:49.877+0000] {taskmixin.py:205} WARNING - Dependency <Task(_PythonDecoratedOperator): log_sql_query>, print_the_context already registered for DAG: example_python_operator
[2023-03-12T10:11:49.878+0000] {logging_mixin.py:137} INFO - [2023-03-12T10:11:49.878+0000] {taskmixin.py:205} WARNING - Dependency <Task(_PythonDecoratedOperator): print_the_context>, log_sql_query already registered for DAG: example_python_operator
[2023-03-12T10:11:49.880+0000] {logging_mixin.py:137} INFO - [2023-03-12T10:11:49.880+0000] {taskmixin.py:205} WARNING - Dependency <Task(_PythonDecoratedOperator): log_sql_query>, print_the_context already registered for DAG: example_python_operator
[2023-03-12T10:11:49.881+0000] {logging_mixin.py:137} INFO - [2023-03-12T10:11:49.881+0000] {taskmixin.py:205} WARNING - Dependency <Task(_PythonDecoratedOperator): print_the_context>, log_sql_query already registered for DAG: example_python_operator
[2023-03-12T10:11:49.883+0000] {logging_mixin.py:137} INFO - [2023-03-12T10:11:49.883+0000] {taskmixin.py:205} WARNING - Dependency <Task(_PythonDecoratedOperator): log_sql_query>, print_the_context already registered for DAG: example_python_operator
[2023-03-12T10:11:49.888+0000] {processor.py:753} INFO - DAG(s) dict_keys(['example_python_operator']) retrieved from /home/airflow/.local/lib/python3.7/site-packages/airflow/example_dags/example_python_operator.py
[2023-03-12T10:11:49.914+0000] {logging_mixin.py:137} INFO - [2023-03-12T10:11:49.914+0000] {dag.py:2690} INFO - Sync 1 DAGs
[2023-03-12T10:11:49.931+0000] {logging_mixin.py:137} INFO - [2023-03-12T10:11:49.931+0000] {dag.py:3441} INFO - Setting next_dagrun for example_python_operator to None, run_after=None
[2023-03-12T10:11:49.947+0000] {processor.py:175} INFO - Processing /home/airflow/.local/lib/python3.7/site-packages/airflow/example_dags/example_python_operator.py took 0.102 seconds
[2023-03-12T10:12:20.043+0000] {processor.py:153} INFO - Started process (PID=631) to work on /home/airflow/.local/lib/python3.7/site-packages/airflow/example_dags/example_python_operator.py
[2023-03-12T10:12:20.045+0000] {processor.py:743} INFO - Processing file /home/airflow/.local/lib/python3.7/site-packages/airflow/example_dags/example_python_operator.py for tasks to queue
[2023-03-12T10:12:20.047+0000] {logging_mixin.py:137} INFO - [2023-03-12T10:12:20.047+0000] {dagbag.py:538} INFO - Filling up the DagBag from /home/airflow/.local/lib/python3.7/site-packages/airflow/example_dags/example_python_operator.py
[2023-03-12T10:12:20.065+0000] {logging_mixin.py:137} INFO - [2023-03-12T10:12:20.065+0000] {taskmixin.py:205} WARNING - Dependency <Task(_PythonDecoratedOperator): print_the_context>, log_sql_query already registered for DAG: example_python_operator
[2023-03-12T10:12:20.067+0000] {logging_mixin.py:137} INFO - [2023-03-12T10:12:20.067+0000] {taskmixin.py:205} WARNING - Dependency <Task(_PythonDecoratedOperator): log_sql_query>, print_the_context already registered for DAG: example_python_operator
[2023-03-12T10:12:20.069+0000] {logging_mixin.py:137} INFO - [2023-03-12T10:12:20.069+0000] {taskmixin.py:205} WARNING - Dependency <Task(_PythonDecoratedOperator): print_the_context>, log_sql_query already registered for DAG: example_python_operator
[2023-03-12T10:12:20.070+0000] {logging_mixin.py:137} INFO - [2023-03-12T10:12:20.070+0000] {taskmixin.py:205} WARNING - Dependency <Task(_PythonDecoratedOperator): log_sql_query>, print_the_context already registered for DAG: example_python_operator
[2023-03-12T10:12:20.072+0000] {logging_mixin.py:137} INFO - [2023-03-12T10:12:20.072+0000] {taskmixin.py:205} WARNING - Dependency <Task(_PythonDecoratedOperator): print_the_context>, log_sql_query already registered for DAG: example_python_operator
[2023-03-12T10:12:20.074+0000] {logging_mixin.py:137} INFO - [2023-03-12T10:12:20.074+0000] {taskmixin.py:205} WARNING - Dependency <Task(_PythonDecoratedOperator): log_sql_query>, print_the_context already registered for DAG: example_python_operator
[2023-03-12T10:12:20.077+0000] {logging_mixin.py:137} INFO - [2023-03-12T10:12:20.077+0000] {taskmixin.py:205} WARNING - Dependency <Task(_PythonDecoratedOperator): print_the_context>, log_sql_query already registered for DAG: example_python_operator
[2023-03-12T10:12:20.078+0000] {logging_mixin.py:137} INFO - [2023-03-12T10:12:20.078+0000] {taskmixin.py:205} WARNING - Dependency <Task(_PythonDecoratedOperator): log_sql_query>, print_the_context already registered for DAG: example_python_operator
[2023-03-12T10:12:20.085+0000] {processor.py:753} INFO - DAG(s) dict_keys(['example_python_operator']) retrieved from /home/airflow/.local/lib/python3.7/site-packages/airflow/example_dags/example_python_operator.py
[2023-03-12T10:12:20.117+0000] {logging_mixin.py:137} INFO - [2023-03-12T10:12:20.117+0000] {dag.py:2690} INFO - Sync 1 DAGs
[2023-03-12T10:12:20.137+0000] {logging_mixin.py:137} INFO - [2023-03-12T10:12:20.137+0000] {dag.py:3441} INFO - Setting next_dagrun for example_python_operator to None, run_after=None
[2023-03-12T10:12:20.169+0000] {processor.py:175} INFO - Processing /home/airflow/.local/lib/python3.7/site-packages/airflow/example_dags/example_python_operator.py took 0.130 seconds
[2023-03-12T10:12:50.454+0000] {processor.py:153} INFO - Started process (PID=709) to work on /home/airflow/.local/lib/python3.7/site-packages/airflow/example_dags/example_python_operator.py
[2023-03-12T10:12:50.457+0000] {processor.py:743} INFO - Processing file /home/airflow/.local/lib/python3.7/site-packages/airflow/example_dags/example_python_operator.py for tasks to queue
[2023-03-12T10:12:50.458+0000] {logging_mixin.py:137} INFO - [2023-03-12T10:12:50.458+0000] {dagbag.py:538} INFO - Filling up the DagBag from /home/airflow/.local/lib/python3.7/site-packages/airflow/example_dags/example_python_operator.py
[2023-03-12T10:12:50.476+0000] {logging_mixin.py:137} INFO - [2023-03-12T10:12:50.476+0000] {taskmixin.py:205} WARNING - Dependency <Task(_PythonDecoratedOperator): print_the_context>, log_sql_query already registered for DAG: example_python_operator
[2023-03-12T10:12:50.478+0000] {logging_mixin.py:137} INFO - [2023-03-12T10:12:50.478+0000] {taskmixin.py:205} WARNING - Dependency <Task(_PythonDecoratedOperator): log_sql_query>, print_the_context already registered for DAG: example_python_operator
[2023-03-12T10:12:50.480+0000] {logging_mixin.py:137} INFO - [2023-03-12T10:12:50.479+0000] {taskmixin.py:205} WARNING - Dependency <Task(_PythonDecoratedOperator): print_the_context>, log_sql_query already registered for DAG: example_python_operator
[2023-03-12T10:12:50.481+0000] {logging_mixin.py:137} INFO - [2023-03-12T10:12:50.481+0000] {taskmixin.py:205} WARNING - Dependency <Task(_PythonDecoratedOperator): log_sql_query>, print_the_context already registered for DAG: example_python_operator
[2023-03-12T10:12:50.483+0000] {logging_mixin.py:137} INFO - [2023-03-12T10:12:50.483+0000] {taskmixin.py:205} WARNING - Dependency <Task(_PythonDecoratedOperator): print_the_context>, log_sql_query already registered for DAG: example_python_operator
[2023-03-12T10:12:50.484+0000] {logging_mixin.py:137} INFO - [2023-03-12T10:12:50.484+0000] {taskmixin.py:205} WARNING - Dependency <Task(_PythonDecoratedOperator): log_sql_query>, print_the_context already registered for DAG: example_python_operator
[2023-03-12T10:12:50.486+0000] {logging_mixin.py:137} INFO - [2023-03-12T10:12:50.486+0000] {taskmixin.py:205} WARNING - Dependency <Task(_PythonDecoratedOperator): print_the_context>, log_sql_query already registered for DAG: example_python_operator
[2023-03-12T10:12:50.487+0000] {logging_mixin.py:137} INFO - [2023-03-12T10:12:50.487+0000] {taskmixin.py:205} WARNING - Dependency <Task(_PythonDecoratedOperator): log_sql_query>, print_the_context already registered for DAG: example_python_operator
[2023-03-12T10:12:50.494+0000] {processor.py:753} INFO - DAG(s) dict_keys(['example_python_operator']) retrieved from /home/airflow/.local/lib/python3.7/site-packages/airflow/example_dags/example_python_operator.py
[2023-03-12T10:12:50.523+0000] {logging_mixin.py:137} INFO - [2023-03-12T10:12:50.523+0000] {dag.py:2690} INFO - Sync 1 DAGs
[2023-03-12T10:12:50.544+0000] {logging_mixin.py:137} INFO - [2023-03-12T10:12:50.544+0000] {dag.py:3441} INFO - Setting next_dagrun for example_python_operator to None, run_after=None
[2023-03-12T10:12:50.560+0000] {processor.py:175} INFO - Processing /home/airflow/.local/lib/python3.7/site-packages/airflow/example_dags/example_python_operator.py took 0.110 seconds
[2023-03-12T10:13:20.957+0000] {processor.py:153} INFO - Started process (PID=774) to work on /home/airflow/.local/lib/python3.7/site-packages/airflow/example_dags/example_python_operator.py
[2023-03-12T10:13:20.959+0000] {processor.py:743} INFO - Processing file /home/airflow/.local/lib/python3.7/site-packages/airflow/example_dags/example_python_operator.py for tasks to queue
[2023-03-12T10:13:20.961+0000] {logging_mixin.py:137} INFO - [2023-03-12T10:13:20.960+0000] {dagbag.py:538} INFO - Filling up the DagBag from /home/airflow/.local/lib/python3.7/site-packages/airflow/example_dags/example_python_operator.py
[2023-03-12T10:13:20.983+0000] {logging_mixin.py:137} INFO - [2023-03-12T10:13:20.983+0000] {taskmixin.py:205} WARNING - Dependency <Task(_PythonDecoratedOperator): print_the_context>, log_sql_query already registered for DAG: example_python_operator
[2023-03-12T10:13:20.985+0000] {logging_mixin.py:137} INFO - [2023-03-12T10:13:20.985+0000] {taskmixin.py:205} WARNING - Dependency <Task(_PythonDecoratedOperator): log_sql_query>, print_the_context already registered for DAG: example_python_operator
[2023-03-12T10:13:20.986+0000] {logging_mixin.py:137} INFO - [2023-03-12T10:13:20.986+0000] {taskmixin.py:205} WARNING - Dependency <Task(_PythonDecoratedOperator): print_the_context>, log_sql_query already registered for DAG: example_python_operator
[2023-03-12T10:13:20.987+0000] {logging_mixin.py:137} INFO - [2023-03-12T10:13:20.987+0000] {taskmixin.py:205} WARNING - Dependency <Task(_PythonDecoratedOperator): log_sql_query>, print_the_context already registered for DAG: example_python_operator
[2023-03-12T10:13:20.989+0000] {logging_mixin.py:137} INFO - [2023-03-12T10:13:20.989+0000] {taskmixin.py:205} WARNING - Dependency <Task(_PythonDecoratedOperator): print_the_context>, log_sql_query already registered for DAG: example_python_operator
[2023-03-12T10:13:20.990+0000] {logging_mixin.py:137} INFO - [2023-03-12T10:13:20.990+0000] {taskmixin.py:205} WARNING - Dependency <Task(_PythonDecoratedOperator): log_sql_query>, print_the_context already registered for DAG: example_python_operator
[2023-03-12T10:13:20.992+0000] {logging_mixin.py:137} INFO - [2023-03-12T10:13:20.992+0000] {taskmixin.py:205} WARNING - Dependency <Task(_PythonDecoratedOperator): print_the_context>, log_sql_query already registered for DAG: example_python_operator
[2023-03-12T10:13:20.993+0000] {logging_mixin.py:137} INFO - [2023-03-12T10:13:20.993+0000] {taskmixin.py:205} WARNING - Dependency <Task(_PythonDecoratedOperator): log_sql_query>, print_the_context already registered for DAG: example_python_operator
[2023-03-12T10:13:21.001+0000] {processor.py:753} INFO - DAG(s) dict_keys(['example_python_operator']) retrieved from /home/airflow/.local/lib/python3.7/site-packages/airflow/example_dags/example_python_operator.py
[2023-03-12T10:13:21.027+0000] {logging_mixin.py:137} INFO - [2023-03-12T10:13:21.027+0000] {dag.py:2690} INFO - Sync 1 DAGs
[2023-03-12T10:13:21.045+0000] {logging_mixin.py:137} INFO - [2023-03-12T10:13:21.045+0000] {dag.py:3441} INFO - Setting next_dagrun for example_python_operator to None, run_after=None
[2023-03-12T10:13:21.058+0000] {processor.py:175} INFO - Processing /home/airflow/.local/lib/python3.7/site-packages/airflow/example_dags/example_python_operator.py took 0.105 seconds
[2023-03-12T10:13:51.274+0000] {processor.py:153} INFO - Started process (PID=851) to work on /home/airflow/.local/lib/python3.7/site-packages/airflow/example_dags/example_python_operator.py
[2023-03-12T10:13:51.277+0000] {processor.py:743} INFO - Processing file /home/airflow/.local/lib/python3.7/site-packages/airflow/example_dags/example_python_operator.py for tasks to queue
[2023-03-12T10:13:51.279+0000] {logging_mixin.py:137} INFO - [2023-03-12T10:13:51.279+0000] {dagbag.py:538} INFO - Filling up the DagBag from /home/airflow/.local/lib/python3.7/site-packages/airflow/example_dags/example_python_operator.py
[2023-03-12T10:13:51.296+0000] {logging_mixin.py:137} INFO - [2023-03-12T10:13:51.296+0000] {taskmixin.py:205} WARNING - Dependency <Task(_PythonDecoratedOperator): print_the_context>, log_sql_query already registered for DAG: example_python_operator
[2023-03-12T10:13:51.297+0000] {logging_mixin.py:137} INFO - [2023-03-12T10:13:51.297+0000] {taskmixin.py:205} WARNING - Dependency <Task(_PythonDecoratedOperator): log_sql_query>, print_the_context already registered for DAG: example_python_operator
[2023-03-12T10:13:51.299+0000] {logging_mixin.py:137} INFO - [2023-03-12T10:13:51.299+0000] {taskmixin.py:205} WARNING - Dependency <Task(_PythonDecoratedOperator): print_the_context>, log_sql_query already registered for DAG: example_python_operator
[2023-03-12T10:13:51.300+0000] {logging_mixin.py:137} INFO - [2023-03-12T10:13:51.300+0000] {taskmixin.py:205} WARNING - Dependency <Task(_PythonDecoratedOperator): log_sql_query>, print_the_context already registered for DAG: example_python_operator
[2023-03-12T10:13:51.302+0000] {logging_mixin.py:137} INFO - [2023-03-12T10:13:51.302+0000] {taskmixin.py:205} WARNING - Dependency <Task(_PythonDecoratedOperator): print_the_context>, log_sql_query already registered for DAG: example_python_operator
[2023-03-12T10:13:51.304+0000] {logging_mixin.py:137} INFO - [2023-03-12T10:13:51.303+0000] {taskmixin.py:205} WARNING - Dependency <Task(_PythonDecoratedOperator): log_sql_query>, print_the_context already registered for DAG: example_python_operator
[2023-03-12T10:13:51.305+0000] {logging_mixin.py:137} INFO - [2023-03-12T10:13:51.305+0000] {taskmixin.py:205} WARNING - Dependency <Task(_PythonDecoratedOperator): print_the_context>, log_sql_query already registered for DAG: example_python_operator
[2023-03-12T10:13:51.306+0000] {logging_mixin.py:137} INFO - [2023-03-12T10:13:51.306+0000] {taskmixin.py:205} WARNING - Dependency <Task(_PythonDecoratedOperator): log_sql_query>, print_the_context already registered for DAG: example_python_operator
[2023-03-12T10:13:51.315+0000] {processor.py:753} INFO - DAG(s) dict_keys(['example_python_operator']) retrieved from /home/airflow/.local/lib/python3.7/site-packages/airflow/example_dags/example_python_operator.py
[2023-03-12T10:13:51.341+0000] {logging_mixin.py:137} INFO - [2023-03-12T10:13:51.341+0000] {dag.py:2690} INFO - Sync 1 DAGs
[2023-03-12T10:13:51.360+0000] {logging_mixin.py:137} INFO - [2023-03-12T10:13:51.360+0000] {dag.py:3441} INFO - Setting next_dagrun for example_python_operator to None, run_after=None
[2023-03-12T10:13:51.375+0000] {processor.py:175} INFO - Processing /home/airflow/.local/lib/python3.7/site-packages/airflow/example_dags/example_python_operator.py took 0.105 seconds
[2023-03-12T10:14:21.487+0000] {processor.py:153} INFO - Started process (PID=928) to work on /home/airflow/.local/lib/python3.7/site-packages/airflow/example_dags/example_python_operator.py
[2023-03-12T10:14:21.490+0000] {processor.py:743} INFO - Processing file /home/airflow/.local/lib/python3.7/site-packages/airflow/example_dags/example_python_operator.py for tasks to queue
[2023-03-12T10:14:21.493+0000] {logging_mixin.py:137} INFO - [2023-03-12T10:14:21.493+0000] {dagbag.py:538} INFO - Filling up the DagBag from /home/airflow/.local/lib/python3.7/site-packages/airflow/example_dags/example_python_operator.py
[2023-03-12T10:14:21.511+0000] {logging_mixin.py:137} INFO - [2023-03-12T10:14:21.511+0000] {taskmixin.py:205} WARNING - Dependency <Task(_PythonDecoratedOperator): print_the_context>, log_sql_query already registered for DAG: example_python_operator
[2023-03-12T10:14:21.513+0000] {logging_mixin.py:137} INFO - [2023-03-12T10:14:21.513+0000] {taskmixin.py:205} WARNING - Dependency <Task(_PythonDecoratedOperator): log_sql_query>, print_the_context already registered for DAG: example_python_operator
[2023-03-12T10:14:21.515+0000] {logging_mixin.py:137} INFO - [2023-03-12T10:14:21.515+0000] {taskmixin.py:205} WARNING - Dependency <Task(_PythonDecoratedOperator): print_the_context>, log_sql_query already registered for DAG: example_python_operator
[2023-03-12T10:14:21.517+0000] {logging_mixin.py:137} INFO - [2023-03-12T10:14:21.517+0000] {taskmixin.py:205} WARNING - Dependency <Task(_PythonDecoratedOperator): log_sql_query>, print_the_context already registered for DAG: example_python_operator
[2023-03-12T10:14:21.520+0000] {logging_mixin.py:137} INFO - [2023-03-12T10:14:21.520+0000] {taskmixin.py:205} WARNING - Dependency <Task(_PythonDecoratedOperator): print_the_context>, log_sql_query already registered for DAG: example_python_operator
[2023-03-12T10:14:21.522+0000] {logging_mixin.py:137} INFO - [2023-03-12T10:14:21.522+0000] {taskmixin.py:205} WARNING - Dependency <Task(_PythonDecoratedOperator): log_sql_query>, print_the_context already registered for DAG: example_python_operator
[2023-03-12T10:14:21.524+0000] {logging_mixin.py:137} INFO - [2023-03-12T10:14:21.524+0000] {taskmixin.py:205} WARNING - Dependency <Task(_PythonDecoratedOperator): print_the_context>, log_sql_query already registered for DAG: example_python_operator
[2023-03-12T10:14:21.525+0000] {logging_mixin.py:137} INFO - [2023-03-12T10:14:21.525+0000] {taskmixin.py:205} WARNING - Dependency <Task(_PythonDecoratedOperator): log_sql_query>, print_the_context already registered for DAG: example_python_operator
[2023-03-12T10:14:21.533+0000] {processor.py:753} INFO - DAG(s) dict_keys(['example_python_operator']) retrieved from /home/airflow/.local/lib/python3.7/site-packages/airflow/example_dags/example_python_operator.py
[2023-03-12T10:14:21.570+0000] {logging_mixin.py:137} INFO - [2023-03-12T10:14:21.570+0000] {dag.py:2690} INFO - Sync 1 DAGs
[2023-03-12T10:14:21.604+0000] {logging_mixin.py:137} INFO - [2023-03-12T10:14:21.603+0000] {dag.py:3441} INFO - Setting next_dagrun for example_python_operator to None, run_after=None
[2023-03-12T10:14:21.623+0000] {processor.py:175} INFO - Processing /home/airflow/.local/lib/python3.7/site-packages/airflow/example_dags/example_python_operator.py took 0.139 seconds
[2023-03-12T10:14:51.709+0000] {processor.py:153} INFO - Started process (PID=994) to work on /home/airflow/.local/lib/python3.7/site-packages/airflow/example_dags/example_python_operator.py
[2023-03-12T10:14:51.712+0000] {processor.py:743} INFO - Processing file /home/airflow/.local/lib/python3.7/site-packages/airflow/example_dags/example_python_operator.py for tasks to queue
[2023-03-12T10:14:51.713+0000] {logging_mixin.py:137} INFO - [2023-03-12T10:14:51.713+0000] {dagbag.py:538} INFO - Filling up the DagBag from /home/airflow/.local/lib/python3.7/site-packages/airflow/example_dags/example_python_operator.py
[2023-03-12T10:14:51.730+0000] {logging_mixin.py:137} INFO - [2023-03-12T10:14:51.730+0000] {taskmixin.py:205} WARNING - Dependency <Task(_PythonDecoratedOperator): print_the_context>, log_sql_query already registered for DAG: example_python_operator
[2023-03-12T10:14:51.731+0000] {logging_mixin.py:137} INFO - [2023-03-12T10:14:51.731+0000] {taskmixin.py:205} WARNING - Dependency <Task(_PythonDecoratedOperator): log_sql_query>, print_the_context already registered for DAG: example_python_operator
[2023-03-12T10:14:51.733+0000] {logging_mixin.py:137} INFO - [2023-03-12T10:14:51.733+0000] {taskmixin.py:205} WARNING - Dependency <Task(_PythonDecoratedOperator): print_the_context>, log_sql_query already registered for DAG: example_python_operator
[2023-03-12T10:14:51.734+0000] {logging_mixin.py:137} INFO - [2023-03-12T10:14:51.734+0000] {taskmixin.py:205} WARNING - Dependency <Task(_PythonDecoratedOperator): log_sql_query>, print_the_context already registered for DAG: example_python_operator
[2023-03-12T10:14:51.737+0000] {logging_mixin.py:137} INFO - [2023-03-12T10:14:51.736+0000] {taskmixin.py:205} WARNING - Dependency <Task(_PythonDecoratedOperator): print_the_context>, log_sql_query already registered for DAG: example_python_operator
[2023-03-12T10:14:51.740+0000] {logging_mixin.py:137} INFO - [2023-03-12T10:14:51.740+0000] {taskmixin.py:205} WARNING - Dependency <Task(_PythonDecoratedOperator): log_sql_query>, print_the_context already registered for DAG: example_python_operator
[2023-03-12T10:14:51.743+0000] {logging_mixin.py:137} INFO - [2023-03-12T10:14:51.742+0000] {taskmixin.py:205} WARNING - Dependency <Task(_PythonDecoratedOperator): print_the_context>, log_sql_query already registered for DAG: example_python_operator
[2023-03-12T10:14:51.746+0000] {logging_mixin.py:137} INFO - [2023-03-12T10:14:51.746+0000] {taskmixin.py:205} WARNING - Dependency <Task(_PythonDecoratedOperator): log_sql_query>, print_the_context already registered for DAG: example_python_operator
[2023-03-12T10:14:51.755+0000] {processor.py:753} INFO - DAG(s) dict_keys(['example_python_operator']) retrieved from /home/airflow/.local/lib/python3.7/site-packages/airflow/example_dags/example_python_operator.py
[2023-03-12T10:14:51.797+0000] {logging_mixin.py:137} INFO - [2023-03-12T10:14:51.796+0000] {dag.py:2690} INFO - Sync 1 DAGs
[2023-03-12T10:14:51.824+0000] {logging_mixin.py:137} INFO - [2023-03-12T10:14:51.824+0000] {dag.py:3441} INFO - Setting next_dagrun for example_python_operator to None, run_after=None
[2023-03-12T10:14:51.846+0000] {processor.py:175} INFO - Processing /home/airflow/.local/lib/python3.7/site-packages/airflow/example_dags/example_python_operator.py took 0.142 seconds
[2023-03-12T10:15:22.096+0000] {processor.py:153} INFO - Started process (PID=1072) to work on /home/airflow/.local/lib/python3.7/site-packages/airflow/example_dags/example_python_operator.py
[2023-03-12T10:15:22.099+0000] {processor.py:743} INFO - Processing file /home/airflow/.local/lib/python3.7/site-packages/airflow/example_dags/example_python_operator.py for tasks to queue
[2023-03-12T10:15:22.101+0000] {logging_mixin.py:137} INFO - [2023-03-12T10:15:22.101+0000] {dagbag.py:538} INFO - Filling up the DagBag from /home/airflow/.local/lib/python3.7/site-packages/airflow/example_dags/example_python_operator.py
[2023-03-12T10:15:22.120+0000] {logging_mixin.py:137} INFO - [2023-03-12T10:15:22.120+0000] {taskmixin.py:205} WARNING - Dependency <Task(_PythonDecoratedOperator): print_the_context>, log_sql_query already registered for DAG: example_python_operator
[2023-03-12T10:15:22.121+0000] {logging_mixin.py:137} INFO - [2023-03-12T10:15:22.121+0000] {taskmixin.py:205} WARNING - Dependency <Task(_PythonDecoratedOperator): log_sql_query>, print_the_context already registered for DAG: example_python_operator
[2023-03-12T10:15:22.123+0000] {logging_mixin.py:137} INFO - [2023-03-12T10:15:22.123+0000] {taskmixin.py:205} WARNING - Dependency <Task(_PythonDecoratedOperator): print_the_context>, log_sql_query already registered for DAG: example_python_operator
[2023-03-12T10:15:22.125+0000] {logging_mixin.py:137} INFO - [2023-03-12T10:15:22.125+0000] {taskmixin.py:205} WARNING - Dependency <Task(_PythonDecoratedOperator): log_sql_query>, print_the_context already registered for DAG: example_python_operator
[2023-03-12T10:15:22.127+0000] {logging_mixin.py:137} INFO - [2023-03-12T10:15:22.127+0000] {taskmixin.py:205} WARNING - Dependency <Task(_PythonDecoratedOperator): print_the_context>, log_sql_query already registered for DAG: example_python_operator
[2023-03-12T10:15:22.128+0000] {logging_mixin.py:137} INFO - [2023-03-12T10:15:22.128+0000] {taskmixin.py:205} WARNING - Dependency <Task(_PythonDecoratedOperator): log_sql_query>, print_the_context already registered for DAG: example_python_operator
[2023-03-12T10:15:22.131+0000] {logging_mixin.py:137} INFO - [2023-03-12T10:15:22.131+0000] {taskmixin.py:205} WARNING - Dependency <Task(_PythonDecoratedOperator): print_the_context>, log_sql_query already registered for DAG: example_python_operator
[2023-03-12T10:15:22.132+0000] {logging_mixin.py:137} INFO - [2023-03-12T10:15:22.132+0000] {taskmixin.py:205} WARNING - Dependency <Task(_PythonDecoratedOperator): log_sql_query>, print_the_context already registered for DAG: example_python_operator
[2023-03-12T10:15:22.140+0000] {processor.py:753} INFO - DAG(s) dict_keys(['example_python_operator']) retrieved from /home/airflow/.local/lib/python3.7/site-packages/airflow/example_dags/example_python_operator.py
[2023-03-12T10:15:22.170+0000] {logging_mixin.py:137} INFO - [2023-03-12T10:15:22.170+0000] {dag.py:2690} INFO - Sync 1 DAGs
[2023-03-12T10:15:22.192+0000] {logging_mixin.py:137} INFO - [2023-03-12T10:15:22.192+0000] {dag.py:3441} INFO - Setting next_dagrun for example_python_operator to None, run_after=None
[2023-03-12T10:15:22.209+0000] {processor.py:175} INFO - Processing /home/airflow/.local/lib/python3.7/site-packages/airflow/example_dags/example_python_operator.py took 0.118 seconds
[2023-03-12T10:15:52.390+0000] {processor.py:153} INFO - Started process (PID=1135) to work on /home/airflow/.local/lib/python3.7/site-packages/airflow/example_dags/example_python_operator.py
[2023-03-12T10:15:52.393+0000] {processor.py:743} INFO - Processing file /home/airflow/.local/lib/python3.7/site-packages/airflow/example_dags/example_python_operator.py for tasks to queue
[2023-03-12T10:15:52.395+0000] {logging_mixin.py:137} INFO - [2023-03-12T10:15:52.395+0000] {dagbag.py:538} INFO - Filling up the DagBag from /home/airflow/.local/lib/python3.7/site-packages/airflow/example_dags/example_python_operator.py
[2023-03-12T10:15:52.413+0000] {logging_mixin.py:137} INFO - [2023-03-12T10:15:52.413+0000] {taskmixin.py:205} WARNING - Dependency <Task(_PythonDecoratedOperator): print_the_context>, log_sql_query already registered for DAG: example_python_operator
[2023-03-12T10:15:52.416+0000] {logging_mixin.py:137} INFO - [2023-03-12T10:15:52.416+0000] {taskmixin.py:205} WARNING - Dependency <Task(_PythonDecoratedOperator): log_sql_query>, print_the_context already registered for DAG: example_python_operator
[2023-03-12T10:15:52.418+0000] {logging_mixin.py:137} INFO - [2023-03-12T10:15:52.418+0000] {taskmixin.py:205} WARNING - Dependency <Task(_PythonDecoratedOperator): print_the_context>, log_sql_query already registered for DAG: example_python_operator
[2023-03-12T10:15:52.420+0000] {logging_mixin.py:137} INFO - [2023-03-12T10:15:52.420+0000] {taskmixin.py:205} WARNING - Dependency <Task(_PythonDecoratedOperator): log_sql_query>, print_the_context already registered for DAG: example_python_operator
[2023-03-12T10:15:52.422+0000] {logging_mixin.py:137} INFO - [2023-03-12T10:15:52.422+0000] {taskmixin.py:205} WARNING - Dependency <Task(_PythonDecoratedOperator): print_the_context>, log_sql_query already registered for DAG: example_python_operator
[2023-03-12T10:15:52.424+0000] {logging_mixin.py:137} INFO - [2023-03-12T10:15:52.423+0000] {taskmixin.py:205} WARNING - Dependency <Task(_PythonDecoratedOperator): log_sql_query>, print_the_context already registered for DAG: example_python_operator
[2023-03-12T10:15:52.426+0000] {logging_mixin.py:137} INFO - [2023-03-12T10:15:52.426+0000] {taskmixin.py:205} WARNING - Dependency <Task(_PythonDecoratedOperator): print_the_context>, log_sql_query already registered for DAG: example_python_operator
[2023-03-12T10:15:52.427+0000] {logging_mixin.py:137} INFO - [2023-03-12T10:15:52.427+0000] {taskmixin.py:205} WARNING - Dependency <Task(_PythonDecoratedOperator): log_sql_query>, print_the_context already registered for DAG: example_python_operator
[2023-03-12T10:15:52.434+0000] {processor.py:753} INFO - DAG(s) dict_keys(['example_python_operator']) retrieved from /home/airflow/.local/lib/python3.7/site-packages/airflow/example_dags/example_python_operator.py
[2023-03-12T10:15:52.460+0000] {logging_mixin.py:137} INFO - [2023-03-12T10:15:52.460+0000] {dag.py:2690} INFO - Sync 1 DAGs
[2023-03-12T10:15:52.480+0000] {logging_mixin.py:137} INFO - [2023-03-12T10:15:52.480+0000] {dag.py:3441} INFO - Setting next_dagrun for example_python_operator to None, run_after=None
[2023-03-12T10:15:52.500+0000] {processor.py:175} INFO - Processing /home/airflow/.local/lib/python3.7/site-packages/airflow/example_dags/example_python_operator.py took 0.114 seconds
[2023-03-12T10:16:22.651+0000] {processor.py:153} INFO - Started process (PID=1212) to work on /home/airflow/.local/lib/python3.7/site-packages/airflow/example_dags/example_python_operator.py
[2023-03-12T10:16:22.654+0000] {processor.py:743} INFO - Processing file /home/airflow/.local/lib/python3.7/site-packages/airflow/example_dags/example_python_operator.py for tasks to queue
[2023-03-12T10:16:22.656+0000] {logging_mixin.py:137} INFO - [2023-03-12T10:16:22.656+0000] {dagbag.py:538} INFO - Filling up the DagBag from /home/airflow/.local/lib/python3.7/site-packages/airflow/example_dags/example_python_operator.py
[2023-03-12T10:16:22.671+0000] {logging_mixin.py:137} INFO - [2023-03-12T10:16:22.670+0000] {taskmixin.py:205} WARNING - Dependency <Task(_PythonDecoratedOperator): print_the_context>, log_sql_query already registered for DAG: example_python_operator
[2023-03-12T10:16:22.672+0000] {logging_mixin.py:137} INFO - [2023-03-12T10:16:22.672+0000] {taskmixin.py:205} WARNING - Dependency <Task(_PythonDecoratedOperator): log_sql_query>, print_the_context already registered for DAG: example_python_operator
[2023-03-12T10:16:22.675+0000] {logging_mixin.py:137} INFO - [2023-03-12T10:16:22.675+0000] {taskmixin.py:205} WARNING - Dependency <Task(_PythonDecoratedOperator): print_the_context>, log_sql_query already registered for DAG: example_python_operator
[2023-03-12T10:16:22.677+0000] {logging_mixin.py:137} INFO - [2023-03-12T10:16:22.677+0000] {taskmixin.py:205} WARNING - Dependency <Task(_PythonDecoratedOperator): log_sql_query>, print_the_context already registered for DAG: example_python_operator
[2023-03-12T10:16:22.679+0000] {logging_mixin.py:137} INFO - [2023-03-12T10:16:22.679+0000] {taskmixin.py:205} WARNING - Dependency <Task(_PythonDecoratedOperator): print_the_context>, log_sql_query already registered for DAG: example_python_operator
[2023-03-12T10:16:22.681+0000] {logging_mixin.py:137} INFO - [2023-03-12T10:16:22.681+0000] {taskmixin.py:205} WARNING - Dependency <Task(_PythonDecoratedOperator): log_sql_query>, print_the_context already registered for DAG: example_python_operator
[2023-03-12T10:16:22.682+0000] {logging_mixin.py:137} INFO - [2023-03-12T10:16:22.682+0000] {taskmixin.py:205} WARNING - Dependency <Task(_PythonDecoratedOperator): print_the_context>, log_sql_query already registered for DAG: example_python_operator
[2023-03-12T10:16:22.685+0000] {logging_mixin.py:137} INFO - [2023-03-12T10:16:22.685+0000] {taskmixin.py:205} WARNING - Dependency <Task(_PythonDecoratedOperator): log_sql_query>, print_the_context already registered for DAG: example_python_operator
[2023-03-12T10:16:22.691+0000] {processor.py:753} INFO - DAG(s) dict_keys(['example_python_operator']) retrieved from /home/airflow/.local/lib/python3.7/site-packages/airflow/example_dags/example_python_operator.py
[2023-03-12T10:16:22.719+0000] {logging_mixin.py:137} INFO - [2023-03-12T10:16:22.718+0000] {dag.py:2690} INFO - Sync 1 DAGs
[2023-03-12T10:16:22.741+0000] {logging_mixin.py:137} INFO - [2023-03-12T10:16:22.741+0000] {dag.py:3441} INFO - Setting next_dagrun for example_python_operator to None, run_after=None
[2023-03-12T10:16:22.763+0000] {processor.py:175} INFO - Processing /home/airflow/.local/lib/python3.7/site-packages/airflow/example_dags/example_python_operator.py took 0.115 seconds
[2023-03-12T10:16:53.685+0000] {processor.py:153} INFO - Started process (PID=1286) to work on /home/airflow/.local/lib/python3.7/site-packages/airflow/example_dags/example_python_operator.py
[2023-03-12T10:16:53.687+0000] {processor.py:743} INFO - Processing file /home/airflow/.local/lib/python3.7/site-packages/airflow/example_dags/example_python_operator.py for tasks to queue
[2023-03-12T10:16:53.688+0000] {logging_mixin.py:137} INFO - [2023-03-12T10:16:53.688+0000] {dagbag.py:538} INFO - Filling up the DagBag from /home/airflow/.local/lib/python3.7/site-packages/airflow/example_dags/example_python_operator.py
[2023-03-12T10:16:53.704+0000] {logging_mixin.py:137} INFO - [2023-03-12T10:16:53.704+0000] {taskmixin.py:205} WARNING - Dependency <Task(_PythonDecoratedOperator): print_the_context>, log_sql_query already registered for DAG: example_python_operator
[2023-03-12T10:16:53.707+0000] {logging_mixin.py:137} INFO - [2023-03-12T10:16:53.707+0000] {taskmixin.py:205} WARNING - Dependency <Task(_PythonDecoratedOperator): log_sql_query>, print_the_context already registered for DAG: example_python_operator
[2023-03-12T10:16:53.708+0000] {logging_mixin.py:137} INFO - [2023-03-12T10:16:53.708+0000] {taskmixin.py:205} WARNING - Dependency <Task(_PythonDecoratedOperator): print_the_context>, log_sql_query already registered for DAG: example_python_operator
[2023-03-12T10:16:53.710+0000] {logging_mixin.py:137} INFO - [2023-03-12T10:16:53.710+0000] {taskmixin.py:205} WARNING - Dependency <Task(_PythonDecoratedOperator): log_sql_query>, print_the_context already registered for DAG: example_python_operator
[2023-03-12T10:16:53.711+0000] {logging_mixin.py:137} INFO - [2023-03-12T10:16:53.711+0000] {taskmixin.py:205} WARNING - Dependency <Task(_PythonDecoratedOperator): print_the_context>, log_sql_query already registered for DAG: example_python_operator
[2023-03-12T10:16:53.713+0000] {logging_mixin.py:137} INFO - [2023-03-12T10:16:53.713+0000] {taskmixin.py:205} WARNING - Dependency <Task(_PythonDecoratedOperator): log_sql_query>, print_the_context already registered for DAG: example_python_operator
[2023-03-12T10:16:53.714+0000] {logging_mixin.py:137} INFO - [2023-03-12T10:16:53.714+0000] {taskmixin.py:205} WARNING - Dependency <Task(_PythonDecoratedOperator): print_the_context>, log_sql_query already registered for DAG: example_python_operator
[2023-03-12T10:16:53.715+0000] {logging_mixin.py:137} INFO - [2023-03-12T10:16:53.715+0000] {taskmixin.py:205} WARNING - Dependency <Task(_PythonDecoratedOperator): log_sql_query>, print_the_context already registered for DAG: example_python_operator
[2023-03-12T10:16:53.721+0000] {processor.py:753} INFO - DAG(s) dict_keys(['example_python_operator']) retrieved from /home/airflow/.local/lib/python3.7/site-packages/airflow/example_dags/example_python_operator.py
[2023-03-12T10:16:53.749+0000] {logging_mixin.py:137} INFO - [2023-03-12T10:16:53.749+0000] {dag.py:2690} INFO - Sync 1 DAGs
[2023-03-12T10:16:53.769+0000] {logging_mixin.py:137} INFO - [2023-03-12T10:16:53.769+0000] {dag.py:3441} INFO - Setting next_dagrun for example_python_operator to None, run_after=None
[2023-03-12T10:16:53.786+0000] {processor.py:175} INFO - Processing /home/airflow/.local/lib/python3.7/site-packages/airflow/example_dags/example_python_operator.py took 0.104 seconds
[2023-03-12T10:17:23.873+0000] {processor.py:153} INFO - Started process (PID=1355) to work on /home/airflow/.local/lib/python3.7/site-packages/airflow/example_dags/example_python_operator.py
[2023-03-12T10:17:23.875+0000] {processor.py:743} INFO - Processing file /home/airflow/.local/lib/python3.7/site-packages/airflow/example_dags/example_python_operator.py for tasks to queue
[2023-03-12T10:17:23.877+0000] {logging_mixin.py:137} INFO - [2023-03-12T10:17:23.877+0000] {dagbag.py:538} INFO - Filling up the DagBag from /home/airflow/.local/lib/python3.7/site-packages/airflow/example_dags/example_python_operator.py
[2023-03-12T10:17:23.893+0000] {logging_mixin.py:137} INFO - [2023-03-12T10:17:23.893+0000] {taskmixin.py:205} WARNING - Dependency <Task(_PythonDecoratedOperator): print_the_context>, log_sql_query already registered for DAG: example_python_operator
[2023-03-12T10:17:23.895+0000] {logging_mixin.py:137} INFO - [2023-03-12T10:17:23.895+0000] {taskmixin.py:205} WARNING - Dependency <Task(_PythonDecoratedOperator): log_sql_query>, print_the_context already registered for DAG: example_python_operator
[2023-03-12T10:17:23.897+0000] {logging_mixin.py:137} INFO - [2023-03-12T10:17:23.897+0000] {taskmixin.py:205} WARNING - Dependency <Task(_PythonDecoratedOperator): print_the_context>, log_sql_query already registered for DAG: example_python_operator
[2023-03-12T10:17:23.898+0000] {logging_mixin.py:137} INFO - [2023-03-12T10:17:23.898+0000] {taskmixin.py:205} WARNING - Dependency <Task(_PythonDecoratedOperator): log_sql_query>, print_the_context already registered for DAG: example_python_operator
[2023-03-12T10:17:23.900+0000] {logging_mixin.py:137} INFO - [2023-03-12T10:17:23.900+0000] {taskmixin.py:205} WARNING - Dependency <Task(_PythonDecoratedOperator): print_the_context>, log_sql_query already registered for DAG: example_python_operator
[2023-03-12T10:17:23.902+0000] {logging_mixin.py:137} INFO - [2023-03-12T10:17:23.902+0000] {taskmixin.py:205} WARNING - Dependency <Task(_PythonDecoratedOperator): log_sql_query>, print_the_context already registered for DAG: example_python_operator
[2023-03-12T10:17:23.903+0000] {logging_mixin.py:137} INFO - [2023-03-12T10:17:23.903+0000] {taskmixin.py:205} WARNING - Dependency <Task(_PythonDecoratedOperator): print_the_context>, log_sql_query already registered for DAG: example_python_operator
[2023-03-12T10:17:23.906+0000] {logging_mixin.py:137} INFO - [2023-03-12T10:17:23.906+0000] {taskmixin.py:205} WARNING - Dependency <Task(_PythonDecoratedOperator): log_sql_query>, print_the_context already registered for DAG: example_python_operator
[2023-03-12T10:17:23.915+0000] {processor.py:753} INFO - DAG(s) dict_keys(['example_python_operator']) retrieved from /home/airflow/.local/lib/python3.7/site-packages/airflow/example_dags/example_python_operator.py
[2023-03-12T10:17:23.941+0000] {logging_mixin.py:137} INFO - [2023-03-12T10:17:23.941+0000] {dag.py:2690} INFO - Sync 1 DAGs
[2023-03-12T10:17:23.962+0000] {logging_mixin.py:137} INFO - [2023-03-12T10:17:23.962+0000] {dag.py:3441} INFO - Setting next_dagrun for example_python_operator to None, run_after=None
[2023-03-12T10:17:23.980+0000] {processor.py:175} INFO - Processing /home/airflow/.local/lib/python3.7/site-packages/airflow/example_dags/example_python_operator.py took 0.110 seconds
[2023-03-12T10:17:54.797+0000] {processor.py:153} INFO - Started process (PID=1432) to work on /home/airflow/.local/lib/python3.7/site-packages/airflow/example_dags/example_python_operator.py
[2023-03-12T10:17:54.800+0000] {processor.py:743} INFO - Processing file /home/airflow/.local/lib/python3.7/site-packages/airflow/example_dags/example_python_operator.py for tasks to queue
[2023-03-12T10:17:54.802+0000] {logging_mixin.py:137} INFO - [2023-03-12T10:17:54.802+0000] {dagbag.py:538} INFO - Filling up the DagBag from /home/airflow/.local/lib/python3.7/site-packages/airflow/example_dags/example_python_operator.py
[2023-03-12T10:17:54.821+0000] {logging_mixin.py:137} INFO - [2023-03-12T10:17:54.821+0000] {taskmixin.py:205} WARNING - Dependency <Task(_PythonDecoratedOperator): print_the_context>, log_sql_query already registered for DAG: example_python_operator
[2023-03-12T10:17:54.825+0000] {logging_mixin.py:137} INFO - [2023-03-12T10:17:54.825+0000] {taskmixin.py:205} WARNING - Dependency <Task(_PythonDecoratedOperator): log_sql_query>, print_the_context already registered for DAG: example_python_operator
[2023-03-12T10:17:54.828+0000] {logging_mixin.py:137} INFO - [2023-03-12T10:17:54.828+0000] {taskmixin.py:205} WARNING - Dependency <Task(_PythonDecoratedOperator): print_the_context>, log_sql_query already registered for DAG: example_python_operator
[2023-03-12T10:17:54.830+0000] {logging_mixin.py:137} INFO - [2023-03-12T10:17:54.829+0000] {taskmixin.py:205} WARNING - Dependency <Task(_PythonDecoratedOperator): log_sql_query>, print_the_context already registered for DAG: example_python_operator
[2023-03-12T10:17:54.833+0000] {logging_mixin.py:137} INFO - [2023-03-12T10:17:54.833+0000] {taskmixin.py:205} WARNING - Dependency <Task(_PythonDecoratedOperator): print_the_context>, log_sql_query already registered for DAG: example_python_operator
[2023-03-12T10:17:54.835+0000] {logging_mixin.py:137} INFO - [2023-03-12T10:17:54.835+0000] {taskmixin.py:205} WARNING - Dependency <Task(_PythonDecoratedOperator): log_sql_query>, print_the_context already registered for DAG: example_python_operator
[2023-03-12T10:17:54.837+0000] {logging_mixin.py:137} INFO - [2023-03-12T10:17:54.837+0000] {taskmixin.py:205} WARNING - Dependency <Task(_PythonDecoratedOperator): print_the_context>, log_sql_query already registered for DAG: example_python_operator
[2023-03-12T10:17:54.842+0000] {logging_mixin.py:137} INFO - [2023-03-12T10:17:54.842+0000] {taskmixin.py:205} WARNING - Dependency <Task(_PythonDecoratedOperator): log_sql_query>, print_the_context already registered for DAG: example_python_operator
[2023-03-12T10:17:54.849+0000] {processor.py:753} INFO - DAG(s) dict_keys(['example_python_operator']) retrieved from /home/airflow/.local/lib/python3.7/site-packages/airflow/example_dags/example_python_operator.py
[2023-03-12T10:17:54.880+0000] {logging_mixin.py:137} INFO - [2023-03-12T10:17:54.880+0000] {dag.py:2690} INFO - Sync 1 DAGs
[2023-03-12T10:17:54.904+0000] {logging_mixin.py:137} INFO - [2023-03-12T10:17:54.903+0000] {dag.py:3441} INFO - Setting next_dagrun for example_python_operator to None, run_after=None
[2023-03-12T10:17:54.923+0000] {processor.py:175} INFO - Processing /home/airflow/.local/lib/python3.7/site-packages/airflow/example_dags/example_python_operator.py took 0.130 seconds
[2023-03-12T10:18:25.949+0000] {processor.py:153} INFO - Started process (PID=1497) to work on /home/airflow/.local/lib/python3.7/site-packages/airflow/example_dags/example_python_operator.py
[2023-03-12T10:18:25.952+0000] {processor.py:743} INFO - Processing file /home/airflow/.local/lib/python3.7/site-packages/airflow/example_dags/example_python_operator.py for tasks to queue
[2023-03-12T10:18:25.954+0000] {logging_mixin.py:137} INFO - [2023-03-12T10:18:25.954+0000] {dagbag.py:538} INFO - Filling up the DagBag from /home/airflow/.local/lib/python3.7/site-packages/airflow/example_dags/example_python_operator.py
[2023-03-12T10:18:25.970+0000] {logging_mixin.py:137} INFO - [2023-03-12T10:18:25.970+0000] {taskmixin.py:205} WARNING - Dependency <Task(_PythonDecoratedOperator): print_the_context>, log_sql_query already registered for DAG: example_python_operator
[2023-03-12T10:18:25.972+0000] {logging_mixin.py:137} INFO - [2023-03-12T10:18:25.972+0000] {taskmixin.py:205} WARNING - Dependency <Task(_PythonDecoratedOperator): log_sql_query>, print_the_context already registered for DAG: example_python_operator
[2023-03-12T10:18:25.975+0000] {logging_mixin.py:137} INFO - [2023-03-12T10:18:25.975+0000] {taskmixin.py:205} WARNING - Dependency <Task(_PythonDecoratedOperator): print_the_context>, log_sql_query already registered for DAG: example_python_operator
[2023-03-12T10:18:25.976+0000] {logging_mixin.py:137} INFO - [2023-03-12T10:18:25.976+0000] {taskmixin.py:205} WARNING - Dependency <Task(_PythonDecoratedOperator): log_sql_query>, print_the_context already registered for DAG: example_python_operator
[2023-03-12T10:18:25.980+0000] {logging_mixin.py:137} INFO - [2023-03-12T10:18:25.980+0000] {taskmixin.py:205} WARNING - Dependency <Task(_PythonDecoratedOperator): print_the_context>, log_sql_query already registered for DAG: example_python_operator
[2023-03-12T10:18:25.981+0000] {logging_mixin.py:137} INFO - [2023-03-12T10:18:25.981+0000] {taskmixin.py:205} WARNING - Dependency <Task(_PythonDecoratedOperator): log_sql_query>, print_the_context already registered for DAG: example_python_operator
[2023-03-12T10:18:25.983+0000] {logging_mixin.py:137} INFO - [2023-03-12T10:18:25.983+0000] {taskmixin.py:205} WARNING - Dependency <Task(_PythonDecoratedOperator): print_the_context>, log_sql_query already registered for DAG: example_python_operator
[2023-03-12T10:18:25.985+0000] {logging_mixin.py:137} INFO - [2023-03-12T10:18:25.985+0000] {taskmixin.py:205} WARNING - Dependency <Task(_PythonDecoratedOperator): log_sql_query>, print_the_context already registered for DAG: example_python_operator
[2023-03-12T10:18:25.992+0000] {processor.py:753} INFO - DAG(s) dict_keys(['example_python_operator']) retrieved from /home/airflow/.local/lib/python3.7/site-packages/airflow/example_dags/example_python_operator.py
[2023-03-12T10:18:26.031+0000] {logging_mixin.py:137} INFO - [2023-03-12T10:18:26.031+0000] {dag.py:2690} INFO - Sync 1 DAGs
[2023-03-12T10:18:26.059+0000] {logging_mixin.py:137} INFO - [2023-03-12T10:18:26.059+0000] {dag.py:3441} INFO - Setting next_dagrun for example_python_operator to None, run_after=None
[2023-03-12T10:18:26.085+0000] {processor.py:175} INFO - Processing /home/airflow/.local/lib/python3.7/site-packages/airflow/example_dags/example_python_operator.py took 0.139 seconds
[2023-03-12T10:18:56.331+0000] {processor.py:153} INFO - Started process (PID=1575) to work on /home/airflow/.local/lib/python3.7/site-packages/airflow/example_dags/example_python_operator.py
[2023-03-12T10:18:56.334+0000] {processor.py:743} INFO - Processing file /home/airflow/.local/lib/python3.7/site-packages/airflow/example_dags/example_python_operator.py for tasks to queue
[2023-03-12T10:18:56.336+0000] {logging_mixin.py:137} INFO - [2023-03-12T10:18:56.335+0000] {dagbag.py:538} INFO - Filling up the DagBag from /home/airflow/.local/lib/python3.7/site-packages/airflow/example_dags/example_python_operator.py
[2023-03-12T10:18:56.350+0000] {logging_mixin.py:137} INFO - [2023-03-12T10:18:56.350+0000] {taskmixin.py:205} WARNING - Dependency <Task(_PythonDecoratedOperator): print_the_context>, log_sql_query already registered for DAG: example_python_operator
[2023-03-12T10:18:56.352+0000] {logging_mixin.py:137} INFO - [2023-03-12T10:18:56.351+0000] {taskmixin.py:205} WARNING - Dependency <Task(_PythonDecoratedOperator): log_sql_query>, print_the_context already registered for DAG: example_python_operator
[2023-03-12T10:18:56.354+0000] {logging_mixin.py:137} INFO - [2023-03-12T10:18:56.353+0000] {taskmixin.py:205} WARNING - Dependency <Task(_PythonDecoratedOperator): print_the_context>, log_sql_query already registered for DAG: example_python_operator
[2023-03-12T10:18:56.355+0000] {logging_mixin.py:137} INFO - [2023-03-12T10:18:56.355+0000] {taskmixin.py:205} WARNING - Dependency <Task(_PythonDecoratedOperator): log_sql_query>, print_the_context already registered for DAG: example_python_operator
[2023-03-12T10:18:56.358+0000] {logging_mixin.py:137} INFO - [2023-03-12T10:18:56.358+0000] {taskmixin.py:205} WARNING - Dependency <Task(_PythonDecoratedOperator): print_the_context>, log_sql_query already registered for DAG: example_python_operator
[2023-03-12T10:18:56.359+0000] {logging_mixin.py:137} INFO - [2023-03-12T10:18:56.359+0000] {taskmixin.py:205} WARNING - Dependency <Task(_PythonDecoratedOperator): log_sql_query>, print_the_context already registered for DAG: example_python_operator
[2023-03-12T10:18:56.361+0000] {logging_mixin.py:137} INFO - [2023-03-12T10:18:56.361+0000] {taskmixin.py:205} WARNING - Dependency <Task(_PythonDecoratedOperator): print_the_context>, log_sql_query already registered for DAG: example_python_operator
[2023-03-12T10:18:56.363+0000] {logging_mixin.py:137} INFO - [2023-03-12T10:18:56.362+0000] {taskmixin.py:205} WARNING - Dependency <Task(_PythonDecoratedOperator): log_sql_query>, print_the_context already registered for DAG: example_python_operator
[2023-03-12T10:18:56.369+0000] {processor.py:753} INFO - DAG(s) dict_keys(['example_python_operator']) retrieved from /home/airflow/.local/lib/python3.7/site-packages/airflow/example_dags/example_python_operator.py
[2023-03-12T10:18:56.396+0000] {logging_mixin.py:137} INFO - [2023-03-12T10:18:56.396+0000] {dag.py:2690} INFO - Sync 1 DAGs
[2023-03-12T10:18:56.419+0000] {logging_mixin.py:137} INFO - [2023-03-12T10:18:56.419+0000] {dag.py:3441} INFO - Setting next_dagrun for example_python_operator to None, run_after=None
[2023-03-12T10:18:56.435+0000] {processor.py:175} INFO - Processing /home/airflow/.local/lib/python3.7/site-packages/airflow/example_dags/example_python_operator.py took 0.107 seconds
[2023-03-12T10:19:27.226+0000] {processor.py:153} INFO - Started process (PID=1653) to work on /home/airflow/.local/lib/python3.7/site-packages/airflow/example_dags/example_python_operator.py
[2023-03-12T10:19:27.228+0000] {processor.py:743} INFO - Processing file /home/airflow/.local/lib/python3.7/site-packages/airflow/example_dags/example_python_operator.py for tasks to queue
[2023-03-12T10:19:27.230+0000] {logging_mixin.py:137} INFO - [2023-03-12T10:19:27.230+0000] {dagbag.py:538} INFO - Filling up the DagBag from /home/airflow/.local/lib/python3.7/site-packages/airflow/example_dags/example_python_operator.py
[2023-03-12T10:19:27.247+0000] {logging_mixin.py:137} INFO - [2023-03-12T10:19:27.246+0000] {taskmixin.py:205} WARNING - Dependency <Task(_PythonDecoratedOperator): print_the_context>, log_sql_query already registered for DAG: example_python_operator
[2023-03-12T10:19:27.250+0000] {logging_mixin.py:137} INFO - [2023-03-12T10:19:27.249+0000] {taskmixin.py:205} WARNING - Dependency <Task(_PythonDecoratedOperator): log_sql_query>, print_the_context already registered for DAG: example_python_operator
[2023-03-12T10:19:27.252+0000] {logging_mixin.py:137} INFO - [2023-03-12T10:19:27.252+0000] {taskmixin.py:205} WARNING - Dependency <Task(_PythonDecoratedOperator): print_the_context>, log_sql_query already registered for DAG: example_python_operator
[2023-03-12T10:19:27.253+0000] {logging_mixin.py:137} INFO - [2023-03-12T10:19:27.253+0000] {taskmixin.py:205} WARNING - Dependency <Task(_PythonDecoratedOperator): log_sql_query>, print_the_context already registered for DAG: example_python_operator
[2023-03-12T10:19:27.255+0000] {logging_mixin.py:137} INFO - [2023-03-12T10:19:27.255+0000] {taskmixin.py:205} WARNING - Dependency <Task(_PythonDecoratedOperator): print_the_context>, log_sql_query already registered for DAG: example_python_operator
[2023-03-12T10:19:27.256+0000] {logging_mixin.py:137} INFO - [2023-03-12T10:19:27.256+0000] {taskmixin.py:205} WARNING - Dependency <Task(_PythonDecoratedOperator): log_sql_query>, print_the_context already registered for DAG: example_python_operator
[2023-03-12T10:19:27.258+0000] {logging_mixin.py:137} INFO - [2023-03-12T10:19:27.258+0000] {taskmixin.py:205} WARNING - Dependency <Task(_PythonDecoratedOperator): print_the_context>, log_sql_query already registered for DAG: example_python_operator
[2023-03-12T10:19:27.260+0000] {logging_mixin.py:137} INFO - [2023-03-12T10:19:27.260+0000] {taskmixin.py:205} WARNING - Dependency <Task(_PythonDecoratedOperator): log_sql_query>, print_the_context already registered for DAG: example_python_operator
[2023-03-12T10:19:27.266+0000] {processor.py:753} INFO - DAG(s) dict_keys(['example_python_operator']) retrieved from /home/airflow/.local/lib/python3.7/site-packages/airflow/example_dags/example_python_operator.py
[2023-03-12T10:19:27.294+0000] {logging_mixin.py:137} INFO - [2023-03-12T10:19:27.294+0000] {dag.py:2690} INFO - Sync 1 DAGs
[2023-03-12T10:19:27.312+0000] {logging_mixin.py:137} INFO - [2023-03-12T10:19:27.312+0000] {dag.py:3441} INFO - Setting next_dagrun for example_python_operator to None, run_after=None
[2023-03-12T10:19:27.326+0000] {processor.py:175} INFO - Processing /home/airflow/.local/lib/python3.7/site-packages/airflow/example_dags/example_python_operator.py took 0.103 seconds
[2023-03-12T10:19:58.495+0000] {processor.py:153} INFO - Started process (PID=1718) to work on /home/airflow/.local/lib/python3.7/site-packages/airflow/example_dags/example_python_operator.py
[2023-03-12T10:19:58.497+0000] {processor.py:743} INFO - Processing file /home/airflow/.local/lib/python3.7/site-packages/airflow/example_dags/example_python_operator.py for tasks to queue
[2023-03-12T10:19:58.499+0000] {logging_mixin.py:137} INFO - [2023-03-12T10:19:58.499+0000] {dagbag.py:538} INFO - Filling up the DagBag from /home/airflow/.local/lib/python3.7/site-packages/airflow/example_dags/example_python_operator.py
[2023-03-12T10:19:58.519+0000] {logging_mixin.py:137} INFO - [2023-03-12T10:19:58.519+0000] {taskmixin.py:205} WARNING - Dependency <Task(_PythonDecoratedOperator): print_the_context>, log_sql_query already registered for DAG: example_python_operator
[2023-03-12T10:19:58.521+0000] {logging_mixin.py:137} INFO - [2023-03-12T10:19:58.521+0000] {taskmixin.py:205} WARNING - Dependency <Task(_PythonDecoratedOperator): log_sql_query>, print_the_context already registered for DAG: example_python_operator
[2023-03-12T10:19:58.525+0000] {logging_mixin.py:137} INFO - [2023-03-12T10:19:58.524+0000] {taskmixin.py:205} WARNING - Dependency <Task(_PythonDecoratedOperator): print_the_context>, log_sql_query already registered for DAG: example_python_operator
[2023-03-12T10:19:58.526+0000] {logging_mixin.py:137} INFO - [2023-03-12T10:19:58.526+0000] {taskmixin.py:205} WARNING - Dependency <Task(_PythonDecoratedOperator): log_sql_query>, print_the_context already registered for DAG: example_python_operator
[2023-03-12T10:19:58.529+0000] {logging_mixin.py:137} INFO - [2023-03-12T10:19:58.529+0000] {taskmixin.py:205} WARNING - Dependency <Task(_PythonDecoratedOperator): print_the_context>, log_sql_query already registered for DAG: example_python_operator
[2023-03-12T10:19:58.530+0000] {logging_mixin.py:137} INFO - [2023-03-12T10:19:58.530+0000] {taskmixin.py:205} WARNING - Dependency <Task(_PythonDecoratedOperator): log_sql_query>, print_the_context already registered for DAG: example_python_operator
[2023-03-12T10:19:58.532+0000] {logging_mixin.py:137} INFO - [2023-03-12T10:19:58.532+0000] {taskmixin.py:205} WARNING - Dependency <Task(_PythonDecoratedOperator): print_the_context>, log_sql_query already registered for DAG: example_python_operator
[2023-03-12T10:19:58.533+0000] {logging_mixin.py:137} INFO - [2023-03-12T10:19:58.533+0000] {taskmixin.py:205} WARNING - Dependency <Task(_PythonDecoratedOperator): log_sql_query>, print_the_context already registered for DAG: example_python_operator
[2023-03-12T10:19:58.540+0000] {processor.py:753} INFO - DAG(s) dict_keys(['example_python_operator']) retrieved from /home/airflow/.local/lib/python3.7/site-packages/airflow/example_dags/example_python_operator.py
[2023-03-12T10:19:58.571+0000] {logging_mixin.py:137} INFO - [2023-03-12T10:19:58.571+0000] {dag.py:2690} INFO - Sync 1 DAGs
[2023-03-12T10:19:58.597+0000] {logging_mixin.py:137} INFO - [2023-03-12T10:19:58.597+0000] {dag.py:3441} INFO - Setting next_dagrun for example_python_operator to None, run_after=None
[2023-03-12T10:19:58.615+0000] {processor.py:175} INFO - Processing /home/airflow/.local/lib/python3.7/site-packages/airflow/example_dags/example_python_operator.py took 0.123 seconds
[2023-03-12T10:20:28.736+0000] {processor.py:153} INFO - Started process (PID=1797) to work on /home/airflow/.local/lib/python3.7/site-packages/airflow/example_dags/example_python_operator.py
[2023-03-12T10:20:28.738+0000] {processor.py:743} INFO - Processing file /home/airflow/.local/lib/python3.7/site-packages/airflow/example_dags/example_python_operator.py for tasks to queue
[2023-03-12T10:20:28.739+0000] {logging_mixin.py:137} INFO - [2023-03-12T10:20:28.739+0000] {dagbag.py:538} INFO - Filling up the DagBag from /home/airflow/.local/lib/python3.7/site-packages/airflow/example_dags/example_python_operator.py
[2023-03-12T10:20:28.755+0000] {logging_mixin.py:137} INFO - [2023-03-12T10:20:28.755+0000] {taskmixin.py:205} WARNING - Dependency <Task(_PythonDecoratedOperator): print_the_context>, log_sql_query already registered for DAG: example_python_operator
[2023-03-12T10:20:28.757+0000] {logging_mixin.py:137} INFO - [2023-03-12T10:20:28.757+0000] {taskmixin.py:205} WARNING - Dependency <Task(_PythonDecoratedOperator): log_sql_query>, print_the_context already registered for DAG: example_python_operator
[2023-03-12T10:20:28.759+0000] {logging_mixin.py:137} INFO - [2023-03-12T10:20:28.759+0000] {taskmixin.py:205} WARNING - Dependency <Task(_PythonDecoratedOperator): print_the_context>, log_sql_query already registered for DAG: example_python_operator
[2023-03-12T10:20:28.760+0000] {logging_mixin.py:137} INFO - [2023-03-12T10:20:28.760+0000] {taskmixin.py:205} WARNING - Dependency <Task(_PythonDecoratedOperator): log_sql_query>, print_the_context already registered for DAG: example_python_operator
[2023-03-12T10:20:28.762+0000] {logging_mixin.py:137} INFO - [2023-03-12T10:20:28.762+0000] {taskmixin.py:205} WARNING - Dependency <Task(_PythonDecoratedOperator): print_the_context>, log_sql_query already registered for DAG: example_python_operator
[2023-03-12T10:20:28.764+0000] {logging_mixin.py:137} INFO - [2023-03-12T10:20:28.764+0000] {taskmixin.py:205} WARNING - Dependency <Task(_PythonDecoratedOperator): log_sql_query>, print_the_context already registered for DAG: example_python_operator
[2023-03-12T10:20:28.766+0000] {logging_mixin.py:137} INFO - [2023-03-12T10:20:28.766+0000] {taskmixin.py:205} WARNING - Dependency <Task(_PythonDecoratedOperator): print_the_context>, log_sql_query already registered for DAG: example_python_operator
[2023-03-12T10:20:28.767+0000] {logging_mixin.py:137} INFO - [2023-03-12T10:20:28.767+0000] {taskmixin.py:205} WARNING - Dependency <Task(_PythonDecoratedOperator): log_sql_query>, print_the_context already registered for DAG: example_python_operator
[2023-03-12T10:20:28.774+0000] {processor.py:753} INFO - DAG(s) dict_keys(['example_python_operator']) retrieved from /home/airflow/.local/lib/python3.7/site-packages/airflow/example_dags/example_python_operator.py
[2023-03-12T10:20:28.807+0000] {logging_mixin.py:137} INFO - [2023-03-12T10:20:28.806+0000] {dag.py:2690} INFO - Sync 1 DAGs
[2023-03-12T10:20:28.834+0000] {logging_mixin.py:137} INFO - [2023-03-12T10:20:28.833+0000] {dag.py:3441} INFO - Setting next_dagrun for example_python_operator to None, run_after=None
[2023-03-12T10:20:28.852+0000] {processor.py:175} INFO - Processing /home/airflow/.local/lib/python3.7/site-packages/airflow/example_dags/example_python_operator.py took 0.122 seconds
[2023-03-12T10:20:59.082+0000] {processor.py:153} INFO - Started process (PID=1872) to work on /home/airflow/.local/lib/python3.7/site-packages/airflow/example_dags/example_python_operator.py
[2023-03-12T10:20:59.084+0000] {processor.py:743} INFO - Processing file /home/airflow/.local/lib/python3.7/site-packages/airflow/example_dags/example_python_operator.py for tasks to queue
[2023-03-12T10:20:59.086+0000] {logging_mixin.py:137} INFO - [2023-03-12T10:20:59.086+0000] {dagbag.py:538} INFO - Filling up the DagBag from /home/airflow/.local/lib/python3.7/site-packages/airflow/example_dags/example_python_operator.py
[2023-03-12T10:20:59.105+0000] {logging_mixin.py:137} INFO - [2023-03-12T10:20:59.105+0000] {taskmixin.py:205} WARNING - Dependency <Task(_PythonDecoratedOperator): print_the_context>, log_sql_query already registered for DAG: example_python_operator
[2023-03-12T10:20:59.109+0000] {logging_mixin.py:137} INFO - [2023-03-12T10:20:59.109+0000] {taskmixin.py:205} WARNING - Dependency <Task(_PythonDecoratedOperator): log_sql_query>, print_the_context already registered for DAG: example_python_operator
[2023-03-12T10:20:59.112+0000] {logging_mixin.py:137} INFO - [2023-03-12T10:20:59.112+0000] {taskmixin.py:205} WARNING - Dependency <Task(_PythonDecoratedOperator): print_the_context>, log_sql_query already registered for DAG: example_python_operator
[2023-03-12T10:20:59.114+0000] {logging_mixin.py:137} INFO - [2023-03-12T10:20:59.113+0000] {taskmixin.py:205} WARNING - Dependency <Task(_PythonDecoratedOperator): log_sql_query>, print_the_context already registered for DAG: example_python_operator
[2023-03-12T10:20:59.115+0000] {logging_mixin.py:137} INFO - [2023-03-12T10:20:59.115+0000] {taskmixin.py:205} WARNING - Dependency <Task(_PythonDecoratedOperator): print_the_context>, log_sql_query already registered for DAG: example_python_operator
[2023-03-12T10:20:59.118+0000] {logging_mixin.py:137} INFO - [2023-03-12T10:20:59.118+0000] {taskmixin.py:205} WARNING - Dependency <Task(_PythonDecoratedOperator): log_sql_query>, print_the_context already registered for DAG: example_python_operator
[2023-03-12T10:20:59.120+0000] {logging_mixin.py:137} INFO - [2023-03-12T10:20:59.120+0000] {taskmixin.py:205} WARNING - Dependency <Task(_PythonDecoratedOperator): print_the_context>, log_sql_query already registered for DAG: example_python_operator
[2023-03-12T10:20:59.121+0000] {logging_mixin.py:137} INFO - [2023-03-12T10:20:59.121+0000] {taskmixin.py:205} WARNING - Dependency <Task(_PythonDecoratedOperator): log_sql_query>, print_the_context already registered for DAG: example_python_operator
[2023-03-12T10:20:59.134+0000] {processor.py:753} INFO - DAG(s) dict_keys(['example_python_operator']) retrieved from /home/airflow/.local/lib/python3.7/site-packages/airflow/example_dags/example_python_operator.py
[2023-03-12T10:20:59.176+0000] {logging_mixin.py:137} INFO - [2023-03-12T10:20:59.176+0000] {dag.py:2690} INFO - Sync 1 DAGs
[2023-03-12T10:20:59.213+0000] {logging_mixin.py:137} INFO - [2023-03-12T10:20:59.212+0000] {dag.py:3441} INFO - Setting next_dagrun for example_python_operator to None, run_after=None
[2023-03-12T10:20:59.240+0000] {processor.py:175} INFO - Processing /home/airflow/.local/lib/python3.7/site-packages/airflow/example_dags/example_python_operator.py took 0.161 seconds
[2023-03-12T10:21:29.455+0000] {processor.py:153} INFO - Started process (PID=1941) to work on /home/airflow/.local/lib/python3.7/site-packages/airflow/example_dags/example_python_operator.py
[2023-03-12T10:21:29.457+0000] {processor.py:743} INFO - Processing file /home/airflow/.local/lib/python3.7/site-packages/airflow/example_dags/example_python_operator.py for tasks to queue
[2023-03-12T10:21:29.459+0000] {logging_mixin.py:137} INFO - [2023-03-12T10:21:29.459+0000] {dagbag.py:538} INFO - Filling up the DagBag from /home/airflow/.local/lib/python3.7/site-packages/airflow/example_dags/example_python_operator.py
[2023-03-12T10:21:29.475+0000] {logging_mixin.py:137} INFO - [2023-03-12T10:21:29.475+0000] {taskmixin.py:205} WARNING - Dependency <Task(_PythonDecoratedOperator): print_the_context>, log_sql_query already registered for DAG: example_python_operator
[2023-03-12T10:21:29.477+0000] {logging_mixin.py:137} INFO - [2023-03-12T10:21:29.476+0000] {taskmixin.py:205} WARNING - Dependency <Task(_PythonDecoratedOperator): log_sql_query>, print_the_context already registered for DAG: example_python_operator
[2023-03-12T10:21:29.478+0000] {logging_mixin.py:137} INFO - [2023-03-12T10:21:29.478+0000] {taskmixin.py:205} WARNING - Dependency <Task(_PythonDecoratedOperator): print_the_context>, log_sql_query already registered for DAG: example_python_operator
[2023-03-12T10:21:29.479+0000] {logging_mixin.py:137} INFO - [2023-03-12T10:21:29.479+0000] {taskmixin.py:205} WARNING - Dependency <Task(_PythonDecoratedOperator): log_sql_query>, print_the_context already registered for DAG: example_python_operator
[2023-03-12T10:21:29.481+0000] {logging_mixin.py:137} INFO - [2023-03-12T10:21:29.481+0000] {taskmixin.py:205} WARNING - Dependency <Task(_PythonDecoratedOperator): print_the_context>, log_sql_query already registered for DAG: example_python_operator
[2023-03-12T10:21:29.482+0000] {logging_mixin.py:137} INFO - [2023-03-12T10:21:29.482+0000] {taskmixin.py:205} WARNING - Dependency <Task(_PythonDecoratedOperator): log_sql_query>, print_the_context already registered for DAG: example_python_operator
[2023-03-12T10:21:29.484+0000] {logging_mixin.py:137} INFO - [2023-03-12T10:21:29.484+0000] {taskmixin.py:205} WARNING - Dependency <Task(_PythonDecoratedOperator): print_the_context>, log_sql_query already registered for DAG: example_python_operator
[2023-03-12T10:21:29.485+0000] {logging_mixin.py:137} INFO - [2023-03-12T10:21:29.485+0000] {taskmixin.py:205} WARNING - Dependency <Task(_PythonDecoratedOperator): log_sql_query>, print_the_context already registered for DAG: example_python_operator
[2023-03-12T10:21:29.492+0000] {processor.py:753} INFO - DAG(s) dict_keys(['example_python_operator']) retrieved from /home/airflow/.local/lib/python3.7/site-packages/airflow/example_dags/example_python_operator.py
[2023-03-12T10:21:29.520+0000] {logging_mixin.py:137} INFO - [2023-03-12T10:21:29.520+0000] {dag.py:2690} INFO - Sync 1 DAGs
[2023-03-12T10:21:29.540+0000] {logging_mixin.py:137} INFO - [2023-03-12T10:21:29.540+0000] {dag.py:3441} INFO - Setting next_dagrun for example_python_operator to None, run_after=None
[2023-03-12T10:21:29.554+0000] {processor.py:175} INFO - Processing /home/airflow/.local/lib/python3.7/site-packages/airflow/example_dags/example_python_operator.py took 0.102 seconds
[2023-03-12T10:22:00.026+0000] {processor.py:153} INFO - Started process (PID=2019) to work on /home/airflow/.local/lib/python3.7/site-packages/airflow/example_dags/example_python_operator.py
[2023-03-12T10:22:00.030+0000] {processor.py:743} INFO - Processing file /home/airflow/.local/lib/python3.7/site-packages/airflow/example_dags/example_python_operator.py for tasks to queue
[2023-03-12T10:22:00.040+0000] {logging_mixin.py:137} INFO - [2023-03-12T10:22:00.040+0000] {dagbag.py:538} INFO - Filling up the DagBag from /home/airflow/.local/lib/python3.7/site-packages/airflow/example_dags/example_python_operator.py
[2023-03-12T10:22:00.072+0000] {logging_mixin.py:137} INFO - [2023-03-12T10:22:00.072+0000] {taskmixin.py:205} WARNING - Dependency <Task(_PythonDecoratedOperator): print_the_context>, log_sql_query already registered for DAG: example_python_operator
[2023-03-12T10:22:00.074+0000] {logging_mixin.py:137} INFO - [2023-03-12T10:22:00.074+0000] {taskmixin.py:205} WARNING - Dependency <Task(_PythonDecoratedOperator): log_sql_query>, print_the_context already registered for DAG: example_python_operator
[2023-03-12T10:22:00.078+0000] {logging_mixin.py:137} INFO - [2023-03-12T10:22:00.078+0000] {taskmixin.py:205} WARNING - Dependency <Task(_PythonDecoratedOperator): print_the_context>, log_sql_query already registered for DAG: example_python_operator
[2023-03-12T10:22:00.079+0000] {logging_mixin.py:137} INFO - [2023-03-12T10:22:00.079+0000] {taskmixin.py:205} WARNING - Dependency <Task(_PythonDecoratedOperator): log_sql_query>, print_the_context already registered for DAG: example_python_operator
[2023-03-12T10:22:00.082+0000] {logging_mixin.py:137} INFO - [2023-03-12T10:22:00.082+0000] {taskmixin.py:205} WARNING - Dependency <Task(_PythonDecoratedOperator): print_the_context>, log_sql_query already registered for DAG: example_python_operator
[2023-03-12T10:22:00.084+0000] {logging_mixin.py:137} INFO - [2023-03-12T10:22:00.083+0000] {taskmixin.py:205} WARNING - Dependency <Task(_PythonDecoratedOperator): log_sql_query>, print_the_context already registered for DAG: example_python_operator
[2023-03-12T10:22:00.086+0000] {logging_mixin.py:137} INFO - [2023-03-12T10:22:00.086+0000] {taskmixin.py:205} WARNING - Dependency <Task(_PythonDecoratedOperator): print_the_context>, log_sql_query already registered for DAG: example_python_operator
[2023-03-12T10:22:00.088+0000] {logging_mixin.py:137} INFO - [2023-03-12T10:22:00.088+0000] {taskmixin.py:205} WARNING - Dependency <Task(_PythonDecoratedOperator): log_sql_query>, print_the_context already registered for DAG: example_python_operator
[2023-03-12T10:22:00.101+0000] {processor.py:753} INFO - DAG(s) dict_keys(['example_python_operator']) retrieved from /home/airflow/.local/lib/python3.7/site-packages/airflow/example_dags/example_python_operator.py
[2023-03-12T10:22:00.134+0000] {logging_mixin.py:137} INFO - [2023-03-12T10:22:00.134+0000] {dag.py:2690} INFO - Sync 1 DAGs
[2023-03-12T10:22:00.156+0000] {logging_mixin.py:137} INFO - [2023-03-12T10:22:00.156+0000] {dag.py:3441} INFO - Setting next_dagrun for example_python_operator to None, run_after=None
[2023-03-12T10:22:00.171+0000] {processor.py:175} INFO - Processing /home/airflow/.local/lib/python3.7/site-packages/airflow/example_dags/example_python_operator.py took 0.149 seconds
