[2023-03-12T10:08:17.786+0000] {processor.py:153} INFO - Started process (PID=77) to work on /home/airflow/.local/lib/python3.7/site-packages/airflow/example_dags/example_external_task_marker_dag.py
[2023-03-12T10:08:17.790+0000] {processor.py:743} INFO - Processing file /home/airflow/.local/lib/python3.7/site-packages/airflow/example_dags/example_external_task_marker_dag.py for tasks to queue
[2023-03-12T10:08:17.793+0000] {logging_mixin.py:137} INFO - [2023-03-12T10:08:17.792+0000] {dagbag.py:538} INFO - Filling up the DagBag from /home/airflow/.local/lib/python3.7/site-packages/airflow/example_dags/example_external_task_marker_dag.py
[2023-03-12T10:08:17.842+0000] {processor.py:753} INFO - DAG(s) dict_keys(['example_external_task_marker_parent', 'example_external_task_marker_child']) retrieved from /home/airflow/.local/lib/python3.7/site-packages/airflow/example_dags/example_external_task_marker_dag.py
[2023-03-12T10:08:17.890+0000] {logging_mixin.py:137} INFO - [2023-03-12T10:08:17.890+0000] {dag.py:2690} INFO - Sync 2 DAGs
[2023-03-12T10:08:17.961+0000] {logging_mixin.py:137} INFO - [2023-03-12T10:08:17.961+0000] {dag.py:3441} INFO - Setting next_dagrun for example_external_task_marker_child to None, run_after=None
[2023-03-12T10:08:17.968+0000] {logging_mixin.py:137} INFO - [2023-03-12T10:08:17.967+0000] {dag.py:3441} INFO - Setting next_dagrun for example_external_task_marker_parent to None, run_after=None
[2023-03-12T10:08:18.014+0000] {processor.py:175} INFO - Processing /home/airflow/.local/lib/python3.7/site-packages/airflow/example_dags/example_external_task_marker_dag.py took 0.239 seconds
[2023-03-12T10:08:48.210+0000] {processor.py:153} INFO - Started process (PID=146) to work on /home/airflow/.local/lib/python3.7/site-packages/airflow/example_dags/example_external_task_marker_dag.py
[2023-03-12T10:08:48.213+0000] {processor.py:743} INFO - Processing file /home/airflow/.local/lib/python3.7/site-packages/airflow/example_dags/example_external_task_marker_dag.py for tasks to queue
[2023-03-12T10:08:48.215+0000] {logging_mixin.py:137} INFO - [2023-03-12T10:08:48.215+0000] {dagbag.py:538} INFO - Filling up the DagBag from /home/airflow/.local/lib/python3.7/site-packages/airflow/example_dags/example_external_task_marker_dag.py
[2023-03-12T10:08:48.228+0000] {processor.py:753} INFO - DAG(s) dict_keys(['example_external_task_marker_child', 'example_external_task_marker_parent']) retrieved from /home/airflow/.local/lib/python3.7/site-packages/airflow/example_dags/example_external_task_marker_dag.py
[2023-03-12T10:08:48.272+0000] {logging_mixin.py:137} INFO - [2023-03-12T10:08:48.272+0000] {dag.py:2690} INFO - Sync 2 DAGs
[2023-03-12T10:08:48.288+0000] {logging_mixin.py:137} INFO - [2023-03-12T10:08:48.288+0000] {dag.py:3441} INFO - Setting next_dagrun for example_external_task_marker_child to None, run_after=None
[2023-03-12T10:08:48.292+0000] {logging_mixin.py:137} INFO - [2023-03-12T10:08:48.292+0000] {dag.py:3441} INFO - Setting next_dagrun for example_external_task_marker_parent to None, run_after=None
[2023-03-12T10:08:48.313+0000] {processor.py:175} INFO - Processing /home/airflow/.local/lib/python3.7/site-packages/airflow/example_dags/example_external_task_marker_dag.py took 0.106 seconds
[2023-03-12T10:09:19.501+0000] {processor.py:153} INFO - Started process (PID=223) to work on /home/airflow/.local/lib/python3.7/site-packages/airflow/example_dags/example_external_task_marker_dag.py
[2023-03-12T10:09:19.507+0000] {processor.py:743} INFO - Processing file /home/airflow/.local/lib/python3.7/site-packages/airflow/example_dags/example_external_task_marker_dag.py for tasks to queue
[2023-03-12T10:09:19.509+0000] {logging_mixin.py:137} INFO - [2023-03-12T10:09:19.509+0000] {dagbag.py:538} INFO - Filling up the DagBag from /home/airflow/.local/lib/python3.7/site-packages/airflow/example_dags/example_external_task_marker_dag.py
[2023-03-12T10:09:19.525+0000] {processor.py:753} INFO - DAG(s) dict_keys(['example_external_task_marker_child', 'example_external_task_marker_parent']) retrieved from /home/airflow/.local/lib/python3.7/site-packages/airflow/example_dags/example_external_task_marker_dag.py
[2023-03-12T10:09:19.561+0000] {logging_mixin.py:137} INFO - [2023-03-12T10:09:19.561+0000] {dag.py:2690} INFO - Sync 2 DAGs
[2023-03-12T10:09:19.587+0000] {logging_mixin.py:137} INFO - [2023-03-12T10:09:19.587+0000] {dag.py:3441} INFO - Setting next_dagrun for example_external_task_marker_child to None, run_after=None
[2023-03-12T10:09:19.592+0000] {logging_mixin.py:137} INFO - [2023-03-12T10:09:19.592+0000] {dag.py:3441} INFO - Setting next_dagrun for example_external_task_marker_parent to None, run_after=None
[2023-03-12T10:09:19.613+0000] {processor.py:175} INFO - Processing /home/airflow/.local/lib/python3.7/site-packages/airflow/example_dags/example_external_task_marker_dag.py took 0.119 seconds
[2023-03-12T10:09:50.518+0000] {processor.py:153} INFO - Started process (PID=288) to work on /home/airflow/.local/lib/python3.7/site-packages/airflow/example_dags/example_external_task_marker_dag.py
[2023-03-12T10:09:50.520+0000] {processor.py:743} INFO - Processing file /home/airflow/.local/lib/python3.7/site-packages/airflow/example_dags/example_external_task_marker_dag.py for tasks to queue
[2023-03-12T10:09:50.522+0000] {logging_mixin.py:137} INFO - [2023-03-12T10:09:50.522+0000] {dagbag.py:538} INFO - Filling up the DagBag from /home/airflow/.local/lib/python3.7/site-packages/airflow/example_dags/example_external_task_marker_dag.py
[2023-03-12T10:09:50.535+0000] {processor.py:753} INFO - DAG(s) dict_keys(['example_external_task_marker_parent', 'example_external_task_marker_child']) retrieved from /home/airflow/.local/lib/python3.7/site-packages/airflow/example_dags/example_external_task_marker_dag.py
[2023-03-12T10:09:50.561+0000] {logging_mixin.py:137} INFO - [2023-03-12T10:09:50.561+0000] {dag.py:2690} INFO - Sync 2 DAGs
[2023-03-12T10:09:50.581+0000] {logging_mixin.py:137} INFO - [2023-03-12T10:09:50.581+0000] {dag.py:3441} INFO - Setting next_dagrun for example_external_task_marker_child to None, run_after=None
[2023-03-12T10:09:50.585+0000] {logging_mixin.py:137} INFO - [2023-03-12T10:09:50.585+0000] {dag.py:3441} INFO - Setting next_dagrun for example_external_task_marker_parent to None, run_after=None
[2023-03-12T10:09:50.601+0000] {processor.py:175} INFO - Processing /home/airflow/.local/lib/python3.7/site-packages/airflow/example_dags/example_external_task_marker_dag.py took 0.086 seconds
[2023-03-12T10:10:21.474+0000] {processor.py:153} INFO - Started process (PID=365) to work on /home/airflow/.local/lib/python3.7/site-packages/airflow/example_dags/example_external_task_marker_dag.py
[2023-03-12T10:10:21.476+0000] {processor.py:743} INFO - Processing file /home/airflow/.local/lib/python3.7/site-packages/airflow/example_dags/example_external_task_marker_dag.py for tasks to queue
[2023-03-12T10:10:21.478+0000] {logging_mixin.py:137} INFO - [2023-03-12T10:10:21.478+0000] {dagbag.py:538} INFO - Filling up the DagBag from /home/airflow/.local/lib/python3.7/site-packages/airflow/example_dags/example_external_task_marker_dag.py
[2023-03-12T10:10:21.489+0000] {processor.py:753} INFO - DAG(s) dict_keys(['example_external_task_marker_child', 'example_external_task_marker_parent']) retrieved from /home/airflow/.local/lib/python3.7/site-packages/airflow/example_dags/example_external_task_marker_dag.py
[2023-03-12T10:10:21.515+0000] {logging_mixin.py:137} INFO - [2023-03-12T10:10:21.515+0000] {dag.py:2690} INFO - Sync 2 DAGs
[2023-03-12T10:10:21.532+0000] {logging_mixin.py:137} INFO - [2023-03-12T10:10:21.532+0000] {dag.py:3441} INFO - Setting next_dagrun for example_external_task_marker_child to None, run_after=None
[2023-03-12T10:10:21.536+0000] {logging_mixin.py:137} INFO - [2023-03-12T10:10:21.536+0000] {dag.py:3441} INFO - Setting next_dagrun for example_external_task_marker_parent to None, run_after=None
[2023-03-12T10:10:21.547+0000] {processor.py:175} INFO - Processing /home/airflow/.local/lib/python3.7/site-packages/airflow/example_dags/example_external_task_marker_dag.py took 0.076 seconds
[2023-03-12T10:10:51.745+0000] {processor.py:153} INFO - Started process (PID=442) to work on /home/airflow/.local/lib/python3.7/site-packages/airflow/example_dags/example_external_task_marker_dag.py
[2023-03-12T10:10:51.749+0000] {processor.py:743} INFO - Processing file /home/airflow/.local/lib/python3.7/site-packages/airflow/example_dags/example_external_task_marker_dag.py for tasks to queue
[2023-03-12T10:10:51.751+0000] {logging_mixin.py:137} INFO - [2023-03-12T10:10:51.751+0000] {dagbag.py:538} INFO - Filling up the DagBag from /home/airflow/.local/lib/python3.7/site-packages/airflow/example_dags/example_external_task_marker_dag.py
[2023-03-12T10:10:51.762+0000] {processor.py:753} INFO - DAG(s) dict_keys(['example_external_task_marker_parent', 'example_external_task_marker_child']) retrieved from /home/airflow/.local/lib/python3.7/site-packages/airflow/example_dags/example_external_task_marker_dag.py
[2023-03-12T10:10:51.790+0000] {logging_mixin.py:137} INFO - [2023-03-12T10:10:51.790+0000] {dag.py:2690} INFO - Sync 2 DAGs
[2023-03-12T10:10:51.808+0000] {logging_mixin.py:137} INFO - [2023-03-12T10:10:51.808+0000] {dag.py:3441} INFO - Setting next_dagrun for example_external_task_marker_child to None, run_after=None
[2023-03-12T10:10:51.813+0000] {logging_mixin.py:137} INFO - [2023-03-12T10:10:51.813+0000] {dag.py:3441} INFO - Setting next_dagrun for example_external_task_marker_parent to None, run_after=None
[2023-03-12T10:10:51.828+0000] {processor.py:175} INFO - Processing /home/airflow/.local/lib/python3.7/site-packages/airflow/example_dags/example_external_task_marker_dag.py took 0.086 seconds
[2023-03-12T10:11:21.933+0000] {processor.py:153} INFO - Started process (PID=507) to work on /home/airflow/.local/lib/python3.7/site-packages/airflow/example_dags/example_external_task_marker_dag.py
[2023-03-12T10:11:21.935+0000] {processor.py:743} INFO - Processing file /home/airflow/.local/lib/python3.7/site-packages/airflow/example_dags/example_external_task_marker_dag.py for tasks to queue
[2023-03-12T10:11:21.937+0000] {logging_mixin.py:137} INFO - [2023-03-12T10:11:21.937+0000] {dagbag.py:538} INFO - Filling up the DagBag from /home/airflow/.local/lib/python3.7/site-packages/airflow/example_dags/example_external_task_marker_dag.py
[2023-03-12T10:11:21.949+0000] {processor.py:753} INFO - DAG(s) dict_keys(['example_external_task_marker_parent', 'example_external_task_marker_child']) retrieved from /home/airflow/.local/lib/python3.7/site-packages/airflow/example_dags/example_external_task_marker_dag.py
[2023-03-12T10:11:21.975+0000] {logging_mixin.py:137} INFO - [2023-03-12T10:11:21.975+0000] {dag.py:2690} INFO - Sync 2 DAGs
[2023-03-12T10:11:21.994+0000] {logging_mixin.py:137} INFO - [2023-03-12T10:11:21.994+0000] {dag.py:3441} INFO - Setting next_dagrun for example_external_task_marker_child to None, run_after=None
[2023-03-12T10:11:21.999+0000] {logging_mixin.py:137} INFO - [2023-03-12T10:11:21.999+0000] {dag.py:3441} INFO - Setting next_dagrun for example_external_task_marker_parent to None, run_after=None
[2023-03-12T10:11:22.014+0000] {processor.py:175} INFO - Processing /home/airflow/.local/lib/python3.7/site-packages/airflow/example_dags/example_external_task_marker_dag.py took 0.084 seconds
[2023-03-12T10:11:52.121+0000] {processor.py:153} INFO - Started process (PID=583) to work on /home/airflow/.local/lib/python3.7/site-packages/airflow/example_dags/example_external_task_marker_dag.py
[2023-03-12T10:11:52.123+0000] {processor.py:743} INFO - Processing file /home/airflow/.local/lib/python3.7/site-packages/airflow/example_dags/example_external_task_marker_dag.py for tasks to queue
[2023-03-12T10:11:52.126+0000] {logging_mixin.py:137} INFO - [2023-03-12T10:11:52.126+0000] {dagbag.py:538} INFO - Filling up the DagBag from /home/airflow/.local/lib/python3.7/site-packages/airflow/example_dags/example_external_task_marker_dag.py
[2023-03-12T10:11:52.138+0000] {processor.py:753} INFO - DAG(s) dict_keys(['example_external_task_marker_parent', 'example_external_task_marker_child']) retrieved from /home/airflow/.local/lib/python3.7/site-packages/airflow/example_dags/example_external_task_marker_dag.py
[2023-03-12T10:11:52.163+0000] {logging_mixin.py:137} INFO - [2023-03-12T10:11:52.163+0000] {dag.py:2690} INFO - Sync 2 DAGs
[2023-03-12T10:11:52.179+0000] {logging_mixin.py:137} INFO - [2023-03-12T10:11:52.179+0000] {dag.py:3441} INFO - Setting next_dagrun for example_external_task_marker_child to None, run_after=None
[2023-03-12T10:11:52.182+0000] {logging_mixin.py:137} INFO - [2023-03-12T10:11:52.182+0000] {dag.py:3441} INFO - Setting next_dagrun for example_external_task_marker_parent to None, run_after=None
[2023-03-12T10:11:52.193+0000] {processor.py:175} INFO - Processing /home/airflow/.local/lib/python3.7/site-packages/airflow/example_dags/example_external_task_marker_dag.py took 0.076 seconds
[2023-03-12T10:12:22.520+0000] {processor.py:153} INFO - Started process (PID=655) to work on /home/airflow/.local/lib/python3.7/site-packages/airflow/example_dags/example_external_task_marker_dag.py
[2023-03-12T10:12:22.525+0000] {processor.py:743} INFO - Processing file /home/airflow/.local/lib/python3.7/site-packages/airflow/example_dags/example_external_task_marker_dag.py for tasks to queue
[2023-03-12T10:12:22.528+0000] {logging_mixin.py:137} INFO - [2023-03-12T10:12:22.527+0000] {dagbag.py:538} INFO - Filling up the DagBag from /home/airflow/.local/lib/python3.7/site-packages/airflow/example_dags/example_external_task_marker_dag.py
[2023-03-12T10:12:22.547+0000] {processor.py:753} INFO - DAG(s) dict_keys(['example_external_task_marker_parent', 'example_external_task_marker_child']) retrieved from /home/airflow/.local/lib/python3.7/site-packages/airflow/example_dags/example_external_task_marker_dag.py
[2023-03-12T10:12:22.581+0000] {logging_mixin.py:137} INFO - [2023-03-12T10:12:22.581+0000] {dag.py:2690} INFO - Sync 2 DAGs
[2023-03-12T10:12:22.621+0000] {logging_mixin.py:137} INFO - [2023-03-12T10:12:22.621+0000] {dag.py:3441} INFO - Setting next_dagrun for example_external_task_marker_child to None, run_after=None
[2023-03-12T10:12:22.629+0000] {logging_mixin.py:137} INFO - [2023-03-12T10:12:22.629+0000] {dag.py:3441} INFO - Setting next_dagrun for example_external_task_marker_parent to None, run_after=None
[2023-03-12T10:12:22.661+0000] {processor.py:175} INFO - Processing /home/airflow/.local/lib/python3.7/site-packages/airflow/example_dags/example_external_task_marker_dag.py took 0.145 seconds
[2023-03-12T10:12:52.950+0000] {processor.py:153} INFO - Started process (PID=726) to work on /home/airflow/.local/lib/python3.7/site-packages/airflow/example_dags/example_external_task_marker_dag.py
[2023-03-12T10:12:52.953+0000] {processor.py:743} INFO - Processing file /home/airflow/.local/lib/python3.7/site-packages/airflow/example_dags/example_external_task_marker_dag.py for tasks to queue
[2023-03-12T10:12:52.954+0000] {logging_mixin.py:137} INFO - [2023-03-12T10:12:52.954+0000] {dagbag.py:538} INFO - Filling up the DagBag from /home/airflow/.local/lib/python3.7/site-packages/airflow/example_dags/example_external_task_marker_dag.py
[2023-03-12T10:12:52.974+0000] {processor.py:753} INFO - DAG(s) dict_keys(['example_external_task_marker_parent', 'example_external_task_marker_child']) retrieved from /home/airflow/.local/lib/python3.7/site-packages/airflow/example_dags/example_external_task_marker_dag.py
[2023-03-12T10:12:53.012+0000] {logging_mixin.py:137} INFO - [2023-03-12T10:12:53.012+0000] {dag.py:2690} INFO - Sync 2 DAGs
[2023-03-12T10:12:53.044+0000] {logging_mixin.py:137} INFO - [2023-03-12T10:12:53.044+0000] {dag.py:3441} INFO - Setting next_dagrun for example_external_task_marker_child to None, run_after=None
[2023-03-12T10:12:53.050+0000] {logging_mixin.py:137} INFO - [2023-03-12T10:12:53.050+0000] {dag.py:3441} INFO - Setting next_dagrun for example_external_task_marker_parent to None, run_after=None
[2023-03-12T10:12:53.077+0000] {processor.py:175} INFO - Processing /home/airflow/.local/lib/python3.7/site-packages/airflow/example_dags/example_external_task_marker_dag.py took 0.132 seconds
[2023-03-12T10:13:23.230+0000] {processor.py:153} INFO - Started process (PID=803) to work on /home/airflow/.local/lib/python3.7/site-packages/airflow/example_dags/example_external_task_marker_dag.py
[2023-03-12T10:13:23.235+0000] {processor.py:743} INFO - Processing file /home/airflow/.local/lib/python3.7/site-packages/airflow/example_dags/example_external_task_marker_dag.py for tasks to queue
[2023-03-12T10:13:23.237+0000] {logging_mixin.py:137} INFO - [2023-03-12T10:13:23.237+0000] {dagbag.py:538} INFO - Filling up the DagBag from /home/airflow/.local/lib/python3.7/site-packages/airflow/example_dags/example_external_task_marker_dag.py
[2023-03-12T10:13:23.259+0000] {processor.py:753} INFO - DAG(s) dict_keys(['example_external_task_marker_child', 'example_external_task_marker_parent']) retrieved from /home/airflow/.local/lib/python3.7/site-packages/airflow/example_dags/example_external_task_marker_dag.py
[2023-03-12T10:13:23.299+0000] {logging_mixin.py:137} INFO - [2023-03-12T10:13:23.299+0000] {dag.py:2690} INFO - Sync 2 DAGs
[2023-03-12T10:13:23.325+0000] {logging_mixin.py:137} INFO - [2023-03-12T10:13:23.324+0000] {dag.py:3441} INFO - Setting next_dagrun for example_external_task_marker_child to None, run_after=None
[2023-03-12T10:13:23.330+0000] {logging_mixin.py:137} INFO - [2023-03-12T10:13:23.329+0000] {dag.py:3441} INFO - Setting next_dagrun for example_external_task_marker_parent to None, run_after=None
[2023-03-12T10:13:23.350+0000] {processor.py:175} INFO - Processing /home/airflow/.local/lib/python3.7/site-packages/airflow/example_dags/example_external_task_marker_dag.py took 0.126 seconds
[2023-03-12T10:13:53.423+0000] {processor.py:153} INFO - Started process (PID=868) to work on /home/airflow/.local/lib/python3.7/site-packages/airflow/example_dags/example_external_task_marker_dag.py
[2023-03-12T10:13:53.425+0000] {processor.py:743} INFO - Processing file /home/airflow/.local/lib/python3.7/site-packages/airflow/example_dags/example_external_task_marker_dag.py for tasks to queue
[2023-03-12T10:13:53.428+0000] {logging_mixin.py:137} INFO - [2023-03-12T10:13:53.428+0000] {dagbag.py:538} INFO - Filling up the DagBag from /home/airflow/.local/lib/python3.7/site-packages/airflow/example_dags/example_external_task_marker_dag.py
[2023-03-12T10:13:53.440+0000] {processor.py:753} INFO - DAG(s) dict_keys(['example_external_task_marker_parent', 'example_external_task_marker_child']) retrieved from /home/airflow/.local/lib/python3.7/site-packages/airflow/example_dags/example_external_task_marker_dag.py
[2023-03-12T10:13:53.465+0000] {logging_mixin.py:137} INFO - [2023-03-12T10:13:53.465+0000] {dag.py:2690} INFO - Sync 2 DAGs
[2023-03-12T10:13:53.482+0000] {logging_mixin.py:137} INFO - [2023-03-12T10:13:53.482+0000] {dag.py:3441} INFO - Setting next_dagrun for example_external_task_marker_child to None, run_after=None
[2023-03-12T10:13:53.486+0000] {logging_mixin.py:137} INFO - [2023-03-12T10:13:53.486+0000] {dag.py:3441} INFO - Setting next_dagrun for example_external_task_marker_parent to None, run_after=None
[2023-03-12T10:13:53.501+0000] {processor.py:175} INFO - Processing /home/airflow/.local/lib/python3.7/site-packages/airflow/example_dags/example_external_task_marker_dag.py took 0.080 seconds
[2023-03-12T10:14:23.708+0000] {processor.py:153} INFO - Started process (PID=945) to work on /home/airflow/.local/lib/python3.7/site-packages/airflow/example_dags/example_external_task_marker_dag.py
[2023-03-12T10:14:23.710+0000] {processor.py:743} INFO - Processing file /home/airflow/.local/lib/python3.7/site-packages/airflow/example_dags/example_external_task_marker_dag.py for tasks to queue
[2023-03-12T10:14:23.711+0000] {logging_mixin.py:137} INFO - [2023-03-12T10:14:23.711+0000] {dagbag.py:538} INFO - Filling up the DagBag from /home/airflow/.local/lib/python3.7/site-packages/airflow/example_dags/example_external_task_marker_dag.py
[2023-03-12T10:14:23.723+0000] {processor.py:753} INFO - DAG(s) dict_keys(['example_external_task_marker_parent', 'example_external_task_marker_child']) retrieved from /home/airflow/.local/lib/python3.7/site-packages/airflow/example_dags/example_external_task_marker_dag.py
[2023-03-12T10:14:23.751+0000] {logging_mixin.py:137} INFO - [2023-03-12T10:14:23.751+0000] {dag.py:2690} INFO - Sync 2 DAGs
[2023-03-12T10:14:23.769+0000] {logging_mixin.py:137} INFO - [2023-03-12T10:14:23.769+0000] {dag.py:3441} INFO - Setting next_dagrun for example_external_task_marker_child to None, run_after=None
[2023-03-12T10:14:23.773+0000] {logging_mixin.py:137} INFO - [2023-03-12T10:14:23.773+0000] {dag.py:3441} INFO - Setting next_dagrun for example_external_task_marker_parent to None, run_after=None
[2023-03-12T10:14:23.787+0000] {processor.py:175} INFO - Processing /home/airflow/.local/lib/python3.7/site-packages/airflow/example_dags/example_external_task_marker_dag.py took 0.082 seconds
[2023-03-12T10:14:53.956+0000] {processor.py:153} INFO - Started process (PID=1011) to work on /home/airflow/.local/lib/python3.7/site-packages/airflow/example_dags/example_external_task_marker_dag.py
[2023-03-12T10:14:53.958+0000] {processor.py:743} INFO - Processing file /home/airflow/.local/lib/python3.7/site-packages/airflow/example_dags/example_external_task_marker_dag.py for tasks to queue
[2023-03-12T10:14:53.959+0000] {logging_mixin.py:137} INFO - [2023-03-12T10:14:53.959+0000] {dagbag.py:538} INFO - Filling up the DagBag from /home/airflow/.local/lib/python3.7/site-packages/airflow/example_dags/example_external_task_marker_dag.py
[2023-03-12T10:14:53.970+0000] {processor.py:753} INFO - DAG(s) dict_keys(['example_external_task_marker_child', 'example_external_task_marker_parent']) retrieved from /home/airflow/.local/lib/python3.7/site-packages/airflow/example_dags/example_external_task_marker_dag.py
[2023-03-12T10:14:53.995+0000] {logging_mixin.py:137} INFO - [2023-03-12T10:14:53.995+0000] {dag.py:2690} INFO - Sync 2 DAGs
[2023-03-12T10:14:54.012+0000] {logging_mixin.py:137} INFO - [2023-03-12T10:14:54.012+0000] {dag.py:3441} INFO - Setting next_dagrun for example_external_task_marker_child to None, run_after=None
[2023-03-12T10:14:54.021+0000] {logging_mixin.py:137} INFO - [2023-03-12T10:14:54.021+0000] {dag.py:3441} INFO - Setting next_dagrun for example_external_task_marker_parent to None, run_after=None
[2023-03-12T10:14:54.035+0000] {processor.py:175} INFO - Processing /home/airflow/.local/lib/python3.7/site-packages/airflow/example_dags/example_external_task_marker_dag.py took 0.083 seconds
[2023-03-12T10:15:24.275+0000] {processor.py:153} INFO - Started process (PID=1089) to work on /home/airflow/.local/lib/python3.7/site-packages/airflow/example_dags/example_external_task_marker_dag.py
[2023-03-12T10:15:24.284+0000] {processor.py:743} INFO - Processing file /home/airflow/.local/lib/python3.7/site-packages/airflow/example_dags/example_external_task_marker_dag.py for tasks to queue
[2023-03-12T10:15:24.286+0000] {logging_mixin.py:137} INFO - [2023-03-12T10:15:24.286+0000] {dagbag.py:538} INFO - Filling up the DagBag from /home/airflow/.local/lib/python3.7/site-packages/airflow/example_dags/example_external_task_marker_dag.py
[2023-03-12T10:15:24.300+0000] {processor.py:753} INFO - DAG(s) dict_keys(['example_external_task_marker_child', 'example_external_task_marker_parent']) retrieved from /home/airflow/.local/lib/python3.7/site-packages/airflow/example_dags/example_external_task_marker_dag.py
[2023-03-12T10:15:24.324+0000] {logging_mixin.py:137} INFO - [2023-03-12T10:15:24.324+0000] {dag.py:2690} INFO - Sync 2 DAGs
[2023-03-12T10:15:24.341+0000] {logging_mixin.py:137} INFO - [2023-03-12T10:15:24.341+0000] {dag.py:3441} INFO - Setting next_dagrun for example_external_task_marker_child to None, run_after=None
[2023-03-12T10:15:24.346+0000] {logging_mixin.py:137} INFO - [2023-03-12T10:15:24.346+0000] {dag.py:3441} INFO - Setting next_dagrun for example_external_task_marker_parent to None, run_after=None
[2023-03-12T10:15:24.360+0000] {processor.py:175} INFO - Processing /home/airflow/.local/lib/python3.7/site-packages/airflow/example_dags/example_external_task_marker_dag.py took 0.087 seconds
[2023-03-12T10:15:54.632+0000] {processor.py:153} INFO - Started process (PID=1152) to work on /home/airflow/.local/lib/python3.7/site-packages/airflow/example_dags/example_external_task_marker_dag.py
[2023-03-12T10:15:54.637+0000] {processor.py:743} INFO - Processing file /home/airflow/.local/lib/python3.7/site-packages/airflow/example_dags/example_external_task_marker_dag.py for tasks to queue
[2023-03-12T10:15:54.639+0000] {logging_mixin.py:137} INFO - [2023-03-12T10:15:54.639+0000] {dagbag.py:538} INFO - Filling up the DagBag from /home/airflow/.local/lib/python3.7/site-packages/airflow/example_dags/example_external_task_marker_dag.py
[2023-03-12T10:15:54.658+0000] {processor.py:753} INFO - DAG(s) dict_keys(['example_external_task_marker_child', 'example_external_task_marker_parent']) retrieved from /home/airflow/.local/lib/python3.7/site-packages/airflow/example_dags/example_external_task_marker_dag.py
[2023-03-12T10:15:54.698+0000] {logging_mixin.py:137} INFO - [2023-03-12T10:15:54.698+0000] {dag.py:2690} INFO - Sync 2 DAGs
[2023-03-12T10:15:54.722+0000] {logging_mixin.py:137} INFO - [2023-03-12T10:15:54.722+0000] {dag.py:3441} INFO - Setting next_dagrun for example_external_task_marker_child to None, run_after=None
[2023-03-12T10:15:54.728+0000] {logging_mixin.py:137} INFO - [2023-03-12T10:15:54.728+0000] {dag.py:3441} INFO - Setting next_dagrun for example_external_task_marker_parent to None, run_after=None
[2023-03-12T10:15:54.749+0000] {processor.py:175} INFO - Processing /home/airflow/.local/lib/python3.7/site-packages/airflow/example_dags/example_external_task_marker_dag.py took 0.121 seconds
[2023-03-12T10:16:24.833+0000] {processor.py:153} INFO - Started process (PID=1229) to work on /home/airflow/.local/lib/python3.7/site-packages/airflow/example_dags/example_external_task_marker_dag.py
[2023-03-12T10:16:24.835+0000] {processor.py:743} INFO - Processing file /home/airflow/.local/lib/python3.7/site-packages/airflow/example_dags/example_external_task_marker_dag.py for tasks to queue
[2023-03-12T10:16:24.837+0000] {logging_mixin.py:137} INFO - [2023-03-12T10:16:24.837+0000] {dagbag.py:538} INFO - Filling up the DagBag from /home/airflow/.local/lib/python3.7/site-packages/airflow/example_dags/example_external_task_marker_dag.py
[2023-03-12T10:16:24.848+0000] {processor.py:753} INFO - DAG(s) dict_keys(['example_external_task_marker_parent', 'example_external_task_marker_child']) retrieved from /home/airflow/.local/lib/python3.7/site-packages/airflow/example_dags/example_external_task_marker_dag.py
[2023-03-12T10:16:24.877+0000] {logging_mixin.py:137} INFO - [2023-03-12T10:16:24.877+0000] {dag.py:2690} INFO - Sync 2 DAGs
[2023-03-12T10:16:24.897+0000] {logging_mixin.py:137} INFO - [2023-03-12T10:16:24.897+0000] {dag.py:3441} INFO - Setting next_dagrun for example_external_task_marker_child to None, run_after=None
[2023-03-12T10:16:24.900+0000] {logging_mixin.py:137} INFO - [2023-03-12T10:16:24.900+0000] {dag.py:3441} INFO - Setting next_dagrun for example_external_task_marker_parent to None, run_after=None
[2023-03-12T10:16:24.913+0000] {processor.py:175} INFO - Processing /home/airflow/.local/lib/python3.7/site-packages/airflow/example_dags/example_external_task_marker_dag.py took 0.084 seconds
[2023-03-12T10:16:55.033+0000] {processor.py:153} INFO - Started process (PID=1307) to work on /home/airflow/.local/lib/python3.7/site-packages/airflow/example_dags/example_external_task_marker_dag.py
[2023-03-12T10:16:55.036+0000] {processor.py:743} INFO - Processing file /home/airflow/.local/lib/python3.7/site-packages/airflow/example_dags/example_external_task_marker_dag.py for tasks to queue
[2023-03-12T10:16:55.039+0000] {logging_mixin.py:137} INFO - [2023-03-12T10:16:55.039+0000] {dagbag.py:538} INFO - Filling up the DagBag from /home/airflow/.local/lib/python3.7/site-packages/airflow/example_dags/example_external_task_marker_dag.py
[2023-03-12T10:16:55.055+0000] {processor.py:753} INFO - DAG(s) dict_keys(['example_external_task_marker_child', 'example_external_task_marker_parent']) retrieved from /home/airflow/.local/lib/python3.7/site-packages/airflow/example_dags/example_external_task_marker_dag.py
[2023-03-12T10:16:55.085+0000] {logging_mixin.py:137} INFO - [2023-03-12T10:16:55.085+0000] {dag.py:2690} INFO - Sync 2 DAGs
[2023-03-12T10:16:55.109+0000] {logging_mixin.py:137} INFO - [2023-03-12T10:16:55.108+0000] {dag.py:3441} INFO - Setting next_dagrun for example_external_task_marker_child to None, run_after=None
[2023-03-12T10:16:55.115+0000] {logging_mixin.py:137} INFO - [2023-03-12T10:16:55.114+0000] {dag.py:3441} INFO - Setting next_dagrun for example_external_task_marker_parent to None, run_after=None
[2023-03-12T10:16:55.129+0000] {processor.py:175} INFO - Processing /home/airflow/.local/lib/python3.7/site-packages/airflow/example_dags/example_external_task_marker_dag.py took 0.101 seconds
[2023-03-12T10:17:26.010+0000] {processor.py:153} INFO - Started process (PID=1372) to work on /home/airflow/.local/lib/python3.7/site-packages/airflow/example_dags/example_external_task_marker_dag.py
[2023-03-12T10:17:26.012+0000] {processor.py:743} INFO - Processing file /home/airflow/.local/lib/python3.7/site-packages/airflow/example_dags/example_external_task_marker_dag.py for tasks to queue
[2023-03-12T10:17:26.014+0000] {logging_mixin.py:137} INFO - [2023-03-12T10:17:26.014+0000] {dagbag.py:538} INFO - Filling up the DagBag from /home/airflow/.local/lib/python3.7/site-packages/airflow/example_dags/example_external_task_marker_dag.py
[2023-03-12T10:17:26.027+0000] {processor.py:753} INFO - DAG(s) dict_keys(['example_external_task_marker_parent', 'example_external_task_marker_child']) retrieved from /home/airflow/.local/lib/python3.7/site-packages/airflow/example_dags/example_external_task_marker_dag.py
[2023-03-12T10:17:26.055+0000] {logging_mixin.py:137} INFO - [2023-03-12T10:17:26.055+0000] {dag.py:2690} INFO - Sync 2 DAGs
[2023-03-12T10:17:26.074+0000] {logging_mixin.py:137} INFO - [2023-03-12T10:17:26.073+0000] {dag.py:3441} INFO - Setting next_dagrun for example_external_task_marker_child to None, run_after=None
[2023-03-12T10:17:26.078+0000] {logging_mixin.py:137} INFO - [2023-03-12T10:17:26.077+0000] {dag.py:3441} INFO - Setting next_dagrun for example_external_task_marker_parent to None, run_after=None
[2023-03-12T10:17:26.091+0000] {processor.py:175} INFO - Processing /home/airflow/.local/lib/python3.7/site-packages/airflow/example_dags/example_external_task_marker_dag.py took 0.084 seconds
[2023-03-12T10:17:57.006+0000] {processor.py:153} INFO - Started process (PID=1449) to work on /home/airflow/.local/lib/python3.7/site-packages/airflow/example_dags/example_external_task_marker_dag.py
[2023-03-12T10:17:57.009+0000] {processor.py:743} INFO - Processing file /home/airflow/.local/lib/python3.7/site-packages/airflow/example_dags/example_external_task_marker_dag.py for tasks to queue
[2023-03-12T10:17:57.011+0000] {logging_mixin.py:137} INFO - [2023-03-12T10:17:57.010+0000] {dagbag.py:538} INFO - Filling up the DagBag from /home/airflow/.local/lib/python3.7/site-packages/airflow/example_dags/example_external_task_marker_dag.py
[2023-03-12T10:17:57.024+0000] {processor.py:753} INFO - DAG(s) dict_keys(['example_external_task_marker_child', 'example_external_task_marker_parent']) retrieved from /home/airflow/.local/lib/python3.7/site-packages/airflow/example_dags/example_external_task_marker_dag.py
[2023-03-12T10:17:57.049+0000] {logging_mixin.py:137} INFO - [2023-03-12T10:17:57.049+0000] {dag.py:2690} INFO - Sync 2 DAGs
[2023-03-12T10:17:57.067+0000] {logging_mixin.py:137} INFO - [2023-03-12T10:17:57.067+0000] {dag.py:3441} INFO - Setting next_dagrun for example_external_task_marker_child to None, run_after=None
[2023-03-12T10:17:57.071+0000] {logging_mixin.py:137} INFO - [2023-03-12T10:17:57.071+0000] {dag.py:3441} INFO - Setting next_dagrun for example_external_task_marker_parent to None, run_after=None
[2023-03-12T10:17:57.083+0000] {processor.py:175} INFO - Processing /home/airflow/.local/lib/python3.7/site-packages/airflow/example_dags/example_external_task_marker_dag.py took 0.080 seconds
[2023-03-12T10:18:27.341+0000] {processor.py:153} INFO - Started process (PID=1527) to work on /home/airflow/.local/lib/python3.7/site-packages/airflow/example_dags/example_external_task_marker_dag.py
[2023-03-12T10:18:27.346+0000] {processor.py:743} INFO - Processing file /home/airflow/.local/lib/python3.7/site-packages/airflow/example_dags/example_external_task_marker_dag.py for tasks to queue
[2023-03-12T10:18:27.348+0000] {logging_mixin.py:137} INFO - [2023-03-12T10:18:27.348+0000] {dagbag.py:538} INFO - Filling up the DagBag from /home/airflow/.local/lib/python3.7/site-packages/airflow/example_dags/example_external_task_marker_dag.py
[2023-03-12T10:18:27.366+0000] {processor.py:753} INFO - DAG(s) dict_keys(['example_external_task_marker_child', 'example_external_task_marker_parent']) retrieved from /home/airflow/.local/lib/python3.7/site-packages/airflow/example_dags/example_external_task_marker_dag.py
[2023-03-12T10:18:27.408+0000] {logging_mixin.py:137} INFO - [2023-03-12T10:18:27.408+0000] {dag.py:2690} INFO - Sync 2 DAGs
[2023-03-12T10:18:27.439+0000] {logging_mixin.py:137} INFO - [2023-03-12T10:18:27.439+0000] {dag.py:3441} INFO - Setting next_dagrun for example_external_task_marker_child to None, run_after=None
[2023-03-12T10:18:27.444+0000] {logging_mixin.py:137} INFO - [2023-03-12T10:18:27.444+0000] {dag.py:3441} INFO - Setting next_dagrun for example_external_task_marker_parent to None, run_after=None
[2023-03-12T10:18:27.475+0000] {processor.py:175} INFO - Processing /home/airflow/.local/lib/python3.7/site-packages/airflow/example_dags/example_external_task_marker_dag.py took 0.142 seconds
[2023-03-12T10:18:57.507+0000] {processor.py:153} INFO - Started process (PID=1592) to work on /home/airflow/.local/lib/python3.7/site-packages/airflow/example_dags/example_external_task_marker_dag.py
[2023-03-12T10:18:57.509+0000] {processor.py:743} INFO - Processing file /home/airflow/.local/lib/python3.7/site-packages/airflow/example_dags/example_external_task_marker_dag.py for tasks to queue
[2023-03-12T10:18:57.512+0000] {logging_mixin.py:137} INFO - [2023-03-12T10:18:57.511+0000] {dagbag.py:538} INFO - Filling up the DagBag from /home/airflow/.local/lib/python3.7/site-packages/airflow/example_dags/example_external_task_marker_dag.py
[2023-03-12T10:18:57.525+0000] {processor.py:753} INFO - DAG(s) dict_keys(['example_external_task_marker_child', 'example_external_task_marker_parent']) retrieved from /home/airflow/.local/lib/python3.7/site-packages/airflow/example_dags/example_external_task_marker_dag.py
[2023-03-12T10:18:57.554+0000] {logging_mixin.py:137} INFO - [2023-03-12T10:18:57.554+0000] {dag.py:2690} INFO - Sync 2 DAGs
[2023-03-12T10:18:57.574+0000] {logging_mixin.py:137} INFO - [2023-03-12T10:18:57.574+0000] {dag.py:3441} INFO - Setting next_dagrun for example_external_task_marker_child to None, run_after=None
[2023-03-12T10:18:57.577+0000] {logging_mixin.py:137} INFO - [2023-03-12T10:18:57.577+0000] {dag.py:3441} INFO - Setting next_dagrun for example_external_task_marker_parent to None, run_after=None
[2023-03-12T10:18:57.594+0000] {processor.py:175} INFO - Processing /home/airflow/.local/lib/python3.7/site-packages/airflow/example_dags/example_external_task_marker_dag.py took 0.090 seconds
[2023-03-12T10:19:28.275+0000] {processor.py:153} INFO - Started process (PID=1670) to work on /home/airflow/.local/lib/python3.7/site-packages/airflow/example_dags/example_external_task_marker_dag.py
[2023-03-12T10:19:28.297+0000] {processor.py:743} INFO - Processing file /home/airflow/.local/lib/python3.7/site-packages/airflow/example_dags/example_external_task_marker_dag.py for tasks to queue
[2023-03-12T10:19:28.299+0000] {logging_mixin.py:137} INFO - [2023-03-12T10:19:28.299+0000] {dagbag.py:538} INFO - Filling up the DagBag from /home/airflow/.local/lib/python3.7/site-packages/airflow/example_dags/example_external_task_marker_dag.py
[2023-03-12T10:19:28.310+0000] {processor.py:753} INFO - DAG(s) dict_keys(['example_external_task_marker_child', 'example_external_task_marker_parent']) retrieved from /home/airflow/.local/lib/python3.7/site-packages/airflow/example_dags/example_external_task_marker_dag.py
[2023-03-12T10:19:28.337+0000] {logging_mixin.py:137} INFO - [2023-03-12T10:19:28.336+0000] {dag.py:2690} INFO - Sync 2 DAGs
[2023-03-12T10:19:28.357+0000] {logging_mixin.py:137} INFO - [2023-03-12T10:19:28.357+0000] {dag.py:3441} INFO - Setting next_dagrun for example_external_task_marker_child to None, run_after=None
[2023-03-12T10:19:28.360+0000] {logging_mixin.py:137} INFO - [2023-03-12T10:19:28.360+0000] {dag.py:3441} INFO - Setting next_dagrun for example_external_task_marker_parent to None, run_after=None
[2023-03-12T10:19:28.373+0000] {processor.py:175} INFO - Processing /home/airflow/.local/lib/python3.7/site-packages/airflow/example_dags/example_external_task_marker_dag.py took 0.102 seconds
[2023-03-12T10:19:59.688+0000] {processor.py:153} INFO - Started process (PID=1735) to work on /home/airflow/.local/lib/python3.7/site-packages/airflow/example_dags/example_external_task_marker_dag.py
[2023-03-12T10:19:59.690+0000] {processor.py:743} INFO - Processing file /home/airflow/.local/lib/python3.7/site-packages/airflow/example_dags/example_external_task_marker_dag.py for tasks to queue
[2023-03-12T10:19:59.693+0000] {logging_mixin.py:137} INFO - [2023-03-12T10:19:59.692+0000] {dagbag.py:538} INFO - Filling up the DagBag from /home/airflow/.local/lib/python3.7/site-packages/airflow/example_dags/example_external_task_marker_dag.py
[2023-03-12T10:19:59.716+0000] {processor.py:753} INFO - DAG(s) dict_keys(['example_external_task_marker_child', 'example_external_task_marker_parent']) retrieved from /home/airflow/.local/lib/python3.7/site-packages/airflow/example_dags/example_external_task_marker_dag.py
[2023-03-12T10:19:59.777+0000] {logging_mixin.py:137} INFO - [2023-03-12T10:19:59.777+0000] {dag.py:2690} INFO - Sync 2 DAGs
[2023-03-12T10:19:59.814+0000] {logging_mixin.py:137} INFO - [2023-03-12T10:19:59.814+0000] {dag.py:3441} INFO - Setting next_dagrun for example_external_task_marker_child to None, run_after=None
[2023-03-12T10:19:59.823+0000] {logging_mixin.py:137} INFO - [2023-03-12T10:19:59.822+0000] {dag.py:3441} INFO - Setting next_dagrun for example_external_task_marker_parent to None, run_after=None
[2023-03-12T10:19:59.844+0000] {processor.py:175} INFO - Processing /home/airflow/.local/lib/python3.7/site-packages/airflow/example_dags/example_external_task_marker_dag.py took 0.160 seconds
[2023-03-12T10:20:29.996+0000] {processor.py:153} INFO - Started process (PID=1814) to work on /home/airflow/.local/lib/python3.7/site-packages/airflow/example_dags/example_external_task_marker_dag.py
[2023-03-12T10:20:29.998+0000] {processor.py:743} INFO - Processing file /home/airflow/.local/lib/python3.7/site-packages/airflow/example_dags/example_external_task_marker_dag.py for tasks to queue
[2023-03-12T10:20:30.000+0000] {logging_mixin.py:137} INFO - [2023-03-12T10:20:29.999+0000] {dagbag.py:538} INFO - Filling up the DagBag from /home/airflow/.local/lib/python3.7/site-packages/airflow/example_dags/example_external_task_marker_dag.py
[2023-03-12T10:20:30.009+0000] {processor.py:753} INFO - DAG(s) dict_keys(['example_external_task_marker_child', 'example_external_task_marker_parent']) retrieved from /home/airflow/.local/lib/python3.7/site-packages/airflow/example_dags/example_external_task_marker_dag.py
[2023-03-12T10:20:30.035+0000] {logging_mixin.py:137} INFO - [2023-03-12T10:20:30.035+0000] {dag.py:2690} INFO - Sync 2 DAGs
[2023-03-12T10:20:30.051+0000] {logging_mixin.py:137} INFO - [2023-03-12T10:20:30.051+0000] {dag.py:3441} INFO - Setting next_dagrun for example_external_task_marker_child to None, run_after=None
[2023-03-12T10:20:30.055+0000] {logging_mixin.py:137} INFO - [2023-03-12T10:20:30.055+0000] {dag.py:3441} INFO - Setting next_dagrun for example_external_task_marker_parent to None, run_after=None
[2023-03-12T10:20:30.068+0000] {processor.py:175} INFO - Processing /home/airflow/.local/lib/python3.7/site-packages/airflow/example_dags/example_external_task_marker_dag.py took 0.075 seconds
[2023-03-12T10:21:00.604+0000] {processor.py:153} INFO - Started process (PID=1893) to work on /home/airflow/.local/lib/python3.7/site-packages/airflow/example_dags/example_external_task_marker_dag.py
[2023-03-12T10:21:00.609+0000] {processor.py:743} INFO - Processing file /home/airflow/.local/lib/python3.7/site-packages/airflow/example_dags/example_external_task_marker_dag.py for tasks to queue
[2023-03-12T10:21:00.612+0000] {logging_mixin.py:137} INFO - [2023-03-12T10:21:00.612+0000] {dagbag.py:538} INFO - Filling up the DagBag from /home/airflow/.local/lib/python3.7/site-packages/airflow/example_dags/example_external_task_marker_dag.py
[2023-03-12T10:21:00.625+0000] {processor.py:753} INFO - DAG(s) dict_keys(['example_external_task_marker_child', 'example_external_task_marker_parent']) retrieved from /home/airflow/.local/lib/python3.7/site-packages/airflow/example_dags/example_external_task_marker_dag.py
[2023-03-12T10:21:00.653+0000] {logging_mixin.py:137} INFO - [2023-03-12T10:21:00.653+0000] {dag.py:2690} INFO - Sync 2 DAGs
[2023-03-12T10:21:00.673+0000] {logging_mixin.py:137} INFO - [2023-03-12T10:21:00.673+0000] {dag.py:3441} INFO - Setting next_dagrun for example_external_task_marker_child to None, run_after=None
[2023-03-12T10:21:00.676+0000] {logging_mixin.py:137} INFO - [2023-03-12T10:21:00.676+0000] {dag.py:3441} INFO - Setting next_dagrun for example_external_task_marker_parent to None, run_after=None
[2023-03-12T10:21:00.688+0000] {processor.py:175} INFO - Processing /home/airflow/.local/lib/python3.7/site-packages/airflow/example_dags/example_external_task_marker_dag.py took 0.090 seconds
[2023-03-12T10:21:30.742+0000] {processor.py:153} INFO - Started process (PID=1958) to work on /home/airflow/.local/lib/python3.7/site-packages/airflow/example_dags/example_external_task_marker_dag.py
[2023-03-12T10:21:30.744+0000] {processor.py:743} INFO - Processing file /home/airflow/.local/lib/python3.7/site-packages/airflow/example_dags/example_external_task_marker_dag.py for tasks to queue
[2023-03-12T10:21:30.746+0000] {logging_mixin.py:137} INFO - [2023-03-12T10:21:30.746+0000] {dagbag.py:538} INFO - Filling up the DagBag from /home/airflow/.local/lib/python3.7/site-packages/airflow/example_dags/example_external_task_marker_dag.py
[2023-03-12T10:21:30.756+0000] {processor.py:753} INFO - DAG(s) dict_keys(['example_external_task_marker_parent', 'example_external_task_marker_child']) retrieved from /home/airflow/.local/lib/python3.7/site-packages/airflow/example_dags/example_external_task_marker_dag.py
[2023-03-12T10:21:30.784+0000] {logging_mixin.py:137} INFO - [2023-03-12T10:21:30.783+0000] {dag.py:2690} INFO - Sync 2 DAGs
[2023-03-12T10:21:30.802+0000] {logging_mixin.py:137} INFO - [2023-03-12T10:21:30.802+0000] {dag.py:3441} INFO - Setting next_dagrun for example_external_task_marker_child to None, run_after=None
[2023-03-12T10:21:30.805+0000] {logging_mixin.py:137} INFO - [2023-03-12T10:21:30.805+0000] {dag.py:3441} INFO - Setting next_dagrun for example_external_task_marker_parent to None, run_after=None
[2023-03-12T10:21:30.821+0000] {processor.py:175} INFO - Processing /home/airflow/.local/lib/python3.7/site-packages/airflow/example_dags/example_external_task_marker_dag.py took 0.081 seconds
[2023-03-12T10:22:01.252+0000] {processor.py:153} INFO - Started process (PID=2036) to work on /home/airflow/.local/lib/python3.7/site-packages/airflow/example_dags/example_external_task_marker_dag.py
[2023-03-12T10:22:01.254+0000] {processor.py:743} INFO - Processing file /home/airflow/.local/lib/python3.7/site-packages/airflow/example_dags/example_external_task_marker_dag.py for tasks to queue
[2023-03-12T10:22:01.256+0000] {logging_mixin.py:137} INFO - [2023-03-12T10:22:01.256+0000] {dagbag.py:538} INFO - Filling up the DagBag from /home/airflow/.local/lib/python3.7/site-packages/airflow/example_dags/example_external_task_marker_dag.py
[2023-03-12T10:22:01.266+0000] {processor.py:753} INFO - DAG(s) dict_keys(['example_external_task_marker_child', 'example_external_task_marker_parent']) retrieved from /home/airflow/.local/lib/python3.7/site-packages/airflow/example_dags/example_external_task_marker_dag.py
[2023-03-12T10:22:01.292+0000] {logging_mixin.py:137} INFO - [2023-03-12T10:22:01.291+0000] {dag.py:2690} INFO - Sync 2 DAGs
[2023-03-12T10:22:01.310+0000] {logging_mixin.py:137} INFO - [2023-03-12T10:22:01.310+0000] {dag.py:3441} INFO - Setting next_dagrun for example_external_task_marker_child to None, run_after=None
[2023-03-12T10:22:01.313+0000] {logging_mixin.py:137} INFO - [2023-03-12T10:22:01.313+0000] {dag.py:3441} INFO - Setting next_dagrun for example_external_task_marker_parent to None, run_after=None
[2023-03-12T10:22:01.326+0000] {processor.py:175} INFO - Processing /home/airflow/.local/lib/python3.7/site-packages/airflow/example_dags/example_external_task_marker_dag.py took 0.078 seconds
