[2023-03-12T10:08:15.809+0000] {processor.py:153} INFO - Started process (PID=57) to work on /home/airflow/.local/lib/python3.7/site-packages/airflow/example_dags/example_skip_dag.py
[2023-03-12T10:08:15.812+0000] {processor.py:743} INFO - Processing file /home/airflow/.local/lib/python3.7/site-packages/airflow/example_dags/example_skip_dag.py for tasks to queue
[2023-03-12T10:08:15.814+0000] {logging_mixin.py:137} INFO - [2023-03-12T10:08:15.814+0000] {dagbag.py:538} INFO - Filling up the DagBag from /home/airflow/.local/lib/python3.7/site-packages/airflow/example_dags/example_skip_dag.py
[2023-03-12T10:08:15.855+0000] {processor.py:753} INFO - DAG(s) dict_keys(['example_skip_dag']) retrieved from /home/airflow/.local/lib/python3.7/site-packages/airflow/example_dags/example_skip_dag.py
[2023-03-12T10:08:15.890+0000] {logging_mixin.py:137} INFO - [2023-03-12T10:08:15.889+0000] {dag.py:2690} INFO - Sync 1 DAGs
[2023-03-12T10:08:15.931+0000] {logging_mixin.py:137} INFO - [2023-03-12T10:08:15.931+0000] {dag.py:3441} INFO - Setting next_dagrun for example_skip_dag to 2023-03-11T10:08:15.930740+00:00, run_after=2023-03-12T10:08:15.930740+00:00
[2023-03-12T10:08:15.963+0000] {processor.py:175} INFO - Processing /home/airflow/.local/lib/python3.7/site-packages/airflow/example_dags/example_skip_dag.py took 0.162 seconds
[2023-03-12T10:08:46.386+0000] {processor.py:153} INFO - Started process (PID=134) to work on /home/airflow/.local/lib/python3.7/site-packages/airflow/example_dags/example_skip_dag.py
[2023-03-12T10:08:46.389+0000] {processor.py:743} INFO - Processing file /home/airflow/.local/lib/python3.7/site-packages/airflow/example_dags/example_skip_dag.py for tasks to queue
[2023-03-12T10:08:46.390+0000] {logging_mixin.py:137} INFO - [2023-03-12T10:08:46.390+0000] {dagbag.py:538} INFO - Filling up the DagBag from /home/airflow/.local/lib/python3.7/site-packages/airflow/example_dags/example_skip_dag.py
[2023-03-12T10:08:46.404+0000] {processor.py:753} INFO - DAG(s) dict_keys(['example_skip_dag']) retrieved from /home/airflow/.local/lib/python3.7/site-packages/airflow/example_dags/example_skip_dag.py
[2023-03-12T10:08:46.430+0000] {logging_mixin.py:137} INFO - [2023-03-12T10:08:46.430+0000] {dag.py:2690} INFO - Sync 1 DAGs
[2023-03-12T10:08:46.449+0000] {logging_mixin.py:137} INFO - [2023-03-12T10:08:46.449+0000] {dag.py:3441} INFO - Setting next_dagrun for example_skip_dag to 2023-03-11T10:08:46.449642+00:00, run_after=2023-03-12T10:08:46.449642+00:00
[2023-03-12T10:08:46.467+0000] {processor.py:175} INFO - Processing /home/airflow/.local/lib/python3.7/site-packages/airflow/example_dags/example_skip_dag.py took 0.084 seconds
[2023-03-12T10:09:18.143+0000] {processor.py:153} INFO - Started process (PID=207) to work on /home/airflow/.local/lib/python3.7/site-packages/airflow/example_dags/example_skip_dag.py
[2023-03-12T10:09:18.153+0000] {processor.py:743} INFO - Processing file /home/airflow/.local/lib/python3.7/site-packages/airflow/example_dags/example_skip_dag.py for tasks to queue
[2023-03-12T10:09:18.155+0000] {logging_mixin.py:137} INFO - [2023-03-12T10:09:18.155+0000] {dagbag.py:538} INFO - Filling up the DagBag from /home/airflow/.local/lib/python3.7/site-packages/airflow/example_dags/example_skip_dag.py
[2023-03-12T10:09:18.175+0000] {processor.py:753} INFO - DAG(s) dict_keys(['example_skip_dag']) retrieved from /home/airflow/.local/lib/python3.7/site-packages/airflow/example_dags/example_skip_dag.py
[2023-03-12T10:09:18.215+0000] {logging_mixin.py:137} INFO - [2023-03-12T10:09:18.215+0000] {dag.py:2690} INFO - Sync 1 DAGs
[2023-03-12T10:09:18.262+0000] {logging_mixin.py:137} INFO - [2023-03-12T10:09:18.262+0000] {dag.py:3441} INFO - Setting next_dagrun for example_skip_dag to 2023-03-11T10:09:18.262461+00:00, run_after=2023-03-12T10:09:18.262461+00:00
[2023-03-12T10:09:18.301+0000] {processor.py:175} INFO - Processing /home/airflow/.local/lib/python3.7/site-packages/airflow/example_dags/example_skip_dag.py took 0.162 seconds
[2023-03-12T10:09:48.703+0000] {processor.py:153} INFO - Started process (PID=276) to work on /home/airflow/.local/lib/python3.7/site-packages/airflow/example_dags/example_skip_dag.py
[2023-03-12T10:09:48.707+0000] {processor.py:743} INFO - Processing file /home/airflow/.local/lib/python3.7/site-packages/airflow/example_dags/example_skip_dag.py for tasks to queue
[2023-03-12T10:09:48.708+0000] {logging_mixin.py:137} INFO - [2023-03-12T10:09:48.708+0000] {dagbag.py:538} INFO - Filling up the DagBag from /home/airflow/.local/lib/python3.7/site-packages/airflow/example_dags/example_skip_dag.py
[2023-03-12T10:09:48.721+0000] {processor.py:753} INFO - DAG(s) dict_keys(['example_skip_dag']) retrieved from /home/airflow/.local/lib/python3.7/site-packages/airflow/example_dags/example_skip_dag.py
[2023-03-12T10:09:48.748+0000] {logging_mixin.py:137} INFO - [2023-03-12T10:09:48.748+0000] {dag.py:2690} INFO - Sync 1 DAGs
[2023-03-12T10:09:48.766+0000] {logging_mixin.py:137} INFO - [2023-03-12T10:09:48.766+0000] {dag.py:3441} INFO - Setting next_dagrun for example_skip_dag to 2023-03-11T10:09:48.766420+00:00, run_after=2023-03-12T10:09:48.766420+00:00
[2023-03-12T10:09:48.781+0000] {processor.py:175} INFO - Processing /home/airflow/.local/lib/python3.7/site-packages/airflow/example_dags/example_skip_dag.py took 0.081 seconds
[2023-03-12T10:10:19.647+0000] {processor.py:153} INFO - Started process (PID=353) to work on /home/airflow/.local/lib/python3.7/site-packages/airflow/example_dags/example_skip_dag.py
[2023-03-12T10:10:19.650+0000] {processor.py:743} INFO - Processing file /home/airflow/.local/lib/python3.7/site-packages/airflow/example_dags/example_skip_dag.py for tasks to queue
[2023-03-12T10:10:19.652+0000] {logging_mixin.py:137} INFO - [2023-03-12T10:10:19.652+0000] {dagbag.py:538} INFO - Filling up the DagBag from /home/airflow/.local/lib/python3.7/site-packages/airflow/example_dags/example_skip_dag.py
[2023-03-12T10:10:19.665+0000] {processor.py:753} INFO - DAG(s) dict_keys(['example_skip_dag']) retrieved from /home/airflow/.local/lib/python3.7/site-packages/airflow/example_dags/example_skip_dag.py
[2023-03-12T10:10:19.691+0000] {logging_mixin.py:137} INFO - [2023-03-12T10:10:19.690+0000] {dag.py:2690} INFO - Sync 1 DAGs
[2023-03-12T10:10:19.712+0000] {logging_mixin.py:137} INFO - [2023-03-12T10:10:19.712+0000] {dag.py:3441} INFO - Setting next_dagrun for example_skip_dag to 2023-03-11T10:10:19.712649+00:00, run_after=2023-03-12T10:10:19.712649+00:00
[2023-03-12T10:10:19.730+0000] {processor.py:175} INFO - Processing /home/airflow/.local/lib/python3.7/site-packages/airflow/example_dags/example_skip_dag.py took 0.087 seconds
[2023-03-12T10:10:49.829+0000] {processor.py:153} INFO - Started process (PID=418) to work on /home/airflow/.local/lib/python3.7/site-packages/airflow/example_dags/example_skip_dag.py
[2023-03-12T10:10:49.831+0000] {processor.py:743} INFO - Processing file /home/airflow/.local/lib/python3.7/site-packages/airflow/example_dags/example_skip_dag.py for tasks to queue
[2023-03-12T10:10:49.835+0000] {logging_mixin.py:137} INFO - [2023-03-12T10:10:49.835+0000] {dagbag.py:538} INFO - Filling up the DagBag from /home/airflow/.local/lib/python3.7/site-packages/airflow/example_dags/example_skip_dag.py
[2023-03-12T10:10:49.847+0000] {processor.py:753} INFO - DAG(s) dict_keys(['example_skip_dag']) retrieved from /home/airflow/.local/lib/python3.7/site-packages/airflow/example_dags/example_skip_dag.py
[2023-03-12T10:10:49.878+0000] {logging_mixin.py:137} INFO - [2023-03-12T10:10:49.878+0000] {dag.py:2690} INFO - Sync 1 DAGs
[2023-03-12T10:10:49.897+0000] {logging_mixin.py:137} INFO - [2023-03-12T10:10:49.897+0000] {dag.py:3441} INFO - Setting next_dagrun for example_skip_dag to 2023-03-11T10:10:49.897259+00:00, run_after=2023-03-12T10:10:49.897259+00:00
[2023-03-12T10:10:49.921+0000] {processor.py:175} INFO - Processing /home/airflow/.local/lib/python3.7/site-packages/airflow/example_dags/example_skip_dag.py took 0.096 seconds
[2023-03-12T10:11:20.013+0000] {processor.py:153} INFO - Started process (PID=495) to work on /home/airflow/.local/lib/python3.7/site-packages/airflow/example_dags/example_skip_dag.py
[2023-03-12T10:11:20.017+0000] {processor.py:743} INFO - Processing file /home/airflow/.local/lib/python3.7/site-packages/airflow/example_dags/example_skip_dag.py for tasks to queue
[2023-03-12T10:11:20.019+0000] {logging_mixin.py:137} INFO - [2023-03-12T10:11:20.019+0000] {dagbag.py:538} INFO - Filling up the DagBag from /home/airflow/.local/lib/python3.7/site-packages/airflow/example_dags/example_skip_dag.py
[2023-03-12T10:11:20.029+0000] {processor.py:753} INFO - DAG(s) dict_keys(['example_skip_dag']) retrieved from /home/airflow/.local/lib/python3.7/site-packages/airflow/example_dags/example_skip_dag.py
[2023-03-12T10:11:20.055+0000] {logging_mixin.py:137} INFO - [2023-03-12T10:11:20.055+0000] {dag.py:2690} INFO - Sync 1 DAGs
[2023-03-12T10:11:20.073+0000] {logging_mixin.py:137} INFO - [2023-03-12T10:11:20.073+0000] {dag.py:3441} INFO - Setting next_dagrun for example_skip_dag to 2023-03-11T10:11:20.073274+00:00, run_after=2023-03-12T10:11:20.073274+00:00
[2023-03-12T10:11:20.088+0000] {processor.py:175} INFO - Processing /home/airflow/.local/lib/python3.7/site-packages/airflow/example_dags/example_skip_dag.py took 0.078 seconds
[2023-03-12T10:11:50.225+0000] {processor.py:153} INFO - Started process (PID=571) to work on /home/airflow/.local/lib/python3.7/site-packages/airflow/example_dags/example_skip_dag.py
[2023-03-12T10:11:50.227+0000] {processor.py:743} INFO - Processing file /home/airflow/.local/lib/python3.7/site-packages/airflow/example_dags/example_skip_dag.py for tasks to queue
[2023-03-12T10:11:50.228+0000] {logging_mixin.py:137} INFO - [2023-03-12T10:11:50.228+0000] {dagbag.py:538} INFO - Filling up the DagBag from /home/airflow/.local/lib/python3.7/site-packages/airflow/example_dags/example_skip_dag.py
[2023-03-12T10:11:50.242+0000] {processor.py:753} INFO - DAG(s) dict_keys(['example_skip_dag']) retrieved from /home/airflow/.local/lib/python3.7/site-packages/airflow/example_dags/example_skip_dag.py
[2023-03-12T10:11:50.274+0000] {logging_mixin.py:137} INFO - [2023-03-12T10:11:50.274+0000] {dag.py:2690} INFO - Sync 1 DAGs
[2023-03-12T10:11:50.294+0000] {logging_mixin.py:137} INFO - [2023-03-12T10:11:50.294+0000] {dag.py:3441} INFO - Setting next_dagrun for example_skip_dag to 2023-03-11T10:11:50.294077+00:00, run_after=2023-03-12T10:11:50.294077+00:00
[2023-03-12T10:11:50.309+0000] {processor.py:175} INFO - Processing /home/airflow/.local/lib/python3.7/site-packages/airflow/example_dags/example_skip_dag.py took 0.087 seconds
[2023-03-12T10:12:20.524+0000] {processor.py:153} INFO - Started process (PID=636) to work on /home/airflow/.local/lib/python3.7/site-packages/airflow/example_dags/example_skip_dag.py
[2023-03-12T10:12:20.527+0000] {processor.py:743} INFO - Processing file /home/airflow/.local/lib/python3.7/site-packages/airflow/example_dags/example_skip_dag.py for tasks to queue
[2023-03-12T10:12:20.528+0000] {logging_mixin.py:137} INFO - [2023-03-12T10:12:20.528+0000] {dagbag.py:538} INFO - Filling up the DagBag from /home/airflow/.local/lib/python3.7/site-packages/airflow/example_dags/example_skip_dag.py
[2023-03-12T10:12:20.541+0000] {processor.py:753} INFO - DAG(s) dict_keys(['example_skip_dag']) retrieved from /home/airflow/.local/lib/python3.7/site-packages/airflow/example_dags/example_skip_dag.py
[2023-03-12T10:12:20.571+0000] {logging_mixin.py:137} INFO - [2023-03-12T10:12:20.571+0000] {dag.py:2690} INFO - Sync 1 DAGs
[2023-03-12T10:12:20.598+0000] {logging_mixin.py:137} INFO - [2023-03-12T10:12:20.598+0000] {dag.py:3441} INFO - Setting next_dagrun for example_skip_dag to 2023-03-11T10:12:20.598168+00:00, run_after=2023-03-12T10:12:20.598168+00:00
[2023-03-12T10:12:20.614+0000] {processor.py:175} INFO - Processing /home/airflow/.local/lib/python3.7/site-packages/airflow/example_dags/example_skip_dag.py took 0.093 seconds
[2023-03-12T10:12:50.849+0000] {processor.py:153} INFO - Started process (PID=714) to work on /home/airflow/.local/lib/python3.7/site-packages/airflow/example_dags/example_skip_dag.py
[2023-03-12T10:12:50.855+0000] {processor.py:743} INFO - Processing file /home/airflow/.local/lib/python3.7/site-packages/airflow/example_dags/example_skip_dag.py for tasks to queue
[2023-03-12T10:12:50.863+0000] {logging_mixin.py:137} INFO - [2023-03-12T10:12:50.863+0000] {dagbag.py:538} INFO - Filling up the DagBag from /home/airflow/.local/lib/python3.7/site-packages/airflow/example_dags/example_skip_dag.py
[2023-03-12T10:12:50.885+0000] {processor.py:753} INFO - DAG(s) dict_keys(['example_skip_dag']) retrieved from /home/airflow/.local/lib/python3.7/site-packages/airflow/example_dags/example_skip_dag.py
[2023-03-12T10:12:50.923+0000] {logging_mixin.py:137} INFO - [2023-03-12T10:12:50.922+0000] {dag.py:2690} INFO - Sync 1 DAGs
[2023-03-12T10:12:50.949+0000] {logging_mixin.py:137} INFO - [2023-03-12T10:12:50.949+0000] {dag.py:3441} INFO - Setting next_dagrun for example_skip_dag to 2023-03-11T10:12:50.948789+00:00, run_after=2023-03-12T10:12:50.948789+00:00
[2023-03-12T10:12:50.971+0000] {processor.py:175} INFO - Processing /home/airflow/.local/lib/python3.7/site-packages/airflow/example_dags/example_skip_dag.py took 0.132 seconds
[2023-03-12T10:13:21.294+0000] {processor.py:153} INFO - Started process (PID=779) to work on /home/airflow/.local/lib/python3.7/site-packages/airflow/example_dags/example_skip_dag.py
[2023-03-12T10:13:21.296+0000] {processor.py:743} INFO - Processing file /home/airflow/.local/lib/python3.7/site-packages/airflow/example_dags/example_skip_dag.py for tasks to queue
[2023-03-12T10:13:21.298+0000] {logging_mixin.py:137} INFO - [2023-03-12T10:13:21.297+0000] {dagbag.py:538} INFO - Filling up the DagBag from /home/airflow/.local/lib/python3.7/site-packages/airflow/example_dags/example_skip_dag.py
[2023-03-12T10:13:21.310+0000] {processor.py:753} INFO - DAG(s) dict_keys(['example_skip_dag']) retrieved from /home/airflow/.local/lib/python3.7/site-packages/airflow/example_dags/example_skip_dag.py
[2023-03-12T10:13:21.338+0000] {logging_mixin.py:137} INFO - [2023-03-12T10:13:21.338+0000] {dag.py:2690} INFO - Sync 1 DAGs
[2023-03-12T10:13:21.375+0000] {logging_mixin.py:137} INFO - [2023-03-12T10:13:21.375+0000] {dag.py:3441} INFO - Setting next_dagrun for example_skip_dag to 2023-03-11T10:13:21.374742+00:00, run_after=2023-03-12T10:13:21.374742+00:00
[2023-03-12T10:13:21.401+0000] {processor.py:175} INFO - Processing /home/airflow/.local/lib/python3.7/site-packages/airflow/example_dags/example_skip_dag.py took 0.110 seconds
[2023-03-12T10:13:51.602+0000] {processor.py:153} INFO - Started process (PID=856) to work on /home/airflow/.local/lib/python3.7/site-packages/airflow/example_dags/example_skip_dag.py
[2023-03-12T10:13:51.604+0000] {processor.py:743} INFO - Processing file /home/airflow/.local/lib/python3.7/site-packages/airflow/example_dags/example_skip_dag.py for tasks to queue
[2023-03-12T10:13:51.606+0000] {logging_mixin.py:137} INFO - [2023-03-12T10:13:51.606+0000] {dagbag.py:538} INFO - Filling up the DagBag from /home/airflow/.local/lib/python3.7/site-packages/airflow/example_dags/example_skip_dag.py
[2023-03-12T10:13:51.618+0000] {processor.py:753} INFO - DAG(s) dict_keys(['example_skip_dag']) retrieved from /home/airflow/.local/lib/python3.7/site-packages/airflow/example_dags/example_skip_dag.py
[2023-03-12T10:13:51.643+0000] {logging_mixin.py:137} INFO - [2023-03-12T10:13:51.643+0000] {dag.py:2690} INFO - Sync 1 DAGs
[2023-03-12T10:13:51.662+0000] {logging_mixin.py:137} INFO - [2023-03-12T10:13:51.662+0000] {dag.py:3441} INFO - Setting next_dagrun for example_skip_dag to 2023-03-11T10:13:51.662234+00:00, run_after=2023-03-12T10:13:51.662234+00:00
[2023-03-12T10:13:51.681+0000] {processor.py:175} INFO - Processing /home/airflow/.local/lib/python3.7/site-packages/airflow/example_dags/example_skip_dag.py took 0.081 seconds
[2023-03-12T10:14:21.905+0000] {processor.py:153} INFO - Started process (PID=933) to work on /home/airflow/.local/lib/python3.7/site-packages/airflow/example_dags/example_skip_dag.py
[2023-03-12T10:14:21.908+0000] {processor.py:743} INFO - Processing file /home/airflow/.local/lib/python3.7/site-packages/airflow/example_dags/example_skip_dag.py for tasks to queue
[2023-03-12T10:14:21.913+0000] {logging_mixin.py:137} INFO - [2023-03-12T10:14:21.912+0000] {dagbag.py:538} INFO - Filling up the DagBag from /home/airflow/.local/lib/python3.7/site-packages/airflow/example_dags/example_skip_dag.py
[2023-03-12T10:14:21.928+0000] {processor.py:753} INFO - DAG(s) dict_keys(['example_skip_dag']) retrieved from /home/airflow/.local/lib/python3.7/site-packages/airflow/example_dags/example_skip_dag.py
[2023-03-12T10:14:21.958+0000] {logging_mixin.py:137} INFO - [2023-03-12T10:14:21.958+0000] {dag.py:2690} INFO - Sync 1 DAGs
[2023-03-12T10:14:21.989+0000] {logging_mixin.py:137} INFO - [2023-03-12T10:14:21.989+0000] {dag.py:3441} INFO - Setting next_dagrun for example_skip_dag to 2023-03-11T10:14:21.988966+00:00, run_after=2023-03-12T10:14:21.988966+00:00
[2023-03-12T10:14:22.008+0000] {processor.py:175} INFO - Processing /home/airflow/.local/lib/python3.7/site-packages/airflow/example_dags/example_skip_dag.py took 0.107 seconds
[2023-03-12T10:14:52.165+0000] {processor.py:153} INFO - Started process (PID=999) to work on /home/airflow/.local/lib/python3.7/site-packages/airflow/example_dags/example_skip_dag.py
[2023-03-12T10:14:52.168+0000] {processor.py:743} INFO - Processing file /home/airflow/.local/lib/python3.7/site-packages/airflow/example_dags/example_skip_dag.py for tasks to queue
[2023-03-12T10:14:52.170+0000] {logging_mixin.py:137} INFO - [2023-03-12T10:14:52.170+0000] {dagbag.py:538} INFO - Filling up the DagBag from /home/airflow/.local/lib/python3.7/site-packages/airflow/example_dags/example_skip_dag.py
[2023-03-12T10:14:52.186+0000] {processor.py:753} INFO - DAG(s) dict_keys(['example_skip_dag']) retrieved from /home/airflow/.local/lib/python3.7/site-packages/airflow/example_dags/example_skip_dag.py
[2023-03-12T10:14:52.226+0000] {logging_mixin.py:137} INFO - [2023-03-12T10:14:52.226+0000] {dag.py:2690} INFO - Sync 1 DAGs
[2023-03-12T10:14:52.251+0000] {logging_mixin.py:137} INFO - [2023-03-12T10:14:52.251+0000] {dag.py:3441} INFO - Setting next_dagrun for example_skip_dag to 2023-03-11T10:14:52.250464+00:00, run_after=2023-03-12T10:14:52.250464+00:00
[2023-03-12T10:14:52.269+0000] {processor.py:175} INFO - Processing /home/airflow/.local/lib/python3.7/site-packages/airflow/example_dags/example_skip_dag.py took 0.109 seconds
[2023-03-12T10:15:22.452+0000] {processor.py:153} INFO - Started process (PID=1077) to work on /home/airflow/.local/lib/python3.7/site-packages/airflow/example_dags/example_skip_dag.py
[2023-03-12T10:15:22.455+0000] {processor.py:743} INFO - Processing file /home/airflow/.local/lib/python3.7/site-packages/airflow/example_dags/example_skip_dag.py for tasks to queue
[2023-03-12T10:15:22.457+0000] {logging_mixin.py:137} INFO - [2023-03-12T10:15:22.457+0000] {dagbag.py:538} INFO - Filling up the DagBag from /home/airflow/.local/lib/python3.7/site-packages/airflow/example_dags/example_skip_dag.py
[2023-03-12T10:15:22.471+0000] {processor.py:753} INFO - DAG(s) dict_keys(['example_skip_dag']) retrieved from /home/airflow/.local/lib/python3.7/site-packages/airflow/example_dags/example_skip_dag.py
[2023-03-12T10:15:22.497+0000] {logging_mixin.py:137} INFO - [2023-03-12T10:15:22.497+0000] {dag.py:2690} INFO - Sync 1 DAGs
[2023-03-12T10:15:22.522+0000] {logging_mixin.py:137} INFO - [2023-03-12T10:15:22.521+0000] {dag.py:3441} INFO - Setting next_dagrun for example_skip_dag to 2023-03-11T10:15:22.521661+00:00, run_after=2023-03-12T10:15:22.521661+00:00
[2023-03-12T10:15:22.536+0000] {processor.py:175} INFO - Processing /home/airflow/.local/lib/python3.7/site-packages/airflow/example_dags/example_skip_dag.py took 0.089 seconds
[2023-03-12T10:15:52.787+0000] {processor.py:153} INFO - Started process (PID=1140) to work on /home/airflow/.local/lib/python3.7/site-packages/airflow/example_dags/example_skip_dag.py
[2023-03-12T10:15:52.789+0000] {processor.py:743} INFO - Processing file /home/airflow/.local/lib/python3.7/site-packages/airflow/example_dags/example_skip_dag.py for tasks to queue
[2023-03-12T10:15:52.791+0000] {logging_mixin.py:137} INFO - [2023-03-12T10:15:52.791+0000] {dagbag.py:538} INFO - Filling up the DagBag from /home/airflow/.local/lib/python3.7/site-packages/airflow/example_dags/example_skip_dag.py
[2023-03-12T10:15:52.803+0000] {processor.py:753} INFO - DAG(s) dict_keys(['example_skip_dag']) retrieved from /home/airflow/.local/lib/python3.7/site-packages/airflow/example_dags/example_skip_dag.py
[2023-03-12T10:15:52.828+0000] {logging_mixin.py:137} INFO - [2023-03-12T10:15:52.828+0000] {dag.py:2690} INFO - Sync 1 DAGs
[2023-03-12T10:15:52.845+0000] {logging_mixin.py:137} INFO - [2023-03-12T10:15:52.845+0000] {dag.py:3441} INFO - Setting next_dagrun for example_skip_dag to 2023-03-11T10:15:52.845255+00:00, run_after=2023-03-12T10:15:52.845255+00:00
[2023-03-12T10:15:52.859+0000] {processor.py:175} INFO - Processing /home/airflow/.local/lib/python3.7/site-packages/airflow/example_dags/example_skip_dag.py took 0.075 seconds
[2023-03-12T10:16:23.075+0000] {processor.py:153} INFO - Started process (PID=1217) to work on /home/airflow/.local/lib/python3.7/site-packages/airflow/example_dags/example_skip_dag.py
[2023-03-12T10:16:23.077+0000] {processor.py:743} INFO - Processing file /home/airflow/.local/lib/python3.7/site-packages/airflow/example_dags/example_skip_dag.py for tasks to queue
[2023-03-12T10:16:23.079+0000] {logging_mixin.py:137} INFO - [2023-03-12T10:16:23.079+0000] {dagbag.py:538} INFO - Filling up the DagBag from /home/airflow/.local/lib/python3.7/site-packages/airflow/example_dags/example_skip_dag.py
[2023-03-12T10:16:23.093+0000] {processor.py:753} INFO - DAG(s) dict_keys(['example_skip_dag']) retrieved from /home/airflow/.local/lib/python3.7/site-packages/airflow/example_dags/example_skip_dag.py
[2023-03-12T10:16:23.119+0000] {logging_mixin.py:137} INFO - [2023-03-12T10:16:23.119+0000] {dag.py:2690} INFO - Sync 1 DAGs
[2023-03-12T10:16:23.140+0000] {logging_mixin.py:137} INFO - [2023-03-12T10:16:23.140+0000] {dag.py:3441} INFO - Setting next_dagrun for example_skip_dag to 2023-03-11T10:16:23.140266+00:00, run_after=2023-03-12T10:16:23.140266+00:00
[2023-03-12T10:16:23.157+0000] {processor.py:175} INFO - Processing /home/airflow/.local/lib/python3.7/site-packages/airflow/example_dags/example_skip_dag.py took 0.085 seconds
[2023-03-12T10:16:54.043+0000] {processor.py:153} INFO - Started process (PID=1295) to work on /home/airflow/.local/lib/python3.7/site-packages/airflow/example_dags/example_skip_dag.py
[2023-03-12T10:16:54.045+0000] {processor.py:743} INFO - Processing file /home/airflow/.local/lib/python3.7/site-packages/airflow/example_dags/example_skip_dag.py for tasks to queue
[2023-03-12T10:16:54.047+0000] {logging_mixin.py:137} INFO - [2023-03-12T10:16:54.046+0000] {dagbag.py:538} INFO - Filling up the DagBag from /home/airflow/.local/lib/python3.7/site-packages/airflow/example_dags/example_skip_dag.py
[2023-03-12T10:16:54.058+0000] {processor.py:753} INFO - DAG(s) dict_keys(['example_skip_dag']) retrieved from /home/airflow/.local/lib/python3.7/site-packages/airflow/example_dags/example_skip_dag.py
[2023-03-12T10:16:54.083+0000] {logging_mixin.py:137} INFO - [2023-03-12T10:16:54.083+0000] {dag.py:2690} INFO - Sync 1 DAGs
[2023-03-12T10:16:54.106+0000] {logging_mixin.py:137} INFO - [2023-03-12T10:16:54.106+0000] {dag.py:3441} INFO - Setting next_dagrun for example_skip_dag to 2023-03-11T10:16:54.105997+00:00, run_after=2023-03-12T10:16:54.105997+00:00
[2023-03-12T10:16:54.123+0000] {processor.py:175} INFO - Processing /home/airflow/.local/lib/python3.7/site-packages/airflow/example_dags/example_skip_dag.py took 0.084 seconds
[2023-03-12T10:17:24.216+0000] {processor.py:153} INFO - Started process (PID=1360) to work on /home/airflow/.local/lib/python3.7/site-packages/airflow/example_dags/example_skip_dag.py
[2023-03-12T10:17:24.218+0000] {processor.py:743} INFO - Processing file /home/airflow/.local/lib/python3.7/site-packages/airflow/example_dags/example_skip_dag.py for tasks to queue
[2023-03-12T10:17:24.221+0000] {logging_mixin.py:137} INFO - [2023-03-12T10:17:24.220+0000] {dagbag.py:538} INFO - Filling up the DagBag from /home/airflow/.local/lib/python3.7/site-packages/airflow/example_dags/example_skip_dag.py
[2023-03-12T10:17:24.235+0000] {processor.py:753} INFO - DAG(s) dict_keys(['example_skip_dag']) retrieved from /home/airflow/.local/lib/python3.7/site-packages/airflow/example_dags/example_skip_dag.py
[2023-03-12T10:17:24.263+0000] {logging_mixin.py:137} INFO - [2023-03-12T10:17:24.262+0000] {dag.py:2690} INFO - Sync 1 DAGs
[2023-03-12T10:17:24.285+0000] {logging_mixin.py:137} INFO - [2023-03-12T10:17:24.285+0000] {dag.py:3441} INFO - Setting next_dagrun for example_skip_dag to 2023-03-11T10:17:24.285488+00:00, run_after=2023-03-12T10:17:24.285488+00:00
[2023-03-12T10:17:24.305+0000] {processor.py:175} INFO - Processing /home/airflow/.local/lib/python3.7/site-packages/airflow/example_dags/example_skip_dag.py took 0.093 seconds
[2023-03-12T10:17:55.193+0000] {processor.py:153} INFO - Started process (PID=1437) to work on /home/airflow/.local/lib/python3.7/site-packages/airflow/example_dags/example_skip_dag.py
[2023-03-12T10:17:55.195+0000] {processor.py:743} INFO - Processing file /home/airflow/.local/lib/python3.7/site-packages/airflow/example_dags/example_skip_dag.py for tasks to queue
[2023-03-12T10:17:55.197+0000] {logging_mixin.py:137} INFO - [2023-03-12T10:17:55.197+0000] {dagbag.py:538} INFO - Filling up the DagBag from /home/airflow/.local/lib/python3.7/site-packages/airflow/example_dags/example_skip_dag.py
[2023-03-12T10:17:55.211+0000] {processor.py:753} INFO - DAG(s) dict_keys(['example_skip_dag']) retrieved from /home/airflow/.local/lib/python3.7/site-packages/airflow/example_dags/example_skip_dag.py
[2023-03-12T10:17:55.240+0000] {logging_mixin.py:137} INFO - [2023-03-12T10:17:55.239+0000] {dag.py:2690} INFO - Sync 1 DAGs
[2023-03-12T10:17:55.262+0000] {logging_mixin.py:137} INFO - [2023-03-12T10:17:55.262+0000] {dag.py:3441} INFO - Setting next_dagrun for example_skip_dag to 2023-03-11T10:17:55.262202+00:00, run_after=2023-03-12T10:17:55.262202+00:00
[2023-03-12T10:17:55.278+0000] {processor.py:175} INFO - Processing /home/airflow/.local/lib/python3.7/site-packages/airflow/example_dags/example_skip_dag.py took 0.088 seconds
[2023-03-12T10:18:26.352+0000] {processor.py:153} INFO - Started process (PID=1511) to work on /home/airflow/.local/lib/python3.7/site-packages/airflow/example_dags/example_skip_dag.py
[2023-03-12T10:18:26.354+0000] {processor.py:743} INFO - Processing file /home/airflow/.local/lib/python3.7/site-packages/airflow/example_dags/example_skip_dag.py for tasks to queue
[2023-03-12T10:18:26.356+0000] {logging_mixin.py:137} INFO - [2023-03-12T10:18:26.356+0000] {dagbag.py:538} INFO - Filling up the DagBag from /home/airflow/.local/lib/python3.7/site-packages/airflow/example_dags/example_skip_dag.py
[2023-03-12T10:18:26.369+0000] {processor.py:753} INFO - DAG(s) dict_keys(['example_skip_dag']) retrieved from /home/airflow/.local/lib/python3.7/site-packages/airflow/example_dags/example_skip_dag.py
[2023-03-12T10:18:26.398+0000] {logging_mixin.py:137} INFO - [2023-03-12T10:18:26.397+0000] {dag.py:2690} INFO - Sync 1 DAGs
[2023-03-12T10:18:26.423+0000] {logging_mixin.py:137} INFO - [2023-03-12T10:18:26.423+0000] {dag.py:3441} INFO - Setting next_dagrun for example_skip_dag to 2023-03-11T10:18:26.423126+00:00, run_after=2023-03-12T10:18:26.423126+00:00
[2023-03-12T10:18:26.444+0000] {processor.py:175} INFO - Processing /home/airflow/.local/lib/python3.7/site-packages/airflow/example_dags/example_skip_dag.py took 0.096 seconds
[2023-03-12T10:18:56.697+0000] {processor.py:153} INFO - Started process (PID=1580) to work on /home/airflow/.local/lib/python3.7/site-packages/airflow/example_dags/example_skip_dag.py
[2023-03-12T10:18:56.699+0000] {processor.py:743} INFO - Processing file /home/airflow/.local/lib/python3.7/site-packages/airflow/example_dags/example_skip_dag.py for tasks to queue
[2023-03-12T10:18:56.701+0000] {logging_mixin.py:137} INFO - [2023-03-12T10:18:56.701+0000] {dagbag.py:538} INFO - Filling up the DagBag from /home/airflow/.local/lib/python3.7/site-packages/airflow/example_dags/example_skip_dag.py
[2023-03-12T10:18:56.721+0000] {processor.py:753} INFO - DAG(s) dict_keys(['example_skip_dag']) retrieved from /home/airflow/.local/lib/python3.7/site-packages/airflow/example_dags/example_skip_dag.py
[2023-03-12T10:18:56.752+0000] {logging_mixin.py:137} INFO - [2023-03-12T10:18:56.752+0000] {dag.py:2690} INFO - Sync 1 DAGs
[2023-03-12T10:18:56.775+0000] {logging_mixin.py:137} INFO - [2023-03-12T10:18:56.774+0000] {dag.py:3441} INFO - Setting next_dagrun for example_skip_dag to 2023-03-11T10:18:56.774708+00:00, run_after=2023-03-12T10:18:56.774708+00:00
[2023-03-12T10:18:56.792+0000] {processor.py:175} INFO - Processing /home/airflow/.local/lib/python3.7/site-packages/airflow/example_dags/example_skip_dag.py took 0.097 seconds
[2023-03-12T10:19:27.558+0000] {processor.py:153} INFO - Started process (PID=1658) to work on /home/airflow/.local/lib/python3.7/site-packages/airflow/example_dags/example_skip_dag.py
[2023-03-12T10:19:27.560+0000] {processor.py:743} INFO - Processing file /home/airflow/.local/lib/python3.7/site-packages/airflow/example_dags/example_skip_dag.py for tasks to queue
[2023-03-12T10:19:27.563+0000] {logging_mixin.py:137} INFO - [2023-03-12T10:19:27.563+0000] {dagbag.py:538} INFO - Filling up the DagBag from /home/airflow/.local/lib/python3.7/site-packages/airflow/example_dags/example_skip_dag.py
[2023-03-12T10:19:27.576+0000] {processor.py:753} INFO - DAG(s) dict_keys(['example_skip_dag']) retrieved from /home/airflow/.local/lib/python3.7/site-packages/airflow/example_dags/example_skip_dag.py
[2023-03-12T10:19:27.604+0000] {logging_mixin.py:137} INFO - [2023-03-12T10:19:27.603+0000] {dag.py:2690} INFO - Sync 1 DAGs
[2023-03-12T10:19:27.621+0000] {logging_mixin.py:137} INFO - [2023-03-12T10:19:27.621+0000] {dag.py:3441} INFO - Setting next_dagrun for example_skip_dag to 2023-03-11T10:19:27.621065+00:00, run_after=2023-03-12T10:19:27.621065+00:00
[2023-03-12T10:19:27.636+0000] {processor.py:175} INFO - Processing /home/airflow/.local/lib/python3.7/site-packages/airflow/example_dags/example_skip_dag.py took 0.082 seconds
[2023-03-12T10:19:58.891+0000] {processor.py:153} INFO - Started process (PID=1723) to work on /home/airflow/.local/lib/python3.7/site-packages/airflow/example_dags/example_skip_dag.py
[2023-03-12T10:19:58.894+0000] {processor.py:743} INFO - Processing file /home/airflow/.local/lib/python3.7/site-packages/airflow/example_dags/example_skip_dag.py for tasks to queue
[2023-03-12T10:19:58.895+0000] {logging_mixin.py:137} INFO - [2023-03-12T10:19:58.895+0000] {dagbag.py:538} INFO - Filling up the DagBag from /home/airflow/.local/lib/python3.7/site-packages/airflow/example_dags/example_skip_dag.py
[2023-03-12T10:19:58.908+0000] {processor.py:753} INFO - DAG(s) dict_keys(['example_skip_dag']) retrieved from /home/airflow/.local/lib/python3.7/site-packages/airflow/example_dags/example_skip_dag.py
[2023-03-12T10:19:58.932+0000] {logging_mixin.py:137} INFO - [2023-03-12T10:19:58.932+0000] {dag.py:2690} INFO - Sync 1 DAGs
[2023-03-12T10:19:58.951+0000] {logging_mixin.py:137} INFO - [2023-03-12T10:19:58.951+0000] {dag.py:3441} INFO - Setting next_dagrun for example_skip_dag to 2023-03-11T10:19:58.951048+00:00, run_after=2023-03-12T10:19:58.951048+00:00
[2023-03-12T10:19:58.965+0000] {processor.py:175} INFO - Processing /home/airflow/.local/lib/python3.7/site-packages/airflow/example_dags/example_skip_dag.py took 0.077 seconds
[2023-03-12T10:20:29.102+0000] {processor.py:153} INFO - Started process (PID=1802) to work on /home/airflow/.local/lib/python3.7/site-packages/airflow/example_dags/example_skip_dag.py
[2023-03-12T10:20:29.105+0000] {processor.py:743} INFO - Processing file /home/airflow/.local/lib/python3.7/site-packages/airflow/example_dags/example_skip_dag.py for tasks to queue
[2023-03-12T10:20:29.106+0000] {logging_mixin.py:137} INFO - [2023-03-12T10:20:29.106+0000] {dagbag.py:538} INFO - Filling up the DagBag from /home/airflow/.local/lib/python3.7/site-packages/airflow/example_dags/example_skip_dag.py
[2023-03-12T10:20:29.119+0000] {processor.py:753} INFO - DAG(s) dict_keys(['example_skip_dag']) retrieved from /home/airflow/.local/lib/python3.7/site-packages/airflow/example_dags/example_skip_dag.py
[2023-03-12T10:20:29.152+0000] {logging_mixin.py:137} INFO - [2023-03-12T10:20:29.152+0000] {dag.py:2690} INFO - Sync 1 DAGs
[2023-03-12T10:20:29.173+0000] {logging_mixin.py:137} INFO - [2023-03-12T10:20:29.173+0000] {dag.py:3441} INFO - Setting next_dagrun for example_skip_dag to 2023-03-11T10:20:29.173297+00:00, run_after=2023-03-12T10:20:29.173297+00:00
[2023-03-12T10:20:29.190+0000] {processor.py:175} INFO - Processing /home/airflow/.local/lib/python3.7/site-packages/airflow/example_dags/example_skip_dag.py took 0.092 seconds
[2023-03-12T10:20:59.657+0000] {processor.py:153} INFO - Started process (PID=1881) to work on /home/airflow/.local/lib/python3.7/site-packages/airflow/example_dags/example_skip_dag.py
[2023-03-12T10:20:59.660+0000] {processor.py:743} INFO - Processing file /home/airflow/.local/lib/python3.7/site-packages/airflow/example_dags/example_skip_dag.py for tasks to queue
[2023-03-12T10:20:59.661+0000] {logging_mixin.py:137} INFO - [2023-03-12T10:20:59.661+0000] {dagbag.py:538} INFO - Filling up the DagBag from /home/airflow/.local/lib/python3.7/site-packages/airflow/example_dags/example_skip_dag.py
[2023-03-12T10:20:59.682+0000] {processor.py:753} INFO - DAG(s) dict_keys(['example_skip_dag']) retrieved from /home/airflow/.local/lib/python3.7/site-packages/airflow/example_dags/example_skip_dag.py
[2023-03-12T10:20:59.714+0000] {logging_mixin.py:137} INFO - [2023-03-12T10:20:59.714+0000] {dag.py:2690} INFO - Sync 1 DAGs
[2023-03-12T10:20:59.744+0000] {logging_mixin.py:137} INFO - [2023-03-12T10:20:59.744+0000] {dag.py:3441} INFO - Setting next_dagrun for example_skip_dag to 2023-03-11T10:20:59.744101+00:00, run_after=2023-03-12T10:20:59.744101+00:00
[2023-03-12T10:20:59.768+0000] {processor.py:175} INFO - Processing /home/airflow/.local/lib/python3.7/site-packages/airflow/example_dags/example_skip_dag.py took 0.114 seconds
[2023-03-12T10:21:29.837+0000] {processor.py:153} INFO - Started process (PID=1946) to work on /home/airflow/.local/lib/python3.7/site-packages/airflow/example_dags/example_skip_dag.py
[2023-03-12T10:21:29.839+0000] {processor.py:743} INFO - Processing file /home/airflow/.local/lib/python3.7/site-packages/airflow/example_dags/example_skip_dag.py for tasks to queue
[2023-03-12T10:21:29.841+0000] {logging_mixin.py:137} INFO - [2023-03-12T10:21:29.841+0000] {dagbag.py:538} INFO - Filling up the DagBag from /home/airflow/.local/lib/python3.7/site-packages/airflow/example_dags/example_skip_dag.py
[2023-03-12T10:21:29.854+0000] {processor.py:753} INFO - DAG(s) dict_keys(['example_skip_dag']) retrieved from /home/airflow/.local/lib/python3.7/site-packages/airflow/example_dags/example_skip_dag.py
[2023-03-12T10:21:29.883+0000] {logging_mixin.py:137} INFO - [2023-03-12T10:21:29.883+0000] {dag.py:2690} INFO - Sync 1 DAGs
[2023-03-12T10:21:29.901+0000] {logging_mixin.py:137} INFO - [2023-03-12T10:21:29.901+0000] {dag.py:3441} INFO - Setting next_dagrun for example_skip_dag to 2023-03-11T10:21:29.901405+00:00, run_after=2023-03-12T10:21:29.901405+00:00
[2023-03-12T10:21:29.916+0000] {processor.py:175} INFO - Processing /home/airflow/.local/lib/python3.7/site-packages/airflow/example_dags/example_skip_dag.py took 0.082 seconds
[2023-03-12T10:22:00.440+0000] {processor.py:153} INFO - Started process (PID=2024) to work on /home/airflow/.local/lib/python3.7/site-packages/airflow/example_dags/example_skip_dag.py
[2023-03-12T10:22:00.443+0000] {processor.py:743} INFO - Processing file /home/airflow/.local/lib/python3.7/site-packages/airflow/example_dags/example_skip_dag.py for tasks to queue
[2023-03-12T10:22:00.444+0000] {logging_mixin.py:137} INFO - [2023-03-12T10:22:00.444+0000] {dagbag.py:538} INFO - Filling up the DagBag from /home/airflow/.local/lib/python3.7/site-packages/airflow/example_dags/example_skip_dag.py
[2023-03-12T10:22:00.456+0000] {processor.py:753} INFO - DAG(s) dict_keys(['example_skip_dag']) retrieved from /home/airflow/.local/lib/python3.7/site-packages/airflow/example_dags/example_skip_dag.py
[2023-03-12T10:22:00.486+0000] {logging_mixin.py:137} INFO - [2023-03-12T10:22:00.486+0000] {dag.py:2690} INFO - Sync 1 DAGs
[2023-03-12T10:22:00.506+0000] {logging_mixin.py:137} INFO - [2023-03-12T10:22:00.506+0000] {dag.py:3441} INFO - Setting next_dagrun for example_skip_dag to 2023-03-11T10:22:00.505790+00:00, run_after=2023-03-12T10:22:00.505790+00:00
[2023-03-12T10:22:00.520+0000] {processor.py:175} INFO - Processing /home/airflow/.local/lib/python3.7/site-packages/airflow/example_dags/example_skip_dag.py took 0.084 seconds
