[2023-03-12T10:08:14.045+0000] {processor.py:153} INFO - Started process (PID=40) to work on /home/airflow/.local/lib/python3.7/site-packages/airflow/example_dags/example_branch_operator.py
[2023-03-12T10:08:14.047+0000] {processor.py:743} INFO - Processing file /home/airflow/.local/lib/python3.7/site-packages/airflow/example_dags/example_branch_operator.py for tasks to queue
[2023-03-12T10:08:14.049+0000] {logging_mixin.py:137} INFO - [2023-03-12T10:08:14.049+0000] {dagbag.py:538} INFO - Filling up the DagBag from /home/airflow/.local/lib/python3.7/site-packages/airflow/example_dags/example_branch_operator.py
[2023-03-12T10:08:14.064+0000] {processor.py:753} INFO - DAG(s) dict_keys(['example_branch_operator']) retrieved from /home/airflow/.local/lib/python3.7/site-packages/airflow/example_dags/example_branch_operator.py
[2023-03-12T10:08:14.087+0000] {logging_mixin.py:137} INFO - [2023-03-12T10:08:14.087+0000] {dag.py:2690} INFO - Sync 1 DAGs
[2023-03-12T10:08:14.123+0000] {logging_mixin.py:137} INFO - [2023-03-12T10:08:14.122+0000] {dag.py:3441} INFO - Setting next_dagrun for example_branch_operator to 2023-03-11T00:00:00+00:00, run_after=2023-03-12T00:00:00+00:00
[2023-03-12T10:08:14.143+0000] {processor.py:175} INFO - Processing /home/airflow/.local/lib/python3.7/site-packages/airflow/example_dags/example_branch_operator.py took 0.102 seconds
[2023-03-12T10:08:45.140+0000] {processor.py:153} INFO - Started process (PID=117) to work on /home/airflow/.local/lib/python3.7/site-packages/airflow/example_dags/example_branch_operator.py
[2023-03-12T10:08:45.142+0000] {processor.py:743} INFO - Processing file /home/airflow/.local/lib/python3.7/site-packages/airflow/example_dags/example_branch_operator.py for tasks to queue
[2023-03-12T10:08:45.144+0000] {logging_mixin.py:137} INFO - [2023-03-12T10:08:45.144+0000] {dagbag.py:538} INFO - Filling up the DagBag from /home/airflow/.local/lib/python3.7/site-packages/airflow/example_dags/example_branch_operator.py
[2023-03-12T10:08:45.158+0000] {processor.py:753} INFO - DAG(s) dict_keys(['example_branch_operator']) retrieved from /home/airflow/.local/lib/python3.7/site-packages/airflow/example_dags/example_branch_operator.py
[2023-03-12T10:08:45.183+0000] {logging_mixin.py:137} INFO - [2023-03-12T10:08:45.183+0000] {dag.py:2690} INFO - Sync 1 DAGs
[2023-03-12T10:08:45.204+0000] {logging_mixin.py:137} INFO - [2023-03-12T10:08:45.204+0000] {dag.py:3441} INFO - Setting next_dagrun for example_branch_operator to 2023-03-11T00:00:00+00:00, run_after=2023-03-12T00:00:00+00:00
[2023-03-12T10:08:45.217+0000] {processor.py:175} INFO - Processing /home/airflow/.local/lib/python3.7/site-packages/airflow/example_dags/example_branch_operator.py took 0.081 seconds
[2023-03-12T10:09:16.308+0000] {processor.py:153} INFO - Started process (PID=181) to work on /home/airflow/.local/lib/python3.7/site-packages/airflow/example_dags/example_branch_operator.py
[2023-03-12T10:09:16.311+0000] {processor.py:743} INFO - Processing file /home/airflow/.local/lib/python3.7/site-packages/airflow/example_dags/example_branch_operator.py for tasks to queue
[2023-03-12T10:09:16.313+0000] {logging_mixin.py:137} INFO - [2023-03-12T10:09:16.313+0000] {dagbag.py:538} INFO - Filling up the DagBag from /home/airflow/.local/lib/python3.7/site-packages/airflow/example_dags/example_branch_operator.py
[2023-03-12T10:09:16.328+0000] {processor.py:753} INFO - DAG(s) dict_keys(['example_branch_operator']) retrieved from /home/airflow/.local/lib/python3.7/site-packages/airflow/example_dags/example_branch_operator.py
[2023-03-12T10:09:16.354+0000] {logging_mixin.py:137} INFO - [2023-03-12T10:09:16.354+0000] {dag.py:2690} INFO - Sync 1 DAGs
[2023-03-12T10:09:16.374+0000] {logging_mixin.py:137} INFO - [2023-03-12T10:09:16.374+0000] {dag.py:3441} INFO - Setting next_dagrun for example_branch_operator to 2023-03-11T00:00:00+00:00, run_after=2023-03-12T00:00:00+00:00
[2023-03-12T10:09:16.399+0000] {processor.py:175} INFO - Processing /home/airflow/.local/lib/python3.7/site-packages/airflow/example_dags/example_branch_operator.py took 0.095 seconds
[2023-03-12T10:09:46.601+0000] {processor.py:153} INFO - Started process (PID=259) to work on /home/airflow/.local/lib/python3.7/site-packages/airflow/example_dags/example_branch_operator.py
[2023-03-12T10:09:46.604+0000] {processor.py:743} INFO - Processing file /home/airflow/.local/lib/python3.7/site-packages/airflow/example_dags/example_branch_operator.py for tasks to queue
[2023-03-12T10:09:46.605+0000] {logging_mixin.py:137} INFO - [2023-03-12T10:09:46.605+0000] {dagbag.py:538} INFO - Filling up the DagBag from /home/airflow/.local/lib/python3.7/site-packages/airflow/example_dags/example_branch_operator.py
[2023-03-12T10:09:46.619+0000] {processor.py:753} INFO - DAG(s) dict_keys(['example_branch_operator']) retrieved from /home/airflow/.local/lib/python3.7/site-packages/airflow/example_dags/example_branch_operator.py
[2023-03-12T10:09:46.642+0000] {logging_mixin.py:137} INFO - [2023-03-12T10:09:46.642+0000] {dag.py:2690} INFO - Sync 1 DAGs
[2023-03-12T10:09:46.659+0000] {logging_mixin.py:137} INFO - [2023-03-12T10:09:46.659+0000] {dag.py:3441} INFO - Setting next_dagrun for example_branch_operator to 2023-03-11T00:00:00+00:00, run_after=2023-03-12T00:00:00+00:00
[2023-03-12T10:09:46.671+0000] {processor.py:175} INFO - Processing /home/airflow/.local/lib/python3.7/site-packages/airflow/example_dags/example_branch_operator.py took 0.073 seconds
[2023-03-12T10:10:17.393+0000] {processor.py:153} INFO - Started process (PID=336) to work on /home/airflow/.local/lib/python3.7/site-packages/airflow/example_dags/example_branch_operator.py
[2023-03-12T10:10:17.395+0000] {processor.py:743} INFO - Processing file /home/airflow/.local/lib/python3.7/site-packages/airflow/example_dags/example_branch_operator.py for tasks to queue
[2023-03-12T10:10:17.396+0000] {logging_mixin.py:137} INFO - [2023-03-12T10:10:17.396+0000] {dagbag.py:538} INFO - Filling up the DagBag from /home/airflow/.local/lib/python3.7/site-packages/airflow/example_dags/example_branch_operator.py
[2023-03-12T10:10:17.409+0000] {processor.py:753} INFO - DAG(s) dict_keys(['example_branch_operator']) retrieved from /home/airflow/.local/lib/python3.7/site-packages/airflow/example_dags/example_branch_operator.py
[2023-03-12T10:10:17.435+0000] {logging_mixin.py:137} INFO - [2023-03-12T10:10:17.435+0000] {dag.py:2690} INFO - Sync 1 DAGs
[2023-03-12T10:10:17.451+0000] {logging_mixin.py:137} INFO - [2023-03-12T10:10:17.451+0000] {dag.py:3441} INFO - Setting next_dagrun for example_branch_operator to 2023-03-11T00:00:00+00:00, run_after=2023-03-12T00:00:00+00:00
[2023-03-12T10:10:17.463+0000] {processor.py:175} INFO - Processing /home/airflow/.local/lib/python3.7/site-packages/airflow/example_dags/example_branch_operator.py took 0.074 seconds
[2023-03-12T10:10:47.579+0000] {processor.py:153} INFO - Started process (PID=401) to work on /home/airflow/.local/lib/python3.7/site-packages/airflow/example_dags/example_branch_operator.py
[2023-03-12T10:10:47.581+0000] {processor.py:743} INFO - Processing file /home/airflow/.local/lib/python3.7/site-packages/airflow/example_dags/example_branch_operator.py for tasks to queue
[2023-03-12T10:10:47.582+0000] {logging_mixin.py:137} INFO - [2023-03-12T10:10:47.582+0000] {dagbag.py:538} INFO - Filling up the DagBag from /home/airflow/.local/lib/python3.7/site-packages/airflow/example_dags/example_branch_operator.py
[2023-03-12T10:10:47.597+0000] {processor.py:753} INFO - DAG(s) dict_keys(['example_branch_operator']) retrieved from /home/airflow/.local/lib/python3.7/site-packages/airflow/example_dags/example_branch_operator.py
[2023-03-12T10:10:47.623+0000] {logging_mixin.py:137} INFO - [2023-03-12T10:10:47.623+0000] {dag.py:2690} INFO - Sync 1 DAGs
[2023-03-12T10:10:47.642+0000] {logging_mixin.py:137} INFO - [2023-03-12T10:10:47.642+0000] {dag.py:3441} INFO - Setting next_dagrun for example_branch_operator to 2023-03-11T00:00:00+00:00, run_after=2023-03-12T00:00:00+00:00
[2023-03-12T10:10:47.656+0000] {processor.py:175} INFO - Processing /home/airflow/.local/lib/python3.7/site-packages/airflow/example_dags/example_branch_operator.py took 0.080 seconds
[2023-03-12T10:11:17.772+0000] {processor.py:153} INFO - Started process (PID=478) to work on /home/airflow/.local/lib/python3.7/site-packages/airflow/example_dags/example_branch_operator.py
[2023-03-12T10:11:17.775+0000] {processor.py:743} INFO - Processing file /home/airflow/.local/lib/python3.7/site-packages/airflow/example_dags/example_branch_operator.py for tasks to queue
[2023-03-12T10:11:17.776+0000] {logging_mixin.py:137} INFO - [2023-03-12T10:11:17.776+0000] {dagbag.py:538} INFO - Filling up the DagBag from /home/airflow/.local/lib/python3.7/site-packages/airflow/example_dags/example_branch_operator.py
[2023-03-12T10:11:17.790+0000] {processor.py:753} INFO - DAG(s) dict_keys(['example_branch_operator']) retrieved from /home/airflow/.local/lib/python3.7/site-packages/airflow/example_dags/example_branch_operator.py
[2023-03-12T10:11:17.815+0000] {logging_mixin.py:137} INFO - [2023-03-12T10:11:17.815+0000] {dag.py:2690} INFO - Sync 1 DAGs
[2023-03-12T10:11:17.833+0000] {logging_mixin.py:137} INFO - [2023-03-12T10:11:17.833+0000] {dag.py:3441} INFO - Setting next_dagrun for example_branch_operator to 2023-03-11T00:00:00+00:00, run_after=2023-03-12T00:00:00+00:00
[2023-03-12T10:11:17.846+0000] {processor.py:175} INFO - Processing /home/airflow/.local/lib/python3.7/site-packages/airflow/example_dags/example_branch_operator.py took 0.076 seconds
[2023-03-12T10:11:47.956+0000] {processor.py:153} INFO - Started process (PID=550) to work on /home/airflow/.local/lib/python3.7/site-packages/airflow/example_dags/example_branch_operator.py
[2023-03-12T10:11:47.958+0000] {processor.py:743} INFO - Processing file /home/airflow/.local/lib/python3.7/site-packages/airflow/example_dags/example_branch_operator.py for tasks to queue
[2023-03-12T10:11:47.961+0000] {logging_mixin.py:137} INFO - [2023-03-12T10:11:47.960+0000] {dagbag.py:538} INFO - Filling up the DagBag from /home/airflow/.local/lib/python3.7/site-packages/airflow/example_dags/example_branch_operator.py
[2023-03-12T10:11:47.974+0000] {processor.py:753} INFO - DAG(s) dict_keys(['example_branch_operator']) retrieved from /home/airflow/.local/lib/python3.7/site-packages/airflow/example_dags/example_branch_operator.py
[2023-03-12T10:11:48.000+0000] {logging_mixin.py:137} INFO - [2023-03-12T10:11:48.000+0000] {dag.py:2690} INFO - Sync 1 DAGs
[2023-03-12T10:11:48.019+0000] {logging_mixin.py:137} INFO - [2023-03-12T10:11:48.019+0000] {dag.py:3441} INFO - Setting next_dagrun for example_branch_operator to 2023-03-11T00:00:00+00:00, run_after=2023-03-12T00:00:00+00:00
[2023-03-12T10:11:48.034+0000] {processor.py:175} INFO - Processing /home/airflow/.local/lib/python3.7/site-packages/airflow/example_dags/example_branch_operator.py took 0.081 seconds
[2023-03-12T10:12:18.153+0000] {processor.py:153} INFO - Started process (PID=619) to work on /home/airflow/.local/lib/python3.7/site-packages/airflow/example_dags/example_branch_operator.py
[2023-03-12T10:12:18.155+0000] {processor.py:743} INFO - Processing file /home/airflow/.local/lib/python3.7/site-packages/airflow/example_dags/example_branch_operator.py for tasks to queue
[2023-03-12T10:12:18.157+0000] {logging_mixin.py:137} INFO - [2023-03-12T10:12:18.156+0000] {dagbag.py:538} INFO - Filling up the DagBag from /home/airflow/.local/lib/python3.7/site-packages/airflow/example_dags/example_branch_operator.py
[2023-03-12T10:12:18.171+0000] {processor.py:753} INFO - DAG(s) dict_keys(['example_branch_operator']) retrieved from /home/airflow/.local/lib/python3.7/site-packages/airflow/example_dags/example_branch_operator.py
[2023-03-12T10:12:18.199+0000] {logging_mixin.py:137} INFO - [2023-03-12T10:12:18.199+0000] {dag.py:2690} INFO - Sync 1 DAGs
[2023-03-12T10:12:18.220+0000] {logging_mixin.py:137} INFO - [2023-03-12T10:12:18.220+0000] {dag.py:3441} INFO - Setting next_dagrun for example_branch_operator to 2023-03-11T00:00:00+00:00, run_after=2023-03-12T00:00:00+00:00
[2023-03-12T10:12:18.252+0000] {processor.py:175} INFO - Processing /home/airflow/.local/lib/python3.7/site-packages/airflow/example_dags/example_branch_operator.py took 0.102 seconds
[2023-03-12T10:12:48.639+0000] {processor.py:153} INFO - Started process (PID=697) to work on /home/airflow/.local/lib/python3.7/site-packages/airflow/example_dags/example_branch_operator.py
[2023-03-12T10:12:48.641+0000] {processor.py:743} INFO - Processing file /home/airflow/.local/lib/python3.7/site-packages/airflow/example_dags/example_branch_operator.py for tasks to queue
[2023-03-12T10:12:48.643+0000] {logging_mixin.py:137} INFO - [2023-03-12T10:12:48.643+0000] {dagbag.py:538} INFO - Filling up the DagBag from /home/airflow/.local/lib/python3.7/site-packages/airflow/example_dags/example_branch_operator.py
[2023-03-12T10:12:48.656+0000] {processor.py:753} INFO - DAG(s) dict_keys(['example_branch_operator']) retrieved from /home/airflow/.local/lib/python3.7/site-packages/airflow/example_dags/example_branch_operator.py
[2023-03-12T10:12:48.681+0000] {logging_mixin.py:137} INFO - [2023-03-12T10:12:48.681+0000] {dag.py:2690} INFO - Sync 1 DAGs
[2023-03-12T10:12:48.699+0000] {logging_mixin.py:137} INFO - [2023-03-12T10:12:48.699+0000] {dag.py:3441} INFO - Setting next_dagrun for example_branch_operator to 2023-03-11T00:00:00+00:00, run_after=2023-03-12T00:00:00+00:00
[2023-03-12T10:12:48.712+0000] {processor.py:175} INFO - Processing /home/airflow/.local/lib/python3.7/site-packages/airflow/example_dags/example_branch_operator.py took 0.076 seconds
[2023-03-12T10:13:19.066+0000] {processor.py:153} INFO - Started process (PID=762) to work on /home/airflow/.local/lib/python3.7/site-packages/airflow/example_dags/example_branch_operator.py
[2023-03-12T10:13:19.068+0000] {processor.py:743} INFO - Processing file /home/airflow/.local/lib/python3.7/site-packages/airflow/example_dags/example_branch_operator.py for tasks to queue
[2023-03-12T10:13:19.071+0000] {logging_mixin.py:137} INFO - [2023-03-12T10:13:19.071+0000] {dagbag.py:538} INFO - Filling up the DagBag from /home/airflow/.local/lib/python3.7/site-packages/airflow/example_dags/example_branch_operator.py
[2023-03-12T10:13:19.086+0000] {processor.py:753} INFO - DAG(s) dict_keys(['example_branch_operator']) retrieved from /home/airflow/.local/lib/python3.7/site-packages/airflow/example_dags/example_branch_operator.py
[2023-03-12T10:13:19.113+0000] {logging_mixin.py:137} INFO - [2023-03-12T10:13:19.113+0000] {dag.py:2690} INFO - Sync 1 DAGs
[2023-03-12T10:13:19.134+0000] {logging_mixin.py:137} INFO - [2023-03-12T10:13:19.134+0000] {dag.py:3441} INFO - Setting next_dagrun for example_branch_operator to 2023-03-11T00:00:00+00:00, run_after=2023-03-12T00:00:00+00:00
[2023-03-12T10:13:19.148+0000] {processor.py:175} INFO - Processing /home/airflow/.local/lib/python3.7/site-packages/airflow/example_dags/example_branch_operator.py took 0.085 seconds
[2023-03-12T10:13:49.324+0000] {processor.py:153} INFO - Started process (PID=839) to work on /home/airflow/.local/lib/python3.7/site-packages/airflow/example_dags/example_branch_operator.py
[2023-03-12T10:13:49.326+0000] {processor.py:743} INFO - Processing file /home/airflow/.local/lib/python3.7/site-packages/airflow/example_dags/example_branch_operator.py for tasks to queue
[2023-03-12T10:13:49.328+0000] {logging_mixin.py:137} INFO - [2023-03-12T10:13:49.328+0000] {dagbag.py:538} INFO - Filling up the DagBag from /home/airflow/.local/lib/python3.7/site-packages/airflow/example_dags/example_branch_operator.py
[2023-03-12T10:13:49.341+0000] {processor.py:753} INFO - DAG(s) dict_keys(['example_branch_operator']) retrieved from /home/airflow/.local/lib/python3.7/site-packages/airflow/example_dags/example_branch_operator.py
[2023-03-12T10:13:49.367+0000] {logging_mixin.py:137} INFO - [2023-03-12T10:13:49.367+0000] {dag.py:2690} INFO - Sync 1 DAGs
[2023-03-12T10:13:49.386+0000] {logging_mixin.py:137} INFO - [2023-03-12T10:13:49.386+0000] {dag.py:3441} INFO - Setting next_dagrun for example_branch_operator to 2023-03-11T00:00:00+00:00, run_after=2023-03-12T00:00:00+00:00
[2023-03-12T10:13:49.401+0000] {processor.py:175} INFO - Processing /home/airflow/.local/lib/python3.7/site-packages/airflow/example_dags/example_branch_operator.py took 0.081 seconds
[2023-03-12T10:14:20.426+0000] {processor.py:153} INFO - Started process (PID=912) to work on /home/airflow/.local/lib/python3.7/site-packages/airflow/example_dags/example_branch_operator.py
[2023-03-12T10:14:20.429+0000] {processor.py:743} INFO - Processing file /home/airflow/.local/lib/python3.7/site-packages/airflow/example_dags/example_branch_operator.py for tasks to queue
[2023-03-12T10:14:20.431+0000] {logging_mixin.py:137} INFO - [2023-03-12T10:14:20.431+0000] {dagbag.py:538} INFO - Filling up the DagBag from /home/airflow/.local/lib/python3.7/site-packages/airflow/example_dags/example_branch_operator.py
[2023-03-12T10:14:20.451+0000] {processor.py:753} INFO - DAG(s) dict_keys(['example_branch_operator']) retrieved from /home/airflow/.local/lib/python3.7/site-packages/airflow/example_dags/example_branch_operator.py
[2023-03-12T10:14:20.483+0000] {logging_mixin.py:137} INFO - [2023-03-12T10:14:20.483+0000] {dag.py:2690} INFO - Sync 1 DAGs
[2023-03-12T10:14:20.504+0000] {logging_mixin.py:137} INFO - [2023-03-12T10:14:20.504+0000] {dag.py:3441} INFO - Setting next_dagrun for example_branch_operator to 2023-03-11T00:00:00+00:00, run_after=2023-03-12T00:00:00+00:00
[2023-03-12T10:14:20.519+0000] {processor.py:175} INFO - Processing /home/airflow/.local/lib/python3.7/site-packages/airflow/example_dags/example_branch_operator.py took 0.102 seconds
[2023-03-12T10:14:50.763+0000] {processor.py:153} INFO - Started process (PID=982) to work on /home/airflow/.local/lib/python3.7/site-packages/airflow/example_dags/example_branch_operator.py
[2023-03-12T10:14:50.765+0000] {processor.py:743} INFO - Processing file /home/airflow/.local/lib/python3.7/site-packages/airflow/example_dags/example_branch_operator.py for tasks to queue
[2023-03-12T10:14:50.767+0000] {logging_mixin.py:137} INFO - [2023-03-12T10:14:50.767+0000] {dagbag.py:538} INFO - Filling up the DagBag from /home/airflow/.local/lib/python3.7/site-packages/airflow/example_dags/example_branch_operator.py
[2023-03-12T10:14:50.784+0000] {processor.py:753} INFO - DAG(s) dict_keys(['example_branch_operator']) retrieved from /home/airflow/.local/lib/python3.7/site-packages/airflow/example_dags/example_branch_operator.py
[2023-03-12T10:14:50.812+0000] {logging_mixin.py:137} INFO - [2023-03-12T10:14:50.811+0000] {dag.py:2690} INFO - Sync 1 DAGs
[2023-03-12T10:14:50.836+0000] {logging_mixin.py:137} INFO - [2023-03-12T10:14:50.836+0000] {dag.py:3441} INFO - Setting next_dagrun for example_branch_operator to 2023-03-11T00:00:00+00:00, run_after=2023-03-12T00:00:00+00:00
[2023-03-12T10:14:50.856+0000] {processor.py:175} INFO - Processing /home/airflow/.local/lib/python3.7/site-packages/airflow/example_dags/example_branch_operator.py took 0.097 seconds
[2023-03-12T10:15:21.158+0000] {processor.py:153} INFO - Started process (PID=1060) to work on /home/airflow/.local/lib/python3.7/site-packages/airflow/example_dags/example_branch_operator.py
[2023-03-12T10:15:21.163+0000] {processor.py:743} INFO - Processing file /home/airflow/.local/lib/python3.7/site-packages/airflow/example_dags/example_branch_operator.py for tasks to queue
[2023-03-12T10:15:21.167+0000] {logging_mixin.py:137} INFO - [2023-03-12T10:15:21.167+0000] {dagbag.py:538} INFO - Filling up the DagBag from /home/airflow/.local/lib/python3.7/site-packages/airflow/example_dags/example_branch_operator.py
[2023-03-12T10:15:21.201+0000] {processor.py:753} INFO - DAG(s) dict_keys(['example_branch_operator']) retrieved from /home/airflow/.local/lib/python3.7/site-packages/airflow/example_dags/example_branch_operator.py
[2023-03-12T10:15:21.261+0000] {logging_mixin.py:137} INFO - [2023-03-12T10:15:21.261+0000] {dag.py:2690} INFO - Sync 1 DAGs
[2023-03-12T10:15:21.295+0000] {logging_mixin.py:137} INFO - [2023-03-12T10:15:21.295+0000] {dag.py:3441} INFO - Setting next_dagrun for example_branch_operator to 2023-03-11T00:00:00+00:00, run_after=2023-03-12T00:00:00+00:00
[2023-03-12T10:15:21.313+0000] {processor.py:175} INFO - Processing /home/airflow/.local/lib/python3.7/site-packages/airflow/example_dags/example_branch_operator.py took 0.161 seconds
[2023-03-12T10:15:51.486+0000] {processor.py:153} INFO - Started process (PID=1123) to work on /home/airflow/.local/lib/python3.7/site-packages/airflow/example_dags/example_branch_operator.py
[2023-03-12T10:15:51.488+0000] {processor.py:743} INFO - Processing file /home/airflow/.local/lib/python3.7/site-packages/airflow/example_dags/example_branch_operator.py for tasks to queue
[2023-03-12T10:15:51.490+0000] {logging_mixin.py:137} INFO - [2023-03-12T10:15:51.490+0000] {dagbag.py:538} INFO - Filling up the DagBag from /home/airflow/.local/lib/python3.7/site-packages/airflow/example_dags/example_branch_operator.py
[2023-03-12T10:15:51.504+0000] {processor.py:753} INFO - DAG(s) dict_keys(['example_branch_operator']) retrieved from /home/airflow/.local/lib/python3.7/site-packages/airflow/example_dags/example_branch_operator.py
[2023-03-12T10:15:51.530+0000] {logging_mixin.py:137} INFO - [2023-03-12T10:15:51.530+0000] {dag.py:2690} INFO - Sync 1 DAGs
[2023-03-12T10:15:51.550+0000] {logging_mixin.py:137} INFO - [2023-03-12T10:15:51.550+0000] {dag.py:3441} INFO - Setting next_dagrun for example_branch_operator to 2023-03-11T00:00:00+00:00, run_after=2023-03-12T00:00:00+00:00
[2023-03-12T10:15:51.571+0000] {processor.py:175} INFO - Processing /home/airflow/.local/lib/python3.7/site-packages/airflow/example_dags/example_branch_operator.py took 0.088 seconds
[2023-03-12T10:16:21.728+0000] {processor.py:153} INFO - Started process (PID=1201) to work on /home/airflow/.local/lib/python3.7/site-packages/airflow/example_dags/example_branch_operator.py
[2023-03-12T10:16:21.731+0000] {processor.py:743} INFO - Processing file /home/airflow/.local/lib/python3.7/site-packages/airflow/example_dags/example_branch_operator.py for tasks to queue
[2023-03-12T10:16:21.733+0000] {logging_mixin.py:137} INFO - [2023-03-12T10:16:21.733+0000] {dagbag.py:538} INFO - Filling up the DagBag from /home/airflow/.local/lib/python3.7/site-packages/airflow/example_dags/example_branch_operator.py
[2023-03-12T10:16:21.750+0000] {processor.py:753} INFO - DAG(s) dict_keys(['example_branch_operator']) retrieved from /home/airflow/.local/lib/python3.7/site-packages/airflow/example_dags/example_branch_operator.py
[2023-03-12T10:16:21.786+0000] {logging_mixin.py:137} INFO - [2023-03-12T10:16:21.786+0000] {dag.py:2690} INFO - Sync 1 DAGs
[2023-03-12T10:16:21.812+0000] {logging_mixin.py:137} INFO - [2023-03-12T10:16:21.812+0000] {dag.py:3441} INFO - Setting next_dagrun for example_branch_operator to 2023-03-11T00:00:00+00:00, run_after=2023-03-12T00:00:00+00:00
[2023-03-12T10:16:21.826+0000] {processor.py:175} INFO - Processing /home/airflow/.local/lib/python3.7/site-packages/airflow/example_dags/example_branch_operator.py took 0.101 seconds
[2023-03-12T10:16:52.749+0000] {processor.py:153} INFO - Started process (PID=1265) to work on /home/airflow/.local/lib/python3.7/site-packages/airflow/example_dags/example_branch_operator.py
[2023-03-12T10:16:52.753+0000] {processor.py:743} INFO - Processing file /home/airflow/.local/lib/python3.7/site-packages/airflow/example_dags/example_branch_operator.py for tasks to queue
[2023-03-12T10:16:52.755+0000] {logging_mixin.py:137} INFO - [2023-03-12T10:16:52.755+0000] {dagbag.py:538} INFO - Filling up the DagBag from /home/airflow/.local/lib/python3.7/site-packages/airflow/example_dags/example_branch_operator.py
[2023-03-12T10:16:52.771+0000] {processor.py:753} INFO - DAG(s) dict_keys(['example_branch_operator']) retrieved from /home/airflow/.local/lib/python3.7/site-packages/airflow/example_dags/example_branch_operator.py
[2023-03-12T10:16:52.800+0000] {logging_mixin.py:137} INFO - [2023-03-12T10:16:52.800+0000] {dag.py:2690} INFO - Sync 1 DAGs
[2023-03-12T10:16:52.823+0000] {logging_mixin.py:137} INFO - [2023-03-12T10:16:52.823+0000] {dag.py:3441} INFO - Setting next_dagrun for example_branch_operator to 2023-03-11T00:00:00+00:00, run_after=2023-03-12T00:00:00+00:00
[2023-03-12T10:16:52.841+0000] {processor.py:175} INFO - Processing /home/airflow/.local/lib/python3.7/site-packages/airflow/example_dags/example_branch_operator.py took 0.095 seconds
[2023-03-12T10:17:23.013+0000] {processor.py:153} INFO - Started process (PID=1343) to work on /home/airflow/.local/lib/python3.7/site-packages/airflow/example_dags/example_branch_operator.py
[2023-03-12T10:17:23.015+0000] {processor.py:743} INFO - Processing file /home/airflow/.local/lib/python3.7/site-packages/airflow/example_dags/example_branch_operator.py for tasks to queue
[2023-03-12T10:17:23.017+0000] {logging_mixin.py:137} INFO - [2023-03-12T10:17:23.017+0000] {dagbag.py:538} INFO - Filling up the DagBag from /home/airflow/.local/lib/python3.7/site-packages/airflow/example_dags/example_branch_operator.py
[2023-03-12T10:17:23.031+0000] {processor.py:753} INFO - DAG(s) dict_keys(['example_branch_operator']) retrieved from /home/airflow/.local/lib/python3.7/site-packages/airflow/example_dags/example_branch_operator.py
[2023-03-12T10:17:23.054+0000] {logging_mixin.py:137} INFO - [2023-03-12T10:17:23.054+0000] {dag.py:2690} INFO - Sync 1 DAGs
[2023-03-12T10:17:23.074+0000] {logging_mixin.py:137} INFO - [2023-03-12T10:17:23.073+0000] {dag.py:3441} INFO - Setting next_dagrun for example_branch_operator to 2023-03-11T00:00:00+00:00, run_after=2023-03-12T00:00:00+00:00
[2023-03-12T10:17:23.089+0000] {processor.py:175} INFO - Processing /home/airflow/.local/lib/python3.7/site-packages/airflow/example_dags/example_branch_operator.py took 0.079 seconds
[2023-03-12T10:17:53.933+0000] {processor.py:153} INFO - Started process (PID=1420) to work on /home/airflow/.local/lib/python3.7/site-packages/airflow/example_dags/example_branch_operator.py
[2023-03-12T10:17:53.935+0000] {processor.py:743} INFO - Processing file /home/airflow/.local/lib/python3.7/site-packages/airflow/example_dags/example_branch_operator.py for tasks to queue
[2023-03-12T10:17:53.936+0000] {logging_mixin.py:137} INFO - [2023-03-12T10:17:53.936+0000] {dagbag.py:538} INFO - Filling up the DagBag from /home/airflow/.local/lib/python3.7/site-packages/airflow/example_dags/example_branch_operator.py
[2023-03-12T10:17:53.949+0000] {processor.py:753} INFO - DAG(s) dict_keys(['example_branch_operator']) retrieved from /home/airflow/.local/lib/python3.7/site-packages/airflow/example_dags/example_branch_operator.py
[2023-03-12T10:17:53.976+0000] {logging_mixin.py:137} INFO - [2023-03-12T10:17:53.976+0000] {dag.py:2690} INFO - Sync 1 DAGs
[2023-03-12T10:17:53.993+0000] {logging_mixin.py:137} INFO - [2023-03-12T10:17:53.993+0000] {dag.py:3441} INFO - Setting next_dagrun for example_branch_operator to 2023-03-11T00:00:00+00:00, run_after=2023-03-12T00:00:00+00:00
[2023-03-12T10:17:54.007+0000] {processor.py:175} INFO - Processing /home/airflow/.local/lib/python3.7/site-packages/airflow/example_dags/example_branch_operator.py took 0.078 seconds
[2023-03-12T10:18:25.060+0000] {processor.py:153} INFO - Started process (PID=1485) to work on /home/airflow/.local/lib/python3.7/site-packages/airflow/example_dags/example_branch_operator.py
[2023-03-12T10:18:25.062+0000] {processor.py:743} INFO - Processing file /home/airflow/.local/lib/python3.7/site-packages/airflow/example_dags/example_branch_operator.py for tasks to queue
[2023-03-12T10:18:25.064+0000] {logging_mixin.py:137} INFO - [2023-03-12T10:18:25.063+0000] {dagbag.py:538} INFO - Filling up the DagBag from /home/airflow/.local/lib/python3.7/site-packages/airflow/example_dags/example_branch_operator.py
[2023-03-12T10:18:25.083+0000] {processor.py:753} INFO - DAG(s) dict_keys(['example_branch_operator']) retrieved from /home/airflow/.local/lib/python3.7/site-packages/airflow/example_dags/example_branch_operator.py
[2023-03-12T10:18:25.108+0000] {logging_mixin.py:137} INFO - [2023-03-12T10:18:25.108+0000] {dag.py:2690} INFO - Sync 1 DAGs
[2023-03-12T10:18:25.126+0000] {logging_mixin.py:137} INFO - [2023-03-12T10:18:25.126+0000] {dag.py:3441} INFO - Setting next_dagrun for example_branch_operator to 2023-03-11T00:00:00+00:00, run_after=2023-03-12T00:00:00+00:00
[2023-03-12T10:18:25.140+0000] {processor.py:175} INFO - Processing /home/airflow/.local/lib/python3.7/site-packages/airflow/example_dags/example_branch_operator.py took 0.085 seconds
[2023-03-12T10:18:55.469+0000] {processor.py:153} INFO - Started process (PID=1563) to work on /home/airflow/.local/lib/python3.7/site-packages/airflow/example_dags/example_branch_operator.py
[2023-03-12T10:18:55.471+0000] {processor.py:743} INFO - Processing file /home/airflow/.local/lib/python3.7/site-packages/airflow/example_dags/example_branch_operator.py for tasks to queue
[2023-03-12T10:18:55.474+0000] {logging_mixin.py:137} INFO - [2023-03-12T10:18:55.474+0000] {dagbag.py:538} INFO - Filling up the DagBag from /home/airflow/.local/lib/python3.7/site-packages/airflow/example_dags/example_branch_operator.py
[2023-03-12T10:18:55.487+0000] {processor.py:753} INFO - DAG(s) dict_keys(['example_branch_operator']) retrieved from /home/airflow/.local/lib/python3.7/site-packages/airflow/example_dags/example_branch_operator.py
[2023-03-12T10:18:55.512+0000] {logging_mixin.py:137} INFO - [2023-03-12T10:18:55.512+0000] {dag.py:2690} INFO - Sync 1 DAGs
[2023-03-12T10:18:55.529+0000] {logging_mixin.py:137} INFO - [2023-03-12T10:18:55.529+0000] {dag.py:3441} INFO - Setting next_dagrun for example_branch_operator to 2023-03-11T00:00:00+00:00, run_after=2023-03-12T00:00:00+00:00
[2023-03-12T10:18:55.542+0000] {processor.py:175} INFO - Processing /home/airflow/.local/lib/python3.7/site-packages/airflow/example_dags/example_branch_operator.py took 0.076 seconds
[2023-03-12T10:19:26.423+0000] {processor.py:153} INFO - Started process (PID=1641) to work on /home/airflow/.local/lib/python3.7/site-packages/airflow/example_dags/example_branch_operator.py
[2023-03-12T10:19:26.425+0000] {processor.py:743} INFO - Processing file /home/airflow/.local/lib/python3.7/site-packages/airflow/example_dags/example_branch_operator.py for tasks to queue
[2023-03-12T10:19:26.427+0000] {logging_mixin.py:137} INFO - [2023-03-12T10:19:26.427+0000] {dagbag.py:538} INFO - Filling up the DagBag from /home/airflow/.local/lib/python3.7/site-packages/airflow/example_dags/example_branch_operator.py
[2023-03-12T10:19:26.441+0000] {processor.py:753} INFO - DAG(s) dict_keys(['example_branch_operator']) retrieved from /home/airflow/.local/lib/python3.7/site-packages/airflow/example_dags/example_branch_operator.py
[2023-03-12T10:19:26.467+0000] {logging_mixin.py:137} INFO - [2023-03-12T10:19:26.467+0000] {dag.py:2690} INFO - Sync 1 DAGs
[2023-03-12T10:19:26.486+0000] {logging_mixin.py:137} INFO - [2023-03-12T10:19:26.486+0000] {dag.py:3441} INFO - Setting next_dagrun for example_branch_operator to 2023-03-11T00:00:00+00:00, run_after=2023-03-12T00:00:00+00:00
[2023-03-12T10:19:26.504+0000] {processor.py:175} INFO - Processing /home/airflow/.local/lib/python3.7/site-packages/airflow/example_dags/example_branch_operator.py took 0.084 seconds
[2023-03-12T10:19:57.632+0000] {processor.py:153} INFO - Started process (PID=1706) to work on /home/airflow/.local/lib/python3.7/site-packages/airflow/example_dags/example_branch_operator.py
[2023-03-12T10:19:57.635+0000] {processor.py:743} INFO - Processing file /home/airflow/.local/lib/python3.7/site-packages/airflow/example_dags/example_branch_operator.py for tasks to queue
[2023-03-12T10:19:57.636+0000] {logging_mixin.py:137} INFO - [2023-03-12T10:19:57.636+0000] {dagbag.py:538} INFO - Filling up the DagBag from /home/airflow/.local/lib/python3.7/site-packages/airflow/example_dags/example_branch_operator.py
[2023-03-12T10:19:57.651+0000] {processor.py:753} INFO - DAG(s) dict_keys(['example_branch_operator']) retrieved from /home/airflow/.local/lib/python3.7/site-packages/airflow/example_dags/example_branch_operator.py
[2023-03-12T10:19:57.678+0000] {logging_mixin.py:137} INFO - [2023-03-12T10:19:57.678+0000] {dag.py:2690} INFO - Sync 1 DAGs
[2023-03-12T10:19:57.696+0000] {logging_mixin.py:137} INFO - [2023-03-12T10:19:57.696+0000] {dag.py:3441} INFO - Setting next_dagrun for example_branch_operator to 2023-03-11T00:00:00+00:00, run_after=2023-03-12T00:00:00+00:00
[2023-03-12T10:19:57.711+0000] {processor.py:175} INFO - Processing /home/airflow/.local/lib/python3.7/site-packages/airflow/example_dags/example_branch_operator.py took 0.083 seconds
[2023-03-12T10:20:27.864+0000] {processor.py:153} INFO - Started process (PID=1785) to work on /home/airflow/.local/lib/python3.7/site-packages/airflow/example_dags/example_branch_operator.py
[2023-03-12T10:20:27.866+0000] {processor.py:743} INFO - Processing file /home/airflow/.local/lib/python3.7/site-packages/airflow/example_dags/example_branch_operator.py for tasks to queue
[2023-03-12T10:20:27.868+0000] {logging_mixin.py:137} INFO - [2023-03-12T10:20:27.868+0000] {dagbag.py:538} INFO - Filling up the DagBag from /home/airflow/.local/lib/python3.7/site-packages/airflow/example_dags/example_branch_operator.py
[2023-03-12T10:20:27.882+0000] {processor.py:753} INFO - DAG(s) dict_keys(['example_branch_operator']) retrieved from /home/airflow/.local/lib/python3.7/site-packages/airflow/example_dags/example_branch_operator.py
[2023-03-12T10:20:27.909+0000] {logging_mixin.py:137} INFO - [2023-03-12T10:20:27.909+0000] {dag.py:2690} INFO - Sync 1 DAGs
[2023-03-12T10:20:27.927+0000] {logging_mixin.py:137} INFO - [2023-03-12T10:20:27.927+0000] {dag.py:3441} INFO - Setting next_dagrun for example_branch_operator to 2023-03-11T00:00:00+00:00, run_after=2023-03-12T00:00:00+00:00
[2023-03-12T10:20:27.943+0000] {processor.py:175} INFO - Processing /home/airflow/.local/lib/python3.7/site-packages/airflow/example_dags/example_branch_operator.py took 0.081 seconds
[2023-03-12T10:20:58.105+0000] {processor.py:153} INFO - Started process (PID=1850) to work on /home/airflow/.local/lib/python3.7/site-packages/airflow/example_dags/example_branch_operator.py
[2023-03-12T10:20:58.107+0000] {processor.py:743} INFO - Processing file /home/airflow/.local/lib/python3.7/site-packages/airflow/example_dags/example_branch_operator.py for tasks to queue
[2023-03-12T10:20:58.109+0000] {logging_mixin.py:137} INFO - [2023-03-12T10:20:58.109+0000] {dagbag.py:538} INFO - Filling up the DagBag from /home/airflow/.local/lib/python3.7/site-packages/airflow/example_dags/example_branch_operator.py
[2023-03-12T10:20:58.126+0000] {processor.py:753} INFO - DAG(s) dict_keys(['example_branch_operator']) retrieved from /home/airflow/.local/lib/python3.7/site-packages/airflow/example_dags/example_branch_operator.py
[2023-03-12T10:20:58.156+0000] {logging_mixin.py:137} INFO - [2023-03-12T10:20:58.156+0000] {dag.py:2690} INFO - Sync 1 DAGs
[2023-03-12T10:20:58.176+0000] {logging_mixin.py:137} INFO - [2023-03-12T10:20:58.176+0000] {dag.py:3441} INFO - Setting next_dagrun for example_branch_operator to 2023-03-11T00:00:00+00:00, run_after=2023-03-12T00:00:00+00:00
[2023-03-12T10:20:58.193+0000] {processor.py:175} INFO - Processing /home/airflow/.local/lib/python3.7/site-packages/airflow/example_dags/example_branch_operator.py took 0.092 seconds
[2023-03-12T10:21:28.642+0000] {processor.py:153} INFO - Started process (PID=1929) to work on /home/airflow/.local/lib/python3.7/site-packages/airflow/example_dags/example_branch_operator.py
[2023-03-12T10:21:28.646+0000] {processor.py:743} INFO - Processing file /home/airflow/.local/lib/python3.7/site-packages/airflow/example_dags/example_branch_operator.py for tasks to queue
[2023-03-12T10:21:28.647+0000] {logging_mixin.py:137} INFO - [2023-03-12T10:21:28.647+0000] {dagbag.py:538} INFO - Filling up the DagBag from /home/airflow/.local/lib/python3.7/site-packages/airflow/example_dags/example_branch_operator.py
[2023-03-12T10:21:28.660+0000] {processor.py:753} INFO - DAG(s) dict_keys(['example_branch_operator']) retrieved from /home/airflow/.local/lib/python3.7/site-packages/airflow/example_dags/example_branch_operator.py
[2023-03-12T10:21:28.684+0000] {logging_mixin.py:137} INFO - [2023-03-12T10:21:28.684+0000] {dag.py:2690} INFO - Sync 1 DAGs
[2023-03-12T10:21:28.701+0000] {logging_mixin.py:137} INFO - [2023-03-12T10:21:28.701+0000] {dag.py:3441} INFO - Setting next_dagrun for example_branch_operator to 2023-03-11T00:00:00+00:00, run_after=2023-03-12T00:00:00+00:00
[2023-03-12T10:21:28.714+0000] {processor.py:175} INFO - Processing /home/airflow/.local/lib/python3.7/site-packages/airflow/example_dags/example_branch_operator.py took 0.076 seconds
[2023-03-12T10:21:58.928+0000] {processor.py:153} INFO - Started process (PID=2007) to work on /home/airflow/.local/lib/python3.7/site-packages/airflow/example_dags/example_branch_operator.py
[2023-03-12T10:21:58.930+0000] {processor.py:743} INFO - Processing file /home/airflow/.local/lib/python3.7/site-packages/airflow/example_dags/example_branch_operator.py for tasks to queue
[2023-03-12T10:21:58.932+0000] {logging_mixin.py:137} INFO - [2023-03-12T10:21:58.931+0000] {dagbag.py:538} INFO - Filling up the DagBag from /home/airflow/.local/lib/python3.7/site-packages/airflow/example_dags/example_branch_operator.py
[2023-03-12T10:21:58.951+0000] {processor.py:753} INFO - DAG(s) dict_keys(['example_branch_operator']) retrieved from /home/airflow/.local/lib/python3.7/site-packages/airflow/example_dags/example_branch_operator.py
[2023-03-12T10:21:58.992+0000] {logging_mixin.py:137} INFO - [2023-03-12T10:21:58.992+0000] {dag.py:2690} INFO - Sync 1 DAGs
[2023-03-12T10:21:59.022+0000] {logging_mixin.py:137} INFO - [2023-03-12T10:21:59.022+0000] {dag.py:3441} INFO - Setting next_dagrun for example_branch_operator to 2023-03-11T00:00:00+00:00, run_after=2023-03-12T00:00:00+00:00
[2023-03-12T10:21:59.048+0000] {processor.py:175} INFO - Processing /home/airflow/.local/lib/python3.7/site-packages/airflow/example_dags/example_branch_operator.py took 0.125 seconds
