[2023-03-12T10:08:18.092+0000] {processor.py:153} INFO - Started process (PID=79) to work on /home/airflow/.local/lib/python3.7/site-packages/airflow/example_dags/example_short_circuit_decorator.py
[2023-03-12T10:08:18.102+0000] {processor.py:743} INFO - Processing file /home/airflow/.local/lib/python3.7/site-packages/airflow/example_dags/example_short_circuit_decorator.py for tasks to queue
[2023-03-12T10:08:18.104+0000] {logging_mixin.py:137} INFO - [2023-03-12T10:08:18.104+0000] {dagbag.py:538} INFO - Filling up the DagBag from /home/airflow/.local/lib/python3.7/site-packages/airflow/example_dags/example_short_circuit_decorator.py
[2023-03-12T10:08:18.166+0000] {processor.py:753} INFO - DAG(s) dict_keys(['example_short_circuit_decorator']) retrieved from /home/airflow/.local/lib/python3.7/site-packages/airflow/example_dags/example_short_circuit_decorator.py
[2023-03-12T10:08:18.193+0000] {logging_mixin.py:137} INFO - [2023-03-12T10:08:18.193+0000] {dag.py:2690} INFO - Sync 1 DAGs
[2023-03-12T10:08:18.264+0000] {logging_mixin.py:137} INFO - [2023-03-12T10:08:18.264+0000] {dag.py:3441} INFO - Setting next_dagrun for example_short_circuit_decorator to 2023-03-11T10:08:18.262108+00:00, run_after=2023-03-12T10:08:18.262108+00:00
[2023-03-12T10:08:18.375+0000] {processor.py:175} INFO - Processing /home/airflow/.local/lib/python3.7/site-packages/airflow/example_dags/example_short_circuit_decorator.py took 0.289 seconds
[2023-03-12T10:08:48.479+0000] {processor.py:153} INFO - Started process (PID=148) to work on /home/airflow/.local/lib/python3.7/site-packages/airflow/example_dags/example_short_circuit_decorator.py
[2023-03-12T10:08:48.482+0000] {processor.py:743} INFO - Processing file /home/airflow/.local/lib/python3.7/site-packages/airflow/example_dags/example_short_circuit_decorator.py for tasks to queue
[2023-03-12T10:08:48.485+0000] {logging_mixin.py:137} INFO - [2023-03-12T10:08:48.484+0000] {dagbag.py:538} INFO - Filling up the DagBag from /home/airflow/.local/lib/python3.7/site-packages/airflow/example_dags/example_short_circuit_decorator.py
[2023-03-12T10:08:48.507+0000] {processor.py:753} INFO - DAG(s) dict_keys(['example_short_circuit_decorator']) retrieved from /home/airflow/.local/lib/python3.7/site-packages/airflow/example_dags/example_short_circuit_decorator.py
[2023-03-12T10:08:48.536+0000] {logging_mixin.py:137} INFO - [2023-03-12T10:08:48.536+0000] {dag.py:2690} INFO - Sync 1 DAGs
[2023-03-12T10:08:48.559+0000] {logging_mixin.py:137} INFO - [2023-03-12T10:08:48.559+0000] {dag.py:3441} INFO - Setting next_dagrun for example_short_circuit_decorator to 2023-03-11T10:08:48.559647+00:00, run_after=2023-03-12T10:08:48.559647+00:00
[2023-03-12T10:08:48.578+0000] {processor.py:175} INFO - Processing /home/airflow/.local/lib/python3.7/site-packages/airflow/example_dags/example_short_circuit_decorator.py took 0.104 seconds
[2023-03-12T10:09:19.826+0000] {processor.py:153} INFO - Started process (PID=225) to work on /home/airflow/.local/lib/python3.7/site-packages/airflow/example_dags/example_short_circuit_decorator.py
[2023-03-12T10:09:19.829+0000] {processor.py:743} INFO - Processing file /home/airflow/.local/lib/python3.7/site-packages/airflow/example_dags/example_short_circuit_decorator.py for tasks to queue
[2023-03-12T10:09:19.830+0000] {logging_mixin.py:137} INFO - [2023-03-12T10:09:19.830+0000] {dagbag.py:538} INFO - Filling up the DagBag from /home/airflow/.local/lib/python3.7/site-packages/airflow/example_dags/example_short_circuit_decorator.py
[2023-03-12T10:09:19.857+0000] {processor.py:753} INFO - DAG(s) dict_keys(['example_short_circuit_decorator']) retrieved from /home/airflow/.local/lib/python3.7/site-packages/airflow/example_dags/example_short_circuit_decorator.py
[2023-03-12T10:09:19.894+0000] {logging_mixin.py:137} INFO - [2023-03-12T10:09:19.893+0000] {dag.py:2690} INFO - Sync 1 DAGs
[2023-03-12T10:09:19.923+0000] {logging_mixin.py:137} INFO - [2023-03-12T10:09:19.923+0000] {dag.py:3441} INFO - Setting next_dagrun for example_short_circuit_decorator to 2023-03-11T10:09:19.923014+00:00, run_after=2023-03-12T10:09:19.923014+00:00
[2023-03-12T10:09:19.944+0000] {processor.py:175} INFO - Processing /home/airflow/.local/lib/python3.7/site-packages/airflow/example_dags/example_short_circuit_decorator.py took 0.125 seconds
[2023-03-12T10:09:50.637+0000] {processor.py:153} INFO - Started process (PID=290) to work on /home/airflow/.local/lib/python3.7/site-packages/airflow/example_dags/example_short_circuit_decorator.py
[2023-03-12T10:09:50.639+0000] {processor.py:743} INFO - Processing file /home/airflow/.local/lib/python3.7/site-packages/airflow/example_dags/example_short_circuit_decorator.py for tasks to queue
[2023-03-12T10:09:50.641+0000] {logging_mixin.py:137} INFO - [2023-03-12T10:09:50.640+0000] {dagbag.py:538} INFO - Filling up the DagBag from /home/airflow/.local/lib/python3.7/site-packages/airflow/example_dags/example_short_circuit_decorator.py
[2023-03-12T10:09:50.663+0000] {processor.py:753} INFO - DAG(s) dict_keys(['example_short_circuit_decorator']) retrieved from /home/airflow/.local/lib/python3.7/site-packages/airflow/example_dags/example_short_circuit_decorator.py
[2023-03-12T10:09:50.689+0000] {logging_mixin.py:137} INFO - [2023-03-12T10:09:50.688+0000] {dag.py:2690} INFO - Sync 1 DAGs
[2023-03-12T10:09:50.709+0000] {logging_mixin.py:137} INFO - [2023-03-12T10:09:50.709+0000] {dag.py:3441} INFO - Setting next_dagrun for example_short_circuit_decorator to 2023-03-11T10:09:50.709245+00:00, run_after=2023-03-12T10:09:50.709245+00:00
[2023-03-12T10:09:50.727+0000] {processor.py:175} INFO - Processing /home/airflow/.local/lib/python3.7/site-packages/airflow/example_dags/example_short_circuit_decorator.py took 0.094 seconds
[2023-03-12T10:10:21.588+0000] {processor.py:153} INFO - Started process (PID=367) to work on /home/airflow/.local/lib/python3.7/site-packages/airflow/example_dags/example_short_circuit_decorator.py
[2023-03-12T10:10:21.590+0000] {processor.py:743} INFO - Processing file /home/airflow/.local/lib/python3.7/site-packages/airflow/example_dags/example_short_circuit_decorator.py for tasks to queue
[2023-03-12T10:10:21.592+0000] {logging_mixin.py:137} INFO - [2023-03-12T10:10:21.592+0000] {dagbag.py:538} INFO - Filling up the DagBag from /home/airflow/.local/lib/python3.7/site-packages/airflow/example_dags/example_short_circuit_decorator.py
[2023-03-12T10:10:21.613+0000] {processor.py:753} INFO - DAG(s) dict_keys(['example_short_circuit_decorator']) retrieved from /home/airflow/.local/lib/python3.7/site-packages/airflow/example_dags/example_short_circuit_decorator.py
[2023-03-12T10:10:21.639+0000] {logging_mixin.py:137} INFO - [2023-03-12T10:10:21.639+0000] {dag.py:2690} INFO - Sync 1 DAGs
[2023-03-12T10:10:21.659+0000] {logging_mixin.py:137} INFO - [2023-03-12T10:10:21.658+0000] {dag.py:3441} INFO - Setting next_dagrun for example_short_circuit_decorator to 2023-03-11T10:10:21.658750+00:00, run_after=2023-03-12T10:10:21.658750+00:00
[2023-03-12T10:10:21.674+0000] {processor.py:175} INFO - Processing /home/airflow/.local/lib/python3.7/site-packages/airflow/example_dags/example_short_circuit_decorator.py took 0.089 seconds
[2023-03-12T10:10:51.861+0000] {processor.py:153} INFO - Started process (PID=444) to work on /home/airflow/.local/lib/python3.7/site-packages/airflow/example_dags/example_short_circuit_decorator.py
[2023-03-12T10:10:51.863+0000] {processor.py:743} INFO - Processing file /home/airflow/.local/lib/python3.7/site-packages/airflow/example_dags/example_short_circuit_decorator.py for tasks to queue
[2023-03-12T10:10:51.865+0000] {logging_mixin.py:137} INFO - [2023-03-12T10:10:51.865+0000] {dagbag.py:538} INFO - Filling up the DagBag from /home/airflow/.local/lib/python3.7/site-packages/airflow/example_dags/example_short_circuit_decorator.py
[2023-03-12T10:10:51.884+0000] {processor.py:753} INFO - DAG(s) dict_keys(['example_short_circuit_decorator']) retrieved from /home/airflow/.local/lib/python3.7/site-packages/airflow/example_dags/example_short_circuit_decorator.py
[2023-03-12T10:10:51.910+0000] {logging_mixin.py:137} INFO - [2023-03-12T10:10:51.910+0000] {dag.py:2690} INFO - Sync 1 DAGs
[2023-03-12T10:10:51.932+0000] {logging_mixin.py:137} INFO - [2023-03-12T10:10:51.932+0000] {dag.py:3441} INFO - Setting next_dagrun for example_short_circuit_decorator to 2023-03-11T10:10:51.932432+00:00, run_after=2023-03-12T10:10:51.932432+00:00
[2023-03-12T10:10:51.949+0000] {processor.py:175} INFO - Processing /home/airflow/.local/lib/python3.7/site-packages/airflow/example_dags/example_short_circuit_decorator.py took 0.092 seconds
[2023-03-12T10:11:22.170+0000] {processor.py:153} INFO - Started process (PID=509) to work on /home/airflow/.local/lib/python3.7/site-packages/airflow/example_dags/example_short_circuit_decorator.py
[2023-03-12T10:11:22.178+0000] {processor.py:743} INFO - Processing file /home/airflow/.local/lib/python3.7/site-packages/airflow/example_dags/example_short_circuit_decorator.py for tasks to queue
[2023-03-12T10:11:22.180+0000] {logging_mixin.py:137} INFO - [2023-03-12T10:11:22.180+0000] {dagbag.py:538} INFO - Filling up the DagBag from /home/airflow/.local/lib/python3.7/site-packages/airflow/example_dags/example_short_circuit_decorator.py
[2023-03-12T10:11:22.201+0000] {processor.py:753} INFO - DAG(s) dict_keys(['example_short_circuit_decorator']) retrieved from /home/airflow/.local/lib/python3.7/site-packages/airflow/example_dags/example_short_circuit_decorator.py
[2023-03-12T10:11:22.232+0000] {logging_mixin.py:137} INFO - [2023-03-12T10:11:22.232+0000] {dag.py:2690} INFO - Sync 1 DAGs
[2023-03-12T10:11:22.254+0000] {logging_mixin.py:137} INFO - [2023-03-12T10:11:22.254+0000] {dag.py:3441} INFO - Setting next_dagrun for example_short_circuit_decorator to 2023-03-11T10:11:22.253954+00:00, run_after=2023-03-12T10:11:22.253954+00:00
[2023-03-12T10:11:22.271+0000] {processor.py:175} INFO - Processing /home/airflow/.local/lib/python3.7/site-packages/airflow/example_dags/example_short_circuit_decorator.py took 0.104 seconds
[2023-03-12T10:11:52.335+0000] {processor.py:153} INFO - Started process (PID=585) to work on /home/airflow/.local/lib/python3.7/site-packages/airflow/example_dags/example_short_circuit_decorator.py
[2023-03-12T10:11:52.337+0000] {processor.py:743} INFO - Processing file /home/airflow/.local/lib/python3.7/site-packages/airflow/example_dags/example_short_circuit_decorator.py for tasks to queue
[2023-03-12T10:11:52.339+0000] {logging_mixin.py:137} INFO - [2023-03-12T10:11:52.339+0000] {dagbag.py:538} INFO - Filling up the DagBag from /home/airflow/.local/lib/python3.7/site-packages/airflow/example_dags/example_short_circuit_decorator.py
[2023-03-12T10:11:52.362+0000] {processor.py:753} INFO - DAG(s) dict_keys(['example_short_circuit_decorator']) retrieved from /home/airflow/.local/lib/python3.7/site-packages/airflow/example_dags/example_short_circuit_decorator.py
[2023-03-12T10:11:52.390+0000] {logging_mixin.py:137} INFO - [2023-03-12T10:11:52.390+0000] {dag.py:2690} INFO - Sync 1 DAGs
[2023-03-12T10:11:52.413+0000] {logging_mixin.py:137} INFO - [2023-03-12T10:11:52.413+0000] {dag.py:3441} INFO - Setting next_dagrun for example_short_circuit_decorator to 2023-03-11T10:11:52.412903+00:00, run_after=2023-03-12T10:11:52.412903+00:00
[2023-03-12T10:11:52.430+0000] {processor.py:175} INFO - Processing /home/airflow/.local/lib/python3.7/site-packages/airflow/example_dags/example_short_circuit_decorator.py took 0.098 seconds
[2023-03-12T10:12:22.719+0000] {processor.py:153} INFO - Started process (PID=659) to work on /home/airflow/.local/lib/python3.7/site-packages/airflow/example_dags/example_short_circuit_decorator.py
[2023-03-12T10:12:22.722+0000] {processor.py:743} INFO - Processing file /home/airflow/.local/lib/python3.7/site-packages/airflow/example_dags/example_short_circuit_decorator.py for tasks to queue
[2023-03-12T10:12:22.724+0000] {logging_mixin.py:137} INFO - [2023-03-12T10:12:22.724+0000] {dagbag.py:538} INFO - Filling up the DagBag from /home/airflow/.local/lib/python3.7/site-packages/airflow/example_dags/example_short_circuit_decorator.py
[2023-03-12T10:12:22.753+0000] {processor.py:753} INFO - DAG(s) dict_keys(['example_short_circuit_decorator']) retrieved from /home/airflow/.local/lib/python3.7/site-packages/airflow/example_dags/example_short_circuit_decorator.py
[2023-03-12T10:12:22.809+0000] {logging_mixin.py:137} INFO - [2023-03-12T10:12:22.809+0000] {dag.py:2690} INFO - Sync 1 DAGs
[2023-03-12T10:12:22.862+0000] {logging_mixin.py:137} INFO - [2023-03-12T10:12:22.862+0000] {dag.py:3441} INFO - Setting next_dagrun for example_short_circuit_decorator to 2023-03-11T10:12:22.861894+00:00, run_after=2023-03-12T10:12:22.861894+00:00
[2023-03-12T10:12:22.912+0000] {processor.py:175} INFO - Processing /home/airflow/.local/lib/python3.7/site-packages/airflow/example_dags/example_short_circuit_decorator.py took 0.197 seconds
[2023-03-12T10:12:53.121+0000] {processor.py:153} INFO - Started process (PID=728) to work on /home/airflow/.local/lib/python3.7/site-packages/airflow/example_dags/example_short_circuit_decorator.py
[2023-03-12T10:12:53.124+0000] {processor.py:743} INFO - Processing file /home/airflow/.local/lib/python3.7/site-packages/airflow/example_dags/example_short_circuit_decorator.py for tasks to queue
[2023-03-12T10:12:53.127+0000] {logging_mixin.py:137} INFO - [2023-03-12T10:12:53.126+0000] {dagbag.py:538} INFO - Filling up the DagBag from /home/airflow/.local/lib/python3.7/site-packages/airflow/example_dags/example_short_circuit_decorator.py
[2023-03-12T10:12:53.149+0000] {processor.py:753} INFO - DAG(s) dict_keys(['example_short_circuit_decorator']) retrieved from /home/airflow/.local/lib/python3.7/site-packages/airflow/example_dags/example_short_circuit_decorator.py
[2023-03-12T10:12:53.182+0000] {logging_mixin.py:137} INFO - [2023-03-12T10:12:53.182+0000] {dag.py:2690} INFO - Sync 1 DAGs
[2023-03-12T10:12:53.203+0000] {logging_mixin.py:137} INFO - [2023-03-12T10:12:53.203+0000] {dag.py:3441} INFO - Setting next_dagrun for example_short_circuit_decorator to 2023-03-11T10:12:53.203229+00:00, run_after=2023-03-12T10:12:53.203229+00:00
[2023-03-12T10:12:53.222+0000] {processor.py:175} INFO - Processing /home/airflow/.local/lib/python3.7/site-packages/airflow/example_dags/example_short_circuit_decorator.py took 0.105 seconds
[2023-03-12T10:13:23.552+0000] {processor.py:153} INFO - Started process (PID=805) to work on /home/airflow/.local/lib/python3.7/site-packages/airflow/example_dags/example_short_circuit_decorator.py
[2023-03-12T10:13:23.555+0000] {processor.py:743} INFO - Processing file /home/airflow/.local/lib/python3.7/site-packages/airflow/example_dags/example_short_circuit_decorator.py for tasks to queue
[2023-03-12T10:13:23.557+0000] {logging_mixin.py:137} INFO - [2023-03-12T10:13:23.556+0000] {dagbag.py:538} INFO - Filling up the DagBag from /home/airflow/.local/lib/python3.7/site-packages/airflow/example_dags/example_short_circuit_decorator.py
[2023-03-12T10:13:23.581+0000] {processor.py:753} INFO - DAG(s) dict_keys(['example_short_circuit_decorator']) retrieved from /home/airflow/.local/lib/python3.7/site-packages/airflow/example_dags/example_short_circuit_decorator.py
[2023-03-12T10:13:23.610+0000] {logging_mixin.py:137} INFO - [2023-03-12T10:13:23.610+0000] {dag.py:2690} INFO - Sync 1 DAGs
[2023-03-12T10:13:23.633+0000] {logging_mixin.py:137} INFO - [2023-03-12T10:13:23.632+0000] {dag.py:3441} INFO - Setting next_dagrun for example_short_circuit_decorator to 2023-03-11T10:13:23.632742+00:00, run_after=2023-03-12T10:13:23.632742+00:00
[2023-03-12T10:13:23.649+0000] {processor.py:175} INFO - Processing /home/airflow/.local/lib/python3.7/site-packages/airflow/example_dags/example_short_circuit_decorator.py took 0.104 seconds
[2023-03-12T10:13:54.453+0000] {processor.py:153} INFO - Started process (PID=870) to work on /home/airflow/.local/lib/python3.7/site-packages/airflow/example_dags/example_short_circuit_decorator.py
[2023-03-12T10:13:54.455+0000] {processor.py:743} INFO - Processing file /home/airflow/.local/lib/python3.7/site-packages/airflow/example_dags/example_short_circuit_decorator.py for tasks to queue
[2023-03-12T10:13:54.456+0000] {logging_mixin.py:137} INFO - [2023-03-12T10:13:54.456+0000] {dagbag.py:538} INFO - Filling up the DagBag from /home/airflow/.local/lib/python3.7/site-packages/airflow/example_dags/example_short_circuit_decorator.py
[2023-03-12T10:13:54.477+0000] {processor.py:753} INFO - DAG(s) dict_keys(['example_short_circuit_decorator']) retrieved from /home/airflow/.local/lib/python3.7/site-packages/airflow/example_dags/example_short_circuit_decorator.py
[2023-03-12T10:13:54.504+0000] {logging_mixin.py:137} INFO - [2023-03-12T10:13:54.504+0000] {dag.py:2690} INFO - Sync 1 DAGs
[2023-03-12T10:13:54.522+0000] {logging_mixin.py:137} INFO - [2023-03-12T10:13:54.522+0000] {dag.py:3441} INFO - Setting next_dagrun for example_short_circuit_decorator to 2023-03-11T10:13:54.522162+00:00, run_after=2023-03-12T10:13:54.522162+00:00
[2023-03-12T10:13:54.536+0000] {processor.py:175} INFO - Processing /home/airflow/.local/lib/python3.7/site-packages/airflow/example_dags/example_short_circuit_decorator.py took 0.087 seconds
[2023-03-12T10:14:24.774+0000] {processor.py:153} INFO - Started process (PID=947) to work on /home/airflow/.local/lib/python3.7/site-packages/airflow/example_dags/example_short_circuit_decorator.py
[2023-03-12T10:14:24.777+0000] {processor.py:743} INFO - Processing file /home/airflow/.local/lib/python3.7/site-packages/airflow/example_dags/example_short_circuit_decorator.py for tasks to queue
[2023-03-12T10:14:24.779+0000] {logging_mixin.py:137} INFO - [2023-03-12T10:14:24.779+0000] {dagbag.py:538} INFO - Filling up the DagBag from /home/airflow/.local/lib/python3.7/site-packages/airflow/example_dags/example_short_circuit_decorator.py
[2023-03-12T10:14:24.800+0000] {processor.py:753} INFO - DAG(s) dict_keys(['example_short_circuit_decorator']) retrieved from /home/airflow/.local/lib/python3.7/site-packages/airflow/example_dags/example_short_circuit_decorator.py
[2023-03-12T10:14:24.826+0000] {logging_mixin.py:137} INFO - [2023-03-12T10:14:24.826+0000] {dag.py:2690} INFO - Sync 1 DAGs
[2023-03-12T10:14:24.844+0000] {logging_mixin.py:137} INFO - [2023-03-12T10:14:24.844+0000] {dag.py:3441} INFO - Setting next_dagrun for example_short_circuit_decorator to 2023-03-11T10:14:24.844323+00:00, run_after=2023-03-12T10:14:24.844323+00:00
[2023-03-12T10:14:24.892+0000] {processor.py:175} INFO - Processing /home/airflow/.local/lib/python3.7/site-packages/airflow/example_dags/example_short_circuit_decorator.py took 0.123 seconds
[2023-03-12T10:14:55.010+0000] {processor.py:153} INFO - Started process (PID=1013) to work on /home/airflow/.local/lib/python3.7/site-packages/airflow/example_dags/example_short_circuit_decorator.py
[2023-03-12T10:14:55.013+0000] {processor.py:743} INFO - Processing file /home/airflow/.local/lib/python3.7/site-packages/airflow/example_dags/example_short_circuit_decorator.py for tasks to queue
[2023-03-12T10:14:55.015+0000] {logging_mixin.py:137} INFO - [2023-03-12T10:14:55.015+0000] {dagbag.py:538} INFO - Filling up the DagBag from /home/airflow/.local/lib/python3.7/site-packages/airflow/example_dags/example_short_circuit_decorator.py
[2023-03-12T10:14:55.037+0000] {processor.py:753} INFO - DAG(s) dict_keys(['example_short_circuit_decorator']) retrieved from /home/airflow/.local/lib/python3.7/site-packages/airflow/example_dags/example_short_circuit_decorator.py
[2023-03-12T10:14:55.066+0000] {logging_mixin.py:137} INFO - [2023-03-12T10:14:55.065+0000] {dag.py:2690} INFO - Sync 1 DAGs
[2023-03-12T10:14:55.084+0000] {logging_mixin.py:137} INFO - [2023-03-12T10:14:55.084+0000] {dag.py:3441} INFO - Setting next_dagrun for example_short_circuit_decorator to 2023-03-11T10:14:55.084468+00:00, run_after=2023-03-12T10:14:55.084468+00:00
[2023-03-12T10:14:55.101+0000] {processor.py:175} INFO - Processing /home/airflow/.local/lib/python3.7/site-packages/airflow/example_dags/example_short_circuit_decorator.py took 0.094 seconds
[2023-03-12T10:15:25.369+0000] {processor.py:153} INFO - Started process (PID=1091) to work on /home/airflow/.local/lib/python3.7/site-packages/airflow/example_dags/example_short_circuit_decorator.py
[2023-03-12T10:15:25.371+0000] {processor.py:743} INFO - Processing file /home/airflow/.local/lib/python3.7/site-packages/airflow/example_dags/example_short_circuit_decorator.py for tasks to queue
[2023-03-12T10:15:25.374+0000] {logging_mixin.py:137} INFO - [2023-03-12T10:15:25.374+0000] {dagbag.py:538} INFO - Filling up the DagBag from /home/airflow/.local/lib/python3.7/site-packages/airflow/example_dags/example_short_circuit_decorator.py
[2023-03-12T10:15:25.398+0000] {processor.py:753} INFO - DAG(s) dict_keys(['example_short_circuit_decorator']) retrieved from /home/airflow/.local/lib/python3.7/site-packages/airflow/example_dags/example_short_circuit_decorator.py
[2023-03-12T10:15:25.427+0000] {logging_mixin.py:137} INFO - [2023-03-12T10:15:25.427+0000] {dag.py:2690} INFO - Sync 1 DAGs
[2023-03-12T10:15:25.448+0000] {logging_mixin.py:137} INFO - [2023-03-12T10:15:25.448+0000] {dag.py:3441} INFO - Setting next_dagrun for example_short_circuit_decorator to 2023-03-11T10:15:25.448037+00:00, run_after=2023-03-12T10:15:25.448037+00:00
[2023-03-12T10:15:25.467+0000] {processor.py:175} INFO - Processing /home/airflow/.local/lib/python3.7/site-packages/airflow/example_dags/example_short_circuit_decorator.py took 0.101 seconds
[2023-03-12T10:15:55.666+0000] {processor.py:153} INFO - Started process (PID=1166) to work on /home/airflow/.local/lib/python3.7/site-packages/airflow/example_dags/example_short_circuit_decorator.py
[2023-03-12T10:15:55.669+0000] {processor.py:743} INFO - Processing file /home/airflow/.local/lib/python3.7/site-packages/airflow/example_dags/example_short_circuit_decorator.py for tasks to queue
[2023-03-12T10:15:55.671+0000] {logging_mixin.py:137} INFO - [2023-03-12T10:15:55.671+0000] {dagbag.py:538} INFO - Filling up the DagBag from /home/airflow/.local/lib/python3.7/site-packages/airflow/example_dags/example_short_circuit_decorator.py
[2023-03-12T10:15:55.703+0000] {processor.py:753} INFO - DAG(s) dict_keys(['example_short_circuit_decorator']) retrieved from /home/airflow/.local/lib/python3.7/site-packages/airflow/example_dags/example_short_circuit_decorator.py
[2023-03-12T10:15:55.738+0000] {logging_mixin.py:137} INFO - [2023-03-12T10:15:55.738+0000] {dag.py:2690} INFO - Sync 1 DAGs
[2023-03-12T10:15:55.766+0000] {logging_mixin.py:137} INFO - [2023-03-12T10:15:55.766+0000] {dag.py:3441} INFO - Setting next_dagrun for example_short_circuit_decorator to 2023-03-11T10:15:55.766315+00:00, run_after=2023-03-12T10:15:55.766315+00:00
[2023-03-12T10:15:55.789+0000] {processor.py:175} INFO - Processing /home/airflow/.local/lib/python3.7/site-packages/airflow/example_dags/example_short_circuit_decorator.py took 0.126 seconds
[2023-03-12T10:16:25.882+0000] {processor.py:153} INFO - Started process (PID=1231) to work on /home/airflow/.local/lib/python3.7/site-packages/airflow/example_dags/example_short_circuit_decorator.py
[2023-03-12T10:16:25.885+0000] {processor.py:743} INFO - Processing file /home/airflow/.local/lib/python3.7/site-packages/airflow/example_dags/example_short_circuit_decorator.py for tasks to queue
[2023-03-12T10:16:25.887+0000] {logging_mixin.py:137} INFO - [2023-03-12T10:16:25.886+0000] {dagbag.py:538} INFO - Filling up the DagBag from /home/airflow/.local/lib/python3.7/site-packages/airflow/example_dags/example_short_circuit_decorator.py
[2023-03-12T10:16:25.908+0000] {processor.py:753} INFO - DAG(s) dict_keys(['example_short_circuit_decorator']) retrieved from /home/airflow/.local/lib/python3.7/site-packages/airflow/example_dags/example_short_circuit_decorator.py
[2023-03-12T10:16:25.934+0000] {logging_mixin.py:137} INFO - [2023-03-12T10:16:25.934+0000] {dag.py:2690} INFO - Sync 1 DAGs
[2023-03-12T10:16:25.955+0000] {logging_mixin.py:137} INFO - [2023-03-12T10:16:25.955+0000] {dag.py:3441} INFO - Setting next_dagrun for example_short_circuit_decorator to 2023-03-11T10:16:25.954870+00:00, run_after=2023-03-12T10:16:25.954870+00:00
[2023-03-12T10:16:25.973+0000] {processor.py:175} INFO - Processing /home/airflow/.local/lib/python3.7/site-packages/airflow/example_dags/example_short_circuit_decorator.py took 0.097 seconds
[2023-03-12T10:16:56.140+0000] {processor.py:153} INFO - Started process (PID=1309) to work on /home/airflow/.local/lib/python3.7/site-packages/airflow/example_dags/example_short_circuit_decorator.py
[2023-03-12T10:16:56.144+0000] {processor.py:743} INFO - Processing file /home/airflow/.local/lib/python3.7/site-packages/airflow/example_dags/example_short_circuit_decorator.py for tasks to queue
[2023-03-12T10:16:56.147+0000] {logging_mixin.py:137} INFO - [2023-03-12T10:16:56.147+0000] {dagbag.py:538} INFO - Filling up the DagBag from /home/airflow/.local/lib/python3.7/site-packages/airflow/example_dags/example_short_circuit_decorator.py
[2023-03-12T10:16:56.167+0000] {processor.py:753} INFO - DAG(s) dict_keys(['example_short_circuit_decorator']) retrieved from /home/airflow/.local/lib/python3.7/site-packages/airflow/example_dags/example_short_circuit_decorator.py
[2023-03-12T10:16:56.192+0000] {logging_mixin.py:137} INFO - [2023-03-12T10:16:56.192+0000] {dag.py:2690} INFO - Sync 1 DAGs
[2023-03-12T10:16:56.211+0000] {logging_mixin.py:137} INFO - [2023-03-12T10:16:56.211+0000] {dag.py:3441} INFO - Setting next_dagrun for example_short_circuit_decorator to 2023-03-11T10:16:56.211344+00:00, run_after=2023-03-12T10:16:56.211344+00:00
[2023-03-12T10:16:56.229+0000] {processor.py:175} INFO - Processing /home/airflow/.local/lib/python3.7/site-packages/airflow/example_dags/example_short_circuit_decorator.py took 0.094 seconds
[2023-03-12T10:17:27.079+0000] {processor.py:153} INFO - Started process (PID=1374) to work on /home/airflow/.local/lib/python3.7/site-packages/airflow/example_dags/example_short_circuit_decorator.py
[2023-03-12T10:17:27.081+0000] {processor.py:743} INFO - Processing file /home/airflow/.local/lib/python3.7/site-packages/airflow/example_dags/example_short_circuit_decorator.py for tasks to queue
[2023-03-12T10:17:27.084+0000] {logging_mixin.py:137} INFO - [2023-03-12T10:17:27.084+0000] {dagbag.py:538} INFO - Filling up the DagBag from /home/airflow/.local/lib/python3.7/site-packages/airflow/example_dags/example_short_circuit_decorator.py
[2023-03-12T10:17:27.106+0000] {processor.py:753} INFO - DAG(s) dict_keys(['example_short_circuit_decorator']) retrieved from /home/airflow/.local/lib/python3.7/site-packages/airflow/example_dags/example_short_circuit_decorator.py
[2023-03-12T10:17:27.131+0000] {logging_mixin.py:137} INFO - [2023-03-12T10:17:27.131+0000] {dag.py:2690} INFO - Sync 1 DAGs
[2023-03-12T10:17:27.148+0000] {logging_mixin.py:137} INFO - [2023-03-12T10:17:27.148+0000] {dag.py:3441} INFO - Setting next_dagrun for example_short_circuit_decorator to 2023-03-11T10:17:27.148639+00:00, run_after=2023-03-12T10:17:27.148639+00:00
[2023-03-12T10:17:27.164+0000] {processor.py:175} INFO - Processing /home/airflow/.local/lib/python3.7/site-packages/airflow/example_dags/example_short_circuit_decorator.py took 0.089 seconds
[2023-03-12T10:17:58.082+0000] {processor.py:153} INFO - Started process (PID=1451) to work on /home/airflow/.local/lib/python3.7/site-packages/airflow/example_dags/example_short_circuit_decorator.py
[2023-03-12T10:17:58.085+0000] {processor.py:743} INFO - Processing file /home/airflow/.local/lib/python3.7/site-packages/airflow/example_dags/example_short_circuit_decorator.py for tasks to queue
[2023-03-12T10:17:58.087+0000] {logging_mixin.py:137} INFO - [2023-03-12T10:17:58.087+0000] {dagbag.py:538} INFO - Filling up the DagBag from /home/airflow/.local/lib/python3.7/site-packages/airflow/example_dags/example_short_circuit_decorator.py
[2023-03-12T10:17:58.108+0000] {processor.py:753} INFO - DAG(s) dict_keys(['example_short_circuit_decorator']) retrieved from /home/airflow/.local/lib/python3.7/site-packages/airflow/example_dags/example_short_circuit_decorator.py
[2023-03-12T10:17:58.134+0000] {logging_mixin.py:137} INFO - [2023-03-12T10:17:58.134+0000] {dag.py:2690} INFO - Sync 1 DAGs
[2023-03-12T10:17:58.152+0000] {logging_mixin.py:137} INFO - [2023-03-12T10:17:58.152+0000] {dag.py:3441} INFO - Setting next_dagrun for example_short_circuit_decorator to 2023-03-11T10:17:58.152610+00:00, run_after=2023-03-12T10:17:58.152610+00:00
[2023-03-12T10:17:58.170+0000] {processor.py:175} INFO - Processing /home/airflow/.local/lib/python3.7/site-packages/airflow/example_dags/example_short_circuit_decorator.py took 0.095 seconds
[2023-03-12T10:18:28.508+0000] {processor.py:153} INFO - Started process (PID=1529) to work on /home/airflow/.local/lib/python3.7/site-packages/airflow/example_dags/example_short_circuit_decorator.py
[2023-03-12T10:18:28.510+0000] {processor.py:743} INFO - Processing file /home/airflow/.local/lib/python3.7/site-packages/airflow/example_dags/example_short_circuit_decorator.py for tasks to queue
[2023-03-12T10:18:28.512+0000] {logging_mixin.py:137} INFO - [2023-03-12T10:18:28.512+0000] {dagbag.py:538} INFO - Filling up the DagBag from /home/airflow/.local/lib/python3.7/site-packages/airflow/example_dags/example_short_circuit_decorator.py
[2023-03-12T10:18:28.535+0000] {processor.py:753} INFO - DAG(s) dict_keys(['example_short_circuit_decorator']) retrieved from /home/airflow/.local/lib/python3.7/site-packages/airflow/example_dags/example_short_circuit_decorator.py
[2023-03-12T10:18:28.563+0000] {logging_mixin.py:137} INFO - [2023-03-12T10:18:28.563+0000] {dag.py:2690} INFO - Sync 1 DAGs
[2023-03-12T10:18:28.586+0000] {logging_mixin.py:137} INFO - [2023-03-12T10:18:28.586+0000] {dag.py:3441} INFO - Setting next_dagrun for example_short_circuit_decorator to 2023-03-11T10:18:28.585663+00:00, run_after=2023-03-12T10:18:28.585663+00:00
[2023-03-12T10:18:28.602+0000] {processor.py:175} INFO - Processing /home/airflow/.local/lib/python3.7/site-packages/airflow/example_dags/example_short_circuit_decorator.py took 0.098 seconds
[2023-03-12T10:18:58.671+0000] {processor.py:153} INFO - Started process (PID=1594) to work on /home/airflow/.local/lib/python3.7/site-packages/airflow/example_dags/example_short_circuit_decorator.py
[2023-03-12T10:18:58.674+0000] {processor.py:743} INFO - Processing file /home/airflow/.local/lib/python3.7/site-packages/airflow/example_dags/example_short_circuit_decorator.py for tasks to queue
[2023-03-12T10:18:58.676+0000] {logging_mixin.py:137} INFO - [2023-03-12T10:18:58.675+0000] {dagbag.py:538} INFO - Filling up the DagBag from /home/airflow/.local/lib/python3.7/site-packages/airflow/example_dags/example_short_circuit_decorator.py
[2023-03-12T10:18:58.695+0000] {processor.py:753} INFO - DAG(s) dict_keys(['example_short_circuit_decorator']) retrieved from /home/airflow/.local/lib/python3.7/site-packages/airflow/example_dags/example_short_circuit_decorator.py
[2023-03-12T10:18:58.720+0000] {logging_mixin.py:137} INFO - [2023-03-12T10:18:58.720+0000] {dag.py:2690} INFO - Sync 1 DAGs
[2023-03-12T10:18:58.739+0000] {logging_mixin.py:137} INFO - [2023-03-12T10:18:58.738+0000] {dag.py:3441} INFO - Setting next_dagrun for example_short_circuit_decorator to 2023-03-11T10:18:58.738721+00:00, run_after=2023-03-12T10:18:58.738721+00:00
[2023-03-12T10:18:58.758+0000] {processor.py:175} INFO - Processing /home/airflow/.local/lib/python3.7/site-packages/airflow/example_dags/example_short_circuit_decorator.py took 0.091 seconds
[2023-03-12T10:19:29.417+0000] {processor.py:153} INFO - Started process (PID=1672) to work on /home/airflow/.local/lib/python3.7/site-packages/airflow/example_dags/example_short_circuit_decorator.py
[2023-03-12T10:19:29.420+0000] {processor.py:743} INFO - Processing file /home/airflow/.local/lib/python3.7/site-packages/airflow/example_dags/example_short_circuit_decorator.py for tasks to queue
[2023-03-12T10:19:29.422+0000] {logging_mixin.py:137} INFO - [2023-03-12T10:19:29.422+0000] {dagbag.py:538} INFO - Filling up the DagBag from /home/airflow/.local/lib/python3.7/site-packages/airflow/example_dags/example_short_circuit_decorator.py
[2023-03-12T10:19:29.441+0000] {processor.py:753} INFO - DAG(s) dict_keys(['example_short_circuit_decorator']) retrieved from /home/airflow/.local/lib/python3.7/site-packages/airflow/example_dags/example_short_circuit_decorator.py
[2023-03-12T10:19:29.465+0000] {logging_mixin.py:137} INFO - [2023-03-12T10:19:29.465+0000] {dag.py:2690} INFO - Sync 1 DAGs
[2023-03-12T10:19:29.482+0000] {logging_mixin.py:137} INFO - [2023-03-12T10:19:29.482+0000] {dag.py:3441} INFO - Setting next_dagrun for example_short_circuit_decorator to 2023-03-11T10:19:29.482358+00:00, run_after=2023-03-12T10:19:29.482358+00:00
[2023-03-12T10:19:29.499+0000] {processor.py:175} INFO - Processing /home/airflow/.local/lib/python3.7/site-packages/airflow/example_dags/example_short_circuit_decorator.py took 0.085 seconds
[2023-03-12T10:19:59.907+0000] {processor.py:153} INFO - Started process (PID=1744) to work on /home/airflow/.local/lib/python3.7/site-packages/airflow/example_dags/example_short_circuit_decorator.py
[2023-03-12T10:19:59.910+0000] {processor.py:743} INFO - Processing file /home/airflow/.local/lib/python3.7/site-packages/airflow/example_dags/example_short_circuit_decorator.py for tasks to queue
[2023-03-12T10:19:59.913+0000] {logging_mixin.py:137} INFO - [2023-03-12T10:19:59.912+0000] {dagbag.py:538} INFO - Filling up the DagBag from /home/airflow/.local/lib/python3.7/site-packages/airflow/example_dags/example_short_circuit_decorator.py
[2023-03-12T10:19:59.937+0000] {processor.py:753} INFO - DAG(s) dict_keys(['example_short_circuit_decorator']) retrieved from /home/airflow/.local/lib/python3.7/site-packages/airflow/example_dags/example_short_circuit_decorator.py
[2023-03-12T10:19:59.970+0000] {logging_mixin.py:137} INFO - [2023-03-12T10:19:59.969+0000] {dag.py:2690} INFO - Sync 1 DAGs
[2023-03-12T10:19:59.996+0000] {logging_mixin.py:137} INFO - [2023-03-12T10:19:59.996+0000] {dag.py:3441} INFO - Setting next_dagrun for example_short_circuit_decorator to 2023-03-11T10:19:59.995796+00:00, run_after=2023-03-12T10:19:59.995796+00:00
[2023-03-12T10:20:00.018+0000] {processor.py:175} INFO - Processing /home/airflow/.local/lib/python3.7/site-packages/airflow/example_dags/example_short_circuit_decorator.py took 0.117 seconds
[2023-03-12T10:20:30.104+0000] {processor.py:153} INFO - Started process (PID=1816) to work on /home/airflow/.local/lib/python3.7/site-packages/airflow/example_dags/example_short_circuit_decorator.py
[2023-03-12T10:20:30.107+0000] {processor.py:743} INFO - Processing file /home/airflow/.local/lib/python3.7/site-packages/airflow/example_dags/example_short_circuit_decorator.py for tasks to queue
[2023-03-12T10:20:30.109+0000] {logging_mixin.py:137} INFO - [2023-03-12T10:20:30.109+0000] {dagbag.py:538} INFO - Filling up the DagBag from /home/airflow/.local/lib/python3.7/site-packages/airflow/example_dags/example_short_circuit_decorator.py
[2023-03-12T10:20:30.127+0000] {processor.py:753} INFO - DAG(s) dict_keys(['example_short_circuit_decorator']) retrieved from /home/airflow/.local/lib/python3.7/site-packages/airflow/example_dags/example_short_circuit_decorator.py
[2023-03-12T10:20:30.153+0000] {logging_mixin.py:137} INFO - [2023-03-12T10:20:30.152+0000] {dag.py:2690} INFO - Sync 1 DAGs
[2023-03-12T10:20:30.174+0000] {logging_mixin.py:137} INFO - [2023-03-12T10:20:30.174+0000] {dag.py:3441} INFO - Setting next_dagrun for example_short_circuit_decorator to 2023-03-11T10:20:30.174592+00:00, run_after=2023-03-12T10:20:30.174592+00:00
[2023-03-12T10:20:30.190+0000] {processor.py:175} INFO - Processing /home/airflow/.local/lib/python3.7/site-packages/airflow/example_dags/example_short_circuit_decorator.py took 0.088 seconds
[2023-03-12T10:21:00.727+0000] {processor.py:153} INFO - Started process (PID=1895) to work on /home/airflow/.local/lib/python3.7/site-packages/airflow/example_dags/example_short_circuit_decorator.py
[2023-03-12T10:21:00.729+0000] {processor.py:743} INFO - Processing file /home/airflow/.local/lib/python3.7/site-packages/airflow/example_dags/example_short_circuit_decorator.py for tasks to queue
[2023-03-12T10:21:00.731+0000] {logging_mixin.py:137} INFO - [2023-03-12T10:21:00.731+0000] {dagbag.py:538} INFO - Filling up the DagBag from /home/airflow/.local/lib/python3.7/site-packages/airflow/example_dags/example_short_circuit_decorator.py
[2023-03-12T10:21:00.750+0000] {processor.py:753} INFO - DAG(s) dict_keys(['example_short_circuit_decorator']) retrieved from /home/airflow/.local/lib/python3.7/site-packages/airflow/example_dags/example_short_circuit_decorator.py
[2023-03-12T10:21:00.781+0000] {logging_mixin.py:137} INFO - [2023-03-12T10:21:00.781+0000] {dag.py:2690} INFO - Sync 1 DAGs
[2023-03-12T10:21:00.804+0000] {logging_mixin.py:137} INFO - [2023-03-12T10:21:00.804+0000] {dag.py:3441} INFO - Setting next_dagrun for example_short_circuit_decorator to 2023-03-11T10:21:00.804565+00:00, run_after=2023-03-12T10:21:00.804565+00:00
[2023-03-12T10:21:00.820+0000] {processor.py:175} INFO - Processing /home/airflow/.local/lib/python3.7/site-packages/airflow/example_dags/example_short_circuit_decorator.py took 0.096 seconds
[2023-03-12T10:21:31.019+0000] {processor.py:153} INFO - Started process (PID=1961) to work on /home/airflow/.local/lib/python3.7/site-packages/airflow/example_dags/example_short_circuit_decorator.py
[2023-03-12T10:21:31.021+0000] {processor.py:743} INFO - Processing file /home/airflow/.local/lib/python3.7/site-packages/airflow/example_dags/example_short_circuit_decorator.py for tasks to queue
[2023-03-12T10:21:31.023+0000] {logging_mixin.py:137} INFO - [2023-03-12T10:21:31.023+0000] {dagbag.py:538} INFO - Filling up the DagBag from /home/airflow/.local/lib/python3.7/site-packages/airflow/example_dags/example_short_circuit_decorator.py
[2023-03-12T10:21:31.049+0000] {processor.py:753} INFO - DAG(s) dict_keys(['example_short_circuit_decorator']) retrieved from /home/airflow/.local/lib/python3.7/site-packages/airflow/example_dags/example_short_circuit_decorator.py
[2023-03-12T10:21:31.075+0000] {logging_mixin.py:137} INFO - [2023-03-12T10:21:31.074+0000] {dag.py:2690} INFO - Sync 1 DAGs
[2023-03-12T10:21:31.093+0000] {logging_mixin.py:137} INFO - [2023-03-12T10:21:31.093+0000] {dag.py:3441} INFO - Setting next_dagrun for example_short_circuit_decorator to 2023-03-11T10:21:31.093129+00:00, run_after=2023-03-12T10:21:31.093129+00:00
[2023-03-12T10:21:31.106+0000] {processor.py:175} INFO - Processing /home/airflow/.local/lib/python3.7/site-packages/airflow/example_dags/example_short_circuit_decorator.py took 0.091 seconds
[2023-03-12T10:22:01.368+0000] {processor.py:153} INFO - Started process (PID=2038) to work on /home/airflow/.local/lib/python3.7/site-packages/airflow/example_dags/example_short_circuit_decorator.py
[2023-03-12T10:22:01.371+0000] {processor.py:743} INFO - Processing file /home/airflow/.local/lib/python3.7/site-packages/airflow/example_dags/example_short_circuit_decorator.py for tasks to queue
[2023-03-12T10:22:01.373+0000] {logging_mixin.py:137} INFO - [2023-03-12T10:22:01.373+0000] {dagbag.py:538} INFO - Filling up the DagBag from /home/airflow/.local/lib/python3.7/site-packages/airflow/example_dags/example_short_circuit_decorator.py
[2023-03-12T10:22:01.396+0000] {processor.py:753} INFO - DAG(s) dict_keys(['example_short_circuit_decorator']) retrieved from /home/airflow/.local/lib/python3.7/site-packages/airflow/example_dags/example_short_circuit_decorator.py
[2023-03-12T10:22:01.425+0000] {logging_mixin.py:137} INFO - [2023-03-12T10:22:01.425+0000] {dag.py:2690} INFO - Sync 1 DAGs
[2023-03-12T10:22:01.446+0000] {logging_mixin.py:137} INFO - [2023-03-12T10:22:01.446+0000] {dag.py:3441} INFO - Setting next_dagrun for example_short_circuit_decorator to 2023-03-11T10:22:01.445942+00:00, run_after=2023-03-12T10:22:01.445942+00:00
[2023-03-12T10:22:01.463+0000] {processor.py:175} INFO - Processing /home/airflow/.local/lib/python3.7/site-packages/airflow/example_dags/example_short_circuit_decorator.py took 0.098 seconds
