[2023-03-12T10:08:16.012+0000] {processor.py:153} INFO - Started process (PID=58) to work on /home/airflow/.local/lib/python3.7/site-packages/airflow/example_dags/example_bash_operator.py
[2023-03-12T10:08:16.014+0000] {processor.py:743} INFO - Processing file /home/airflow/.local/lib/python3.7/site-packages/airflow/example_dags/example_bash_operator.py for tasks to queue
[2023-03-12T10:08:16.017+0000] {logging_mixin.py:137} INFO - [2023-03-12T10:08:16.016+0000] {dagbag.py:538} INFO - Filling up the DagBag from /home/airflow/.local/lib/python3.7/site-packages/airflow/example_dags/example_bash_operator.py
[2023-03-12T10:08:16.040+0000] {processor.py:753} INFO - DAG(s) dict_keys(['example_bash_operator']) retrieved from /home/airflow/.local/lib/python3.7/site-packages/airflow/example_dags/example_bash_operator.py
[2023-03-12T10:08:16.060+0000] {logging_mixin.py:137} INFO - [2023-03-12T10:08:16.060+0000] {dag.py:2690} INFO - Sync 1 DAGs
[2023-03-12T10:08:16.105+0000] {logging_mixin.py:137} INFO - [2023-03-12T10:08:16.105+0000] {dag.py:3441} INFO - Setting next_dagrun for example_bash_operator to 2023-03-11T00:00:00+00:00, run_after=2023-03-12T00:00:00+00:00
[2023-03-12T10:08:16.135+0000] {processor.py:175} INFO - Processing /home/airflow/.local/lib/python3.7/site-packages/airflow/example_dags/example_bash_operator.py took 0.127 seconds
[2023-03-12T10:08:46.509+0000] {processor.py:153} INFO - Started process (PID=135) to work on /home/airflow/.local/lib/python3.7/site-packages/airflow/example_dags/example_bash_operator.py
[2023-03-12T10:08:46.512+0000] {processor.py:743} INFO - Processing file /home/airflow/.local/lib/python3.7/site-packages/airflow/example_dags/example_bash_operator.py for tasks to queue
[2023-03-12T10:08:46.513+0000] {logging_mixin.py:137} INFO - [2023-03-12T10:08:46.513+0000] {dagbag.py:538} INFO - Filling up the DagBag from /home/airflow/.local/lib/python3.7/site-packages/airflow/example_dags/example_bash_operator.py
[2023-03-12T10:08:46.531+0000] {processor.py:753} INFO - DAG(s) dict_keys(['example_bash_operator']) retrieved from /home/airflow/.local/lib/python3.7/site-packages/airflow/example_dags/example_bash_operator.py
[2023-03-12T10:08:46.559+0000] {logging_mixin.py:137} INFO - [2023-03-12T10:08:46.559+0000] {dag.py:2690} INFO - Sync 1 DAGs
[2023-03-12T10:08:46.578+0000] {logging_mixin.py:137} INFO - [2023-03-12T10:08:46.578+0000] {dag.py:3441} INFO - Setting next_dagrun for example_bash_operator to 2023-03-11T00:00:00+00:00, run_after=2023-03-12T00:00:00+00:00
[2023-03-12T10:08:46.592+0000] {processor.py:175} INFO - Processing /home/airflow/.local/lib/python3.7/site-packages/airflow/example_dags/example_bash_operator.py took 0.086 seconds
[2023-03-12T10:09:18.207+0000] {processor.py:153} INFO - Started process (PID=208) to work on /home/airflow/.local/lib/python3.7/site-packages/airflow/example_dags/example_bash_operator.py
[2023-03-12T10:09:18.213+0000] {processor.py:743} INFO - Processing file /home/airflow/.local/lib/python3.7/site-packages/airflow/example_dags/example_bash_operator.py for tasks to queue
[2023-03-12T10:09:18.214+0000] {logging_mixin.py:137} INFO - [2023-03-12T10:09:18.214+0000] {dagbag.py:538} INFO - Filling up the DagBag from /home/airflow/.local/lib/python3.7/site-packages/airflow/example_dags/example_bash_operator.py
[2023-03-12T10:09:18.278+0000] {processor.py:753} INFO - DAG(s) dict_keys(['example_bash_operator']) retrieved from /home/airflow/.local/lib/python3.7/site-packages/airflow/example_dags/example_bash_operator.py
[2023-03-12T10:09:18.366+0000] {logging_mixin.py:137} INFO - [2023-03-12T10:09:18.366+0000] {dag.py:2690} INFO - Sync 1 DAGs
[2023-03-12T10:09:18.424+0000] {logging_mixin.py:137} INFO - [2023-03-12T10:09:18.424+0000] {dag.py:3441} INFO - Setting next_dagrun for example_bash_operator to 2023-03-11T00:00:00+00:00, run_after=2023-03-12T00:00:00+00:00
[2023-03-12T10:09:18.466+0000] {processor.py:175} INFO - Processing /home/airflow/.local/lib/python3.7/site-packages/airflow/example_dags/example_bash_operator.py took 0.264 seconds
[2023-03-12T10:09:48.739+0000] {processor.py:153} INFO - Started process (PID=277) to work on /home/airflow/.local/lib/python3.7/site-packages/airflow/example_dags/example_bash_operator.py
[2023-03-12T10:09:48.743+0000] {processor.py:743} INFO - Processing file /home/airflow/.local/lib/python3.7/site-packages/airflow/example_dags/example_bash_operator.py for tasks to queue
[2023-03-12T10:09:48.745+0000] {logging_mixin.py:137} INFO - [2023-03-12T10:09:48.745+0000] {dagbag.py:538} INFO - Filling up the DagBag from /home/airflow/.local/lib/python3.7/site-packages/airflow/example_dags/example_bash_operator.py
[2023-03-12T10:09:48.763+0000] {processor.py:753} INFO - DAG(s) dict_keys(['example_bash_operator']) retrieved from /home/airflow/.local/lib/python3.7/site-packages/airflow/example_dags/example_bash_operator.py
[2023-03-12T10:09:48.794+0000] {logging_mixin.py:137} INFO - [2023-03-12T10:09:48.794+0000] {dag.py:2690} INFO - Sync 1 DAGs
[2023-03-12T10:09:48.816+0000] {logging_mixin.py:137} INFO - [2023-03-12T10:09:48.816+0000] {dag.py:3441} INFO - Setting next_dagrun for example_bash_operator to 2023-03-11T00:00:00+00:00, run_after=2023-03-12T00:00:00+00:00
[2023-03-12T10:09:48.830+0000] {processor.py:175} INFO - Processing /home/airflow/.local/lib/python3.7/site-packages/airflow/example_dags/example_bash_operator.py took 0.095 seconds
[2023-03-12T10:10:19.774+0000] {processor.py:153} INFO - Started process (PID=354) to work on /home/airflow/.local/lib/python3.7/site-packages/airflow/example_dags/example_bash_operator.py
[2023-03-12T10:10:19.776+0000] {processor.py:743} INFO - Processing file /home/airflow/.local/lib/python3.7/site-packages/airflow/example_dags/example_bash_operator.py for tasks to queue
[2023-03-12T10:10:19.778+0000] {logging_mixin.py:137} INFO - [2023-03-12T10:10:19.778+0000] {dagbag.py:538} INFO - Filling up the DagBag from /home/airflow/.local/lib/python3.7/site-packages/airflow/example_dags/example_bash_operator.py
[2023-03-12T10:10:19.795+0000] {processor.py:753} INFO - DAG(s) dict_keys(['example_bash_operator']) retrieved from /home/airflow/.local/lib/python3.7/site-packages/airflow/example_dags/example_bash_operator.py
[2023-03-12T10:10:19.821+0000] {logging_mixin.py:137} INFO - [2023-03-12T10:10:19.821+0000] {dag.py:2690} INFO - Sync 1 DAGs
[2023-03-12T10:10:19.838+0000] {logging_mixin.py:137} INFO - [2023-03-12T10:10:19.838+0000] {dag.py:3441} INFO - Setting next_dagrun for example_bash_operator to 2023-03-11T00:00:00+00:00, run_after=2023-03-12T00:00:00+00:00
[2023-03-12T10:10:19.854+0000] {processor.py:175} INFO - Processing /home/airflow/.local/lib/python3.7/site-packages/airflow/example_dags/example_bash_operator.py took 0.084 seconds
[2023-03-12T10:10:49.967+0000] {processor.py:153} INFO - Started process (PID=425) to work on /home/airflow/.local/lib/python3.7/site-packages/airflow/example_dags/example_bash_operator.py
[2023-03-12T10:10:49.969+0000] {processor.py:743} INFO - Processing file /home/airflow/.local/lib/python3.7/site-packages/airflow/example_dags/example_bash_operator.py for tasks to queue
[2023-03-12T10:10:49.971+0000] {logging_mixin.py:137} INFO - [2023-03-12T10:10:49.971+0000] {dagbag.py:538} INFO - Filling up the DagBag from /home/airflow/.local/lib/python3.7/site-packages/airflow/example_dags/example_bash_operator.py
[2023-03-12T10:10:49.988+0000] {processor.py:753} INFO - DAG(s) dict_keys(['example_bash_operator']) retrieved from /home/airflow/.local/lib/python3.7/site-packages/airflow/example_dags/example_bash_operator.py
[2023-03-12T10:10:50.018+0000] {logging_mixin.py:137} INFO - [2023-03-12T10:10:50.018+0000] {dag.py:2690} INFO - Sync 1 DAGs
[2023-03-12T10:10:50.038+0000] {logging_mixin.py:137} INFO - [2023-03-12T10:10:50.038+0000] {dag.py:3441} INFO - Setting next_dagrun for example_bash_operator to 2023-03-11T00:00:00+00:00, run_after=2023-03-12T00:00:00+00:00
[2023-03-12T10:10:50.053+0000] {processor.py:175} INFO - Processing /home/airflow/.local/lib/python3.7/site-packages/airflow/example_dags/example_bash_operator.py took 0.089 seconds
[2023-03-12T10:11:20.120+0000] {processor.py:153} INFO - Started process (PID=496) to work on /home/airflow/.local/lib/python3.7/site-packages/airflow/example_dags/example_bash_operator.py
[2023-03-12T10:11:20.124+0000] {processor.py:743} INFO - Processing file /home/airflow/.local/lib/python3.7/site-packages/airflow/example_dags/example_bash_operator.py for tasks to queue
[2023-03-12T10:11:20.126+0000] {logging_mixin.py:137} INFO - [2023-03-12T10:11:20.126+0000] {dagbag.py:538} INFO - Filling up the DagBag from /home/airflow/.local/lib/python3.7/site-packages/airflow/example_dags/example_bash_operator.py
[2023-03-12T10:11:20.141+0000] {processor.py:753} INFO - DAG(s) dict_keys(['example_bash_operator']) retrieved from /home/airflow/.local/lib/python3.7/site-packages/airflow/example_dags/example_bash_operator.py
[2023-03-12T10:11:20.169+0000] {logging_mixin.py:137} INFO - [2023-03-12T10:11:20.169+0000] {dag.py:2690} INFO - Sync 1 DAGs
[2023-03-12T10:11:20.186+0000] {logging_mixin.py:137} INFO - [2023-03-12T10:11:20.186+0000] {dag.py:3441} INFO - Setting next_dagrun for example_bash_operator to 2023-03-11T00:00:00+00:00, run_after=2023-03-12T00:00:00+00:00
[2023-03-12T10:11:20.198+0000] {processor.py:175} INFO - Processing /home/airflow/.local/lib/python3.7/site-packages/airflow/example_dags/example_bash_operator.py took 0.081 seconds
[2023-03-12T10:11:50.341+0000] {processor.py:153} INFO - Started process (PID=572) to work on /home/airflow/.local/lib/python3.7/site-packages/airflow/example_dags/example_bash_operator.py
[2023-03-12T10:11:50.344+0000] {processor.py:743} INFO - Processing file /home/airflow/.local/lib/python3.7/site-packages/airflow/example_dags/example_bash_operator.py for tasks to queue
[2023-03-12T10:11:50.345+0000] {logging_mixin.py:137} INFO - [2023-03-12T10:11:50.345+0000] {dagbag.py:538} INFO - Filling up the DagBag from /home/airflow/.local/lib/python3.7/site-packages/airflow/example_dags/example_bash_operator.py
[2023-03-12T10:11:50.361+0000] {processor.py:753} INFO - DAG(s) dict_keys(['example_bash_operator']) retrieved from /home/airflow/.local/lib/python3.7/site-packages/airflow/example_dags/example_bash_operator.py
[2023-03-12T10:11:50.388+0000] {logging_mixin.py:137} INFO - [2023-03-12T10:11:50.388+0000] {dag.py:2690} INFO - Sync 1 DAGs
[2023-03-12T10:11:50.404+0000] {logging_mixin.py:137} INFO - [2023-03-12T10:11:50.404+0000] {dag.py:3441} INFO - Setting next_dagrun for example_bash_operator to 2023-03-11T00:00:00+00:00, run_after=2023-03-12T00:00:00+00:00
[2023-03-12T10:11:50.418+0000] {processor.py:175} INFO - Processing /home/airflow/.local/lib/python3.7/site-packages/airflow/example_dags/example_bash_operator.py took 0.080 seconds
[2023-03-12T10:12:20.595+0000] {processor.py:153} INFO - Started process (PID=637) to work on /home/airflow/.local/lib/python3.7/site-packages/airflow/example_dags/example_bash_operator.py
[2023-03-12T10:12:20.598+0000] {processor.py:743} INFO - Processing file /home/airflow/.local/lib/python3.7/site-packages/airflow/example_dags/example_bash_operator.py for tasks to queue
[2023-03-12T10:12:20.601+0000] {logging_mixin.py:137} INFO - [2023-03-12T10:12:20.601+0000] {dagbag.py:538} INFO - Filling up the DagBag from /home/airflow/.local/lib/python3.7/site-packages/airflow/example_dags/example_bash_operator.py
[2023-03-12T10:12:20.623+0000] {processor.py:753} INFO - DAG(s) dict_keys(['example_bash_operator']) retrieved from /home/airflow/.local/lib/python3.7/site-packages/airflow/example_dags/example_bash_operator.py
[2023-03-12T10:12:20.667+0000] {logging_mixin.py:137} INFO - [2023-03-12T10:12:20.667+0000] {dag.py:2690} INFO - Sync 1 DAGs
[2023-03-12T10:12:20.696+0000] {logging_mixin.py:137} INFO - [2023-03-12T10:12:20.695+0000] {dag.py:3441} INFO - Setting next_dagrun for example_bash_operator to 2023-03-11T00:00:00+00:00, run_after=2023-03-12T00:00:00+00:00
[2023-03-12T10:12:20.717+0000] {processor.py:175} INFO - Processing /home/airflow/.local/lib/python3.7/site-packages/airflow/example_dags/example_bash_operator.py took 0.126 seconds
[2023-03-12T10:12:50.909+0000] {processor.py:153} INFO - Started process (PID=715) to work on /home/airflow/.local/lib/python3.7/site-packages/airflow/example_dags/example_bash_operator.py
[2023-03-12T10:12:50.913+0000] {processor.py:743} INFO - Processing file /home/airflow/.local/lib/python3.7/site-packages/airflow/example_dags/example_bash_operator.py for tasks to queue
[2023-03-12T10:12:50.915+0000] {logging_mixin.py:137} INFO - [2023-03-12T10:12:50.915+0000] {dagbag.py:538} INFO - Filling up the DagBag from /home/airflow/.local/lib/python3.7/site-packages/airflow/example_dags/example_bash_operator.py
[2023-03-12T10:12:50.939+0000] {processor.py:753} INFO - DAG(s) dict_keys(['example_bash_operator']) retrieved from /home/airflow/.local/lib/python3.7/site-packages/airflow/example_dags/example_bash_operator.py
[2023-03-12T10:12:50.979+0000] {logging_mixin.py:137} INFO - [2023-03-12T10:12:50.979+0000] {dag.py:2690} INFO - Sync 1 DAGs
[2023-03-12T10:12:51.009+0000] {logging_mixin.py:137} INFO - [2023-03-12T10:12:51.009+0000] {dag.py:3441} INFO - Setting next_dagrun for example_bash_operator to 2023-03-11T00:00:00+00:00, run_after=2023-03-12T00:00:00+00:00
[2023-03-12T10:12:51.037+0000] {processor.py:175} INFO - Processing /home/airflow/.local/lib/python3.7/site-packages/airflow/example_dags/example_bash_operator.py took 0.133 seconds
[2023-03-12T10:13:21.360+0000] {processor.py:153} INFO - Started process (PID=780) to work on /home/airflow/.local/lib/python3.7/site-packages/airflow/example_dags/example_bash_operator.py
[2023-03-12T10:13:21.363+0000] {processor.py:743} INFO - Processing file /home/airflow/.local/lib/python3.7/site-packages/airflow/example_dags/example_bash_operator.py for tasks to queue
[2023-03-12T10:13:21.365+0000] {logging_mixin.py:137} INFO - [2023-03-12T10:13:21.364+0000] {dagbag.py:538} INFO - Filling up the DagBag from /home/airflow/.local/lib/python3.7/site-packages/airflow/example_dags/example_bash_operator.py
[2023-03-12T10:13:21.392+0000] {processor.py:753} INFO - DAG(s) dict_keys(['example_bash_operator']) retrieved from /home/airflow/.local/lib/python3.7/site-packages/airflow/example_dags/example_bash_operator.py
[2023-03-12T10:13:21.424+0000] {logging_mixin.py:137} INFO - [2023-03-12T10:13:21.424+0000] {dag.py:2690} INFO - Sync 1 DAGs
[2023-03-12T10:13:21.449+0000] {logging_mixin.py:137} INFO - [2023-03-12T10:13:21.449+0000] {dag.py:3441} INFO - Setting next_dagrun for example_bash_operator to 2023-03-11T00:00:00+00:00, run_after=2023-03-12T00:00:00+00:00
[2023-03-12T10:13:21.471+0000] {processor.py:175} INFO - Processing /home/airflow/.local/lib/python3.7/site-packages/airflow/example_dags/example_bash_operator.py took 0.115 seconds
[2023-03-12T10:13:51.675+0000] {processor.py:153} INFO - Started process (PID=857) to work on /home/airflow/.local/lib/python3.7/site-packages/airflow/example_dags/example_bash_operator.py
[2023-03-12T10:13:51.677+0000] {processor.py:743} INFO - Processing file /home/airflow/.local/lib/python3.7/site-packages/airflow/example_dags/example_bash_operator.py for tasks to queue
[2023-03-12T10:13:51.679+0000] {logging_mixin.py:137} INFO - [2023-03-12T10:13:51.679+0000] {dagbag.py:538} INFO - Filling up the DagBag from /home/airflow/.local/lib/python3.7/site-packages/airflow/example_dags/example_bash_operator.py
[2023-03-12T10:13:51.699+0000] {processor.py:753} INFO - DAG(s) dict_keys(['example_bash_operator']) retrieved from /home/airflow/.local/lib/python3.7/site-packages/airflow/example_dags/example_bash_operator.py
[2023-03-12T10:13:51.735+0000] {logging_mixin.py:137} INFO - [2023-03-12T10:13:51.735+0000] {dag.py:2690} INFO - Sync 1 DAGs
[2023-03-12T10:13:51.755+0000] {logging_mixin.py:137} INFO - [2023-03-12T10:13:51.755+0000] {dag.py:3441} INFO - Setting next_dagrun for example_bash_operator to 2023-03-11T00:00:00+00:00, run_after=2023-03-12T00:00:00+00:00
[2023-03-12T10:13:51.772+0000] {processor.py:175} INFO - Processing /home/airflow/.local/lib/python3.7/site-packages/airflow/example_dags/example_bash_operator.py took 0.100 seconds
[2023-03-12T10:14:21.991+0000] {processor.py:153} INFO - Started process (PID=934) to work on /home/airflow/.local/lib/python3.7/site-packages/airflow/example_dags/example_bash_operator.py
[2023-03-12T10:14:21.994+0000] {processor.py:743} INFO - Processing file /home/airflow/.local/lib/python3.7/site-packages/airflow/example_dags/example_bash_operator.py for tasks to queue
[2023-03-12T10:14:21.996+0000] {logging_mixin.py:137} INFO - [2023-03-12T10:14:21.996+0000] {dagbag.py:538} INFO - Filling up the DagBag from /home/airflow/.local/lib/python3.7/site-packages/airflow/example_dags/example_bash_operator.py
[2023-03-12T10:14:22.014+0000] {processor.py:753} INFO - DAG(s) dict_keys(['example_bash_operator']) retrieved from /home/airflow/.local/lib/python3.7/site-packages/airflow/example_dags/example_bash_operator.py
[2023-03-12T10:14:22.055+0000] {logging_mixin.py:137} INFO - [2023-03-12T10:14:22.055+0000] {dag.py:2690} INFO - Sync 1 DAGs
[2023-03-12T10:14:22.077+0000] {logging_mixin.py:137} INFO - [2023-03-12T10:14:22.077+0000] {dag.py:3441} INFO - Setting next_dagrun for example_bash_operator to 2023-03-11T00:00:00+00:00, run_after=2023-03-12T00:00:00+00:00
[2023-03-12T10:14:22.094+0000] {processor.py:175} INFO - Processing /home/airflow/.local/lib/python3.7/site-packages/airflow/example_dags/example_bash_operator.py took 0.107 seconds
[2023-03-12T10:14:52.219+0000] {processor.py:153} INFO - Started process (PID=1000) to work on /home/airflow/.local/lib/python3.7/site-packages/airflow/example_dags/example_bash_operator.py
[2023-03-12T10:14:52.222+0000] {processor.py:743} INFO - Processing file /home/airflow/.local/lib/python3.7/site-packages/airflow/example_dags/example_bash_operator.py for tasks to queue
[2023-03-12T10:14:52.224+0000] {logging_mixin.py:137} INFO - [2023-03-12T10:14:52.224+0000] {dagbag.py:538} INFO - Filling up the DagBag from /home/airflow/.local/lib/python3.7/site-packages/airflow/example_dags/example_bash_operator.py
[2023-03-12T10:14:52.243+0000] {processor.py:753} INFO - DAG(s) dict_keys(['example_bash_operator']) retrieved from /home/airflow/.local/lib/python3.7/site-packages/airflow/example_dags/example_bash_operator.py
[2023-03-12T10:14:52.280+0000] {logging_mixin.py:137} INFO - [2023-03-12T10:14:52.279+0000] {dag.py:2690} INFO - Sync 1 DAGs
[2023-03-12T10:14:52.306+0000] {logging_mixin.py:137} INFO - [2023-03-12T10:14:52.306+0000] {dag.py:3441} INFO - Setting next_dagrun for example_bash_operator to 2023-03-11T00:00:00+00:00, run_after=2023-03-12T00:00:00+00:00
[2023-03-12T10:14:52.322+0000] {processor.py:175} INFO - Processing /home/airflow/.local/lib/python3.7/site-packages/airflow/example_dags/example_bash_operator.py took 0.106 seconds
[2023-03-12T10:15:22.513+0000] {processor.py:153} INFO - Started process (PID=1078) to work on /home/airflow/.local/lib/python3.7/site-packages/airflow/example_dags/example_bash_operator.py
[2023-03-12T10:15:22.516+0000] {processor.py:743} INFO - Processing file /home/airflow/.local/lib/python3.7/site-packages/airflow/example_dags/example_bash_operator.py for tasks to queue
[2023-03-12T10:15:22.518+0000] {logging_mixin.py:137} INFO - [2023-03-12T10:15:22.518+0000] {dagbag.py:538} INFO - Filling up the DagBag from /home/airflow/.local/lib/python3.7/site-packages/airflow/example_dags/example_bash_operator.py
[2023-03-12T10:15:22.536+0000] {processor.py:753} INFO - DAG(s) dict_keys(['example_bash_operator']) retrieved from /home/airflow/.local/lib/python3.7/site-packages/airflow/example_dags/example_bash_operator.py
[2023-03-12T10:15:22.573+0000] {logging_mixin.py:137} INFO - [2023-03-12T10:15:22.573+0000] {dag.py:2690} INFO - Sync 1 DAGs
[2023-03-12T10:15:22.594+0000] {logging_mixin.py:137} INFO - [2023-03-12T10:15:22.594+0000] {dag.py:3441} INFO - Setting next_dagrun for example_bash_operator to 2023-03-11T00:00:00+00:00, run_after=2023-03-12T00:00:00+00:00
[2023-03-12T10:15:22.610+0000] {processor.py:175} INFO - Processing /home/airflow/.local/lib/python3.7/site-packages/airflow/example_dags/example_bash_operator.py took 0.100 seconds
[2023-03-12T10:15:52.895+0000] {processor.py:153} INFO - Started process (PID=1141) to work on /home/airflow/.local/lib/python3.7/site-packages/airflow/example_dags/example_bash_operator.py
[2023-03-12T10:15:52.899+0000] {processor.py:743} INFO - Processing file /home/airflow/.local/lib/python3.7/site-packages/airflow/example_dags/example_bash_operator.py for tasks to queue
[2023-03-12T10:15:52.901+0000] {logging_mixin.py:137} INFO - [2023-03-12T10:15:52.901+0000] {dagbag.py:538} INFO - Filling up the DagBag from /home/airflow/.local/lib/python3.7/site-packages/airflow/example_dags/example_bash_operator.py
[2023-03-12T10:15:52.919+0000] {processor.py:753} INFO - DAG(s) dict_keys(['example_bash_operator']) retrieved from /home/airflow/.local/lib/python3.7/site-packages/airflow/example_dags/example_bash_operator.py
[2023-03-12T10:15:52.949+0000] {logging_mixin.py:137} INFO - [2023-03-12T10:15:52.949+0000] {dag.py:2690} INFO - Sync 1 DAGs
[2023-03-12T10:15:52.967+0000] {logging_mixin.py:137} INFO - [2023-03-12T10:15:52.967+0000] {dag.py:3441} INFO - Setting next_dagrun for example_bash_operator to 2023-03-11T00:00:00+00:00, run_after=2023-03-12T00:00:00+00:00
[2023-03-12T10:15:52.982+0000] {processor.py:175} INFO - Processing /home/airflow/.local/lib/python3.7/site-packages/airflow/example_dags/example_bash_operator.py took 0.091 seconds
[2023-03-12T10:16:23.089+0000] {processor.py:153} INFO - Started process (PID=1218) to work on /home/airflow/.local/lib/python3.7/site-packages/airflow/example_dags/example_bash_operator.py
[2023-03-12T10:16:23.091+0000] {processor.py:743} INFO - Processing file /home/airflow/.local/lib/python3.7/site-packages/airflow/example_dags/example_bash_operator.py for tasks to queue
[2023-03-12T10:16:23.094+0000] {logging_mixin.py:137} INFO - [2023-03-12T10:16:23.093+0000] {dagbag.py:538} INFO - Filling up the DagBag from /home/airflow/.local/lib/python3.7/site-packages/airflow/example_dags/example_bash_operator.py
[2023-03-12T10:16:23.114+0000] {processor.py:753} INFO - DAG(s) dict_keys(['example_bash_operator']) retrieved from /home/airflow/.local/lib/python3.7/site-packages/airflow/example_dags/example_bash_operator.py
[2023-03-12T10:16:23.148+0000] {logging_mixin.py:137} INFO - [2023-03-12T10:16:23.148+0000] {dag.py:2690} INFO - Sync 1 DAGs
[2023-03-12T10:16:23.170+0000] {logging_mixin.py:137} INFO - [2023-03-12T10:16:23.169+0000] {dag.py:3441} INFO - Setting next_dagrun for example_bash_operator to 2023-03-11T00:00:00+00:00, run_after=2023-03-12T00:00:00+00:00
[2023-03-12T10:16:23.191+0000] {processor.py:175} INFO - Processing /home/airflow/.local/lib/python3.7/site-packages/airflow/example_dags/example_bash_operator.py took 0.105 seconds
[2023-03-12T10:16:54.134+0000] {processor.py:153} INFO - Started process (PID=1296) to work on /home/airflow/.local/lib/python3.7/site-packages/airflow/example_dags/example_bash_operator.py
[2023-03-12T10:16:54.136+0000] {processor.py:743} INFO - Processing file /home/airflow/.local/lib/python3.7/site-packages/airflow/example_dags/example_bash_operator.py for tasks to queue
[2023-03-12T10:16:54.139+0000] {logging_mixin.py:137} INFO - [2023-03-12T10:16:54.138+0000] {dagbag.py:538} INFO - Filling up the DagBag from /home/airflow/.local/lib/python3.7/site-packages/airflow/example_dags/example_bash_operator.py
[2023-03-12T10:16:54.162+0000] {processor.py:753} INFO - DAG(s) dict_keys(['example_bash_operator']) retrieved from /home/airflow/.local/lib/python3.7/site-packages/airflow/example_dags/example_bash_operator.py
[2023-03-12T10:16:54.194+0000] {logging_mixin.py:137} INFO - [2023-03-12T10:16:54.194+0000] {dag.py:2690} INFO - Sync 1 DAGs
[2023-03-12T10:16:54.218+0000] {logging_mixin.py:137} INFO - [2023-03-12T10:16:54.217+0000] {dag.py:3441} INFO - Setting next_dagrun for example_bash_operator to 2023-03-11T00:00:00+00:00, run_after=2023-03-12T00:00:00+00:00
[2023-03-12T10:16:54.235+0000] {processor.py:175} INFO - Processing /home/airflow/.local/lib/python3.7/site-packages/airflow/example_dags/example_bash_operator.py took 0.105 seconds
[2023-03-12T10:17:24.295+0000] {processor.py:153} INFO - Started process (PID=1361) to work on /home/airflow/.local/lib/python3.7/site-packages/airflow/example_dags/example_bash_operator.py
[2023-03-12T10:17:24.298+0000] {processor.py:743} INFO - Processing file /home/airflow/.local/lib/python3.7/site-packages/airflow/example_dags/example_bash_operator.py for tasks to queue
[2023-03-12T10:17:24.300+0000] {logging_mixin.py:137} INFO - [2023-03-12T10:17:24.300+0000] {dagbag.py:538} INFO - Filling up the DagBag from /home/airflow/.local/lib/python3.7/site-packages/airflow/example_dags/example_bash_operator.py
[2023-03-12T10:17:24.321+0000] {processor.py:753} INFO - DAG(s) dict_keys(['example_bash_operator']) retrieved from /home/airflow/.local/lib/python3.7/site-packages/airflow/example_dags/example_bash_operator.py
[2023-03-12T10:17:24.355+0000] {logging_mixin.py:137} INFO - [2023-03-12T10:17:24.355+0000] {dag.py:2690} INFO - Sync 1 DAGs
[2023-03-12T10:17:24.375+0000] {logging_mixin.py:137} INFO - [2023-03-12T10:17:24.374+0000] {dag.py:3441} INFO - Setting next_dagrun for example_bash_operator to 2023-03-11T00:00:00+00:00, run_after=2023-03-12T00:00:00+00:00
[2023-03-12T10:17:24.390+0000] {processor.py:175} INFO - Processing /home/airflow/.local/lib/python3.7/site-packages/airflow/example_dags/example_bash_operator.py took 0.098 seconds
[2023-03-12T10:17:55.252+0000] {processor.py:153} INFO - Started process (PID=1438) to work on /home/airflow/.local/lib/python3.7/site-packages/airflow/example_dags/example_bash_operator.py
[2023-03-12T10:17:55.255+0000] {processor.py:743} INFO - Processing file /home/airflow/.local/lib/python3.7/site-packages/airflow/example_dags/example_bash_operator.py for tasks to queue
[2023-03-12T10:17:55.257+0000] {logging_mixin.py:137} INFO - [2023-03-12T10:17:55.256+0000] {dagbag.py:538} INFO - Filling up the DagBag from /home/airflow/.local/lib/python3.7/site-packages/airflow/example_dags/example_bash_operator.py
[2023-03-12T10:17:55.275+0000] {processor.py:753} INFO - DAG(s) dict_keys(['example_bash_operator']) retrieved from /home/airflow/.local/lib/python3.7/site-packages/airflow/example_dags/example_bash_operator.py
[2023-03-12T10:17:55.308+0000] {logging_mixin.py:137} INFO - [2023-03-12T10:17:55.308+0000] {dag.py:2690} INFO - Sync 1 DAGs
[2023-03-12T10:17:55.335+0000] {logging_mixin.py:137} INFO - [2023-03-12T10:17:55.335+0000] {dag.py:3441} INFO - Setting next_dagrun for example_bash_operator to 2023-03-11T00:00:00+00:00, run_after=2023-03-12T00:00:00+00:00
[2023-03-12T10:17:55.352+0000] {processor.py:175} INFO - Processing /home/airflow/.local/lib/python3.7/site-packages/airflow/example_dags/example_bash_operator.py took 0.103 seconds
[2023-03-12T10:18:26.430+0000] {processor.py:153} INFO - Started process (PID=1512) to work on /home/airflow/.local/lib/python3.7/site-packages/airflow/example_dags/example_bash_operator.py
[2023-03-12T10:18:26.433+0000] {processor.py:743} INFO - Processing file /home/airflow/.local/lib/python3.7/site-packages/airflow/example_dags/example_bash_operator.py for tasks to queue
[2023-03-12T10:18:26.435+0000] {logging_mixin.py:137} INFO - [2023-03-12T10:18:26.435+0000] {dagbag.py:538} INFO - Filling up the DagBag from /home/airflow/.local/lib/python3.7/site-packages/airflow/example_dags/example_bash_operator.py
[2023-03-12T10:18:26.460+0000] {processor.py:753} INFO - DAG(s) dict_keys(['example_bash_operator']) retrieved from /home/airflow/.local/lib/python3.7/site-packages/airflow/example_dags/example_bash_operator.py
[2023-03-12T10:18:26.496+0000] {logging_mixin.py:137} INFO - [2023-03-12T10:18:26.496+0000] {dag.py:2690} INFO - Sync 1 DAGs
[2023-03-12T10:18:26.523+0000] {logging_mixin.py:137} INFO - [2023-03-12T10:18:26.523+0000] {dag.py:3441} INFO - Setting next_dagrun for example_bash_operator to 2023-03-11T00:00:00+00:00, run_after=2023-03-12T00:00:00+00:00
[2023-03-12T10:18:26.555+0000] {processor.py:175} INFO - Processing /home/airflow/.local/lib/python3.7/site-packages/airflow/example_dags/example_bash_operator.py took 0.128 seconds
[2023-03-12T10:18:56.750+0000] {processor.py:153} INFO - Started process (PID=1581) to work on /home/airflow/.local/lib/python3.7/site-packages/airflow/example_dags/example_bash_operator.py
[2023-03-12T10:18:56.754+0000] {processor.py:743} INFO - Processing file /home/airflow/.local/lib/python3.7/site-packages/airflow/example_dags/example_bash_operator.py for tasks to queue
[2023-03-12T10:18:56.756+0000] {logging_mixin.py:137} INFO - [2023-03-12T10:18:56.756+0000] {dagbag.py:538} INFO - Filling up the DagBag from /home/airflow/.local/lib/python3.7/site-packages/airflow/example_dags/example_bash_operator.py
[2023-03-12T10:18:56.775+0000] {processor.py:753} INFO - DAG(s) dict_keys(['example_bash_operator']) retrieved from /home/airflow/.local/lib/python3.7/site-packages/airflow/example_dags/example_bash_operator.py
[2023-03-12T10:18:56.809+0000] {logging_mixin.py:137} INFO - [2023-03-12T10:18:56.809+0000] {dag.py:2690} INFO - Sync 1 DAGs
[2023-03-12T10:18:56.841+0000] {logging_mixin.py:137} INFO - [2023-03-12T10:18:56.841+0000] {dag.py:3441} INFO - Setting next_dagrun for example_bash_operator to 2023-03-11T00:00:00+00:00, run_after=2023-03-12T00:00:00+00:00
[2023-03-12T10:18:56.859+0000] {processor.py:175} INFO - Processing /home/airflow/.local/lib/python3.7/site-packages/airflow/example_dags/example_bash_operator.py took 0.112 seconds
[2023-03-12T10:19:27.594+0000] {processor.py:153} INFO - Started process (PID=1659) to work on /home/airflow/.local/lib/python3.7/site-packages/airflow/example_dags/example_bash_operator.py
[2023-03-12T10:19:27.596+0000] {processor.py:743} INFO - Processing file /home/airflow/.local/lib/python3.7/site-packages/airflow/example_dags/example_bash_operator.py for tasks to queue
[2023-03-12T10:19:27.598+0000] {logging_mixin.py:137} INFO - [2023-03-12T10:19:27.598+0000] {dagbag.py:538} INFO - Filling up the DagBag from /home/airflow/.local/lib/python3.7/site-packages/airflow/example_dags/example_bash_operator.py
[2023-03-12T10:19:27.615+0000] {processor.py:753} INFO - DAG(s) dict_keys(['example_bash_operator']) retrieved from /home/airflow/.local/lib/python3.7/site-packages/airflow/example_dags/example_bash_operator.py
[2023-03-12T10:19:27.647+0000] {logging_mixin.py:137} INFO - [2023-03-12T10:19:27.647+0000] {dag.py:2690} INFO - Sync 1 DAGs
[2023-03-12T10:19:27.676+0000] {logging_mixin.py:137} INFO - [2023-03-12T10:19:27.676+0000] {dag.py:3441} INFO - Setting next_dagrun for example_bash_operator to 2023-03-11T00:00:00+00:00, run_after=2023-03-12T00:00:00+00:00
[2023-03-12T10:19:27.693+0000] {processor.py:175} INFO - Processing /home/airflow/.local/lib/python3.7/site-packages/airflow/example_dags/example_bash_operator.py took 0.102 seconds
[2023-03-12T10:19:58.908+0000] {processor.py:153} INFO - Started process (PID=1724) to work on /home/airflow/.local/lib/python3.7/site-packages/airflow/example_dags/example_bash_operator.py
[2023-03-12T10:19:58.910+0000] {processor.py:743} INFO - Processing file /home/airflow/.local/lib/python3.7/site-packages/airflow/example_dags/example_bash_operator.py for tasks to queue
[2023-03-12T10:19:58.913+0000] {logging_mixin.py:137} INFO - [2023-03-12T10:19:58.913+0000] {dagbag.py:538} INFO - Filling up the DagBag from /home/airflow/.local/lib/python3.7/site-packages/airflow/example_dags/example_bash_operator.py
[2023-03-12T10:19:58.931+0000] {processor.py:753} INFO - DAG(s) dict_keys(['example_bash_operator']) retrieved from /home/airflow/.local/lib/python3.7/site-packages/airflow/example_dags/example_bash_operator.py
[2023-03-12T10:19:58.960+0000] {logging_mixin.py:137} INFO - [2023-03-12T10:19:58.960+0000] {dag.py:2690} INFO - Sync 1 DAGs
[2023-03-12T10:19:58.980+0000] {logging_mixin.py:137} INFO - [2023-03-12T10:19:58.980+0000] {dag.py:3441} INFO - Setting next_dagrun for example_bash_operator to 2023-03-11T00:00:00+00:00, run_after=2023-03-12T00:00:00+00:00
[2023-03-12T10:19:58.999+0000] {processor.py:175} INFO - Processing /home/airflow/.local/lib/python3.7/site-packages/airflow/example_dags/example_bash_operator.py took 0.094 seconds
[2023-03-12T10:20:29.141+0000] {processor.py:153} INFO - Started process (PID=1803) to work on /home/airflow/.local/lib/python3.7/site-packages/airflow/example_dags/example_bash_operator.py
[2023-03-12T10:20:29.143+0000] {processor.py:743} INFO - Processing file /home/airflow/.local/lib/python3.7/site-packages/airflow/example_dags/example_bash_operator.py for tasks to queue
[2023-03-12T10:20:29.146+0000] {logging_mixin.py:137} INFO - [2023-03-12T10:20:29.145+0000] {dagbag.py:538} INFO - Filling up the DagBag from /home/airflow/.local/lib/python3.7/site-packages/airflow/example_dags/example_bash_operator.py
[2023-03-12T10:20:29.164+0000] {processor.py:753} INFO - DAG(s) dict_keys(['example_bash_operator']) retrieved from /home/airflow/.local/lib/python3.7/site-packages/airflow/example_dags/example_bash_operator.py
[2023-03-12T10:20:29.195+0000] {logging_mixin.py:137} INFO - [2023-03-12T10:20:29.195+0000] {dag.py:2690} INFO - Sync 1 DAGs
[2023-03-12T10:20:29.217+0000] {logging_mixin.py:137} INFO - [2023-03-12T10:20:29.217+0000] {dag.py:3441} INFO - Setting next_dagrun for example_bash_operator to 2023-03-11T00:00:00+00:00, run_after=2023-03-12T00:00:00+00:00
[2023-03-12T10:20:29.235+0000] {processor.py:175} INFO - Processing /home/airflow/.local/lib/python3.7/site-packages/airflow/example_dags/example_bash_operator.py took 0.098 seconds
[2023-03-12T10:20:59.672+0000] {processor.py:153} INFO - Started process (PID=1882) to work on /home/airflow/.local/lib/python3.7/site-packages/airflow/example_dags/example_bash_operator.py
[2023-03-12T10:20:59.675+0000] {processor.py:743} INFO - Processing file /home/airflow/.local/lib/python3.7/site-packages/airflow/example_dags/example_bash_operator.py for tasks to queue
[2023-03-12T10:20:59.677+0000] {logging_mixin.py:137} INFO - [2023-03-12T10:20:59.677+0000] {dagbag.py:538} INFO - Filling up the DagBag from /home/airflow/.local/lib/python3.7/site-packages/airflow/example_dags/example_bash_operator.py
[2023-03-12T10:20:59.699+0000] {processor.py:753} INFO - DAG(s) dict_keys(['example_bash_operator']) retrieved from /home/airflow/.local/lib/python3.7/site-packages/airflow/example_dags/example_bash_operator.py
[2023-03-12T10:20:59.748+0000] {logging_mixin.py:137} INFO - [2023-03-12T10:20:59.747+0000] {dag.py:2690} INFO - Sync 1 DAGs
[2023-03-12T10:20:59.775+0000] {logging_mixin.py:137} INFO - [2023-03-12T10:20:59.774+0000] {dag.py:3441} INFO - Setting next_dagrun for example_bash_operator to 2023-03-11T00:00:00+00:00, run_after=2023-03-12T00:00:00+00:00
[2023-03-12T10:20:59.793+0000] {processor.py:175} INFO - Processing /home/airflow/.local/lib/python3.7/site-packages/airflow/example_dags/example_bash_operator.py took 0.125 seconds
[2023-03-12T10:21:29.877+0000] {processor.py:153} INFO - Started process (PID=1947) to work on /home/airflow/.local/lib/python3.7/site-packages/airflow/example_dags/example_bash_operator.py
[2023-03-12T10:21:29.879+0000] {processor.py:743} INFO - Processing file /home/airflow/.local/lib/python3.7/site-packages/airflow/example_dags/example_bash_operator.py for tasks to queue
[2023-03-12T10:21:29.881+0000] {logging_mixin.py:137} INFO - [2023-03-12T10:21:29.881+0000] {dagbag.py:538} INFO - Filling up the DagBag from /home/airflow/.local/lib/python3.7/site-packages/airflow/example_dags/example_bash_operator.py
[2023-03-12T10:21:29.899+0000] {processor.py:753} INFO - DAG(s) dict_keys(['example_bash_operator']) retrieved from /home/airflow/.local/lib/python3.7/site-packages/airflow/example_dags/example_bash_operator.py
[2023-03-12T10:21:29.929+0000] {logging_mixin.py:137} INFO - [2023-03-12T10:21:29.929+0000] {dag.py:2690} INFO - Sync 1 DAGs
[2023-03-12T10:21:29.949+0000] {logging_mixin.py:137} INFO - [2023-03-12T10:21:29.949+0000] {dag.py:3441} INFO - Setting next_dagrun for example_bash_operator to 2023-03-11T00:00:00+00:00, run_after=2023-03-12T00:00:00+00:00
[2023-03-12T10:21:29.964+0000] {processor.py:175} INFO - Processing /home/airflow/.local/lib/python3.7/site-packages/airflow/example_dags/example_bash_operator.py took 0.090 seconds
[2023-03-12T10:22:00.487+0000] {processor.py:153} INFO - Started process (PID=2025) to work on /home/airflow/.local/lib/python3.7/site-packages/airflow/example_dags/example_bash_operator.py
[2023-03-12T10:22:00.489+0000] {processor.py:743} INFO - Processing file /home/airflow/.local/lib/python3.7/site-packages/airflow/example_dags/example_bash_operator.py for tasks to queue
[2023-03-12T10:22:00.493+0000] {logging_mixin.py:137} INFO - [2023-03-12T10:22:00.493+0000] {dagbag.py:538} INFO - Filling up the DagBag from /home/airflow/.local/lib/python3.7/site-packages/airflow/example_dags/example_bash_operator.py
[2023-03-12T10:22:00.511+0000] {processor.py:753} INFO - DAG(s) dict_keys(['example_bash_operator']) retrieved from /home/airflow/.local/lib/python3.7/site-packages/airflow/example_dags/example_bash_operator.py
[2023-03-12T10:22:00.548+0000] {logging_mixin.py:137} INFO - [2023-03-12T10:22:00.548+0000] {dag.py:2690} INFO - Sync 1 DAGs
[2023-03-12T10:22:00.572+0000] {logging_mixin.py:137} INFO - [2023-03-12T10:22:00.571+0000] {dag.py:3441} INFO - Setting next_dagrun for example_bash_operator to 2023-03-11T00:00:00+00:00, run_after=2023-03-12T00:00:00+00:00
[2023-03-12T10:22:00.587+0000] {processor.py:175} INFO - Processing /home/airflow/.local/lib/python3.7/site-packages/airflow/example_dags/example_bash_operator.py took 0.104 seconds
