[2023-03-12T10:08:15.388+0000] {processor.py:153} INFO - Started process (PID=53) to work on /home/airflow/.local/lib/python3.7/site-packages/airflow/example_dags/example_complex.py
[2023-03-12T10:08:15.391+0000] {processor.py:743} INFO - Processing file /home/airflow/.local/lib/python3.7/site-packages/airflow/example_dags/example_complex.py for tasks to queue
[2023-03-12T10:08:15.394+0000] {logging_mixin.py:137} INFO - [2023-03-12T10:08:15.394+0000] {dagbag.py:538} INFO - Filling up the DagBag from /home/airflow/.local/lib/python3.7/site-packages/airflow/example_dags/example_complex.py
[2023-03-12T10:08:15.414+0000] {logging_mixin.py:137} INFO - [2023-03-12T10:08:15.414+0000] {taskmixin.py:205} WARNING - Dependency <Task(BashOperator): create_entry_group>, delete_entry_group already registered for DAG: example_complex
[2023-03-12T10:08:15.417+0000] {logging_mixin.py:137} INFO - [2023-03-12T10:08:15.417+0000] {taskmixin.py:205} WARNING - Dependency <Task(BashOperator): delete_entry_group>, create_entry_group already registered for DAG: example_complex
[2023-03-12T10:08:15.419+0000] {logging_mixin.py:137} INFO - [2023-03-12T10:08:15.419+0000] {taskmixin.py:205} WARNING - Dependency <Task(BashOperator): create_entry_gcs>, delete_entry already registered for DAG: example_complex
[2023-03-12T10:08:15.421+0000] {logging_mixin.py:137} INFO - [2023-03-12T10:08:15.421+0000] {taskmixin.py:205} WARNING - Dependency <Task(BashOperator): delete_entry>, create_entry_gcs already registered for DAG: example_complex
[2023-03-12T10:08:15.423+0000] {logging_mixin.py:137} INFO - [2023-03-12T10:08:15.422+0000] {taskmixin.py:205} WARNING - Dependency <Task(BashOperator): create_tag>, delete_tag already registered for DAG: example_complex
[2023-03-12T10:08:15.424+0000] {logging_mixin.py:137} INFO - [2023-03-12T10:08:15.424+0000] {taskmixin.py:205} WARNING - Dependency <Task(BashOperator): delete_tag>, create_tag already registered for DAG: example_complex
[2023-03-12T10:08:15.437+0000] {processor.py:753} INFO - DAG(s) dict_keys(['example_complex']) retrieved from /home/airflow/.local/lib/python3.7/site-packages/airflow/example_dags/example_complex.py
[2023-03-12T10:08:15.471+0000] {logging_mixin.py:137} INFO - [2023-03-12T10:08:15.470+0000] {dag.py:2690} INFO - Sync 1 DAGs
[2023-03-12T10:08:15.522+0000] {logging_mixin.py:137} INFO - [2023-03-12T10:08:15.522+0000] {dag.py:3441} INFO - Setting next_dagrun for example_complex to None, run_after=None
[2023-03-12T10:08:15.555+0000] {processor.py:175} INFO - Processing /home/airflow/.local/lib/python3.7/site-packages/airflow/example_dags/example_complex.py took 0.178 seconds
[2023-03-12T10:08:45.992+0000] {processor.py:153} INFO - Started process (PID=130) to work on /home/airflow/.local/lib/python3.7/site-packages/airflow/example_dags/example_complex.py
[2023-03-12T10:08:45.995+0000] {processor.py:743} INFO - Processing file /home/airflow/.local/lib/python3.7/site-packages/airflow/example_dags/example_complex.py for tasks to queue
[2023-03-12T10:08:45.997+0000] {logging_mixin.py:137} INFO - [2023-03-12T10:08:45.997+0000] {dagbag.py:538} INFO - Filling up the DagBag from /home/airflow/.local/lib/python3.7/site-packages/airflow/example_dags/example_complex.py
[2023-03-12T10:08:46.014+0000] {logging_mixin.py:137} INFO - [2023-03-12T10:08:46.014+0000] {taskmixin.py:205} WARNING - Dependency <Task(BashOperator): create_entry_group>, delete_entry_group already registered for DAG: example_complex
[2023-03-12T10:08:46.016+0000] {logging_mixin.py:137} INFO - [2023-03-12T10:08:46.016+0000] {taskmixin.py:205} WARNING - Dependency <Task(BashOperator): delete_entry_group>, create_entry_group already registered for DAG: example_complex
[2023-03-12T10:08:46.018+0000] {logging_mixin.py:137} INFO - [2023-03-12T10:08:46.018+0000] {taskmixin.py:205} WARNING - Dependency <Task(BashOperator): create_entry_gcs>, delete_entry already registered for DAG: example_complex
[2023-03-12T10:08:46.020+0000] {logging_mixin.py:137} INFO - [2023-03-12T10:08:46.020+0000] {taskmixin.py:205} WARNING - Dependency <Task(BashOperator): delete_entry>, create_entry_gcs already registered for DAG: example_complex
[2023-03-12T10:08:46.022+0000] {logging_mixin.py:137} INFO - [2023-03-12T10:08:46.022+0000] {taskmixin.py:205} WARNING - Dependency <Task(BashOperator): create_tag>, delete_tag already registered for DAG: example_complex
[2023-03-12T10:08:46.024+0000] {logging_mixin.py:137} INFO - [2023-03-12T10:08:46.024+0000] {taskmixin.py:205} WARNING - Dependency <Task(BashOperator): delete_tag>, create_tag already registered for DAG: example_complex
[2023-03-12T10:08:46.031+0000] {processor.py:753} INFO - DAG(s) dict_keys(['example_complex']) retrieved from /home/airflow/.local/lib/python3.7/site-packages/airflow/example_dags/example_complex.py
[2023-03-12T10:08:46.061+0000] {logging_mixin.py:137} INFO - [2023-03-12T10:08:46.061+0000] {dag.py:2690} INFO - Sync 1 DAGs
[2023-03-12T10:08:46.079+0000] {logging_mixin.py:137} INFO - [2023-03-12T10:08:46.079+0000] {dag.py:3441} INFO - Setting next_dagrun for example_complex to None, run_after=None
[2023-03-12T10:08:46.096+0000] {processor.py:175} INFO - Processing /home/airflow/.local/lib/python3.7/site-packages/airflow/example_dags/example_complex.py took 0.108 seconds
[2023-03-12T10:09:17.455+0000] {processor.py:153} INFO - Started process (PID=201) to work on /home/airflow/.local/lib/python3.7/site-packages/airflow/example_dags/example_complex.py
[2023-03-12T10:09:17.458+0000] {processor.py:743} INFO - Processing file /home/airflow/.local/lib/python3.7/site-packages/airflow/example_dags/example_complex.py for tasks to queue
[2023-03-12T10:09:17.462+0000] {logging_mixin.py:137} INFO - [2023-03-12T10:09:17.462+0000] {dagbag.py:538} INFO - Filling up the DagBag from /home/airflow/.local/lib/python3.7/site-packages/airflow/example_dags/example_complex.py
[2023-03-12T10:09:17.477+0000] {logging_mixin.py:137} INFO - [2023-03-12T10:09:17.477+0000] {taskmixin.py:205} WARNING - Dependency <Task(BashOperator): create_entry_group>, delete_entry_group already registered for DAG: example_complex
[2023-03-12T10:09:17.479+0000] {logging_mixin.py:137} INFO - [2023-03-12T10:09:17.479+0000] {taskmixin.py:205} WARNING - Dependency <Task(BashOperator): delete_entry_group>, create_entry_group already registered for DAG: example_complex
[2023-03-12T10:09:17.481+0000] {logging_mixin.py:137} INFO - [2023-03-12T10:09:17.481+0000] {taskmixin.py:205} WARNING - Dependency <Task(BashOperator): create_entry_gcs>, delete_entry already registered for DAG: example_complex
[2023-03-12T10:09:17.483+0000] {logging_mixin.py:137} INFO - [2023-03-12T10:09:17.483+0000] {taskmixin.py:205} WARNING - Dependency <Task(BashOperator): delete_entry>, create_entry_gcs already registered for DAG: example_complex
[2023-03-12T10:09:17.484+0000] {logging_mixin.py:137} INFO - [2023-03-12T10:09:17.484+0000] {taskmixin.py:205} WARNING - Dependency <Task(BashOperator): create_tag>, delete_tag already registered for DAG: example_complex
[2023-03-12T10:09:17.486+0000] {logging_mixin.py:137} INFO - [2023-03-12T10:09:17.486+0000] {taskmixin.py:205} WARNING - Dependency <Task(BashOperator): delete_tag>, create_tag already registered for DAG: example_complex
[2023-03-12T10:09:17.495+0000] {processor.py:753} INFO - DAG(s) dict_keys(['example_complex']) retrieved from /home/airflow/.local/lib/python3.7/site-packages/airflow/example_dags/example_complex.py
[2023-03-12T10:09:17.539+0000] {logging_mixin.py:137} INFO - [2023-03-12T10:09:17.538+0000] {dag.py:2690} INFO - Sync 1 DAGs
[2023-03-12T10:09:17.578+0000] {logging_mixin.py:137} INFO - [2023-03-12T10:09:17.577+0000] {dag.py:3441} INFO - Setting next_dagrun for example_complex to None, run_after=None
[2023-03-12T10:09:17.626+0000] {processor.py:175} INFO - Processing /home/airflow/.local/lib/python3.7/site-packages/airflow/example_dags/example_complex.py took 0.175 seconds
[2023-03-12T10:09:48.361+0000] {processor.py:153} INFO - Started process (PID=272) to work on /home/airflow/.local/lib/python3.7/site-packages/airflow/example_dags/example_complex.py
[2023-03-12T10:09:48.363+0000] {processor.py:743} INFO - Processing file /home/airflow/.local/lib/python3.7/site-packages/airflow/example_dags/example_complex.py for tasks to queue
[2023-03-12T10:09:48.365+0000] {logging_mixin.py:137} INFO - [2023-03-12T10:09:48.365+0000] {dagbag.py:538} INFO - Filling up the DagBag from /home/airflow/.local/lib/python3.7/site-packages/airflow/example_dags/example_complex.py
[2023-03-12T10:09:48.374+0000] {logging_mixin.py:137} INFO - [2023-03-12T10:09:48.374+0000] {taskmixin.py:205} WARNING - Dependency <Task(BashOperator): create_entry_group>, delete_entry_group already registered for DAG: example_complex
[2023-03-12T10:09:48.375+0000] {logging_mixin.py:137} INFO - [2023-03-12T10:09:48.375+0000] {taskmixin.py:205} WARNING - Dependency <Task(BashOperator): delete_entry_group>, create_entry_group already registered for DAG: example_complex
[2023-03-12T10:09:48.376+0000] {logging_mixin.py:137} INFO - [2023-03-12T10:09:48.376+0000] {taskmixin.py:205} WARNING - Dependency <Task(BashOperator): create_entry_gcs>, delete_entry already registered for DAG: example_complex
[2023-03-12T10:09:48.378+0000] {logging_mixin.py:137} INFO - [2023-03-12T10:09:48.378+0000] {taskmixin.py:205} WARNING - Dependency <Task(BashOperator): delete_entry>, create_entry_gcs already registered for DAG: example_complex
[2023-03-12T10:09:48.379+0000] {logging_mixin.py:137} INFO - [2023-03-12T10:09:48.379+0000] {taskmixin.py:205} WARNING - Dependency <Task(BashOperator): create_tag>, delete_tag already registered for DAG: example_complex
[2023-03-12T10:09:48.380+0000] {logging_mixin.py:137} INFO - [2023-03-12T10:09:48.380+0000] {taskmixin.py:205} WARNING - Dependency <Task(BashOperator): delete_tag>, create_tag already registered for DAG: example_complex
[2023-03-12T10:09:48.387+0000] {processor.py:753} INFO - DAG(s) dict_keys(['example_complex']) retrieved from /home/airflow/.local/lib/python3.7/site-packages/airflow/example_dags/example_complex.py
[2023-03-12T10:09:48.414+0000] {logging_mixin.py:137} INFO - [2023-03-12T10:09:48.414+0000] {dag.py:2690} INFO - Sync 1 DAGs
[2023-03-12T10:09:48.429+0000] {logging_mixin.py:137} INFO - [2023-03-12T10:09:48.429+0000] {dag.py:3441} INFO - Setting next_dagrun for example_complex to None, run_after=None
[2023-03-12T10:09:48.443+0000] {processor.py:175} INFO - Processing /home/airflow/.local/lib/python3.7/site-packages/airflow/example_dags/example_complex.py took 0.086 seconds
[2023-03-12T10:10:19.361+0000] {processor.py:153} INFO - Started process (PID=349) to work on /home/airflow/.local/lib/python3.7/site-packages/airflow/example_dags/example_complex.py
[2023-03-12T10:10:19.363+0000] {processor.py:743} INFO - Processing file /home/airflow/.local/lib/python3.7/site-packages/airflow/example_dags/example_complex.py for tasks to queue
[2023-03-12T10:10:19.366+0000] {logging_mixin.py:137} INFO - [2023-03-12T10:10:19.366+0000] {dagbag.py:538} INFO - Filling up the DagBag from /home/airflow/.local/lib/python3.7/site-packages/airflow/example_dags/example_complex.py
[2023-03-12T10:10:19.376+0000] {logging_mixin.py:137} INFO - [2023-03-12T10:10:19.376+0000] {taskmixin.py:205} WARNING - Dependency <Task(BashOperator): create_entry_group>, delete_entry_group already registered for DAG: example_complex
[2023-03-12T10:10:19.378+0000] {logging_mixin.py:137} INFO - [2023-03-12T10:10:19.378+0000] {taskmixin.py:205} WARNING - Dependency <Task(BashOperator): delete_entry_group>, create_entry_group already registered for DAG: example_complex
[2023-03-12T10:10:19.380+0000] {logging_mixin.py:137} INFO - [2023-03-12T10:10:19.380+0000] {taskmixin.py:205} WARNING - Dependency <Task(BashOperator): create_entry_gcs>, delete_entry already registered for DAG: example_complex
[2023-03-12T10:10:19.381+0000] {logging_mixin.py:137} INFO - [2023-03-12T10:10:19.381+0000] {taskmixin.py:205} WARNING - Dependency <Task(BashOperator): delete_entry>, create_entry_gcs already registered for DAG: example_complex
[2023-03-12T10:10:19.383+0000] {logging_mixin.py:137} INFO - [2023-03-12T10:10:19.383+0000] {taskmixin.py:205} WARNING - Dependency <Task(BashOperator): create_tag>, delete_tag already registered for DAG: example_complex
[2023-03-12T10:10:19.385+0000] {logging_mixin.py:137} INFO - [2023-03-12T10:10:19.385+0000] {taskmixin.py:205} WARNING - Dependency <Task(BashOperator): delete_tag>, create_tag already registered for DAG: example_complex
[2023-03-12T10:10:19.392+0000] {processor.py:753} INFO - DAG(s) dict_keys(['example_complex']) retrieved from /home/airflow/.local/lib/python3.7/site-packages/airflow/example_dags/example_complex.py
[2023-03-12T10:10:19.425+0000] {logging_mixin.py:137} INFO - [2023-03-12T10:10:19.425+0000] {dag.py:2690} INFO - Sync 1 DAGs
[2023-03-12T10:10:19.445+0000] {logging_mixin.py:137} INFO - [2023-03-12T10:10:19.445+0000] {dag.py:3441} INFO - Setting next_dagrun for example_complex to None, run_after=None
[2023-03-12T10:10:19.461+0000] {processor.py:175} INFO - Processing /home/airflow/.local/lib/python3.7/site-packages/airflow/example_dags/example_complex.py took 0.104 seconds
[2023-03-12T10:10:49.577+0000] {processor.py:153} INFO - Started process (PID=414) to work on /home/airflow/.local/lib/python3.7/site-packages/airflow/example_dags/example_complex.py
[2023-03-12T10:10:49.580+0000] {processor.py:743} INFO - Processing file /home/airflow/.local/lib/python3.7/site-packages/airflow/example_dags/example_complex.py for tasks to queue
[2023-03-12T10:10:49.581+0000] {logging_mixin.py:137} INFO - [2023-03-12T10:10:49.581+0000] {dagbag.py:538} INFO - Filling up the DagBag from /home/airflow/.local/lib/python3.7/site-packages/airflow/example_dags/example_complex.py
[2023-03-12T10:10:49.591+0000] {logging_mixin.py:137} INFO - [2023-03-12T10:10:49.591+0000] {taskmixin.py:205} WARNING - Dependency <Task(BashOperator): create_entry_group>, delete_entry_group already registered for DAG: example_complex
[2023-03-12T10:10:49.593+0000] {logging_mixin.py:137} INFO - [2023-03-12T10:10:49.593+0000] {taskmixin.py:205} WARNING - Dependency <Task(BashOperator): delete_entry_group>, create_entry_group already registered for DAG: example_complex
[2023-03-12T10:10:49.595+0000] {logging_mixin.py:137} INFO - [2023-03-12T10:10:49.594+0000] {taskmixin.py:205} WARNING - Dependency <Task(BashOperator): create_entry_gcs>, delete_entry already registered for DAG: example_complex
[2023-03-12T10:10:49.596+0000] {logging_mixin.py:137} INFO - [2023-03-12T10:10:49.596+0000] {taskmixin.py:205} WARNING - Dependency <Task(BashOperator): delete_entry>, create_entry_gcs already registered for DAG: example_complex
[2023-03-12T10:10:49.598+0000] {logging_mixin.py:137} INFO - [2023-03-12T10:10:49.598+0000] {taskmixin.py:205} WARNING - Dependency <Task(BashOperator): create_tag>, delete_tag already registered for DAG: example_complex
[2023-03-12T10:10:49.599+0000] {logging_mixin.py:137} INFO - [2023-03-12T10:10:49.599+0000] {taskmixin.py:205} WARNING - Dependency <Task(BashOperator): delete_tag>, create_tag already registered for DAG: example_complex
[2023-03-12T10:10:49.606+0000] {processor.py:753} INFO - DAG(s) dict_keys(['example_complex']) retrieved from /home/airflow/.local/lib/python3.7/site-packages/airflow/example_dags/example_complex.py
[2023-03-12T10:10:49.635+0000] {logging_mixin.py:137} INFO - [2023-03-12T10:10:49.635+0000] {dag.py:2690} INFO - Sync 1 DAGs
[2023-03-12T10:10:49.653+0000] {logging_mixin.py:137} INFO - [2023-03-12T10:10:49.653+0000] {dag.py:3441} INFO - Setting next_dagrun for example_complex to None, run_after=None
[2023-03-12T10:10:49.668+0000] {processor.py:175} INFO - Processing /home/airflow/.local/lib/python3.7/site-packages/airflow/example_dags/example_complex.py took 0.096 seconds
[2023-03-12T10:11:19.747+0000] {processor.py:153} INFO - Started process (PID=491) to work on /home/airflow/.local/lib/python3.7/site-packages/airflow/example_dags/example_complex.py
[2023-03-12T10:11:19.751+0000] {processor.py:743} INFO - Processing file /home/airflow/.local/lib/python3.7/site-packages/airflow/example_dags/example_complex.py for tasks to queue
[2023-03-12T10:11:19.755+0000] {logging_mixin.py:137} INFO - [2023-03-12T10:11:19.755+0000] {dagbag.py:538} INFO - Filling up the DagBag from /home/airflow/.local/lib/python3.7/site-packages/airflow/example_dags/example_complex.py
[2023-03-12T10:11:19.768+0000] {logging_mixin.py:137} INFO - [2023-03-12T10:11:19.768+0000] {taskmixin.py:205} WARNING - Dependency <Task(BashOperator): create_entry_group>, delete_entry_group already registered for DAG: example_complex
[2023-03-12T10:11:19.769+0000] {logging_mixin.py:137} INFO - [2023-03-12T10:11:19.769+0000] {taskmixin.py:205} WARNING - Dependency <Task(BashOperator): delete_entry_group>, create_entry_group already registered for DAG: example_complex
[2023-03-12T10:11:19.771+0000] {logging_mixin.py:137} INFO - [2023-03-12T10:11:19.770+0000] {taskmixin.py:205} WARNING - Dependency <Task(BashOperator): create_entry_gcs>, delete_entry already registered for DAG: example_complex
[2023-03-12T10:11:19.772+0000] {logging_mixin.py:137} INFO - [2023-03-12T10:11:19.772+0000] {taskmixin.py:205} WARNING - Dependency <Task(BashOperator): delete_entry>, create_entry_gcs already registered for DAG: example_complex
[2023-03-12T10:11:19.773+0000] {logging_mixin.py:137} INFO - [2023-03-12T10:11:19.773+0000] {taskmixin.py:205} WARNING - Dependency <Task(BashOperator): create_tag>, delete_tag already registered for DAG: example_complex
[2023-03-12T10:11:19.774+0000] {logging_mixin.py:137} INFO - [2023-03-12T10:11:19.774+0000] {taskmixin.py:205} WARNING - Dependency <Task(BashOperator): delete_tag>, create_tag already registered for DAG: example_complex
[2023-03-12T10:11:19.780+0000] {processor.py:753} INFO - DAG(s) dict_keys(['example_complex']) retrieved from /home/airflow/.local/lib/python3.7/site-packages/airflow/example_dags/example_complex.py
[2023-03-12T10:11:19.806+0000] {logging_mixin.py:137} INFO - [2023-03-12T10:11:19.806+0000] {dag.py:2690} INFO - Sync 1 DAGs
[2023-03-12T10:11:19.823+0000] {logging_mixin.py:137} INFO - [2023-03-12T10:11:19.823+0000] {dag.py:3441} INFO - Setting next_dagrun for example_complex to None, run_after=None
[2023-03-12T10:11:19.838+0000] {processor.py:175} INFO - Processing /home/airflow/.local/lib/python3.7/site-packages/airflow/example_dags/example_complex.py took 0.095 seconds
[2023-03-12T10:11:49.980+0000] {processor.py:153} INFO - Started process (PID=568) to work on /home/airflow/.local/lib/python3.7/site-packages/airflow/example_dags/example_complex.py
[2023-03-12T10:11:49.982+0000] {processor.py:743} INFO - Processing file /home/airflow/.local/lib/python3.7/site-packages/airflow/example_dags/example_complex.py for tasks to queue
[2023-03-12T10:11:49.984+0000] {logging_mixin.py:137} INFO - [2023-03-12T10:11:49.984+0000] {dagbag.py:538} INFO - Filling up the DagBag from /home/airflow/.local/lib/python3.7/site-packages/airflow/example_dags/example_complex.py
[2023-03-12T10:11:49.992+0000] {logging_mixin.py:137} INFO - [2023-03-12T10:11:49.992+0000] {taskmixin.py:205} WARNING - Dependency <Task(BashOperator): create_entry_group>, delete_entry_group already registered for DAG: example_complex
[2023-03-12T10:11:49.993+0000] {logging_mixin.py:137} INFO - [2023-03-12T10:11:49.993+0000] {taskmixin.py:205} WARNING - Dependency <Task(BashOperator): delete_entry_group>, create_entry_group already registered for DAG: example_complex
[2023-03-12T10:11:49.994+0000] {logging_mixin.py:137} INFO - [2023-03-12T10:11:49.994+0000] {taskmixin.py:205} WARNING - Dependency <Task(BashOperator): create_entry_gcs>, delete_entry already registered for DAG: example_complex
[2023-03-12T10:11:49.995+0000] {logging_mixin.py:137} INFO - [2023-03-12T10:11:49.995+0000] {taskmixin.py:205} WARNING - Dependency <Task(BashOperator): delete_entry>, create_entry_gcs already registered for DAG: example_complex
[2023-03-12T10:11:49.997+0000] {logging_mixin.py:137} INFO - [2023-03-12T10:11:49.996+0000] {taskmixin.py:205} WARNING - Dependency <Task(BashOperator): create_tag>, delete_tag already registered for DAG: example_complex
[2023-03-12T10:11:49.997+0000] {logging_mixin.py:137} INFO - [2023-03-12T10:11:49.997+0000] {taskmixin.py:205} WARNING - Dependency <Task(BashOperator): delete_tag>, create_tag already registered for DAG: example_complex
[2023-03-12T10:11:50.004+0000] {processor.py:753} INFO - DAG(s) dict_keys(['example_complex']) retrieved from /home/airflow/.local/lib/python3.7/site-packages/airflow/example_dags/example_complex.py
[2023-03-12T10:11:50.029+0000] {logging_mixin.py:137} INFO - [2023-03-12T10:11:50.029+0000] {dag.py:2690} INFO - Sync 1 DAGs
[2023-03-12T10:11:50.044+0000] {logging_mixin.py:137} INFO - [2023-03-12T10:11:50.044+0000] {dag.py:3441} INFO - Setting next_dagrun for example_complex to None, run_after=None
[2023-03-12T10:11:50.057+0000] {processor.py:175} INFO - Processing /home/airflow/.local/lib/python3.7/site-packages/airflow/example_dags/example_complex.py took 0.080 seconds
[2023-03-12T10:12:20.248+0000] {processor.py:153} INFO - Started process (PID=633) to work on /home/airflow/.local/lib/python3.7/site-packages/airflow/example_dags/example_complex.py
[2023-03-12T10:12:20.256+0000] {processor.py:743} INFO - Processing file /home/airflow/.local/lib/python3.7/site-packages/airflow/example_dags/example_complex.py for tasks to queue
[2023-03-12T10:12:20.259+0000] {logging_mixin.py:137} INFO - [2023-03-12T10:12:20.259+0000] {dagbag.py:538} INFO - Filling up the DagBag from /home/airflow/.local/lib/python3.7/site-packages/airflow/example_dags/example_complex.py
[2023-03-12T10:12:20.275+0000] {logging_mixin.py:137} INFO - [2023-03-12T10:12:20.275+0000] {taskmixin.py:205} WARNING - Dependency <Task(BashOperator): create_entry_group>, delete_entry_group already registered for DAG: example_complex
[2023-03-12T10:12:20.278+0000] {logging_mixin.py:137} INFO - [2023-03-12T10:12:20.278+0000] {taskmixin.py:205} WARNING - Dependency <Task(BashOperator): delete_entry_group>, create_entry_group already registered for DAG: example_complex
[2023-03-12T10:12:20.283+0000] {logging_mixin.py:137} INFO - [2023-03-12T10:12:20.283+0000] {taskmixin.py:205} WARNING - Dependency <Task(BashOperator): create_entry_gcs>, delete_entry already registered for DAG: example_complex
[2023-03-12T10:12:20.287+0000] {logging_mixin.py:137} INFO - [2023-03-12T10:12:20.287+0000] {taskmixin.py:205} WARNING - Dependency <Task(BashOperator): delete_entry>, create_entry_gcs already registered for DAG: example_complex
[2023-03-12T10:12:20.291+0000] {logging_mixin.py:137} INFO - [2023-03-12T10:12:20.290+0000] {taskmixin.py:205} WARNING - Dependency <Task(BashOperator): create_tag>, delete_tag already registered for DAG: example_complex
[2023-03-12T10:12:20.293+0000] {logging_mixin.py:137} INFO - [2023-03-12T10:12:20.292+0000] {taskmixin.py:205} WARNING - Dependency <Task(BashOperator): delete_tag>, create_tag already registered for DAG: example_complex
[2023-03-12T10:12:20.329+0000] {processor.py:753} INFO - DAG(s) dict_keys(['example_complex']) retrieved from /home/airflow/.local/lib/python3.7/site-packages/airflow/example_dags/example_complex.py
[2023-03-12T10:12:20.372+0000] {logging_mixin.py:137} INFO - [2023-03-12T10:12:20.372+0000] {dag.py:2690} INFO - Sync 1 DAGs
[2023-03-12T10:12:20.393+0000] {logging_mixin.py:137} INFO - [2023-03-12T10:12:20.393+0000] {dag.py:3441} INFO - Setting next_dagrun for example_complex to None, run_after=None
[2023-03-12T10:12:20.409+0000] {processor.py:175} INFO - Processing /home/airflow/.local/lib/python3.7/site-packages/airflow/example_dags/example_complex.py took 0.168 seconds
[2023-03-12T10:12:50.596+0000] {processor.py:153} INFO - Started process (PID=711) to work on /home/airflow/.local/lib/python3.7/site-packages/airflow/example_dags/example_complex.py
[2023-03-12T10:12:50.598+0000] {processor.py:743} INFO - Processing file /home/airflow/.local/lib/python3.7/site-packages/airflow/example_dags/example_complex.py for tasks to queue
[2023-03-12T10:12:50.600+0000] {logging_mixin.py:137} INFO - [2023-03-12T10:12:50.600+0000] {dagbag.py:538} INFO - Filling up the DagBag from /home/airflow/.local/lib/python3.7/site-packages/airflow/example_dags/example_complex.py
[2023-03-12T10:12:50.608+0000] {logging_mixin.py:137} INFO - [2023-03-12T10:12:50.608+0000] {taskmixin.py:205} WARNING - Dependency <Task(BashOperator): create_entry_group>, delete_entry_group already registered for DAG: example_complex
[2023-03-12T10:12:50.611+0000] {logging_mixin.py:137} INFO - [2023-03-12T10:12:50.611+0000] {taskmixin.py:205} WARNING - Dependency <Task(BashOperator): delete_entry_group>, create_entry_group already registered for DAG: example_complex
[2023-03-12T10:12:50.613+0000] {logging_mixin.py:137} INFO - [2023-03-12T10:12:50.613+0000] {taskmixin.py:205} WARNING - Dependency <Task(BashOperator): create_entry_gcs>, delete_entry already registered for DAG: example_complex
[2023-03-12T10:12:50.613+0000] {logging_mixin.py:137} INFO - [2023-03-12T10:12:50.613+0000] {taskmixin.py:205} WARNING - Dependency <Task(BashOperator): delete_entry>, create_entry_gcs already registered for DAG: example_complex
[2023-03-12T10:12:50.615+0000] {logging_mixin.py:137} INFO - [2023-03-12T10:12:50.615+0000] {taskmixin.py:205} WARNING - Dependency <Task(BashOperator): create_tag>, delete_tag already registered for DAG: example_complex
[2023-03-12T10:12:50.617+0000] {logging_mixin.py:137} INFO - [2023-03-12T10:12:50.617+0000] {taskmixin.py:205} WARNING - Dependency <Task(BashOperator): delete_tag>, create_tag already registered for DAG: example_complex
[2023-03-12T10:12:50.623+0000] {processor.py:753} INFO - DAG(s) dict_keys(['example_complex']) retrieved from /home/airflow/.local/lib/python3.7/site-packages/airflow/example_dags/example_complex.py
[2023-03-12T10:12:50.650+0000] {logging_mixin.py:137} INFO - [2023-03-12T10:12:50.650+0000] {dag.py:2690} INFO - Sync 1 DAGs
[2023-03-12T10:12:50.666+0000] {logging_mixin.py:137} INFO - [2023-03-12T10:12:50.666+0000] {dag.py:3441} INFO - Setting next_dagrun for example_complex to None, run_after=None
[2023-03-12T10:12:50.679+0000] {processor.py:175} INFO - Processing /home/airflow/.local/lib/python3.7/site-packages/airflow/example_dags/example_complex.py took 0.087 seconds
[2023-03-12T10:13:20.978+0000] {processor.py:153} INFO - Started process (PID=775) to work on /home/airflow/.local/lib/python3.7/site-packages/airflow/example_dags/example_complex.py
[2023-03-12T10:13:20.980+0000] {processor.py:743} INFO - Processing file /home/airflow/.local/lib/python3.7/site-packages/airflow/example_dags/example_complex.py for tasks to queue
[2023-03-12T10:13:20.982+0000] {logging_mixin.py:137} INFO - [2023-03-12T10:13:20.982+0000] {dagbag.py:538} INFO - Filling up the DagBag from /home/airflow/.local/lib/python3.7/site-packages/airflow/example_dags/example_complex.py
[2023-03-12T10:13:20.992+0000] {logging_mixin.py:137} INFO - [2023-03-12T10:13:20.992+0000] {taskmixin.py:205} WARNING - Dependency <Task(BashOperator): create_entry_group>, delete_entry_group already registered for DAG: example_complex
[2023-03-12T10:13:20.993+0000] {logging_mixin.py:137} INFO - [2023-03-12T10:13:20.993+0000] {taskmixin.py:205} WARNING - Dependency <Task(BashOperator): delete_entry_group>, create_entry_group already registered for DAG: example_complex
[2023-03-12T10:13:20.995+0000] {logging_mixin.py:137} INFO - [2023-03-12T10:13:20.995+0000] {taskmixin.py:205} WARNING - Dependency <Task(BashOperator): create_entry_gcs>, delete_entry already registered for DAG: example_complex
[2023-03-12T10:13:20.997+0000] {logging_mixin.py:137} INFO - [2023-03-12T10:13:20.997+0000] {taskmixin.py:205} WARNING - Dependency <Task(BashOperator): delete_entry>, create_entry_gcs already registered for DAG: example_complex
[2023-03-12T10:13:21.000+0000] {logging_mixin.py:137} INFO - [2023-03-12T10:13:21.000+0000] {taskmixin.py:205} WARNING - Dependency <Task(BashOperator): create_tag>, delete_tag already registered for DAG: example_complex
[2023-03-12T10:13:21.002+0000] {logging_mixin.py:137} INFO - [2023-03-12T10:13:21.002+0000] {taskmixin.py:205} WARNING - Dependency <Task(BashOperator): delete_tag>, create_tag already registered for DAG: example_complex
[2023-03-12T10:13:21.009+0000] {processor.py:753} INFO - DAG(s) dict_keys(['example_complex']) retrieved from /home/airflow/.local/lib/python3.7/site-packages/airflow/example_dags/example_complex.py
[2023-03-12T10:13:21.036+0000] {logging_mixin.py:137} INFO - [2023-03-12T10:13:21.036+0000] {dag.py:2690} INFO - Sync 1 DAGs
[2023-03-12T10:13:21.056+0000] {logging_mixin.py:137} INFO - [2023-03-12T10:13:21.056+0000] {dag.py:3441} INFO - Setting next_dagrun for example_complex to None, run_after=None
[2023-03-12T10:13:21.072+0000] {processor.py:175} INFO - Processing /home/airflow/.local/lib/python3.7/site-packages/airflow/example_dags/example_complex.py took 0.097 seconds
[2023-03-12T10:13:51.291+0000] {processor.py:153} INFO - Started process (PID=852) to work on /home/airflow/.local/lib/python3.7/site-packages/airflow/example_dags/example_complex.py
[2023-03-12T10:13:51.294+0000] {processor.py:743} INFO - Processing file /home/airflow/.local/lib/python3.7/site-packages/airflow/example_dags/example_complex.py for tasks to queue
[2023-03-12T10:13:51.295+0000] {logging_mixin.py:137} INFO - [2023-03-12T10:13:51.295+0000] {dagbag.py:538} INFO - Filling up the DagBag from /home/airflow/.local/lib/python3.7/site-packages/airflow/example_dags/example_complex.py
[2023-03-12T10:13:51.306+0000] {logging_mixin.py:137} INFO - [2023-03-12T10:13:51.306+0000] {taskmixin.py:205} WARNING - Dependency <Task(BashOperator): create_entry_group>, delete_entry_group already registered for DAG: example_complex
[2023-03-12T10:13:51.308+0000] {logging_mixin.py:137} INFO - [2023-03-12T10:13:51.308+0000] {taskmixin.py:205} WARNING - Dependency <Task(BashOperator): delete_entry_group>, create_entry_group already registered for DAG: example_complex
[2023-03-12T10:13:51.309+0000] {logging_mixin.py:137} INFO - [2023-03-12T10:13:51.309+0000] {taskmixin.py:205} WARNING - Dependency <Task(BashOperator): create_entry_gcs>, delete_entry already registered for DAG: example_complex
[2023-03-12T10:13:51.311+0000] {logging_mixin.py:137} INFO - [2023-03-12T10:13:51.311+0000] {taskmixin.py:205} WARNING - Dependency <Task(BashOperator): delete_entry>, create_entry_gcs already registered for DAG: example_complex
[2023-03-12T10:13:51.313+0000] {logging_mixin.py:137} INFO - [2023-03-12T10:13:51.313+0000] {taskmixin.py:205} WARNING - Dependency <Task(BashOperator): create_tag>, delete_tag already registered for DAG: example_complex
[2023-03-12T10:13:51.314+0000] {logging_mixin.py:137} INFO - [2023-03-12T10:13:51.314+0000] {taskmixin.py:205} WARNING - Dependency <Task(BashOperator): delete_tag>, create_tag already registered for DAG: example_complex
[2023-03-12T10:13:51.321+0000] {processor.py:753} INFO - DAG(s) dict_keys(['example_complex']) retrieved from /home/airflow/.local/lib/python3.7/site-packages/airflow/example_dags/example_complex.py
[2023-03-12T10:13:51.351+0000] {logging_mixin.py:137} INFO - [2023-03-12T10:13:51.351+0000] {dag.py:2690} INFO - Sync 1 DAGs
[2023-03-12T10:13:51.369+0000] {logging_mixin.py:137} INFO - [2023-03-12T10:13:51.369+0000] {dag.py:3441} INFO - Setting next_dagrun for example_complex to None, run_after=None
[2023-03-12T10:13:51.386+0000] {processor.py:175} INFO - Processing /home/airflow/.local/lib/python3.7/site-packages/airflow/example_dags/example_complex.py took 0.098 seconds
[2023-03-12T10:14:21.496+0000] {processor.py:153} INFO - Started process (PID=929) to work on /home/airflow/.local/lib/python3.7/site-packages/airflow/example_dags/example_complex.py
[2023-03-12T10:14:21.500+0000] {processor.py:743} INFO - Processing file /home/airflow/.local/lib/python3.7/site-packages/airflow/example_dags/example_complex.py for tasks to queue
[2023-03-12T10:14:21.503+0000] {logging_mixin.py:137} INFO - [2023-03-12T10:14:21.503+0000] {dagbag.py:538} INFO - Filling up the DagBag from /home/airflow/.local/lib/python3.7/site-packages/airflow/example_dags/example_complex.py
[2023-03-12T10:14:21.518+0000] {logging_mixin.py:137} INFO - [2023-03-12T10:14:21.517+0000] {taskmixin.py:205} WARNING - Dependency <Task(BashOperator): create_entry_group>, delete_entry_group already registered for DAG: example_complex
[2023-03-12T10:14:21.519+0000] {logging_mixin.py:137} INFO - [2023-03-12T10:14:21.519+0000] {taskmixin.py:205} WARNING - Dependency <Task(BashOperator): delete_entry_group>, create_entry_group already registered for DAG: example_complex
[2023-03-12T10:14:21.522+0000] {logging_mixin.py:137} INFO - [2023-03-12T10:14:21.522+0000] {taskmixin.py:205} WARNING - Dependency <Task(BashOperator): create_entry_gcs>, delete_entry already registered for DAG: example_complex
[2023-03-12T10:14:21.523+0000] {logging_mixin.py:137} INFO - [2023-03-12T10:14:21.523+0000] {taskmixin.py:205} WARNING - Dependency <Task(BashOperator): delete_entry>, create_entry_gcs already registered for DAG: example_complex
[2023-03-12T10:14:21.525+0000] {logging_mixin.py:137} INFO - [2023-03-12T10:14:21.525+0000] {taskmixin.py:205} WARNING - Dependency <Task(BashOperator): create_tag>, delete_tag already registered for DAG: example_complex
[2023-03-12T10:14:21.527+0000] {logging_mixin.py:137} INFO - [2023-03-12T10:14:21.527+0000] {taskmixin.py:205} WARNING - Dependency <Task(BashOperator): delete_tag>, create_tag already registered for DAG: example_complex
[2023-03-12T10:14:21.533+0000] {processor.py:753} INFO - DAG(s) dict_keys(['example_complex']) retrieved from /home/airflow/.local/lib/python3.7/site-packages/airflow/example_dags/example_complex.py
[2023-03-12T10:14:21.570+0000] {logging_mixin.py:137} INFO - [2023-03-12T10:14:21.570+0000] {dag.py:2690} INFO - Sync 1 DAGs
[2023-03-12T10:14:21.603+0000] {logging_mixin.py:137} INFO - [2023-03-12T10:14:21.603+0000] {dag.py:3441} INFO - Setting next_dagrun for example_complex to None, run_after=None
[2023-03-12T10:14:21.646+0000] {processor.py:175} INFO - Processing /home/airflow/.local/lib/python3.7/site-packages/airflow/example_dags/example_complex.py took 0.153 seconds
[2023-03-12T10:14:51.788+0000] {processor.py:153} INFO - Started process (PID=995) to work on /home/airflow/.local/lib/python3.7/site-packages/airflow/example_dags/example_complex.py
[2023-03-12T10:14:51.792+0000] {processor.py:743} INFO - Processing file /home/airflow/.local/lib/python3.7/site-packages/airflow/example_dags/example_complex.py for tasks to queue
[2023-03-12T10:14:51.795+0000] {logging_mixin.py:137} INFO - [2023-03-12T10:14:51.794+0000] {dagbag.py:538} INFO - Filling up the DagBag from /home/airflow/.local/lib/python3.7/site-packages/airflow/example_dags/example_complex.py
[2023-03-12T10:14:51.809+0000] {logging_mixin.py:137} INFO - [2023-03-12T10:14:51.809+0000] {taskmixin.py:205} WARNING - Dependency <Task(BashOperator): create_entry_group>, delete_entry_group already registered for DAG: example_complex
[2023-03-12T10:14:51.811+0000] {logging_mixin.py:137} INFO - [2023-03-12T10:14:51.811+0000] {taskmixin.py:205} WARNING - Dependency <Task(BashOperator): delete_entry_group>, create_entry_group already registered for DAG: example_complex
[2023-03-12T10:14:51.813+0000] {logging_mixin.py:137} INFO - [2023-03-12T10:14:51.813+0000] {taskmixin.py:205} WARNING - Dependency <Task(BashOperator): create_entry_gcs>, delete_entry already registered for DAG: example_complex
[2023-03-12T10:14:51.816+0000] {logging_mixin.py:137} INFO - [2023-03-12T10:14:51.815+0000] {taskmixin.py:205} WARNING - Dependency <Task(BashOperator): delete_entry>, create_entry_gcs already registered for DAG: example_complex
[2023-03-12T10:14:51.818+0000] {logging_mixin.py:137} INFO - [2023-03-12T10:14:51.818+0000] {taskmixin.py:205} WARNING - Dependency <Task(BashOperator): create_tag>, delete_tag already registered for DAG: example_complex
[2023-03-12T10:14:51.819+0000] {logging_mixin.py:137} INFO - [2023-03-12T10:14:51.819+0000] {taskmixin.py:205} WARNING - Dependency <Task(BashOperator): delete_tag>, create_tag already registered for DAG: example_complex
[2023-03-12T10:14:51.829+0000] {processor.py:753} INFO - DAG(s) dict_keys(['example_complex']) retrieved from /home/airflow/.local/lib/python3.7/site-packages/airflow/example_dags/example_complex.py
[2023-03-12T10:14:51.870+0000] {logging_mixin.py:137} INFO - [2023-03-12T10:14:51.870+0000] {dag.py:2690} INFO - Sync 1 DAGs
[2023-03-12T10:14:51.906+0000] {logging_mixin.py:137} INFO - [2023-03-12T10:14:51.905+0000] {dag.py:3441} INFO - Setting next_dagrun for example_complex to None, run_after=None
[2023-03-12T10:14:51.933+0000] {processor.py:175} INFO - Processing /home/airflow/.local/lib/python3.7/site-packages/airflow/example_dags/example_complex.py took 0.149 seconds
[2023-03-12T10:15:22.121+0000] {processor.py:153} INFO - Started process (PID=1073) to work on /home/airflow/.local/lib/python3.7/site-packages/airflow/example_dags/example_complex.py
[2023-03-12T10:15:22.125+0000] {processor.py:743} INFO - Processing file /home/airflow/.local/lib/python3.7/site-packages/airflow/example_dags/example_complex.py for tasks to queue
[2023-03-12T10:15:22.127+0000] {logging_mixin.py:137} INFO - [2023-03-12T10:15:22.127+0000] {dagbag.py:538} INFO - Filling up the DagBag from /home/airflow/.local/lib/python3.7/site-packages/airflow/example_dags/example_complex.py
[2023-03-12T10:15:22.138+0000] {logging_mixin.py:137} INFO - [2023-03-12T10:15:22.138+0000] {taskmixin.py:205} WARNING - Dependency <Task(BashOperator): create_entry_group>, delete_entry_group already registered for DAG: example_complex
[2023-03-12T10:15:22.139+0000] {logging_mixin.py:137} INFO - [2023-03-12T10:15:22.139+0000] {taskmixin.py:205} WARNING - Dependency <Task(BashOperator): delete_entry_group>, create_entry_group already registered for DAG: example_complex
[2023-03-12T10:15:22.142+0000] {logging_mixin.py:137} INFO - [2023-03-12T10:15:22.141+0000] {taskmixin.py:205} WARNING - Dependency <Task(BashOperator): create_entry_gcs>, delete_entry already registered for DAG: example_complex
[2023-03-12T10:15:22.144+0000] {logging_mixin.py:137} INFO - [2023-03-12T10:15:22.143+0000] {taskmixin.py:205} WARNING - Dependency <Task(BashOperator): delete_entry>, create_entry_gcs already registered for DAG: example_complex
[2023-03-12T10:15:22.145+0000] {logging_mixin.py:137} INFO - [2023-03-12T10:15:22.145+0000] {taskmixin.py:205} WARNING - Dependency <Task(BashOperator): create_tag>, delete_tag already registered for DAG: example_complex
[2023-03-12T10:15:22.146+0000] {logging_mixin.py:137} INFO - [2023-03-12T10:15:22.146+0000] {taskmixin.py:205} WARNING - Dependency <Task(BashOperator): delete_tag>, create_tag already registered for DAG: example_complex
[2023-03-12T10:15:22.154+0000] {processor.py:753} INFO - DAG(s) dict_keys(['example_complex']) retrieved from /home/airflow/.local/lib/python3.7/site-packages/airflow/example_dags/example_complex.py
[2023-03-12T10:15:22.185+0000] {logging_mixin.py:137} INFO - [2023-03-12T10:15:22.184+0000] {dag.py:2690} INFO - Sync 1 DAGs
[2023-03-12T10:15:22.206+0000] {logging_mixin.py:137} INFO - [2023-03-12T10:15:22.206+0000] {dag.py:3441} INFO - Setting next_dagrun for example_complex to None, run_after=None
[2023-03-12T10:15:22.229+0000] {processor.py:175} INFO - Processing /home/airflow/.local/lib/python3.7/site-packages/airflow/example_dags/example_complex.py took 0.111 seconds
[2023-03-12T10:15:52.490+0000] {processor.py:153} INFO - Started process (PID=1136) to work on /home/airflow/.local/lib/python3.7/site-packages/airflow/example_dags/example_complex.py
[2023-03-12T10:15:52.492+0000] {processor.py:743} INFO - Processing file /home/airflow/.local/lib/python3.7/site-packages/airflow/example_dags/example_complex.py for tasks to queue
[2023-03-12T10:15:52.494+0000] {logging_mixin.py:137} INFO - [2023-03-12T10:15:52.494+0000] {dagbag.py:538} INFO - Filling up the DagBag from /home/airflow/.local/lib/python3.7/site-packages/airflow/example_dags/example_complex.py
[2023-03-12T10:15:52.504+0000] {logging_mixin.py:137} INFO - [2023-03-12T10:15:52.503+0000] {taskmixin.py:205} WARNING - Dependency <Task(BashOperator): create_entry_group>, delete_entry_group already registered for DAG: example_complex
[2023-03-12T10:15:52.505+0000] {logging_mixin.py:137} INFO - [2023-03-12T10:15:52.505+0000] {taskmixin.py:205} WARNING - Dependency <Task(BashOperator): delete_entry_group>, create_entry_group already registered for DAG: example_complex
[2023-03-12T10:15:52.507+0000] {logging_mixin.py:137} INFO - [2023-03-12T10:15:52.507+0000] {taskmixin.py:205} WARNING - Dependency <Task(BashOperator): create_entry_gcs>, delete_entry already registered for DAG: example_complex
[2023-03-12T10:15:52.509+0000] {logging_mixin.py:137} INFO - [2023-03-12T10:15:52.509+0000] {taskmixin.py:205} WARNING - Dependency <Task(BashOperator): delete_entry>, create_entry_gcs already registered for DAG: example_complex
[2023-03-12T10:15:52.511+0000] {logging_mixin.py:137} INFO - [2023-03-12T10:15:52.511+0000] {taskmixin.py:205} WARNING - Dependency <Task(BashOperator): create_tag>, delete_tag already registered for DAG: example_complex
[2023-03-12T10:15:52.513+0000] {logging_mixin.py:137} INFO - [2023-03-12T10:15:52.513+0000] {taskmixin.py:205} WARNING - Dependency <Task(BashOperator): delete_tag>, create_tag already registered for DAG: example_complex
[2023-03-12T10:15:52.520+0000] {processor.py:753} INFO - DAG(s) dict_keys(['example_complex']) retrieved from /home/airflow/.local/lib/python3.7/site-packages/airflow/example_dags/example_complex.py
[2023-03-12T10:15:52.553+0000] {logging_mixin.py:137} INFO - [2023-03-12T10:15:52.553+0000] {dag.py:2690} INFO - Sync 1 DAGs
[2023-03-12T10:15:52.572+0000] {logging_mixin.py:137} INFO - [2023-03-12T10:15:52.572+0000] {dag.py:3441} INFO - Setting next_dagrun for example_complex to None, run_after=None
[2023-03-12T10:15:52.589+0000] {processor.py:175} INFO - Processing /home/airflow/.local/lib/python3.7/site-packages/airflow/example_dags/example_complex.py took 0.103 seconds
[2023-03-12T10:16:22.762+0000] {processor.py:153} INFO - Started process (PID=1213) to work on /home/airflow/.local/lib/python3.7/site-packages/airflow/example_dags/example_complex.py
[2023-03-12T10:16:22.771+0000] {processor.py:743} INFO - Processing file /home/airflow/.local/lib/python3.7/site-packages/airflow/example_dags/example_complex.py for tasks to queue
[2023-03-12T10:16:22.773+0000] {logging_mixin.py:137} INFO - [2023-03-12T10:16:22.773+0000] {dagbag.py:538} INFO - Filling up the DagBag from /home/airflow/.local/lib/python3.7/site-packages/airflow/example_dags/example_complex.py
[2023-03-12T10:16:22.784+0000] {logging_mixin.py:137} INFO - [2023-03-12T10:16:22.784+0000] {taskmixin.py:205} WARNING - Dependency <Task(BashOperator): create_entry_group>, delete_entry_group already registered for DAG: example_complex
[2023-03-12T10:16:22.786+0000] {logging_mixin.py:137} INFO - [2023-03-12T10:16:22.786+0000] {taskmixin.py:205} WARNING - Dependency <Task(BashOperator): delete_entry_group>, create_entry_group already registered for DAG: example_complex
[2023-03-12T10:16:22.789+0000] {logging_mixin.py:137} INFO - [2023-03-12T10:16:22.789+0000] {taskmixin.py:205} WARNING - Dependency <Task(BashOperator): create_entry_gcs>, delete_entry already registered for DAG: example_complex
[2023-03-12T10:16:22.791+0000] {logging_mixin.py:137} INFO - [2023-03-12T10:16:22.791+0000] {taskmixin.py:205} WARNING - Dependency <Task(BashOperator): delete_entry>, create_entry_gcs already registered for DAG: example_complex
[2023-03-12T10:16:22.792+0000] {logging_mixin.py:137} INFO - [2023-03-12T10:16:22.792+0000] {taskmixin.py:205} WARNING - Dependency <Task(BashOperator): create_tag>, delete_tag already registered for DAG: example_complex
[2023-03-12T10:16:22.794+0000] {logging_mixin.py:137} INFO - [2023-03-12T10:16:22.794+0000] {taskmixin.py:205} WARNING - Dependency <Task(BashOperator): delete_tag>, create_tag already registered for DAG: example_complex
[2023-03-12T10:16:22.803+0000] {processor.py:753} INFO - DAG(s) dict_keys(['example_complex']) retrieved from /home/airflow/.local/lib/python3.7/site-packages/airflow/example_dags/example_complex.py
[2023-03-12T10:16:22.834+0000] {logging_mixin.py:137} INFO - [2023-03-12T10:16:22.834+0000] {dag.py:2690} INFO - Sync 1 DAGs
[2023-03-12T10:16:22.855+0000] {logging_mixin.py:137} INFO - [2023-03-12T10:16:22.855+0000] {dag.py:3441} INFO - Setting next_dagrun for example_complex to None, run_after=None
[2023-03-12T10:16:22.872+0000] {processor.py:175} INFO - Processing /home/airflow/.local/lib/python3.7/site-packages/airflow/example_dags/example_complex.py took 0.113 seconds
[2023-03-12T10:16:53.706+0000] {processor.py:153} INFO - Started process (PID=1287) to work on /home/airflow/.local/lib/python3.7/site-packages/airflow/example_dags/example_complex.py
[2023-03-12T10:16:53.710+0000] {processor.py:743} INFO - Processing file /home/airflow/.local/lib/python3.7/site-packages/airflow/example_dags/example_complex.py for tasks to queue
[2023-03-12T10:16:53.713+0000] {logging_mixin.py:137} INFO - [2023-03-12T10:16:53.712+0000] {dagbag.py:538} INFO - Filling up the DagBag from /home/airflow/.local/lib/python3.7/site-packages/airflow/example_dags/example_complex.py
[2023-03-12T10:16:53.724+0000] {logging_mixin.py:137} INFO - [2023-03-12T10:16:53.724+0000] {taskmixin.py:205} WARNING - Dependency <Task(BashOperator): create_entry_group>, delete_entry_group already registered for DAG: example_complex
[2023-03-12T10:16:53.726+0000] {logging_mixin.py:137} INFO - [2023-03-12T10:16:53.726+0000] {taskmixin.py:205} WARNING - Dependency <Task(BashOperator): delete_entry_group>, create_entry_group already registered for DAG: example_complex
[2023-03-12T10:16:53.728+0000] {logging_mixin.py:137} INFO - [2023-03-12T10:16:53.728+0000] {taskmixin.py:205} WARNING - Dependency <Task(BashOperator): create_entry_gcs>, delete_entry already registered for DAG: example_complex
[2023-03-12T10:16:53.730+0000] {logging_mixin.py:137} INFO - [2023-03-12T10:16:53.730+0000] {taskmixin.py:205} WARNING - Dependency <Task(BashOperator): delete_entry>, create_entry_gcs already registered for DAG: example_complex
[2023-03-12T10:16:53.731+0000] {logging_mixin.py:137} INFO - [2023-03-12T10:16:53.731+0000] {taskmixin.py:205} WARNING - Dependency <Task(BashOperator): create_tag>, delete_tag already registered for DAG: example_complex
[2023-03-12T10:16:53.733+0000] {logging_mixin.py:137} INFO - [2023-03-12T10:16:53.733+0000] {taskmixin.py:205} WARNING - Dependency <Task(BashOperator): delete_tag>, create_tag already registered for DAG: example_complex
[2023-03-12T10:16:53.739+0000] {processor.py:753} INFO - DAG(s) dict_keys(['example_complex']) retrieved from /home/airflow/.local/lib/python3.7/site-packages/airflow/example_dags/example_complex.py
[2023-03-12T10:16:53.770+0000] {logging_mixin.py:137} INFO - [2023-03-12T10:16:53.770+0000] {dag.py:2690} INFO - Sync 1 DAGs
[2023-03-12T10:16:53.790+0000] {logging_mixin.py:137} INFO - [2023-03-12T10:16:53.790+0000] {dag.py:3441} INFO - Setting next_dagrun for example_complex to None, run_after=None
[2023-03-12T10:16:53.808+0000] {processor.py:175} INFO - Processing /home/airflow/.local/lib/python3.7/site-packages/airflow/example_dags/example_complex.py took 0.106 seconds
[2023-03-12T10:17:23.890+0000] {processor.py:153} INFO - Started process (PID=1356) to work on /home/airflow/.local/lib/python3.7/site-packages/airflow/example_dags/example_complex.py
[2023-03-12T10:17:23.893+0000] {processor.py:743} INFO - Processing file /home/airflow/.local/lib/python3.7/site-packages/airflow/example_dags/example_complex.py for tasks to queue
[2023-03-12T10:17:23.894+0000] {logging_mixin.py:137} INFO - [2023-03-12T10:17:23.894+0000] {dagbag.py:538} INFO - Filling up the DagBag from /home/airflow/.local/lib/python3.7/site-packages/airflow/example_dags/example_complex.py
[2023-03-12T10:17:23.906+0000] {logging_mixin.py:137} INFO - [2023-03-12T10:17:23.906+0000] {taskmixin.py:205} WARNING - Dependency <Task(BashOperator): create_entry_group>, delete_entry_group already registered for DAG: example_complex
[2023-03-12T10:17:23.907+0000] {logging_mixin.py:137} INFO - [2023-03-12T10:17:23.907+0000] {taskmixin.py:205} WARNING - Dependency <Task(BashOperator): delete_entry_group>, create_entry_group already registered for DAG: example_complex
[2023-03-12T10:17:23.909+0000] {logging_mixin.py:137} INFO - [2023-03-12T10:17:23.909+0000] {taskmixin.py:205} WARNING - Dependency <Task(BashOperator): create_entry_gcs>, delete_entry already registered for DAG: example_complex
[2023-03-12T10:17:23.910+0000] {logging_mixin.py:137} INFO - [2023-03-12T10:17:23.910+0000] {taskmixin.py:205} WARNING - Dependency <Task(BashOperator): delete_entry>, create_entry_gcs already registered for DAG: example_complex
[2023-03-12T10:17:23.912+0000] {logging_mixin.py:137} INFO - [2023-03-12T10:17:23.912+0000] {taskmixin.py:205} WARNING - Dependency <Task(BashOperator): create_tag>, delete_tag already registered for DAG: example_complex
[2023-03-12T10:17:23.913+0000] {logging_mixin.py:137} INFO - [2023-03-12T10:17:23.913+0000] {taskmixin.py:205} WARNING - Dependency <Task(BashOperator): delete_tag>, create_tag already registered for DAG: example_complex
[2023-03-12T10:17:23.920+0000] {processor.py:753} INFO - DAG(s) dict_keys(['example_complex']) retrieved from /home/airflow/.local/lib/python3.7/site-packages/airflow/example_dags/example_complex.py
[2023-03-12T10:17:23.965+0000] {logging_mixin.py:137} INFO - [2023-03-12T10:17:23.965+0000] {dag.py:2690} INFO - Sync 1 DAGs
[2023-03-12T10:17:23.984+0000] {logging_mixin.py:137} INFO - [2023-03-12T10:17:23.984+0000] {dag.py:3441} INFO - Setting next_dagrun for example_complex to None, run_after=None
[2023-03-12T10:17:24.004+0000] {processor.py:175} INFO - Processing /home/airflow/.local/lib/python3.7/site-packages/airflow/example_dags/example_complex.py took 0.117 seconds
[2023-03-12T10:17:54.842+0000] {processor.py:153} INFO - Started process (PID=1433) to work on /home/airflow/.local/lib/python3.7/site-packages/airflow/example_dags/example_complex.py
[2023-03-12T10:17:54.848+0000] {processor.py:743} INFO - Processing file /home/airflow/.local/lib/python3.7/site-packages/airflow/example_dags/example_complex.py for tasks to queue
[2023-03-12T10:17:54.851+0000] {logging_mixin.py:137} INFO - [2023-03-12T10:17:54.850+0000] {dagbag.py:538} INFO - Filling up the DagBag from /home/airflow/.local/lib/python3.7/site-packages/airflow/example_dags/example_complex.py
[2023-03-12T10:17:54.864+0000] {logging_mixin.py:137} INFO - [2023-03-12T10:17:54.864+0000] {taskmixin.py:205} WARNING - Dependency <Task(BashOperator): create_entry_group>, delete_entry_group already registered for DAG: example_complex
[2023-03-12T10:17:54.867+0000] {logging_mixin.py:137} INFO - [2023-03-12T10:17:54.867+0000] {taskmixin.py:205} WARNING - Dependency <Task(BashOperator): delete_entry_group>, create_entry_group already registered for DAG: example_complex
[2023-03-12T10:17:54.868+0000] {logging_mixin.py:137} INFO - [2023-03-12T10:17:54.868+0000] {taskmixin.py:205} WARNING - Dependency <Task(BashOperator): create_entry_gcs>, delete_entry already registered for DAG: example_complex
[2023-03-12T10:17:54.870+0000] {logging_mixin.py:137} INFO - [2023-03-12T10:17:54.870+0000] {taskmixin.py:205} WARNING - Dependency <Task(BashOperator): delete_entry>, create_entry_gcs already registered for DAG: example_complex
[2023-03-12T10:17:54.872+0000] {logging_mixin.py:137} INFO - [2023-03-12T10:17:54.872+0000] {taskmixin.py:205} WARNING - Dependency <Task(BashOperator): create_tag>, delete_tag already registered for DAG: example_complex
[2023-03-12T10:17:54.874+0000] {logging_mixin.py:137} INFO - [2023-03-12T10:17:54.873+0000] {taskmixin.py:205} WARNING - Dependency <Task(BashOperator): delete_tag>, create_tag already registered for DAG: example_complex
[2023-03-12T10:17:54.883+0000] {processor.py:753} INFO - DAG(s) dict_keys(['example_complex']) retrieved from /home/airflow/.local/lib/python3.7/site-packages/airflow/example_dags/example_complex.py
[2023-03-12T10:17:54.920+0000] {logging_mixin.py:137} INFO - [2023-03-12T10:17:54.920+0000] {dag.py:2690} INFO - Sync 1 DAGs
[2023-03-12T10:17:54.944+0000] {logging_mixin.py:137} INFO - [2023-03-12T10:17:54.944+0000] {dag.py:3441} INFO - Setting next_dagrun for example_complex to None, run_after=None
[2023-03-12T10:17:54.967+0000] {processor.py:175} INFO - Processing /home/airflow/.local/lib/python3.7/site-packages/airflow/example_dags/example_complex.py took 0.130 seconds
[2023-03-12T10:18:25.970+0000] {processor.py:153} INFO - Started process (PID=1498) to work on /home/airflow/.local/lib/python3.7/site-packages/airflow/example_dags/example_complex.py
[2023-03-12T10:18:25.974+0000] {processor.py:743} INFO - Processing file /home/airflow/.local/lib/python3.7/site-packages/airflow/example_dags/example_complex.py for tasks to queue
[2023-03-12T10:18:25.978+0000] {logging_mixin.py:137} INFO - [2023-03-12T10:18:25.977+0000] {dagbag.py:538} INFO - Filling up the DagBag from /home/airflow/.local/lib/python3.7/site-packages/airflow/example_dags/example_complex.py
[2023-03-12T10:18:25.991+0000] {logging_mixin.py:137} INFO - [2023-03-12T10:18:25.990+0000] {taskmixin.py:205} WARNING - Dependency <Task(BashOperator): create_entry_group>, delete_entry_group already registered for DAG: example_complex
[2023-03-12T10:18:25.993+0000] {logging_mixin.py:137} INFO - [2023-03-12T10:18:25.993+0000] {taskmixin.py:205} WARNING - Dependency <Task(BashOperator): delete_entry_group>, create_entry_group already registered for DAG: example_complex
[2023-03-12T10:18:25.995+0000] {logging_mixin.py:137} INFO - [2023-03-12T10:18:25.995+0000] {taskmixin.py:205} WARNING - Dependency <Task(BashOperator): create_entry_gcs>, delete_entry already registered for DAG: example_complex
[2023-03-12T10:18:25.996+0000] {logging_mixin.py:137} INFO - [2023-03-12T10:18:25.996+0000] {taskmixin.py:205} WARNING - Dependency <Task(BashOperator): delete_entry>, create_entry_gcs already registered for DAG: example_complex
[2023-03-12T10:18:25.998+0000] {logging_mixin.py:137} INFO - [2023-03-12T10:18:25.998+0000] {taskmixin.py:205} WARNING - Dependency <Task(BashOperator): create_tag>, delete_tag already registered for DAG: example_complex
[2023-03-12T10:18:26.000+0000] {logging_mixin.py:137} INFO - [2023-03-12T10:18:26.000+0000] {taskmixin.py:205} WARNING - Dependency <Task(BashOperator): delete_tag>, create_tag already registered for DAG: example_complex
[2023-03-12T10:18:26.014+0000] {processor.py:753} INFO - DAG(s) dict_keys(['example_complex']) retrieved from /home/airflow/.local/lib/python3.7/site-packages/airflow/example_dags/example_complex.py
[2023-03-12T10:18:26.051+0000] {logging_mixin.py:137} INFO - [2023-03-12T10:18:26.051+0000] {dag.py:2690} INFO - Sync 1 DAGs
[2023-03-12T10:18:26.085+0000] {logging_mixin.py:137} INFO - [2023-03-12T10:18:26.085+0000] {dag.py:3441} INFO - Setting next_dagrun for example_complex to None, run_after=None
[2023-03-12T10:18:26.107+0000] {processor.py:175} INFO - Processing /home/airflow/.local/lib/python3.7/site-packages/airflow/example_dags/example_complex.py took 0.140 seconds
[2023-03-12T10:18:56.385+0000] {processor.py:153} INFO - Started process (PID=1576) to work on /home/airflow/.local/lib/python3.7/site-packages/airflow/example_dags/example_complex.py
[2023-03-12T10:18:56.389+0000] {processor.py:743} INFO - Processing file /home/airflow/.local/lib/python3.7/site-packages/airflow/example_dags/example_complex.py for tasks to queue
[2023-03-12T10:18:56.390+0000] {logging_mixin.py:137} INFO - [2023-03-12T10:18:56.390+0000] {dagbag.py:538} INFO - Filling up the DagBag from /home/airflow/.local/lib/python3.7/site-packages/airflow/example_dags/example_complex.py
[2023-03-12T10:18:56.400+0000] {logging_mixin.py:137} INFO - [2023-03-12T10:18:56.399+0000] {taskmixin.py:205} WARNING - Dependency <Task(BashOperator): create_entry_group>, delete_entry_group already registered for DAG: example_complex
[2023-03-12T10:18:56.401+0000] {logging_mixin.py:137} INFO - [2023-03-12T10:18:56.401+0000] {taskmixin.py:205} WARNING - Dependency <Task(BashOperator): delete_entry_group>, create_entry_group already registered for DAG: example_complex
[2023-03-12T10:18:56.402+0000] {logging_mixin.py:137} INFO - [2023-03-12T10:18:56.402+0000] {taskmixin.py:205} WARNING - Dependency <Task(BashOperator): create_entry_gcs>, delete_entry already registered for DAG: example_complex
[2023-03-12T10:18:56.403+0000] {logging_mixin.py:137} INFO - [2023-03-12T10:18:56.403+0000] {taskmixin.py:205} WARNING - Dependency <Task(BashOperator): delete_entry>, create_entry_gcs already registered for DAG: example_complex
[2023-03-12T10:18:56.405+0000] {logging_mixin.py:137} INFO - [2023-03-12T10:18:56.405+0000] {taskmixin.py:205} WARNING - Dependency <Task(BashOperator): create_tag>, delete_tag already registered for DAG: example_complex
[2023-03-12T10:18:56.406+0000] {logging_mixin.py:137} INFO - [2023-03-12T10:18:56.406+0000] {taskmixin.py:205} WARNING - Dependency <Task(BashOperator): delete_tag>, create_tag already registered for DAG: example_complex
[2023-03-12T10:18:56.414+0000] {processor.py:753} INFO - DAG(s) dict_keys(['example_complex']) retrieved from /home/airflow/.local/lib/python3.7/site-packages/airflow/example_dags/example_complex.py
[2023-03-12T10:18:56.451+0000] {logging_mixin.py:137} INFO - [2023-03-12T10:18:56.451+0000] {dag.py:2690} INFO - Sync 1 DAGs
[2023-03-12T10:18:56.472+0000] {logging_mixin.py:137} INFO - [2023-03-12T10:18:56.472+0000] {dag.py:3441} INFO - Setting next_dagrun for example_complex to None, run_after=None
[2023-03-12T10:18:56.491+0000] {processor.py:175} INFO - Processing /home/airflow/.local/lib/python3.7/site-packages/airflow/example_dags/example_complex.py took 0.109 seconds
[2023-03-12T10:19:27.271+0000] {processor.py:153} INFO - Started process (PID=1654) to work on /home/airflow/.local/lib/python3.7/site-packages/airflow/example_dags/example_complex.py
[2023-03-12T10:19:27.273+0000] {processor.py:743} INFO - Processing file /home/airflow/.local/lib/python3.7/site-packages/airflow/example_dags/example_complex.py for tasks to queue
[2023-03-12T10:19:27.274+0000] {logging_mixin.py:137} INFO - [2023-03-12T10:19:27.274+0000] {dagbag.py:538} INFO - Filling up the DagBag from /home/airflow/.local/lib/python3.7/site-packages/airflow/example_dags/example_complex.py
[2023-03-12T10:19:27.285+0000] {logging_mixin.py:137} INFO - [2023-03-12T10:19:27.284+0000] {taskmixin.py:205} WARNING - Dependency <Task(BashOperator): create_entry_group>, delete_entry_group already registered for DAG: example_complex
[2023-03-12T10:19:27.286+0000] {logging_mixin.py:137} INFO - [2023-03-12T10:19:27.286+0000] {taskmixin.py:205} WARNING - Dependency <Task(BashOperator): delete_entry_group>, create_entry_group already registered for DAG: example_complex
[2023-03-12T10:19:27.288+0000] {logging_mixin.py:137} INFO - [2023-03-12T10:19:27.288+0000] {taskmixin.py:205} WARNING - Dependency <Task(BashOperator): create_entry_gcs>, delete_entry already registered for DAG: example_complex
[2023-03-12T10:19:27.289+0000] {logging_mixin.py:137} INFO - [2023-03-12T10:19:27.289+0000] {taskmixin.py:205} WARNING - Dependency <Task(BashOperator): delete_entry>, create_entry_gcs already registered for DAG: example_complex
[2023-03-12T10:19:27.290+0000] {logging_mixin.py:137} INFO - [2023-03-12T10:19:27.290+0000] {taskmixin.py:205} WARNING - Dependency <Task(BashOperator): create_tag>, delete_tag already registered for DAG: example_complex
[2023-03-12T10:19:27.291+0000] {logging_mixin.py:137} INFO - [2023-03-12T10:19:27.291+0000] {taskmixin.py:205} WARNING - Dependency <Task(BashOperator): delete_tag>, create_tag already registered for DAG: example_complex
[2023-03-12T10:19:27.298+0000] {processor.py:753} INFO - DAG(s) dict_keys(['example_complex']) retrieved from /home/airflow/.local/lib/python3.7/site-packages/airflow/example_dags/example_complex.py
[2023-03-12T10:19:27.329+0000] {logging_mixin.py:137} INFO - [2023-03-12T10:19:27.329+0000] {dag.py:2690} INFO - Sync 1 DAGs
[2023-03-12T10:19:27.349+0000] {logging_mixin.py:137} INFO - [2023-03-12T10:19:27.349+0000] {dag.py:3441} INFO - Setting next_dagrun for example_complex to None, run_after=None
[2023-03-12T10:19:27.369+0000] {processor.py:175} INFO - Processing /home/airflow/.local/lib/python3.7/site-packages/airflow/example_dags/example_complex.py took 0.102 seconds
[2023-03-12T10:19:58.573+0000] {processor.py:153} INFO - Started process (PID=1719) to work on /home/airflow/.local/lib/python3.7/site-packages/airflow/example_dags/example_complex.py
[2023-03-12T10:19:58.576+0000] {processor.py:743} INFO - Processing file /home/airflow/.local/lib/python3.7/site-packages/airflow/example_dags/example_complex.py for tasks to queue
[2023-03-12T10:19:58.578+0000] {logging_mixin.py:137} INFO - [2023-03-12T10:19:58.578+0000] {dagbag.py:538} INFO - Filling up the DagBag from /home/airflow/.local/lib/python3.7/site-packages/airflow/example_dags/example_complex.py
[2023-03-12T10:19:58.589+0000] {logging_mixin.py:137} INFO - [2023-03-12T10:19:58.589+0000] {taskmixin.py:205} WARNING - Dependency <Task(BashOperator): create_entry_group>, delete_entry_group already registered for DAG: example_complex
[2023-03-12T10:19:58.591+0000] {logging_mixin.py:137} INFO - [2023-03-12T10:19:58.591+0000] {taskmixin.py:205} WARNING - Dependency <Task(BashOperator): delete_entry_group>, create_entry_group already registered for DAG: example_complex
[2023-03-12T10:19:58.594+0000] {logging_mixin.py:137} INFO - [2023-03-12T10:19:58.594+0000] {taskmixin.py:205} WARNING - Dependency <Task(BashOperator): create_entry_gcs>, delete_entry already registered for DAG: example_complex
[2023-03-12T10:19:58.595+0000] {logging_mixin.py:137} INFO - [2023-03-12T10:19:58.595+0000] {taskmixin.py:205} WARNING - Dependency <Task(BashOperator): delete_entry>, create_entry_gcs already registered for DAG: example_complex
[2023-03-12T10:19:58.597+0000] {logging_mixin.py:137} INFO - [2023-03-12T10:19:58.597+0000] {taskmixin.py:205} WARNING - Dependency <Task(BashOperator): create_tag>, delete_tag already registered for DAG: example_complex
[2023-03-12T10:19:58.599+0000] {logging_mixin.py:137} INFO - [2023-03-12T10:19:58.599+0000] {taskmixin.py:205} WARNING - Dependency <Task(BashOperator): delete_tag>, create_tag already registered for DAG: example_complex
[2023-03-12T10:19:58.605+0000] {processor.py:753} INFO - DAG(s) dict_keys(['example_complex']) retrieved from /home/airflow/.local/lib/python3.7/site-packages/airflow/example_dags/example_complex.py
[2023-03-12T10:19:58.636+0000] {logging_mixin.py:137} INFO - [2023-03-12T10:19:58.636+0000] {dag.py:2690} INFO - Sync 1 DAGs
[2023-03-12T10:19:58.659+0000] {logging_mixin.py:137} INFO - [2023-03-12T10:19:58.659+0000] {dag.py:3441} INFO - Setting next_dagrun for example_complex to None, run_after=None
[2023-03-12T10:19:58.674+0000] {processor.py:175} INFO - Processing /home/airflow/.local/lib/python3.7/site-packages/airflow/example_dags/example_complex.py took 0.106 seconds
[2023-03-12T10:20:28.792+0000] {processor.py:153} INFO - Started process (PID=1798) to work on /home/airflow/.local/lib/python3.7/site-packages/airflow/example_dags/example_complex.py
[2023-03-12T10:20:28.794+0000] {processor.py:743} INFO - Processing file /home/airflow/.local/lib/python3.7/site-packages/airflow/example_dags/example_complex.py for tasks to queue
[2023-03-12T10:20:28.796+0000] {logging_mixin.py:137} INFO - [2023-03-12T10:20:28.796+0000] {dagbag.py:538} INFO - Filling up the DagBag from /home/airflow/.local/lib/python3.7/site-packages/airflow/example_dags/example_complex.py
[2023-03-12T10:20:28.807+0000] {logging_mixin.py:137} INFO - [2023-03-12T10:20:28.807+0000] {taskmixin.py:205} WARNING - Dependency <Task(BashOperator): create_entry_group>, delete_entry_group already registered for DAG: example_complex
[2023-03-12T10:20:28.808+0000] {logging_mixin.py:137} INFO - [2023-03-12T10:20:28.808+0000] {taskmixin.py:205} WARNING - Dependency <Task(BashOperator): delete_entry_group>, create_entry_group already registered for DAG: example_complex
[2023-03-12T10:20:28.810+0000] {logging_mixin.py:137} INFO - [2023-03-12T10:20:28.810+0000] {taskmixin.py:205} WARNING - Dependency <Task(BashOperator): create_entry_gcs>, delete_entry already registered for DAG: example_complex
[2023-03-12T10:20:28.812+0000] {logging_mixin.py:137} INFO - [2023-03-12T10:20:28.812+0000] {taskmixin.py:205} WARNING - Dependency <Task(BashOperator): delete_entry>, create_entry_gcs already registered for DAG: example_complex
[2023-03-12T10:20:28.813+0000] {logging_mixin.py:137} INFO - [2023-03-12T10:20:28.813+0000] {taskmixin.py:205} WARNING - Dependency <Task(BashOperator): create_tag>, delete_tag already registered for DAG: example_complex
[2023-03-12T10:20:28.815+0000] {logging_mixin.py:137} INFO - [2023-03-12T10:20:28.814+0000] {taskmixin.py:205} WARNING - Dependency <Task(BashOperator): delete_tag>, create_tag already registered for DAG: example_complex
[2023-03-12T10:20:28.821+0000] {processor.py:753} INFO - DAG(s) dict_keys(['example_complex']) retrieved from /home/airflow/.local/lib/python3.7/site-packages/airflow/example_dags/example_complex.py
[2023-03-12T10:20:28.860+0000] {logging_mixin.py:137} INFO - [2023-03-12T10:20:28.860+0000] {dag.py:2690} INFO - Sync 1 DAGs
[2023-03-12T10:20:28.880+0000] {logging_mixin.py:137} INFO - [2023-03-12T10:20:28.880+0000] {dag.py:3441} INFO - Setting next_dagrun for example_complex to None, run_after=None
[2023-03-12T10:20:28.899+0000] {processor.py:175} INFO - Processing /home/airflow/.local/lib/python3.7/site-packages/airflow/example_dags/example_complex.py took 0.110 seconds
[2023-03-12T10:20:59.216+0000] {processor.py:153} INFO - Started process (PID=1873) to work on /home/airflow/.local/lib/python3.7/site-packages/airflow/example_dags/example_complex.py
[2023-03-12T10:20:59.219+0000] {processor.py:743} INFO - Processing file /home/airflow/.local/lib/python3.7/site-packages/airflow/example_dags/example_complex.py for tasks to queue
[2023-03-12T10:20:59.221+0000] {logging_mixin.py:137} INFO - [2023-03-12T10:20:59.221+0000] {dagbag.py:538} INFO - Filling up the DagBag from /home/airflow/.local/lib/python3.7/site-packages/airflow/example_dags/example_complex.py
[2023-03-12T10:20:59.234+0000] {logging_mixin.py:137} INFO - [2023-03-12T10:20:59.234+0000] {taskmixin.py:205} WARNING - Dependency <Task(BashOperator): create_entry_group>, delete_entry_group already registered for DAG: example_complex
[2023-03-12T10:20:59.236+0000] {logging_mixin.py:137} INFO - [2023-03-12T10:20:59.236+0000] {taskmixin.py:205} WARNING - Dependency <Task(BashOperator): delete_entry_group>, create_entry_group already registered for DAG: example_complex
[2023-03-12T10:20:59.238+0000] {logging_mixin.py:137} INFO - [2023-03-12T10:20:59.238+0000] {taskmixin.py:205} WARNING - Dependency <Task(BashOperator): create_entry_gcs>, delete_entry already registered for DAG: example_complex
[2023-03-12T10:20:59.240+0000] {logging_mixin.py:137} INFO - [2023-03-12T10:20:59.240+0000] {taskmixin.py:205} WARNING - Dependency <Task(BashOperator): delete_entry>, create_entry_gcs already registered for DAG: example_complex
[2023-03-12T10:20:59.242+0000] {logging_mixin.py:137} INFO - [2023-03-12T10:20:59.241+0000] {taskmixin.py:205} WARNING - Dependency <Task(BashOperator): create_tag>, delete_tag already registered for DAG: example_complex
[2023-03-12T10:20:59.243+0000] {logging_mixin.py:137} INFO - [2023-03-12T10:20:59.243+0000] {taskmixin.py:205} WARNING - Dependency <Task(BashOperator): delete_tag>, create_tag already registered for DAG: example_complex
[2023-03-12T10:20:59.254+0000] {processor.py:753} INFO - DAG(s) dict_keys(['example_complex']) retrieved from /home/airflow/.local/lib/python3.7/site-packages/airflow/example_dags/example_complex.py
[2023-03-12T10:20:59.292+0000] {logging_mixin.py:137} INFO - [2023-03-12T10:20:59.292+0000] {dag.py:2690} INFO - Sync 1 DAGs
[2023-03-12T10:20:59.319+0000] {logging_mixin.py:137} INFO - [2023-03-12T10:20:59.319+0000] {dag.py:3441} INFO - Setting next_dagrun for example_complex to None, run_after=None
[2023-03-12T10:20:59.349+0000] {processor.py:175} INFO - Processing /home/airflow/.local/lib/python3.7/site-packages/airflow/example_dags/example_complex.py took 0.141 seconds
[2023-03-12T10:21:29.503+0000] {processor.py:153} INFO - Started process (PID=1942) to work on /home/airflow/.local/lib/python3.7/site-packages/airflow/example_dags/example_complex.py
[2023-03-12T10:21:29.505+0000] {processor.py:743} INFO - Processing file /home/airflow/.local/lib/python3.7/site-packages/airflow/example_dags/example_complex.py for tasks to queue
[2023-03-12T10:21:29.507+0000] {logging_mixin.py:137} INFO - [2023-03-12T10:21:29.507+0000] {dagbag.py:538} INFO - Filling up the DagBag from /home/airflow/.local/lib/python3.7/site-packages/airflow/example_dags/example_complex.py
[2023-03-12T10:21:29.518+0000] {logging_mixin.py:137} INFO - [2023-03-12T10:21:29.517+0000] {taskmixin.py:205} WARNING - Dependency <Task(BashOperator): create_entry_group>, delete_entry_group already registered for DAG: example_complex
[2023-03-12T10:21:29.520+0000] {logging_mixin.py:137} INFO - [2023-03-12T10:21:29.520+0000] {taskmixin.py:205} WARNING - Dependency <Task(BashOperator): delete_entry_group>, create_entry_group already registered for DAG: example_complex
[2023-03-12T10:21:29.522+0000] {logging_mixin.py:137} INFO - [2023-03-12T10:21:29.522+0000] {taskmixin.py:205} WARNING - Dependency <Task(BashOperator): create_entry_gcs>, delete_entry already registered for DAG: example_complex
[2023-03-12T10:21:29.523+0000] {logging_mixin.py:137} INFO - [2023-03-12T10:21:29.523+0000] {taskmixin.py:205} WARNING - Dependency <Task(BashOperator): delete_entry>, create_entry_gcs already registered for DAG: example_complex
[2023-03-12T10:21:29.525+0000] {logging_mixin.py:137} INFO - [2023-03-12T10:21:29.525+0000] {taskmixin.py:205} WARNING - Dependency <Task(BashOperator): create_tag>, delete_tag already registered for DAG: example_complex
[2023-03-12T10:21:29.526+0000] {logging_mixin.py:137} INFO - [2023-03-12T10:21:29.526+0000] {taskmixin.py:205} WARNING - Dependency <Task(BashOperator): delete_tag>, create_tag already registered for DAG: example_complex
[2023-03-12T10:21:29.533+0000] {processor.py:753} INFO - DAG(s) dict_keys(['example_complex']) retrieved from /home/airflow/.local/lib/python3.7/site-packages/airflow/example_dags/example_complex.py
[2023-03-12T10:21:29.561+0000] {logging_mixin.py:137} INFO - [2023-03-12T10:21:29.561+0000] {dag.py:2690} INFO - Sync 1 DAGs
[2023-03-12T10:21:29.581+0000] {logging_mixin.py:137} INFO - [2023-03-12T10:21:29.581+0000] {dag.py:3441} INFO - Setting next_dagrun for example_complex to None, run_after=None
[2023-03-12T10:21:29.601+0000] {processor.py:175} INFO - Processing /home/airflow/.local/lib/python3.7/site-packages/airflow/example_dags/example_complex.py took 0.101 seconds
[2023-03-12T10:22:00.063+0000] {processor.py:153} INFO - Started process (PID=2020) to work on /home/airflow/.local/lib/python3.7/site-packages/airflow/example_dags/example_complex.py
[2023-03-12T10:22:00.065+0000] {processor.py:743} INFO - Processing file /home/airflow/.local/lib/python3.7/site-packages/airflow/example_dags/example_complex.py for tasks to queue
[2023-03-12T10:22:00.067+0000] {logging_mixin.py:137} INFO - [2023-03-12T10:22:00.067+0000] {dagbag.py:538} INFO - Filling up the DagBag from /home/airflow/.local/lib/python3.7/site-packages/airflow/example_dags/example_complex.py
[2023-03-12T10:22:00.084+0000] {logging_mixin.py:137} INFO - [2023-03-12T10:22:00.084+0000] {taskmixin.py:205} WARNING - Dependency <Task(BashOperator): create_entry_group>, delete_entry_group already registered for DAG: example_complex
[2023-03-12T10:22:00.086+0000] {logging_mixin.py:137} INFO - [2023-03-12T10:22:00.086+0000] {taskmixin.py:205} WARNING - Dependency <Task(BashOperator): delete_entry_group>, create_entry_group already registered for DAG: example_complex
[2023-03-12T10:22:00.089+0000] {logging_mixin.py:137} INFO - [2023-03-12T10:22:00.088+0000] {taskmixin.py:205} WARNING - Dependency <Task(BashOperator): create_entry_gcs>, delete_entry already registered for DAG: example_complex
[2023-03-12T10:22:00.095+0000] {logging_mixin.py:137} INFO - [2023-03-12T10:22:00.095+0000] {taskmixin.py:205} WARNING - Dependency <Task(BashOperator): delete_entry>, create_entry_gcs already registered for DAG: example_complex
[2023-03-12T10:22:00.100+0000] {logging_mixin.py:137} INFO - [2023-03-12T10:22:00.100+0000] {taskmixin.py:205} WARNING - Dependency <Task(BashOperator): create_tag>, delete_tag already registered for DAG: example_complex
[2023-03-12T10:22:00.102+0000] {logging_mixin.py:137} INFO - [2023-03-12T10:22:00.102+0000] {taskmixin.py:205} WARNING - Dependency <Task(BashOperator): delete_tag>, create_tag already registered for DAG: example_complex
[2023-03-12T10:22:00.112+0000] {processor.py:753} INFO - DAG(s) dict_keys(['example_complex']) retrieved from /home/airflow/.local/lib/python3.7/site-packages/airflow/example_dags/example_complex.py
[2023-03-12T10:22:00.142+0000] {logging_mixin.py:137} INFO - [2023-03-12T10:22:00.141+0000] {dag.py:2690} INFO - Sync 1 DAGs
[2023-03-12T10:22:00.161+0000] {logging_mixin.py:137} INFO - [2023-03-12T10:22:00.161+0000] {dag.py:3441} INFO - Setting next_dagrun for example_complex to None, run_after=None
[2023-03-12T10:22:00.179+0000] {processor.py:175} INFO - Processing /home/airflow/.local/lib/python3.7/site-packages/airflow/example_dags/example_complex.py took 0.120 seconds
