[2023-03-12T10:08:14.300+0000] {processor.py:153} INFO - Started process (PID=43) to work on /home/airflow/.local/lib/python3.7/site-packages/airflow/example_dags/example_branch_python_dop_operator_3.py
[2023-03-12T10:08:14.302+0000] {processor.py:743} INFO - Processing file /home/airflow/.local/lib/python3.7/site-packages/airflow/example_dags/example_branch_python_dop_operator_3.py for tasks to queue
[2023-03-12T10:08:14.304+0000] {logging_mixin.py:137} INFO - [2023-03-12T10:08:14.304+0000] {dagbag.py:538} INFO - Filling up the DagBag from /home/airflow/.local/lib/python3.7/site-packages/airflow/example_dags/example_branch_python_dop_operator_3.py
[2023-03-12T10:08:14.332+0000] {processor.py:753} INFO - DAG(s) dict_keys(['example_branch_dop_operator_v3']) retrieved from /home/airflow/.local/lib/python3.7/site-packages/airflow/example_dags/example_branch_python_dop_operator_3.py
[2023-03-12T10:08:14.368+0000] {logging_mixin.py:137} INFO - [2023-03-12T10:08:14.368+0000] {dag.py:2690} INFO - Sync 1 DAGs
[2023-03-12T10:08:14.405+0000] {logging_mixin.py:137} INFO - [2023-03-12T10:08:14.405+0000] {dag.py:3441} INFO - Setting next_dagrun for example_branch_dop_operator_v3 to 2023-03-12T10:07:00+00:00, run_after=2023-03-12T10:08:00+00:00
[2023-03-12T10:08:14.438+0000] {processor.py:175} INFO - Processing /home/airflow/.local/lib/python3.7/site-packages/airflow/example_dags/example_branch_python_dop_operator_3.py took 0.142 seconds
[2023-03-12T10:08:45.370+0000] {processor.py:153} INFO - Started process (PID=120) to work on /home/airflow/.local/lib/python3.7/site-packages/airflow/example_dags/example_branch_python_dop_operator_3.py
[2023-03-12T10:08:45.372+0000] {processor.py:743} INFO - Processing file /home/airflow/.local/lib/python3.7/site-packages/airflow/example_dags/example_branch_python_dop_operator_3.py for tasks to queue
[2023-03-12T10:08:45.375+0000] {logging_mixin.py:137} INFO - [2023-03-12T10:08:45.375+0000] {dagbag.py:538} INFO - Filling up the DagBag from /home/airflow/.local/lib/python3.7/site-packages/airflow/example_dags/example_branch_python_dop_operator_3.py
[2023-03-12T10:08:45.395+0000] {processor.py:753} INFO - DAG(s) dict_keys(['example_branch_dop_operator_v3']) retrieved from /home/airflow/.local/lib/python3.7/site-packages/airflow/example_dags/example_branch_python_dop_operator_3.py
[2023-03-12T10:08:45.420+0000] {logging_mixin.py:137} INFO - [2023-03-12T10:08:45.420+0000] {dag.py:2690} INFO - Sync 1 DAGs
[2023-03-12T10:08:45.442+0000] {logging_mixin.py:137} INFO - [2023-03-12T10:08:45.442+0000] {dag.py:3441} INFO - Setting next_dagrun for example_branch_dop_operator_v3 to 2023-03-12T10:07:00+00:00, run_after=2023-03-12T10:08:00+00:00
[2023-03-12T10:08:45.456+0000] {processor.py:175} INFO - Processing /home/airflow/.local/lib/python3.7/site-packages/airflow/example_dags/example_branch_python_dop_operator_3.py took 0.089 seconds
[2023-03-12T10:09:16.577+0000] {processor.py:153} INFO - Started process (PID=184) to work on /home/airflow/.local/lib/python3.7/site-packages/airflow/example_dags/example_branch_python_dop_operator_3.py
[2023-03-12T10:09:16.580+0000] {processor.py:743} INFO - Processing file /home/airflow/.local/lib/python3.7/site-packages/airflow/example_dags/example_branch_python_dop_operator_3.py for tasks to queue
[2023-03-12T10:09:16.582+0000] {logging_mixin.py:137} INFO - [2023-03-12T10:09:16.582+0000] {dagbag.py:538} INFO - Filling up the DagBag from /home/airflow/.local/lib/python3.7/site-packages/airflow/example_dags/example_branch_python_dop_operator_3.py
[2023-03-12T10:09:16.605+0000] {processor.py:753} INFO - DAG(s) dict_keys(['example_branch_dop_operator_v3']) retrieved from /home/airflow/.local/lib/python3.7/site-packages/airflow/example_dags/example_branch_python_dop_operator_3.py
[2023-03-12T10:09:16.633+0000] {logging_mixin.py:137} INFO - [2023-03-12T10:09:16.633+0000] {dag.py:2690} INFO - Sync 1 DAGs
[2023-03-12T10:09:16.656+0000] {logging_mixin.py:137} INFO - [2023-03-12T10:09:16.656+0000] {dag.py:3441} INFO - Setting next_dagrun for example_branch_dop_operator_v3 to 2023-03-12T10:08:00+00:00, run_after=2023-03-12T10:09:00+00:00
[2023-03-12T10:09:16.674+0000] {processor.py:175} INFO - Processing /home/airflow/.local/lib/python3.7/site-packages/airflow/example_dags/example_branch_python_dop_operator_3.py took 0.100 seconds
[2023-03-12T10:09:46.815+0000] {processor.py:153} INFO - Started process (PID=262) to work on /home/airflow/.local/lib/python3.7/site-packages/airflow/example_dags/example_branch_python_dop_operator_3.py
[2023-03-12T10:09:46.817+0000] {processor.py:743} INFO - Processing file /home/airflow/.local/lib/python3.7/site-packages/airflow/example_dags/example_branch_python_dop_operator_3.py for tasks to queue
[2023-03-12T10:09:46.819+0000] {logging_mixin.py:137} INFO - [2023-03-12T10:09:46.819+0000] {dagbag.py:538} INFO - Filling up the DagBag from /home/airflow/.local/lib/python3.7/site-packages/airflow/example_dags/example_branch_python_dop_operator_3.py
[2023-03-12T10:09:46.840+0000] {processor.py:753} INFO - DAG(s) dict_keys(['example_branch_dop_operator_v3']) retrieved from /home/airflow/.local/lib/python3.7/site-packages/airflow/example_dags/example_branch_python_dop_operator_3.py
[2023-03-12T10:09:46.868+0000] {logging_mixin.py:137} INFO - [2023-03-12T10:09:46.868+0000] {dag.py:2690} INFO - Sync 1 DAGs
[2023-03-12T10:09:46.888+0000] {logging_mixin.py:137} INFO - [2023-03-12T10:09:46.888+0000] {dag.py:3441} INFO - Setting next_dagrun for example_branch_dop_operator_v3 to 2023-03-12T10:08:00+00:00, run_after=2023-03-12T10:09:00+00:00
[2023-03-12T10:09:46.903+0000] {processor.py:175} INFO - Processing /home/airflow/.local/lib/python3.7/site-packages/airflow/example_dags/example_branch_python_dop_operator_3.py took 0.091 seconds
[2023-03-12T10:10:17.613+0000] {processor.py:153} INFO - Started process (PID=339) to work on /home/airflow/.local/lib/python3.7/site-packages/airflow/example_dags/example_branch_python_dop_operator_3.py
[2023-03-12T10:10:17.615+0000] {processor.py:743} INFO - Processing file /home/airflow/.local/lib/python3.7/site-packages/airflow/example_dags/example_branch_python_dop_operator_3.py for tasks to queue
[2023-03-12T10:10:17.617+0000] {logging_mixin.py:137} INFO - [2023-03-12T10:10:17.617+0000] {dagbag.py:538} INFO - Filling up the DagBag from /home/airflow/.local/lib/python3.7/site-packages/airflow/example_dags/example_branch_python_dop_operator_3.py
[2023-03-12T10:10:17.637+0000] {processor.py:753} INFO - DAG(s) dict_keys(['example_branch_dop_operator_v3']) retrieved from /home/airflow/.local/lib/python3.7/site-packages/airflow/example_dags/example_branch_python_dop_operator_3.py
[2023-03-12T10:10:17.666+0000] {logging_mixin.py:137} INFO - [2023-03-12T10:10:17.665+0000] {dag.py:2690} INFO - Sync 1 DAGs
[2023-03-12T10:10:17.686+0000] {logging_mixin.py:137} INFO - [2023-03-12T10:10:17.686+0000] {dag.py:3441} INFO - Setting next_dagrun for example_branch_dop_operator_v3 to 2023-03-12T10:09:00+00:00, run_after=2023-03-12T10:10:00+00:00
[2023-03-12T10:10:17.700+0000] {processor.py:175} INFO - Processing /home/airflow/.local/lib/python3.7/site-packages/airflow/example_dags/example_branch_python_dop_operator_3.py took 0.091 seconds
[2023-03-12T10:10:47.812+0000] {processor.py:153} INFO - Started process (PID=404) to work on /home/airflow/.local/lib/python3.7/site-packages/airflow/example_dags/example_branch_python_dop_operator_3.py
[2023-03-12T10:10:47.814+0000] {processor.py:743} INFO - Processing file /home/airflow/.local/lib/python3.7/site-packages/airflow/example_dags/example_branch_python_dop_operator_3.py for tasks to queue
[2023-03-12T10:10:47.815+0000] {logging_mixin.py:137} INFO - [2023-03-12T10:10:47.815+0000] {dagbag.py:538} INFO - Filling up the DagBag from /home/airflow/.local/lib/python3.7/site-packages/airflow/example_dags/example_branch_python_dop_operator_3.py
[2023-03-12T10:10:47.835+0000] {processor.py:753} INFO - DAG(s) dict_keys(['example_branch_dop_operator_v3']) retrieved from /home/airflow/.local/lib/python3.7/site-packages/airflow/example_dags/example_branch_python_dop_operator_3.py
[2023-03-12T10:10:47.860+0000] {logging_mixin.py:137} INFO - [2023-03-12T10:10:47.860+0000] {dag.py:2690} INFO - Sync 1 DAGs
[2023-03-12T10:10:47.893+0000] {logging_mixin.py:137} INFO - [2023-03-12T10:10:47.893+0000] {dag.py:3441} INFO - Setting next_dagrun for example_branch_dop_operator_v3 to 2023-03-12T10:09:00+00:00, run_after=2023-03-12T10:10:00+00:00
[2023-03-12T10:10:47.909+0000] {processor.py:175} INFO - Processing /home/airflow/.local/lib/python3.7/site-packages/airflow/example_dags/example_branch_python_dop_operator_3.py took 0.100 seconds
[2023-03-12T10:11:17.999+0000] {processor.py:153} INFO - Started process (PID=481) to work on /home/airflow/.local/lib/python3.7/site-packages/airflow/example_dags/example_branch_python_dop_operator_3.py
[2023-03-12T10:11:18.027+0000] {processor.py:743} INFO - Processing file /home/airflow/.local/lib/python3.7/site-packages/airflow/example_dags/example_branch_python_dop_operator_3.py for tasks to queue
[2023-03-12T10:11:18.029+0000] {logging_mixin.py:137} INFO - [2023-03-12T10:11:18.029+0000] {dagbag.py:538} INFO - Filling up the DagBag from /home/airflow/.local/lib/python3.7/site-packages/airflow/example_dags/example_branch_python_dop_operator_3.py
[2023-03-12T10:11:18.049+0000] {processor.py:753} INFO - DAG(s) dict_keys(['example_branch_dop_operator_v3']) retrieved from /home/airflow/.local/lib/python3.7/site-packages/airflow/example_dags/example_branch_python_dop_operator_3.py
[2023-03-12T10:11:18.075+0000] {logging_mixin.py:137} INFO - [2023-03-12T10:11:18.075+0000] {dag.py:2690} INFO - Sync 1 DAGs
[2023-03-12T10:11:18.102+0000] {logging_mixin.py:137} INFO - [2023-03-12T10:11:18.102+0000] {dag.py:3441} INFO - Setting next_dagrun for example_branch_dop_operator_v3 to 2023-03-12T10:10:00+00:00, run_after=2023-03-12T10:11:00+00:00
[2023-03-12T10:11:18.117+0000] {processor.py:175} INFO - Processing /home/airflow/.local/lib/python3.7/site-packages/airflow/example_dags/example_branch_python_dop_operator_3.py took 0.122 seconds
[2023-03-12T10:11:48.249+0000] {processor.py:153} INFO - Started process (PID=557) to work on /home/airflow/.local/lib/python3.7/site-packages/airflow/example_dags/example_branch_python_dop_operator_3.py
[2023-03-12T10:11:48.255+0000] {processor.py:743} INFO - Processing file /home/airflow/.local/lib/python3.7/site-packages/airflow/example_dags/example_branch_python_dop_operator_3.py for tasks to queue
[2023-03-12T10:11:48.257+0000] {logging_mixin.py:137} INFO - [2023-03-12T10:11:48.257+0000] {dagbag.py:538} INFO - Filling up the DagBag from /home/airflow/.local/lib/python3.7/site-packages/airflow/example_dags/example_branch_python_dop_operator_3.py
[2023-03-12T10:11:48.279+0000] {processor.py:753} INFO - DAG(s) dict_keys(['example_branch_dop_operator_v3']) retrieved from /home/airflow/.local/lib/python3.7/site-packages/airflow/example_dags/example_branch_python_dop_operator_3.py
[2023-03-12T10:11:48.308+0000] {logging_mixin.py:137} INFO - [2023-03-12T10:11:48.308+0000] {dag.py:2690} INFO - Sync 1 DAGs
[2023-03-12T10:11:48.335+0000] {logging_mixin.py:137} INFO - [2023-03-12T10:11:48.335+0000] {dag.py:3441} INFO - Setting next_dagrun for example_branch_dop_operator_v3 to 2023-03-12T10:10:00+00:00, run_after=2023-03-12T10:11:00+00:00
[2023-03-12T10:11:48.352+0000] {processor.py:175} INFO - Processing /home/airflow/.local/lib/python3.7/site-packages/airflow/example_dags/example_branch_python_dop_operator_3.py took 0.107 seconds
[2023-03-12T10:12:18.438+0000] {processor.py:153} INFO - Started process (PID=622) to work on /home/airflow/.local/lib/python3.7/site-packages/airflow/example_dags/example_branch_python_dop_operator_3.py
[2023-03-12T10:12:18.440+0000] {processor.py:743} INFO - Processing file /home/airflow/.local/lib/python3.7/site-packages/airflow/example_dags/example_branch_python_dop_operator_3.py for tasks to queue
[2023-03-12T10:12:18.442+0000] {logging_mixin.py:137} INFO - [2023-03-12T10:12:18.441+0000] {dagbag.py:538} INFO - Filling up the DagBag from /home/airflow/.local/lib/python3.7/site-packages/airflow/example_dags/example_branch_python_dop_operator_3.py
[2023-03-12T10:12:18.461+0000] {processor.py:753} INFO - DAG(s) dict_keys(['example_branch_dop_operator_v3']) retrieved from /home/airflow/.local/lib/python3.7/site-packages/airflow/example_dags/example_branch_python_dop_operator_3.py
[2023-03-12T10:12:18.488+0000] {logging_mixin.py:137} INFO - [2023-03-12T10:12:18.488+0000] {dag.py:2690} INFO - Sync 1 DAGs
[2023-03-12T10:12:18.508+0000] {logging_mixin.py:137} INFO - [2023-03-12T10:12:18.508+0000] {dag.py:3441} INFO - Setting next_dagrun for example_branch_dop_operator_v3 to 2023-03-12T10:11:00+00:00, run_after=2023-03-12T10:12:00+00:00
[2023-03-12T10:12:18.524+0000] {processor.py:175} INFO - Processing /home/airflow/.local/lib/python3.7/site-packages/airflow/example_dags/example_branch_python_dop_operator_3.py took 0.089 seconds
[2023-03-12T10:12:48.861+0000] {processor.py:153} INFO - Started process (PID=700) to work on /home/airflow/.local/lib/python3.7/site-packages/airflow/example_dags/example_branch_python_dop_operator_3.py
[2023-03-12T10:12:48.863+0000] {processor.py:743} INFO - Processing file /home/airflow/.local/lib/python3.7/site-packages/airflow/example_dags/example_branch_python_dop_operator_3.py for tasks to queue
[2023-03-12T10:12:48.864+0000] {logging_mixin.py:137} INFO - [2023-03-12T10:12:48.864+0000] {dagbag.py:538} INFO - Filling up the DagBag from /home/airflow/.local/lib/python3.7/site-packages/airflow/example_dags/example_branch_python_dop_operator_3.py
[2023-03-12T10:12:48.884+0000] {processor.py:753} INFO - DAG(s) dict_keys(['example_branch_dop_operator_v3']) retrieved from /home/airflow/.local/lib/python3.7/site-packages/airflow/example_dags/example_branch_python_dop_operator_3.py
[2023-03-12T10:12:48.910+0000] {logging_mixin.py:137} INFO - [2023-03-12T10:12:48.910+0000] {dag.py:2690} INFO - Sync 1 DAGs
[2023-03-12T10:12:48.933+0000] {logging_mixin.py:137} INFO - [2023-03-12T10:12:48.933+0000] {dag.py:3441} INFO - Setting next_dagrun for example_branch_dop_operator_v3 to 2023-03-12T10:11:00+00:00, run_after=2023-03-12T10:12:00+00:00
[2023-03-12T10:12:48.948+0000] {processor.py:175} INFO - Processing /home/airflow/.local/lib/python3.7/site-packages/airflow/example_dags/example_branch_python_dop_operator_3.py took 0.090 seconds
[2023-03-12T10:13:19.316+0000] {processor.py:153} INFO - Started process (PID=765) to work on /home/airflow/.local/lib/python3.7/site-packages/airflow/example_dags/example_branch_python_dop_operator_3.py
[2023-03-12T10:13:19.319+0000] {processor.py:743} INFO - Processing file /home/airflow/.local/lib/python3.7/site-packages/airflow/example_dags/example_branch_python_dop_operator_3.py for tasks to queue
[2023-03-12T10:13:19.322+0000] {logging_mixin.py:137} INFO - [2023-03-12T10:13:19.321+0000] {dagbag.py:538} INFO - Filling up the DagBag from /home/airflow/.local/lib/python3.7/site-packages/airflow/example_dags/example_branch_python_dop_operator_3.py
[2023-03-12T10:13:19.348+0000] {processor.py:753} INFO - DAG(s) dict_keys(['example_branch_dop_operator_v3']) retrieved from /home/airflow/.local/lib/python3.7/site-packages/airflow/example_dags/example_branch_python_dop_operator_3.py
[2023-03-12T10:13:19.385+0000] {logging_mixin.py:137} INFO - [2023-03-12T10:13:19.385+0000] {dag.py:2690} INFO - Sync 1 DAGs
[2023-03-12T10:13:19.417+0000] {logging_mixin.py:137} INFO - [2023-03-12T10:13:19.417+0000] {dag.py:3441} INFO - Setting next_dagrun for example_branch_dop_operator_v3 to 2023-03-12T10:12:00+00:00, run_after=2023-03-12T10:13:00+00:00
[2023-03-12T10:13:19.436+0000] {processor.py:175} INFO - Processing /home/airflow/.local/lib/python3.7/site-packages/airflow/example_dags/example_branch_python_dop_operator_3.py took 0.124 seconds
[2023-03-12T10:13:49.556+0000] {processor.py:153} INFO - Started process (PID=842) to work on /home/airflow/.local/lib/python3.7/site-packages/airflow/example_dags/example_branch_python_dop_operator_3.py
[2023-03-12T10:13:49.558+0000] {processor.py:743} INFO - Processing file /home/airflow/.local/lib/python3.7/site-packages/airflow/example_dags/example_branch_python_dop_operator_3.py for tasks to queue
[2023-03-12T10:13:49.559+0000] {logging_mixin.py:137} INFO - [2023-03-12T10:13:49.559+0000] {dagbag.py:538} INFO - Filling up the DagBag from /home/airflow/.local/lib/python3.7/site-packages/airflow/example_dags/example_branch_python_dop_operator_3.py
[2023-03-12T10:13:49.578+0000] {processor.py:753} INFO - DAG(s) dict_keys(['example_branch_dop_operator_v3']) retrieved from /home/airflow/.local/lib/python3.7/site-packages/airflow/example_dags/example_branch_python_dop_operator_3.py
[2023-03-12T10:13:49.601+0000] {logging_mixin.py:137} INFO - [2023-03-12T10:13:49.601+0000] {dag.py:2690} INFO - Sync 1 DAGs
[2023-03-12T10:13:49.633+0000] {logging_mixin.py:137} INFO - [2023-03-12T10:13:49.632+0000] {dag.py:3441} INFO - Setting next_dagrun for example_branch_dop_operator_v3 to 2023-03-12T10:12:00+00:00, run_after=2023-03-12T10:13:00+00:00
[2023-03-12T10:13:49.652+0000] {processor.py:175} INFO - Processing /home/airflow/.local/lib/python3.7/site-packages/airflow/example_dags/example_branch_python_dop_operator_3.py took 0.099 seconds
[2023-03-12T10:14:20.722+0000] {processor.py:153} INFO - Started process (PID=915) to work on /home/airflow/.local/lib/python3.7/site-packages/airflow/example_dags/example_branch_python_dop_operator_3.py
[2023-03-12T10:14:20.724+0000] {processor.py:743} INFO - Processing file /home/airflow/.local/lib/python3.7/site-packages/airflow/example_dags/example_branch_python_dop_operator_3.py for tasks to queue
[2023-03-12T10:14:20.726+0000] {logging_mixin.py:137} INFO - [2023-03-12T10:14:20.726+0000] {dagbag.py:538} INFO - Filling up the DagBag from /home/airflow/.local/lib/python3.7/site-packages/airflow/example_dags/example_branch_python_dop_operator_3.py
[2023-03-12T10:14:20.751+0000] {processor.py:753} INFO - DAG(s) dict_keys(['example_branch_dop_operator_v3']) retrieved from /home/airflow/.local/lib/python3.7/site-packages/airflow/example_dags/example_branch_python_dop_operator_3.py
[2023-03-12T10:14:20.779+0000] {logging_mixin.py:137} INFO - [2023-03-12T10:14:20.779+0000] {dag.py:2690} INFO - Sync 1 DAGs
[2023-03-12T10:14:20.804+0000] {logging_mixin.py:137} INFO - [2023-03-12T10:14:20.804+0000] {dag.py:3441} INFO - Setting next_dagrun for example_branch_dop_operator_v3 to 2023-03-12T10:13:00+00:00, run_after=2023-03-12T10:14:00+00:00
[2023-03-12T10:14:20.821+0000] {processor.py:175} INFO - Processing /home/airflow/.local/lib/python3.7/site-packages/airflow/example_dags/example_branch_python_dop_operator_3.py took 0.102 seconds
[2023-03-12T10:14:51.080+0000] {processor.py:153} INFO - Started process (PID=985) to work on /home/airflow/.local/lib/python3.7/site-packages/airflow/example_dags/example_branch_python_dop_operator_3.py
[2023-03-12T10:14:51.082+0000] {processor.py:743} INFO - Processing file /home/airflow/.local/lib/python3.7/site-packages/airflow/example_dags/example_branch_python_dop_operator_3.py for tasks to queue
[2023-03-12T10:14:51.084+0000] {logging_mixin.py:137} INFO - [2023-03-12T10:14:51.084+0000] {dagbag.py:538} INFO - Filling up the DagBag from /home/airflow/.local/lib/python3.7/site-packages/airflow/example_dags/example_branch_python_dop_operator_3.py
[2023-03-12T10:14:51.106+0000] {processor.py:753} INFO - DAG(s) dict_keys(['example_branch_dop_operator_v3']) retrieved from /home/airflow/.local/lib/python3.7/site-packages/airflow/example_dags/example_branch_python_dop_operator_3.py
[2023-03-12T10:14:51.149+0000] {logging_mixin.py:137} INFO - [2023-03-12T10:14:51.148+0000] {dag.py:2690} INFO - Sync 1 DAGs
[2023-03-12T10:14:51.174+0000] {logging_mixin.py:137} INFO - [2023-03-12T10:14:51.174+0000] {dag.py:3441} INFO - Setting next_dagrun for example_branch_dop_operator_v3 to 2023-03-12T10:13:00+00:00, run_after=2023-03-12T10:14:00+00:00
[2023-03-12T10:14:51.193+0000] {processor.py:175} INFO - Processing /home/airflow/.local/lib/python3.7/site-packages/airflow/example_dags/example_branch_python_dop_operator_3.py took 0.116 seconds
[2023-03-12T10:15:21.447+0000] {processor.py:153} INFO - Started process (PID=1063) to work on /home/airflow/.local/lib/python3.7/site-packages/airflow/example_dags/example_branch_python_dop_operator_3.py
[2023-03-12T10:15:21.450+0000] {processor.py:743} INFO - Processing file /home/airflow/.local/lib/python3.7/site-packages/airflow/example_dags/example_branch_python_dop_operator_3.py for tasks to queue
[2023-03-12T10:15:21.452+0000] {logging_mixin.py:137} INFO - [2023-03-12T10:15:21.452+0000] {dagbag.py:538} INFO - Filling up the DagBag from /home/airflow/.local/lib/python3.7/site-packages/airflow/example_dags/example_branch_python_dop_operator_3.py
[2023-03-12T10:15:21.472+0000] {processor.py:753} INFO - DAG(s) dict_keys(['example_branch_dop_operator_v3']) retrieved from /home/airflow/.local/lib/python3.7/site-packages/airflow/example_dags/example_branch_python_dop_operator_3.py
[2023-03-12T10:15:21.499+0000] {logging_mixin.py:137} INFO - [2023-03-12T10:15:21.499+0000] {dag.py:2690} INFO - Sync 1 DAGs
[2023-03-12T10:15:21.523+0000] {logging_mixin.py:137} INFO - [2023-03-12T10:15:21.523+0000] {dag.py:3441} INFO - Setting next_dagrun for example_branch_dop_operator_v3 to 2023-03-12T10:14:00+00:00, run_after=2023-03-12T10:15:00+00:00
[2023-03-12T10:15:21.540+0000] {processor.py:175} INFO - Processing /home/airflow/.local/lib/python3.7/site-packages/airflow/example_dags/example_branch_python_dop_operator_3.py took 0.097 seconds
[2023-03-12T10:15:51.749+0000] {processor.py:153} INFO - Started process (PID=1126) to work on /home/airflow/.local/lib/python3.7/site-packages/airflow/example_dags/example_branch_python_dop_operator_3.py
[2023-03-12T10:15:51.752+0000] {processor.py:743} INFO - Processing file /home/airflow/.local/lib/python3.7/site-packages/airflow/example_dags/example_branch_python_dop_operator_3.py for tasks to queue
[2023-03-12T10:15:51.754+0000] {logging_mixin.py:137} INFO - [2023-03-12T10:15:51.754+0000] {dagbag.py:538} INFO - Filling up the DagBag from /home/airflow/.local/lib/python3.7/site-packages/airflow/example_dags/example_branch_python_dop_operator_3.py
[2023-03-12T10:15:51.774+0000] {processor.py:753} INFO - DAG(s) dict_keys(['example_branch_dop_operator_v3']) retrieved from /home/airflow/.local/lib/python3.7/site-packages/airflow/example_dags/example_branch_python_dop_operator_3.py
[2023-03-12T10:15:51.807+0000] {logging_mixin.py:137} INFO - [2023-03-12T10:15:51.807+0000] {dag.py:2690} INFO - Sync 1 DAGs
[2023-03-12T10:15:51.831+0000] {logging_mixin.py:137} INFO - [2023-03-12T10:15:51.831+0000] {dag.py:3441} INFO - Setting next_dagrun for example_branch_dop_operator_v3 to 2023-03-12T10:14:00+00:00, run_after=2023-03-12T10:15:00+00:00
[2023-03-12T10:15:51.846+0000] {processor.py:175} INFO - Processing /home/airflow/.local/lib/python3.7/site-packages/airflow/example_dags/example_branch_python_dop_operator_3.py took 0.100 seconds
[2023-03-12T10:16:21.999+0000] {processor.py:153} INFO - Started process (PID=1203) to work on /home/airflow/.local/lib/python3.7/site-packages/airflow/example_dags/example_branch_python_dop_operator_3.py
[2023-03-12T10:16:22.001+0000] {processor.py:743} INFO - Processing file /home/airflow/.local/lib/python3.7/site-packages/airflow/example_dags/example_branch_python_dop_operator_3.py for tasks to queue
[2023-03-12T10:16:22.003+0000] {logging_mixin.py:137} INFO - [2023-03-12T10:16:22.003+0000] {dagbag.py:538} INFO - Filling up the DagBag from /home/airflow/.local/lib/python3.7/site-packages/airflow/example_dags/example_branch_python_dop_operator_3.py
[2023-03-12T10:16:22.022+0000] {processor.py:753} INFO - DAG(s) dict_keys(['example_branch_dop_operator_v3']) retrieved from /home/airflow/.local/lib/python3.7/site-packages/airflow/example_dags/example_branch_python_dop_operator_3.py
[2023-03-12T10:16:22.047+0000] {logging_mixin.py:137} INFO - [2023-03-12T10:16:22.047+0000] {dag.py:2690} INFO - Sync 1 DAGs
[2023-03-12T10:16:22.066+0000] {logging_mixin.py:137} INFO - [2023-03-12T10:16:22.066+0000] {dag.py:3441} INFO - Setting next_dagrun for example_branch_dop_operator_v3 to 2023-03-12T10:15:00+00:00, run_after=2023-03-12T10:16:00+00:00
[2023-03-12T10:16:22.079+0000] {processor.py:175} INFO - Processing /home/airflow/.local/lib/python3.7/site-packages/airflow/example_dags/example_branch_python_dop_operator_3.py took 0.084 seconds
[2023-03-12T10:16:52.895+0000] {processor.py:153} INFO - Started process (PID=1268) to work on /home/airflow/.local/lib/python3.7/site-packages/airflow/example_dags/example_branch_python_dop_operator_3.py
[2023-03-12T10:16:52.898+0000] {processor.py:743} INFO - Processing file /home/airflow/.local/lib/python3.7/site-packages/airflow/example_dags/example_branch_python_dop_operator_3.py for tasks to queue
[2023-03-12T10:16:52.900+0000] {logging_mixin.py:137} INFO - [2023-03-12T10:16:52.900+0000] {dagbag.py:538} INFO - Filling up the DagBag from /home/airflow/.local/lib/python3.7/site-packages/airflow/example_dags/example_branch_python_dop_operator_3.py
[2023-03-12T10:16:52.921+0000] {processor.py:753} INFO - DAG(s) dict_keys(['example_branch_dop_operator_v3']) retrieved from /home/airflow/.local/lib/python3.7/site-packages/airflow/example_dags/example_branch_python_dop_operator_3.py
[2023-03-12T10:16:52.952+0000] {logging_mixin.py:137} INFO - [2023-03-12T10:16:52.952+0000] {dag.py:2690} INFO - Sync 1 DAGs
[2023-03-12T10:16:52.979+0000] {logging_mixin.py:137} INFO - [2023-03-12T10:16:52.978+0000] {dag.py:3441} INFO - Setting next_dagrun for example_branch_dop_operator_v3 to 2023-03-12T10:15:00+00:00, run_after=2023-03-12T10:16:00+00:00
[2023-03-12T10:16:53.005+0000] {processor.py:175} INFO - Processing /home/airflow/.local/lib/python3.7/site-packages/airflow/example_dags/example_branch_python_dop_operator_3.py took 0.113 seconds
[2023-03-12T10:17:23.242+0000] {processor.py:153} INFO - Started process (PID=1346) to work on /home/airflow/.local/lib/python3.7/site-packages/airflow/example_dags/example_branch_python_dop_operator_3.py
[2023-03-12T10:17:23.244+0000] {processor.py:743} INFO - Processing file /home/airflow/.local/lib/python3.7/site-packages/airflow/example_dags/example_branch_python_dop_operator_3.py for tasks to queue
[2023-03-12T10:17:23.246+0000] {logging_mixin.py:137} INFO - [2023-03-12T10:17:23.246+0000] {dagbag.py:538} INFO - Filling up the DagBag from /home/airflow/.local/lib/python3.7/site-packages/airflow/example_dags/example_branch_python_dop_operator_3.py
[2023-03-12T10:17:23.266+0000] {processor.py:753} INFO - DAG(s) dict_keys(['example_branch_dop_operator_v3']) retrieved from /home/airflow/.local/lib/python3.7/site-packages/airflow/example_dags/example_branch_python_dop_operator_3.py
[2023-03-12T10:17:23.292+0000] {logging_mixin.py:137} INFO - [2023-03-12T10:17:23.292+0000] {dag.py:2690} INFO - Sync 1 DAGs
[2023-03-12T10:17:23.314+0000] {logging_mixin.py:137} INFO - [2023-03-12T10:17:23.314+0000] {dag.py:3441} INFO - Setting next_dagrun for example_branch_dop_operator_v3 to 2023-03-12T10:16:00+00:00, run_after=2023-03-12T10:17:00+00:00
[2023-03-12T10:17:23.329+0000] {processor.py:175} INFO - Processing /home/airflow/.local/lib/python3.7/site-packages/airflow/example_dags/example_branch_python_dop_operator_3.py took 0.090 seconds
[2023-03-12T10:17:54.164+0000] {processor.py:153} INFO - Started process (PID=1423) to work on /home/airflow/.local/lib/python3.7/site-packages/airflow/example_dags/example_branch_python_dop_operator_3.py
[2023-03-12T10:17:54.166+0000] {processor.py:743} INFO - Processing file /home/airflow/.local/lib/python3.7/site-packages/airflow/example_dags/example_branch_python_dop_operator_3.py for tasks to queue
[2023-03-12T10:17:54.169+0000] {logging_mixin.py:137} INFO - [2023-03-12T10:17:54.169+0000] {dagbag.py:538} INFO - Filling up the DagBag from /home/airflow/.local/lib/python3.7/site-packages/airflow/example_dags/example_branch_python_dop_operator_3.py
[2023-03-12T10:17:54.191+0000] {processor.py:753} INFO - DAG(s) dict_keys(['example_branch_dop_operator_v3']) retrieved from /home/airflow/.local/lib/python3.7/site-packages/airflow/example_dags/example_branch_python_dop_operator_3.py
[2023-03-12T10:17:54.221+0000] {logging_mixin.py:137} INFO - [2023-03-12T10:17:54.221+0000] {dag.py:2690} INFO - Sync 1 DAGs
[2023-03-12T10:17:54.243+0000] {logging_mixin.py:137} INFO - [2023-03-12T10:17:54.243+0000] {dag.py:3441} INFO - Setting next_dagrun for example_branch_dop_operator_v3 to 2023-03-12T10:16:00+00:00, run_after=2023-03-12T10:17:00+00:00
[2023-03-12T10:17:54.260+0000] {processor.py:175} INFO - Processing /home/airflow/.local/lib/python3.7/site-packages/airflow/example_dags/example_branch_python_dop_operator_3.py took 0.100 seconds
[2023-03-12T10:18:25.308+0000] {processor.py:153} INFO - Started process (PID=1488) to work on /home/airflow/.local/lib/python3.7/site-packages/airflow/example_dags/example_branch_python_dop_operator_3.py
[2023-03-12T10:18:25.311+0000] {processor.py:743} INFO - Processing file /home/airflow/.local/lib/python3.7/site-packages/airflow/example_dags/example_branch_python_dop_operator_3.py for tasks to queue
[2023-03-12T10:18:25.313+0000] {logging_mixin.py:137} INFO - [2023-03-12T10:18:25.313+0000] {dagbag.py:538} INFO - Filling up the DagBag from /home/airflow/.local/lib/python3.7/site-packages/airflow/example_dags/example_branch_python_dop_operator_3.py
[2023-03-12T10:18:25.334+0000] {processor.py:753} INFO - DAG(s) dict_keys(['example_branch_dop_operator_v3']) retrieved from /home/airflow/.local/lib/python3.7/site-packages/airflow/example_dags/example_branch_python_dop_operator_3.py
[2023-03-12T10:18:25.367+0000] {logging_mixin.py:137} INFO - [2023-03-12T10:18:25.367+0000] {dag.py:2690} INFO - Sync 1 DAGs
[2023-03-12T10:18:25.391+0000] {logging_mixin.py:137} INFO - [2023-03-12T10:18:25.391+0000] {dag.py:3441} INFO - Setting next_dagrun for example_branch_dop_operator_v3 to 2023-03-12T10:17:00+00:00, run_after=2023-03-12T10:18:00+00:00
[2023-03-12T10:18:25.410+0000] {processor.py:175} INFO - Processing /home/airflow/.local/lib/python3.7/site-packages/airflow/example_dags/example_branch_python_dop_operator_3.py took 0.106 seconds
[2023-03-12T10:18:55.717+0000] {processor.py:153} INFO - Started process (PID=1566) to work on /home/airflow/.local/lib/python3.7/site-packages/airflow/example_dags/example_branch_python_dop_operator_3.py
[2023-03-12T10:18:55.719+0000] {processor.py:743} INFO - Processing file /home/airflow/.local/lib/python3.7/site-packages/airflow/example_dags/example_branch_python_dop_operator_3.py for tasks to queue
[2023-03-12T10:18:55.724+0000] {logging_mixin.py:137} INFO - [2023-03-12T10:18:55.724+0000] {dagbag.py:538} INFO - Filling up the DagBag from /home/airflow/.local/lib/python3.7/site-packages/airflow/example_dags/example_branch_python_dop_operator_3.py
[2023-03-12T10:18:55.748+0000] {processor.py:753} INFO - DAG(s) dict_keys(['example_branch_dop_operator_v3']) retrieved from /home/airflow/.local/lib/python3.7/site-packages/airflow/example_dags/example_branch_python_dop_operator_3.py
[2023-03-12T10:18:55.777+0000] {logging_mixin.py:137} INFO - [2023-03-12T10:18:55.777+0000] {dag.py:2690} INFO - Sync 1 DAGs
[2023-03-12T10:18:55.810+0000] {logging_mixin.py:137} INFO - [2023-03-12T10:18:55.810+0000] {dag.py:3441} INFO - Setting next_dagrun for example_branch_dop_operator_v3 to 2023-03-12T10:17:00+00:00, run_after=2023-03-12T10:18:00+00:00
[2023-03-12T10:18:55.825+0000] {processor.py:175} INFO - Processing /home/airflow/.local/lib/python3.7/site-packages/airflow/example_dags/example_branch_python_dop_operator_3.py took 0.112 seconds
[2023-03-12T10:19:26.631+0000] {processor.py:153} INFO - Started process (PID=1644) to work on /home/airflow/.local/lib/python3.7/site-packages/airflow/example_dags/example_branch_python_dop_operator_3.py
[2023-03-12T10:19:26.633+0000] {processor.py:743} INFO - Processing file /home/airflow/.local/lib/python3.7/site-packages/airflow/example_dags/example_branch_python_dop_operator_3.py for tasks to queue
[2023-03-12T10:19:26.635+0000] {logging_mixin.py:137} INFO - [2023-03-12T10:19:26.635+0000] {dagbag.py:538} INFO - Filling up the DagBag from /home/airflow/.local/lib/python3.7/site-packages/airflow/example_dags/example_branch_python_dop_operator_3.py
[2023-03-12T10:19:26.652+0000] {processor.py:753} INFO - DAG(s) dict_keys(['example_branch_dop_operator_v3']) retrieved from /home/airflow/.local/lib/python3.7/site-packages/airflow/example_dags/example_branch_python_dop_operator_3.py
[2023-03-12T10:19:26.684+0000] {logging_mixin.py:137} INFO - [2023-03-12T10:19:26.684+0000] {dag.py:2690} INFO - Sync 1 DAGs
[2023-03-12T10:19:26.704+0000] {logging_mixin.py:137} INFO - [2023-03-12T10:19:26.704+0000] {dag.py:3441} INFO - Setting next_dagrun for example_branch_dop_operator_v3 to 2023-03-12T10:18:00+00:00, run_after=2023-03-12T10:19:00+00:00
[2023-03-12T10:19:26.720+0000] {processor.py:175} INFO - Processing /home/airflow/.local/lib/python3.7/site-packages/airflow/example_dags/example_branch_python_dop_operator_3.py took 0.093 seconds
[2023-03-12T10:19:57.882+0000] {processor.py:153} INFO - Started process (PID=1709) to work on /home/airflow/.local/lib/python3.7/site-packages/airflow/example_dags/example_branch_python_dop_operator_3.py
[2023-03-12T10:19:57.885+0000] {processor.py:743} INFO - Processing file /home/airflow/.local/lib/python3.7/site-packages/airflow/example_dags/example_branch_python_dop_operator_3.py for tasks to queue
[2023-03-12T10:19:57.887+0000] {logging_mixin.py:137} INFO - [2023-03-12T10:19:57.886+0000] {dagbag.py:538} INFO - Filling up the DagBag from /home/airflow/.local/lib/python3.7/site-packages/airflow/example_dags/example_branch_python_dop_operator_3.py
[2023-03-12T10:19:57.913+0000] {processor.py:753} INFO - DAG(s) dict_keys(['example_branch_dop_operator_v3']) retrieved from /home/airflow/.local/lib/python3.7/site-packages/airflow/example_dags/example_branch_python_dop_operator_3.py
[2023-03-12T10:19:57.942+0000] {logging_mixin.py:137} INFO - [2023-03-12T10:19:57.942+0000] {dag.py:2690} INFO - Sync 1 DAGs
[2023-03-12T10:19:57.965+0000] {logging_mixin.py:137} INFO - [2023-03-12T10:19:57.965+0000] {dag.py:3441} INFO - Setting next_dagrun for example_branch_dop_operator_v3 to 2023-03-12T10:18:00+00:00, run_after=2023-03-12T10:19:00+00:00
[2023-03-12T10:19:57.987+0000] {processor.py:175} INFO - Processing /home/airflow/.local/lib/python3.7/site-packages/airflow/example_dags/example_branch_python_dop_operator_3.py took 0.109 seconds
[2023-03-12T10:20:28.111+0000] {processor.py:153} INFO - Started process (PID=1788) to work on /home/airflow/.local/lib/python3.7/site-packages/airflow/example_dags/example_branch_python_dop_operator_3.py
[2023-03-12T10:20:28.114+0000] {processor.py:743} INFO - Processing file /home/airflow/.local/lib/python3.7/site-packages/airflow/example_dags/example_branch_python_dop_operator_3.py for tasks to queue
[2023-03-12T10:20:28.115+0000] {logging_mixin.py:137} INFO - [2023-03-12T10:20:28.115+0000] {dagbag.py:538} INFO - Filling up the DagBag from /home/airflow/.local/lib/python3.7/site-packages/airflow/example_dags/example_branch_python_dop_operator_3.py
[2023-03-12T10:20:28.138+0000] {processor.py:753} INFO - DAG(s) dict_keys(['example_branch_dop_operator_v3']) retrieved from /home/airflow/.local/lib/python3.7/site-packages/airflow/example_dags/example_branch_python_dop_operator_3.py
[2023-03-12T10:20:28.165+0000] {logging_mixin.py:137} INFO - [2023-03-12T10:20:28.165+0000] {dag.py:2690} INFO - Sync 1 DAGs
[2023-03-12T10:20:28.187+0000] {logging_mixin.py:137} INFO - [2023-03-12T10:20:28.187+0000] {dag.py:3441} INFO - Setting next_dagrun for example_branch_dop_operator_v3 to 2023-03-12T10:19:00+00:00, run_after=2023-03-12T10:20:00+00:00
[2023-03-12T10:20:28.202+0000] {processor.py:175} INFO - Processing /home/airflow/.local/lib/python3.7/site-packages/airflow/example_dags/example_branch_python_dop_operator_3.py took 0.096 seconds
[2023-03-12T10:20:58.396+0000] {processor.py:153} INFO - Started process (PID=1853) to work on /home/airflow/.local/lib/python3.7/site-packages/airflow/example_dags/example_branch_python_dop_operator_3.py
[2023-03-12T10:20:58.399+0000] {processor.py:743} INFO - Processing file /home/airflow/.local/lib/python3.7/site-packages/airflow/example_dags/example_branch_python_dop_operator_3.py for tasks to queue
[2023-03-12T10:20:58.402+0000] {logging_mixin.py:137} INFO - [2023-03-12T10:20:58.400+0000] {dagbag.py:538} INFO - Filling up the DagBag from /home/airflow/.local/lib/python3.7/site-packages/airflow/example_dags/example_branch_python_dop_operator_3.py
[2023-03-12T10:20:58.445+0000] {processor.py:753} INFO - DAG(s) dict_keys(['example_branch_dop_operator_v3']) retrieved from /home/airflow/.local/lib/python3.7/site-packages/airflow/example_dags/example_branch_python_dop_operator_3.py
[2023-03-12T10:20:58.496+0000] {logging_mixin.py:137} INFO - [2023-03-12T10:20:58.495+0000] {dag.py:2690} INFO - Sync 1 DAGs
[2023-03-12T10:20:58.530+0000] {logging_mixin.py:137} INFO - [2023-03-12T10:20:58.530+0000] {dag.py:3441} INFO - Setting next_dagrun for example_branch_dop_operator_v3 to 2023-03-12T10:19:00+00:00, run_after=2023-03-12T10:20:00+00:00
[2023-03-12T10:20:58.552+0000] {processor.py:175} INFO - Processing /home/airflow/.local/lib/python3.7/site-packages/airflow/example_dags/example_branch_python_dop_operator_3.py took 0.162 seconds
[2023-03-12T10:21:28.874+0000] {processor.py:153} INFO - Started process (PID=1932) to work on /home/airflow/.local/lib/python3.7/site-packages/airflow/example_dags/example_branch_python_dop_operator_3.py
[2023-03-12T10:21:28.877+0000] {processor.py:743} INFO - Processing file /home/airflow/.local/lib/python3.7/site-packages/airflow/example_dags/example_branch_python_dop_operator_3.py for tasks to queue
[2023-03-12T10:21:28.879+0000] {logging_mixin.py:137} INFO - [2023-03-12T10:21:28.879+0000] {dagbag.py:538} INFO - Filling up the DagBag from /home/airflow/.local/lib/python3.7/site-packages/airflow/example_dags/example_branch_python_dop_operator_3.py
[2023-03-12T10:21:28.899+0000] {processor.py:753} INFO - DAG(s) dict_keys(['example_branch_dop_operator_v3']) retrieved from /home/airflow/.local/lib/python3.7/site-packages/airflow/example_dags/example_branch_python_dop_operator_3.py
[2023-03-12T10:21:28.928+0000] {logging_mixin.py:137} INFO - [2023-03-12T10:21:28.928+0000] {dag.py:2690} INFO - Sync 1 DAGs
[2023-03-12T10:21:28.949+0000] {logging_mixin.py:137} INFO - [2023-03-12T10:21:28.949+0000] {dag.py:3441} INFO - Setting next_dagrun for example_branch_dop_operator_v3 to 2023-03-12T10:20:00+00:00, run_after=2023-03-12T10:21:00+00:00
[2023-03-12T10:21:28.965+0000] {processor.py:175} INFO - Processing /home/airflow/.local/lib/python3.7/site-packages/airflow/example_dags/example_branch_python_dop_operator_3.py took 0.095 seconds
[2023-03-12T10:21:59.262+0000] {processor.py:153} INFO - Started process (PID=2010) to work on /home/airflow/.local/lib/python3.7/site-packages/airflow/example_dags/example_branch_python_dop_operator_3.py
[2023-03-12T10:21:59.267+0000] {processor.py:743} INFO - Processing file /home/airflow/.local/lib/python3.7/site-packages/airflow/example_dags/example_branch_python_dop_operator_3.py for tasks to queue
[2023-03-12T10:21:59.271+0000] {logging_mixin.py:137} INFO - [2023-03-12T10:21:59.270+0000] {dagbag.py:538} INFO - Filling up the DagBag from /home/airflow/.local/lib/python3.7/site-packages/airflow/example_dags/example_branch_python_dop_operator_3.py
[2023-03-12T10:21:59.303+0000] {processor.py:753} INFO - DAG(s) dict_keys(['example_branch_dop_operator_v3']) retrieved from /home/airflow/.local/lib/python3.7/site-packages/airflow/example_dags/example_branch_python_dop_operator_3.py
[2023-03-12T10:21:59.341+0000] {logging_mixin.py:137} INFO - [2023-03-12T10:21:59.341+0000] {dag.py:2690} INFO - Sync 1 DAGs
[2023-03-12T10:21:59.387+0000] {logging_mixin.py:137} INFO - [2023-03-12T10:21:59.386+0000] {dag.py:3441} INFO - Setting next_dagrun for example_branch_dop_operator_v3 to 2023-03-12T10:20:00+00:00, run_after=2023-03-12T10:21:00+00:00
[2023-03-12T10:21:59.438+0000] {processor.py:175} INFO - Processing /home/airflow/.local/lib/python3.7/site-packages/airflow/example_dags/example_branch_python_dop_operator_3.py took 0.185 seconds
