[2023-03-12T10:08:14.182+0000] {processor.py:153} INFO - Started process (PID=42) to work on /home/airflow/.local/lib/python3.7/site-packages/airflow/example_dags/example_datasets.py
[2023-03-12T10:08:14.185+0000] {processor.py:743} INFO - Processing file /home/airflow/.local/lib/python3.7/site-packages/airflow/example_dags/example_datasets.py for tasks to queue
[2023-03-12T10:08:14.192+0000] {logging_mixin.py:137} INFO - [2023-03-12T10:08:14.192+0000] {dagbag.py:538} INFO - Filling up the DagBag from /home/airflow/.local/lib/python3.7/site-packages/airflow/example_dags/example_datasets.py
[2023-03-12T10:08:14.221+0000] {processor.py:753} INFO - DAG(s) dict_keys(['dataset_produces_2', 'dataset_consumes_unknown_never_scheduled', 'dataset_consumes_1_and_2', 'dataset_consumes_1_never_scheduled', 'dataset_consumes_1', 'dataset_produces_1']) retrieved from /home/airflow/.local/lib/python3.7/site-packages/airflow/example_dags/example_datasets.py
[2023-03-12T10:08:14.259+0000] {logging_mixin.py:137} INFO - [2023-03-12T10:08:14.259+0000] {dag.py:2690} INFO - Sync 6 DAGs
[2023-03-12T10:08:14.293+0000] {logging_mixin.py:137} INFO - [2023-03-12T10:08:14.293+0000] {dag.py:3441} INFO - Setting next_dagrun for dataset_consumes_1 to None, run_after=None
[2023-03-12T10:08:14.298+0000] {logging_mixin.py:137} INFO - [2023-03-12T10:08:14.298+0000] {dag.py:3441} INFO - Setting next_dagrun for dataset_consumes_1_and_2 to None, run_after=None
[2023-03-12T10:08:14.301+0000] {logging_mixin.py:137} INFO - [2023-03-12T10:08:14.301+0000] {dag.py:3441} INFO - Setting next_dagrun for dataset_consumes_1_never_scheduled to None, run_after=None
[2023-03-12T10:08:14.305+0000] {logging_mixin.py:137} INFO - [2023-03-12T10:08:14.305+0000] {dag.py:3441} INFO - Setting next_dagrun for dataset_consumes_unknown_never_scheduled to None, run_after=None
[2023-03-12T10:08:14.315+0000] {logging_mixin.py:137} INFO - [2023-03-12T10:08:14.315+0000] {dag.py:3441} INFO - Setting next_dagrun for dataset_produces_1 to 2023-03-11T00:00:00+00:00, run_after=2023-03-12T00:00:00+00:00
[2023-03-12T10:08:14.318+0000] {logging_mixin.py:137} INFO - [2023-03-12T10:08:14.318+0000] {dag.py:3441} INFO - Setting next_dagrun for dataset_produces_2 to None, run_after=None
[2023-03-12T10:08:14.361+0000] {processor.py:175} INFO - Processing /home/airflow/.local/lib/python3.7/site-packages/airflow/example_dags/example_datasets.py took 0.182 seconds
[2023-03-12T10:08:45.258+0000] {processor.py:153} INFO - Started process (PID=119) to work on /home/airflow/.local/lib/python3.7/site-packages/airflow/example_dags/example_datasets.py
[2023-03-12T10:08:45.260+0000] {processor.py:743} INFO - Processing file /home/airflow/.local/lib/python3.7/site-packages/airflow/example_dags/example_datasets.py for tasks to queue
[2023-03-12T10:08:45.261+0000] {logging_mixin.py:137} INFO - [2023-03-12T10:08:45.261+0000] {dagbag.py:538} INFO - Filling up the DagBag from /home/airflow/.local/lib/python3.7/site-packages/airflow/example_dags/example_datasets.py
[2023-03-12T10:08:45.275+0000] {processor.py:753} INFO - DAG(s) dict_keys(['dataset_consumes_1_never_scheduled', 'dataset_consumes_1', 'dataset_produces_1', 'dataset_consumes_1_and_2', 'dataset_produces_2', 'dataset_consumes_unknown_never_scheduled']) retrieved from /home/airflow/.local/lib/python3.7/site-packages/airflow/example_dags/example_datasets.py
[2023-03-12T10:08:45.340+0000] {logging_mixin.py:137} INFO - [2023-03-12T10:08:45.340+0000] {dag.py:2690} INFO - Sync 6 DAGs
[2023-03-12T10:08:45.361+0000] {logging_mixin.py:137} INFO - [2023-03-12T10:08:45.361+0000] {dag.py:3441} INFO - Setting next_dagrun for dataset_consumes_1 to None, run_after=None
[2023-03-12T10:08:45.365+0000] {logging_mixin.py:137} INFO - [2023-03-12T10:08:45.364+0000] {dag.py:3441} INFO - Setting next_dagrun for dataset_consumes_1_and_2 to None, run_after=None
[2023-03-12T10:08:45.367+0000] {logging_mixin.py:137} INFO - [2023-03-12T10:08:45.367+0000] {dag.py:3441} INFO - Setting next_dagrun for dataset_consumes_1_never_scheduled to None, run_after=None
[2023-03-12T10:08:45.370+0000] {logging_mixin.py:137} INFO - [2023-03-12T10:08:45.369+0000] {dag.py:3441} INFO - Setting next_dagrun for dataset_consumes_unknown_never_scheduled to None, run_after=None
[2023-03-12T10:08:45.374+0000] {logging_mixin.py:137} INFO - [2023-03-12T10:08:45.374+0000] {dag.py:3441} INFO - Setting next_dagrun for dataset_produces_1 to 2023-03-11T00:00:00+00:00, run_after=2023-03-12T00:00:00+00:00
[2023-03-12T10:08:45.376+0000] {logging_mixin.py:137} INFO - [2023-03-12T10:08:45.376+0000] {dag.py:3441} INFO - Setting next_dagrun for dataset_produces_2 to None, run_after=None
[2023-03-12T10:08:45.402+0000] {processor.py:175} INFO - Processing /home/airflow/.local/lib/python3.7/site-packages/airflow/example_dags/example_datasets.py took 0.148 seconds
[2023-03-12T10:09:16.450+0000] {processor.py:153} INFO - Started process (PID=183) to work on /home/airflow/.local/lib/python3.7/site-packages/airflow/example_dags/example_datasets.py
[2023-03-12T10:09:16.453+0000] {processor.py:743} INFO - Processing file /home/airflow/.local/lib/python3.7/site-packages/airflow/example_dags/example_datasets.py for tasks to queue
[2023-03-12T10:09:16.455+0000] {logging_mixin.py:137} INFO - [2023-03-12T10:09:16.455+0000] {dagbag.py:538} INFO - Filling up the DagBag from /home/airflow/.local/lib/python3.7/site-packages/airflow/example_dags/example_datasets.py
[2023-03-12T10:09:16.468+0000] {processor.py:753} INFO - DAG(s) dict_keys(['dataset_consumes_unknown_never_scheduled', 'dataset_consumes_1_never_scheduled', 'dataset_consumes_1_and_2', 'dataset_produces_1', 'dataset_consumes_1', 'dataset_produces_2']) retrieved from /home/airflow/.local/lib/python3.7/site-packages/airflow/example_dags/example_datasets.py
[2023-03-12T10:09:16.505+0000] {logging_mixin.py:137} INFO - [2023-03-12T10:09:16.505+0000] {dag.py:2690} INFO - Sync 6 DAGs
[2023-03-12T10:09:16.529+0000] {logging_mixin.py:137} INFO - [2023-03-12T10:09:16.529+0000] {dag.py:3441} INFO - Setting next_dagrun for dataset_consumes_1 to None, run_after=None
[2023-03-12T10:09:16.533+0000] {logging_mixin.py:137} INFO - [2023-03-12T10:09:16.533+0000] {dag.py:3441} INFO - Setting next_dagrun for dataset_consumes_1_and_2 to None, run_after=None
[2023-03-12T10:09:16.536+0000] {logging_mixin.py:137} INFO - [2023-03-12T10:09:16.536+0000] {dag.py:3441} INFO - Setting next_dagrun for dataset_consumes_1_never_scheduled to None, run_after=None
[2023-03-12T10:09:16.539+0000] {logging_mixin.py:137} INFO - [2023-03-12T10:09:16.539+0000] {dag.py:3441} INFO - Setting next_dagrun for dataset_consumes_unknown_never_scheduled to None, run_after=None
[2023-03-12T10:09:16.544+0000] {logging_mixin.py:137} INFO - [2023-03-12T10:09:16.543+0000] {dag.py:3441} INFO - Setting next_dagrun for dataset_produces_1 to 2023-03-11T00:00:00+00:00, run_after=2023-03-12T00:00:00+00:00
[2023-03-12T10:09:16.546+0000] {logging_mixin.py:137} INFO - [2023-03-12T10:09:16.546+0000] {dag.py:3441} INFO - Setting next_dagrun for dataset_produces_2 to None, run_after=None
[2023-03-12T10:09:16.582+0000] {processor.py:175} INFO - Processing /home/airflow/.local/lib/python3.7/site-packages/airflow/example_dags/example_datasets.py took 0.136 seconds
[2023-03-12T10:09:46.707+0000] {processor.py:153} INFO - Started process (PID=261) to work on /home/airflow/.local/lib/python3.7/site-packages/airflow/example_dags/example_datasets.py
[2023-03-12T10:09:46.708+0000] {processor.py:743} INFO - Processing file /home/airflow/.local/lib/python3.7/site-packages/airflow/example_dags/example_datasets.py for tasks to queue
[2023-03-12T10:09:46.710+0000] {logging_mixin.py:137} INFO - [2023-03-12T10:09:46.710+0000] {dagbag.py:538} INFO - Filling up the DagBag from /home/airflow/.local/lib/python3.7/site-packages/airflow/example_dags/example_datasets.py
[2023-03-12T10:09:46.722+0000] {processor.py:753} INFO - DAG(s) dict_keys(['dataset_consumes_unknown_never_scheduled', 'dataset_consumes_1_and_2', 'dataset_consumes_1', 'dataset_consumes_1_never_scheduled', 'dataset_produces_2', 'dataset_produces_1']) retrieved from /home/airflow/.local/lib/python3.7/site-packages/airflow/example_dags/example_datasets.py
[2023-03-12T10:09:46.757+0000] {logging_mixin.py:137} INFO - [2023-03-12T10:09:46.757+0000] {dag.py:2690} INFO - Sync 6 DAGs
[2023-03-12T10:09:46.775+0000] {logging_mixin.py:137} INFO - [2023-03-12T10:09:46.775+0000] {dag.py:3441} INFO - Setting next_dagrun for dataset_consumes_1 to None, run_after=None
[2023-03-12T10:09:46.779+0000] {logging_mixin.py:137} INFO - [2023-03-12T10:09:46.779+0000] {dag.py:3441} INFO - Setting next_dagrun for dataset_consumes_1_and_2 to None, run_after=None
[2023-03-12T10:09:46.781+0000] {logging_mixin.py:137} INFO - [2023-03-12T10:09:46.781+0000] {dag.py:3441} INFO - Setting next_dagrun for dataset_consumes_1_never_scheduled to None, run_after=None
[2023-03-12T10:09:46.783+0000] {logging_mixin.py:137} INFO - [2023-03-12T10:09:46.783+0000] {dag.py:3441} INFO - Setting next_dagrun for dataset_consumes_unknown_never_scheduled to None, run_after=None
[2023-03-12T10:09:46.786+0000] {logging_mixin.py:137} INFO - [2023-03-12T10:09:46.786+0000] {dag.py:3441} INFO - Setting next_dagrun for dataset_produces_1 to 2023-03-11T00:00:00+00:00, run_after=2023-03-12T00:00:00+00:00
[2023-03-12T10:09:46.789+0000] {logging_mixin.py:137} INFO - [2023-03-12T10:09:46.789+0000] {dag.py:3441} INFO - Setting next_dagrun for dataset_produces_2 to None, run_after=None
[2023-03-12T10:09:46.822+0000] {processor.py:175} INFO - Processing /home/airflow/.local/lib/python3.7/site-packages/airflow/example_dags/example_datasets.py took 0.118 seconds
[2023-03-12T10:10:17.501+0000] {processor.py:153} INFO - Started process (PID=338) to work on /home/airflow/.local/lib/python3.7/site-packages/airflow/example_dags/example_datasets.py
[2023-03-12T10:10:17.503+0000] {processor.py:743} INFO - Processing file /home/airflow/.local/lib/python3.7/site-packages/airflow/example_dags/example_datasets.py for tasks to queue
[2023-03-12T10:10:17.505+0000] {logging_mixin.py:137} INFO - [2023-03-12T10:10:17.504+0000] {dagbag.py:538} INFO - Filling up the DagBag from /home/airflow/.local/lib/python3.7/site-packages/airflow/example_dags/example_datasets.py
[2023-03-12T10:10:17.517+0000] {processor.py:753} INFO - DAG(s) dict_keys(['dataset_consumes_1_never_scheduled', 'dataset_consumes_1_and_2', 'dataset_consumes_unknown_never_scheduled', 'dataset_produces_2', 'dataset_produces_1', 'dataset_consumes_1']) retrieved from /home/airflow/.local/lib/python3.7/site-packages/airflow/example_dags/example_datasets.py
[2023-03-12T10:10:17.551+0000] {logging_mixin.py:137} INFO - [2023-03-12T10:10:17.551+0000] {dag.py:2690} INFO - Sync 6 DAGs
[2023-03-12T10:10:17.570+0000] {logging_mixin.py:137} INFO - [2023-03-12T10:10:17.570+0000] {dag.py:3441} INFO - Setting next_dagrun for dataset_consumes_1 to None, run_after=None
[2023-03-12T10:10:17.574+0000] {logging_mixin.py:137} INFO - [2023-03-12T10:10:17.573+0000] {dag.py:3441} INFO - Setting next_dagrun for dataset_consumes_1_and_2 to None, run_after=None
[2023-03-12T10:10:17.578+0000] {logging_mixin.py:137} INFO - [2023-03-12T10:10:17.578+0000] {dag.py:3441} INFO - Setting next_dagrun for dataset_consumes_1_never_scheduled to None, run_after=None
[2023-03-12T10:10:17.582+0000] {logging_mixin.py:137} INFO - [2023-03-12T10:10:17.582+0000] {dag.py:3441} INFO - Setting next_dagrun for dataset_consumes_unknown_never_scheduled to None, run_after=None
[2023-03-12T10:10:17.586+0000] {logging_mixin.py:137} INFO - [2023-03-12T10:10:17.585+0000] {dag.py:3441} INFO - Setting next_dagrun for dataset_produces_1 to 2023-03-11T00:00:00+00:00, run_after=2023-03-12T00:00:00+00:00
[2023-03-12T10:10:17.590+0000] {logging_mixin.py:137} INFO - [2023-03-12T10:10:17.590+0000] {dag.py:3441} INFO - Setting next_dagrun for dataset_produces_2 to None, run_after=None
[2023-03-12T10:10:17.621+0000] {processor.py:175} INFO - Processing /home/airflow/.local/lib/python3.7/site-packages/airflow/example_dags/example_datasets.py took 0.124 seconds
[2023-03-12T10:10:47.694+0000] {processor.py:153} INFO - Started process (PID=403) to work on /home/airflow/.local/lib/python3.7/site-packages/airflow/example_dags/example_datasets.py
[2023-03-12T10:10:47.697+0000] {processor.py:743} INFO - Processing file /home/airflow/.local/lib/python3.7/site-packages/airflow/example_dags/example_datasets.py for tasks to queue
[2023-03-12T10:10:47.699+0000] {logging_mixin.py:137} INFO - [2023-03-12T10:10:47.699+0000] {dagbag.py:538} INFO - Filling up the DagBag from /home/airflow/.local/lib/python3.7/site-packages/airflow/example_dags/example_datasets.py
[2023-03-12T10:10:47.712+0000] {processor.py:753} INFO - DAG(s) dict_keys(['dataset_consumes_1_and_2', 'dataset_consumes_1_never_scheduled', 'dataset_produces_2', 'dataset_consumes_unknown_never_scheduled', 'dataset_consumes_1', 'dataset_produces_1']) retrieved from /home/airflow/.local/lib/python3.7/site-packages/airflow/example_dags/example_datasets.py
[2023-03-12T10:10:47.747+0000] {logging_mixin.py:137} INFO - [2023-03-12T10:10:47.747+0000] {dag.py:2690} INFO - Sync 6 DAGs
[2023-03-12T10:10:47.767+0000] {logging_mixin.py:137} INFO - [2023-03-12T10:10:47.767+0000] {dag.py:3441} INFO - Setting next_dagrun for dataset_consumes_1 to None, run_after=None
[2023-03-12T10:10:47.771+0000] {logging_mixin.py:137} INFO - [2023-03-12T10:10:47.771+0000] {dag.py:3441} INFO - Setting next_dagrun for dataset_consumes_1_and_2 to None, run_after=None
[2023-03-12T10:10:47.773+0000] {logging_mixin.py:137} INFO - [2023-03-12T10:10:47.773+0000] {dag.py:3441} INFO - Setting next_dagrun for dataset_consumes_1_never_scheduled to None, run_after=None
[2023-03-12T10:10:47.775+0000] {logging_mixin.py:137} INFO - [2023-03-12T10:10:47.775+0000] {dag.py:3441} INFO - Setting next_dagrun for dataset_consumes_unknown_never_scheduled to None, run_after=None
[2023-03-12T10:10:47.779+0000] {logging_mixin.py:137} INFO - [2023-03-12T10:10:47.779+0000] {dag.py:3441} INFO - Setting next_dagrun for dataset_produces_1 to 2023-03-11T00:00:00+00:00, run_after=2023-03-12T00:00:00+00:00
[2023-03-12T10:10:47.781+0000] {logging_mixin.py:137} INFO - [2023-03-12T10:10:47.781+0000] {dag.py:3441} INFO - Setting next_dagrun for dataset_produces_2 to None, run_after=None
[2023-03-12T10:10:47.811+0000] {processor.py:175} INFO - Processing /home/airflow/.local/lib/python3.7/site-packages/airflow/example_dags/example_datasets.py took 0.120 seconds
[2023-03-12T10:11:17.886+0000] {processor.py:153} INFO - Started process (PID=480) to work on /home/airflow/.local/lib/python3.7/site-packages/airflow/example_dags/example_datasets.py
[2023-03-12T10:11:17.887+0000] {processor.py:743} INFO - Processing file /home/airflow/.local/lib/python3.7/site-packages/airflow/example_dags/example_datasets.py for tasks to queue
[2023-03-12T10:11:17.889+0000] {logging_mixin.py:137} INFO - [2023-03-12T10:11:17.889+0000] {dagbag.py:538} INFO - Filling up the DagBag from /home/airflow/.local/lib/python3.7/site-packages/airflow/example_dags/example_datasets.py
[2023-03-12T10:11:17.901+0000] {processor.py:753} INFO - DAG(s) dict_keys(['dataset_consumes_1_and_2', 'dataset_produces_2', 'dataset_consumes_unknown_never_scheduled', 'dataset_consumes_1', 'dataset_produces_1', 'dataset_consumes_1_never_scheduled']) retrieved from /home/airflow/.local/lib/python3.7/site-packages/airflow/example_dags/example_datasets.py
[2023-03-12T10:11:17.936+0000] {logging_mixin.py:137} INFO - [2023-03-12T10:11:17.936+0000] {dag.py:2690} INFO - Sync 6 DAGs
[2023-03-12T10:11:17.956+0000] {logging_mixin.py:137} INFO - [2023-03-12T10:11:17.956+0000] {dag.py:3441} INFO - Setting next_dagrun for dataset_consumes_1 to None, run_after=None
[2023-03-12T10:11:17.961+0000] {logging_mixin.py:137} INFO - [2023-03-12T10:11:17.961+0000] {dag.py:3441} INFO - Setting next_dagrun for dataset_consumes_1_and_2 to None, run_after=None
[2023-03-12T10:11:17.963+0000] {logging_mixin.py:137} INFO - [2023-03-12T10:11:17.963+0000] {dag.py:3441} INFO - Setting next_dagrun for dataset_consumes_1_never_scheduled to None, run_after=None
[2023-03-12T10:11:17.966+0000] {logging_mixin.py:137} INFO - [2023-03-12T10:11:17.966+0000] {dag.py:3441} INFO - Setting next_dagrun for dataset_consumes_unknown_never_scheduled to None, run_after=None
[2023-03-12T10:11:17.969+0000] {logging_mixin.py:137} INFO - [2023-03-12T10:11:17.969+0000] {dag.py:3441} INFO - Setting next_dagrun for dataset_produces_1 to 2023-03-11T00:00:00+00:00, run_after=2023-03-12T00:00:00+00:00
[2023-03-12T10:11:17.972+0000] {logging_mixin.py:137} INFO - [2023-03-12T10:11:17.972+0000] {dag.py:3441} INFO - Setting next_dagrun for dataset_produces_2 to None, run_after=None
[2023-03-12T10:11:18.035+0000] {processor.py:175} INFO - Processing /home/airflow/.local/lib/python3.7/site-packages/airflow/example_dags/example_datasets.py took 0.152 seconds
[2023-03-12T10:11:48.071+0000] {processor.py:153} INFO - Started process (PID=552) to work on /home/airflow/.local/lib/python3.7/site-packages/airflow/example_dags/example_datasets.py
[2023-03-12T10:11:48.072+0000] {processor.py:743} INFO - Processing file /home/airflow/.local/lib/python3.7/site-packages/airflow/example_dags/example_datasets.py for tasks to queue
[2023-03-12T10:11:48.074+0000] {logging_mixin.py:137} INFO - [2023-03-12T10:11:48.074+0000] {dagbag.py:538} INFO - Filling up the DagBag from /home/airflow/.local/lib/python3.7/site-packages/airflow/example_dags/example_datasets.py
[2023-03-12T10:11:48.086+0000] {processor.py:753} INFO - DAG(s) dict_keys(['dataset_consumes_unknown_never_scheduled', 'dataset_produces_1', 'dataset_produces_2', 'dataset_consumes_1_never_scheduled', 'dataset_consumes_1', 'dataset_consumes_1_and_2']) retrieved from /home/airflow/.local/lib/python3.7/site-packages/airflow/example_dags/example_datasets.py
[2023-03-12T10:11:48.140+0000] {logging_mixin.py:137} INFO - [2023-03-12T10:11:48.140+0000] {dag.py:2690} INFO - Sync 6 DAGs
[2023-03-12T10:11:48.176+0000] {logging_mixin.py:137} INFO - [2023-03-12T10:11:48.176+0000] {dag.py:3441} INFO - Setting next_dagrun for dataset_consumes_1 to None, run_after=None
[2023-03-12T10:11:48.182+0000] {logging_mixin.py:137} INFO - [2023-03-12T10:11:48.182+0000] {dag.py:3441} INFO - Setting next_dagrun for dataset_consumes_1_and_2 to None, run_after=None
[2023-03-12T10:11:48.186+0000] {logging_mixin.py:137} INFO - [2023-03-12T10:11:48.186+0000] {dag.py:3441} INFO - Setting next_dagrun for dataset_consumes_1_never_scheduled to None, run_after=None
[2023-03-12T10:11:48.189+0000] {logging_mixin.py:137} INFO - [2023-03-12T10:11:48.189+0000] {dag.py:3441} INFO - Setting next_dagrun for dataset_consumes_unknown_never_scheduled to None, run_after=None
[2023-03-12T10:11:48.195+0000] {logging_mixin.py:137} INFO - [2023-03-12T10:11:48.195+0000] {dag.py:3441} INFO - Setting next_dagrun for dataset_produces_1 to 2023-03-11T00:00:00+00:00, run_after=2023-03-12T00:00:00+00:00
[2023-03-12T10:11:48.202+0000] {logging_mixin.py:137} INFO - [2023-03-12T10:11:48.202+0000] {dag.py:3441} INFO - Setting next_dagrun for dataset_produces_2 to None, run_after=None
[2023-03-12T10:11:48.237+0000] {processor.py:175} INFO - Processing /home/airflow/.local/lib/python3.7/site-packages/airflow/example_dags/example_datasets.py took 0.172 seconds
[2023-03-12T10:12:18.308+0000] {processor.py:153} INFO - Started process (PID=621) to work on /home/airflow/.local/lib/python3.7/site-packages/airflow/example_dags/example_datasets.py
[2023-03-12T10:12:18.312+0000] {processor.py:743} INFO - Processing file /home/airflow/.local/lib/python3.7/site-packages/airflow/example_dags/example_datasets.py for tasks to queue
[2023-03-12T10:12:18.317+0000] {logging_mixin.py:137} INFO - [2023-03-12T10:12:18.316+0000] {dagbag.py:538} INFO - Filling up the DagBag from /home/airflow/.local/lib/python3.7/site-packages/airflow/example_dags/example_datasets.py
[2023-03-12T10:12:18.337+0000] {processor.py:753} INFO - DAG(s) dict_keys(['dataset_consumes_unknown_never_scheduled', 'dataset_consumes_1_never_scheduled', 'dataset_consumes_1', 'dataset_produces_1', 'dataset_produces_2', 'dataset_consumes_1_and_2']) retrieved from /home/airflow/.local/lib/python3.7/site-packages/airflow/example_dags/example_datasets.py
[2023-03-12T10:12:18.374+0000] {logging_mixin.py:137} INFO - [2023-03-12T10:12:18.374+0000] {dag.py:2690} INFO - Sync 6 DAGs
[2023-03-12T10:12:18.393+0000] {logging_mixin.py:137} INFO - [2023-03-12T10:12:18.393+0000] {dag.py:3441} INFO - Setting next_dagrun for dataset_consumes_1 to None, run_after=None
[2023-03-12T10:12:18.401+0000] {logging_mixin.py:137} INFO - [2023-03-12T10:12:18.400+0000] {dag.py:3441} INFO - Setting next_dagrun for dataset_consumes_1_and_2 to None, run_after=None
[2023-03-12T10:12:18.403+0000] {logging_mixin.py:137} INFO - [2023-03-12T10:12:18.403+0000] {dag.py:3441} INFO - Setting next_dagrun for dataset_consumes_1_never_scheduled to None, run_after=None
[2023-03-12T10:12:18.405+0000] {logging_mixin.py:137} INFO - [2023-03-12T10:12:18.405+0000] {dag.py:3441} INFO - Setting next_dagrun for dataset_consumes_unknown_never_scheduled to None, run_after=None
[2023-03-12T10:12:18.410+0000] {logging_mixin.py:137} INFO - [2023-03-12T10:12:18.409+0000] {dag.py:3441} INFO - Setting next_dagrun for dataset_produces_1 to 2023-03-11T00:00:00+00:00, run_after=2023-03-12T00:00:00+00:00
[2023-03-12T10:12:18.413+0000] {logging_mixin.py:137} INFO - [2023-03-12T10:12:18.413+0000] {dag.py:3441} INFO - Setting next_dagrun for dataset_produces_2 to None, run_after=None
[2023-03-12T10:12:18.441+0000] {processor.py:175} INFO - Processing /home/airflow/.local/lib/python3.7/site-packages/airflow/example_dags/example_datasets.py took 0.137 seconds
[2023-03-12T10:12:48.749+0000] {processor.py:153} INFO - Started process (PID=699) to work on /home/airflow/.local/lib/python3.7/site-packages/airflow/example_dags/example_datasets.py
[2023-03-12T10:12:48.752+0000] {processor.py:743} INFO - Processing file /home/airflow/.local/lib/python3.7/site-packages/airflow/example_dags/example_datasets.py for tasks to queue
[2023-03-12T10:12:48.754+0000] {logging_mixin.py:137} INFO - [2023-03-12T10:12:48.754+0000] {dagbag.py:538} INFO - Filling up the DagBag from /home/airflow/.local/lib/python3.7/site-packages/airflow/example_dags/example_datasets.py
[2023-03-12T10:12:48.766+0000] {processor.py:753} INFO - DAG(s) dict_keys(['dataset_consumes_1_never_scheduled', 'dataset_consumes_1_and_2', 'dataset_consumes_1', 'dataset_produces_2', 'dataset_produces_1', 'dataset_consumes_unknown_never_scheduled']) retrieved from /home/airflow/.local/lib/python3.7/site-packages/airflow/example_dags/example_datasets.py
[2023-03-12T10:12:48.801+0000] {logging_mixin.py:137} INFO - [2023-03-12T10:12:48.801+0000] {dag.py:2690} INFO - Sync 6 DAGs
[2023-03-12T10:12:48.819+0000] {logging_mixin.py:137} INFO - [2023-03-12T10:12:48.819+0000] {dag.py:3441} INFO - Setting next_dagrun for dataset_consumes_1 to None, run_after=None
[2023-03-12T10:12:48.824+0000] {logging_mixin.py:137} INFO - [2023-03-12T10:12:48.823+0000] {dag.py:3441} INFO - Setting next_dagrun for dataset_consumes_1_and_2 to None, run_after=None
[2023-03-12T10:12:48.825+0000] {logging_mixin.py:137} INFO - [2023-03-12T10:12:48.825+0000] {dag.py:3441} INFO - Setting next_dagrun for dataset_consumes_1_never_scheduled to None, run_after=None
[2023-03-12T10:12:48.829+0000] {logging_mixin.py:137} INFO - [2023-03-12T10:12:48.829+0000] {dag.py:3441} INFO - Setting next_dagrun for dataset_consumes_unknown_never_scheduled to None, run_after=None
[2023-03-12T10:12:48.833+0000] {logging_mixin.py:137} INFO - [2023-03-12T10:12:48.833+0000] {dag.py:3441} INFO - Setting next_dagrun for dataset_produces_1 to 2023-03-11T00:00:00+00:00, run_after=2023-03-12T00:00:00+00:00
[2023-03-12T10:12:48.835+0000] {logging_mixin.py:137} INFO - [2023-03-12T10:12:48.835+0000] {dag.py:3441} INFO - Setting next_dagrun for dataset_produces_2 to None, run_after=None
[2023-03-12T10:12:48.868+0000] {processor.py:175} INFO - Processing /home/airflow/.local/lib/python3.7/site-packages/airflow/example_dags/example_datasets.py took 0.122 seconds
[2023-03-12T10:13:19.195+0000] {processor.py:153} INFO - Started process (PID=764) to work on /home/airflow/.local/lib/python3.7/site-packages/airflow/example_dags/example_datasets.py
[2023-03-12T10:13:19.198+0000] {processor.py:743} INFO - Processing file /home/airflow/.local/lib/python3.7/site-packages/airflow/example_dags/example_datasets.py for tasks to queue
[2023-03-12T10:13:19.201+0000] {logging_mixin.py:137} INFO - [2023-03-12T10:13:19.201+0000] {dagbag.py:538} INFO - Filling up the DagBag from /home/airflow/.local/lib/python3.7/site-packages/airflow/example_dags/example_datasets.py
[2023-03-12T10:13:19.218+0000] {processor.py:753} INFO - DAG(s) dict_keys(['dataset_produces_1', 'dataset_consumes_1_and_2', 'dataset_produces_2', 'dataset_consumes_1_never_scheduled', 'dataset_consumes_unknown_never_scheduled', 'dataset_consumes_1']) retrieved from /home/airflow/.local/lib/python3.7/site-packages/airflow/example_dags/example_datasets.py
[2023-03-12T10:13:19.256+0000] {logging_mixin.py:137} INFO - [2023-03-12T10:13:19.256+0000] {dag.py:2690} INFO - Sync 6 DAGs
[2023-03-12T10:13:19.278+0000] {logging_mixin.py:137} INFO - [2023-03-12T10:13:19.278+0000] {dag.py:3441} INFO - Setting next_dagrun for dataset_consumes_1 to None, run_after=None
[2023-03-12T10:13:19.283+0000] {logging_mixin.py:137} INFO - [2023-03-12T10:13:19.283+0000] {dag.py:3441} INFO - Setting next_dagrun for dataset_consumes_1_and_2 to None, run_after=None
[2023-03-12T10:13:19.287+0000] {logging_mixin.py:137} INFO - [2023-03-12T10:13:19.287+0000] {dag.py:3441} INFO - Setting next_dagrun for dataset_consumes_1_never_scheduled to None, run_after=None
[2023-03-12T10:13:19.290+0000] {logging_mixin.py:137} INFO - [2023-03-12T10:13:19.290+0000] {dag.py:3441} INFO - Setting next_dagrun for dataset_consumes_unknown_never_scheduled to None, run_after=None
[2023-03-12T10:13:19.295+0000] {logging_mixin.py:137} INFO - [2023-03-12T10:13:19.295+0000] {dag.py:3441} INFO - Setting next_dagrun for dataset_produces_1 to 2023-03-11T00:00:00+00:00, run_after=2023-03-12T00:00:00+00:00
[2023-03-12T10:13:19.297+0000] {logging_mixin.py:137} INFO - [2023-03-12T10:13:19.297+0000] {dag.py:3441} INFO - Setting next_dagrun for dataset_produces_2 to None, run_after=None
[2023-03-12T10:13:19.332+0000] {processor.py:175} INFO - Processing /home/airflow/.local/lib/python3.7/site-packages/airflow/example_dags/example_datasets.py took 0.140 seconds
[2023-03-12T10:13:49.553+0000] {processor.py:153} INFO - Started process (PID=841) to work on /home/airflow/.local/lib/python3.7/site-packages/airflow/example_dags/example_datasets.py
[2023-03-12T10:13:49.555+0000] {processor.py:743} INFO - Processing file /home/airflow/.local/lib/python3.7/site-packages/airflow/example_dags/example_datasets.py for tasks to queue
[2023-03-12T10:13:49.557+0000] {logging_mixin.py:137} INFO - [2023-03-12T10:13:49.557+0000] {dagbag.py:538} INFO - Filling up the DagBag from /home/airflow/.local/lib/python3.7/site-packages/airflow/example_dags/example_datasets.py
[2023-03-12T10:13:49.571+0000] {processor.py:753} INFO - DAG(s) dict_keys(['dataset_consumes_1', 'dataset_consumes_1_and_2', 'dataset_produces_1', 'dataset_consumes_1_never_scheduled', 'dataset_produces_2', 'dataset_consumes_unknown_never_scheduled']) retrieved from /home/airflow/.local/lib/python3.7/site-packages/airflow/example_dags/example_datasets.py
[2023-03-12T10:13:49.609+0000] {logging_mixin.py:137} INFO - [2023-03-12T10:13:49.609+0000] {dag.py:2690} INFO - Sync 6 DAGs
[2023-03-12T10:13:49.628+0000] {logging_mixin.py:137} INFO - [2023-03-12T10:13:49.628+0000] {dag.py:3441} INFO - Setting next_dagrun for dataset_consumes_1 to None, run_after=None
[2023-03-12T10:13:49.633+0000] {logging_mixin.py:137} INFO - [2023-03-12T10:13:49.633+0000] {dag.py:3441} INFO - Setting next_dagrun for dataset_consumes_1_and_2 to None, run_after=None
[2023-03-12T10:13:49.636+0000] {logging_mixin.py:137} INFO - [2023-03-12T10:13:49.636+0000] {dag.py:3441} INFO - Setting next_dagrun for dataset_consumes_1_never_scheduled to None, run_after=None
[2023-03-12T10:13:49.638+0000] {logging_mixin.py:137} INFO - [2023-03-12T10:13:49.638+0000] {dag.py:3441} INFO - Setting next_dagrun for dataset_consumes_unknown_never_scheduled to None, run_after=None
[2023-03-12T10:13:49.642+0000] {logging_mixin.py:137} INFO - [2023-03-12T10:13:49.642+0000] {dag.py:3441} INFO - Setting next_dagrun for dataset_produces_1 to 2023-03-11T00:00:00+00:00, run_after=2023-03-12T00:00:00+00:00
[2023-03-12T10:13:49.645+0000] {logging_mixin.py:137} INFO - [2023-03-12T10:13:49.645+0000] {dag.py:3441} INFO - Setting next_dagrun for dataset_produces_2 to None, run_after=None
[2023-03-12T10:13:49.675+0000] {processor.py:175} INFO - Processing /home/airflow/.local/lib/python3.7/site-packages/airflow/example_dags/example_datasets.py took 0.126 seconds
[2023-03-12T10:14:20.584+0000] {processor.py:153} INFO - Started process (PID=914) to work on /home/airflow/.local/lib/python3.7/site-packages/airflow/example_dags/example_datasets.py
[2023-03-12T10:14:20.587+0000] {processor.py:743} INFO - Processing file /home/airflow/.local/lib/python3.7/site-packages/airflow/example_dags/example_datasets.py for tasks to queue
[2023-03-12T10:14:20.589+0000] {logging_mixin.py:137} INFO - [2023-03-12T10:14:20.588+0000] {dagbag.py:538} INFO - Filling up the DagBag from /home/airflow/.local/lib/python3.7/site-packages/airflow/example_dags/example_datasets.py
[2023-03-12T10:14:20.606+0000] {processor.py:753} INFO - DAG(s) dict_keys(['dataset_consumes_1', 'dataset_consumes_1_and_2', 'dataset_produces_2', 'dataset_produces_1', 'dataset_consumes_1_never_scheduled', 'dataset_consumes_unknown_never_scheduled']) retrieved from /home/airflow/.local/lib/python3.7/site-packages/airflow/example_dags/example_datasets.py
[2023-03-12T10:14:20.651+0000] {logging_mixin.py:137} INFO - [2023-03-12T10:14:20.651+0000] {dag.py:2690} INFO - Sync 6 DAGs
[2023-03-12T10:14:20.679+0000] {logging_mixin.py:137} INFO - [2023-03-12T10:14:20.678+0000] {dag.py:3441} INFO - Setting next_dagrun for dataset_consumes_1 to None, run_after=None
[2023-03-12T10:14:20.683+0000] {logging_mixin.py:137} INFO - [2023-03-12T10:14:20.683+0000] {dag.py:3441} INFO - Setting next_dagrun for dataset_consumes_1_and_2 to None, run_after=None
[2023-03-12T10:14:20.686+0000] {logging_mixin.py:137} INFO - [2023-03-12T10:14:20.686+0000] {dag.py:3441} INFO - Setting next_dagrun for dataset_consumes_1_never_scheduled to None, run_after=None
[2023-03-12T10:14:20.689+0000] {logging_mixin.py:137} INFO - [2023-03-12T10:14:20.689+0000] {dag.py:3441} INFO - Setting next_dagrun for dataset_consumes_unknown_never_scheduled to None, run_after=None
[2023-03-12T10:14:20.692+0000] {logging_mixin.py:137} INFO - [2023-03-12T10:14:20.692+0000] {dag.py:3441} INFO - Setting next_dagrun for dataset_produces_1 to 2023-03-11T00:00:00+00:00, run_after=2023-03-12T00:00:00+00:00
[2023-03-12T10:14:20.695+0000] {logging_mixin.py:137} INFO - [2023-03-12T10:14:20.695+0000] {dag.py:3441} INFO - Setting next_dagrun for dataset_produces_2 to None, run_after=None
[2023-03-12T10:14:20.730+0000] {processor.py:175} INFO - Processing /home/airflow/.local/lib/python3.7/site-packages/airflow/example_dags/example_datasets.py took 0.151 seconds
[2023-03-12T10:14:50.912+0000] {processor.py:153} INFO - Started process (PID=984) to work on /home/airflow/.local/lib/python3.7/site-packages/airflow/example_dags/example_datasets.py
[2023-03-12T10:14:50.914+0000] {processor.py:743} INFO - Processing file /home/airflow/.local/lib/python3.7/site-packages/airflow/example_dags/example_datasets.py for tasks to queue
[2023-03-12T10:14:50.916+0000] {logging_mixin.py:137} INFO - [2023-03-12T10:14:50.916+0000] {dagbag.py:538} INFO - Filling up the DagBag from /home/airflow/.local/lib/python3.7/site-packages/airflow/example_dags/example_datasets.py
[2023-03-12T10:14:50.930+0000] {processor.py:753} INFO - DAG(s) dict_keys(['dataset_produces_2', 'dataset_produces_1', 'dataset_consumes_unknown_never_scheduled', 'dataset_consumes_1', 'dataset_consumes_1_and_2', 'dataset_consumes_1_never_scheduled']) retrieved from /home/airflow/.local/lib/python3.7/site-packages/airflow/example_dags/example_datasets.py
[2023-03-12T10:14:50.971+0000] {logging_mixin.py:137} INFO - [2023-03-12T10:14:50.971+0000] {dag.py:2690} INFO - Sync 6 DAGs
[2023-03-12T10:14:51.006+0000] {logging_mixin.py:137} INFO - [2023-03-12T10:14:51.006+0000] {dag.py:3441} INFO - Setting next_dagrun for dataset_consumes_1 to None, run_after=None
[2023-03-12T10:14:51.033+0000] {logging_mixin.py:137} INFO - [2023-03-12T10:14:51.033+0000] {dag.py:3441} INFO - Setting next_dagrun for dataset_consumes_1_and_2 to None, run_after=None
[2023-03-12T10:14:51.037+0000] {logging_mixin.py:137} INFO - [2023-03-12T10:14:51.037+0000] {dag.py:3441} INFO - Setting next_dagrun for dataset_consumes_1_never_scheduled to None, run_after=None
[2023-03-12T10:14:51.040+0000] {logging_mixin.py:137} INFO - [2023-03-12T10:14:51.039+0000] {dag.py:3441} INFO - Setting next_dagrun for dataset_consumes_unknown_never_scheduled to None, run_after=None
[2023-03-12T10:14:51.043+0000] {logging_mixin.py:137} INFO - [2023-03-12T10:14:51.043+0000] {dag.py:3441} INFO - Setting next_dagrun for dataset_produces_1 to 2023-03-11T00:00:00+00:00, run_after=2023-03-12T00:00:00+00:00
[2023-03-12T10:14:51.046+0000] {logging_mixin.py:137} INFO - [2023-03-12T10:14:51.046+0000] {dag.py:3441} INFO - Setting next_dagrun for dataset_produces_2 to None, run_after=None
[2023-03-12T10:14:51.085+0000] {processor.py:175} INFO - Processing /home/airflow/.local/lib/python3.7/site-packages/airflow/example_dags/example_datasets.py took 0.179 seconds
[2023-03-12T10:15:21.360+0000] {processor.py:153} INFO - Started process (PID=1062) to work on /home/airflow/.local/lib/python3.7/site-packages/airflow/example_dags/example_datasets.py
[2023-03-12T10:15:21.363+0000] {processor.py:743} INFO - Processing file /home/airflow/.local/lib/python3.7/site-packages/airflow/example_dags/example_datasets.py for tasks to queue
[2023-03-12T10:15:21.366+0000] {logging_mixin.py:137} INFO - [2023-03-12T10:15:21.366+0000] {dagbag.py:538} INFO - Filling up the DagBag from /home/airflow/.local/lib/python3.7/site-packages/airflow/example_dags/example_datasets.py
[2023-03-12T10:15:21.381+0000] {processor.py:753} INFO - DAG(s) dict_keys(['dataset_produces_1', 'dataset_consumes_1', 'dataset_produces_2', 'dataset_consumes_1_and_2', 'dataset_consumes_1_never_scheduled', 'dataset_consumes_unknown_never_scheduled']) retrieved from /home/airflow/.local/lib/python3.7/site-packages/airflow/example_dags/example_datasets.py
[2023-03-12T10:15:21.428+0000] {logging_mixin.py:137} INFO - [2023-03-12T10:15:21.427+0000] {dag.py:2690} INFO - Sync 6 DAGs
[2023-03-12T10:15:21.455+0000] {logging_mixin.py:137} INFO - [2023-03-12T10:15:21.455+0000] {dag.py:3441} INFO - Setting next_dagrun for dataset_consumes_1 to None, run_after=None
[2023-03-12T10:15:21.459+0000] {logging_mixin.py:137} INFO - [2023-03-12T10:15:21.459+0000] {dag.py:3441} INFO - Setting next_dagrun for dataset_consumes_1_and_2 to None, run_after=None
[2023-03-12T10:15:21.461+0000] {logging_mixin.py:137} INFO - [2023-03-12T10:15:21.461+0000] {dag.py:3441} INFO - Setting next_dagrun for dataset_consumes_1_never_scheduled to None, run_after=None
[2023-03-12T10:15:21.463+0000] {logging_mixin.py:137} INFO - [2023-03-12T10:15:21.463+0000] {dag.py:3441} INFO - Setting next_dagrun for dataset_consumes_unknown_never_scheduled to None, run_after=None
[2023-03-12T10:15:21.466+0000] {logging_mixin.py:137} INFO - [2023-03-12T10:15:21.466+0000] {dag.py:3441} INFO - Setting next_dagrun for dataset_produces_1 to 2023-03-11T00:00:00+00:00, run_after=2023-03-12T00:00:00+00:00
[2023-03-12T10:15:21.469+0000] {logging_mixin.py:137} INFO - [2023-03-12T10:15:21.469+0000] {dag.py:3441} INFO - Setting next_dagrun for dataset_produces_2 to None, run_after=None
[2023-03-12T10:15:21.495+0000] {processor.py:175} INFO - Processing /home/airflow/.local/lib/python3.7/site-packages/airflow/example_dags/example_datasets.py took 0.141 seconds
[2023-03-12T10:15:51.609+0000] {processor.py:153} INFO - Started process (PID=1125) to work on /home/airflow/.local/lib/python3.7/site-packages/airflow/example_dags/example_datasets.py
[2023-03-12T10:15:51.611+0000] {processor.py:743} INFO - Processing file /home/airflow/.local/lib/python3.7/site-packages/airflow/example_dags/example_datasets.py for tasks to queue
[2023-03-12T10:15:51.613+0000] {logging_mixin.py:137} INFO - [2023-03-12T10:15:51.613+0000] {dagbag.py:538} INFO - Filling up the DagBag from /home/airflow/.local/lib/python3.7/site-packages/airflow/example_dags/example_datasets.py
[2023-03-12T10:15:51.626+0000] {processor.py:753} INFO - DAG(s) dict_keys(['dataset_consumes_1', 'dataset_consumes_unknown_never_scheduled', 'dataset_consumes_1_never_scheduled', 'dataset_consumes_1_and_2', 'dataset_produces_2', 'dataset_produces_1']) retrieved from /home/airflow/.local/lib/python3.7/site-packages/airflow/example_dags/example_datasets.py
[2023-03-12T10:15:51.657+0000] {logging_mixin.py:137} INFO - [2023-03-12T10:15:51.657+0000] {dag.py:2690} INFO - Sync 6 DAGs
[2023-03-12T10:15:51.673+0000] {logging_mixin.py:137} INFO - [2023-03-12T10:15:51.673+0000] {dag.py:3441} INFO - Setting next_dagrun for dataset_consumes_1 to None, run_after=None
[2023-03-12T10:15:51.677+0000] {logging_mixin.py:137} INFO - [2023-03-12T10:15:51.677+0000] {dag.py:3441} INFO - Setting next_dagrun for dataset_consumes_1_and_2 to None, run_after=None
[2023-03-12T10:15:51.680+0000] {logging_mixin.py:137} INFO - [2023-03-12T10:15:51.680+0000] {dag.py:3441} INFO - Setting next_dagrun for dataset_consumes_1_never_scheduled to None, run_after=None
[2023-03-12T10:15:51.682+0000] {logging_mixin.py:137} INFO - [2023-03-12T10:15:51.682+0000] {dag.py:3441} INFO - Setting next_dagrun for dataset_consumes_unknown_never_scheduled to None, run_after=None
[2023-03-12T10:15:51.686+0000] {logging_mixin.py:137} INFO - [2023-03-12T10:15:51.686+0000] {dag.py:3441} INFO - Setting next_dagrun for dataset_produces_1 to 2023-03-11T00:00:00+00:00, run_after=2023-03-12T00:00:00+00:00
[2023-03-12T10:15:51.688+0000] {logging_mixin.py:137} INFO - [2023-03-12T10:15:51.688+0000] {dag.py:3441} INFO - Setting next_dagrun for dataset_produces_2 to None, run_after=None
[2023-03-12T10:15:51.710+0000] {processor.py:175} INFO - Processing /home/airflow/.local/lib/python3.7/site-packages/airflow/example_dags/example_datasets.py took 0.104 seconds
[2023-03-12T10:16:21.861+0000] {processor.py:153} INFO - Started process (PID=1202) to work on /home/airflow/.local/lib/python3.7/site-packages/airflow/example_dags/example_datasets.py
[2023-03-12T10:16:21.864+0000] {processor.py:743} INFO - Processing file /home/airflow/.local/lib/python3.7/site-packages/airflow/example_dags/example_datasets.py for tasks to queue
[2023-03-12T10:16:21.865+0000] {logging_mixin.py:137} INFO - [2023-03-12T10:16:21.865+0000] {dagbag.py:538} INFO - Filling up the DagBag from /home/airflow/.local/lib/python3.7/site-packages/airflow/example_dags/example_datasets.py
[2023-03-12T10:16:21.878+0000] {processor.py:753} INFO - DAG(s) dict_keys(['dataset_produces_1', 'dataset_consumes_unknown_never_scheduled', 'dataset_produces_2', 'dataset_consumes_1_never_scheduled', 'dataset_consumes_1', 'dataset_consumes_1_and_2']) retrieved from /home/airflow/.local/lib/python3.7/site-packages/airflow/example_dags/example_datasets.py
[2023-03-12T10:16:21.908+0000] {logging_mixin.py:137} INFO - [2023-03-12T10:16:21.908+0000] {dag.py:2690} INFO - Sync 6 DAGs
[2023-03-12T10:16:21.924+0000] {logging_mixin.py:137} INFO - [2023-03-12T10:16:21.924+0000] {dag.py:3441} INFO - Setting next_dagrun for dataset_consumes_1 to None, run_after=None
[2023-03-12T10:16:21.928+0000] {logging_mixin.py:137} INFO - [2023-03-12T10:16:21.928+0000] {dag.py:3441} INFO - Setting next_dagrun for dataset_consumes_1_and_2 to None, run_after=None
[2023-03-12T10:16:21.931+0000] {logging_mixin.py:137} INFO - [2023-03-12T10:16:21.931+0000] {dag.py:3441} INFO - Setting next_dagrun for dataset_consumes_1_never_scheduled to None, run_after=None
[2023-03-12T10:16:21.934+0000] {logging_mixin.py:137} INFO - [2023-03-12T10:16:21.934+0000] {dag.py:3441} INFO - Setting next_dagrun for dataset_consumes_unknown_never_scheduled to None, run_after=None
[2023-03-12T10:16:21.937+0000] {logging_mixin.py:137} INFO - [2023-03-12T10:16:21.937+0000] {dag.py:3441} INFO - Setting next_dagrun for dataset_produces_1 to 2023-03-11T00:00:00+00:00, run_after=2023-03-12T00:00:00+00:00
[2023-03-12T10:16:21.939+0000] {logging_mixin.py:137} INFO - [2023-03-12T10:16:21.939+0000] {dag.py:3441} INFO - Setting next_dagrun for dataset_produces_2 to None, run_after=None
[2023-03-12T10:16:21.961+0000] {processor.py:175} INFO - Processing /home/airflow/.local/lib/python3.7/site-packages/airflow/example_dags/example_datasets.py took 0.103 seconds
[2023-03-12T10:16:52.881+0000] {processor.py:153} INFO - Started process (PID=1267) to work on /home/airflow/.local/lib/python3.7/site-packages/airflow/example_dags/example_datasets.py
[2023-03-12T10:16:52.884+0000] {processor.py:743} INFO - Processing file /home/airflow/.local/lib/python3.7/site-packages/airflow/example_dags/example_datasets.py for tasks to queue
[2023-03-12T10:16:52.887+0000] {logging_mixin.py:137} INFO - [2023-03-12T10:16:52.886+0000] {dagbag.py:538} INFO - Filling up the DagBag from /home/airflow/.local/lib/python3.7/site-packages/airflow/example_dags/example_datasets.py
[2023-03-12T10:16:52.902+0000] {processor.py:753} INFO - DAG(s) dict_keys(['dataset_consumes_1_and_2', 'dataset_produces_2', 'dataset_consumes_1', 'dataset_consumes_1_never_scheduled', 'dataset_consumes_unknown_never_scheduled', 'dataset_produces_1']) retrieved from /home/airflow/.local/lib/python3.7/site-packages/airflow/example_dags/example_datasets.py
[2023-03-12T10:16:52.942+0000] {logging_mixin.py:137} INFO - [2023-03-12T10:16:52.942+0000] {dag.py:2690} INFO - Sync 6 DAGs
[2023-03-12T10:16:52.965+0000] {logging_mixin.py:137} INFO - [2023-03-12T10:16:52.965+0000] {dag.py:3441} INFO - Setting next_dagrun for dataset_consumes_1 to None, run_after=None
[2023-03-12T10:16:52.969+0000] {logging_mixin.py:137} INFO - [2023-03-12T10:16:52.969+0000] {dag.py:3441} INFO - Setting next_dagrun for dataset_consumes_1_and_2 to None, run_after=None
[2023-03-12T10:16:52.973+0000] {logging_mixin.py:137} INFO - [2023-03-12T10:16:52.972+0000] {dag.py:3441} INFO - Setting next_dagrun for dataset_consumes_1_never_scheduled to None, run_after=None
[2023-03-12T10:16:52.975+0000] {logging_mixin.py:137} INFO - [2023-03-12T10:16:52.975+0000] {dag.py:3441} INFO - Setting next_dagrun for dataset_consumes_unknown_never_scheduled to None, run_after=None
[2023-03-12T10:16:52.979+0000] {logging_mixin.py:137} INFO - [2023-03-12T10:16:52.979+0000] {dag.py:3441} INFO - Setting next_dagrun for dataset_produces_1 to 2023-03-11T00:00:00+00:00, run_after=2023-03-12T00:00:00+00:00
[2023-03-12T10:16:52.982+0000] {logging_mixin.py:137} INFO - [2023-03-12T10:16:52.982+0000] {dag.py:3441} INFO - Setting next_dagrun for dataset_produces_2 to None, run_after=None
[2023-03-12T10:16:53.019+0000] {processor.py:175} INFO - Processing /home/airflow/.local/lib/python3.7/site-packages/airflow/example_dags/example_datasets.py took 0.141 seconds
[2023-03-12T10:17:23.141+0000] {processor.py:153} INFO - Started process (PID=1345) to work on /home/airflow/.local/lib/python3.7/site-packages/airflow/example_dags/example_datasets.py
[2023-03-12T10:17:23.143+0000] {processor.py:743} INFO - Processing file /home/airflow/.local/lib/python3.7/site-packages/airflow/example_dags/example_datasets.py for tasks to queue
[2023-03-12T10:17:23.144+0000] {logging_mixin.py:137} INFO - [2023-03-12T10:17:23.144+0000] {dagbag.py:538} INFO - Filling up the DagBag from /home/airflow/.local/lib/python3.7/site-packages/airflow/example_dags/example_datasets.py
[2023-03-12T10:17:23.158+0000] {processor.py:753} INFO - DAG(s) dict_keys(['dataset_consumes_unknown_never_scheduled', 'dataset_consumes_1_never_scheduled', 'dataset_consumes_1', 'dataset_produces_2', 'dataset_consumes_1_and_2', 'dataset_produces_1']) retrieved from /home/airflow/.local/lib/python3.7/site-packages/airflow/example_dags/example_datasets.py
[2023-03-12T10:17:23.195+0000] {logging_mixin.py:137} INFO - [2023-03-12T10:17:23.195+0000] {dag.py:2690} INFO - Sync 6 DAGs
[2023-03-12T10:17:23.218+0000] {logging_mixin.py:137} INFO - [2023-03-12T10:17:23.218+0000] {dag.py:3441} INFO - Setting next_dagrun for dataset_consumes_1 to None, run_after=None
[2023-03-12T10:17:23.222+0000] {logging_mixin.py:137} INFO - [2023-03-12T10:17:23.222+0000] {dag.py:3441} INFO - Setting next_dagrun for dataset_consumes_1_and_2 to None, run_after=None
[2023-03-12T10:17:23.226+0000] {logging_mixin.py:137} INFO - [2023-03-12T10:17:23.226+0000] {dag.py:3441} INFO - Setting next_dagrun for dataset_consumes_1_never_scheduled to None, run_after=None
[2023-03-12T10:17:23.228+0000] {logging_mixin.py:137} INFO - [2023-03-12T10:17:23.228+0000] {dag.py:3441} INFO - Setting next_dagrun for dataset_consumes_unknown_never_scheduled to None, run_after=None
[2023-03-12T10:17:23.231+0000] {logging_mixin.py:137} INFO - [2023-03-12T10:17:23.231+0000] {dag.py:3441} INFO - Setting next_dagrun for dataset_produces_1 to 2023-03-11T00:00:00+00:00, run_after=2023-03-12T00:00:00+00:00
[2023-03-12T10:17:23.233+0000] {logging_mixin.py:137} INFO - [2023-03-12T10:17:23.233+0000] {dag.py:3441} INFO - Setting next_dagrun for dataset_produces_2 to None, run_after=None
[2023-03-12T10:17:23.259+0000] {processor.py:175} INFO - Processing /home/airflow/.local/lib/python3.7/site-packages/airflow/example_dags/example_datasets.py took 0.122 seconds
[2023-03-12T10:17:54.048+0000] {processor.py:153} INFO - Started process (PID=1422) to work on /home/airflow/.local/lib/python3.7/site-packages/airflow/example_dags/example_datasets.py
[2023-03-12T10:17:54.051+0000] {processor.py:743} INFO - Processing file /home/airflow/.local/lib/python3.7/site-packages/airflow/example_dags/example_datasets.py for tasks to queue
[2023-03-12T10:17:54.052+0000] {logging_mixin.py:137} INFO - [2023-03-12T10:17:54.052+0000] {dagbag.py:538} INFO - Filling up the DagBag from /home/airflow/.local/lib/python3.7/site-packages/airflow/example_dags/example_datasets.py
[2023-03-12T10:17:54.066+0000] {processor.py:753} INFO - DAG(s) dict_keys(['dataset_produces_2', 'dataset_consumes_1_never_scheduled', 'dataset_consumes_1', 'dataset_consumes_unknown_never_scheduled', 'dataset_consumes_1_and_2', 'dataset_produces_1']) retrieved from /home/airflow/.local/lib/python3.7/site-packages/airflow/example_dags/example_datasets.py
[2023-03-12T10:17:54.103+0000] {logging_mixin.py:137} INFO - [2023-03-12T10:17:54.103+0000] {dag.py:2690} INFO - Sync 6 DAGs
[2023-03-12T10:17:54.123+0000] {logging_mixin.py:137} INFO - [2023-03-12T10:17:54.123+0000] {dag.py:3441} INFO - Setting next_dagrun for dataset_consumes_1 to None, run_after=None
[2023-03-12T10:17:54.127+0000] {logging_mixin.py:137} INFO - [2023-03-12T10:17:54.127+0000] {dag.py:3441} INFO - Setting next_dagrun for dataset_consumes_1_and_2 to None, run_after=None
[2023-03-12T10:17:54.129+0000] {logging_mixin.py:137} INFO - [2023-03-12T10:17:54.129+0000] {dag.py:3441} INFO - Setting next_dagrun for dataset_consumes_1_never_scheduled to None, run_after=None
[2023-03-12T10:17:54.133+0000] {logging_mixin.py:137} INFO - [2023-03-12T10:17:54.133+0000] {dag.py:3441} INFO - Setting next_dagrun for dataset_consumes_unknown_never_scheduled to None, run_after=None
[2023-03-12T10:17:54.137+0000] {logging_mixin.py:137} INFO - [2023-03-12T10:17:54.137+0000] {dag.py:3441} INFO - Setting next_dagrun for dataset_produces_1 to 2023-03-11T00:00:00+00:00, run_after=2023-03-12T00:00:00+00:00
[2023-03-12T10:17:54.139+0000] {logging_mixin.py:137} INFO - [2023-03-12T10:17:54.139+0000] {dag.py:3441} INFO - Setting next_dagrun for dataset_produces_2 to None, run_after=None
[2023-03-12T10:17:54.173+0000] {processor.py:175} INFO - Processing /home/airflow/.local/lib/python3.7/site-packages/airflow/example_dags/example_datasets.py took 0.128 seconds
[2023-03-12T10:18:25.185+0000] {processor.py:153} INFO - Started process (PID=1487) to work on /home/airflow/.local/lib/python3.7/site-packages/airflow/example_dags/example_datasets.py
[2023-03-12T10:18:25.187+0000] {processor.py:743} INFO - Processing file /home/airflow/.local/lib/python3.7/site-packages/airflow/example_dags/example_datasets.py for tasks to queue
[2023-03-12T10:18:25.189+0000] {logging_mixin.py:137} INFO - [2023-03-12T10:18:25.189+0000] {dagbag.py:538} INFO - Filling up the DagBag from /home/airflow/.local/lib/python3.7/site-packages/airflow/example_dags/example_datasets.py
[2023-03-12T10:18:25.201+0000] {processor.py:753} INFO - DAG(s) dict_keys(['dataset_consumes_1_and_2', 'dataset_produces_2', 'dataset_consumes_1_never_scheduled', 'dataset_produces_1', 'dataset_consumes_unknown_never_scheduled', 'dataset_consumes_1']) retrieved from /home/airflow/.local/lib/python3.7/site-packages/airflow/example_dags/example_datasets.py
[2023-03-12T10:18:25.240+0000] {logging_mixin.py:137} INFO - [2023-03-12T10:18:25.240+0000] {dag.py:2690} INFO - Sync 6 DAGs
[2023-03-12T10:18:25.259+0000] {logging_mixin.py:137} INFO - [2023-03-12T10:18:25.258+0000] {dag.py:3441} INFO - Setting next_dagrun for dataset_consumes_1 to None, run_after=None
[2023-03-12T10:18:25.271+0000] {logging_mixin.py:137} INFO - [2023-03-12T10:18:25.271+0000] {dag.py:3441} INFO - Setting next_dagrun for dataset_consumes_1_and_2 to None, run_after=None
[2023-03-12T10:18:25.275+0000] {logging_mixin.py:137} INFO - [2023-03-12T10:18:25.274+0000] {dag.py:3441} INFO - Setting next_dagrun for dataset_consumes_1_never_scheduled to None, run_after=None
[2023-03-12T10:18:25.277+0000] {logging_mixin.py:137} INFO - [2023-03-12T10:18:25.277+0000] {dag.py:3441} INFO - Setting next_dagrun for dataset_consumes_unknown_never_scheduled to None, run_after=None
[2023-03-12T10:18:25.281+0000] {logging_mixin.py:137} INFO - [2023-03-12T10:18:25.281+0000] {dag.py:3441} INFO - Setting next_dagrun for dataset_produces_1 to 2023-03-11T00:00:00+00:00, run_after=2023-03-12T00:00:00+00:00
[2023-03-12T10:18:25.284+0000] {logging_mixin.py:137} INFO - [2023-03-12T10:18:25.284+0000] {dag.py:3441} INFO - Setting next_dagrun for dataset_produces_2 to None, run_after=None
[2023-03-12T10:18:25.318+0000] {processor.py:175} INFO - Processing /home/airflow/.local/lib/python3.7/site-packages/airflow/example_dags/example_datasets.py took 0.138 seconds
[2023-03-12T10:18:55.582+0000] {processor.py:153} INFO - Started process (PID=1565) to work on /home/airflow/.local/lib/python3.7/site-packages/airflow/example_dags/example_datasets.py
[2023-03-12T10:18:55.584+0000] {processor.py:743} INFO - Processing file /home/airflow/.local/lib/python3.7/site-packages/airflow/example_dags/example_datasets.py for tasks to queue
[2023-03-12T10:18:55.586+0000] {logging_mixin.py:137} INFO - [2023-03-12T10:18:55.586+0000] {dagbag.py:538} INFO - Filling up the DagBag from /home/airflow/.local/lib/python3.7/site-packages/airflow/example_dags/example_datasets.py
[2023-03-12T10:18:55.599+0000] {processor.py:753} INFO - DAG(s) dict_keys(['dataset_consumes_1_and_2', 'dataset_consumes_1', 'dataset_consumes_1_never_scheduled', 'dataset_consumes_unknown_never_scheduled', 'dataset_produces_1', 'dataset_produces_2']) retrieved from /home/airflow/.local/lib/python3.7/site-packages/airflow/example_dags/example_datasets.py
[2023-03-12T10:18:55.639+0000] {logging_mixin.py:137} INFO - [2023-03-12T10:18:55.639+0000] {dag.py:2690} INFO - Sync 6 DAGs
[2023-03-12T10:18:55.666+0000] {logging_mixin.py:137} INFO - [2023-03-12T10:18:55.665+0000] {dag.py:3441} INFO - Setting next_dagrun for dataset_consumes_1 to None, run_after=None
[2023-03-12T10:18:55.673+0000] {logging_mixin.py:137} INFO - [2023-03-12T10:18:55.673+0000] {dag.py:3441} INFO - Setting next_dagrun for dataset_consumes_1_and_2 to None, run_after=None
[2023-03-12T10:18:55.677+0000] {logging_mixin.py:137} INFO - [2023-03-12T10:18:55.677+0000] {dag.py:3441} INFO - Setting next_dagrun for dataset_consumes_1_never_scheduled to None, run_after=None
[2023-03-12T10:18:55.679+0000] {logging_mixin.py:137} INFO - [2023-03-12T10:18:55.679+0000] {dag.py:3441} INFO - Setting next_dagrun for dataset_consumes_unknown_never_scheduled to None, run_after=None
[2023-03-12T10:18:55.684+0000] {logging_mixin.py:137} INFO - [2023-03-12T10:18:55.684+0000] {dag.py:3441} INFO - Setting next_dagrun for dataset_produces_1 to 2023-03-11T00:00:00+00:00, run_after=2023-03-12T00:00:00+00:00
[2023-03-12T10:18:55.686+0000] {logging_mixin.py:137} INFO - [2023-03-12T10:18:55.686+0000] {dag.py:3441} INFO - Setting next_dagrun for dataset_produces_2 to None, run_after=None
[2023-03-12T10:18:55.729+0000] {processor.py:175} INFO - Processing /home/airflow/.local/lib/python3.7/site-packages/airflow/example_dags/example_datasets.py took 0.151 seconds
[2023-03-12T10:19:26.539+0000] {processor.py:153} INFO - Started process (PID=1643) to work on /home/airflow/.local/lib/python3.7/site-packages/airflow/example_dags/example_datasets.py
[2023-03-12T10:19:26.542+0000] {processor.py:743} INFO - Processing file /home/airflow/.local/lib/python3.7/site-packages/airflow/example_dags/example_datasets.py for tasks to queue
[2023-03-12T10:19:26.544+0000] {logging_mixin.py:137} INFO - [2023-03-12T10:19:26.543+0000] {dagbag.py:538} INFO - Filling up the DagBag from /home/airflow/.local/lib/python3.7/site-packages/airflow/example_dags/example_datasets.py
[2023-03-12T10:19:26.558+0000] {processor.py:753} INFO - DAG(s) dict_keys(['dataset_consumes_1_never_scheduled', 'dataset_produces_2', 'dataset_consumes_1', 'dataset_consumes_unknown_never_scheduled', 'dataset_produces_1', 'dataset_consumes_1_and_2']) retrieved from /home/airflow/.local/lib/python3.7/site-packages/airflow/example_dags/example_datasets.py
[2023-03-12T10:19:26.593+0000] {logging_mixin.py:137} INFO - [2023-03-12T10:19:26.593+0000] {dag.py:2690} INFO - Sync 6 DAGs
[2023-03-12T10:19:26.613+0000] {logging_mixin.py:137} INFO - [2023-03-12T10:19:26.613+0000] {dag.py:3441} INFO - Setting next_dagrun for dataset_consumes_1 to None, run_after=None
[2023-03-12T10:19:26.616+0000] {logging_mixin.py:137} INFO - [2023-03-12T10:19:26.616+0000] {dag.py:3441} INFO - Setting next_dagrun for dataset_consumes_1_and_2 to None, run_after=None
[2023-03-12T10:19:26.618+0000] {logging_mixin.py:137} INFO - [2023-03-12T10:19:26.618+0000] {dag.py:3441} INFO - Setting next_dagrun for dataset_consumes_1_never_scheduled to None, run_after=None
[2023-03-12T10:19:26.623+0000] {logging_mixin.py:137} INFO - [2023-03-12T10:19:26.623+0000] {dag.py:3441} INFO - Setting next_dagrun for dataset_consumes_unknown_never_scheduled to None, run_after=None
[2023-03-12T10:19:26.626+0000] {logging_mixin.py:137} INFO - [2023-03-12T10:19:26.626+0000] {dag.py:3441} INFO - Setting next_dagrun for dataset_produces_1 to 2023-03-11T00:00:00+00:00, run_after=2023-03-12T00:00:00+00:00
[2023-03-12T10:19:26.628+0000] {logging_mixin.py:137} INFO - [2023-03-12T10:19:26.628+0000] {dag.py:3441} INFO - Setting next_dagrun for dataset_produces_2 to None, run_after=None
[2023-03-12T10:19:26.652+0000] {processor.py:175} INFO - Processing /home/airflow/.local/lib/python3.7/site-packages/airflow/example_dags/example_datasets.py took 0.116 seconds
[2023-03-12T10:19:57.751+0000] {processor.py:153} INFO - Started process (PID=1708) to work on /home/airflow/.local/lib/python3.7/site-packages/airflow/example_dags/example_datasets.py
[2023-03-12T10:19:57.753+0000] {processor.py:743} INFO - Processing file /home/airflow/.local/lib/python3.7/site-packages/airflow/example_dags/example_datasets.py for tasks to queue
[2023-03-12T10:19:57.754+0000] {logging_mixin.py:137} INFO - [2023-03-12T10:19:57.754+0000] {dagbag.py:538} INFO - Filling up the DagBag from /home/airflow/.local/lib/python3.7/site-packages/airflow/example_dags/example_datasets.py
[2023-03-12T10:19:57.767+0000] {processor.py:753} INFO - DAG(s) dict_keys(['dataset_consumes_1', 'dataset_consumes_unknown_never_scheduled', 'dataset_consumes_1_never_scheduled', 'dataset_produces_1', 'dataset_produces_2', 'dataset_consumes_1_and_2']) retrieved from /home/airflow/.local/lib/python3.7/site-packages/airflow/example_dags/example_datasets.py
[2023-03-12T10:19:57.803+0000] {logging_mixin.py:137} INFO - [2023-03-12T10:19:57.803+0000] {dag.py:2690} INFO - Sync 6 DAGs
[2023-03-12T10:19:57.821+0000] {logging_mixin.py:137} INFO - [2023-03-12T10:19:57.821+0000] {dag.py:3441} INFO - Setting next_dagrun for dataset_consumes_1 to None, run_after=None
[2023-03-12T10:19:57.825+0000] {logging_mixin.py:137} INFO - [2023-03-12T10:19:57.825+0000] {dag.py:3441} INFO - Setting next_dagrun for dataset_consumes_1_and_2 to None, run_after=None
[2023-03-12T10:19:57.828+0000] {logging_mixin.py:137} INFO - [2023-03-12T10:19:57.828+0000] {dag.py:3441} INFO - Setting next_dagrun for dataset_consumes_1_never_scheduled to None, run_after=None
[2023-03-12T10:19:57.831+0000] {logging_mixin.py:137} INFO - [2023-03-12T10:19:57.831+0000] {dag.py:3441} INFO - Setting next_dagrun for dataset_consumes_unknown_never_scheduled to None, run_after=None
[2023-03-12T10:19:57.834+0000] {logging_mixin.py:137} INFO - [2023-03-12T10:19:57.834+0000] {dag.py:3441} INFO - Setting next_dagrun for dataset_produces_1 to 2023-03-11T00:00:00+00:00, run_after=2023-03-12T00:00:00+00:00
[2023-03-12T10:19:57.836+0000] {logging_mixin.py:137} INFO - [2023-03-12T10:19:57.836+0000] {dag.py:3441} INFO - Setting next_dagrun for dataset_produces_2 to None, run_after=None
[2023-03-12T10:19:57.868+0000] {processor.py:175} INFO - Processing /home/airflow/.local/lib/python3.7/site-packages/airflow/example_dags/example_datasets.py took 0.121 seconds
[2023-03-12T10:20:27.982+0000] {processor.py:153} INFO - Started process (PID=1787) to work on /home/airflow/.local/lib/python3.7/site-packages/airflow/example_dags/example_datasets.py
[2023-03-12T10:20:27.984+0000] {processor.py:743} INFO - Processing file /home/airflow/.local/lib/python3.7/site-packages/airflow/example_dags/example_datasets.py for tasks to queue
[2023-03-12T10:20:27.986+0000] {logging_mixin.py:137} INFO - [2023-03-12T10:20:27.986+0000] {dagbag.py:538} INFO - Filling up the DagBag from /home/airflow/.local/lib/python3.7/site-packages/airflow/example_dags/example_datasets.py
[2023-03-12T10:20:27.999+0000] {processor.py:753} INFO - DAG(s) dict_keys(['dataset_produces_1', 'dataset_consumes_1_and_2', 'dataset_produces_2', 'dataset_consumes_unknown_never_scheduled', 'dataset_consumes_1_never_scheduled', 'dataset_consumes_1']) retrieved from /home/airflow/.local/lib/python3.7/site-packages/airflow/example_dags/example_datasets.py
[2023-03-12T10:20:28.036+0000] {logging_mixin.py:137} INFO - [2023-03-12T10:20:28.036+0000] {dag.py:2690} INFO - Sync 6 DAGs
[2023-03-12T10:20:28.058+0000] {logging_mixin.py:137} INFO - [2023-03-12T10:20:28.057+0000] {dag.py:3441} INFO - Setting next_dagrun for dataset_consumes_1 to None, run_after=None
[2023-03-12T10:20:28.062+0000] {logging_mixin.py:137} INFO - [2023-03-12T10:20:28.062+0000] {dag.py:3441} INFO - Setting next_dagrun for dataset_consumes_1_and_2 to None, run_after=None
[2023-03-12T10:20:28.066+0000] {logging_mixin.py:137} INFO - [2023-03-12T10:20:28.065+0000] {dag.py:3441} INFO - Setting next_dagrun for dataset_consumes_1_never_scheduled to None, run_after=None
[2023-03-12T10:20:28.068+0000] {logging_mixin.py:137} INFO - [2023-03-12T10:20:28.068+0000] {dag.py:3441} INFO - Setting next_dagrun for dataset_consumes_unknown_never_scheduled to None, run_after=None
[2023-03-12T10:20:28.071+0000] {logging_mixin.py:137} INFO - [2023-03-12T10:20:28.071+0000] {dag.py:3441} INFO - Setting next_dagrun for dataset_produces_1 to 2023-03-11T00:00:00+00:00, run_after=2023-03-12T00:00:00+00:00
[2023-03-12T10:20:28.073+0000] {logging_mixin.py:137} INFO - [2023-03-12T10:20:28.073+0000] {dag.py:3441} INFO - Setting next_dagrun for dataset_produces_2 to None, run_after=None
[2023-03-12T10:20:28.116+0000] {processor.py:175} INFO - Processing /home/airflow/.local/lib/python3.7/site-packages/airflow/example_dags/example_datasets.py took 0.137 seconds
[2023-03-12T10:20:58.229+0000] {processor.py:153} INFO - Started process (PID=1852) to work on /home/airflow/.local/lib/python3.7/site-packages/airflow/example_dags/example_datasets.py
[2023-03-12T10:20:58.231+0000] {processor.py:743} INFO - Processing file /home/airflow/.local/lib/python3.7/site-packages/airflow/example_dags/example_datasets.py for tasks to queue
[2023-03-12T10:20:58.233+0000] {logging_mixin.py:137} INFO - [2023-03-12T10:20:58.233+0000] {dagbag.py:538} INFO - Filling up the DagBag from /home/airflow/.local/lib/python3.7/site-packages/airflow/example_dags/example_datasets.py
[2023-03-12T10:20:58.245+0000] {processor.py:753} INFO - DAG(s) dict_keys(['dataset_consumes_1_never_scheduled', 'dataset_produces_1', 'dataset_consumes_unknown_never_scheduled', 'dataset_consumes_1', 'dataset_produces_2', 'dataset_consumes_1_and_2']) retrieved from /home/airflow/.local/lib/python3.7/site-packages/airflow/example_dags/example_datasets.py
[2023-03-12T10:20:58.281+0000] {logging_mixin.py:137} INFO - [2023-03-12T10:20:58.281+0000] {dag.py:2690} INFO - Sync 6 DAGs
[2023-03-12T10:20:58.299+0000] {logging_mixin.py:137} INFO - [2023-03-12T10:20:58.299+0000] {dag.py:3441} INFO - Setting next_dagrun for dataset_consumes_1 to None, run_after=None
[2023-03-12T10:20:58.303+0000] {logging_mixin.py:137} INFO - [2023-03-12T10:20:58.303+0000] {dag.py:3441} INFO - Setting next_dagrun for dataset_consumes_1_and_2 to None, run_after=None
[2023-03-12T10:20:58.306+0000] {logging_mixin.py:137} INFO - [2023-03-12T10:20:58.306+0000] {dag.py:3441} INFO - Setting next_dagrun for dataset_consumes_1_never_scheduled to None, run_after=None
[2023-03-12T10:20:58.308+0000] {logging_mixin.py:137} INFO - [2023-03-12T10:20:58.308+0000] {dag.py:3441} INFO - Setting next_dagrun for dataset_consumes_unknown_never_scheduled to None, run_after=None
[2023-03-12T10:20:58.312+0000] {logging_mixin.py:137} INFO - [2023-03-12T10:20:58.312+0000] {dag.py:3441} INFO - Setting next_dagrun for dataset_produces_1 to 2023-03-11T00:00:00+00:00, run_after=2023-03-12T00:00:00+00:00
[2023-03-12T10:20:58.314+0000] {logging_mixin.py:137} INFO - [2023-03-12T10:20:58.314+0000] {dag.py:3441} INFO - Setting next_dagrun for dataset_produces_2 to None, run_after=None
[2023-03-12T10:20:58.348+0000] {processor.py:175} INFO - Processing /home/airflow/.local/lib/python3.7/site-packages/airflow/example_dags/example_datasets.py took 0.122 seconds
[2023-03-12T10:21:28.755+0000] {processor.py:153} INFO - Started process (PID=1931) to work on /home/airflow/.local/lib/python3.7/site-packages/airflow/example_dags/example_datasets.py
[2023-03-12T10:21:28.757+0000] {processor.py:743} INFO - Processing file /home/airflow/.local/lib/python3.7/site-packages/airflow/example_dags/example_datasets.py for tasks to queue
[2023-03-12T10:21:28.759+0000] {logging_mixin.py:137} INFO - [2023-03-12T10:21:28.758+0000] {dagbag.py:538} INFO - Filling up the DagBag from /home/airflow/.local/lib/python3.7/site-packages/airflow/example_dags/example_datasets.py
[2023-03-12T10:21:28.771+0000] {processor.py:753} INFO - DAG(s) dict_keys(['dataset_consumes_1', 'dataset_consumes_unknown_never_scheduled', 'dataset_consumes_1_and_2', 'dataset_produces_2', 'dataset_consumes_1_never_scheduled', 'dataset_produces_1']) retrieved from /home/airflow/.local/lib/python3.7/site-packages/airflow/example_dags/example_datasets.py
[2023-03-12T10:21:28.807+0000] {logging_mixin.py:137} INFO - [2023-03-12T10:21:28.807+0000] {dag.py:2690} INFO - Sync 6 DAGs
[2023-03-12T10:21:28.825+0000] {logging_mixin.py:137} INFO - [2023-03-12T10:21:28.825+0000] {dag.py:3441} INFO - Setting next_dagrun for dataset_consumes_1 to None, run_after=None
[2023-03-12T10:21:28.829+0000] {logging_mixin.py:137} INFO - [2023-03-12T10:21:28.829+0000] {dag.py:3441} INFO - Setting next_dagrun for dataset_consumes_1_and_2 to None, run_after=None
[2023-03-12T10:21:28.831+0000] {logging_mixin.py:137} INFO - [2023-03-12T10:21:28.831+0000] {dag.py:3441} INFO - Setting next_dagrun for dataset_consumes_1_never_scheduled to None, run_after=None
[2023-03-12T10:21:28.833+0000] {logging_mixin.py:137} INFO - [2023-03-12T10:21:28.833+0000] {dag.py:3441} INFO - Setting next_dagrun for dataset_consumes_unknown_never_scheduled to None, run_after=None
[2023-03-12T10:21:28.836+0000] {logging_mixin.py:137} INFO - [2023-03-12T10:21:28.836+0000] {dag.py:3441} INFO - Setting next_dagrun for dataset_produces_1 to 2023-03-11T00:00:00+00:00, run_after=2023-03-12T00:00:00+00:00
[2023-03-12T10:21:28.839+0000] {logging_mixin.py:137} INFO - [2023-03-12T10:21:28.839+0000] {dag.py:3441} INFO - Setting next_dagrun for dataset_produces_2 to None, run_after=None
[2023-03-12T10:21:28.868+0000] {processor.py:175} INFO - Processing /home/airflow/.local/lib/python3.7/site-packages/airflow/example_dags/example_datasets.py took 0.118 seconds
[2023-03-12T10:21:59.096+0000] {processor.py:153} INFO - Started process (PID=2009) to work on /home/airflow/.local/lib/python3.7/site-packages/airflow/example_dags/example_datasets.py
[2023-03-12T10:21:59.100+0000] {processor.py:743} INFO - Processing file /home/airflow/.local/lib/python3.7/site-packages/airflow/example_dags/example_datasets.py for tasks to queue
[2023-03-12T10:21:59.103+0000] {logging_mixin.py:137} INFO - [2023-03-12T10:21:59.103+0000] {dagbag.py:538} INFO - Filling up the DagBag from /home/airflow/.local/lib/python3.7/site-packages/airflow/example_dags/example_datasets.py
[2023-03-12T10:21:59.159+0000] {processor.py:753} INFO - DAG(s) dict_keys(['dataset_consumes_1', 'dataset_produces_2', 'dataset_consumes_unknown_never_scheduled', 'dataset_consumes_1_and_2', 'dataset_produces_1', 'dataset_consumes_1_never_scheduled']) retrieved from /home/airflow/.local/lib/python3.7/site-packages/airflow/example_dags/example_datasets.py
[2023-03-12T10:21:59.232+0000] {logging_mixin.py:137} INFO - [2023-03-12T10:21:59.232+0000] {dag.py:2690} INFO - Sync 6 DAGs
[2023-03-12T10:21:59.271+0000] {logging_mixin.py:137} INFO - [2023-03-12T10:21:59.271+0000] {dag.py:3441} INFO - Setting next_dagrun for dataset_consumes_1 to None, run_after=None
[2023-03-12T10:21:59.276+0000] {logging_mixin.py:137} INFO - [2023-03-12T10:21:59.276+0000] {dag.py:3441} INFO - Setting next_dagrun for dataset_consumes_1_and_2 to None, run_after=None
[2023-03-12T10:21:59.279+0000] {logging_mixin.py:137} INFO - [2023-03-12T10:21:59.279+0000] {dag.py:3441} INFO - Setting next_dagrun for dataset_consumes_1_never_scheduled to None, run_after=None
[2023-03-12T10:21:59.281+0000] {logging_mixin.py:137} INFO - [2023-03-12T10:21:59.281+0000] {dag.py:3441} INFO - Setting next_dagrun for dataset_consumes_unknown_never_scheduled to None, run_after=None
[2023-03-12T10:21:59.284+0000] {logging_mixin.py:137} INFO - [2023-03-12T10:21:59.284+0000] {dag.py:3441} INFO - Setting next_dagrun for dataset_produces_1 to 2023-03-11T00:00:00+00:00, run_after=2023-03-12T00:00:00+00:00
[2023-03-12T10:21:59.288+0000] {logging_mixin.py:137} INFO - [2023-03-12T10:21:59.288+0000] {dag.py:3441} INFO - Setting next_dagrun for dataset_produces_2 to None, run_after=None
[2023-03-12T10:21:59.332+0000] {processor.py:175} INFO - Processing /home/airflow/.local/lib/python3.7/site-packages/airflow/example_dags/example_datasets.py took 0.241 seconds
