[2023-03-12T10:08:13.717+0000] {processor.py:153} INFO - Started process (PID=35) to work on /home/airflow/.local/lib/python3.7/site-packages/airflow/example_dags/example_branch_labels.py
[2023-03-12T10:08:13.720+0000] {processor.py:743} INFO - Processing file /home/airflow/.local/lib/python3.7/site-packages/airflow/example_dags/example_branch_labels.py for tasks to queue
[2023-03-12T10:08:13.724+0000] {logging_mixin.py:137} INFO - [2023-03-12T10:08:13.724+0000] {dagbag.py:538} INFO - Filling up the DagBag from /home/airflow/.local/lib/python3.7/site-packages/airflow/example_dags/example_branch_labels.py
[2023-03-12T10:08:13.760+0000] {processor.py:753} INFO - DAG(s) dict_keys(['example_branch_labels']) retrieved from /home/airflow/.local/lib/python3.7/site-packages/airflow/example_dags/example_branch_labels.py
[2023-03-12T10:08:13.788+0000] {logging_mixin.py:137} INFO - [2023-03-12T10:08:13.788+0000] {dag.py:2690} INFO - Sync 1 DAGs
[2023-03-12T10:08:13.814+0000] {logging_mixin.py:137} INFO - [2023-03-12T10:08:13.814+0000] {dag.py:3441} INFO - Setting next_dagrun for example_branch_labels to 2023-03-11T00:00:00+00:00, run_after=2023-03-12T00:00:00+00:00
[2023-03-12T10:08:13.831+0000] {processor.py:175} INFO - Processing /home/airflow/.local/lib/python3.7/site-packages/airflow/example_dags/example_branch_labels.py took 0.119 seconds
[2023-03-12T10:08:44.745+0000] {processor.py:153} INFO - Started process (PID=112) to work on /home/airflow/.local/lib/python3.7/site-packages/airflow/example_dags/example_branch_labels.py
[2023-03-12T10:08:44.749+0000] {processor.py:743} INFO - Processing file /home/airflow/.local/lib/python3.7/site-packages/airflow/example_dags/example_branch_labels.py for tasks to queue
[2023-03-12T10:08:44.751+0000] {logging_mixin.py:137} INFO - [2023-03-12T10:08:44.751+0000] {dagbag.py:538} INFO - Filling up the DagBag from /home/airflow/.local/lib/python3.7/site-packages/airflow/example_dags/example_branch_labels.py
[2023-03-12T10:08:44.782+0000] {processor.py:753} INFO - DAG(s) dict_keys(['example_branch_labels']) retrieved from /home/airflow/.local/lib/python3.7/site-packages/airflow/example_dags/example_branch_labels.py
[2023-03-12T10:08:44.819+0000] {logging_mixin.py:137} INFO - [2023-03-12T10:08:44.819+0000] {dag.py:2690} INFO - Sync 1 DAGs
[2023-03-12T10:08:44.849+0000] {logging_mixin.py:137} INFO - [2023-03-12T10:08:44.848+0000] {dag.py:3441} INFO - Setting next_dagrun for example_branch_labels to 2023-03-11T00:00:00+00:00, run_after=2023-03-12T00:00:00+00:00
[2023-03-12T10:08:44.870+0000] {processor.py:175} INFO - Processing /home/airflow/.local/lib/python3.7/site-packages/airflow/example_dags/example_branch_labels.py took 0.133 seconds
[2023-03-12T10:09:15.946+0000] {processor.py:153} INFO - Started process (PID=176) to work on /home/airflow/.local/lib/python3.7/site-packages/airflow/example_dags/example_branch_labels.py
[2023-03-12T10:09:15.954+0000] {processor.py:743} INFO - Processing file /home/airflow/.local/lib/python3.7/site-packages/airflow/example_dags/example_branch_labels.py for tasks to queue
[2023-03-12T10:09:15.959+0000] {logging_mixin.py:137} INFO - [2023-03-12T10:09:15.959+0000] {dagbag.py:538} INFO - Filling up the DagBag from /home/airflow/.local/lib/python3.7/site-packages/airflow/example_dags/example_branch_labels.py
[2023-03-12T10:09:15.978+0000] {processor.py:753} INFO - DAG(s) dict_keys(['example_branch_labels']) retrieved from /home/airflow/.local/lib/python3.7/site-packages/airflow/example_dags/example_branch_labels.py
[2023-03-12T10:09:16.013+0000] {logging_mixin.py:137} INFO - [2023-03-12T10:09:16.013+0000] {dag.py:2690} INFO - Sync 1 DAGs
[2023-03-12T10:09:16.036+0000] {logging_mixin.py:137} INFO - [2023-03-12T10:09:16.035+0000] {dag.py:3441} INFO - Setting next_dagrun for example_branch_labels to 2023-03-11T00:00:00+00:00, run_after=2023-03-12T00:00:00+00:00
[2023-03-12T10:09:16.052+0000] {processor.py:175} INFO - Processing /home/airflow/.local/lib/python3.7/site-packages/airflow/example_dags/example_branch_labels.py took 0.110 seconds
[2023-03-12T10:09:46.269+0000] {processor.py:153} INFO - Started process (PID=254) to work on /home/airflow/.local/lib/python3.7/site-packages/airflow/example_dags/example_branch_labels.py
[2023-03-12T10:09:46.275+0000] {processor.py:743} INFO - Processing file /home/airflow/.local/lib/python3.7/site-packages/airflow/example_dags/example_branch_labels.py for tasks to queue
[2023-03-12T10:09:46.277+0000] {logging_mixin.py:137} INFO - [2023-03-12T10:09:46.277+0000] {dagbag.py:538} INFO - Filling up the DagBag from /home/airflow/.local/lib/python3.7/site-packages/airflow/example_dags/example_branch_labels.py
[2023-03-12T10:09:46.296+0000] {processor.py:753} INFO - DAG(s) dict_keys(['example_branch_labels']) retrieved from /home/airflow/.local/lib/python3.7/site-packages/airflow/example_dags/example_branch_labels.py
[2023-03-12T10:09:46.325+0000] {logging_mixin.py:137} INFO - [2023-03-12T10:09:46.325+0000] {dag.py:2690} INFO - Sync 1 DAGs
[2023-03-12T10:09:46.346+0000] {logging_mixin.py:137} INFO - [2023-03-12T10:09:46.346+0000] {dag.py:3441} INFO - Setting next_dagrun for example_branch_labels to 2023-03-11T00:00:00+00:00, run_after=2023-03-12T00:00:00+00:00
[2023-03-12T10:09:46.359+0000] {processor.py:175} INFO - Processing /home/airflow/.local/lib/python3.7/site-packages/airflow/example_dags/example_branch_labels.py took 0.097 seconds
[2023-03-12T10:10:17.060+0000] {processor.py:153} INFO - Started process (PID=331) to work on /home/airflow/.local/lib/python3.7/site-packages/airflow/example_dags/example_branch_labels.py
[2023-03-12T10:10:17.063+0000] {processor.py:743} INFO - Processing file /home/airflow/.local/lib/python3.7/site-packages/airflow/example_dags/example_branch_labels.py for tasks to queue
[2023-03-12T10:10:17.065+0000] {logging_mixin.py:137} INFO - [2023-03-12T10:10:17.065+0000] {dagbag.py:538} INFO - Filling up the DagBag from /home/airflow/.local/lib/python3.7/site-packages/airflow/example_dags/example_branch_labels.py
[2023-03-12T10:10:17.082+0000] {processor.py:753} INFO - DAG(s) dict_keys(['example_branch_labels']) retrieved from /home/airflow/.local/lib/python3.7/site-packages/airflow/example_dags/example_branch_labels.py
[2023-03-12T10:10:17.110+0000] {logging_mixin.py:137} INFO - [2023-03-12T10:10:17.110+0000] {dag.py:2690} INFO - Sync 1 DAGs
[2023-03-12T10:10:17.129+0000] {logging_mixin.py:137} INFO - [2023-03-12T10:10:17.129+0000] {dag.py:3441} INFO - Setting next_dagrun for example_branch_labels to 2023-03-11T00:00:00+00:00, run_after=2023-03-12T00:00:00+00:00
[2023-03-12T10:10:17.144+0000] {processor.py:175} INFO - Processing /home/airflow/.local/lib/python3.7/site-packages/airflow/example_dags/example_branch_labels.py took 0.088 seconds
[2023-03-12T10:10:47.238+0000] {processor.py:153} INFO - Started process (PID=396) to work on /home/airflow/.local/lib/python3.7/site-packages/airflow/example_dags/example_branch_labels.py
[2023-03-12T10:10:47.241+0000] {processor.py:743} INFO - Processing file /home/airflow/.local/lib/python3.7/site-packages/airflow/example_dags/example_branch_labels.py for tasks to queue
[2023-03-12T10:10:47.243+0000] {logging_mixin.py:137} INFO - [2023-03-12T10:10:47.243+0000] {dagbag.py:538} INFO - Filling up the DagBag from /home/airflow/.local/lib/python3.7/site-packages/airflow/example_dags/example_branch_labels.py
[2023-03-12T10:10:47.258+0000] {processor.py:753} INFO - DAG(s) dict_keys(['example_branch_labels']) retrieved from /home/airflow/.local/lib/python3.7/site-packages/airflow/example_dags/example_branch_labels.py
[2023-03-12T10:10:47.284+0000] {logging_mixin.py:137} INFO - [2023-03-12T10:10:47.284+0000] {dag.py:2690} INFO - Sync 1 DAGs
[2023-03-12T10:10:47.302+0000] {logging_mixin.py:137} INFO - [2023-03-12T10:10:47.302+0000] {dag.py:3441} INFO - Setting next_dagrun for example_branch_labels to 2023-03-11T00:00:00+00:00, run_after=2023-03-12T00:00:00+00:00
[2023-03-12T10:10:47.316+0000] {processor.py:175} INFO - Processing /home/airflow/.local/lib/python3.7/site-packages/airflow/example_dags/example_branch_labels.py took 0.085 seconds
[2023-03-12T10:11:17.406+0000] {processor.py:153} INFO - Started process (PID=473) to work on /home/airflow/.local/lib/python3.7/site-packages/airflow/example_dags/example_branch_labels.py
[2023-03-12T10:11:17.413+0000] {processor.py:743} INFO - Processing file /home/airflow/.local/lib/python3.7/site-packages/airflow/example_dags/example_branch_labels.py for tasks to queue
[2023-03-12T10:11:17.416+0000] {logging_mixin.py:137} INFO - [2023-03-12T10:11:17.415+0000] {dagbag.py:538} INFO - Filling up the DagBag from /home/airflow/.local/lib/python3.7/site-packages/airflow/example_dags/example_branch_labels.py
[2023-03-12T10:11:17.430+0000] {processor.py:753} INFO - DAG(s) dict_keys(['example_branch_labels']) retrieved from /home/airflow/.local/lib/python3.7/site-packages/airflow/example_dags/example_branch_labels.py
[2023-03-12T10:11:17.456+0000] {logging_mixin.py:137} INFO - [2023-03-12T10:11:17.456+0000] {dag.py:2690} INFO - Sync 1 DAGs
[2023-03-12T10:11:17.476+0000] {logging_mixin.py:137} INFO - [2023-03-12T10:11:17.476+0000] {dag.py:3441} INFO - Setting next_dagrun for example_branch_labels to 2023-03-11T00:00:00+00:00, run_after=2023-03-12T00:00:00+00:00
[2023-03-12T10:11:17.524+0000] {processor.py:175} INFO - Processing /home/airflow/.local/lib/python3.7/site-packages/airflow/example_dags/example_branch_labels.py took 0.123 seconds
[2023-03-12T10:11:47.608+0000] {processor.py:153} INFO - Started process (PID=545) to work on /home/airflow/.local/lib/python3.7/site-packages/airflow/example_dags/example_branch_labels.py
[2023-03-12T10:11:47.610+0000] {processor.py:743} INFO - Processing file /home/airflow/.local/lib/python3.7/site-packages/airflow/example_dags/example_branch_labels.py for tasks to queue
[2023-03-12T10:11:47.613+0000] {logging_mixin.py:137} INFO - [2023-03-12T10:11:47.613+0000] {dagbag.py:538} INFO - Filling up the DagBag from /home/airflow/.local/lib/python3.7/site-packages/airflow/example_dags/example_branch_labels.py
[2023-03-12T10:11:47.626+0000] {processor.py:753} INFO - DAG(s) dict_keys(['example_branch_labels']) retrieved from /home/airflow/.local/lib/python3.7/site-packages/airflow/example_dags/example_branch_labels.py
[2023-03-12T10:11:47.652+0000] {logging_mixin.py:137} INFO - [2023-03-12T10:11:47.652+0000] {dag.py:2690} INFO - Sync 1 DAGs
[2023-03-12T10:11:47.672+0000] {logging_mixin.py:137} INFO - [2023-03-12T10:11:47.672+0000] {dag.py:3441} INFO - Setting next_dagrun for example_branch_labels to 2023-03-11T00:00:00+00:00, run_after=2023-03-12T00:00:00+00:00
[2023-03-12T10:11:47.688+0000] {processor.py:175} INFO - Processing /home/airflow/.local/lib/python3.7/site-packages/airflow/example_dags/example_branch_labels.py took 0.083 seconds
[2023-03-12T10:12:17.777+0000] {processor.py:153} INFO - Started process (PID=614) to work on /home/airflow/.local/lib/python3.7/site-packages/airflow/example_dags/example_branch_labels.py
[2023-03-12T10:12:17.780+0000] {processor.py:743} INFO - Processing file /home/airflow/.local/lib/python3.7/site-packages/airflow/example_dags/example_branch_labels.py for tasks to queue
[2023-03-12T10:12:17.782+0000] {logging_mixin.py:137} INFO - [2023-03-12T10:12:17.782+0000] {dagbag.py:538} INFO - Filling up the DagBag from /home/airflow/.local/lib/python3.7/site-packages/airflow/example_dags/example_branch_labels.py
[2023-03-12T10:12:17.798+0000] {processor.py:753} INFO - DAG(s) dict_keys(['example_branch_labels']) retrieved from /home/airflow/.local/lib/python3.7/site-packages/airflow/example_dags/example_branch_labels.py
[2023-03-12T10:12:17.828+0000] {logging_mixin.py:137} INFO - [2023-03-12T10:12:17.828+0000] {dag.py:2690} INFO - Sync 1 DAGs
[2023-03-12T10:12:17.851+0000] {logging_mixin.py:137} INFO - [2023-03-12T10:12:17.850+0000] {dag.py:3441} INFO - Setting next_dagrun for example_branch_labels to 2023-03-11T00:00:00+00:00, run_after=2023-03-12T00:00:00+00:00
[2023-03-12T10:12:17.865+0000] {processor.py:175} INFO - Processing /home/airflow/.local/lib/python3.7/site-packages/airflow/example_dags/example_branch_labels.py took 0.092 seconds
[2023-03-12T10:12:48.260+0000] {processor.py:153} INFO - Started process (PID=692) to work on /home/airflow/.local/lib/python3.7/site-packages/airflow/example_dags/example_branch_labels.py
[2023-03-12T10:12:48.264+0000] {processor.py:743} INFO - Processing file /home/airflow/.local/lib/python3.7/site-packages/airflow/example_dags/example_branch_labels.py for tasks to queue
[2023-03-12T10:12:48.266+0000] {logging_mixin.py:137} INFO - [2023-03-12T10:12:48.266+0000] {dagbag.py:538} INFO - Filling up the DagBag from /home/airflow/.local/lib/python3.7/site-packages/airflow/example_dags/example_branch_labels.py
[2023-03-12T10:12:48.285+0000] {processor.py:753} INFO - DAG(s) dict_keys(['example_branch_labels']) retrieved from /home/airflow/.local/lib/python3.7/site-packages/airflow/example_dags/example_branch_labels.py
[2023-03-12T10:12:48.316+0000] {logging_mixin.py:137} INFO - [2023-03-12T10:12:48.316+0000] {dag.py:2690} INFO - Sync 1 DAGs
[2023-03-12T10:12:48.340+0000] {logging_mixin.py:137} INFO - [2023-03-12T10:12:48.340+0000] {dag.py:3441} INFO - Setting next_dagrun for example_branch_labels to 2023-03-11T00:00:00+00:00, run_after=2023-03-12T00:00:00+00:00
[2023-03-12T10:12:48.355+0000] {processor.py:175} INFO - Processing /home/airflow/.local/lib/python3.7/site-packages/airflow/example_dags/example_branch_labels.py took 0.100 seconds
[2023-03-12T10:13:18.651+0000] {processor.py:153} INFO - Started process (PID=757) to work on /home/airflow/.local/lib/python3.7/site-packages/airflow/example_dags/example_branch_labels.py
[2023-03-12T10:13:18.654+0000] {processor.py:743} INFO - Processing file /home/airflow/.local/lib/python3.7/site-packages/airflow/example_dags/example_branch_labels.py for tasks to queue
[2023-03-12T10:13:18.658+0000] {logging_mixin.py:137} INFO - [2023-03-12T10:13:18.658+0000] {dagbag.py:538} INFO - Filling up the DagBag from /home/airflow/.local/lib/python3.7/site-packages/airflow/example_dags/example_branch_labels.py
[2023-03-12T10:13:18.695+0000] {processor.py:753} INFO - DAG(s) dict_keys(['example_branch_labels']) retrieved from /home/airflow/.local/lib/python3.7/site-packages/airflow/example_dags/example_branch_labels.py
[2023-03-12T10:13:18.733+0000] {logging_mixin.py:137} INFO - [2023-03-12T10:13:18.733+0000] {dag.py:2690} INFO - Sync 1 DAGs
[2023-03-12T10:13:18.759+0000] {logging_mixin.py:137} INFO - [2023-03-12T10:13:18.758+0000] {dag.py:3441} INFO - Setting next_dagrun for example_branch_labels to 2023-03-11T00:00:00+00:00, run_after=2023-03-12T00:00:00+00:00
[2023-03-12T10:13:18.775+0000] {processor.py:175} INFO - Processing /home/airflow/.local/lib/python3.7/site-packages/airflow/example_dags/example_branch_labels.py took 0.131 seconds
[2023-03-12T10:13:48.932+0000] {processor.py:153} INFO - Started process (PID=834) to work on /home/airflow/.local/lib/python3.7/site-packages/airflow/example_dags/example_branch_labels.py
[2023-03-12T10:13:48.935+0000] {processor.py:743} INFO - Processing file /home/airflow/.local/lib/python3.7/site-packages/airflow/example_dags/example_branch_labels.py for tasks to queue
[2023-03-12T10:13:48.937+0000] {logging_mixin.py:137} INFO - [2023-03-12T10:13:48.937+0000] {dagbag.py:538} INFO - Filling up the DagBag from /home/airflow/.local/lib/python3.7/site-packages/airflow/example_dags/example_branch_labels.py
[2023-03-12T10:13:48.958+0000] {processor.py:753} INFO - DAG(s) dict_keys(['example_branch_labels']) retrieved from /home/airflow/.local/lib/python3.7/site-packages/airflow/example_dags/example_branch_labels.py
[2023-03-12T10:13:48.990+0000] {logging_mixin.py:137} INFO - [2023-03-12T10:13:48.990+0000] {dag.py:2690} INFO - Sync 1 DAGs
[2023-03-12T10:13:49.014+0000] {logging_mixin.py:137} INFO - [2023-03-12T10:13:49.013+0000] {dag.py:3441} INFO - Setting next_dagrun for example_branch_labels to 2023-03-11T00:00:00+00:00, run_after=2023-03-12T00:00:00+00:00
[2023-03-12T10:13:49.029+0000] {processor.py:175} INFO - Processing /home/airflow/.local/lib/python3.7/site-packages/airflow/example_dags/example_branch_labels.py took 0.102 seconds
[2023-03-12T10:14:20.029+0000] {processor.py:153} INFO - Started process (PID=899) to work on /home/airflow/.local/lib/python3.7/site-packages/airflow/example_dags/example_branch_labels.py
[2023-03-12T10:14:20.033+0000] {processor.py:743} INFO - Processing file /home/airflow/.local/lib/python3.7/site-packages/airflow/example_dags/example_branch_labels.py for tasks to queue
[2023-03-12T10:14:20.035+0000] {logging_mixin.py:137} INFO - [2023-03-12T10:14:20.034+0000] {dagbag.py:538} INFO - Filling up the DagBag from /home/airflow/.local/lib/python3.7/site-packages/airflow/example_dags/example_branch_labels.py
[2023-03-12T10:14:20.053+0000] {processor.py:753} INFO - DAG(s) dict_keys(['example_branch_labels']) retrieved from /home/airflow/.local/lib/python3.7/site-packages/airflow/example_dags/example_branch_labels.py
[2023-03-12T10:14:20.083+0000] {logging_mixin.py:137} INFO - [2023-03-12T10:14:20.083+0000] {dag.py:2690} INFO - Sync 1 DAGs
[2023-03-12T10:14:20.108+0000] {logging_mixin.py:137} INFO - [2023-03-12T10:14:20.108+0000] {dag.py:3441} INFO - Setting next_dagrun for example_branch_labels to 2023-03-11T00:00:00+00:00, run_after=2023-03-12T00:00:00+00:00
[2023-03-12T10:14:20.125+0000] {processor.py:175} INFO - Processing /home/airflow/.local/lib/python3.7/site-packages/airflow/example_dags/example_branch_labels.py took 0.101 seconds
[2023-03-12T10:14:50.331+0000] {processor.py:153} INFO - Started process (PID=977) to work on /home/airflow/.local/lib/python3.7/site-packages/airflow/example_dags/example_branch_labels.py
[2023-03-12T10:14:50.335+0000] {processor.py:743} INFO - Processing file /home/airflow/.local/lib/python3.7/site-packages/airflow/example_dags/example_branch_labels.py for tasks to queue
[2023-03-12T10:14:50.339+0000] {logging_mixin.py:137} INFO - [2023-03-12T10:14:50.338+0000] {dagbag.py:538} INFO - Filling up the DagBag from /home/airflow/.local/lib/python3.7/site-packages/airflow/example_dags/example_branch_labels.py
[2023-03-12T10:14:50.361+0000] {processor.py:753} INFO - DAG(s) dict_keys(['example_branch_labels']) retrieved from /home/airflow/.local/lib/python3.7/site-packages/airflow/example_dags/example_branch_labels.py
[2023-03-12T10:14:50.396+0000] {logging_mixin.py:137} INFO - [2023-03-12T10:14:50.396+0000] {dag.py:2690} INFO - Sync 1 DAGs
[2023-03-12T10:14:50.421+0000] {logging_mixin.py:137} INFO - [2023-03-12T10:14:50.421+0000] {dag.py:3441} INFO - Setting next_dagrun for example_branch_labels to 2023-03-11T00:00:00+00:00, run_after=2023-03-12T00:00:00+00:00
[2023-03-12T10:14:50.439+0000] {processor.py:175} INFO - Processing /home/airflow/.local/lib/python3.7/site-packages/airflow/example_dags/example_branch_labels.py took 0.116 seconds
[2023-03-12T10:15:20.513+0000] {processor.py:153} INFO - Started process (PID=1055) to work on /home/airflow/.local/lib/python3.7/site-packages/airflow/example_dags/example_branch_labels.py
[2023-03-12T10:15:20.516+0000] {processor.py:743} INFO - Processing file /home/airflow/.local/lib/python3.7/site-packages/airflow/example_dags/example_branch_labels.py for tasks to queue
[2023-03-12T10:15:20.518+0000] {logging_mixin.py:137} INFO - [2023-03-12T10:15:20.518+0000] {dagbag.py:538} INFO - Filling up the DagBag from /home/airflow/.local/lib/python3.7/site-packages/airflow/example_dags/example_branch_labels.py
[2023-03-12T10:15:20.558+0000] {processor.py:753} INFO - DAG(s) dict_keys(['example_branch_labels']) retrieved from /home/airflow/.local/lib/python3.7/site-packages/airflow/example_dags/example_branch_labels.py
[2023-03-12T10:15:20.658+0000] {logging_mixin.py:137} INFO - [2023-03-12T10:15:20.657+0000] {dag.py:2690} INFO - Sync 1 DAGs
[2023-03-12T10:15:20.726+0000] {logging_mixin.py:137} INFO - [2023-03-12T10:15:20.725+0000] {dag.py:3441} INFO - Setting next_dagrun for example_branch_labels to 2023-03-11T00:00:00+00:00, run_after=2023-03-12T00:00:00+00:00
[2023-03-12T10:15:20.763+0000] {processor.py:175} INFO - Processing /home/airflow/.local/lib/python3.7/site-packages/airflow/example_dags/example_branch_labels.py took 0.256 seconds
[2023-03-12T10:15:50.975+0000] {processor.py:153} INFO - Started process (PID=1118) to work on /home/airflow/.local/lib/python3.7/site-packages/airflow/example_dags/example_branch_labels.py
[2023-03-12T10:15:50.980+0000] {processor.py:743} INFO - Processing file /home/airflow/.local/lib/python3.7/site-packages/airflow/example_dags/example_branch_labels.py for tasks to queue
[2023-03-12T10:15:50.982+0000] {logging_mixin.py:137} INFO - [2023-03-12T10:15:50.981+0000] {dagbag.py:538} INFO - Filling up the DagBag from /home/airflow/.local/lib/python3.7/site-packages/airflow/example_dags/example_branch_labels.py
[2023-03-12T10:15:51.002+0000] {processor.py:753} INFO - DAG(s) dict_keys(['example_branch_labels']) retrieved from /home/airflow/.local/lib/python3.7/site-packages/airflow/example_dags/example_branch_labels.py
[2023-03-12T10:15:51.036+0000] {logging_mixin.py:137} INFO - [2023-03-12T10:15:51.036+0000] {dag.py:2690} INFO - Sync 1 DAGs
[2023-03-12T10:15:51.059+0000] {logging_mixin.py:137} INFO - [2023-03-12T10:15:51.059+0000] {dag.py:3441} INFO - Setting next_dagrun for example_branch_labels to 2023-03-11T00:00:00+00:00, run_after=2023-03-12T00:00:00+00:00
[2023-03-12T10:15:51.074+0000] {processor.py:175} INFO - Processing /home/airflow/.local/lib/python3.7/site-packages/airflow/example_dags/example_branch_labels.py took 0.106 seconds
[2023-03-12T10:16:21.256+0000] {processor.py:153} INFO - Started process (PID=1195) to work on /home/airflow/.local/lib/python3.7/site-packages/airflow/example_dags/example_branch_labels.py
[2023-03-12T10:16:21.259+0000] {processor.py:743} INFO - Processing file /home/airflow/.local/lib/python3.7/site-packages/airflow/example_dags/example_branch_labels.py for tasks to queue
[2023-03-12T10:16:21.261+0000] {logging_mixin.py:137} INFO - [2023-03-12T10:16:21.261+0000] {dagbag.py:538} INFO - Filling up the DagBag from /home/airflow/.local/lib/python3.7/site-packages/airflow/example_dags/example_branch_labels.py
[2023-03-12T10:16:21.282+0000] {processor.py:753} INFO - DAG(s) dict_keys(['example_branch_labels']) retrieved from /home/airflow/.local/lib/python3.7/site-packages/airflow/example_dags/example_branch_labels.py
[2023-03-12T10:16:21.313+0000] {logging_mixin.py:137} INFO - [2023-03-12T10:16:21.313+0000] {dag.py:2690} INFO - Sync 1 DAGs
[2023-03-12T10:16:21.334+0000] {logging_mixin.py:137} INFO - [2023-03-12T10:16:21.334+0000] {dag.py:3441} INFO - Setting next_dagrun for example_branch_labels to 2023-03-11T00:00:00+00:00, run_after=2023-03-12T00:00:00+00:00
[2023-03-12T10:16:21.348+0000] {processor.py:175} INFO - Processing /home/airflow/.local/lib/python3.7/site-packages/airflow/example_dags/example_branch_labels.py took 0.099 seconds
[2023-03-12T10:16:52.356+0000] {processor.py:153} INFO - Started process (PID=1260) to work on /home/airflow/.local/lib/python3.7/site-packages/airflow/example_dags/example_branch_labels.py
[2023-03-12T10:16:52.358+0000] {processor.py:743} INFO - Processing file /home/airflow/.local/lib/python3.7/site-packages/airflow/example_dags/example_branch_labels.py for tasks to queue
[2023-03-12T10:16:52.360+0000] {logging_mixin.py:137} INFO - [2023-03-12T10:16:52.360+0000] {dagbag.py:538} INFO - Filling up the DagBag from /home/airflow/.local/lib/python3.7/site-packages/airflow/example_dags/example_branch_labels.py
[2023-03-12T10:16:52.374+0000] {processor.py:753} INFO - DAG(s) dict_keys(['example_branch_labels']) retrieved from /home/airflow/.local/lib/python3.7/site-packages/airflow/example_dags/example_branch_labels.py
[2023-03-12T10:16:52.403+0000] {logging_mixin.py:137} INFO - [2023-03-12T10:16:52.403+0000] {dag.py:2690} INFO - Sync 1 DAGs
[2023-03-12T10:16:52.425+0000] {logging_mixin.py:137} INFO - [2023-03-12T10:16:52.425+0000] {dag.py:3441} INFO - Setting next_dagrun for example_branch_labels to 2023-03-11T00:00:00+00:00, run_after=2023-03-12T00:00:00+00:00
[2023-03-12T10:16:52.443+0000] {processor.py:175} INFO - Processing /home/airflow/.local/lib/python3.7/site-packages/airflow/example_dags/example_branch_labels.py took 0.091 seconds
[2023-03-12T10:17:22.657+0000] {processor.py:153} INFO - Started process (PID=1338) to work on /home/airflow/.local/lib/python3.7/site-packages/airflow/example_dags/example_branch_labels.py
[2023-03-12T10:17:22.661+0000] {processor.py:743} INFO - Processing file /home/airflow/.local/lib/python3.7/site-packages/airflow/example_dags/example_branch_labels.py for tasks to queue
[2023-03-12T10:17:22.663+0000] {logging_mixin.py:137} INFO - [2023-03-12T10:17:22.663+0000] {dagbag.py:538} INFO - Filling up the DagBag from /home/airflow/.local/lib/python3.7/site-packages/airflow/example_dags/example_branch_labels.py
[2023-03-12T10:17:22.678+0000] {processor.py:753} INFO - DAG(s) dict_keys(['example_branch_labels']) retrieved from /home/airflow/.local/lib/python3.7/site-packages/airflow/example_dags/example_branch_labels.py
[2023-03-12T10:17:22.711+0000] {logging_mixin.py:137} INFO - [2023-03-12T10:17:22.711+0000] {dag.py:2690} INFO - Sync 1 DAGs
[2023-03-12T10:17:22.734+0000] {logging_mixin.py:137} INFO - [2023-03-12T10:17:22.734+0000] {dag.py:3441} INFO - Setting next_dagrun for example_branch_labels to 2023-03-11T00:00:00+00:00, run_after=2023-03-12T00:00:00+00:00
[2023-03-12T10:17:22.751+0000] {processor.py:175} INFO - Processing /home/airflow/.local/lib/python3.7/site-packages/airflow/example_dags/example_branch_labels.py took 0.099 seconds
[2023-03-12T10:17:53.588+0000] {processor.py:153} INFO - Started process (PID=1415) to work on /home/airflow/.local/lib/python3.7/site-packages/airflow/example_dags/example_branch_labels.py
[2023-03-12T10:17:53.592+0000] {processor.py:743} INFO - Processing file /home/airflow/.local/lib/python3.7/site-packages/airflow/example_dags/example_branch_labels.py for tasks to queue
[2023-03-12T10:17:53.594+0000] {logging_mixin.py:137} INFO - [2023-03-12T10:17:53.594+0000] {dagbag.py:538} INFO - Filling up the DagBag from /home/airflow/.local/lib/python3.7/site-packages/airflow/example_dags/example_branch_labels.py
[2023-03-12T10:17:53.613+0000] {processor.py:753} INFO - DAG(s) dict_keys(['example_branch_labels']) retrieved from /home/airflow/.local/lib/python3.7/site-packages/airflow/example_dags/example_branch_labels.py
[2023-03-12T10:17:53.641+0000] {logging_mixin.py:137} INFO - [2023-03-12T10:17:53.641+0000] {dag.py:2690} INFO - Sync 1 DAGs
[2023-03-12T10:17:53.660+0000] {logging_mixin.py:137} INFO - [2023-03-12T10:17:53.660+0000] {dag.py:3441} INFO - Setting next_dagrun for example_branch_labels to 2023-03-11T00:00:00+00:00, run_after=2023-03-12T00:00:00+00:00
[2023-03-12T10:17:53.674+0000] {processor.py:175} INFO - Processing /home/airflow/.local/lib/python3.7/site-packages/airflow/example_dags/example_branch_labels.py took 0.094 seconds
[2023-03-12T10:18:24.686+0000] {processor.py:153} INFO - Started process (PID=1480) to work on /home/airflow/.local/lib/python3.7/site-packages/airflow/example_dags/example_branch_labels.py
[2023-03-12T10:18:24.688+0000] {processor.py:743} INFO - Processing file /home/airflow/.local/lib/python3.7/site-packages/airflow/example_dags/example_branch_labels.py for tasks to queue
[2023-03-12T10:18:24.691+0000] {logging_mixin.py:137} INFO - [2023-03-12T10:18:24.691+0000] {dagbag.py:538} INFO - Filling up the DagBag from /home/airflow/.local/lib/python3.7/site-packages/airflow/example_dags/example_branch_labels.py
[2023-03-12T10:18:24.711+0000] {processor.py:753} INFO - DAG(s) dict_keys(['example_branch_labels']) retrieved from /home/airflow/.local/lib/python3.7/site-packages/airflow/example_dags/example_branch_labels.py
[2023-03-12T10:18:24.741+0000] {logging_mixin.py:137} INFO - [2023-03-12T10:18:24.741+0000] {dag.py:2690} INFO - Sync 1 DAGs
[2023-03-12T10:18:24.763+0000] {logging_mixin.py:137} INFO - [2023-03-12T10:18:24.763+0000] {dag.py:3441} INFO - Setting next_dagrun for example_branch_labels to 2023-03-11T00:00:00+00:00, run_after=2023-03-12T00:00:00+00:00
[2023-03-12T10:18:24.777+0000] {processor.py:175} INFO - Processing /home/airflow/.local/lib/python3.7/site-packages/airflow/example_dags/example_branch_labels.py took 0.098 seconds
[2023-03-12T10:18:55.127+0000] {processor.py:153} INFO - Started process (PID=1558) to work on /home/airflow/.local/lib/python3.7/site-packages/airflow/example_dags/example_branch_labels.py
[2023-03-12T10:18:55.130+0000] {processor.py:743} INFO - Processing file /home/airflow/.local/lib/python3.7/site-packages/airflow/example_dags/example_branch_labels.py for tasks to queue
[2023-03-12T10:18:55.132+0000] {logging_mixin.py:137} INFO - [2023-03-12T10:18:55.132+0000] {dagbag.py:538} INFO - Filling up the DagBag from /home/airflow/.local/lib/python3.7/site-packages/airflow/example_dags/example_branch_labels.py
[2023-03-12T10:18:55.151+0000] {processor.py:753} INFO - DAG(s) dict_keys(['example_branch_labels']) retrieved from /home/airflow/.local/lib/python3.7/site-packages/airflow/example_dags/example_branch_labels.py
[2023-03-12T10:18:55.181+0000] {logging_mixin.py:137} INFO - [2023-03-12T10:18:55.180+0000] {dag.py:2690} INFO - Sync 1 DAGs
[2023-03-12T10:18:55.204+0000] {logging_mixin.py:137} INFO - [2023-03-12T10:18:55.203+0000] {dag.py:3441} INFO - Setting next_dagrun for example_branch_labels to 2023-03-11T00:00:00+00:00, run_after=2023-03-12T00:00:00+00:00
[2023-03-12T10:18:55.218+0000] {processor.py:175} INFO - Processing /home/airflow/.local/lib/python3.7/site-packages/airflow/example_dags/example_branch_labels.py took 0.098 seconds
[2023-03-12T10:19:26.152+0000] {processor.py:153} INFO - Started process (PID=1636) to work on /home/airflow/.local/lib/python3.7/site-packages/airflow/example_dags/example_branch_labels.py
[2023-03-12T10:19:26.155+0000] {processor.py:743} INFO - Processing file /home/airflow/.local/lib/python3.7/site-packages/airflow/example_dags/example_branch_labels.py for tasks to queue
[2023-03-12T10:19:26.157+0000] {logging_mixin.py:137} INFO - [2023-03-12T10:19:26.156+0000] {dagbag.py:538} INFO - Filling up the DagBag from /home/airflow/.local/lib/python3.7/site-packages/airflow/example_dags/example_branch_labels.py
[2023-03-12T10:19:26.176+0000] {processor.py:753} INFO - DAG(s) dict_keys(['example_branch_labels']) retrieved from /home/airflow/.local/lib/python3.7/site-packages/airflow/example_dags/example_branch_labels.py
[2023-03-12T10:19:26.205+0000] {logging_mixin.py:137} INFO - [2023-03-12T10:19:26.205+0000] {dag.py:2690} INFO - Sync 1 DAGs
[2023-03-12T10:19:26.227+0000] {logging_mixin.py:137} INFO - [2023-03-12T10:19:26.227+0000] {dag.py:3441} INFO - Setting next_dagrun for example_branch_labels to 2023-03-11T00:00:00+00:00, run_after=2023-03-12T00:00:00+00:00
[2023-03-12T10:19:26.244+0000] {processor.py:175} INFO - Processing /home/airflow/.local/lib/python3.7/site-packages/airflow/example_dags/example_branch_labels.py took 0.098 seconds
[2023-03-12T10:19:57.156+0000] {processor.py:153} INFO - Started process (PID=1701) to work on /home/airflow/.local/lib/python3.7/site-packages/airflow/example_dags/example_branch_labels.py
[2023-03-12T10:19:57.162+0000] {processor.py:743} INFO - Processing file /home/airflow/.local/lib/python3.7/site-packages/airflow/example_dags/example_branch_labels.py for tasks to queue
[2023-03-12T10:19:57.166+0000] {logging_mixin.py:137} INFO - [2023-03-12T10:19:57.165+0000] {dagbag.py:538} INFO - Filling up the DagBag from /home/airflow/.local/lib/python3.7/site-packages/airflow/example_dags/example_branch_labels.py
[2023-03-12T10:19:57.202+0000] {processor.py:753} INFO - DAG(s) dict_keys(['example_branch_labels']) retrieved from /home/airflow/.local/lib/python3.7/site-packages/airflow/example_dags/example_branch_labels.py
[2023-03-12T10:19:57.266+0000] {logging_mixin.py:137} INFO - [2023-03-12T10:19:57.266+0000] {dag.py:2690} INFO - Sync 1 DAGs
[2023-03-12T10:19:57.310+0000] {logging_mixin.py:137} INFO - [2023-03-12T10:19:57.310+0000] {dag.py:3441} INFO - Setting next_dagrun for example_branch_labels to 2023-03-11T00:00:00+00:00, run_after=2023-03-12T00:00:00+00:00
[2023-03-12T10:19:57.327+0000] {processor.py:175} INFO - Processing /home/airflow/.local/lib/python3.7/site-packages/airflow/example_dags/example_branch_labels.py took 0.182 seconds
[2023-03-12T10:20:27.445+0000] {processor.py:153} INFO - Started process (PID=1780) to work on /home/airflow/.local/lib/python3.7/site-packages/airflow/example_dags/example_branch_labels.py
[2023-03-12T10:20:27.461+0000] {processor.py:743} INFO - Processing file /home/airflow/.local/lib/python3.7/site-packages/airflow/example_dags/example_branch_labels.py for tasks to queue
[2023-03-12T10:20:27.465+0000] {logging_mixin.py:137} INFO - [2023-03-12T10:20:27.464+0000] {dagbag.py:538} INFO - Filling up the DagBag from /home/airflow/.local/lib/python3.7/site-packages/airflow/example_dags/example_branch_labels.py
[2023-03-12T10:20:27.486+0000] {processor.py:753} INFO - DAG(s) dict_keys(['example_branch_labels']) retrieved from /home/airflow/.local/lib/python3.7/site-packages/airflow/example_dags/example_branch_labels.py
[2023-03-12T10:20:27.519+0000] {logging_mixin.py:137} INFO - [2023-03-12T10:20:27.519+0000] {dag.py:2690} INFO - Sync 1 DAGs
[2023-03-12T10:20:27.543+0000] {logging_mixin.py:137} INFO - [2023-03-12T10:20:27.543+0000] {dag.py:3441} INFO - Setting next_dagrun for example_branch_labels to 2023-03-11T00:00:00+00:00, run_after=2023-03-12T00:00:00+00:00
[2023-03-12T10:20:27.558+0000] {processor.py:175} INFO - Processing /home/airflow/.local/lib/python3.7/site-packages/airflow/example_dags/example_branch_labels.py took 0.119 seconds
[2023-03-12T10:20:57.657+0000] {processor.py:153} INFO - Started process (PID=1845) to work on /home/airflow/.local/lib/python3.7/site-packages/airflow/example_dags/example_branch_labels.py
[2023-03-12T10:20:57.660+0000] {processor.py:743} INFO - Processing file /home/airflow/.local/lib/python3.7/site-packages/airflow/example_dags/example_branch_labels.py for tasks to queue
[2023-03-12T10:20:57.664+0000] {logging_mixin.py:137} INFO - [2023-03-12T10:20:57.663+0000] {dagbag.py:538} INFO - Filling up the DagBag from /home/airflow/.local/lib/python3.7/site-packages/airflow/example_dags/example_branch_labels.py
[2023-03-12T10:20:57.699+0000] {processor.py:753} INFO - DAG(s) dict_keys(['example_branch_labels']) retrieved from /home/airflow/.local/lib/python3.7/site-packages/airflow/example_dags/example_branch_labels.py
[2023-03-12T10:20:57.747+0000] {logging_mixin.py:137} INFO - [2023-03-12T10:20:57.747+0000] {dag.py:2690} INFO - Sync 1 DAGs
[2023-03-12T10:20:57.779+0000] {logging_mixin.py:137} INFO - [2023-03-12T10:20:57.779+0000] {dag.py:3441} INFO - Setting next_dagrun for example_branch_labels to 2023-03-11T00:00:00+00:00, run_after=2023-03-12T00:00:00+00:00
[2023-03-12T10:20:57.804+0000] {processor.py:175} INFO - Processing /home/airflow/.local/lib/python3.7/site-packages/airflow/example_dags/example_branch_labels.py took 0.154 seconds
[2023-03-12T10:21:28.266+0000] {processor.py:153} INFO - Started process (PID=1924) to work on /home/airflow/.local/lib/python3.7/site-packages/airflow/example_dags/example_branch_labels.py
[2023-03-12T10:21:28.269+0000] {processor.py:743} INFO - Processing file /home/airflow/.local/lib/python3.7/site-packages/airflow/example_dags/example_branch_labels.py for tasks to queue
[2023-03-12T10:21:28.271+0000] {logging_mixin.py:137} INFO - [2023-03-12T10:21:28.271+0000] {dagbag.py:538} INFO - Filling up the DagBag from /home/airflow/.local/lib/python3.7/site-packages/airflow/example_dags/example_branch_labels.py
[2023-03-12T10:21:28.298+0000] {processor.py:753} INFO - DAG(s) dict_keys(['example_branch_labels']) retrieved from /home/airflow/.local/lib/python3.7/site-packages/airflow/example_dags/example_branch_labels.py
[2023-03-12T10:21:28.330+0000] {logging_mixin.py:137} INFO - [2023-03-12T10:21:28.330+0000] {dag.py:2690} INFO - Sync 1 DAGs
[2023-03-12T10:21:28.357+0000] {logging_mixin.py:137} INFO - [2023-03-12T10:21:28.357+0000] {dag.py:3441} INFO - Setting next_dagrun for example_branch_labels to 2023-03-11T00:00:00+00:00, run_after=2023-03-12T00:00:00+00:00
[2023-03-12T10:21:28.372+0000] {processor.py:175} INFO - Processing /home/airflow/.local/lib/python3.7/site-packages/airflow/example_dags/example_branch_labels.py took 0.113 seconds
[2023-03-12T10:21:58.530+0000] {processor.py:153} INFO - Started process (PID=2002) to work on /home/airflow/.local/lib/python3.7/site-packages/airflow/example_dags/example_branch_labels.py
[2023-03-12T10:21:58.538+0000] {processor.py:743} INFO - Processing file /home/airflow/.local/lib/python3.7/site-packages/airflow/example_dags/example_branch_labels.py for tasks to queue
[2023-03-12T10:21:58.543+0000] {logging_mixin.py:137} INFO - [2023-03-12T10:21:58.543+0000] {dagbag.py:538} INFO - Filling up the DagBag from /home/airflow/.local/lib/python3.7/site-packages/airflow/example_dags/example_branch_labels.py
[2023-03-12T10:21:58.578+0000] {processor.py:753} INFO - DAG(s) dict_keys(['example_branch_labels']) retrieved from /home/airflow/.local/lib/python3.7/site-packages/airflow/example_dags/example_branch_labels.py
[2023-03-12T10:21:58.628+0000] {logging_mixin.py:137} INFO - [2023-03-12T10:21:58.628+0000] {dag.py:2690} INFO - Sync 1 DAGs
[2023-03-12T10:21:58.665+0000] {logging_mixin.py:137} INFO - [2023-03-12T10:21:58.665+0000] {dag.py:3441} INFO - Setting next_dagrun for example_branch_labels to 2023-03-11T00:00:00+00:00, run_after=2023-03-12T00:00:00+00:00
[2023-03-12T10:21:58.691+0000] {processor.py:175} INFO - Processing /home/airflow/.local/lib/python3.7/site-packages/airflow/example_dags/example_branch_labels.py took 0.175 seconds
