[2023-03-12T10:08:15.003+0000] {processor.py:153} INFO - Started process (PID=50) to work on /home/airflow/.local/lib/python3.7/site-packages/airflow/example_dags/example_subdag_operator.py
[2023-03-12T10:08:15.006+0000] {processor.py:743} INFO - Processing file /home/airflow/.local/lib/python3.7/site-packages/airflow/example_dags/example_subdag_operator.py for tasks to queue
[2023-03-12T10:08:15.009+0000] {logging_mixin.py:137} INFO - [2023-03-12T10:08:15.009+0000] {dagbag.py:538} INFO - Filling up the DagBag from /home/airflow/.local/lib/python3.7/site-packages/airflow/example_dags/example_subdag_operator.py
[2023-03-12T10:08:15.061+0000] {processor.py:753} INFO - DAG(s) dict_keys(['example_subdag_operator.section-1', 'example_subdag_operator.section-2', 'example_subdag_operator']) retrieved from /home/airflow/.local/lib/python3.7/site-packages/airflow/example_dags/example_subdag_operator.py
[2023-03-12T10:08:15.074+0000] {logging_mixin.py:137} INFO - [2023-03-12T10:08:15.074+0000] {dag.py:2690} INFO - Sync 3 DAGs
[2023-03-12T10:08:15.120+0000] {logging_mixin.py:137} INFO - [2023-03-12T10:08:15.120+0000] {dag.py:3441} INFO - Setting next_dagrun for example_subdag_operator to 2022-01-01T00:00:00+00:00, run_after=2022-01-01T00:00:00+00:00
[2023-03-12T10:08:15.128+0000] {logging_mixin.py:137} INFO - [2023-03-12T10:08:15.128+0000] {dag.py:3441} INFO - Setting next_dagrun for example_subdag_operator.section-1 to None, run_after=None
[2023-03-12T10:08:15.141+0000] {logging_mixin.py:137} INFO - [2023-03-12T10:08:15.140+0000] {dag.py:3441} INFO - Setting next_dagrun for example_subdag_operator.section-2 to None, run_after=None
[2023-03-12T10:08:15.152+0000] {logging_mixin.py:137} INFO - [2023-03-12T10:08:15.151+0000] {dag.py:2690} INFO - Sync 2 DAGs
[2023-03-12T10:08:15.158+0000] {logging_mixin.py:137} INFO - [2023-03-12T10:08:15.158+0000] {dag.py:3441} INFO - Setting next_dagrun for example_subdag_operator.section-1 to None, run_after=None
[2023-03-12T10:08:15.160+0000] {logging_mixin.py:137} INFO - [2023-03-12T10:08:15.160+0000] {dag.py:3441} INFO - Setting next_dagrun for example_subdag_operator.section-2 to None, run_after=None
[2023-03-12T10:08:15.173+0000] {processor.py:175} INFO - Processing /home/airflow/.local/lib/python3.7/site-packages/airflow/example_dags/example_subdag_operator.py took 0.175 seconds
[2023-03-12T10:08:45.813+0000] {processor.py:153} INFO - Started process (PID=127) to work on /home/airflow/.local/lib/python3.7/site-packages/airflow/example_dags/example_subdag_operator.py
[2023-03-12T10:08:45.814+0000] {processor.py:743} INFO - Processing file /home/airflow/.local/lib/python3.7/site-packages/airflow/example_dags/example_subdag_operator.py for tasks to queue
[2023-03-12T10:08:45.816+0000] {logging_mixin.py:137} INFO - [2023-03-12T10:08:45.816+0000] {dagbag.py:538} INFO - Filling up the DagBag from /home/airflow/.local/lib/python3.7/site-packages/airflow/example_dags/example_subdag_operator.py
[2023-03-12T10:08:45.849+0000] {processor.py:753} INFO - DAG(s) dict_keys(['example_subdag_operator.section-1', 'example_subdag_operator.section-2', 'example_subdag_operator']) retrieved from /home/airflow/.local/lib/python3.7/site-packages/airflow/example_dags/example_subdag_operator.py
[2023-03-12T10:08:45.864+0000] {logging_mixin.py:137} INFO - [2023-03-12T10:08:45.864+0000] {dag.py:2690} INFO - Sync 3 DAGs
[2023-03-12T10:08:45.888+0000] {logging_mixin.py:137} INFO - [2023-03-12T10:08:45.888+0000] {dag.py:3441} INFO - Setting next_dagrun for example_subdag_operator to 2022-01-01T00:00:00+00:00, run_after=2022-01-01T00:00:00+00:00
[2023-03-12T10:08:45.893+0000] {logging_mixin.py:137} INFO - [2023-03-12T10:08:45.893+0000] {dag.py:3441} INFO - Setting next_dagrun for example_subdag_operator.section-1 to None, run_after=None
[2023-03-12T10:08:45.896+0000] {logging_mixin.py:137} INFO - [2023-03-12T10:08:45.896+0000] {dag.py:3441} INFO - Setting next_dagrun for example_subdag_operator.section-2 to None, run_after=None
[2023-03-12T10:08:45.905+0000] {logging_mixin.py:137} INFO - [2023-03-12T10:08:45.905+0000] {dag.py:2690} INFO - Sync 2 DAGs
[2023-03-12T10:08:45.913+0000] {logging_mixin.py:137} INFO - [2023-03-12T10:08:45.913+0000] {dag.py:3441} INFO - Setting next_dagrun for example_subdag_operator.section-1 to None, run_after=None
[2023-03-12T10:08:45.916+0000] {logging_mixin.py:137} INFO - [2023-03-12T10:08:45.916+0000] {dag.py:3441} INFO - Setting next_dagrun for example_subdag_operator.section-2 to None, run_after=None
[2023-03-12T10:08:45.927+0000] {processor.py:175} INFO - Processing /home/airflow/.local/lib/python3.7/site-packages/airflow/example_dags/example_subdag_operator.py took 0.117 seconds
[2023-03-12T10:09:17.094+0000] {processor.py:153} INFO - Started process (PID=191) to work on /home/airflow/.local/lib/python3.7/site-packages/airflow/example_dags/example_subdag_operator.py
[2023-03-12T10:09:17.098+0000] {processor.py:743} INFO - Processing file /home/airflow/.local/lib/python3.7/site-packages/airflow/example_dags/example_subdag_operator.py for tasks to queue
[2023-03-12T10:09:17.101+0000] {logging_mixin.py:137} INFO - [2023-03-12T10:09:17.100+0000] {dagbag.py:538} INFO - Filling up the DagBag from /home/airflow/.local/lib/python3.7/site-packages/airflow/example_dags/example_subdag_operator.py
[2023-03-12T10:09:17.159+0000] {processor.py:753} INFO - DAG(s) dict_keys(['example_subdag_operator.section-1', 'example_subdag_operator.section-2', 'example_subdag_operator']) retrieved from /home/airflow/.local/lib/python3.7/site-packages/airflow/example_dags/example_subdag_operator.py
[2023-03-12T10:09:17.180+0000] {logging_mixin.py:137} INFO - [2023-03-12T10:09:17.179+0000] {dag.py:2690} INFO - Sync 3 DAGs
[2023-03-12T10:09:17.226+0000] {logging_mixin.py:137} INFO - [2023-03-12T10:09:17.225+0000] {dag.py:3441} INFO - Setting next_dagrun for example_subdag_operator to 2022-01-01T00:00:00+00:00, run_after=2022-01-01T00:00:00+00:00
[2023-03-12T10:09:17.235+0000] {logging_mixin.py:137} INFO - [2023-03-12T10:09:17.235+0000] {dag.py:3441} INFO - Setting next_dagrun for example_subdag_operator.section-1 to None, run_after=None
[2023-03-12T10:09:17.238+0000] {logging_mixin.py:137} INFO - [2023-03-12T10:09:17.238+0000] {dag.py:3441} INFO - Setting next_dagrun for example_subdag_operator.section-2 to None, run_after=None
[2023-03-12T10:09:17.247+0000] {logging_mixin.py:137} INFO - [2023-03-12T10:09:17.247+0000] {dag.py:2690} INFO - Sync 2 DAGs
[2023-03-12T10:09:17.256+0000] {logging_mixin.py:137} INFO - [2023-03-12T10:09:17.256+0000] {dag.py:3441} INFO - Setting next_dagrun for example_subdag_operator.section-1 to None, run_after=None
[2023-03-12T10:09:17.258+0000] {logging_mixin.py:137} INFO - [2023-03-12T10:09:17.258+0000] {dag.py:3441} INFO - Setting next_dagrun for example_subdag_operator.section-2 to None, run_after=None
[2023-03-12T10:09:17.292+0000] {processor.py:175} INFO - Processing /home/airflow/.local/lib/python3.7/site-packages/airflow/example_dags/example_subdag_operator.py took 0.202 seconds
[2023-03-12T10:09:48.225+0000] {processor.py:153} INFO - Started process (PID=269) to work on /home/airflow/.local/lib/python3.7/site-packages/airflow/example_dags/example_subdag_operator.py
[2023-03-12T10:09:48.227+0000] {processor.py:743} INFO - Processing file /home/airflow/.local/lib/python3.7/site-packages/airflow/example_dags/example_subdag_operator.py for tasks to queue
[2023-03-12T10:09:48.229+0000] {logging_mixin.py:137} INFO - [2023-03-12T10:09:48.229+0000] {dagbag.py:538} INFO - Filling up the DagBag from /home/airflow/.local/lib/python3.7/site-packages/airflow/example_dags/example_subdag_operator.py
[2023-03-12T10:09:48.263+0000] {processor.py:753} INFO - DAG(s) dict_keys(['example_subdag_operator.section-1', 'example_subdag_operator.section-2', 'example_subdag_operator']) retrieved from /home/airflow/.local/lib/python3.7/site-packages/airflow/example_dags/example_subdag_operator.py
[2023-03-12T10:09:48.278+0000] {logging_mixin.py:137} INFO - [2023-03-12T10:09:48.278+0000] {dag.py:2690} INFO - Sync 3 DAGs
[2023-03-12T10:09:48.295+0000] {logging_mixin.py:137} INFO - [2023-03-12T10:09:48.295+0000] {dag.py:3441} INFO - Setting next_dagrun for example_subdag_operator to 2022-01-01T00:00:00+00:00, run_after=2022-01-01T00:00:00+00:00
[2023-03-12T10:09:48.300+0000] {logging_mixin.py:137} INFO - [2023-03-12T10:09:48.300+0000] {dag.py:3441} INFO - Setting next_dagrun for example_subdag_operator.section-1 to None, run_after=None
[2023-03-12T10:09:48.302+0000] {logging_mixin.py:137} INFO - [2023-03-12T10:09:48.302+0000] {dag.py:3441} INFO - Setting next_dagrun for example_subdag_operator.section-2 to None, run_after=None
[2023-03-12T10:09:48.309+0000] {logging_mixin.py:137} INFO - [2023-03-12T10:09:48.309+0000] {dag.py:2690} INFO - Sync 2 DAGs
[2023-03-12T10:09:48.315+0000] {logging_mixin.py:137} INFO - [2023-03-12T10:09:48.315+0000] {dag.py:3441} INFO - Setting next_dagrun for example_subdag_operator.section-1 to None, run_after=None
[2023-03-12T10:09:48.316+0000] {logging_mixin.py:137} INFO - [2023-03-12T10:09:48.316+0000] {dag.py:3441} INFO - Setting next_dagrun for example_subdag_operator.section-2 to None, run_after=None
[2023-03-12T10:09:48.325+0000] {processor.py:175} INFO - Processing /home/airflow/.local/lib/python3.7/site-packages/airflow/example_dags/example_subdag_operator.py took 0.103 seconds
[2023-03-12T10:10:19.090+0000] {processor.py:153} INFO - Started process (PID=346) to work on /home/airflow/.local/lib/python3.7/site-packages/airflow/example_dags/example_subdag_operator.py
[2023-03-12T10:10:19.093+0000] {processor.py:743} INFO - Processing file /home/airflow/.local/lib/python3.7/site-packages/airflow/example_dags/example_subdag_operator.py for tasks to queue
[2023-03-12T10:10:19.095+0000] {logging_mixin.py:137} INFO - [2023-03-12T10:10:19.095+0000] {dagbag.py:538} INFO - Filling up the DagBag from /home/airflow/.local/lib/python3.7/site-packages/airflow/example_dags/example_subdag_operator.py
[2023-03-12T10:10:19.129+0000] {processor.py:753} INFO - DAG(s) dict_keys(['example_subdag_operator.section-1', 'example_subdag_operator.section-2', 'example_subdag_operator']) retrieved from /home/airflow/.local/lib/python3.7/site-packages/airflow/example_dags/example_subdag_operator.py
[2023-03-12T10:10:19.145+0000] {logging_mixin.py:137} INFO - [2023-03-12T10:10:19.145+0000] {dag.py:2690} INFO - Sync 3 DAGs
[2023-03-12T10:10:19.165+0000] {logging_mixin.py:137} INFO - [2023-03-12T10:10:19.165+0000] {dag.py:3441} INFO - Setting next_dagrun for example_subdag_operator to 2022-01-01T00:00:00+00:00, run_after=2022-01-01T00:00:00+00:00
[2023-03-12T10:10:19.168+0000] {logging_mixin.py:137} INFO - [2023-03-12T10:10:19.168+0000] {dag.py:3441} INFO - Setting next_dagrun for example_subdag_operator.section-1 to None, run_after=None
[2023-03-12T10:10:19.171+0000] {logging_mixin.py:137} INFO - [2023-03-12T10:10:19.171+0000] {dag.py:3441} INFO - Setting next_dagrun for example_subdag_operator.section-2 to None, run_after=None
[2023-03-12T10:10:19.177+0000] {logging_mixin.py:137} INFO - [2023-03-12T10:10:19.177+0000] {dag.py:2690} INFO - Sync 2 DAGs
[2023-03-12T10:10:19.182+0000] {logging_mixin.py:137} INFO - [2023-03-12T10:10:19.182+0000] {dag.py:3441} INFO - Setting next_dagrun for example_subdag_operator.section-1 to None, run_after=None
[2023-03-12T10:10:19.183+0000] {logging_mixin.py:137} INFO - [2023-03-12T10:10:19.183+0000] {dag.py:3441} INFO - Setting next_dagrun for example_subdag_operator.section-2 to None, run_after=None
[2023-03-12T10:10:19.193+0000] {processor.py:175} INFO - Processing /home/airflow/.local/lib/python3.7/site-packages/airflow/example_dags/example_subdag_operator.py took 0.107 seconds
[2023-03-12T10:10:49.309+0000] {processor.py:153} INFO - Started process (PID=411) to work on /home/airflow/.local/lib/python3.7/site-packages/airflow/example_dags/example_subdag_operator.py
[2023-03-12T10:10:49.312+0000] {processor.py:743} INFO - Processing file /home/airflow/.local/lib/python3.7/site-packages/airflow/example_dags/example_subdag_operator.py for tasks to queue
[2023-03-12T10:10:49.314+0000] {logging_mixin.py:137} INFO - [2023-03-12T10:10:49.314+0000] {dagbag.py:538} INFO - Filling up the DagBag from /home/airflow/.local/lib/python3.7/site-packages/airflow/example_dags/example_subdag_operator.py
[2023-03-12T10:10:49.359+0000] {processor.py:753} INFO - DAG(s) dict_keys(['example_subdag_operator.section-1', 'example_subdag_operator.section-2', 'example_subdag_operator']) retrieved from /home/airflow/.local/lib/python3.7/site-packages/airflow/example_dags/example_subdag_operator.py
[2023-03-12T10:10:49.378+0000] {logging_mixin.py:137} INFO - [2023-03-12T10:10:49.378+0000] {dag.py:2690} INFO - Sync 3 DAGs
[2023-03-12T10:10:49.400+0000] {logging_mixin.py:137} INFO - [2023-03-12T10:10:49.400+0000] {dag.py:3441} INFO - Setting next_dagrun for example_subdag_operator to 2022-01-01T00:00:00+00:00, run_after=2022-01-01T00:00:00+00:00
[2023-03-12T10:10:49.405+0000] {logging_mixin.py:137} INFO - [2023-03-12T10:10:49.404+0000] {dag.py:3441} INFO - Setting next_dagrun for example_subdag_operator.section-1 to None, run_after=None
[2023-03-12T10:10:49.408+0000] {logging_mixin.py:137} INFO - [2023-03-12T10:10:49.408+0000] {dag.py:3441} INFO - Setting next_dagrun for example_subdag_operator.section-2 to None, run_after=None
[2023-03-12T10:10:49.416+0000] {logging_mixin.py:137} INFO - [2023-03-12T10:10:49.416+0000] {dag.py:2690} INFO - Sync 2 DAGs
[2023-03-12T10:10:49.421+0000] {logging_mixin.py:137} INFO - [2023-03-12T10:10:49.421+0000] {dag.py:3441} INFO - Setting next_dagrun for example_subdag_operator.section-1 to None, run_after=None
[2023-03-12T10:10:49.423+0000] {logging_mixin.py:137} INFO - [2023-03-12T10:10:49.423+0000] {dag.py:3441} INFO - Setting next_dagrun for example_subdag_operator.section-2 to None, run_after=None
[2023-03-12T10:10:49.434+0000] {processor.py:175} INFO - Processing /home/airflow/.local/lib/python3.7/site-packages/airflow/example_dags/example_subdag_operator.py took 0.130 seconds
[2023-03-12T10:11:19.515+0000] {processor.py:153} INFO - Started process (PID=489) to work on /home/airflow/.local/lib/python3.7/site-packages/airflow/example_dags/example_subdag_operator.py
[2023-03-12T10:11:19.517+0000] {processor.py:743} INFO - Processing file /home/airflow/.local/lib/python3.7/site-packages/airflow/example_dags/example_subdag_operator.py for tasks to queue
[2023-03-12T10:11:19.519+0000] {logging_mixin.py:137} INFO - [2023-03-12T10:11:19.519+0000] {dagbag.py:538} INFO - Filling up the DagBag from /home/airflow/.local/lib/python3.7/site-packages/airflow/example_dags/example_subdag_operator.py
[2023-03-12T10:11:19.548+0000] {processor.py:753} INFO - DAG(s) dict_keys(['example_subdag_operator.section-1', 'example_subdag_operator.section-2', 'example_subdag_operator']) retrieved from /home/airflow/.local/lib/python3.7/site-packages/airflow/example_dags/example_subdag_operator.py
[2023-03-12T10:11:19.562+0000] {logging_mixin.py:137} INFO - [2023-03-12T10:11:19.562+0000] {dag.py:2690} INFO - Sync 3 DAGs
[2023-03-12T10:11:19.582+0000] {logging_mixin.py:137} INFO - [2023-03-12T10:11:19.582+0000] {dag.py:3441} INFO - Setting next_dagrun for example_subdag_operator to 2022-01-01T00:00:00+00:00, run_after=2022-01-01T00:00:00+00:00
[2023-03-12T10:11:19.586+0000] {logging_mixin.py:137} INFO - [2023-03-12T10:11:19.586+0000] {dag.py:3441} INFO - Setting next_dagrun for example_subdag_operator.section-1 to None, run_after=None
[2023-03-12T10:11:19.591+0000] {logging_mixin.py:137} INFO - [2023-03-12T10:11:19.591+0000] {dag.py:3441} INFO - Setting next_dagrun for example_subdag_operator.section-2 to None, run_after=None
[2023-03-12T10:11:19.599+0000] {logging_mixin.py:137} INFO - [2023-03-12T10:11:19.598+0000] {dag.py:2690} INFO - Sync 2 DAGs
[2023-03-12T10:11:19.603+0000] {logging_mixin.py:137} INFO - [2023-03-12T10:11:19.603+0000] {dag.py:3441} INFO - Setting next_dagrun for example_subdag_operator.section-1 to None, run_after=None
[2023-03-12T10:11:19.605+0000] {logging_mixin.py:137} INFO - [2023-03-12T10:11:19.605+0000] {dag.py:3441} INFO - Setting next_dagrun for example_subdag_operator.section-2 to None, run_after=None
[2023-03-12T10:11:19.618+0000] {processor.py:175} INFO - Processing /home/airflow/.local/lib/python3.7/site-packages/airflow/example_dags/example_subdag_operator.py took 0.106 seconds
[2023-03-12T10:11:49.729+0000] {processor.py:153} INFO - Started process (PID=564) to work on /home/airflow/.local/lib/python3.7/site-packages/airflow/example_dags/example_subdag_operator.py
[2023-03-12T10:11:49.731+0000] {processor.py:743} INFO - Processing file /home/airflow/.local/lib/python3.7/site-packages/airflow/example_dags/example_subdag_operator.py for tasks to queue
[2023-03-12T10:11:49.734+0000] {logging_mixin.py:137} INFO - [2023-03-12T10:11:49.734+0000] {dagbag.py:538} INFO - Filling up the DagBag from /home/airflow/.local/lib/python3.7/site-packages/airflow/example_dags/example_subdag_operator.py
[2023-03-12T10:11:49.766+0000] {processor.py:753} INFO - DAG(s) dict_keys(['example_subdag_operator.section-1', 'example_subdag_operator.section-2', 'example_subdag_operator']) retrieved from /home/airflow/.local/lib/python3.7/site-packages/airflow/example_dags/example_subdag_operator.py
[2023-03-12T10:11:49.781+0000] {logging_mixin.py:137} INFO - [2023-03-12T10:11:49.781+0000] {dag.py:2690} INFO - Sync 3 DAGs
[2023-03-12T10:11:49.801+0000] {logging_mixin.py:137} INFO - [2023-03-12T10:11:49.801+0000] {dag.py:3441} INFO - Setting next_dagrun for example_subdag_operator to 2022-01-01T00:00:00+00:00, run_after=2022-01-01T00:00:00+00:00
[2023-03-12T10:11:49.805+0000] {logging_mixin.py:137} INFO - [2023-03-12T10:11:49.805+0000] {dag.py:3441} INFO - Setting next_dagrun for example_subdag_operator.section-1 to None, run_after=None
[2023-03-12T10:11:49.807+0000] {logging_mixin.py:137} INFO - [2023-03-12T10:11:49.807+0000] {dag.py:3441} INFO - Setting next_dagrun for example_subdag_operator.section-2 to None, run_after=None
[2023-03-12T10:11:49.814+0000] {logging_mixin.py:137} INFO - [2023-03-12T10:11:49.814+0000] {dag.py:2690} INFO - Sync 2 DAGs
[2023-03-12T10:11:49.820+0000] {logging_mixin.py:137} INFO - [2023-03-12T10:11:49.819+0000] {dag.py:3441} INFO - Setting next_dagrun for example_subdag_operator.section-1 to None, run_after=None
[2023-03-12T10:11:49.821+0000] {logging_mixin.py:137} INFO - [2023-03-12T10:11:49.821+0000] {dag.py:3441} INFO - Setting next_dagrun for example_subdag_operator.section-2 to None, run_after=None
[2023-03-12T10:11:49.833+0000] {processor.py:175} INFO - Processing /home/airflow/.local/lib/python3.7/site-packages/airflow/example_dags/example_subdag_operator.py took 0.111 seconds
[2023-03-12T10:12:19.917+0000] {processor.py:153} INFO - Started process (PID=630) to work on /home/airflow/.local/lib/python3.7/site-packages/airflow/example_dags/example_subdag_operator.py
[2023-03-12T10:12:19.922+0000] {processor.py:743} INFO - Processing file /home/airflow/.local/lib/python3.7/site-packages/airflow/example_dags/example_subdag_operator.py for tasks to queue
[2023-03-12T10:12:19.924+0000] {logging_mixin.py:137} INFO - [2023-03-12T10:12:19.923+0000] {dagbag.py:538} INFO - Filling up the DagBag from /home/airflow/.local/lib/python3.7/site-packages/airflow/example_dags/example_subdag_operator.py
[2023-03-12T10:12:19.970+0000] {processor.py:753} INFO - DAG(s) dict_keys(['example_subdag_operator.section-1', 'example_subdag_operator.section-2', 'example_subdag_operator']) retrieved from /home/airflow/.local/lib/python3.7/site-packages/airflow/example_dags/example_subdag_operator.py
[2023-03-12T10:12:19.988+0000] {logging_mixin.py:137} INFO - [2023-03-12T10:12:19.988+0000] {dag.py:2690} INFO - Sync 3 DAGs
[2023-03-12T10:12:20.018+0000] {logging_mixin.py:137} INFO - [2023-03-12T10:12:20.018+0000] {dag.py:3441} INFO - Setting next_dagrun for example_subdag_operator to 2022-01-01T00:00:00+00:00, run_after=2022-01-01T00:00:00+00:00
[2023-03-12T10:12:20.022+0000] {logging_mixin.py:137} INFO - [2023-03-12T10:12:20.022+0000] {dag.py:3441} INFO - Setting next_dagrun for example_subdag_operator.section-1 to None, run_after=None
[2023-03-12T10:12:20.025+0000] {logging_mixin.py:137} INFO - [2023-03-12T10:12:20.025+0000] {dag.py:3441} INFO - Setting next_dagrun for example_subdag_operator.section-2 to None, run_after=None
[2023-03-12T10:12:20.038+0000] {logging_mixin.py:137} INFO - [2023-03-12T10:12:20.038+0000] {dag.py:2690} INFO - Sync 2 DAGs
[2023-03-12T10:12:20.047+0000] {logging_mixin.py:137} INFO - [2023-03-12T10:12:20.047+0000] {dag.py:3441} INFO - Setting next_dagrun for example_subdag_operator.section-1 to None, run_after=None
[2023-03-12T10:12:20.048+0000] {logging_mixin.py:137} INFO - [2023-03-12T10:12:20.048+0000] {dag.py:3441} INFO - Setting next_dagrun for example_subdag_operator.section-2 to None, run_after=None
[2023-03-12T10:12:20.058+0000] {processor.py:175} INFO - Processing /home/airflow/.local/lib/python3.7/site-packages/airflow/example_dags/example_subdag_operator.py took 0.146 seconds
[2023-03-12T10:12:50.312+0000] {processor.py:153} INFO - Started process (PID=707) to work on /home/airflow/.local/lib/python3.7/site-packages/airflow/example_dags/example_subdag_operator.py
[2023-03-12T10:12:50.316+0000] {processor.py:743} INFO - Processing file /home/airflow/.local/lib/python3.7/site-packages/airflow/example_dags/example_subdag_operator.py for tasks to queue
[2023-03-12T10:12:50.318+0000] {logging_mixin.py:137} INFO - [2023-03-12T10:12:50.318+0000] {dagbag.py:538} INFO - Filling up the DagBag from /home/airflow/.local/lib/python3.7/site-packages/airflow/example_dags/example_subdag_operator.py
[2023-03-12T10:12:50.355+0000] {processor.py:753} INFO - DAG(s) dict_keys(['example_subdag_operator.section-1', 'example_subdag_operator.section-2', 'example_subdag_operator']) retrieved from /home/airflow/.local/lib/python3.7/site-packages/airflow/example_dags/example_subdag_operator.py
[2023-03-12T10:12:50.372+0000] {logging_mixin.py:137} INFO - [2023-03-12T10:12:50.372+0000] {dag.py:2690} INFO - Sync 3 DAGs
[2023-03-12T10:12:50.391+0000] {logging_mixin.py:137} INFO - [2023-03-12T10:12:50.391+0000] {dag.py:3441} INFO - Setting next_dagrun for example_subdag_operator to 2022-01-01T00:00:00+00:00, run_after=2022-01-01T00:00:00+00:00
[2023-03-12T10:12:50.396+0000] {logging_mixin.py:137} INFO - [2023-03-12T10:12:50.396+0000] {dag.py:3441} INFO - Setting next_dagrun for example_subdag_operator.section-1 to None, run_after=None
[2023-03-12T10:12:50.399+0000] {logging_mixin.py:137} INFO - [2023-03-12T10:12:50.399+0000] {dag.py:3441} INFO - Setting next_dagrun for example_subdag_operator.section-2 to None, run_after=None
[2023-03-12T10:12:50.405+0000] {logging_mixin.py:137} INFO - [2023-03-12T10:12:50.405+0000] {dag.py:2690} INFO - Sync 2 DAGs
[2023-03-12T10:12:50.410+0000] {logging_mixin.py:137} INFO - [2023-03-12T10:12:50.410+0000] {dag.py:3441} INFO - Setting next_dagrun for example_subdag_operator.section-1 to None, run_after=None
[2023-03-12T10:12:50.415+0000] {logging_mixin.py:137} INFO - [2023-03-12T10:12:50.415+0000] {dag.py:3441} INFO - Setting next_dagrun for example_subdag_operator.section-2 to None, run_after=None
[2023-03-12T10:12:50.438+0000] {processor.py:175} INFO - Processing /home/airflow/.local/lib/python3.7/site-packages/airflow/example_dags/example_subdag_operator.py took 0.132 seconds
[2023-03-12T10:13:20.830+0000] {processor.py:153} INFO - Started process (PID=772) to work on /home/airflow/.local/lib/python3.7/site-packages/airflow/example_dags/example_subdag_operator.py
[2023-03-12T10:13:20.832+0000] {processor.py:743} INFO - Processing file /home/airflow/.local/lib/python3.7/site-packages/airflow/example_dags/example_subdag_operator.py for tasks to queue
[2023-03-12T10:13:20.835+0000] {logging_mixin.py:137} INFO - [2023-03-12T10:13:20.834+0000] {dagbag.py:538} INFO - Filling up the DagBag from /home/airflow/.local/lib/python3.7/site-packages/airflow/example_dags/example_subdag_operator.py
[2023-03-12T10:13:20.868+0000] {processor.py:753} INFO - DAG(s) dict_keys(['example_subdag_operator.section-1', 'example_subdag_operator.section-2', 'example_subdag_operator']) retrieved from /home/airflow/.local/lib/python3.7/site-packages/airflow/example_dags/example_subdag_operator.py
[2023-03-12T10:13:20.885+0000] {logging_mixin.py:137} INFO - [2023-03-12T10:13:20.885+0000] {dag.py:2690} INFO - Sync 3 DAGs
[2023-03-12T10:13:20.906+0000] {logging_mixin.py:137} INFO - [2023-03-12T10:13:20.906+0000] {dag.py:3441} INFO - Setting next_dagrun for example_subdag_operator to 2022-01-01T00:00:00+00:00, run_after=2022-01-01T00:00:00+00:00
[2023-03-12T10:13:20.912+0000] {logging_mixin.py:137} INFO - [2023-03-12T10:13:20.912+0000] {dag.py:3441} INFO - Setting next_dagrun for example_subdag_operator.section-1 to None, run_after=None
[2023-03-12T10:13:20.915+0000] {logging_mixin.py:137} INFO - [2023-03-12T10:13:20.915+0000] {dag.py:3441} INFO - Setting next_dagrun for example_subdag_operator.section-2 to None, run_after=None
[2023-03-12T10:13:20.922+0000] {logging_mixin.py:137} INFO - [2023-03-12T10:13:20.922+0000] {dag.py:2690} INFO - Sync 2 DAGs
[2023-03-12T10:13:20.928+0000] {logging_mixin.py:137} INFO - [2023-03-12T10:13:20.927+0000] {dag.py:3441} INFO - Setting next_dagrun for example_subdag_operator.section-1 to None, run_after=None
[2023-03-12T10:13:20.929+0000] {logging_mixin.py:137} INFO - [2023-03-12T10:13:20.929+0000] {dag.py:3441} INFO - Setting next_dagrun for example_subdag_operator.section-2 to None, run_after=None
[2023-03-12T10:13:20.941+0000] {processor.py:175} INFO - Processing /home/airflow/.local/lib/python3.7/site-packages/airflow/example_dags/example_subdag_operator.py took 0.115 seconds
[2023-03-12T10:13:51.137+0000] {processor.py:153} INFO - Started process (PID=849) to work on /home/airflow/.local/lib/python3.7/site-packages/airflow/example_dags/example_subdag_operator.py
[2023-03-12T10:13:51.141+0000] {processor.py:743} INFO - Processing file /home/airflow/.local/lib/python3.7/site-packages/airflow/example_dags/example_subdag_operator.py for tasks to queue
[2023-03-12T10:13:51.149+0000] {logging_mixin.py:137} INFO - [2023-03-12T10:13:51.148+0000] {dagbag.py:538} INFO - Filling up the DagBag from /home/airflow/.local/lib/python3.7/site-packages/airflow/example_dags/example_subdag_operator.py
[2023-03-12T10:13:51.184+0000] {processor.py:753} INFO - DAG(s) dict_keys(['example_subdag_operator.section-1', 'example_subdag_operator.section-2', 'example_subdag_operator']) retrieved from /home/airflow/.local/lib/python3.7/site-packages/airflow/example_dags/example_subdag_operator.py
[2023-03-12T10:13:51.200+0000] {logging_mixin.py:137} INFO - [2023-03-12T10:13:51.200+0000] {dag.py:2690} INFO - Sync 3 DAGs
[2023-03-12T10:13:51.219+0000] {logging_mixin.py:137} INFO - [2023-03-12T10:13:51.218+0000] {dag.py:3441} INFO - Setting next_dagrun for example_subdag_operator to 2022-01-01T00:00:00+00:00, run_after=2022-01-01T00:00:00+00:00
[2023-03-12T10:13:51.222+0000] {logging_mixin.py:137} INFO - [2023-03-12T10:13:51.222+0000] {dag.py:3441} INFO - Setting next_dagrun for example_subdag_operator.section-1 to None, run_after=None
[2023-03-12T10:13:51.224+0000] {logging_mixin.py:137} INFO - [2023-03-12T10:13:51.224+0000] {dag.py:3441} INFO - Setting next_dagrun for example_subdag_operator.section-2 to None, run_after=None
[2023-03-12T10:13:51.231+0000] {logging_mixin.py:137} INFO - [2023-03-12T10:13:51.230+0000] {dag.py:2690} INFO - Sync 2 DAGs
[2023-03-12T10:13:51.235+0000] {logging_mixin.py:137} INFO - [2023-03-12T10:13:51.235+0000] {dag.py:3441} INFO - Setting next_dagrun for example_subdag_operator.section-1 to None, run_after=None
[2023-03-12T10:13:51.237+0000] {logging_mixin.py:137} INFO - [2023-03-12T10:13:51.236+0000] {dag.py:3441} INFO - Setting next_dagrun for example_subdag_operator.section-2 to None, run_after=None
[2023-03-12T10:13:51.247+0000] {processor.py:175} INFO - Processing /home/airflow/.local/lib/python3.7/site-packages/airflow/example_dags/example_subdag_operator.py took 0.117 seconds
[2023-03-12T10:14:21.318+0000] {processor.py:153} INFO - Started process (PID=926) to work on /home/airflow/.local/lib/python3.7/site-packages/airflow/example_dags/example_subdag_operator.py
[2023-03-12T10:14:21.320+0000] {processor.py:743} INFO - Processing file /home/airflow/.local/lib/python3.7/site-packages/airflow/example_dags/example_subdag_operator.py for tasks to queue
[2023-03-12T10:14:21.323+0000] {logging_mixin.py:137} INFO - [2023-03-12T10:14:21.322+0000] {dagbag.py:538} INFO - Filling up the DagBag from /home/airflow/.local/lib/python3.7/site-packages/airflow/example_dags/example_subdag_operator.py
[2023-03-12T10:14:21.361+0000] {processor.py:753} INFO - DAG(s) dict_keys(['example_subdag_operator.section-1', 'example_subdag_operator.section-2', 'example_subdag_operator']) retrieved from /home/airflow/.local/lib/python3.7/site-packages/airflow/example_dags/example_subdag_operator.py
[2023-03-12T10:14:21.381+0000] {logging_mixin.py:137} INFO - [2023-03-12T10:14:21.381+0000] {dag.py:2690} INFO - Sync 3 DAGs
[2023-03-12T10:14:21.408+0000] {logging_mixin.py:137} INFO - [2023-03-12T10:14:21.408+0000] {dag.py:3441} INFO - Setting next_dagrun for example_subdag_operator to 2022-01-01T00:00:00+00:00, run_after=2022-01-01T00:00:00+00:00
[2023-03-12T10:14:21.415+0000] {logging_mixin.py:137} INFO - [2023-03-12T10:14:21.414+0000] {dag.py:3441} INFO - Setting next_dagrun for example_subdag_operator.section-1 to None, run_after=None
[2023-03-12T10:14:21.418+0000] {logging_mixin.py:137} INFO - [2023-03-12T10:14:21.418+0000] {dag.py:3441} INFO - Setting next_dagrun for example_subdag_operator.section-2 to None, run_after=None
[2023-03-12T10:14:21.427+0000] {logging_mixin.py:137} INFO - [2023-03-12T10:14:21.427+0000] {dag.py:2690} INFO - Sync 2 DAGs
[2023-03-12T10:14:21.434+0000] {logging_mixin.py:137} INFO - [2023-03-12T10:14:21.434+0000] {dag.py:3441} INFO - Setting next_dagrun for example_subdag_operator.section-1 to None, run_after=None
[2023-03-12T10:14:21.436+0000] {logging_mixin.py:137} INFO - [2023-03-12T10:14:21.436+0000] {dag.py:3441} INFO - Setting next_dagrun for example_subdag_operator.section-2 to None, run_after=None
[2023-03-12T10:14:21.452+0000] {processor.py:175} INFO - Processing /home/airflow/.local/lib/python3.7/site-packages/airflow/example_dags/example_subdag_operator.py took 0.141 seconds
[2023-03-12T10:14:51.556+0000] {processor.py:153} INFO - Started process (PID=992) to work on /home/airflow/.local/lib/python3.7/site-packages/airflow/example_dags/example_subdag_operator.py
[2023-03-12T10:14:51.558+0000] {processor.py:743} INFO - Processing file /home/airflow/.local/lib/python3.7/site-packages/airflow/example_dags/example_subdag_operator.py for tasks to queue
[2023-03-12T10:14:51.560+0000] {logging_mixin.py:137} INFO - [2023-03-12T10:14:51.560+0000] {dagbag.py:538} INFO - Filling up the DagBag from /home/airflow/.local/lib/python3.7/site-packages/airflow/example_dags/example_subdag_operator.py
[2023-03-12T10:14:51.591+0000] {processor.py:753} INFO - DAG(s) dict_keys(['example_subdag_operator.section-1', 'example_subdag_operator.section-2', 'example_subdag_operator']) retrieved from /home/airflow/.local/lib/python3.7/site-packages/airflow/example_dags/example_subdag_operator.py
[2023-03-12T10:14:51.610+0000] {logging_mixin.py:137} INFO - [2023-03-12T10:14:51.610+0000] {dag.py:2690} INFO - Sync 3 DAGs
[2023-03-12T10:14:51.634+0000] {logging_mixin.py:137} INFO - [2023-03-12T10:14:51.634+0000] {dag.py:3441} INFO - Setting next_dagrun for example_subdag_operator to 2022-01-01T00:00:00+00:00, run_after=2022-01-01T00:00:00+00:00
[2023-03-12T10:14:51.637+0000] {logging_mixin.py:137} INFO - [2023-03-12T10:14:51.637+0000] {dag.py:3441} INFO - Setting next_dagrun for example_subdag_operator.section-1 to None, run_after=None
[2023-03-12T10:14:51.639+0000] {logging_mixin.py:137} INFO - [2023-03-12T10:14:51.639+0000] {dag.py:3441} INFO - Setting next_dagrun for example_subdag_operator.section-2 to None, run_after=None
[2023-03-12T10:14:51.646+0000] {logging_mixin.py:137} INFO - [2023-03-12T10:14:51.646+0000] {dag.py:2690} INFO - Sync 2 DAGs
[2023-03-12T10:14:51.652+0000] {logging_mixin.py:137} INFO - [2023-03-12T10:14:51.652+0000] {dag.py:3441} INFO - Setting next_dagrun for example_subdag_operator.section-1 to None, run_after=None
[2023-03-12T10:14:51.654+0000] {logging_mixin.py:137} INFO - [2023-03-12T10:14:51.654+0000] {dag.py:3441} INFO - Setting next_dagrun for example_subdag_operator.section-2 to None, run_after=None
[2023-03-12T10:14:51.666+0000] {processor.py:175} INFO - Processing /home/airflow/.local/lib/python3.7/site-packages/airflow/example_dags/example_subdag_operator.py took 0.113 seconds
[2023-03-12T10:15:21.937+0000] {processor.py:153} INFO - Started process (PID=1070) to work on /home/airflow/.local/lib/python3.7/site-packages/airflow/example_dags/example_subdag_operator.py
[2023-03-12T10:15:21.941+0000] {processor.py:743} INFO - Processing file /home/airflow/.local/lib/python3.7/site-packages/airflow/example_dags/example_subdag_operator.py for tasks to queue
[2023-03-12T10:15:21.943+0000] {logging_mixin.py:137} INFO - [2023-03-12T10:15:21.943+0000] {dagbag.py:538} INFO - Filling up the DagBag from /home/airflow/.local/lib/python3.7/site-packages/airflow/example_dags/example_subdag_operator.py
[2023-03-12T10:15:21.980+0000] {processor.py:753} INFO - DAG(s) dict_keys(['example_subdag_operator.section-1', 'example_subdag_operator.section-2', 'example_subdag_operator']) retrieved from /home/airflow/.local/lib/python3.7/site-packages/airflow/example_dags/example_subdag_operator.py
[2023-03-12T10:15:21.996+0000] {logging_mixin.py:137} INFO - [2023-03-12T10:15:21.996+0000] {dag.py:2690} INFO - Sync 3 DAGs
[2023-03-12T10:15:22.020+0000] {logging_mixin.py:137} INFO - [2023-03-12T10:15:22.020+0000] {dag.py:3441} INFO - Setting next_dagrun for example_subdag_operator to 2022-01-01T00:00:00+00:00, run_after=2022-01-01T00:00:00+00:00
[2023-03-12T10:15:22.026+0000] {logging_mixin.py:137} INFO - [2023-03-12T10:15:22.026+0000] {dag.py:3441} INFO - Setting next_dagrun for example_subdag_operator.section-1 to None, run_after=None
[2023-03-12T10:15:22.029+0000] {logging_mixin.py:137} INFO - [2023-03-12T10:15:22.028+0000] {dag.py:3441} INFO - Setting next_dagrun for example_subdag_operator.section-2 to None, run_after=None
[2023-03-12T10:15:22.036+0000] {logging_mixin.py:137} INFO - [2023-03-12T10:15:22.036+0000] {dag.py:2690} INFO - Sync 2 DAGs
[2023-03-12T10:15:22.041+0000] {logging_mixin.py:137} INFO - [2023-03-12T10:15:22.041+0000] {dag.py:3441} INFO - Setting next_dagrun for example_subdag_operator.section-1 to None, run_after=None
[2023-03-12T10:15:22.043+0000] {logging_mixin.py:137} INFO - [2023-03-12T10:15:22.043+0000] {dag.py:3441} INFO - Setting next_dagrun for example_subdag_operator.section-2 to None, run_after=None
[2023-03-12T10:15:22.052+0000] {processor.py:175} INFO - Processing /home/airflow/.local/lib/python3.7/site-packages/airflow/example_dags/example_subdag_operator.py took 0.119 seconds
[2023-03-12T10:15:52.246+0000] {processor.py:153} INFO - Started process (PID=1133) to work on /home/airflow/.local/lib/python3.7/site-packages/airflow/example_dags/example_subdag_operator.py
[2023-03-12T10:15:52.249+0000] {processor.py:743} INFO - Processing file /home/airflow/.local/lib/python3.7/site-packages/airflow/example_dags/example_subdag_operator.py for tasks to queue
[2023-03-12T10:15:52.250+0000] {logging_mixin.py:137} INFO - [2023-03-12T10:15:52.250+0000] {dagbag.py:538} INFO - Filling up the DagBag from /home/airflow/.local/lib/python3.7/site-packages/airflow/example_dags/example_subdag_operator.py
[2023-03-12T10:15:52.282+0000] {processor.py:753} INFO - DAG(s) dict_keys(['example_subdag_operator.section-1', 'example_subdag_operator.section-2', 'example_subdag_operator']) retrieved from /home/airflow/.local/lib/python3.7/site-packages/airflow/example_dags/example_subdag_operator.py
[2023-03-12T10:15:52.298+0000] {logging_mixin.py:137} INFO - [2023-03-12T10:15:52.298+0000] {dag.py:2690} INFO - Sync 3 DAGs
[2023-03-12T10:15:52.316+0000] {logging_mixin.py:137} INFO - [2023-03-12T10:15:52.316+0000] {dag.py:3441} INFO - Setting next_dagrun for example_subdag_operator to 2022-01-01T00:00:00+00:00, run_after=2022-01-01T00:00:00+00:00
[2023-03-12T10:15:52.319+0000] {logging_mixin.py:137} INFO - [2023-03-12T10:15:52.319+0000] {dag.py:3441} INFO - Setting next_dagrun for example_subdag_operator.section-1 to None, run_after=None
[2023-03-12T10:15:52.321+0000] {logging_mixin.py:137} INFO - [2023-03-12T10:15:52.321+0000] {dag.py:3441} INFO - Setting next_dagrun for example_subdag_operator.section-2 to None, run_after=None
[2023-03-12T10:15:52.330+0000] {logging_mixin.py:137} INFO - [2023-03-12T10:15:52.330+0000] {dag.py:2690} INFO - Sync 2 DAGs
[2023-03-12T10:15:52.336+0000] {logging_mixin.py:137} INFO - [2023-03-12T10:15:52.336+0000] {dag.py:3441} INFO - Setting next_dagrun for example_subdag_operator.section-1 to None, run_after=None
[2023-03-12T10:15:52.339+0000] {logging_mixin.py:137} INFO - [2023-03-12T10:15:52.339+0000] {dag.py:3441} INFO - Setting next_dagrun for example_subdag_operator.section-2 to None, run_after=None
[2023-03-12T10:15:52.350+0000] {processor.py:175} INFO - Processing /home/airflow/.local/lib/python3.7/site-packages/airflow/example_dags/example_subdag_operator.py took 0.107 seconds
[2023-03-12T10:16:22.505+0000] {processor.py:153} INFO - Started process (PID=1210) to work on /home/airflow/.local/lib/python3.7/site-packages/airflow/example_dags/example_subdag_operator.py
[2023-03-12T10:16:22.508+0000] {processor.py:743} INFO - Processing file /home/airflow/.local/lib/python3.7/site-packages/airflow/example_dags/example_subdag_operator.py for tasks to queue
[2023-03-12T10:16:22.509+0000] {logging_mixin.py:137} INFO - [2023-03-12T10:16:22.509+0000] {dagbag.py:538} INFO - Filling up the DagBag from /home/airflow/.local/lib/python3.7/site-packages/airflow/example_dags/example_subdag_operator.py
[2023-03-12T10:16:22.539+0000] {processor.py:753} INFO - DAG(s) dict_keys(['example_subdag_operator.section-1', 'example_subdag_operator.section-2', 'example_subdag_operator']) retrieved from /home/airflow/.local/lib/python3.7/site-packages/airflow/example_dags/example_subdag_operator.py
[2023-03-12T10:16:22.554+0000] {logging_mixin.py:137} INFO - [2023-03-12T10:16:22.553+0000] {dag.py:2690} INFO - Sync 3 DAGs
[2023-03-12T10:16:22.572+0000] {logging_mixin.py:137} INFO - [2023-03-12T10:16:22.572+0000] {dag.py:3441} INFO - Setting next_dagrun for example_subdag_operator to 2022-01-01T00:00:00+00:00, run_after=2022-01-01T00:00:00+00:00
[2023-03-12T10:16:22.575+0000] {logging_mixin.py:137} INFO - [2023-03-12T10:16:22.575+0000] {dag.py:3441} INFO - Setting next_dagrun for example_subdag_operator.section-1 to None, run_after=None
[2023-03-12T10:16:22.578+0000] {logging_mixin.py:137} INFO - [2023-03-12T10:16:22.578+0000] {dag.py:3441} INFO - Setting next_dagrun for example_subdag_operator.section-2 to None, run_after=None
[2023-03-12T10:16:22.585+0000] {logging_mixin.py:137} INFO - [2023-03-12T10:16:22.585+0000] {dag.py:2690} INFO - Sync 2 DAGs
[2023-03-12T10:16:22.592+0000] {logging_mixin.py:137} INFO - [2023-03-12T10:16:22.592+0000] {dag.py:3441} INFO - Setting next_dagrun for example_subdag_operator.section-1 to None, run_after=None
[2023-03-12T10:16:22.594+0000] {logging_mixin.py:137} INFO - [2023-03-12T10:16:22.594+0000] {dag.py:3441} INFO - Setting next_dagrun for example_subdag_operator.section-2 to None, run_after=None
[2023-03-12T10:16:22.608+0000] {processor.py:175} INFO - Processing /home/airflow/.local/lib/python3.7/site-packages/airflow/example_dags/example_subdag_operator.py took 0.106 seconds
[2023-03-12T10:16:53.535+0000] {processor.py:153} INFO - Started process (PID=1284) to work on /home/airflow/.local/lib/python3.7/site-packages/airflow/example_dags/example_subdag_operator.py
[2023-03-12T10:16:53.537+0000] {processor.py:743} INFO - Processing file /home/airflow/.local/lib/python3.7/site-packages/airflow/example_dags/example_subdag_operator.py for tasks to queue
[2023-03-12T10:16:53.539+0000] {logging_mixin.py:137} INFO - [2023-03-12T10:16:53.539+0000] {dagbag.py:538} INFO - Filling up the DagBag from /home/airflow/.local/lib/python3.7/site-packages/airflow/example_dags/example_subdag_operator.py
[2023-03-12T10:16:53.575+0000] {processor.py:753} INFO - DAG(s) dict_keys(['example_subdag_operator.section-1', 'example_subdag_operator.section-2', 'example_subdag_operator']) retrieved from /home/airflow/.local/lib/python3.7/site-packages/airflow/example_dags/example_subdag_operator.py
[2023-03-12T10:16:53.592+0000] {logging_mixin.py:137} INFO - [2023-03-12T10:16:53.592+0000] {dag.py:2690} INFO - Sync 3 DAGs
[2023-03-12T10:16:53.616+0000] {logging_mixin.py:137} INFO - [2023-03-12T10:16:53.615+0000] {dag.py:3441} INFO - Setting next_dagrun for example_subdag_operator to 2022-01-01T00:00:00+00:00, run_after=2022-01-01T00:00:00+00:00
[2023-03-12T10:16:53.622+0000] {logging_mixin.py:137} INFO - [2023-03-12T10:16:53.621+0000] {dag.py:3441} INFO - Setting next_dagrun for example_subdag_operator.section-1 to None, run_after=None
[2023-03-12T10:16:53.624+0000] {logging_mixin.py:137} INFO - [2023-03-12T10:16:53.624+0000] {dag.py:3441} INFO - Setting next_dagrun for example_subdag_operator.section-2 to None, run_after=None
[2023-03-12T10:16:53.631+0000] {logging_mixin.py:137} INFO - [2023-03-12T10:16:53.631+0000] {dag.py:2690} INFO - Sync 2 DAGs
[2023-03-12T10:16:53.637+0000] {logging_mixin.py:137} INFO - [2023-03-12T10:16:53.637+0000] {dag.py:3441} INFO - Setting next_dagrun for example_subdag_operator.section-1 to None, run_after=None
[2023-03-12T10:16:53.639+0000] {logging_mixin.py:137} INFO - [2023-03-12T10:16:53.639+0000] {dag.py:3441} INFO - Setting next_dagrun for example_subdag_operator.section-2 to None, run_after=None
[2023-03-12T10:16:53.651+0000] {processor.py:175} INFO - Processing /home/airflow/.local/lib/python3.7/site-packages/airflow/example_dags/example_subdag_operator.py took 0.120 seconds
[2023-03-12T10:17:23.720+0000] {processor.py:153} INFO - Started process (PID=1353) to work on /home/airflow/.local/lib/python3.7/site-packages/airflow/example_dags/example_subdag_operator.py
[2023-03-12T10:17:23.722+0000] {processor.py:743} INFO - Processing file /home/airflow/.local/lib/python3.7/site-packages/airflow/example_dags/example_subdag_operator.py for tasks to queue
[2023-03-12T10:17:23.725+0000] {logging_mixin.py:137} INFO - [2023-03-12T10:17:23.725+0000] {dagbag.py:538} INFO - Filling up the DagBag from /home/airflow/.local/lib/python3.7/site-packages/airflow/example_dags/example_subdag_operator.py
[2023-03-12T10:17:23.763+0000] {processor.py:753} INFO - DAG(s) dict_keys(['example_subdag_operator.section-1', 'example_subdag_operator.section-2', 'example_subdag_operator']) retrieved from /home/airflow/.local/lib/python3.7/site-packages/airflow/example_dags/example_subdag_operator.py
[2023-03-12T10:17:23.785+0000] {logging_mixin.py:137} INFO - [2023-03-12T10:17:23.785+0000] {dag.py:2690} INFO - Sync 3 DAGs
[2023-03-12T10:17:23.812+0000] {logging_mixin.py:137} INFO - [2023-03-12T10:17:23.812+0000] {dag.py:3441} INFO - Setting next_dagrun for example_subdag_operator to 2022-01-01T00:00:00+00:00, run_after=2022-01-01T00:00:00+00:00
[2023-03-12T10:17:23.818+0000] {logging_mixin.py:137} INFO - [2023-03-12T10:17:23.818+0000] {dag.py:3441} INFO - Setting next_dagrun for example_subdag_operator.section-1 to None, run_after=None
[2023-03-12T10:17:23.821+0000] {logging_mixin.py:137} INFO - [2023-03-12T10:17:23.821+0000] {dag.py:3441} INFO - Setting next_dagrun for example_subdag_operator.section-2 to None, run_after=None
[2023-03-12T10:17:23.828+0000] {logging_mixin.py:137} INFO - [2023-03-12T10:17:23.828+0000] {dag.py:2690} INFO - Sync 2 DAGs
[2023-03-12T10:17:23.834+0000] {logging_mixin.py:137} INFO - [2023-03-12T10:17:23.834+0000] {dag.py:3441} INFO - Setting next_dagrun for example_subdag_operator.section-1 to None, run_after=None
[2023-03-12T10:17:23.837+0000] {logging_mixin.py:137} INFO - [2023-03-12T10:17:23.837+0000] {dag.py:3441} INFO - Setting next_dagrun for example_subdag_operator.section-2 to None, run_after=None
[2023-03-12T10:17:23.848+0000] {processor.py:175} INFO - Processing /home/airflow/.local/lib/python3.7/site-packages/airflow/example_dags/example_subdag_operator.py took 0.132 seconds
[2023-03-12T10:17:54.647+0000] {processor.py:153} INFO - Started process (PID=1430) to work on /home/airflow/.local/lib/python3.7/site-packages/airflow/example_dags/example_subdag_operator.py
[2023-03-12T10:17:54.650+0000] {processor.py:743} INFO - Processing file /home/airflow/.local/lib/python3.7/site-packages/airflow/example_dags/example_subdag_operator.py for tasks to queue
[2023-03-12T10:17:54.651+0000] {logging_mixin.py:137} INFO - [2023-03-12T10:17:54.651+0000] {dagbag.py:538} INFO - Filling up the DagBag from /home/airflow/.local/lib/python3.7/site-packages/airflow/example_dags/example_subdag_operator.py
[2023-03-12T10:17:54.686+0000] {processor.py:753} INFO - DAG(s) dict_keys(['example_subdag_operator.section-1', 'example_subdag_operator.section-2', 'example_subdag_operator']) retrieved from /home/airflow/.local/lib/python3.7/site-packages/airflow/example_dags/example_subdag_operator.py
[2023-03-12T10:17:54.706+0000] {logging_mixin.py:137} INFO - [2023-03-12T10:17:54.706+0000] {dag.py:2690} INFO - Sync 3 DAGs
[2023-03-12T10:17:54.727+0000] {logging_mixin.py:137} INFO - [2023-03-12T10:17:54.727+0000] {dag.py:3441} INFO - Setting next_dagrun for example_subdag_operator to 2022-01-01T00:00:00+00:00, run_after=2022-01-01T00:00:00+00:00
[2023-03-12T10:17:54.731+0000] {logging_mixin.py:137} INFO - [2023-03-12T10:17:54.731+0000] {dag.py:3441} INFO - Setting next_dagrun for example_subdag_operator.section-1 to None, run_after=None
[2023-03-12T10:17:54.734+0000] {logging_mixin.py:137} INFO - [2023-03-12T10:17:54.733+0000] {dag.py:3441} INFO - Setting next_dagrun for example_subdag_operator.section-2 to None, run_after=None
[2023-03-12T10:17:54.741+0000] {logging_mixin.py:137} INFO - [2023-03-12T10:17:54.741+0000] {dag.py:2690} INFO - Sync 2 DAGs
[2023-03-12T10:17:54.747+0000] {logging_mixin.py:137} INFO - [2023-03-12T10:17:54.747+0000] {dag.py:3441} INFO - Setting next_dagrun for example_subdag_operator.section-1 to None, run_after=None
[2023-03-12T10:17:54.748+0000] {logging_mixin.py:137} INFO - [2023-03-12T10:17:54.748+0000] {dag.py:3441} INFO - Setting next_dagrun for example_subdag_operator.section-2 to None, run_after=None
[2023-03-12T10:17:54.759+0000] {processor.py:175} INFO - Processing /home/airflow/.local/lib/python3.7/site-packages/airflow/example_dags/example_subdag_operator.py took 0.115 seconds
[2023-03-12T10:18:25.801+0000] {processor.py:153} INFO - Started process (PID=1495) to work on /home/airflow/.local/lib/python3.7/site-packages/airflow/example_dags/example_subdag_operator.py
[2023-03-12T10:18:25.803+0000] {processor.py:743} INFO - Processing file /home/airflow/.local/lib/python3.7/site-packages/airflow/example_dags/example_subdag_operator.py for tasks to queue
[2023-03-12T10:18:25.805+0000] {logging_mixin.py:137} INFO - [2023-03-12T10:18:25.805+0000] {dagbag.py:538} INFO - Filling up the DagBag from /home/airflow/.local/lib/python3.7/site-packages/airflow/example_dags/example_subdag_operator.py
[2023-03-12T10:18:25.838+0000] {processor.py:753} INFO - DAG(s) dict_keys(['example_subdag_operator.section-1', 'example_subdag_operator.section-2', 'example_subdag_operator']) retrieved from /home/airflow/.local/lib/python3.7/site-packages/airflow/example_dags/example_subdag_operator.py
[2023-03-12T10:18:25.855+0000] {logging_mixin.py:137} INFO - [2023-03-12T10:18:25.854+0000] {dag.py:2690} INFO - Sync 3 DAGs
[2023-03-12T10:18:25.873+0000] {logging_mixin.py:137} INFO - [2023-03-12T10:18:25.873+0000] {dag.py:3441} INFO - Setting next_dagrun for example_subdag_operator to 2022-01-01T00:00:00+00:00, run_after=2022-01-01T00:00:00+00:00
[2023-03-12T10:18:25.877+0000] {logging_mixin.py:137} INFO - [2023-03-12T10:18:25.877+0000] {dag.py:3441} INFO - Setting next_dagrun for example_subdag_operator.section-1 to None, run_after=None
[2023-03-12T10:18:25.880+0000] {logging_mixin.py:137} INFO - [2023-03-12T10:18:25.880+0000] {dag.py:3441} INFO - Setting next_dagrun for example_subdag_operator.section-2 to None, run_after=None
[2023-03-12T10:18:25.889+0000] {logging_mixin.py:137} INFO - [2023-03-12T10:18:25.889+0000] {dag.py:2690} INFO - Sync 2 DAGs
[2023-03-12T10:18:25.894+0000] {logging_mixin.py:137} INFO - [2023-03-12T10:18:25.894+0000] {dag.py:3441} INFO - Setting next_dagrun for example_subdag_operator.section-1 to None, run_after=None
[2023-03-12T10:18:25.896+0000] {logging_mixin.py:137} INFO - [2023-03-12T10:18:25.896+0000] {dag.py:3441} INFO - Setting next_dagrun for example_subdag_operator.section-2 to None, run_after=None
[2023-03-12T10:18:25.908+0000] {processor.py:175} INFO - Processing /home/airflow/.local/lib/python3.7/site-packages/airflow/example_dags/example_subdag_operator.py took 0.110 seconds
[2023-03-12T10:18:56.188+0000] {processor.py:153} INFO - Started process (PID=1573) to work on /home/airflow/.local/lib/python3.7/site-packages/airflow/example_dags/example_subdag_operator.py
[2023-03-12T10:18:56.190+0000] {processor.py:743} INFO - Processing file /home/airflow/.local/lib/python3.7/site-packages/airflow/example_dags/example_subdag_operator.py for tasks to queue
[2023-03-12T10:18:56.193+0000] {logging_mixin.py:137} INFO - [2023-03-12T10:18:56.193+0000] {dagbag.py:538} INFO - Filling up the DagBag from /home/airflow/.local/lib/python3.7/site-packages/airflow/example_dags/example_subdag_operator.py
[2023-03-12T10:18:56.226+0000] {processor.py:753} INFO - DAG(s) dict_keys(['example_subdag_operator.section-1', 'example_subdag_operator.section-2', 'example_subdag_operator']) retrieved from /home/airflow/.local/lib/python3.7/site-packages/airflow/example_dags/example_subdag_operator.py
[2023-03-12T10:18:56.243+0000] {logging_mixin.py:137} INFO - [2023-03-12T10:18:56.243+0000] {dag.py:2690} INFO - Sync 3 DAGs
[2023-03-12T10:18:56.266+0000] {logging_mixin.py:137} INFO - [2023-03-12T10:18:56.266+0000] {dag.py:3441} INFO - Setting next_dagrun for example_subdag_operator to 2022-01-01T00:00:00+00:00, run_after=2022-01-01T00:00:00+00:00
[2023-03-12T10:18:56.270+0000] {logging_mixin.py:137} INFO - [2023-03-12T10:18:56.270+0000] {dag.py:3441} INFO - Setting next_dagrun for example_subdag_operator.section-1 to None, run_after=None
[2023-03-12T10:18:56.272+0000] {logging_mixin.py:137} INFO - [2023-03-12T10:18:56.272+0000] {dag.py:3441} INFO - Setting next_dagrun for example_subdag_operator.section-2 to None, run_after=None
[2023-03-12T10:18:56.279+0000] {logging_mixin.py:137} INFO - [2023-03-12T10:18:56.279+0000] {dag.py:2690} INFO - Sync 2 DAGs
[2023-03-12T10:18:56.285+0000] {logging_mixin.py:137} INFO - [2023-03-12T10:18:56.284+0000] {dag.py:3441} INFO - Setting next_dagrun for example_subdag_operator.section-1 to None, run_after=None
[2023-03-12T10:18:56.286+0000] {logging_mixin.py:137} INFO - [2023-03-12T10:18:56.286+0000] {dag.py:3441} INFO - Setting next_dagrun for example_subdag_operator.section-2 to None, run_after=None
[2023-03-12T10:18:56.296+0000] {processor.py:175} INFO - Processing /home/airflow/.local/lib/python3.7/site-packages/airflow/example_dags/example_subdag_operator.py took 0.111 seconds
[2023-03-12T10:19:27.090+0000] {processor.py:153} INFO - Started process (PID=1651) to work on /home/airflow/.local/lib/python3.7/site-packages/airflow/example_dags/example_subdag_operator.py
[2023-03-12T10:19:27.092+0000] {processor.py:743} INFO - Processing file /home/airflow/.local/lib/python3.7/site-packages/airflow/example_dags/example_subdag_operator.py for tasks to queue
[2023-03-12T10:19:27.094+0000] {logging_mixin.py:137} INFO - [2023-03-12T10:19:27.094+0000] {dagbag.py:538} INFO - Filling up the DagBag from /home/airflow/.local/lib/python3.7/site-packages/airflow/example_dags/example_subdag_operator.py
[2023-03-12T10:19:27.127+0000] {processor.py:753} INFO - DAG(s) dict_keys(['example_subdag_operator.section-1', 'example_subdag_operator.section-2', 'example_subdag_operator']) retrieved from /home/airflow/.local/lib/python3.7/site-packages/airflow/example_dags/example_subdag_operator.py
[2023-03-12T10:19:27.144+0000] {logging_mixin.py:137} INFO - [2023-03-12T10:19:27.144+0000] {dag.py:2690} INFO - Sync 3 DAGs
[2023-03-12T10:19:27.161+0000] {logging_mixin.py:137} INFO - [2023-03-12T10:19:27.161+0000] {dag.py:3441} INFO - Setting next_dagrun for example_subdag_operator to 2022-01-01T00:00:00+00:00, run_after=2022-01-01T00:00:00+00:00
[2023-03-12T10:19:27.166+0000] {logging_mixin.py:137} INFO - [2023-03-12T10:19:27.166+0000] {dag.py:3441} INFO - Setting next_dagrun for example_subdag_operator.section-1 to None, run_after=None
[2023-03-12T10:19:27.168+0000] {logging_mixin.py:137} INFO - [2023-03-12T10:19:27.168+0000] {dag.py:3441} INFO - Setting next_dagrun for example_subdag_operator.section-2 to None, run_after=None
[2023-03-12T10:19:27.176+0000] {logging_mixin.py:137} INFO - [2023-03-12T10:19:27.176+0000] {dag.py:2690} INFO - Sync 2 DAGs
[2023-03-12T10:19:27.181+0000] {logging_mixin.py:137} INFO - [2023-03-12T10:19:27.181+0000] {dag.py:3441} INFO - Setting next_dagrun for example_subdag_operator.section-1 to None, run_after=None
[2023-03-12T10:19:27.183+0000] {logging_mixin.py:137} INFO - [2023-03-12T10:19:27.183+0000] {dag.py:3441} INFO - Setting next_dagrun for example_subdag_operator.section-2 to None, run_after=None
[2023-03-12T10:19:27.191+0000] {processor.py:175} INFO - Processing /home/airflow/.local/lib/python3.7/site-packages/airflow/example_dags/example_subdag_operator.py took 0.105 seconds
[2023-03-12T10:19:58.352+0000] {processor.py:153} INFO - Started process (PID=1716) to work on /home/airflow/.local/lib/python3.7/site-packages/airflow/example_dags/example_subdag_operator.py
[2023-03-12T10:19:58.355+0000] {processor.py:743} INFO - Processing file /home/airflow/.local/lib/python3.7/site-packages/airflow/example_dags/example_subdag_operator.py for tasks to queue
[2023-03-12T10:19:58.358+0000] {logging_mixin.py:137} INFO - [2023-03-12T10:19:58.358+0000] {dagbag.py:538} INFO - Filling up the DagBag from /home/airflow/.local/lib/python3.7/site-packages/airflow/example_dags/example_subdag_operator.py
[2023-03-12T10:19:58.388+0000] {processor.py:753} INFO - DAG(s) dict_keys(['example_subdag_operator.section-1', 'example_subdag_operator.section-2', 'example_subdag_operator']) retrieved from /home/airflow/.local/lib/python3.7/site-packages/airflow/example_dags/example_subdag_operator.py
[2023-03-12T10:19:58.405+0000] {logging_mixin.py:137} INFO - [2023-03-12T10:19:58.405+0000] {dag.py:2690} INFO - Sync 3 DAGs
[2023-03-12T10:19:58.424+0000] {logging_mixin.py:137} INFO - [2023-03-12T10:19:58.424+0000] {dag.py:3441} INFO - Setting next_dagrun for example_subdag_operator to 2022-01-01T00:00:00+00:00, run_after=2022-01-01T00:00:00+00:00
[2023-03-12T10:19:58.432+0000] {logging_mixin.py:137} INFO - [2023-03-12T10:19:58.431+0000] {dag.py:3441} INFO - Setting next_dagrun for example_subdag_operator.section-1 to None, run_after=None
[2023-03-12T10:19:58.434+0000] {logging_mixin.py:137} INFO - [2023-03-12T10:19:58.434+0000] {dag.py:3441} INFO - Setting next_dagrun for example_subdag_operator.section-2 to None, run_after=None
[2023-03-12T10:19:58.442+0000] {logging_mixin.py:137} INFO - [2023-03-12T10:19:58.442+0000] {dag.py:2690} INFO - Sync 2 DAGs
[2023-03-12T10:19:58.447+0000] {logging_mixin.py:137} INFO - [2023-03-12T10:19:58.447+0000] {dag.py:3441} INFO - Setting next_dagrun for example_subdag_operator.section-1 to None, run_after=None
[2023-03-12T10:19:58.448+0000] {logging_mixin.py:137} INFO - [2023-03-12T10:19:58.448+0000] {dag.py:3441} INFO - Setting next_dagrun for example_subdag_operator.section-2 to None, run_after=None
[2023-03-12T10:19:58.458+0000] {processor.py:175} INFO - Processing /home/airflow/.local/lib/python3.7/site-packages/airflow/example_dags/example_subdag_operator.py took 0.110 seconds
[2023-03-12T10:20:28.569+0000] {processor.py:153} INFO - Started process (PID=1795) to work on /home/airflow/.local/lib/python3.7/site-packages/airflow/example_dags/example_subdag_operator.py
[2023-03-12T10:20:28.571+0000] {processor.py:743} INFO - Processing file /home/airflow/.local/lib/python3.7/site-packages/airflow/example_dags/example_subdag_operator.py for tasks to queue
[2023-03-12T10:20:28.573+0000] {logging_mixin.py:137} INFO - [2023-03-12T10:20:28.573+0000] {dagbag.py:538} INFO - Filling up the DagBag from /home/airflow/.local/lib/python3.7/site-packages/airflow/example_dags/example_subdag_operator.py
[2023-03-12T10:20:28.604+0000] {processor.py:753} INFO - DAG(s) dict_keys(['example_subdag_operator.section-1', 'example_subdag_operator.section-2', 'example_subdag_operator']) retrieved from /home/airflow/.local/lib/python3.7/site-packages/airflow/example_dags/example_subdag_operator.py
[2023-03-12T10:20:28.622+0000] {logging_mixin.py:137} INFO - [2023-03-12T10:20:28.622+0000] {dag.py:2690} INFO - Sync 3 DAGs
[2023-03-12T10:20:28.664+0000] {logging_mixin.py:137} INFO - [2023-03-12T10:20:28.663+0000] {dag.py:3441} INFO - Setting next_dagrun for example_subdag_operator to 2022-01-01T00:00:00+00:00, run_after=2022-01-01T00:00:00+00:00
[2023-03-12T10:20:28.670+0000] {logging_mixin.py:137} INFO - [2023-03-12T10:20:28.670+0000] {dag.py:3441} INFO - Setting next_dagrun for example_subdag_operator.section-1 to None, run_after=None
[2023-03-12T10:20:28.672+0000] {logging_mixin.py:137} INFO - [2023-03-12T10:20:28.672+0000] {dag.py:3441} INFO - Setting next_dagrun for example_subdag_operator.section-2 to None, run_after=None
[2023-03-12T10:20:28.680+0000] {logging_mixin.py:137} INFO - [2023-03-12T10:20:28.680+0000] {dag.py:2690} INFO - Sync 2 DAGs
[2023-03-12T10:20:28.686+0000] {logging_mixin.py:137} INFO - [2023-03-12T10:20:28.685+0000] {dag.py:3441} INFO - Setting next_dagrun for example_subdag_operator.section-1 to None, run_after=None
[2023-03-12T10:20:28.688+0000] {logging_mixin.py:137} INFO - [2023-03-12T10:20:28.688+0000] {dag.py:3441} INFO - Setting next_dagrun for example_subdag_operator.section-2 to None, run_after=None
[2023-03-12T10:20:28.697+0000] {processor.py:175} INFO - Processing /home/airflow/.local/lib/python3.7/site-packages/airflow/example_dags/example_subdag_operator.py took 0.131 seconds
[2023-03-12T10:20:58.912+0000] {processor.py:153} INFO - Started process (PID=1870) to work on /home/airflow/.local/lib/python3.7/site-packages/airflow/example_dags/example_subdag_operator.py
[2023-03-12T10:20:58.915+0000] {processor.py:743} INFO - Processing file /home/airflow/.local/lib/python3.7/site-packages/airflow/example_dags/example_subdag_operator.py for tasks to queue
[2023-03-12T10:20:58.917+0000] {logging_mixin.py:137} INFO - [2023-03-12T10:20:58.917+0000] {dagbag.py:538} INFO - Filling up the DagBag from /home/airflow/.local/lib/python3.7/site-packages/airflow/example_dags/example_subdag_operator.py
[2023-03-12T10:20:58.954+0000] {processor.py:753} INFO - DAG(s) dict_keys(['example_subdag_operator.section-1', 'example_subdag_operator.section-2', 'example_subdag_operator']) retrieved from /home/airflow/.local/lib/python3.7/site-packages/airflow/example_dags/example_subdag_operator.py
[2023-03-12T10:20:58.977+0000] {logging_mixin.py:137} INFO - [2023-03-12T10:20:58.977+0000] {dag.py:2690} INFO - Sync 3 DAGs
[2023-03-12T10:20:59.001+0000] {logging_mixin.py:137} INFO - [2023-03-12T10:20:59.000+0000] {dag.py:3441} INFO - Setting next_dagrun for example_subdag_operator to 2022-01-01T00:00:00+00:00, run_after=2022-01-01T00:00:00+00:00
[2023-03-12T10:20:59.004+0000] {logging_mixin.py:137} INFO - [2023-03-12T10:20:59.004+0000] {dag.py:3441} INFO - Setting next_dagrun for example_subdag_operator.section-1 to None, run_after=None
[2023-03-12T10:20:59.006+0000] {logging_mixin.py:137} INFO - [2023-03-12T10:20:59.006+0000] {dag.py:3441} INFO - Setting next_dagrun for example_subdag_operator.section-2 to None, run_after=None
[2023-03-12T10:20:59.014+0000] {logging_mixin.py:137} INFO - [2023-03-12T10:20:59.013+0000] {dag.py:2690} INFO - Sync 2 DAGs
[2023-03-12T10:20:59.020+0000] {logging_mixin.py:137} INFO - [2023-03-12T10:20:59.020+0000] {dag.py:3441} INFO - Setting next_dagrun for example_subdag_operator.section-1 to None, run_after=None
[2023-03-12T10:20:59.022+0000] {logging_mixin.py:137} INFO - [2023-03-12T10:20:59.021+0000] {dag.py:3441} INFO - Setting next_dagrun for example_subdag_operator.section-2 to None, run_after=None
[2023-03-12T10:20:59.034+0000] {processor.py:175} INFO - Processing /home/airflow/.local/lib/python3.7/site-packages/airflow/example_dags/example_subdag_operator.py took 0.125 seconds
[2023-03-12T10:21:29.313+0000] {processor.py:153} INFO - Started process (PID=1939) to work on /home/airflow/.local/lib/python3.7/site-packages/airflow/example_dags/example_subdag_operator.py
[2023-03-12T10:21:29.315+0000] {processor.py:743} INFO - Processing file /home/airflow/.local/lib/python3.7/site-packages/airflow/example_dags/example_subdag_operator.py for tasks to queue
[2023-03-12T10:21:29.319+0000] {logging_mixin.py:137} INFO - [2023-03-12T10:21:29.319+0000] {dagbag.py:538} INFO - Filling up the DagBag from /home/airflow/.local/lib/python3.7/site-packages/airflow/example_dags/example_subdag_operator.py
[2023-03-12T10:21:29.350+0000] {processor.py:753} INFO - DAG(s) dict_keys(['example_subdag_operator.section-1', 'example_subdag_operator.section-2', 'example_subdag_operator']) retrieved from /home/airflow/.local/lib/python3.7/site-packages/airflow/example_dags/example_subdag_operator.py
[2023-03-12T10:21:29.370+0000] {logging_mixin.py:137} INFO - [2023-03-12T10:21:29.370+0000] {dag.py:2690} INFO - Sync 3 DAGs
[2023-03-12T10:21:29.391+0000] {logging_mixin.py:137} INFO - [2023-03-12T10:21:29.391+0000] {dag.py:3441} INFO - Setting next_dagrun for example_subdag_operator to 2022-01-01T00:00:00+00:00, run_after=2022-01-01T00:00:00+00:00
[2023-03-12T10:21:29.395+0000] {logging_mixin.py:137} INFO - [2023-03-12T10:21:29.395+0000] {dag.py:3441} INFO - Setting next_dagrun for example_subdag_operator.section-1 to None, run_after=None
[2023-03-12T10:21:29.399+0000] {logging_mixin.py:137} INFO - [2023-03-12T10:21:29.399+0000] {dag.py:3441} INFO - Setting next_dagrun for example_subdag_operator.section-2 to None, run_after=None
[2023-03-12T10:21:29.406+0000] {logging_mixin.py:137} INFO - [2023-03-12T10:21:29.406+0000] {dag.py:2690} INFO - Sync 2 DAGs
[2023-03-12T10:21:29.411+0000] {logging_mixin.py:137} INFO - [2023-03-12T10:21:29.411+0000] {dag.py:3441} INFO - Setting next_dagrun for example_subdag_operator.section-1 to None, run_after=None
[2023-03-12T10:21:29.412+0000] {logging_mixin.py:137} INFO - [2023-03-12T10:21:29.412+0000] {dag.py:3441} INFO - Setting next_dagrun for example_subdag_operator.section-2 to None, run_after=None
[2023-03-12T10:21:29.421+0000] {processor.py:175} INFO - Processing /home/airflow/.local/lib/python3.7/site-packages/airflow/example_dags/example_subdag_operator.py took 0.111 seconds
[2023-03-12T10:21:59.853+0000] {processor.py:153} INFO - Started process (PID=2017) to work on /home/airflow/.local/lib/python3.7/site-packages/airflow/example_dags/example_subdag_operator.py
[2023-03-12T10:21:59.856+0000] {processor.py:743} INFO - Processing file /home/airflow/.local/lib/python3.7/site-packages/airflow/example_dags/example_subdag_operator.py for tasks to queue
[2023-03-12T10:21:59.859+0000] {logging_mixin.py:137} INFO - [2023-03-12T10:21:59.859+0000] {dagbag.py:538} INFO - Filling up the DagBag from /home/airflow/.local/lib/python3.7/site-packages/airflow/example_dags/example_subdag_operator.py
[2023-03-12T10:21:59.907+0000] {processor.py:753} INFO - DAG(s) dict_keys(['example_subdag_operator.section-1', 'example_subdag_operator.section-2', 'example_subdag_operator']) retrieved from /home/airflow/.local/lib/python3.7/site-packages/airflow/example_dags/example_subdag_operator.py
[2023-03-12T10:21:59.924+0000] {logging_mixin.py:137} INFO - [2023-03-12T10:21:59.924+0000] {dag.py:2690} INFO - Sync 3 DAGs
[2023-03-12T10:21:59.946+0000] {logging_mixin.py:137} INFO - [2023-03-12T10:21:59.946+0000] {dag.py:3441} INFO - Setting next_dagrun for example_subdag_operator to 2022-01-01T00:00:00+00:00, run_after=2022-01-01T00:00:00+00:00
[2023-03-12T10:21:59.950+0000] {logging_mixin.py:137} INFO - [2023-03-12T10:21:59.950+0000] {dag.py:3441} INFO - Setting next_dagrun for example_subdag_operator.section-1 to None, run_after=None
[2023-03-12T10:21:59.954+0000] {logging_mixin.py:137} INFO - [2023-03-12T10:21:59.954+0000] {dag.py:3441} INFO - Setting next_dagrun for example_subdag_operator.section-2 to None, run_after=None
[2023-03-12T10:21:59.962+0000] {logging_mixin.py:137} INFO - [2023-03-12T10:21:59.961+0000] {dag.py:2690} INFO - Sync 2 DAGs
[2023-03-12T10:21:59.967+0000] {logging_mixin.py:137} INFO - [2023-03-12T10:21:59.967+0000] {dag.py:3441} INFO - Setting next_dagrun for example_subdag_operator.section-1 to None, run_after=None
[2023-03-12T10:21:59.968+0000] {logging_mixin.py:137} INFO - [2023-03-12T10:21:59.968+0000] {dag.py:3441} INFO - Setting next_dagrun for example_subdag_operator.section-2 to None, run_after=None
[2023-03-12T10:21:59.980+0000] {processor.py:175} INFO - Processing /home/airflow/.local/lib/python3.7/site-packages/airflow/example_dags/example_subdag_operator.py took 0.133 seconds
