[2023-03-12T10:08:18.013+0000] {processor.py:153} INFO - Started process (PID=78) to work on /home/airflow/.local/lib/python3.7/site-packages/airflow/example_dags/example_xcomargs.py
[2023-03-12T10:08:18.025+0000] {processor.py:743} INFO - Processing file /home/airflow/.local/lib/python3.7/site-packages/airflow/example_dags/example_xcomargs.py for tasks to queue
[2023-03-12T10:08:18.027+0000] {logging_mixin.py:137} INFO - [2023-03-12T10:08:18.027+0000] {dagbag.py:538} INFO - Filling up the DagBag from /home/airflow/.local/lib/python3.7/site-packages/airflow/example_dags/example_xcomargs.py
[2023-03-12T10:08:18.055+0000] {processor.py:753} INFO - DAG(s) dict_keys(['example_xcom_args', 'example_xcom_args_with_operators']) retrieved from /home/airflow/.local/lib/python3.7/site-packages/airflow/example_dags/example_xcomargs.py
[2023-03-12T10:08:18.082+0000] {logging_mixin.py:137} INFO - [2023-03-12T10:08:18.081+0000] {dag.py:2690} INFO - Sync 2 DAGs
[2023-03-12T10:08:18.157+0000] {logging_mixin.py:137} INFO - [2023-03-12T10:08:18.157+0000] {dag.py:3441} INFO - Setting next_dagrun for example_xcom_args to None, run_after=None
[2023-03-12T10:08:18.171+0000] {logging_mixin.py:137} INFO - [2023-03-12T10:08:18.171+0000] {dag.py:3441} INFO - Setting next_dagrun for example_xcom_args_with_operators to None, run_after=None
[2023-03-12T10:08:18.206+0000] {processor.py:175} INFO - Processing /home/airflow/.local/lib/python3.7/site-packages/airflow/example_dags/example_xcomargs.py took 0.197 seconds
[2023-03-12T10:08:48.353+0000] {processor.py:153} INFO - Started process (PID=147) to work on /home/airflow/.local/lib/python3.7/site-packages/airflow/example_dags/example_xcomargs.py
[2023-03-12T10:08:48.355+0000] {processor.py:743} INFO - Processing file /home/airflow/.local/lib/python3.7/site-packages/airflow/example_dags/example_xcomargs.py for tasks to queue
[2023-03-12T10:08:48.357+0000] {logging_mixin.py:137} INFO - [2023-03-12T10:08:48.357+0000] {dagbag.py:538} INFO - Filling up the DagBag from /home/airflow/.local/lib/python3.7/site-packages/airflow/example_dags/example_xcomargs.py
[2023-03-12T10:08:48.378+0000] {processor.py:753} INFO - DAG(s) dict_keys(['example_xcom_args_with_operators', 'example_xcom_args']) retrieved from /home/airflow/.local/lib/python3.7/site-packages/airflow/example_dags/example_xcomargs.py
[2023-03-12T10:08:48.409+0000] {logging_mixin.py:137} INFO - [2023-03-12T10:08:48.409+0000] {dag.py:2690} INFO - Sync 2 DAGs
[2023-03-12T10:08:48.428+0000] {logging_mixin.py:137} INFO - [2023-03-12T10:08:48.428+0000] {dag.py:3441} INFO - Setting next_dagrun for example_xcom_args to None, run_after=None
[2023-03-12T10:08:48.432+0000] {logging_mixin.py:137} INFO - [2023-03-12T10:08:48.432+0000] {dag.py:3441} INFO - Setting next_dagrun for example_xcom_args_with_operators to None, run_after=None
[2023-03-12T10:08:48.442+0000] {processor.py:175} INFO - Processing /home/airflow/.local/lib/python3.7/site-packages/airflow/example_dags/example_xcomargs.py took 0.093 seconds
[2023-03-12T10:09:19.661+0000] {processor.py:153} INFO - Started process (PID=224) to work on /home/airflow/.local/lib/python3.7/site-packages/airflow/example_dags/example_xcomargs.py
[2023-03-12T10:09:19.665+0000] {processor.py:743} INFO - Processing file /home/airflow/.local/lib/python3.7/site-packages/airflow/example_dags/example_xcomargs.py for tasks to queue
[2023-03-12T10:09:19.668+0000] {logging_mixin.py:137} INFO - [2023-03-12T10:09:19.667+0000] {dagbag.py:538} INFO - Filling up the DagBag from /home/airflow/.local/lib/python3.7/site-packages/airflow/example_dags/example_xcomargs.py
[2023-03-12T10:09:19.692+0000] {processor.py:753} INFO - DAG(s) dict_keys(['example_xcom_args_with_operators', 'example_xcom_args']) retrieved from /home/airflow/.local/lib/python3.7/site-packages/airflow/example_dags/example_xcomargs.py
[2023-03-12T10:09:19.733+0000] {logging_mixin.py:137} INFO - [2023-03-12T10:09:19.733+0000] {dag.py:2690} INFO - Sync 2 DAGs
[2023-03-12T10:09:19.755+0000] {logging_mixin.py:137} INFO - [2023-03-12T10:09:19.755+0000] {dag.py:3441} INFO - Setting next_dagrun for example_xcom_args to None, run_after=None
[2023-03-12T10:09:19.761+0000] {logging_mixin.py:137} INFO - [2023-03-12T10:09:19.761+0000] {dag.py:3441} INFO - Setting next_dagrun for example_xcom_args_with_operators to None, run_after=None
[2023-03-12T10:09:19.776+0000] {processor.py:175} INFO - Processing /home/airflow/.local/lib/python3.7/site-packages/airflow/example_dags/example_xcomargs.py took 0.119 seconds
[2023-03-12T10:09:50.534+0000] {processor.py:153} INFO - Started process (PID=289) to work on /home/airflow/.local/lib/python3.7/site-packages/airflow/example_dags/example_xcomargs.py
[2023-03-12T10:09:50.536+0000] {processor.py:743} INFO - Processing file /home/airflow/.local/lib/python3.7/site-packages/airflow/example_dags/example_xcomargs.py for tasks to queue
[2023-03-12T10:09:50.538+0000] {logging_mixin.py:137} INFO - [2023-03-12T10:09:50.538+0000] {dagbag.py:538} INFO - Filling up the DagBag from /home/airflow/.local/lib/python3.7/site-packages/airflow/example_dags/example_xcomargs.py
[2023-03-12T10:09:50.558+0000] {processor.py:753} INFO - DAG(s) dict_keys(['example_xcom_args', 'example_xcom_args_with_operators']) retrieved from /home/airflow/.local/lib/python3.7/site-packages/airflow/example_dags/example_xcomargs.py
[2023-03-12T10:09:50.587+0000] {logging_mixin.py:137} INFO - [2023-03-12T10:09:50.587+0000] {dag.py:2690} INFO - Sync 2 DAGs
[2023-03-12T10:09:50.609+0000] {logging_mixin.py:137} INFO - [2023-03-12T10:09:50.609+0000] {dag.py:3441} INFO - Setting next_dagrun for example_xcom_args to None, run_after=None
[2023-03-12T10:09:50.614+0000] {logging_mixin.py:137} INFO - [2023-03-12T10:09:50.614+0000] {dag.py:3441} INFO - Setting next_dagrun for example_xcom_args_with_operators to None, run_after=None
[2023-03-12T10:09:50.631+0000] {processor.py:175} INFO - Processing /home/airflow/.local/lib/python3.7/site-packages/airflow/example_dags/example_xcomargs.py took 0.100 seconds
[2023-03-12T10:10:21.582+0000] {processor.py:153} INFO - Started process (PID=366) to work on /home/airflow/.local/lib/python3.7/site-packages/airflow/example_dags/example_xcomargs.py
[2023-03-12T10:10:21.585+0000] {processor.py:743} INFO - Processing file /home/airflow/.local/lib/python3.7/site-packages/airflow/example_dags/example_xcomargs.py for tasks to queue
[2023-03-12T10:10:21.586+0000] {logging_mixin.py:137} INFO - [2023-03-12T10:10:21.586+0000] {dagbag.py:538} INFO - Filling up the DagBag from /home/airflow/.local/lib/python3.7/site-packages/airflow/example_dags/example_xcomargs.py
[2023-03-12T10:10:21.605+0000] {processor.py:753} INFO - DAG(s) dict_keys(['example_xcom_args_with_operators', 'example_xcom_args']) retrieved from /home/airflow/.local/lib/python3.7/site-packages/airflow/example_dags/example_xcomargs.py
[2023-03-12T10:10:21.635+0000] {logging_mixin.py:137} INFO - [2023-03-12T10:10:21.635+0000] {dag.py:2690} INFO - Sync 2 DAGs
[2023-03-12T10:10:21.654+0000] {logging_mixin.py:137} INFO - [2023-03-12T10:10:21.654+0000] {dag.py:3441} INFO - Setting next_dagrun for example_xcom_args to None, run_after=None
[2023-03-12T10:10:21.658+0000] {logging_mixin.py:137} INFO - [2023-03-12T10:10:21.658+0000] {dag.py:3441} INFO - Setting next_dagrun for example_xcom_args_with_operators to None, run_after=None
[2023-03-12T10:10:21.672+0000] {processor.py:175} INFO - Processing /home/airflow/.local/lib/python3.7/site-packages/airflow/example_dags/example_xcomargs.py took 0.094 seconds
[2023-03-12T10:10:51.780+0000] {processor.py:153} INFO - Started process (PID=443) to work on /home/airflow/.local/lib/python3.7/site-packages/airflow/example_dags/example_xcomargs.py
[2023-03-12T10:10:51.782+0000] {processor.py:743} INFO - Processing file /home/airflow/.local/lib/python3.7/site-packages/airflow/example_dags/example_xcomargs.py for tasks to queue
[2023-03-12T10:10:51.783+0000] {logging_mixin.py:137} INFO - [2023-03-12T10:10:51.783+0000] {dagbag.py:538} INFO - Filling up the DagBag from /home/airflow/.local/lib/python3.7/site-packages/airflow/example_dags/example_xcomargs.py
[2023-03-12T10:10:51.800+0000] {processor.py:753} INFO - DAG(s) dict_keys(['example_xcom_args', 'example_xcom_args_with_operators']) retrieved from /home/airflow/.local/lib/python3.7/site-packages/airflow/example_dags/example_xcomargs.py
[2023-03-12T10:10:51.832+0000] {logging_mixin.py:137} INFO - [2023-03-12T10:10:51.832+0000] {dag.py:2690} INFO - Sync 2 DAGs
[2023-03-12T10:10:51.859+0000] {logging_mixin.py:137} INFO - [2023-03-12T10:10:51.859+0000] {dag.py:3441} INFO - Setting next_dagrun for example_xcom_args to None, run_after=None
[2023-03-12T10:10:51.864+0000] {logging_mixin.py:137} INFO - [2023-03-12T10:10:51.864+0000] {dag.py:3441} INFO - Setting next_dagrun for example_xcom_args_with_operators to None, run_after=None
[2023-03-12T10:10:51.877+0000] {processor.py:175} INFO - Processing /home/airflow/.local/lib/python3.7/site-packages/airflow/example_dags/example_xcomargs.py took 0.101 seconds
[2023-03-12T10:11:22.048+0000] {processor.py:153} INFO - Started process (PID=508) to work on /home/airflow/.local/lib/python3.7/site-packages/airflow/example_dags/example_xcomargs.py
[2023-03-12T10:11:22.050+0000] {processor.py:743} INFO - Processing file /home/airflow/.local/lib/python3.7/site-packages/airflow/example_dags/example_xcomargs.py for tasks to queue
[2023-03-12T10:11:22.052+0000] {logging_mixin.py:137} INFO - [2023-03-12T10:11:22.052+0000] {dagbag.py:538} INFO - Filling up the DagBag from /home/airflow/.local/lib/python3.7/site-packages/airflow/example_dags/example_xcomargs.py
[2023-03-12T10:11:22.070+0000] {processor.py:753} INFO - DAG(s) dict_keys(['example_xcom_args', 'example_xcom_args_with_operators']) retrieved from /home/airflow/.local/lib/python3.7/site-packages/airflow/example_dags/example_xcomargs.py
[2023-03-12T10:11:22.097+0000] {logging_mixin.py:137} INFO - [2023-03-12T10:11:22.097+0000] {dag.py:2690} INFO - Sync 2 DAGs
[2023-03-12T10:11:22.116+0000] {logging_mixin.py:137} INFO - [2023-03-12T10:11:22.116+0000] {dag.py:3441} INFO - Setting next_dagrun for example_xcom_args to None, run_after=None
[2023-03-12T10:11:22.119+0000] {logging_mixin.py:137} INFO - [2023-03-12T10:11:22.119+0000] {dag.py:3441} INFO - Setting next_dagrun for example_xcom_args_with_operators to None, run_after=None
[2023-03-12T10:11:22.131+0000] {processor.py:175} INFO - Processing /home/airflow/.local/lib/python3.7/site-packages/airflow/example_dags/example_xcomargs.py took 0.086 seconds
[2023-03-12T10:11:52.226+0000] {processor.py:153} INFO - Started process (PID=584) to work on /home/airflow/.local/lib/python3.7/site-packages/airflow/example_dags/example_xcomargs.py
[2023-03-12T10:11:52.228+0000] {processor.py:743} INFO - Processing file /home/airflow/.local/lib/python3.7/site-packages/airflow/example_dags/example_xcomargs.py for tasks to queue
[2023-03-12T10:11:52.230+0000] {logging_mixin.py:137} INFO - [2023-03-12T10:11:52.230+0000] {dagbag.py:538} INFO - Filling up the DagBag from /home/airflow/.local/lib/python3.7/site-packages/airflow/example_dags/example_xcomargs.py
[2023-03-12T10:11:52.247+0000] {processor.py:753} INFO - DAG(s) dict_keys(['example_xcom_args', 'example_xcom_args_with_operators']) retrieved from /home/airflow/.local/lib/python3.7/site-packages/airflow/example_dags/example_xcomargs.py
[2023-03-12T10:11:52.273+0000] {logging_mixin.py:137} INFO - [2023-03-12T10:11:52.273+0000] {dag.py:2690} INFO - Sync 2 DAGs
[2023-03-12T10:11:52.288+0000] {logging_mixin.py:137} INFO - [2023-03-12T10:11:52.288+0000] {dag.py:3441} INFO - Setting next_dagrun for example_xcom_args to None, run_after=None
[2023-03-12T10:11:52.292+0000] {logging_mixin.py:137} INFO - [2023-03-12T10:11:52.292+0000] {dag.py:3441} INFO - Setting next_dagrun for example_xcom_args_with_operators to None, run_after=None
[2023-03-12T10:11:52.302+0000] {processor.py:175} INFO - Processing /home/airflow/.local/lib/python3.7/site-packages/airflow/example_dags/example_xcomargs.py took 0.079 seconds
[2023-03-12T10:12:22.542+0000] {processor.py:153} INFO - Started process (PID=656) to work on /home/airflow/.local/lib/python3.7/site-packages/airflow/example_dags/example_xcomargs.py
[2023-03-12T10:12:22.545+0000] {processor.py:743} INFO - Processing file /home/airflow/.local/lib/python3.7/site-packages/airflow/example_dags/example_xcomargs.py for tasks to queue
[2023-03-12T10:12:22.549+0000] {logging_mixin.py:137} INFO - [2023-03-12T10:12:22.549+0000] {dagbag.py:538} INFO - Filling up the DagBag from /home/airflow/.local/lib/python3.7/site-packages/airflow/example_dags/example_xcomargs.py
[2023-03-12T10:12:22.577+0000] {processor.py:753} INFO - DAG(s) dict_keys(['example_xcom_args_with_operators', 'example_xcom_args']) retrieved from /home/airflow/.local/lib/python3.7/site-packages/airflow/example_dags/example_xcomargs.py
[2023-03-12T10:12:22.643+0000] {logging_mixin.py:137} INFO - [2023-03-12T10:12:22.642+0000] {dag.py:2690} INFO - Sync 2 DAGs
[2023-03-12T10:12:22.680+0000] {logging_mixin.py:137} INFO - [2023-03-12T10:12:22.680+0000] {dag.py:3441} INFO - Setting next_dagrun for example_xcom_args to None, run_after=None
[2023-03-12T10:12:22.690+0000] {logging_mixin.py:137} INFO - [2023-03-12T10:12:22.690+0000] {dag.py:3441} INFO - Setting next_dagrun for example_xcom_args_with_operators to None, run_after=None
[2023-03-12T10:12:22.717+0000] {processor.py:175} INFO - Processing /home/airflow/.local/lib/python3.7/site-packages/airflow/example_dags/example_xcomargs.py took 0.179 seconds
[2023-03-12T10:12:52.987+0000] {processor.py:153} INFO - Started process (PID=727) to work on /home/airflow/.local/lib/python3.7/site-packages/airflow/example_dags/example_xcomargs.py
[2023-03-12T10:12:52.990+0000] {processor.py:743} INFO - Processing file /home/airflow/.local/lib/python3.7/site-packages/airflow/example_dags/example_xcomargs.py for tasks to queue
[2023-03-12T10:12:52.992+0000] {logging_mixin.py:137} INFO - [2023-03-12T10:12:52.991+0000] {dagbag.py:538} INFO - Filling up the DagBag from /home/airflow/.local/lib/python3.7/site-packages/airflow/example_dags/example_xcomargs.py
[2023-03-12T10:12:53.021+0000] {processor.py:753} INFO - DAG(s) dict_keys(['example_xcom_args', 'example_xcom_args_with_operators']) retrieved from /home/airflow/.local/lib/python3.7/site-packages/airflow/example_dags/example_xcomargs.py
[2023-03-12T10:12:53.065+0000] {logging_mixin.py:137} INFO - [2023-03-12T10:12:53.064+0000] {dag.py:2690} INFO - Sync 2 DAGs
[2023-03-12T10:12:53.094+0000] {logging_mixin.py:137} INFO - [2023-03-12T10:12:53.094+0000] {dag.py:3441} INFO - Setting next_dagrun for example_xcom_args to None, run_after=None
[2023-03-12T10:12:53.100+0000] {logging_mixin.py:137} INFO - [2023-03-12T10:12:53.100+0000] {dag.py:3441} INFO - Setting next_dagrun for example_xcom_args_with_operators to None, run_after=None
[2023-03-12T10:12:53.120+0000] {processor.py:175} INFO - Processing /home/airflow/.local/lib/python3.7/site-packages/airflow/example_dags/example_xcomargs.py took 0.138 seconds
[2023-03-12T10:13:23.400+0000] {processor.py:153} INFO - Started process (PID=804) to work on /home/airflow/.local/lib/python3.7/site-packages/airflow/example_dags/example_xcomargs.py
[2023-03-12T10:13:23.405+0000] {processor.py:743} INFO - Processing file /home/airflow/.local/lib/python3.7/site-packages/airflow/example_dags/example_xcomargs.py for tasks to queue
[2023-03-12T10:13:23.409+0000] {logging_mixin.py:137} INFO - [2023-03-12T10:13:23.409+0000] {dagbag.py:538} INFO - Filling up the DagBag from /home/airflow/.local/lib/python3.7/site-packages/airflow/example_dags/example_xcomargs.py
[2023-03-12T10:13:23.434+0000] {processor.py:753} INFO - DAG(s) dict_keys(['example_xcom_args', 'example_xcom_args_with_operators']) retrieved from /home/airflow/.local/lib/python3.7/site-packages/airflow/example_dags/example_xcomargs.py
[2023-03-12T10:13:23.464+0000] {logging_mixin.py:137} INFO - [2023-03-12T10:13:23.464+0000] {dag.py:2690} INFO - Sync 2 DAGs
[2023-03-12T10:13:23.480+0000] {logging_mixin.py:137} INFO - [2023-03-12T10:13:23.480+0000] {dag.py:3441} INFO - Setting next_dagrun for example_xcom_args to None, run_after=None
[2023-03-12T10:13:23.490+0000] {logging_mixin.py:137} INFO - [2023-03-12T10:13:23.490+0000] {dag.py:3441} INFO - Setting next_dagrun for example_xcom_args_with_operators to None, run_after=None
[2023-03-12T10:13:23.507+0000] {processor.py:175} INFO - Processing /home/airflow/.local/lib/python3.7/site-packages/airflow/example_dags/example_xcomargs.py took 0.113 seconds
[2023-03-12T10:13:54.446+0000] {processor.py:153} INFO - Started process (PID=869) to work on /home/airflow/.local/lib/python3.7/site-packages/airflow/example_dags/example_xcomargs.py
[2023-03-12T10:13:54.449+0000] {processor.py:743} INFO - Processing file /home/airflow/.local/lib/python3.7/site-packages/airflow/example_dags/example_xcomargs.py for tasks to queue
[2023-03-12T10:13:54.451+0000] {logging_mixin.py:137} INFO - [2023-03-12T10:13:54.451+0000] {dagbag.py:538} INFO - Filling up the DagBag from /home/airflow/.local/lib/python3.7/site-packages/airflow/example_dags/example_xcomargs.py
[2023-03-12T10:13:54.470+0000] {processor.py:753} INFO - DAG(s) dict_keys(['example_xcom_args', 'example_xcom_args_with_operators']) retrieved from /home/airflow/.local/lib/python3.7/site-packages/airflow/example_dags/example_xcomargs.py
[2023-03-12T10:13:54.499+0000] {logging_mixin.py:137} INFO - [2023-03-12T10:13:54.499+0000] {dag.py:2690} INFO - Sync 2 DAGs
[2023-03-12T10:13:54.517+0000] {logging_mixin.py:137} INFO - [2023-03-12T10:13:54.517+0000] {dag.py:3441} INFO - Setting next_dagrun for example_xcom_args to None, run_after=None
[2023-03-12T10:13:54.521+0000] {logging_mixin.py:137} INFO - [2023-03-12T10:13:54.521+0000] {dag.py:3441} INFO - Setting next_dagrun for example_xcom_args_with_operators to None, run_after=None
[2023-03-12T10:13:54.536+0000] {processor.py:175} INFO - Processing /home/airflow/.local/lib/python3.7/site-packages/airflow/example_dags/example_xcomargs.py took 0.093 seconds
[2023-03-12T10:14:24.763+0000] {processor.py:153} INFO - Started process (PID=946) to work on /home/airflow/.local/lib/python3.7/site-packages/airflow/example_dags/example_xcomargs.py
[2023-03-12T10:14:24.767+0000] {processor.py:743} INFO - Processing file /home/airflow/.local/lib/python3.7/site-packages/airflow/example_dags/example_xcomargs.py for tasks to queue
[2023-03-12T10:14:24.769+0000] {logging_mixin.py:137} INFO - [2023-03-12T10:14:24.769+0000] {dagbag.py:538} INFO - Filling up the DagBag from /home/airflow/.local/lib/python3.7/site-packages/airflow/example_dags/example_xcomargs.py
[2023-03-12T10:14:24.792+0000] {processor.py:753} INFO - DAG(s) dict_keys(['example_xcom_args_with_operators', 'example_xcom_args']) retrieved from /home/airflow/.local/lib/python3.7/site-packages/airflow/example_dags/example_xcomargs.py
[2023-03-12T10:14:24.820+0000] {logging_mixin.py:137} INFO - [2023-03-12T10:14:24.820+0000] {dag.py:2690} INFO - Sync 2 DAGs
[2023-03-12T10:14:24.840+0000] {logging_mixin.py:137} INFO - [2023-03-12T10:14:24.839+0000] {dag.py:3441} INFO - Setting next_dagrun for example_xcom_args to None, run_after=None
[2023-03-12T10:14:24.844+0000] {logging_mixin.py:137} INFO - [2023-03-12T10:14:24.843+0000] {dag.py:3441} INFO - Setting next_dagrun for example_xcom_args_with_operators to None, run_after=None
[2023-03-12T10:14:24.892+0000] {processor.py:175} INFO - Processing /home/airflow/.local/lib/python3.7/site-packages/airflow/example_dags/example_xcomargs.py took 0.133 seconds
[2023-03-12T10:14:54.999+0000] {processor.py:153} INFO - Started process (PID=1012) to work on /home/airflow/.local/lib/python3.7/site-packages/airflow/example_dags/example_xcomargs.py
[2023-03-12T10:14:55.003+0000] {processor.py:743} INFO - Processing file /home/airflow/.local/lib/python3.7/site-packages/airflow/example_dags/example_xcomargs.py for tasks to queue
[2023-03-12T10:14:55.006+0000] {logging_mixin.py:137} INFO - [2023-03-12T10:14:55.005+0000] {dagbag.py:538} INFO - Filling up the DagBag from /home/airflow/.local/lib/python3.7/site-packages/airflow/example_dags/example_xcomargs.py
[2023-03-12T10:14:55.030+0000] {processor.py:753} INFO - DAG(s) dict_keys(['example_xcom_args_with_operators', 'example_xcom_args']) retrieved from /home/airflow/.local/lib/python3.7/site-packages/airflow/example_dags/example_xcomargs.py
[2023-03-12T10:14:55.062+0000] {logging_mixin.py:137} INFO - [2023-03-12T10:14:55.062+0000] {dag.py:2690} INFO - Sync 2 DAGs
[2023-03-12T10:14:55.084+0000] {logging_mixin.py:137} INFO - [2023-03-12T10:14:55.084+0000] {dag.py:3441} INFO - Setting next_dagrun for example_xcom_args to None, run_after=None
[2023-03-12T10:14:55.089+0000] {logging_mixin.py:137} INFO - [2023-03-12T10:14:55.089+0000] {dag.py:3441} INFO - Setting next_dagrun for example_xcom_args_with_operators to None, run_after=None
[2023-03-12T10:14:55.103+0000] {processor.py:175} INFO - Processing /home/airflow/.local/lib/python3.7/site-packages/airflow/example_dags/example_xcomargs.py took 0.109 seconds
[2023-03-12T10:15:25.363+0000] {processor.py:153} INFO - Started process (PID=1090) to work on /home/airflow/.local/lib/python3.7/site-packages/airflow/example_dags/example_xcomargs.py
[2023-03-12T10:15:25.366+0000] {processor.py:743} INFO - Processing file /home/airflow/.local/lib/python3.7/site-packages/airflow/example_dags/example_xcomargs.py for tasks to queue
[2023-03-12T10:15:25.368+0000] {logging_mixin.py:137} INFO - [2023-03-12T10:15:25.368+0000] {dagbag.py:538} INFO - Filling up the DagBag from /home/airflow/.local/lib/python3.7/site-packages/airflow/example_dags/example_xcomargs.py
[2023-03-12T10:15:25.390+0000] {processor.py:753} INFO - DAG(s) dict_keys(['example_xcom_args', 'example_xcom_args_with_operators']) retrieved from /home/airflow/.local/lib/python3.7/site-packages/airflow/example_dags/example_xcomargs.py
[2023-03-12T10:15:25.423+0000] {logging_mixin.py:137} INFO - [2023-03-12T10:15:25.423+0000] {dag.py:2690} INFO - Sync 2 DAGs
[2023-03-12T10:15:25.447+0000] {logging_mixin.py:137} INFO - [2023-03-12T10:15:25.447+0000] {dag.py:3441} INFO - Setting next_dagrun for example_xcom_args to None, run_after=None
[2023-03-12T10:15:25.452+0000] {logging_mixin.py:137} INFO - [2023-03-12T10:15:25.452+0000] {dag.py:3441} INFO - Setting next_dagrun for example_xcom_args_with_operators to None, run_after=None
[2023-03-12T10:15:25.467+0000] {processor.py:175} INFO - Processing /home/airflow/.local/lib/python3.7/site-packages/airflow/example_dags/example_xcomargs.py took 0.109 seconds
[2023-03-12T10:15:55.645+0000] {processor.py:153} INFO - Started process (PID=1165) to work on /home/airflow/.local/lib/python3.7/site-packages/airflow/example_dags/example_xcomargs.py
[2023-03-12T10:15:55.649+0000] {processor.py:743} INFO - Processing file /home/airflow/.local/lib/python3.7/site-packages/airflow/example_dags/example_xcomargs.py for tasks to queue
[2023-03-12T10:15:55.651+0000] {logging_mixin.py:137} INFO - [2023-03-12T10:15:55.651+0000] {dagbag.py:538} INFO - Filling up the DagBag from /home/airflow/.local/lib/python3.7/site-packages/airflow/example_dags/example_xcomargs.py
[2023-03-12T10:15:55.692+0000] {processor.py:753} INFO - DAG(s) dict_keys(['example_xcom_args', 'example_xcom_args_with_operators']) retrieved from /home/airflow/.local/lib/python3.7/site-packages/airflow/example_dags/example_xcomargs.py
[2023-03-12T10:15:55.741+0000] {logging_mixin.py:137} INFO - [2023-03-12T10:15:55.741+0000] {dag.py:2690} INFO - Sync 2 DAGs
[2023-03-12T10:15:55.768+0000] {logging_mixin.py:137} INFO - [2023-03-12T10:15:55.767+0000] {dag.py:3441} INFO - Setting next_dagrun for example_xcom_args to None, run_after=None
[2023-03-12T10:15:55.781+0000] {logging_mixin.py:137} INFO - [2023-03-12T10:15:55.781+0000] {dag.py:3441} INFO - Setting next_dagrun for example_xcom_args_with_operators to None, run_after=None
[2023-03-12T10:15:55.808+0000] {processor.py:175} INFO - Processing /home/airflow/.local/lib/python3.7/site-packages/airflow/example_dags/example_xcomargs.py took 0.168 seconds
[2023-03-12T10:16:25.875+0000] {processor.py:153} INFO - Started process (PID=1230) to work on /home/airflow/.local/lib/python3.7/site-packages/airflow/example_dags/example_xcomargs.py
[2023-03-12T10:16:25.878+0000] {processor.py:743} INFO - Processing file /home/airflow/.local/lib/python3.7/site-packages/airflow/example_dags/example_xcomargs.py for tasks to queue
[2023-03-12T10:16:25.880+0000] {logging_mixin.py:137} INFO - [2023-03-12T10:16:25.880+0000] {dagbag.py:538} INFO - Filling up the DagBag from /home/airflow/.local/lib/python3.7/site-packages/airflow/example_dags/example_xcomargs.py
[2023-03-12T10:16:25.904+0000] {processor.py:753} INFO - DAG(s) dict_keys(['example_xcom_args', 'example_xcom_args_with_operators']) retrieved from /home/airflow/.local/lib/python3.7/site-packages/airflow/example_dags/example_xcomargs.py
[2023-03-12T10:16:25.937+0000] {logging_mixin.py:137} INFO - [2023-03-12T10:16:25.937+0000] {dag.py:2690} INFO - Sync 2 DAGs
[2023-03-12T10:16:25.956+0000] {logging_mixin.py:137} INFO - [2023-03-12T10:16:25.956+0000] {dag.py:3441} INFO - Setting next_dagrun for example_xcom_args to None, run_after=None
[2023-03-12T10:16:25.960+0000] {logging_mixin.py:137} INFO - [2023-03-12T10:16:25.960+0000] {dag.py:3441} INFO - Setting next_dagrun for example_xcom_args_with_operators to None, run_after=None
[2023-03-12T10:16:25.976+0000] {processor.py:175} INFO - Processing /home/airflow/.local/lib/python3.7/site-packages/airflow/example_dags/example_xcomargs.py took 0.108 seconds
[2023-03-12T10:16:56.134+0000] {processor.py:153} INFO - Started process (PID=1308) to work on /home/airflow/.local/lib/python3.7/site-packages/airflow/example_dags/example_xcomargs.py
[2023-03-12T10:16:56.137+0000] {processor.py:743} INFO - Processing file /home/airflow/.local/lib/python3.7/site-packages/airflow/example_dags/example_xcomargs.py for tasks to queue
[2023-03-12T10:16:56.140+0000] {logging_mixin.py:137} INFO - [2023-03-12T10:16:56.139+0000] {dagbag.py:538} INFO - Filling up the DagBag from /home/airflow/.local/lib/python3.7/site-packages/airflow/example_dags/example_xcomargs.py
[2023-03-12T10:16:56.163+0000] {processor.py:753} INFO - DAG(s) dict_keys(['example_xcom_args', 'example_xcom_args_with_operators']) retrieved from /home/airflow/.local/lib/python3.7/site-packages/airflow/example_dags/example_xcomargs.py
[2023-03-12T10:16:56.193+0000] {logging_mixin.py:137} INFO - [2023-03-12T10:16:56.193+0000] {dag.py:2690} INFO - Sync 2 DAGs
[2023-03-12T10:16:56.211+0000] {logging_mixin.py:137} INFO - [2023-03-12T10:16:56.211+0000] {dag.py:3441} INFO - Setting next_dagrun for example_xcom_args to None, run_after=None
[2023-03-12T10:16:56.215+0000] {logging_mixin.py:137} INFO - [2023-03-12T10:16:56.215+0000] {dag.py:3441} INFO - Setting next_dagrun for example_xcom_args_with_operators to None, run_after=None
[2023-03-12T10:16:56.229+0000] {processor.py:175} INFO - Processing /home/airflow/.local/lib/python3.7/site-packages/airflow/example_dags/example_xcomargs.py took 0.101 seconds
[2023-03-12T10:17:27.076+0000] {processor.py:153} INFO - Started process (PID=1373) to work on /home/airflow/.local/lib/python3.7/site-packages/airflow/example_dags/example_xcomargs.py
[2023-03-12T10:17:27.078+0000] {processor.py:743} INFO - Processing file /home/airflow/.local/lib/python3.7/site-packages/airflow/example_dags/example_xcomargs.py for tasks to queue
[2023-03-12T10:17:27.080+0000] {logging_mixin.py:137} INFO - [2023-03-12T10:17:27.080+0000] {dagbag.py:538} INFO - Filling up the DagBag from /home/airflow/.local/lib/python3.7/site-packages/airflow/example_dags/example_xcomargs.py
[2023-03-12T10:17:27.100+0000] {processor.py:753} INFO - DAG(s) dict_keys(['example_xcom_args_with_operators', 'example_xcom_args']) retrieved from /home/airflow/.local/lib/python3.7/site-packages/airflow/example_dags/example_xcomargs.py
[2023-03-12T10:17:27.130+0000] {logging_mixin.py:137} INFO - [2023-03-12T10:17:27.130+0000] {dag.py:2690} INFO - Sync 2 DAGs
[2023-03-12T10:17:27.148+0000] {logging_mixin.py:137} INFO - [2023-03-12T10:17:27.148+0000] {dag.py:3441} INFO - Setting next_dagrun for example_xcom_args to None, run_after=None
[2023-03-12T10:17:27.153+0000] {logging_mixin.py:137} INFO - [2023-03-12T10:17:27.153+0000] {dag.py:3441} INFO - Setting next_dagrun for example_xcom_args_with_operators to None, run_after=None
[2023-03-12T10:17:27.167+0000] {processor.py:175} INFO - Processing /home/airflow/.local/lib/python3.7/site-packages/airflow/example_dags/example_xcomargs.py took 0.095 seconds
[2023-03-12T10:17:58.072+0000] {processor.py:153} INFO - Started process (PID=1450) to work on /home/airflow/.local/lib/python3.7/site-packages/airflow/example_dags/example_xcomargs.py
[2023-03-12T10:17:58.076+0000] {processor.py:743} INFO - Processing file /home/airflow/.local/lib/python3.7/site-packages/airflow/example_dags/example_xcomargs.py for tasks to queue
[2023-03-12T10:17:58.078+0000] {logging_mixin.py:137} INFO - [2023-03-12T10:17:58.078+0000] {dagbag.py:538} INFO - Filling up the DagBag from /home/airflow/.local/lib/python3.7/site-packages/airflow/example_dags/example_xcomargs.py
[2023-03-12T10:17:58.101+0000] {processor.py:753} INFO - DAG(s) dict_keys(['example_xcom_args_with_operators', 'example_xcom_args']) retrieved from /home/airflow/.local/lib/python3.7/site-packages/airflow/example_dags/example_xcomargs.py
[2023-03-12T10:17:58.131+0000] {logging_mixin.py:137} INFO - [2023-03-12T10:17:58.131+0000] {dag.py:2690} INFO - Sync 2 DAGs
[2023-03-12T10:17:58.152+0000] {logging_mixin.py:137} INFO - [2023-03-12T10:17:58.152+0000] {dag.py:3441} INFO - Setting next_dagrun for example_xcom_args to None, run_after=None
[2023-03-12T10:17:58.156+0000] {logging_mixin.py:137} INFO - [2023-03-12T10:17:58.156+0000] {dag.py:3441} INFO - Setting next_dagrun for example_xcom_args_with_operators to None, run_after=None
[2023-03-12T10:17:58.172+0000] {processor.py:175} INFO - Processing /home/airflow/.local/lib/python3.7/site-packages/airflow/example_dags/example_xcomargs.py took 0.104 seconds
[2023-03-12T10:18:28.499+0000] {processor.py:153} INFO - Started process (PID=1528) to work on /home/airflow/.local/lib/python3.7/site-packages/airflow/example_dags/example_xcomargs.py
[2023-03-12T10:18:28.502+0000] {processor.py:743} INFO - Processing file /home/airflow/.local/lib/python3.7/site-packages/airflow/example_dags/example_xcomargs.py for tasks to queue
[2023-03-12T10:18:28.505+0000] {logging_mixin.py:137} INFO - [2023-03-12T10:18:28.505+0000] {dagbag.py:538} INFO - Filling up the DagBag from /home/airflow/.local/lib/python3.7/site-packages/airflow/example_dags/example_xcomargs.py
[2023-03-12T10:18:28.528+0000] {processor.py:753} INFO - DAG(s) dict_keys(['example_xcom_args_with_operators', 'example_xcom_args']) retrieved from /home/airflow/.local/lib/python3.7/site-packages/airflow/example_dags/example_xcomargs.py
[2023-03-12T10:18:28.562+0000] {logging_mixin.py:137} INFO - [2023-03-12T10:18:28.562+0000] {dag.py:2690} INFO - Sync 2 DAGs
[2023-03-12T10:18:28.584+0000] {logging_mixin.py:137} INFO - [2023-03-12T10:18:28.584+0000] {dag.py:3441} INFO - Setting next_dagrun for example_xcom_args to None, run_after=None
[2023-03-12T10:18:28.588+0000] {logging_mixin.py:137} INFO - [2023-03-12T10:18:28.588+0000] {dag.py:3441} INFO - Setting next_dagrun for example_xcom_args_with_operators to None, run_after=None
[2023-03-12T10:18:28.603+0000] {processor.py:175} INFO - Processing /home/airflow/.local/lib/python3.7/site-packages/airflow/example_dags/example_xcomargs.py took 0.108 seconds
[2023-03-12T10:18:58.669+0000] {processor.py:153} INFO - Started process (PID=1593) to work on /home/airflow/.local/lib/python3.7/site-packages/airflow/example_dags/example_xcomargs.py
[2023-03-12T10:18:58.671+0000] {processor.py:743} INFO - Processing file /home/airflow/.local/lib/python3.7/site-packages/airflow/example_dags/example_xcomargs.py for tasks to queue
[2023-03-12T10:18:58.673+0000] {logging_mixin.py:137} INFO - [2023-03-12T10:18:58.673+0000] {dagbag.py:538} INFO - Filling up the DagBag from /home/airflow/.local/lib/python3.7/site-packages/airflow/example_dags/example_xcomargs.py
[2023-03-12T10:18:58.694+0000] {processor.py:753} INFO - DAG(s) dict_keys(['example_xcom_args', 'example_xcom_args_with_operators']) retrieved from /home/airflow/.local/lib/python3.7/site-packages/airflow/example_dags/example_xcomargs.py
[2023-03-12T10:18:58.722+0000] {logging_mixin.py:137} INFO - [2023-03-12T10:18:58.722+0000] {dag.py:2690} INFO - Sync 2 DAGs
[2023-03-12T10:18:58.738+0000] {logging_mixin.py:137} INFO - [2023-03-12T10:18:58.738+0000] {dag.py:3441} INFO - Setting next_dagrun for example_xcom_args to None, run_after=None
[2023-03-12T10:18:58.743+0000] {logging_mixin.py:137} INFO - [2023-03-12T10:18:58.743+0000] {dag.py:3441} INFO - Setting next_dagrun for example_xcom_args_with_operators to None, run_after=None
[2023-03-12T10:18:58.758+0000] {processor.py:175} INFO - Processing /home/airflow/.local/lib/python3.7/site-packages/airflow/example_dags/example_xcomargs.py took 0.094 seconds
[2023-03-12T10:19:29.414+0000] {processor.py:153} INFO - Started process (PID=1671) to work on /home/airflow/.local/lib/python3.7/site-packages/airflow/example_dags/example_xcomargs.py
[2023-03-12T10:19:29.417+0000] {processor.py:743} INFO - Processing file /home/airflow/.local/lib/python3.7/site-packages/airflow/example_dags/example_xcomargs.py for tasks to queue
[2023-03-12T10:19:29.420+0000] {logging_mixin.py:137} INFO - [2023-03-12T10:19:29.419+0000] {dagbag.py:538} INFO - Filling up the DagBag from /home/airflow/.local/lib/python3.7/site-packages/airflow/example_dags/example_xcomargs.py
[2023-03-12T10:19:29.440+0000] {processor.py:753} INFO - DAG(s) dict_keys(['example_xcom_args_with_operators', 'example_xcom_args']) retrieved from /home/airflow/.local/lib/python3.7/site-packages/airflow/example_dags/example_xcomargs.py
[2023-03-12T10:19:29.468+0000] {logging_mixin.py:137} INFO - [2023-03-12T10:19:29.468+0000] {dag.py:2690} INFO - Sync 2 DAGs
[2023-03-12T10:19:29.486+0000] {logging_mixin.py:137} INFO - [2023-03-12T10:19:29.486+0000] {dag.py:3441} INFO - Setting next_dagrun for example_xcom_args to None, run_after=None
[2023-03-12T10:19:29.489+0000] {logging_mixin.py:137} INFO - [2023-03-12T10:19:29.489+0000] {dag.py:3441} INFO - Setting next_dagrun for example_xcom_args_with_operators to None, run_after=None
[2023-03-12T10:19:29.503+0000] {processor.py:175} INFO - Processing /home/airflow/.local/lib/python3.7/site-packages/airflow/example_dags/example_xcomargs.py took 0.094 seconds
[2023-03-12T10:19:59.867+0000] {processor.py:153} INFO - Started process (PID=1743) to work on /home/airflow/.local/lib/python3.7/site-packages/airflow/example_dags/example_xcomargs.py
[2023-03-12T10:19:59.875+0000] {processor.py:743} INFO - Processing file /home/airflow/.local/lib/python3.7/site-packages/airflow/example_dags/example_xcomargs.py for tasks to queue
[2023-03-12T10:19:59.879+0000] {logging_mixin.py:137} INFO - [2023-03-12T10:19:59.878+0000] {dagbag.py:538} INFO - Filling up the DagBag from /home/airflow/.local/lib/python3.7/site-packages/airflow/example_dags/example_xcomargs.py
[2023-03-12T10:19:59.918+0000] {processor.py:753} INFO - DAG(s) dict_keys(['example_xcom_args_with_operators', 'example_xcom_args']) retrieved from /home/airflow/.local/lib/python3.7/site-packages/airflow/example_dags/example_xcomargs.py
[2023-03-12T10:19:59.949+0000] {logging_mixin.py:137} INFO - [2023-03-12T10:19:59.949+0000] {dag.py:2690} INFO - Sync 2 DAGs
[2023-03-12T10:19:59.974+0000] {logging_mixin.py:137} INFO - [2023-03-12T10:19:59.974+0000] {dag.py:3441} INFO - Setting next_dagrun for example_xcom_args to None, run_after=None
[2023-03-12T10:19:59.980+0000] {logging_mixin.py:137} INFO - [2023-03-12T10:19:59.980+0000] {dag.py:3441} INFO - Setting next_dagrun for example_xcom_args_with_operators to None, run_after=None
[2023-03-12T10:20:00.001+0000] {processor.py:175} INFO - Processing /home/airflow/.local/lib/python3.7/site-packages/airflow/example_dags/example_xcomargs.py took 0.140 seconds
[2023-03-12T10:20:30.102+0000] {processor.py:153} INFO - Started process (PID=1815) to work on /home/airflow/.local/lib/python3.7/site-packages/airflow/example_dags/example_xcomargs.py
[2023-03-12T10:20:30.104+0000] {processor.py:743} INFO - Processing file /home/airflow/.local/lib/python3.7/site-packages/airflow/example_dags/example_xcomargs.py for tasks to queue
[2023-03-12T10:20:30.106+0000] {logging_mixin.py:137} INFO - [2023-03-12T10:20:30.106+0000] {dagbag.py:538} INFO - Filling up the DagBag from /home/airflow/.local/lib/python3.7/site-packages/airflow/example_dags/example_xcomargs.py
[2023-03-12T10:20:30.126+0000] {processor.py:753} INFO - DAG(s) dict_keys(['example_xcom_args', 'example_xcom_args_with_operators']) retrieved from /home/airflow/.local/lib/python3.7/site-packages/airflow/example_dags/example_xcomargs.py
[2023-03-12T10:20:30.156+0000] {logging_mixin.py:137} INFO - [2023-03-12T10:20:30.156+0000] {dag.py:2690} INFO - Sync 2 DAGs
[2023-03-12T10:20:30.174+0000] {logging_mixin.py:137} INFO - [2023-03-12T10:20:30.174+0000] {dag.py:3441} INFO - Setting next_dagrun for example_xcom_args to None, run_after=None
[2023-03-12T10:20:30.178+0000] {logging_mixin.py:137} INFO - [2023-03-12T10:20:30.178+0000] {dag.py:3441} INFO - Setting next_dagrun for example_xcom_args_with_operators to None, run_after=None
[2023-03-12T10:20:30.190+0000] {processor.py:175} INFO - Processing /home/airflow/.local/lib/python3.7/site-packages/airflow/example_dags/example_xcomargs.py took 0.091 seconds
[2023-03-12T10:21:00.668+0000] {processor.py:153} INFO - Started process (PID=1894) to work on /home/airflow/.local/lib/python3.7/site-packages/airflow/example_dags/example_xcomargs.py
[2023-03-12T10:21:00.670+0000] {processor.py:743} INFO - Processing file /home/airflow/.local/lib/python3.7/site-packages/airflow/example_dags/example_xcomargs.py for tasks to queue
[2023-03-12T10:21:00.672+0000] {logging_mixin.py:137} INFO - [2023-03-12T10:21:00.672+0000] {dagbag.py:538} INFO - Filling up the DagBag from /home/airflow/.local/lib/python3.7/site-packages/airflow/example_dags/example_xcomargs.py
[2023-03-12T10:21:00.690+0000] {processor.py:753} INFO - DAG(s) dict_keys(['example_xcom_args_with_operators', 'example_xcom_args']) retrieved from /home/airflow/.local/lib/python3.7/site-packages/airflow/example_dags/example_xcomargs.py
[2023-03-12T10:21:00.720+0000] {logging_mixin.py:137} INFO - [2023-03-12T10:21:00.720+0000] {dag.py:2690} INFO - Sync 2 DAGs
[2023-03-12T10:21:00.739+0000] {logging_mixin.py:137} INFO - [2023-03-12T10:21:00.739+0000] {dag.py:3441} INFO - Setting next_dagrun for example_xcom_args to None, run_after=None
[2023-03-12T10:21:00.743+0000] {logging_mixin.py:137} INFO - [2023-03-12T10:21:00.743+0000] {dag.py:3441} INFO - Setting next_dagrun for example_xcom_args_with_operators to None, run_after=None
[2023-03-12T10:21:00.758+0000] {processor.py:175} INFO - Processing /home/airflow/.local/lib/python3.7/site-packages/airflow/example_dags/example_xcomargs.py took 0.093 seconds
[2023-03-12T10:21:30.857+0000] {processor.py:153} INFO - Started process (PID=1959) to work on /home/airflow/.local/lib/python3.7/site-packages/airflow/example_dags/example_xcomargs.py
[2023-03-12T10:21:30.859+0000] {processor.py:743} INFO - Processing file /home/airflow/.local/lib/python3.7/site-packages/airflow/example_dags/example_xcomargs.py for tasks to queue
[2023-03-12T10:21:30.861+0000] {logging_mixin.py:137} INFO - [2023-03-12T10:21:30.860+0000] {dagbag.py:538} INFO - Filling up the DagBag from /home/airflow/.local/lib/python3.7/site-packages/airflow/example_dags/example_xcomargs.py
[2023-03-12T10:21:30.877+0000] {processor.py:753} INFO - DAG(s) dict_keys(['example_xcom_args_with_operators', 'example_xcom_args']) retrieved from /home/airflow/.local/lib/python3.7/site-packages/airflow/example_dags/example_xcomargs.py
[2023-03-12T10:21:30.902+0000] {logging_mixin.py:137} INFO - [2023-03-12T10:21:30.902+0000] {dag.py:2690} INFO - Sync 2 DAGs
[2023-03-12T10:21:30.918+0000] {logging_mixin.py:137} INFO - [2023-03-12T10:21:30.918+0000] {dag.py:3441} INFO - Setting next_dagrun for example_xcom_args to None, run_after=None
[2023-03-12T10:21:30.922+0000] {logging_mixin.py:137} INFO - [2023-03-12T10:21:30.922+0000] {dag.py:3441} INFO - Setting next_dagrun for example_xcom_args_with_operators to None, run_after=None
[2023-03-12T10:21:30.934+0000] {processor.py:175} INFO - Processing /home/airflow/.local/lib/python3.7/site-packages/airflow/example_dags/example_xcomargs.py took 0.080 seconds
[2023-03-12T10:22:01.367+0000] {processor.py:153} INFO - Started process (PID=2037) to work on /home/airflow/.local/lib/python3.7/site-packages/airflow/example_dags/example_xcomargs.py
[2023-03-12T10:22:01.372+0000] {processor.py:743} INFO - Processing file /home/airflow/.local/lib/python3.7/site-packages/airflow/example_dags/example_xcomargs.py for tasks to queue
[2023-03-12T10:22:01.374+0000] {logging_mixin.py:137} INFO - [2023-03-12T10:22:01.374+0000] {dagbag.py:538} INFO - Filling up the DagBag from /home/airflow/.local/lib/python3.7/site-packages/airflow/example_dags/example_xcomargs.py
[2023-03-12T10:22:01.396+0000] {processor.py:753} INFO - DAG(s) dict_keys(['example_xcom_args', 'example_xcom_args_with_operators']) retrieved from /home/airflow/.local/lib/python3.7/site-packages/airflow/example_dags/example_xcomargs.py
[2023-03-12T10:22:01.430+0000] {logging_mixin.py:137} INFO - [2023-03-12T10:22:01.429+0000] {dag.py:2690} INFO - Sync 2 DAGs
[2023-03-12T10:22:01.451+0000] {logging_mixin.py:137} INFO - [2023-03-12T10:22:01.451+0000] {dag.py:3441} INFO - Setting next_dagrun for example_xcom_args to None, run_after=None
[2023-03-12T10:22:01.455+0000] {logging_mixin.py:137} INFO - [2023-03-12T10:22:01.455+0000] {dag.py:3441} INFO - Setting next_dagrun for example_xcom_args_with_operators to None, run_after=None
[2023-03-12T10:22:01.473+0000] {processor.py:175} INFO - Processing /home/airflow/.local/lib/python3.7/site-packages/airflow/example_dags/example_xcomargs.py took 0.110 seconds
