[2023-03-12T10:08:16.181+0000] {processor.py:153} INFO - Started process (PID=59) to work on /home/airflow/.local/lib/python3.7/site-packages/airflow/example_dags/example_latest_only.py
[2023-03-12T10:08:16.183+0000] {processor.py:743} INFO - Processing file /home/airflow/.local/lib/python3.7/site-packages/airflow/example_dags/example_latest_only.py for tasks to queue
[2023-03-12T10:08:16.185+0000] {logging_mixin.py:137} INFO - [2023-03-12T10:08:16.185+0000] {dagbag.py:538} INFO - Filling up the DagBag from /home/airflow/.local/lib/python3.7/site-packages/airflow/example_dags/example_latest_only.py
[2023-03-12T10:08:16.214+0000] {processor.py:753} INFO - DAG(s) dict_keys(['latest_only']) retrieved from /home/airflow/.local/lib/python3.7/site-packages/airflow/example_dags/example_latest_only.py
[2023-03-12T10:08:16.241+0000] {logging_mixin.py:137} INFO - [2023-03-12T10:08:16.240+0000] {dag.py:2690} INFO - Sync 1 DAGs
[2023-03-12T10:08:16.279+0000] {logging_mixin.py:137} INFO - [2023-03-12T10:08:16.279+0000] {dag.py:3441} INFO - Setting next_dagrun for latest_only to 2023-03-12T06:08:16.278873+00:00, run_after=2023-03-12T10:08:16.278873+00:00
[2023-03-12T10:08:16.303+0000] {processor.py:175} INFO - Processing /home/airflow/.local/lib/python3.7/site-packages/airflow/example_dags/example_latest_only.py took 0.132 seconds
[2023-03-12T10:08:46.629+0000] {processor.py:153} INFO - Started process (PID=136) to work on /home/airflow/.local/lib/python3.7/site-packages/airflow/example_dags/example_latest_only.py
[2023-03-12T10:08:46.631+0000] {processor.py:743} INFO - Processing file /home/airflow/.local/lib/python3.7/site-packages/airflow/example_dags/example_latest_only.py for tasks to queue
[2023-03-12T10:08:46.633+0000] {logging_mixin.py:137} INFO - [2023-03-12T10:08:46.633+0000] {dagbag.py:538} INFO - Filling up the DagBag from /home/airflow/.local/lib/python3.7/site-packages/airflow/example_dags/example_latest_only.py
[2023-03-12T10:08:46.646+0000] {processor.py:753} INFO - DAG(s) dict_keys(['latest_only']) retrieved from /home/airflow/.local/lib/python3.7/site-packages/airflow/example_dags/example_latest_only.py
[2023-03-12T10:08:46.671+0000] {logging_mixin.py:137} INFO - [2023-03-12T10:08:46.671+0000] {dag.py:2690} INFO - Sync 1 DAGs
[2023-03-12T10:08:46.690+0000] {logging_mixin.py:137} INFO - [2023-03-12T10:08:46.690+0000] {dag.py:3441} INFO - Setting next_dagrun for latest_only to 2023-03-12T06:08:46.690058+00:00, run_after=2023-03-12T10:08:46.690058+00:00
[2023-03-12T10:08:46.704+0000] {processor.py:175} INFO - Processing /home/airflow/.local/lib/python3.7/site-packages/airflow/example_dags/example_latest_only.py took 0.080 seconds
[2023-03-12T10:09:18.388+0000] {processor.py:153} INFO - Started process (PID=209) to work on /home/airflow/.local/lib/python3.7/site-packages/airflow/example_dags/example_latest_only.py
[2023-03-12T10:09:18.397+0000] {processor.py:743} INFO - Processing file /home/airflow/.local/lib/python3.7/site-packages/airflow/example_dags/example_latest_only.py for tasks to queue
[2023-03-12T10:09:18.404+0000] {logging_mixin.py:137} INFO - [2023-03-12T10:09:18.403+0000] {dagbag.py:538} INFO - Filling up the DagBag from /home/airflow/.local/lib/python3.7/site-packages/airflow/example_dags/example_latest_only.py
[2023-03-12T10:09:18.452+0000] {processor.py:753} INFO - DAG(s) dict_keys(['latest_only']) retrieved from /home/airflow/.local/lib/python3.7/site-packages/airflow/example_dags/example_latest_only.py
[2023-03-12T10:09:18.500+0000] {logging_mixin.py:137} INFO - [2023-03-12T10:09:18.500+0000] {dag.py:2690} INFO - Sync 1 DAGs
[2023-03-12T10:09:18.577+0000] {logging_mixin.py:137} INFO - [2023-03-12T10:09:18.577+0000] {dag.py:3441} INFO - Setting next_dagrun for latest_only to 2023-03-12T06:09:18.577091+00:00, run_after=2023-03-12T10:09:18.577091+00:00
[2023-03-12T10:09:18.624+0000] {processor.py:175} INFO - Processing /home/airflow/.local/lib/python3.7/site-packages/airflow/example_dags/example_latest_only.py took 0.241 seconds
[2023-03-12T10:09:48.813+0000] {processor.py:153} INFO - Started process (PID=278) to work on /home/airflow/.local/lib/python3.7/site-packages/airflow/example_dags/example_latest_only.py
[2023-03-12T10:09:48.817+0000] {processor.py:743} INFO - Processing file /home/airflow/.local/lib/python3.7/site-packages/airflow/example_dags/example_latest_only.py for tasks to queue
[2023-03-12T10:09:48.819+0000] {logging_mixin.py:137} INFO - [2023-03-12T10:09:48.819+0000] {dagbag.py:538} INFO - Filling up the DagBag from /home/airflow/.local/lib/python3.7/site-packages/airflow/example_dags/example_latest_only.py
[2023-03-12T10:09:48.830+0000] {processor.py:753} INFO - DAG(s) dict_keys(['latest_only']) retrieved from /home/airflow/.local/lib/python3.7/site-packages/airflow/example_dags/example_latest_only.py
[2023-03-12T10:09:48.855+0000] {logging_mixin.py:137} INFO - [2023-03-12T10:09:48.855+0000] {dag.py:2690} INFO - Sync 1 DAGs
[2023-03-12T10:09:48.872+0000] {logging_mixin.py:137} INFO - [2023-03-12T10:09:48.872+0000] {dag.py:3441} INFO - Setting next_dagrun for latest_only to 2023-03-12T06:09:48.871849+00:00, run_after=2023-03-12T10:09:48.871849+00:00
[2023-03-12T10:09:48.884+0000] {processor.py:175} INFO - Processing /home/airflow/.local/lib/python3.7/site-packages/airflow/example_dags/example_latest_only.py took 0.073 seconds
[2023-03-12T10:10:19.888+0000] {processor.py:153} INFO - Started process (PID=355) to work on /home/airflow/.local/lib/python3.7/site-packages/airflow/example_dags/example_latest_only.py
[2023-03-12T10:10:19.890+0000] {processor.py:743} INFO - Processing file /home/airflow/.local/lib/python3.7/site-packages/airflow/example_dags/example_latest_only.py for tasks to queue
[2023-03-12T10:10:19.892+0000] {logging_mixin.py:137} INFO - [2023-03-12T10:10:19.892+0000] {dagbag.py:538} INFO - Filling up the DagBag from /home/airflow/.local/lib/python3.7/site-packages/airflow/example_dags/example_latest_only.py
[2023-03-12T10:10:19.903+0000] {processor.py:753} INFO - DAG(s) dict_keys(['latest_only']) retrieved from /home/airflow/.local/lib/python3.7/site-packages/airflow/example_dags/example_latest_only.py
[2023-03-12T10:10:19.932+0000] {logging_mixin.py:137} INFO - [2023-03-12T10:10:19.932+0000] {dag.py:2690} INFO - Sync 1 DAGs
[2023-03-12T10:10:19.950+0000] {logging_mixin.py:137} INFO - [2023-03-12T10:10:19.950+0000] {dag.py:3441} INFO - Setting next_dagrun for latest_only to 2023-03-12T06:10:19.949862+00:00, run_after=2023-03-12T10:10:19.949862+00:00
[2023-03-12T10:10:19.965+0000] {processor.py:175} INFO - Processing /home/airflow/.local/lib/python3.7/site-packages/airflow/example_dags/example_latest_only.py took 0.081 seconds
[2023-03-12T10:10:50.088+0000] {processor.py:153} INFO - Started process (PID=426) to work on /home/airflow/.local/lib/python3.7/site-packages/airflow/example_dags/example_latest_only.py
[2023-03-12T10:10:50.091+0000] {processor.py:743} INFO - Processing file /home/airflow/.local/lib/python3.7/site-packages/airflow/example_dags/example_latest_only.py for tasks to queue
[2023-03-12T10:10:50.093+0000] {logging_mixin.py:137} INFO - [2023-03-12T10:10:50.093+0000] {dagbag.py:538} INFO - Filling up the DagBag from /home/airflow/.local/lib/python3.7/site-packages/airflow/example_dags/example_latest_only.py
[2023-03-12T10:10:50.105+0000] {processor.py:753} INFO - DAG(s) dict_keys(['latest_only']) retrieved from /home/airflow/.local/lib/python3.7/site-packages/airflow/example_dags/example_latest_only.py
[2023-03-12T10:10:50.134+0000] {logging_mixin.py:137} INFO - [2023-03-12T10:10:50.134+0000] {dag.py:2690} INFO - Sync 1 DAGs
[2023-03-12T10:10:50.156+0000] {logging_mixin.py:137} INFO - [2023-03-12T10:10:50.156+0000] {dag.py:3441} INFO - Setting next_dagrun for latest_only to 2023-03-12T06:10:50.156475+00:00, run_after=2023-03-12T10:10:50.156475+00:00
[2023-03-12T10:10:50.175+0000] {processor.py:175} INFO - Processing /home/airflow/.local/lib/python3.7/site-packages/airflow/example_dags/example_latest_only.py took 0.091 seconds
[2023-03-12T10:11:20.233+0000] {processor.py:153} INFO - Started process (PID=497) to work on /home/airflow/.local/lib/python3.7/site-packages/airflow/example_dags/example_latest_only.py
[2023-03-12T10:11:20.237+0000] {processor.py:743} INFO - Processing file /home/airflow/.local/lib/python3.7/site-packages/airflow/example_dags/example_latest_only.py for tasks to queue
[2023-03-12T10:11:20.239+0000] {logging_mixin.py:137} INFO - [2023-03-12T10:11:20.239+0000] {dagbag.py:538} INFO - Filling up the DagBag from /home/airflow/.local/lib/python3.7/site-packages/airflow/example_dags/example_latest_only.py
[2023-03-12T10:11:20.252+0000] {processor.py:753} INFO - DAG(s) dict_keys(['latest_only']) retrieved from /home/airflow/.local/lib/python3.7/site-packages/airflow/example_dags/example_latest_only.py
[2023-03-12T10:11:20.279+0000] {logging_mixin.py:137} INFO - [2023-03-12T10:11:20.279+0000] {dag.py:2690} INFO - Sync 1 DAGs
[2023-03-12T10:11:20.297+0000] {logging_mixin.py:137} INFO - [2023-03-12T10:11:20.297+0000] {dag.py:3441} INFO - Setting next_dagrun for latest_only to 2023-03-12T06:11:20.297462+00:00, run_after=2023-03-12T10:11:20.297462+00:00
[2023-03-12T10:11:20.312+0000] {processor.py:175} INFO - Processing /home/airflow/.local/lib/python3.7/site-packages/airflow/example_dags/example_latest_only.py took 0.082 seconds
[2023-03-12T10:11:50.451+0000] {processor.py:153} INFO - Started process (PID=573) to work on /home/airflow/.local/lib/python3.7/site-packages/airflow/example_dags/example_latest_only.py
[2023-03-12T10:11:50.453+0000] {processor.py:743} INFO - Processing file /home/airflow/.local/lib/python3.7/site-packages/airflow/example_dags/example_latest_only.py for tasks to queue
[2023-03-12T10:11:50.455+0000] {logging_mixin.py:137} INFO - [2023-03-12T10:11:50.455+0000] {dagbag.py:538} INFO - Filling up the DagBag from /home/airflow/.local/lib/python3.7/site-packages/airflow/example_dags/example_latest_only.py
[2023-03-12T10:11:50.465+0000] {processor.py:753} INFO - DAG(s) dict_keys(['latest_only']) retrieved from /home/airflow/.local/lib/python3.7/site-packages/airflow/example_dags/example_latest_only.py
[2023-03-12T10:11:50.488+0000] {logging_mixin.py:137} INFO - [2023-03-12T10:11:50.488+0000] {dag.py:2690} INFO - Sync 1 DAGs
[2023-03-12T10:11:50.504+0000] {logging_mixin.py:137} INFO - [2023-03-12T10:11:50.504+0000] {dag.py:3441} INFO - Setting next_dagrun for latest_only to 2023-03-12T06:11:50.504706+00:00, run_after=2023-03-12T10:11:50.504706+00:00
[2023-03-12T10:11:50.518+0000] {processor.py:175} INFO - Processing /home/airflow/.local/lib/python3.7/site-packages/airflow/example_dags/example_latest_only.py took 0.072 seconds
[2023-03-12T10:12:20.658+0000] {processor.py:153} INFO - Started process (PID=638) to work on /home/airflow/.local/lib/python3.7/site-packages/airflow/example_dags/example_latest_only.py
[2023-03-12T10:12:20.661+0000] {processor.py:743} INFO - Processing file /home/airflow/.local/lib/python3.7/site-packages/airflow/example_dags/example_latest_only.py for tasks to queue
[2023-03-12T10:12:20.662+0000] {logging_mixin.py:137} INFO - [2023-03-12T10:12:20.662+0000] {dagbag.py:538} INFO - Filling up the DagBag from /home/airflow/.local/lib/python3.7/site-packages/airflow/example_dags/example_latest_only.py
[2023-03-12T10:12:20.677+0000] {processor.py:753} INFO - DAG(s) dict_keys(['latest_only']) retrieved from /home/airflow/.local/lib/python3.7/site-packages/airflow/example_dags/example_latest_only.py
[2023-03-12T10:12:20.708+0000] {logging_mixin.py:137} INFO - [2023-03-12T10:12:20.708+0000] {dag.py:2690} INFO - Sync 1 DAGs
[2023-03-12T10:12:20.734+0000] {logging_mixin.py:137} INFO - [2023-03-12T10:12:20.734+0000] {dag.py:3441} INFO - Setting next_dagrun for latest_only to 2023-03-12T06:12:20.733845+00:00, run_after=2023-03-12T10:12:20.733845+00:00
[2023-03-12T10:12:20.764+0000] {processor.py:175} INFO - Processing /home/airflow/.local/lib/python3.7/site-packages/airflow/example_dags/example_latest_only.py took 0.111 seconds
[2023-03-12T10:12:51.029+0000] {processor.py:153} INFO - Started process (PID=716) to work on /home/airflow/.local/lib/python3.7/site-packages/airflow/example_dags/example_latest_only.py
[2023-03-12T10:12:51.033+0000] {processor.py:743} INFO - Processing file /home/airflow/.local/lib/python3.7/site-packages/airflow/example_dags/example_latest_only.py for tasks to queue
[2023-03-12T10:12:51.037+0000] {logging_mixin.py:137} INFO - [2023-03-12T10:12:51.037+0000] {dagbag.py:538} INFO - Filling up the DagBag from /home/airflow/.local/lib/python3.7/site-packages/airflow/example_dags/example_latest_only.py
[2023-03-12T10:12:51.054+0000] {processor.py:753} INFO - DAG(s) dict_keys(['latest_only']) retrieved from /home/airflow/.local/lib/python3.7/site-packages/airflow/example_dags/example_latest_only.py
[2023-03-12T10:12:51.096+0000] {logging_mixin.py:137} INFO - [2023-03-12T10:12:51.096+0000] {dag.py:2690} INFO - Sync 1 DAGs
[2023-03-12T10:12:51.120+0000] {logging_mixin.py:137} INFO - [2023-03-12T10:12:51.120+0000] {dag.py:3441} INFO - Setting next_dagrun for latest_only to 2023-03-12T06:12:51.120180+00:00, run_after=2023-03-12T10:12:51.120180+00:00
[2023-03-12T10:12:51.139+0000] {processor.py:175} INFO - Processing /home/airflow/.local/lib/python3.7/site-packages/airflow/example_dags/example_latest_only.py took 0.115 seconds
[2023-03-12T10:13:21.465+0000] {processor.py:153} INFO - Started process (PID=787) to work on /home/airflow/.local/lib/python3.7/site-packages/airflow/example_dags/example_latest_only.py
[2023-03-12T10:13:21.467+0000] {processor.py:743} INFO - Processing file /home/airflow/.local/lib/python3.7/site-packages/airflow/example_dags/example_latest_only.py for tasks to queue
[2023-03-12T10:13:21.469+0000] {logging_mixin.py:137} INFO - [2023-03-12T10:13:21.469+0000] {dagbag.py:538} INFO - Filling up the DagBag from /home/airflow/.local/lib/python3.7/site-packages/airflow/example_dags/example_latest_only.py
[2023-03-12T10:13:21.483+0000] {processor.py:753} INFO - DAG(s) dict_keys(['latest_only']) retrieved from /home/airflow/.local/lib/python3.7/site-packages/airflow/example_dags/example_latest_only.py
[2023-03-12T10:13:21.509+0000] {logging_mixin.py:137} INFO - [2023-03-12T10:13:21.509+0000] {dag.py:2690} INFO - Sync 1 DAGs
[2023-03-12T10:13:21.537+0000] {logging_mixin.py:137} INFO - [2023-03-12T10:13:21.537+0000] {dag.py:3441} INFO - Setting next_dagrun for latest_only to 2023-03-12T06:13:21.536865+00:00, run_after=2023-03-12T10:13:21.536865+00:00
[2023-03-12T10:13:21.556+0000] {processor.py:175} INFO - Processing /home/airflow/.local/lib/python3.7/site-packages/airflow/example_dags/example_latest_only.py took 0.094 seconds
[2023-03-12T10:13:51.722+0000] {processor.py:153} INFO - Started process (PID=858) to work on /home/airflow/.local/lib/python3.7/site-packages/airflow/example_dags/example_latest_only.py
[2023-03-12T10:13:51.725+0000] {processor.py:743} INFO - Processing file /home/airflow/.local/lib/python3.7/site-packages/airflow/example_dags/example_latest_only.py for tasks to queue
[2023-03-12T10:13:51.727+0000] {logging_mixin.py:137} INFO - [2023-03-12T10:13:51.727+0000] {dagbag.py:538} INFO - Filling up the DagBag from /home/airflow/.local/lib/python3.7/site-packages/airflow/example_dags/example_latest_only.py
[2023-03-12T10:13:51.740+0000] {processor.py:753} INFO - DAG(s) dict_keys(['latest_only']) retrieved from /home/airflow/.local/lib/python3.7/site-packages/airflow/example_dags/example_latest_only.py
[2023-03-12T10:13:51.766+0000] {logging_mixin.py:137} INFO - [2023-03-12T10:13:51.766+0000] {dag.py:2690} INFO - Sync 1 DAGs
[2023-03-12T10:13:51.787+0000] {logging_mixin.py:137} INFO - [2023-03-12T10:13:51.787+0000] {dag.py:3441} INFO - Setting next_dagrun for latest_only to 2023-03-12T06:13:51.787108+00:00, run_after=2023-03-12T10:13:51.787108+00:00
[2023-03-12T10:13:51.805+0000] {processor.py:175} INFO - Processing /home/airflow/.local/lib/python3.7/site-packages/airflow/example_dags/example_latest_only.py took 0.086 seconds
[2023-03-12T10:14:22.061+0000] {processor.py:153} INFO - Started process (PID=935) to work on /home/airflow/.local/lib/python3.7/site-packages/airflow/example_dags/example_latest_only.py
[2023-03-12T10:14:22.064+0000] {processor.py:743} INFO - Processing file /home/airflow/.local/lib/python3.7/site-packages/airflow/example_dags/example_latest_only.py for tasks to queue
[2023-03-12T10:14:22.066+0000] {logging_mixin.py:137} INFO - [2023-03-12T10:14:22.066+0000] {dagbag.py:538} INFO - Filling up the DagBag from /home/airflow/.local/lib/python3.7/site-packages/airflow/example_dags/example_latest_only.py
[2023-03-12T10:14:22.080+0000] {processor.py:753} INFO - DAG(s) dict_keys(['latest_only']) retrieved from /home/airflow/.local/lib/python3.7/site-packages/airflow/example_dags/example_latest_only.py
[2023-03-12T10:14:22.108+0000] {logging_mixin.py:137} INFO - [2023-03-12T10:14:22.108+0000] {dag.py:2690} INFO - Sync 1 DAGs
[2023-03-12T10:14:22.131+0000] {logging_mixin.py:137} INFO - [2023-03-12T10:14:22.131+0000] {dag.py:3441} INFO - Setting next_dagrun for latest_only to 2023-03-12T06:14:22.131264+00:00, run_after=2023-03-12T10:14:22.131264+00:00
[2023-03-12T10:14:22.149+0000] {processor.py:175} INFO - Processing /home/airflow/.local/lib/python3.7/site-packages/airflow/example_dags/example_latest_only.py took 0.093 seconds
[2023-03-12T10:14:52.308+0000] {processor.py:153} INFO - Started process (PID=1001) to work on /home/airflow/.local/lib/python3.7/site-packages/airflow/example_dags/example_latest_only.py
[2023-03-12T10:14:52.312+0000] {processor.py:743} INFO - Processing file /home/airflow/.local/lib/python3.7/site-packages/airflow/example_dags/example_latest_only.py for tasks to queue
[2023-03-12T10:14:52.313+0000] {logging_mixin.py:137} INFO - [2023-03-12T10:14:52.313+0000] {dagbag.py:538} INFO - Filling up the DagBag from /home/airflow/.local/lib/python3.7/site-packages/airflow/example_dags/example_latest_only.py
[2023-03-12T10:14:52.328+0000] {processor.py:753} INFO - DAG(s) dict_keys(['latest_only']) retrieved from /home/airflow/.local/lib/python3.7/site-packages/airflow/example_dags/example_latest_only.py
[2023-03-12T10:14:52.362+0000] {logging_mixin.py:137} INFO - [2023-03-12T10:14:52.362+0000] {dag.py:2690} INFO - Sync 1 DAGs
[2023-03-12T10:14:52.383+0000] {logging_mixin.py:137} INFO - [2023-03-12T10:14:52.383+0000] {dag.py:3441} INFO - Setting next_dagrun for latest_only to 2023-03-12T06:14:52.382932+00:00, run_after=2023-03-12T10:14:52.382932+00:00
[2023-03-12T10:14:52.399+0000] {processor.py:175} INFO - Processing /home/airflow/.local/lib/python3.7/site-packages/airflow/example_dags/example_latest_only.py took 0.094 seconds
[2023-03-12T10:15:22.573+0000] {processor.py:153} INFO - Started process (PID=1079) to work on /home/airflow/.local/lib/python3.7/site-packages/airflow/example_dags/example_latest_only.py
[2023-03-12T10:15:22.576+0000] {processor.py:743} INFO - Processing file /home/airflow/.local/lib/python3.7/site-packages/airflow/example_dags/example_latest_only.py for tasks to queue
[2023-03-12T10:15:22.577+0000] {logging_mixin.py:137} INFO - [2023-03-12T10:15:22.577+0000] {dagbag.py:538} INFO - Filling up the DagBag from /home/airflow/.local/lib/python3.7/site-packages/airflow/example_dags/example_latest_only.py
[2023-03-12T10:15:22.590+0000] {processor.py:753} INFO - DAG(s) dict_keys(['latest_only']) retrieved from /home/airflow/.local/lib/python3.7/site-packages/airflow/example_dags/example_latest_only.py
[2023-03-12T10:15:22.615+0000] {logging_mixin.py:137} INFO - [2023-03-12T10:15:22.614+0000] {dag.py:2690} INFO - Sync 1 DAGs
[2023-03-12T10:15:22.638+0000] {logging_mixin.py:137} INFO - [2023-03-12T10:15:22.638+0000] {dag.py:3441} INFO - Setting next_dagrun for latest_only to 2023-03-12T06:15:22.638468+00:00, run_after=2023-03-12T10:15:22.638468+00:00
[2023-03-12T10:15:22.660+0000] {processor.py:175} INFO - Processing /home/airflow/.local/lib/python3.7/site-packages/airflow/example_dags/example_latest_only.py took 0.090 seconds
[2023-03-12T10:15:52.902+0000] {processor.py:153} INFO - Started process (PID=1142) to work on /home/airflow/.local/lib/python3.7/site-packages/airflow/example_dags/example_latest_only.py
[2023-03-12T10:15:52.904+0000] {processor.py:743} INFO - Processing file /home/airflow/.local/lib/python3.7/site-packages/airflow/example_dags/example_latest_only.py for tasks to queue
[2023-03-12T10:15:52.906+0000] {logging_mixin.py:137} INFO - [2023-03-12T10:15:52.906+0000] {dagbag.py:538} INFO - Filling up the DagBag from /home/airflow/.local/lib/python3.7/site-packages/airflow/example_dags/example_latest_only.py
[2023-03-12T10:15:52.919+0000] {processor.py:753} INFO - DAG(s) dict_keys(['latest_only']) retrieved from /home/airflow/.local/lib/python3.7/site-packages/airflow/example_dags/example_latest_only.py
[2023-03-12T10:15:52.943+0000] {logging_mixin.py:137} INFO - [2023-03-12T10:15:52.943+0000] {dag.py:2690} INFO - Sync 1 DAGs
[2023-03-12T10:15:52.962+0000] {logging_mixin.py:137} INFO - [2023-03-12T10:15:52.961+0000] {dag.py:3441} INFO - Setting next_dagrun for latest_only to 2023-03-12T06:15:52.961745+00:00, run_after=2023-03-12T10:15:52.961745+00:00
[2023-03-12T10:15:52.977+0000] {processor.py:175} INFO - Processing /home/airflow/.local/lib/python3.7/site-packages/airflow/example_dags/example_latest_only.py took 0.081 seconds
[2023-03-12T10:16:23.197+0000] {processor.py:153} INFO - Started process (PID=1219) to work on /home/airflow/.local/lib/python3.7/site-packages/airflow/example_dags/example_latest_only.py
[2023-03-12T10:16:23.199+0000] {processor.py:743} INFO - Processing file /home/airflow/.local/lib/python3.7/site-packages/airflow/example_dags/example_latest_only.py for tasks to queue
[2023-03-12T10:16:23.201+0000] {logging_mixin.py:137} INFO - [2023-03-12T10:16:23.201+0000] {dagbag.py:538} INFO - Filling up the DagBag from /home/airflow/.local/lib/python3.7/site-packages/airflow/example_dags/example_latest_only.py
[2023-03-12T10:16:23.215+0000] {processor.py:753} INFO - DAG(s) dict_keys(['latest_only']) retrieved from /home/airflow/.local/lib/python3.7/site-packages/airflow/example_dags/example_latest_only.py
[2023-03-12T10:16:23.244+0000] {logging_mixin.py:137} INFO - [2023-03-12T10:16:23.244+0000] {dag.py:2690} INFO - Sync 1 DAGs
[2023-03-12T10:16:23.264+0000] {logging_mixin.py:137} INFO - [2023-03-12T10:16:23.264+0000] {dag.py:3441} INFO - Setting next_dagrun for latest_only to 2023-03-12T06:16:23.264222+00:00, run_after=2023-03-12T10:16:23.264222+00:00
[2023-03-12T10:16:23.279+0000] {processor.py:175} INFO - Processing /home/airflow/.local/lib/python3.7/site-packages/airflow/example_dags/example_latest_only.py took 0.085 seconds
[2023-03-12T10:16:54.165+0000] {processor.py:153} INFO - Started process (PID=1297) to work on /home/airflow/.local/lib/python3.7/site-packages/airflow/example_dags/example_latest_only.py
[2023-03-12T10:16:54.167+0000] {processor.py:743} INFO - Processing file /home/airflow/.local/lib/python3.7/site-packages/airflow/example_dags/example_latest_only.py for tasks to queue
[2023-03-12T10:16:54.168+0000] {logging_mixin.py:137} INFO - [2023-03-12T10:16:54.168+0000] {dagbag.py:538} INFO - Filling up the DagBag from /home/airflow/.local/lib/python3.7/site-packages/airflow/example_dags/example_latest_only.py
[2023-03-12T10:16:54.181+0000] {processor.py:753} INFO - DAG(s) dict_keys(['latest_only']) retrieved from /home/airflow/.local/lib/python3.7/site-packages/airflow/example_dags/example_latest_only.py
[2023-03-12T10:16:54.206+0000] {logging_mixin.py:137} INFO - [2023-03-12T10:16:54.206+0000] {dag.py:2690} INFO - Sync 1 DAGs
[2023-03-12T10:16:54.230+0000] {logging_mixin.py:137} INFO - [2023-03-12T10:16:54.230+0000] {dag.py:3441} INFO - Setting next_dagrun for latest_only to 2023-03-12T06:16:54.230258+00:00, run_after=2023-03-12T10:16:54.230258+00:00
[2023-03-12T10:16:54.252+0000] {processor.py:175} INFO - Processing /home/airflow/.local/lib/python3.7/site-packages/airflow/example_dags/example_latest_only.py took 0.091 seconds
[2023-03-12T10:17:24.341+0000] {processor.py:153} INFO - Started process (PID=1362) to work on /home/airflow/.local/lib/python3.7/site-packages/airflow/example_dags/example_latest_only.py
[2023-03-12T10:17:24.343+0000] {processor.py:743} INFO - Processing file /home/airflow/.local/lib/python3.7/site-packages/airflow/example_dags/example_latest_only.py for tasks to queue
[2023-03-12T10:17:24.344+0000] {logging_mixin.py:137} INFO - [2023-03-12T10:17:24.344+0000] {dagbag.py:538} INFO - Filling up the DagBag from /home/airflow/.local/lib/python3.7/site-packages/airflow/example_dags/example_latest_only.py
[2023-03-12T10:17:24.357+0000] {processor.py:753} INFO - DAG(s) dict_keys(['latest_only']) retrieved from /home/airflow/.local/lib/python3.7/site-packages/airflow/example_dags/example_latest_only.py
[2023-03-12T10:17:24.382+0000] {logging_mixin.py:137} INFO - [2023-03-12T10:17:24.382+0000] {dag.py:2690} INFO - Sync 1 DAGs
[2023-03-12T10:17:24.401+0000] {logging_mixin.py:137} INFO - [2023-03-12T10:17:24.401+0000] {dag.py:3441} INFO - Setting next_dagrun for latest_only to 2023-03-12T06:17:24.401412+00:00, run_after=2023-03-12T10:17:24.401412+00:00
[2023-03-12T10:17:24.416+0000] {processor.py:175} INFO - Processing /home/airflow/.local/lib/python3.7/site-packages/airflow/example_dags/example_latest_only.py took 0.078 seconds
[2023-03-12T10:17:55.325+0000] {processor.py:153} INFO - Started process (PID=1439) to work on /home/airflow/.local/lib/python3.7/site-packages/airflow/example_dags/example_latest_only.py
[2023-03-12T10:17:55.328+0000] {processor.py:743} INFO - Processing file /home/airflow/.local/lib/python3.7/site-packages/airflow/example_dags/example_latest_only.py for tasks to queue
[2023-03-12T10:17:55.329+0000] {logging_mixin.py:137} INFO - [2023-03-12T10:17:55.329+0000] {dagbag.py:538} INFO - Filling up the DagBag from /home/airflow/.local/lib/python3.7/site-packages/airflow/example_dags/example_latest_only.py
[2023-03-12T10:17:55.346+0000] {processor.py:753} INFO - DAG(s) dict_keys(['latest_only']) retrieved from /home/airflow/.local/lib/python3.7/site-packages/airflow/example_dags/example_latest_only.py
[2023-03-12T10:17:55.375+0000] {logging_mixin.py:137} INFO - [2023-03-12T10:17:55.374+0000] {dag.py:2690} INFO - Sync 1 DAGs
[2023-03-12T10:17:55.398+0000] {logging_mixin.py:137} INFO - [2023-03-12T10:17:55.398+0000] {dag.py:3441} INFO - Setting next_dagrun for latest_only to 2023-03-12T06:17:55.398452+00:00, run_after=2023-03-12T10:17:55.398452+00:00
[2023-03-12T10:17:55.415+0000] {processor.py:175} INFO - Processing /home/airflow/.local/lib/python3.7/site-packages/airflow/example_dags/example_latest_only.py took 0.095 seconds
[2023-03-12T10:18:26.488+0000] {processor.py:153} INFO - Started process (PID=1513) to work on /home/airflow/.local/lib/python3.7/site-packages/airflow/example_dags/example_latest_only.py
[2023-03-12T10:18:26.490+0000] {processor.py:743} INFO - Processing file /home/airflow/.local/lib/python3.7/site-packages/airflow/example_dags/example_latest_only.py for tasks to queue
[2023-03-12T10:18:26.491+0000] {logging_mixin.py:137} INFO - [2023-03-12T10:18:26.491+0000] {dagbag.py:538} INFO - Filling up the DagBag from /home/airflow/.local/lib/python3.7/site-packages/airflow/example_dags/example_latest_only.py
[2023-03-12T10:18:26.506+0000] {processor.py:753} INFO - DAG(s) dict_keys(['latest_only']) retrieved from /home/airflow/.local/lib/python3.7/site-packages/airflow/example_dags/example_latest_only.py
[2023-03-12T10:18:26.538+0000] {logging_mixin.py:137} INFO - [2023-03-12T10:18:26.538+0000] {dag.py:2690} INFO - Sync 1 DAGs
[2023-03-12T10:18:26.572+0000] {logging_mixin.py:137} INFO - [2023-03-12T10:18:26.572+0000] {dag.py:3441} INFO - Setting next_dagrun for latest_only to 2023-03-12T06:18:26.571709+00:00, run_after=2023-03-12T10:18:26.571709+00:00
[2023-03-12T10:18:26.602+0000] {processor.py:175} INFO - Processing /home/airflow/.local/lib/python3.7/site-packages/airflow/example_dags/example_latest_only.py took 0.118 seconds
[2023-03-12T10:18:56.827+0000] {processor.py:153} INFO - Started process (PID=1582) to work on /home/airflow/.local/lib/python3.7/site-packages/airflow/example_dags/example_latest_only.py
[2023-03-12T10:18:56.829+0000] {processor.py:743} INFO - Processing file /home/airflow/.local/lib/python3.7/site-packages/airflow/example_dags/example_latest_only.py for tasks to queue
[2023-03-12T10:18:56.831+0000] {logging_mixin.py:137} INFO - [2023-03-12T10:18:56.831+0000] {dagbag.py:538} INFO - Filling up the DagBag from /home/airflow/.local/lib/python3.7/site-packages/airflow/example_dags/example_latest_only.py
[2023-03-12T10:18:56.848+0000] {processor.py:753} INFO - DAG(s) dict_keys(['latest_only']) retrieved from /home/airflow/.local/lib/python3.7/site-packages/airflow/example_dags/example_latest_only.py
[2023-03-12T10:18:56.876+0000] {logging_mixin.py:137} INFO - [2023-03-12T10:18:56.876+0000] {dag.py:2690} INFO - Sync 1 DAGs
[2023-03-12T10:18:56.903+0000] {logging_mixin.py:137} INFO - [2023-03-12T10:18:56.903+0000] {dag.py:3441} INFO - Setting next_dagrun for latest_only to 2023-03-12T06:18:56.903177+00:00, run_after=2023-03-12T10:18:56.903177+00:00
[2023-03-12T10:18:56.919+0000] {processor.py:175} INFO - Processing /home/airflow/.local/lib/python3.7/site-packages/airflow/example_dags/example_latest_only.py took 0.096 seconds
[2023-03-12T10:19:27.676+0000] {processor.py:153} INFO - Started process (PID=1660) to work on /home/airflow/.local/lib/python3.7/site-packages/airflow/example_dags/example_latest_only.py
[2023-03-12T10:19:27.678+0000] {processor.py:743} INFO - Processing file /home/airflow/.local/lib/python3.7/site-packages/airflow/example_dags/example_latest_only.py for tasks to queue
[2023-03-12T10:19:27.681+0000] {logging_mixin.py:137} INFO - [2023-03-12T10:19:27.680+0000] {dagbag.py:538} INFO - Filling up the DagBag from /home/airflow/.local/lib/python3.7/site-packages/airflow/example_dags/example_latest_only.py
[2023-03-12T10:19:27.693+0000] {processor.py:753} INFO - DAG(s) dict_keys(['latest_only']) retrieved from /home/airflow/.local/lib/python3.7/site-packages/airflow/example_dags/example_latest_only.py
[2023-03-12T10:19:27.736+0000] {logging_mixin.py:137} INFO - [2023-03-12T10:19:27.736+0000] {dag.py:2690} INFO - Sync 1 DAGs
[2023-03-12T10:19:27.757+0000] {logging_mixin.py:137} INFO - [2023-03-12T10:19:27.757+0000] {dag.py:3441} INFO - Setting next_dagrun for latest_only to 2023-03-12T06:19:27.757136+00:00, run_after=2023-03-12T10:19:27.757136+00:00
[2023-03-12T10:19:27.776+0000] {processor.py:175} INFO - Processing /home/airflow/.local/lib/python3.7/site-packages/airflow/example_dags/example_latest_only.py took 0.103 seconds
[2023-03-12T10:19:59.000+0000] {processor.py:153} INFO - Started process (PID=1725) to work on /home/airflow/.local/lib/python3.7/site-packages/airflow/example_dags/example_latest_only.py
[2023-03-12T10:19:59.003+0000] {processor.py:743} INFO - Processing file /home/airflow/.local/lib/python3.7/site-packages/airflow/example_dags/example_latest_only.py for tasks to queue
[2023-03-12T10:19:59.004+0000] {logging_mixin.py:137} INFO - [2023-03-12T10:19:59.004+0000] {dagbag.py:538} INFO - Filling up the DagBag from /home/airflow/.local/lib/python3.7/site-packages/airflow/example_dags/example_latest_only.py
[2023-03-12T10:19:59.018+0000] {processor.py:753} INFO - DAG(s) dict_keys(['latest_only']) retrieved from /home/airflow/.local/lib/python3.7/site-packages/airflow/example_dags/example_latest_only.py
[2023-03-12T10:19:59.046+0000] {logging_mixin.py:137} INFO - [2023-03-12T10:19:59.046+0000] {dag.py:2690} INFO - Sync 1 DAGs
[2023-03-12T10:19:59.070+0000] {logging_mixin.py:137} INFO - [2023-03-12T10:19:59.070+0000] {dag.py:3441} INFO - Setting next_dagrun for latest_only to 2023-03-12T06:19:59.070307+00:00, run_after=2023-03-12T10:19:59.070307+00:00
[2023-03-12T10:19:59.089+0000] {processor.py:175} INFO - Processing /home/airflow/.local/lib/python3.7/site-packages/airflow/example_dags/example_latest_only.py took 0.092 seconds
[2023-03-12T10:20:29.230+0000] {processor.py:153} INFO - Started process (PID=1804) to work on /home/airflow/.local/lib/python3.7/site-packages/airflow/example_dags/example_latest_only.py
[2023-03-12T10:20:29.232+0000] {processor.py:743} INFO - Processing file /home/airflow/.local/lib/python3.7/site-packages/airflow/example_dags/example_latest_only.py for tasks to queue
[2023-03-12T10:20:29.234+0000] {logging_mixin.py:137} INFO - [2023-03-12T10:20:29.233+0000] {dagbag.py:538} INFO - Filling up the DagBag from /home/airflow/.local/lib/python3.7/site-packages/airflow/example_dags/example_latest_only.py
[2023-03-12T10:20:29.248+0000] {processor.py:753} INFO - DAG(s) dict_keys(['latest_only']) retrieved from /home/airflow/.local/lib/python3.7/site-packages/airflow/example_dags/example_latest_only.py
[2023-03-12T10:20:29.272+0000] {logging_mixin.py:137} INFO - [2023-03-12T10:20:29.272+0000] {dag.py:2690} INFO - Sync 1 DAGs
[2023-03-12T10:20:29.290+0000] {logging_mixin.py:137} INFO - [2023-03-12T10:20:29.289+0000] {dag.py:3441} INFO - Setting next_dagrun for latest_only to 2023-03-12T06:20:29.289638+00:00, run_after=2023-03-12T10:20:29.289638+00:00
[2023-03-12T10:20:29.305+0000] {processor.py:175} INFO - Processing /home/airflow/.local/lib/python3.7/site-packages/airflow/example_dags/example_latest_only.py took 0.078 seconds
[2023-03-12T10:20:59.810+0000] {processor.py:153} INFO - Started process (PID=1883) to work on /home/airflow/.local/lib/python3.7/site-packages/airflow/example_dags/example_latest_only.py
[2023-03-12T10:20:59.813+0000] {processor.py:743} INFO - Processing file /home/airflow/.local/lib/python3.7/site-packages/airflow/example_dags/example_latest_only.py for tasks to queue
[2023-03-12T10:20:59.814+0000] {logging_mixin.py:137} INFO - [2023-03-12T10:20:59.814+0000] {dagbag.py:538} INFO - Filling up the DagBag from /home/airflow/.local/lib/python3.7/site-packages/airflow/example_dags/example_latest_only.py
[2023-03-12T10:20:59.837+0000] {processor.py:753} INFO - DAG(s) dict_keys(['latest_only']) retrieved from /home/airflow/.local/lib/python3.7/site-packages/airflow/example_dags/example_latest_only.py
[2023-03-12T10:20:59.864+0000] {logging_mixin.py:137} INFO - [2023-03-12T10:20:59.864+0000] {dag.py:2690} INFO - Sync 1 DAGs
[2023-03-12T10:20:59.893+0000] {logging_mixin.py:137} INFO - [2023-03-12T10:20:59.893+0000] {dag.py:3441} INFO - Setting next_dagrun for latest_only to 2023-03-12T06:20:59.893202+00:00, run_after=2023-03-12T10:20:59.893202+00:00
[2023-03-12T10:20:59.916+0000] {processor.py:175} INFO - Processing /home/airflow/.local/lib/python3.7/site-packages/airflow/example_dags/example_latest_only.py took 0.109 seconds
[2023-03-12T10:21:29.951+0000] {processor.py:153} INFO - Started process (PID=1948) to work on /home/airflow/.local/lib/python3.7/site-packages/airflow/example_dags/example_latest_only.py
[2023-03-12T10:21:29.953+0000] {processor.py:743} INFO - Processing file /home/airflow/.local/lib/python3.7/site-packages/airflow/example_dags/example_latest_only.py for tasks to queue
[2023-03-12T10:21:29.954+0000] {logging_mixin.py:137} INFO - [2023-03-12T10:21:29.954+0000] {dagbag.py:538} INFO - Filling up the DagBag from /home/airflow/.local/lib/python3.7/site-packages/airflow/example_dags/example_latest_only.py
[2023-03-12T10:21:29.966+0000] {processor.py:753} INFO - DAG(s) dict_keys(['latest_only']) retrieved from /home/airflow/.local/lib/python3.7/site-packages/airflow/example_dags/example_latest_only.py
[2023-03-12T10:21:29.990+0000] {logging_mixin.py:137} INFO - [2023-03-12T10:21:29.990+0000] {dag.py:2690} INFO - Sync 1 DAGs
[2023-03-12T10:21:30.008+0000] {logging_mixin.py:137} INFO - [2023-03-12T10:21:30.008+0000] {dag.py:3441} INFO - Setting next_dagrun for latest_only to 2023-03-12T06:21:30.007797+00:00, run_after=2023-03-12T10:21:30.007797+00:00
[2023-03-12T10:21:30.022+0000] {processor.py:175} INFO - Processing /home/airflow/.local/lib/python3.7/site-packages/airflow/example_dags/example_latest_only.py took 0.074 seconds
[2023-03-12T10:22:00.555+0000] {processor.py:153} INFO - Started process (PID=2026) to work on /home/airflow/.local/lib/python3.7/site-packages/airflow/example_dags/example_latest_only.py
[2023-03-12T10:22:00.558+0000] {processor.py:743} INFO - Processing file /home/airflow/.local/lib/python3.7/site-packages/airflow/example_dags/example_latest_only.py for tasks to queue
[2023-03-12T10:22:00.559+0000] {logging_mixin.py:137} INFO - [2023-03-12T10:22:00.559+0000] {dagbag.py:538} INFO - Filling up the DagBag from /home/airflow/.local/lib/python3.7/site-packages/airflow/example_dags/example_latest_only.py
[2023-03-12T10:22:00.571+0000] {processor.py:753} INFO - DAG(s) dict_keys(['latest_only']) retrieved from /home/airflow/.local/lib/python3.7/site-packages/airflow/example_dags/example_latest_only.py
[2023-03-12T10:22:00.599+0000] {logging_mixin.py:137} INFO - [2023-03-12T10:22:00.599+0000] {dag.py:2690} INFO - Sync 1 DAGs
[2023-03-12T10:22:00.620+0000] {logging_mixin.py:137} INFO - [2023-03-12T10:22:00.619+0000] {dag.py:3441} INFO - Setting next_dagrun for latest_only to 2023-03-12T06:22:00.619633+00:00, run_after=2023-03-12T10:22:00.619633+00:00
[2023-03-12T10:22:00.635+0000] {processor.py:175} INFO - Processing /home/airflow/.local/lib/python3.7/site-packages/airflow/example_dags/example_latest_only.py took 0.083 seconds
