[2023-03-12T10:08:16.190+0000] {processor.py:153} INFO - Started process (PID=60) to work on /home/airflow/.local/lib/python3.7/site-packages/airflow/example_dags/example_local_kubernetes_executor.py
[2023-03-12T10:08:16.193+0000] {processor.py:743} INFO - Processing file /home/airflow/.local/lib/python3.7/site-packages/airflow/example_dags/example_local_kubernetes_executor.py for tasks to queue
[2023-03-12T10:08:16.195+0000] {logging_mixin.py:137} INFO - [2023-03-12T10:08:16.195+0000] {dagbag.py:538} INFO - Filling up the DagBag from /home/airflow/.local/lib/python3.7/site-packages/airflow/example_dags/example_local_kubernetes_executor.py
[2023-03-12T10:08:16.240+0000] {processor.py:753} INFO - DAG(s) dict_keys(['example_local_kubernetes_executor']) retrieved from /home/airflow/.local/lib/python3.7/site-packages/airflow/example_dags/example_local_kubernetes_executor.py
[2023-03-12T10:08:16.269+0000] {logging_mixin.py:137} INFO - [2023-03-12T10:08:16.269+0000] {dag.py:2690} INFO - Sync 1 DAGs
[2023-03-12T10:08:16.308+0000] {logging_mixin.py:137} INFO - [2023-03-12T10:08:16.307+0000] {dag.py:3441} INFO - Setting next_dagrun for example_local_kubernetes_executor to None, run_after=None
[2023-03-12T10:08:16.339+0000] {processor.py:175} INFO - Processing /home/airflow/.local/lib/python3.7/site-packages/airflow/example_dags/example_local_kubernetes_executor.py took 0.157 seconds
[2023-03-12T10:08:46.630+0000] {processor.py:153} INFO - Started process (PID=137) to work on /home/airflow/.local/lib/python3.7/site-packages/airflow/example_dags/example_local_kubernetes_executor.py
[2023-03-12T10:08:46.632+0000] {processor.py:743} INFO - Processing file /home/airflow/.local/lib/python3.7/site-packages/airflow/example_dags/example_local_kubernetes_executor.py for tasks to queue
[2023-03-12T10:08:46.634+0000] {logging_mixin.py:137} INFO - [2023-03-12T10:08:46.634+0000] {dagbag.py:538} INFO - Filling up the DagBag from /home/airflow/.local/lib/python3.7/site-packages/airflow/example_dags/example_local_kubernetes_executor.py
[2023-03-12T10:08:46.655+0000] {processor.py:753} INFO - DAG(s) dict_keys(['example_local_kubernetes_executor']) retrieved from /home/airflow/.local/lib/python3.7/site-packages/airflow/example_dags/example_local_kubernetes_executor.py
[2023-03-12T10:08:46.688+0000] {logging_mixin.py:137} INFO - [2023-03-12T10:08:46.688+0000] {dag.py:2690} INFO - Sync 1 DAGs
[2023-03-12T10:08:46.706+0000] {logging_mixin.py:137} INFO - [2023-03-12T10:08:46.706+0000] {dag.py:3441} INFO - Setting next_dagrun for example_local_kubernetes_executor to None, run_after=None
[2023-03-12T10:08:46.723+0000] {processor.py:175} INFO - Processing /home/airflow/.local/lib/python3.7/site-packages/airflow/example_dags/example_local_kubernetes_executor.py took 0.096 seconds
[2023-03-12T10:09:18.564+0000] {processor.py:153} INFO - Started process (PID=210) to work on /home/airflow/.local/lib/python3.7/site-packages/airflow/example_dags/example_local_kubernetes_executor.py
[2023-03-12T10:09:18.591+0000] {processor.py:743} INFO - Processing file /home/airflow/.local/lib/python3.7/site-packages/airflow/example_dags/example_local_kubernetes_executor.py for tasks to queue
[2023-03-12T10:09:18.594+0000] {logging_mixin.py:137} INFO - [2023-03-12T10:09:18.594+0000] {dagbag.py:538} INFO - Filling up the DagBag from /home/airflow/.local/lib/python3.7/site-packages/airflow/example_dags/example_local_kubernetes_executor.py
[2023-03-12T10:09:18.650+0000] {processor.py:753} INFO - DAG(s) dict_keys(['example_local_kubernetes_executor']) retrieved from /home/airflow/.local/lib/python3.7/site-packages/airflow/example_dags/example_local_kubernetes_executor.py
[2023-03-12T10:09:18.762+0000] {logging_mixin.py:137} INFO - [2023-03-12T10:09:18.762+0000] {dag.py:2690} INFO - Sync 1 DAGs
[2023-03-12T10:09:18.804+0000] {logging_mixin.py:137} INFO - [2023-03-12T10:09:18.804+0000] {dag.py:3441} INFO - Setting next_dagrun for example_local_kubernetes_executor to None, run_after=None
[2023-03-12T10:09:18.829+0000] {processor.py:175} INFO - Processing /home/airflow/.local/lib/python3.7/site-packages/airflow/example_dags/example_local_kubernetes_executor.py took 0.288 seconds
[2023-03-12T10:09:48.917+0000] {processor.py:153} INFO - Started process (PID=279) to work on /home/airflow/.local/lib/python3.7/site-packages/airflow/example_dags/example_local_kubernetes_executor.py
[2023-03-12T10:09:48.919+0000] {processor.py:743} INFO - Processing file /home/airflow/.local/lib/python3.7/site-packages/airflow/example_dags/example_local_kubernetes_executor.py for tasks to queue
[2023-03-12T10:09:48.921+0000] {logging_mixin.py:137} INFO - [2023-03-12T10:09:48.921+0000] {dagbag.py:538} INFO - Filling up the DagBag from /home/airflow/.local/lib/python3.7/site-packages/airflow/example_dags/example_local_kubernetes_executor.py
[2023-03-12T10:09:48.941+0000] {processor.py:753} INFO - DAG(s) dict_keys(['example_local_kubernetes_executor']) retrieved from /home/airflow/.local/lib/python3.7/site-packages/airflow/example_dags/example_local_kubernetes_executor.py
[2023-03-12T10:09:48.968+0000] {logging_mixin.py:137} INFO - [2023-03-12T10:09:48.968+0000] {dag.py:2690} INFO - Sync 1 DAGs
[2023-03-12T10:09:48.985+0000] {logging_mixin.py:137} INFO - [2023-03-12T10:09:48.985+0000] {dag.py:3441} INFO - Setting next_dagrun for example_local_kubernetes_executor to None, run_after=None
[2023-03-12T10:09:48.997+0000] {processor.py:175} INFO - Processing /home/airflow/.local/lib/python3.7/site-packages/airflow/example_dags/example_local_kubernetes_executor.py took 0.085 seconds
[2023-03-12T10:10:19.891+0000] {processor.py:153} INFO - Started process (PID=356) to work on /home/airflow/.local/lib/python3.7/site-packages/airflow/example_dags/example_local_kubernetes_executor.py
[2023-03-12T10:10:19.893+0000] {processor.py:743} INFO - Processing file /home/airflow/.local/lib/python3.7/site-packages/airflow/example_dags/example_local_kubernetes_executor.py for tasks to queue
[2023-03-12T10:10:19.894+0000] {logging_mixin.py:137} INFO - [2023-03-12T10:10:19.894+0000] {dagbag.py:538} INFO - Filling up the DagBag from /home/airflow/.local/lib/python3.7/site-packages/airflow/example_dags/example_local_kubernetes_executor.py
[2023-03-12T10:10:19.912+0000] {processor.py:753} INFO - DAG(s) dict_keys(['example_local_kubernetes_executor']) retrieved from /home/airflow/.local/lib/python3.7/site-packages/airflow/example_dags/example_local_kubernetes_executor.py
[2023-03-12T10:10:19.937+0000] {logging_mixin.py:137} INFO - [2023-03-12T10:10:19.937+0000] {dag.py:2690} INFO - Sync 1 DAGs
[2023-03-12T10:10:19.955+0000] {logging_mixin.py:137} INFO - [2023-03-12T10:10:19.954+0000] {dag.py:3441} INFO - Setting next_dagrun for example_local_kubernetes_executor to None, run_after=None
[2023-03-12T10:10:19.970+0000] {processor.py:175} INFO - Processing /home/airflow/.local/lib/python3.7/site-packages/airflow/example_dags/example_local_kubernetes_executor.py took 0.082 seconds
[2023-03-12T10:10:50.089+0000] {processor.py:153} INFO - Started process (PID=427) to work on /home/airflow/.local/lib/python3.7/site-packages/airflow/example_dags/example_local_kubernetes_executor.py
[2023-03-12T10:10:50.092+0000] {processor.py:743} INFO - Processing file /home/airflow/.local/lib/python3.7/site-packages/airflow/example_dags/example_local_kubernetes_executor.py for tasks to queue
[2023-03-12T10:10:50.094+0000] {logging_mixin.py:137} INFO - [2023-03-12T10:10:50.093+0000] {dagbag.py:538} INFO - Filling up the DagBag from /home/airflow/.local/lib/python3.7/site-packages/airflow/example_dags/example_local_kubernetes_executor.py
[2023-03-12T10:10:50.113+0000] {processor.py:753} INFO - DAG(s) dict_keys(['example_local_kubernetes_executor']) retrieved from /home/airflow/.local/lib/python3.7/site-packages/airflow/example_dags/example_local_kubernetes_executor.py
[2023-03-12T10:10:50.145+0000] {logging_mixin.py:137} INFO - [2023-03-12T10:10:50.145+0000] {dag.py:2690} INFO - Sync 1 DAGs
[2023-03-12T10:10:50.165+0000] {logging_mixin.py:137} INFO - [2023-03-12T10:10:50.165+0000] {dag.py:3441} INFO - Setting next_dagrun for example_local_kubernetes_executor to None, run_after=None
[2023-03-12T10:10:50.185+0000] {processor.py:175} INFO - Processing /home/airflow/.local/lib/python3.7/site-packages/airflow/example_dags/example_local_kubernetes_executor.py took 0.099 seconds
[2023-03-12T10:11:20.239+0000] {processor.py:153} INFO - Started process (PID=498) to work on /home/airflow/.local/lib/python3.7/site-packages/airflow/example_dags/example_local_kubernetes_executor.py
[2023-03-12T10:11:20.241+0000] {processor.py:743} INFO - Processing file /home/airflow/.local/lib/python3.7/site-packages/airflow/example_dags/example_local_kubernetes_executor.py for tasks to queue
[2023-03-12T10:11:20.242+0000] {logging_mixin.py:137} INFO - [2023-03-12T10:11:20.242+0000] {dagbag.py:538} INFO - Filling up the DagBag from /home/airflow/.local/lib/python3.7/site-packages/airflow/example_dags/example_local_kubernetes_executor.py
[2023-03-12T10:11:20.259+0000] {processor.py:753} INFO - DAG(s) dict_keys(['example_local_kubernetes_executor']) retrieved from /home/airflow/.local/lib/python3.7/site-packages/airflow/example_dags/example_local_kubernetes_executor.py
[2023-03-12T10:11:20.285+0000] {logging_mixin.py:137} INFO - [2023-03-12T10:11:20.285+0000] {dag.py:2690} INFO - Sync 1 DAGs
[2023-03-12T10:11:20.304+0000] {logging_mixin.py:137} INFO - [2023-03-12T10:11:20.303+0000] {dag.py:3441} INFO - Setting next_dagrun for example_local_kubernetes_executor to None, run_after=None
[2023-03-12T10:11:20.318+0000] {processor.py:175} INFO - Processing /home/airflow/.local/lib/python3.7/site-packages/airflow/example_dags/example_local_kubernetes_executor.py took 0.082 seconds
[2023-03-12T10:11:50.552+0000] {processor.py:153} INFO - Started process (PID=574) to work on /home/airflow/.local/lib/python3.7/site-packages/airflow/example_dags/example_local_kubernetes_executor.py
[2023-03-12T10:11:50.554+0000] {processor.py:743} INFO - Processing file /home/airflow/.local/lib/python3.7/site-packages/airflow/example_dags/example_local_kubernetes_executor.py for tasks to queue
[2023-03-12T10:11:50.557+0000] {logging_mixin.py:137} INFO - [2023-03-12T10:11:50.557+0000] {dagbag.py:538} INFO - Filling up the DagBag from /home/airflow/.local/lib/python3.7/site-packages/airflow/example_dags/example_local_kubernetes_executor.py
[2023-03-12T10:11:50.574+0000] {processor.py:753} INFO - DAG(s) dict_keys(['example_local_kubernetes_executor']) retrieved from /home/airflow/.local/lib/python3.7/site-packages/airflow/example_dags/example_local_kubernetes_executor.py
[2023-03-12T10:11:50.599+0000] {logging_mixin.py:137} INFO - [2023-03-12T10:11:50.599+0000] {dag.py:2690} INFO - Sync 1 DAGs
[2023-03-12T10:11:50.616+0000] {logging_mixin.py:137} INFO - [2023-03-12T10:11:50.616+0000] {dag.py:3441} INFO - Setting next_dagrun for example_local_kubernetes_executor to None, run_after=None
[2023-03-12T10:11:50.630+0000] {processor.py:175} INFO - Processing /home/airflow/.local/lib/python3.7/site-packages/airflow/example_dags/example_local_kubernetes_executor.py took 0.081 seconds
[2023-03-12T10:12:20.774+0000] {processor.py:153} INFO - Started process (PID=639) to work on /home/airflow/.local/lib/python3.7/site-packages/airflow/example_dags/example_local_kubernetes_executor.py
[2023-03-12T10:12:20.777+0000] {processor.py:743} INFO - Processing file /home/airflow/.local/lib/python3.7/site-packages/airflow/example_dags/example_local_kubernetes_executor.py for tasks to queue
[2023-03-12T10:12:20.779+0000] {logging_mixin.py:137} INFO - [2023-03-12T10:12:20.778+0000] {dagbag.py:538} INFO - Filling up the DagBag from /home/airflow/.local/lib/python3.7/site-packages/airflow/example_dags/example_local_kubernetes_executor.py
[2023-03-12T10:12:20.803+0000] {processor.py:753} INFO - DAG(s) dict_keys(['example_local_kubernetes_executor']) retrieved from /home/airflow/.local/lib/python3.7/site-packages/airflow/example_dags/example_local_kubernetes_executor.py
[2023-03-12T10:12:20.835+0000] {logging_mixin.py:137} INFO - [2023-03-12T10:12:20.835+0000] {dag.py:2690} INFO - Sync 1 DAGs
[2023-03-12T10:12:20.858+0000] {logging_mixin.py:137} INFO - [2023-03-12T10:12:20.858+0000] {dag.py:3441} INFO - Setting next_dagrun for example_local_kubernetes_executor to None, run_after=None
[2023-03-12T10:12:20.875+0000] {processor.py:175} INFO - Processing /home/airflow/.local/lib/python3.7/site-packages/airflow/example_dags/example_local_kubernetes_executor.py took 0.105 seconds
[2023-03-12T10:12:51.084+0000] {processor.py:153} INFO - Started process (PID=717) to work on /home/airflow/.local/lib/python3.7/site-packages/airflow/example_dags/example_local_kubernetes_executor.py
[2023-03-12T10:12:51.087+0000] {processor.py:743} INFO - Processing file /home/airflow/.local/lib/python3.7/site-packages/airflow/example_dags/example_local_kubernetes_executor.py for tasks to queue
[2023-03-12T10:12:51.089+0000] {logging_mixin.py:137} INFO - [2023-03-12T10:12:51.089+0000] {dagbag.py:538} INFO - Filling up the DagBag from /home/airflow/.local/lib/python3.7/site-packages/airflow/example_dags/example_local_kubernetes_executor.py
[2023-03-12T10:12:51.116+0000] {processor.py:753} INFO - DAG(s) dict_keys(['example_local_kubernetes_executor']) retrieved from /home/airflow/.local/lib/python3.7/site-packages/airflow/example_dags/example_local_kubernetes_executor.py
[2023-03-12T10:12:51.152+0000] {logging_mixin.py:137} INFO - [2023-03-12T10:12:51.152+0000] {dag.py:2690} INFO - Sync 1 DAGs
[2023-03-12T10:12:51.183+0000] {logging_mixin.py:137} INFO - [2023-03-12T10:12:51.182+0000] {dag.py:3441} INFO - Setting next_dagrun for example_local_kubernetes_executor to None, run_after=None
[2023-03-12T10:12:51.211+0000] {processor.py:175} INFO - Processing /home/airflow/.local/lib/python3.7/site-packages/airflow/example_dags/example_local_kubernetes_executor.py took 0.132 seconds
[2023-03-12T10:13:21.534+0000] {processor.py:153} INFO - Started process (PID=788) to work on /home/airflow/.local/lib/python3.7/site-packages/airflow/example_dags/example_local_kubernetes_executor.py
[2023-03-12T10:13:21.541+0000] {processor.py:743} INFO - Processing file /home/airflow/.local/lib/python3.7/site-packages/airflow/example_dags/example_local_kubernetes_executor.py for tasks to queue
[2023-03-12T10:13:21.544+0000] {logging_mixin.py:137} INFO - [2023-03-12T10:13:21.543+0000] {dagbag.py:538} INFO - Filling up the DagBag from /home/airflow/.local/lib/python3.7/site-packages/airflow/example_dags/example_local_kubernetes_executor.py
[2023-03-12T10:13:21.570+0000] {processor.py:753} INFO - DAG(s) dict_keys(['example_local_kubernetes_executor']) retrieved from /home/airflow/.local/lib/python3.7/site-packages/airflow/example_dags/example_local_kubernetes_executor.py
[2023-03-12T10:13:21.610+0000] {logging_mixin.py:137} INFO - [2023-03-12T10:13:21.610+0000] {dag.py:2690} INFO - Sync 1 DAGs
[2023-03-12T10:13:21.634+0000] {logging_mixin.py:137} INFO - [2023-03-12T10:13:21.634+0000] {dag.py:3441} INFO - Setting next_dagrun for example_local_kubernetes_executor to None, run_after=None
[2023-03-12T10:13:21.651+0000] {processor.py:175} INFO - Processing /home/airflow/.local/lib/python3.7/site-packages/airflow/example_dags/example_local_kubernetes_executor.py took 0.122 seconds
[2023-03-12T10:13:51.809+0000] {processor.py:153} INFO - Started process (PID=859) to work on /home/airflow/.local/lib/python3.7/site-packages/airflow/example_dags/example_local_kubernetes_executor.py
[2023-03-12T10:13:51.811+0000] {processor.py:743} INFO - Processing file /home/airflow/.local/lib/python3.7/site-packages/airflow/example_dags/example_local_kubernetes_executor.py for tasks to queue
[2023-03-12T10:13:51.813+0000] {logging_mixin.py:137} INFO - [2023-03-12T10:13:51.813+0000] {dagbag.py:538} INFO - Filling up the DagBag from /home/airflow/.local/lib/python3.7/site-packages/airflow/example_dags/example_local_kubernetes_executor.py
[2023-03-12T10:13:51.854+0000] {processor.py:753} INFO - DAG(s) dict_keys(['example_local_kubernetes_executor']) retrieved from /home/airflow/.local/lib/python3.7/site-packages/airflow/example_dags/example_local_kubernetes_executor.py
[2023-03-12T10:13:51.891+0000] {logging_mixin.py:137} INFO - [2023-03-12T10:13:51.891+0000] {dag.py:2690} INFO - Sync 1 DAGs
[2023-03-12T10:13:51.913+0000] {logging_mixin.py:137} INFO - [2023-03-12T10:13:51.913+0000] {dag.py:3441} INFO - Setting next_dagrun for example_local_kubernetes_executor to None, run_after=None
[2023-03-12T10:13:51.929+0000] {processor.py:175} INFO - Processing /home/airflow/.local/lib/python3.7/site-packages/airflow/example_dags/example_local_kubernetes_executor.py took 0.123 seconds
[2023-03-12T10:14:22.134+0000] {processor.py:153} INFO - Started process (PID=936) to work on /home/airflow/.local/lib/python3.7/site-packages/airflow/example_dags/example_local_kubernetes_executor.py
[2023-03-12T10:14:22.137+0000] {processor.py:743} INFO - Processing file /home/airflow/.local/lib/python3.7/site-packages/airflow/example_dags/example_local_kubernetes_executor.py for tasks to queue
[2023-03-12T10:14:22.139+0000] {logging_mixin.py:137} INFO - [2023-03-12T10:14:22.139+0000] {dagbag.py:538} INFO - Filling up the DagBag from /home/airflow/.local/lib/python3.7/site-packages/airflow/example_dags/example_local_kubernetes_executor.py
[2023-03-12T10:14:22.162+0000] {processor.py:753} INFO - DAG(s) dict_keys(['example_local_kubernetes_executor']) retrieved from /home/airflow/.local/lib/python3.7/site-packages/airflow/example_dags/example_local_kubernetes_executor.py
[2023-03-12T10:14:22.192+0000] {logging_mixin.py:137} INFO - [2023-03-12T10:14:22.192+0000] {dag.py:2690} INFO - Sync 1 DAGs
[2023-03-12T10:14:22.211+0000] {logging_mixin.py:137} INFO - [2023-03-12T10:14:22.211+0000] {dag.py:3441} INFO - Setting next_dagrun for example_local_kubernetes_executor to None, run_after=None
[2023-03-12T10:14:22.227+0000] {processor.py:175} INFO - Processing /home/airflow/.local/lib/python3.7/site-packages/airflow/example_dags/example_local_kubernetes_executor.py took 0.097 seconds
[2023-03-12T10:14:52.361+0000] {processor.py:153} INFO - Started process (PID=1002) to work on /home/airflow/.local/lib/python3.7/site-packages/airflow/example_dags/example_local_kubernetes_executor.py
[2023-03-12T10:14:52.363+0000] {processor.py:743} INFO - Processing file /home/airflow/.local/lib/python3.7/site-packages/airflow/example_dags/example_local_kubernetes_executor.py for tasks to queue
[2023-03-12T10:14:52.366+0000] {logging_mixin.py:137} INFO - [2023-03-12T10:14:52.366+0000] {dagbag.py:538} INFO - Filling up the DagBag from /home/airflow/.local/lib/python3.7/site-packages/airflow/example_dags/example_local_kubernetes_executor.py
[2023-03-12T10:14:52.386+0000] {processor.py:753} INFO - DAG(s) dict_keys(['example_local_kubernetes_executor']) retrieved from /home/airflow/.local/lib/python3.7/site-packages/airflow/example_dags/example_local_kubernetes_executor.py
[2023-03-12T10:14:52.414+0000] {logging_mixin.py:137} INFO - [2023-03-12T10:14:52.414+0000] {dag.py:2690} INFO - Sync 1 DAGs
[2023-03-12T10:14:52.434+0000] {logging_mixin.py:137} INFO - [2023-03-12T10:14:52.434+0000] {dag.py:3441} INFO - Setting next_dagrun for example_local_kubernetes_executor to None, run_after=None
[2023-03-12T10:14:52.450+0000] {processor.py:175} INFO - Processing /home/airflow/.local/lib/python3.7/site-packages/airflow/example_dags/example_local_kubernetes_executor.py took 0.092 seconds
[2023-03-12T10:15:22.649+0000] {processor.py:153} INFO - Started process (PID=1080) to work on /home/airflow/.local/lib/python3.7/site-packages/airflow/example_dags/example_local_kubernetes_executor.py
[2023-03-12T10:15:22.652+0000] {processor.py:743} INFO - Processing file /home/airflow/.local/lib/python3.7/site-packages/airflow/example_dags/example_local_kubernetes_executor.py for tasks to queue
[2023-03-12T10:15:22.654+0000] {logging_mixin.py:137} INFO - [2023-03-12T10:15:22.654+0000] {dagbag.py:538} INFO - Filling up the DagBag from /home/airflow/.local/lib/python3.7/site-packages/airflow/example_dags/example_local_kubernetes_executor.py
[2023-03-12T10:15:22.682+0000] {processor.py:753} INFO - DAG(s) dict_keys(['example_local_kubernetes_executor']) retrieved from /home/airflow/.local/lib/python3.7/site-packages/airflow/example_dags/example_local_kubernetes_executor.py
[2023-03-12T10:15:22.723+0000] {logging_mixin.py:137} INFO - [2023-03-12T10:15:22.723+0000] {dag.py:2690} INFO - Sync 1 DAGs
[2023-03-12T10:15:22.747+0000] {logging_mixin.py:137} INFO - [2023-03-12T10:15:22.747+0000] {dag.py:3441} INFO - Setting next_dagrun for example_local_kubernetes_executor to None, run_after=None
[2023-03-12T10:15:22.766+0000] {processor.py:175} INFO - Processing /home/airflow/.local/lib/python3.7/site-packages/airflow/example_dags/example_local_kubernetes_executor.py took 0.120 seconds
[2023-03-12T10:15:53.012+0000] {processor.py:153} INFO - Started process (PID=1143) to work on /home/airflow/.local/lib/python3.7/site-packages/airflow/example_dags/example_local_kubernetes_executor.py
[2023-03-12T10:15:53.015+0000] {processor.py:743} INFO - Processing file /home/airflow/.local/lib/python3.7/site-packages/airflow/example_dags/example_local_kubernetes_executor.py for tasks to queue
[2023-03-12T10:15:53.016+0000] {logging_mixin.py:137} INFO - [2023-03-12T10:15:53.016+0000] {dagbag.py:538} INFO - Filling up the DagBag from /home/airflow/.local/lib/python3.7/site-packages/airflow/example_dags/example_local_kubernetes_executor.py
[2023-03-12T10:15:53.035+0000] {processor.py:753} INFO - DAG(s) dict_keys(['example_local_kubernetes_executor']) retrieved from /home/airflow/.local/lib/python3.7/site-packages/airflow/example_dags/example_local_kubernetes_executor.py
[2023-03-12T10:15:53.062+0000] {logging_mixin.py:137} INFO - [2023-03-12T10:15:53.061+0000] {dag.py:2690} INFO - Sync 1 DAGs
[2023-03-12T10:15:53.078+0000] {logging_mixin.py:137} INFO - [2023-03-12T10:15:53.078+0000] {dag.py:3441} INFO - Setting next_dagrun for example_local_kubernetes_executor to None, run_after=None
[2023-03-12T10:15:53.091+0000] {processor.py:175} INFO - Processing /home/airflow/.local/lib/python3.7/site-packages/airflow/example_dags/example_local_kubernetes_executor.py took 0.082 seconds
[2023-03-12T10:16:23.231+0000] {processor.py:153} INFO - Started process (PID=1220) to work on /home/airflow/.local/lib/python3.7/site-packages/airflow/example_dags/example_local_kubernetes_executor.py
[2023-03-12T10:16:23.235+0000] {processor.py:743} INFO - Processing file /home/airflow/.local/lib/python3.7/site-packages/airflow/example_dags/example_local_kubernetes_executor.py for tasks to queue
[2023-03-12T10:16:23.236+0000] {logging_mixin.py:137} INFO - [2023-03-12T10:16:23.236+0000] {dagbag.py:538} INFO - Filling up the DagBag from /home/airflow/.local/lib/python3.7/site-packages/airflow/example_dags/example_local_kubernetes_executor.py
[2023-03-12T10:16:23.258+0000] {processor.py:753} INFO - DAG(s) dict_keys(['example_local_kubernetes_executor']) retrieved from /home/airflow/.local/lib/python3.7/site-packages/airflow/example_dags/example_local_kubernetes_executor.py
[2023-03-12T10:16:23.286+0000] {logging_mixin.py:137} INFO - [2023-03-12T10:16:23.286+0000] {dag.py:2690} INFO - Sync 1 DAGs
[2023-03-12T10:16:23.308+0000] {logging_mixin.py:137} INFO - [2023-03-12T10:16:23.308+0000] {dag.py:3441} INFO - Setting next_dagrun for example_local_kubernetes_executor to None, run_after=None
[2023-03-12T10:16:23.325+0000] {processor.py:175} INFO - Processing /home/airflow/.local/lib/python3.7/site-packages/airflow/example_dags/example_local_kubernetes_executor.py took 0.097 seconds
[2023-03-12T10:16:54.288+0000] {processor.py:153} INFO - Started process (PID=1298) to work on /home/airflow/.local/lib/python3.7/site-packages/airflow/example_dags/example_local_kubernetes_executor.py
[2023-03-12T10:16:54.290+0000] {processor.py:743} INFO - Processing file /home/airflow/.local/lib/python3.7/site-packages/airflow/example_dags/example_local_kubernetes_executor.py for tasks to queue
[2023-03-12T10:16:54.292+0000] {logging_mixin.py:137} INFO - [2023-03-12T10:16:54.292+0000] {dagbag.py:538} INFO - Filling up the DagBag from /home/airflow/.local/lib/python3.7/site-packages/airflow/example_dags/example_local_kubernetes_executor.py
[2023-03-12T10:16:54.316+0000] {processor.py:753} INFO - DAG(s) dict_keys(['example_local_kubernetes_executor']) retrieved from /home/airflow/.local/lib/python3.7/site-packages/airflow/example_dags/example_local_kubernetes_executor.py
[2023-03-12T10:16:54.344+0000] {logging_mixin.py:137} INFO - [2023-03-12T10:16:54.344+0000] {dag.py:2690} INFO - Sync 1 DAGs
[2023-03-12T10:16:54.374+0000] {logging_mixin.py:137} INFO - [2023-03-12T10:16:54.374+0000] {dag.py:3441} INFO - Setting next_dagrun for example_local_kubernetes_executor to None, run_after=None
[2023-03-12T10:16:54.395+0000] {processor.py:175} INFO - Processing /home/airflow/.local/lib/python3.7/site-packages/airflow/example_dags/example_local_kubernetes_executor.py took 0.113 seconds
[2023-03-12T10:17:24.452+0000] {processor.py:153} INFO - Started process (PID=1363) to work on /home/airflow/.local/lib/python3.7/site-packages/airflow/example_dags/example_local_kubernetes_executor.py
[2023-03-12T10:17:24.454+0000] {processor.py:743} INFO - Processing file /home/airflow/.local/lib/python3.7/site-packages/airflow/example_dags/example_local_kubernetes_executor.py for tasks to queue
[2023-03-12T10:17:24.457+0000] {logging_mixin.py:137} INFO - [2023-03-12T10:17:24.457+0000] {dagbag.py:538} INFO - Filling up the DagBag from /home/airflow/.local/lib/python3.7/site-packages/airflow/example_dags/example_local_kubernetes_executor.py
[2023-03-12T10:17:24.477+0000] {processor.py:753} INFO - DAG(s) dict_keys(['example_local_kubernetes_executor']) retrieved from /home/airflow/.local/lib/python3.7/site-packages/airflow/example_dags/example_local_kubernetes_executor.py
[2023-03-12T10:17:24.505+0000] {logging_mixin.py:137} INFO - [2023-03-12T10:17:24.505+0000] {dag.py:2690} INFO - Sync 1 DAGs
[2023-03-12T10:17:24.523+0000] {logging_mixin.py:137} INFO - [2023-03-12T10:17:24.523+0000] {dag.py:3441} INFO - Setting next_dagrun for example_local_kubernetes_executor to None, run_after=None
[2023-03-12T10:17:24.540+0000] {processor.py:175} INFO - Processing /home/airflow/.local/lib/python3.7/site-packages/airflow/example_dags/example_local_kubernetes_executor.py took 0.092 seconds
[2023-03-12T10:17:55.391+0000] {processor.py:153} INFO - Started process (PID=1440) to work on /home/airflow/.local/lib/python3.7/site-packages/airflow/example_dags/example_local_kubernetes_executor.py
[2023-03-12T10:17:55.394+0000] {processor.py:743} INFO - Processing file /home/airflow/.local/lib/python3.7/site-packages/airflow/example_dags/example_local_kubernetes_executor.py for tasks to queue
[2023-03-12T10:17:55.395+0000] {logging_mixin.py:137} INFO - [2023-03-12T10:17:55.395+0000] {dagbag.py:538} INFO - Filling up the DagBag from /home/airflow/.local/lib/python3.7/site-packages/airflow/example_dags/example_local_kubernetes_executor.py
[2023-03-12T10:17:55.418+0000] {processor.py:753} INFO - DAG(s) dict_keys(['example_local_kubernetes_executor']) retrieved from /home/airflow/.local/lib/python3.7/site-packages/airflow/example_dags/example_local_kubernetes_executor.py
[2023-03-12T10:17:55.460+0000] {logging_mixin.py:137} INFO - [2023-03-12T10:17:55.460+0000] {dag.py:2690} INFO - Sync 1 DAGs
[2023-03-12T10:17:55.488+0000] {logging_mixin.py:137} INFO - [2023-03-12T10:17:55.488+0000] {dag.py:3441} INFO - Setting next_dagrun for example_local_kubernetes_executor to None, run_after=None
[2023-03-12T10:17:55.510+0000] {processor.py:175} INFO - Processing /home/airflow/.local/lib/python3.7/site-packages/airflow/example_dags/example_local_kubernetes_executor.py took 0.122 seconds
[2023-03-12T10:18:26.600+0000] {processor.py:153} INFO - Started process (PID=1514) to work on /home/airflow/.local/lib/python3.7/site-packages/airflow/example_dags/example_local_kubernetes_executor.py
[2023-03-12T10:18:26.603+0000] {processor.py:743} INFO - Processing file /home/airflow/.local/lib/python3.7/site-packages/airflow/example_dags/example_local_kubernetes_executor.py for tasks to queue
[2023-03-12T10:18:26.606+0000] {logging_mixin.py:137} INFO - [2023-03-12T10:18:26.606+0000] {dagbag.py:538} INFO - Filling up the DagBag from /home/airflow/.local/lib/python3.7/site-packages/airflow/example_dags/example_local_kubernetes_executor.py
[2023-03-12T10:18:26.632+0000] {processor.py:753} INFO - DAG(s) dict_keys(['example_local_kubernetes_executor']) retrieved from /home/airflow/.local/lib/python3.7/site-packages/airflow/example_dags/example_local_kubernetes_executor.py
[2023-03-12T10:18:26.684+0000] {logging_mixin.py:137} INFO - [2023-03-12T10:18:26.683+0000] {dag.py:2690} INFO - Sync 1 DAGs
[2023-03-12T10:18:26.717+0000] {logging_mixin.py:137} INFO - [2023-03-12T10:18:26.717+0000] {dag.py:3441} INFO - Setting next_dagrun for example_local_kubernetes_executor to None, run_after=None
[2023-03-12T10:18:26.739+0000] {processor.py:175} INFO - Processing /home/airflow/.local/lib/python3.7/site-packages/airflow/example_dags/example_local_kubernetes_executor.py took 0.143 seconds
[2023-03-12T10:18:56.898+0000] {processor.py:153} INFO - Started process (PID=1583) to work on /home/airflow/.local/lib/python3.7/site-packages/airflow/example_dags/example_local_kubernetes_executor.py
[2023-03-12T10:18:56.900+0000] {processor.py:743} INFO - Processing file /home/airflow/.local/lib/python3.7/site-packages/airflow/example_dags/example_local_kubernetes_executor.py for tasks to queue
[2023-03-12T10:18:56.902+0000] {logging_mixin.py:137} INFO - [2023-03-12T10:18:56.902+0000] {dagbag.py:538} INFO - Filling up the DagBag from /home/airflow/.local/lib/python3.7/site-packages/airflow/example_dags/example_local_kubernetes_executor.py
[2023-03-12T10:18:56.924+0000] {processor.py:753} INFO - DAG(s) dict_keys(['example_local_kubernetes_executor']) retrieved from /home/airflow/.local/lib/python3.7/site-packages/airflow/example_dags/example_local_kubernetes_executor.py
[2023-03-12T10:18:56.960+0000] {logging_mixin.py:137} INFO - [2023-03-12T10:18:56.959+0000] {dag.py:2690} INFO - Sync 1 DAGs
[2023-03-12T10:18:56.982+0000] {logging_mixin.py:137} INFO - [2023-03-12T10:18:56.982+0000] {dag.py:3441} INFO - Setting next_dagrun for example_local_kubernetes_executor to None, run_after=None
[2023-03-12T10:18:56.999+0000] {processor.py:175} INFO - Processing /home/airflow/.local/lib/python3.7/site-packages/airflow/example_dags/example_local_kubernetes_executor.py took 0.105 seconds
[2023-03-12T10:19:27.734+0000] {processor.py:153} INFO - Started process (PID=1661) to work on /home/airflow/.local/lib/python3.7/site-packages/airflow/example_dags/example_local_kubernetes_executor.py
[2023-03-12T10:19:27.736+0000] {processor.py:743} INFO - Processing file /home/airflow/.local/lib/python3.7/site-packages/airflow/example_dags/example_local_kubernetes_executor.py for tasks to queue
[2023-03-12T10:19:27.738+0000] {logging_mixin.py:137} INFO - [2023-03-12T10:19:27.738+0000] {dagbag.py:538} INFO - Filling up the DagBag from /home/airflow/.local/lib/python3.7/site-packages/airflow/example_dags/example_local_kubernetes_executor.py
[2023-03-12T10:19:27.764+0000] {processor.py:753} INFO - DAG(s) dict_keys(['example_local_kubernetes_executor']) retrieved from /home/airflow/.local/lib/python3.7/site-packages/airflow/example_dags/example_local_kubernetes_executor.py
[2023-03-12T10:19:27.799+0000] {logging_mixin.py:137} INFO - [2023-03-12T10:19:27.799+0000] {dag.py:2690} INFO - Sync 1 DAGs
[2023-03-12T10:19:27.827+0000] {logging_mixin.py:137} INFO - [2023-03-12T10:19:27.827+0000] {dag.py:3441} INFO - Setting next_dagrun for example_local_kubernetes_executor to None, run_after=None
[2023-03-12T10:19:27.843+0000] {processor.py:175} INFO - Processing /home/airflow/.local/lib/python3.7/site-packages/airflow/example_dags/example_local_kubernetes_executor.py took 0.113 seconds
[2023-03-12T10:19:59.039+0000] {processor.py:153} INFO - Started process (PID=1726) to work on /home/airflow/.local/lib/python3.7/site-packages/airflow/example_dags/example_local_kubernetes_executor.py
[2023-03-12T10:19:59.042+0000] {processor.py:743} INFO - Processing file /home/airflow/.local/lib/python3.7/site-packages/airflow/example_dags/example_local_kubernetes_executor.py for tasks to queue
[2023-03-12T10:19:59.050+0000] {logging_mixin.py:137} INFO - [2023-03-12T10:19:59.049+0000] {dagbag.py:538} INFO - Filling up the DagBag from /home/airflow/.local/lib/python3.7/site-packages/airflow/example_dags/example_local_kubernetes_executor.py
[2023-03-12T10:19:59.076+0000] {processor.py:753} INFO - DAG(s) dict_keys(['example_local_kubernetes_executor']) retrieved from /home/airflow/.local/lib/python3.7/site-packages/airflow/example_dags/example_local_kubernetes_executor.py
[2023-03-12T10:19:59.108+0000] {logging_mixin.py:137} INFO - [2023-03-12T10:19:59.108+0000] {dag.py:2690} INFO - Sync 1 DAGs
[2023-03-12T10:19:59.133+0000] {logging_mixin.py:137} INFO - [2023-03-12T10:19:59.133+0000] {dag.py:3441} INFO - Setting next_dagrun for example_local_kubernetes_executor to None, run_after=None
[2023-03-12T10:19:59.150+0000] {processor.py:175} INFO - Processing /home/airflow/.local/lib/python3.7/site-packages/airflow/example_dags/example_local_kubernetes_executor.py took 0.114 seconds
[2023-03-12T10:20:29.272+0000] {processor.py:153} INFO - Started process (PID=1805) to work on /home/airflow/.local/lib/python3.7/site-packages/airflow/example_dags/example_local_kubernetes_executor.py
[2023-03-12T10:20:29.274+0000] {processor.py:743} INFO - Processing file /home/airflow/.local/lib/python3.7/site-packages/airflow/example_dags/example_local_kubernetes_executor.py for tasks to queue
[2023-03-12T10:20:29.275+0000] {logging_mixin.py:137} INFO - [2023-03-12T10:20:29.275+0000] {dagbag.py:538} INFO - Filling up the DagBag from /home/airflow/.local/lib/python3.7/site-packages/airflow/example_dags/example_local_kubernetes_executor.py
[2023-03-12T10:20:29.295+0000] {processor.py:753} INFO - DAG(s) dict_keys(['example_local_kubernetes_executor']) retrieved from /home/airflow/.local/lib/python3.7/site-packages/airflow/example_dags/example_local_kubernetes_executor.py
[2023-03-12T10:20:29.325+0000] {logging_mixin.py:137} INFO - [2023-03-12T10:20:29.325+0000] {dag.py:2690} INFO - Sync 1 DAGs
[2023-03-12T10:20:29.346+0000] {logging_mixin.py:137} INFO - [2023-03-12T10:20:29.346+0000] {dag.py:3441} INFO - Setting next_dagrun for example_local_kubernetes_executor to None, run_after=None
[2023-03-12T10:20:29.360+0000] {processor.py:175} INFO - Processing /home/airflow/.local/lib/python3.7/site-packages/airflow/example_dags/example_local_kubernetes_executor.py took 0.092 seconds
[2023-03-12T10:20:59.839+0000] {processor.py:153} INFO - Started process (PID=1884) to work on /home/airflow/.local/lib/python3.7/site-packages/airflow/example_dags/example_local_kubernetes_executor.py
[2023-03-12T10:20:59.842+0000] {processor.py:743} INFO - Processing file /home/airflow/.local/lib/python3.7/site-packages/airflow/example_dags/example_local_kubernetes_executor.py for tasks to queue
[2023-03-12T10:20:59.845+0000] {logging_mixin.py:137} INFO - [2023-03-12T10:20:59.845+0000] {dagbag.py:538} INFO - Filling up the DagBag from /home/airflow/.local/lib/python3.7/site-packages/airflow/example_dags/example_local_kubernetes_executor.py
[2023-03-12T10:20:59.870+0000] {processor.py:753} INFO - DAG(s) dict_keys(['example_local_kubernetes_executor']) retrieved from /home/airflow/.local/lib/python3.7/site-packages/airflow/example_dags/example_local_kubernetes_executor.py
[2023-03-12T10:20:59.916+0000] {logging_mixin.py:137} INFO - [2023-03-12T10:20:59.916+0000] {dag.py:2690} INFO - Sync 1 DAGs
[2023-03-12T10:20:59.942+0000] {logging_mixin.py:137} INFO - [2023-03-12T10:20:59.942+0000] {dag.py:3441} INFO - Setting next_dagrun for example_local_kubernetes_executor to None, run_after=None
[2023-03-12T10:20:59.966+0000] {processor.py:175} INFO - Processing /home/airflow/.local/lib/python3.7/site-packages/airflow/example_dags/example_local_kubernetes_executor.py took 0.132 seconds
[2023-03-12T10:21:30.055+0000] {processor.py:153} INFO - Started process (PID=1949) to work on /home/airflow/.local/lib/python3.7/site-packages/airflow/example_dags/example_local_kubernetes_executor.py
[2023-03-12T10:21:30.057+0000] {processor.py:743} INFO - Processing file /home/airflow/.local/lib/python3.7/site-packages/airflow/example_dags/example_local_kubernetes_executor.py for tasks to queue
[2023-03-12T10:21:30.058+0000] {logging_mixin.py:137} INFO - [2023-03-12T10:21:30.058+0000] {dagbag.py:538} INFO - Filling up the DagBag from /home/airflow/.local/lib/python3.7/site-packages/airflow/example_dags/example_local_kubernetes_executor.py
[2023-03-12T10:21:30.078+0000] {processor.py:753} INFO - DAG(s) dict_keys(['example_local_kubernetes_executor']) retrieved from /home/airflow/.local/lib/python3.7/site-packages/airflow/example_dags/example_local_kubernetes_executor.py
[2023-03-12T10:21:30.105+0000] {logging_mixin.py:137} INFO - [2023-03-12T10:21:30.105+0000] {dag.py:2690} INFO - Sync 1 DAGs
[2023-03-12T10:21:30.121+0000] {logging_mixin.py:137} INFO - [2023-03-12T10:21:30.121+0000] {dag.py:3441} INFO - Setting next_dagrun for example_local_kubernetes_executor to None, run_after=None
[2023-03-12T10:21:30.133+0000] {processor.py:175} INFO - Processing /home/airflow/.local/lib/python3.7/site-packages/airflow/example_dags/example_local_kubernetes_executor.py took 0.082 seconds
[2023-03-12T10:22:00.623+0000] {processor.py:153} INFO - Started process (PID=2027) to work on /home/airflow/.local/lib/python3.7/site-packages/airflow/example_dags/example_local_kubernetes_executor.py
[2023-03-12T10:22:00.626+0000] {processor.py:743} INFO - Processing file /home/airflow/.local/lib/python3.7/site-packages/airflow/example_dags/example_local_kubernetes_executor.py for tasks to queue
[2023-03-12T10:22:00.628+0000] {logging_mixin.py:137} INFO - [2023-03-12T10:22:00.628+0000] {dagbag.py:538} INFO - Filling up the DagBag from /home/airflow/.local/lib/python3.7/site-packages/airflow/example_dags/example_local_kubernetes_executor.py
[2023-03-12T10:22:00.648+0000] {processor.py:753} INFO - DAG(s) dict_keys(['example_local_kubernetes_executor']) retrieved from /home/airflow/.local/lib/python3.7/site-packages/airflow/example_dags/example_local_kubernetes_executor.py
[2023-03-12T10:22:00.677+0000] {logging_mixin.py:137} INFO - [2023-03-12T10:22:00.677+0000] {dag.py:2690} INFO - Sync 1 DAGs
[2023-03-12T10:22:00.696+0000] {logging_mixin.py:137} INFO - [2023-03-12T10:22:00.696+0000] {dag.py:3441} INFO - Setting next_dagrun for example_local_kubernetes_executor to None, run_after=None
[2023-03-12T10:22:00.712+0000] {processor.py:175} INFO - Processing /home/airflow/.local/lib/python3.7/site-packages/airflow/example_dags/example_local_kubernetes_executor.py took 0.092 seconds
