[2023-03-12T10:08:17.641+0000] {processor.py:153} INFO - Started process (PID=76) to work on /home/airflow/.local/lib/python3.7/site-packages/airflow/example_dags/example_nested_branch_dag.py
[2023-03-12T10:08:17.645+0000] {processor.py:743} INFO - Processing file /home/airflow/.local/lib/python3.7/site-packages/airflow/example_dags/example_nested_branch_dag.py for tasks to queue
[2023-03-12T10:08:17.650+0000] {logging_mixin.py:137} INFO - [2023-03-12T10:08:17.650+0000] {dagbag.py:538} INFO - Filling up the DagBag from /home/airflow/.local/lib/python3.7/site-packages/airflow/example_dags/example_nested_branch_dag.py
[2023-03-12T10:08:17.719+0000] {processor.py:753} INFO - DAG(s) dict_keys(['example_nested_branch_dag']) retrieved from /home/airflow/.local/lib/python3.7/site-packages/airflow/example_dags/example_nested_branch_dag.py
[2023-03-12T10:08:17.758+0000] {logging_mixin.py:137} INFO - [2023-03-12T10:08:17.758+0000] {dag.py:2690} INFO - Sync 1 DAGs
[2023-03-12T10:08:17.869+0000] {logging_mixin.py:137} INFO - [2023-03-12T10:08:17.869+0000] {dag.py:3441} INFO - Setting next_dagrun for example_nested_branch_dag to 2023-03-11T00:00:00+00:00, run_after=2023-03-12T00:00:00+00:00
[2023-03-12T10:08:17.938+0000] {processor.py:175} INFO - Processing /home/airflow/.local/lib/python3.7/site-packages/airflow/example_dags/example_nested_branch_dag.py took 0.316 seconds
[2023-03-12T10:08:48.123+0000] {processor.py:153} INFO - Started process (PID=145) to work on /home/airflow/.local/lib/python3.7/site-packages/airflow/example_dags/example_nested_branch_dag.py
[2023-03-12T10:08:48.125+0000] {processor.py:743} INFO - Processing file /home/airflow/.local/lib/python3.7/site-packages/airflow/example_dags/example_nested_branch_dag.py for tasks to queue
[2023-03-12T10:08:48.126+0000] {logging_mixin.py:137} INFO - [2023-03-12T10:08:48.126+0000] {dagbag.py:538} INFO - Filling up the DagBag from /home/airflow/.local/lib/python3.7/site-packages/airflow/example_dags/example_nested_branch_dag.py
[2023-03-12T10:08:48.148+0000] {processor.py:753} INFO - DAG(s) dict_keys(['example_nested_branch_dag']) retrieved from /home/airflow/.local/lib/python3.7/site-packages/airflow/example_dags/example_nested_branch_dag.py
[2023-03-12T10:08:48.172+0000] {logging_mixin.py:137} INFO - [2023-03-12T10:08:48.172+0000] {dag.py:2690} INFO - Sync 1 DAGs
[2023-03-12T10:08:48.193+0000] {logging_mixin.py:137} INFO - [2023-03-12T10:08:48.193+0000] {dag.py:3441} INFO - Setting next_dagrun for example_nested_branch_dag to 2023-03-11T00:00:00+00:00, run_after=2023-03-12T00:00:00+00:00
[2023-03-12T10:08:48.211+0000] {processor.py:175} INFO - Processing /home/airflow/.local/lib/python3.7/site-packages/airflow/example_dags/example_nested_branch_dag.py took 0.092 seconds
[2023-03-12T10:09:19.492+0000] {processor.py:153} INFO - Started process (PID=222) to work on /home/airflow/.local/lib/python3.7/site-packages/airflow/example_dags/example_nested_branch_dag.py
[2023-03-12T10:09:19.496+0000] {processor.py:743} INFO - Processing file /home/airflow/.local/lib/python3.7/site-packages/airflow/example_dags/example_nested_branch_dag.py for tasks to queue
[2023-03-12T10:09:19.508+0000] {logging_mixin.py:137} INFO - [2023-03-12T10:09:19.507+0000] {dagbag.py:538} INFO - Filling up the DagBag from /home/airflow/.local/lib/python3.7/site-packages/airflow/example_dags/example_nested_branch_dag.py
[2023-03-12T10:09:19.537+0000] {processor.py:753} INFO - DAG(s) dict_keys(['example_nested_branch_dag']) retrieved from /home/airflow/.local/lib/python3.7/site-packages/airflow/example_dags/example_nested_branch_dag.py
[2023-03-12T10:09:19.571+0000] {logging_mixin.py:137} INFO - [2023-03-12T10:09:19.571+0000] {dag.py:2690} INFO - Sync 1 DAGs
[2023-03-12T10:09:19.600+0000] {logging_mixin.py:137} INFO - [2023-03-12T10:09:19.600+0000] {dag.py:3441} INFO - Setting next_dagrun for example_nested_branch_dag to 2023-03-11T00:00:00+00:00, run_after=2023-03-12T00:00:00+00:00
[2023-03-12T10:09:19.621+0000] {processor.py:175} INFO - Processing /home/airflow/.local/lib/python3.7/site-packages/airflow/example_dags/example_nested_branch_dag.py took 0.134 seconds
[2023-03-12T10:09:50.412+0000] {processor.py:153} INFO - Started process (PID=287) to work on /home/airflow/.local/lib/python3.7/site-packages/airflow/example_dags/example_nested_branch_dag.py
[2023-03-12T10:09:50.414+0000] {processor.py:743} INFO - Processing file /home/airflow/.local/lib/python3.7/site-packages/airflow/example_dags/example_nested_branch_dag.py for tasks to queue
[2023-03-12T10:09:50.416+0000] {logging_mixin.py:137} INFO - [2023-03-12T10:09:50.416+0000] {dagbag.py:538} INFO - Filling up the DagBag from /home/airflow/.local/lib/python3.7/site-packages/airflow/example_dags/example_nested_branch_dag.py
[2023-03-12T10:09:50.437+0000] {processor.py:753} INFO - DAG(s) dict_keys(['example_nested_branch_dag']) retrieved from /home/airflow/.local/lib/python3.7/site-packages/airflow/example_dags/example_nested_branch_dag.py
[2023-03-12T10:09:50.462+0000] {logging_mixin.py:137} INFO - [2023-03-12T10:09:50.462+0000] {dag.py:2690} INFO - Sync 1 DAGs
[2023-03-12T10:09:50.479+0000] {logging_mixin.py:137} INFO - [2023-03-12T10:09:50.479+0000] {dag.py:3441} INFO - Setting next_dagrun for example_nested_branch_dag to 2023-03-11T00:00:00+00:00, run_after=2023-03-12T00:00:00+00:00
[2023-03-12T10:09:50.494+0000] {processor.py:175} INFO - Processing /home/airflow/.local/lib/python3.7/site-packages/airflow/example_dags/example_nested_branch_dag.py took 0.086 seconds
[2023-03-12T10:10:21.363+0000] {processor.py:153} INFO - Started process (PID=364) to work on /home/airflow/.local/lib/python3.7/site-packages/airflow/example_dags/example_nested_branch_dag.py
[2023-03-12T10:10:21.366+0000] {processor.py:743} INFO - Processing file /home/airflow/.local/lib/python3.7/site-packages/airflow/example_dags/example_nested_branch_dag.py for tasks to queue
[2023-03-12T10:10:21.368+0000] {logging_mixin.py:137} INFO - [2023-03-12T10:10:21.368+0000] {dagbag.py:538} INFO - Filling up the DagBag from /home/airflow/.local/lib/python3.7/site-packages/airflow/example_dags/example_nested_branch_dag.py
[2023-03-12T10:10:21.388+0000] {processor.py:753} INFO - DAG(s) dict_keys(['example_nested_branch_dag']) retrieved from /home/airflow/.local/lib/python3.7/site-packages/airflow/example_dags/example_nested_branch_dag.py
[2023-03-12T10:10:21.411+0000] {logging_mixin.py:137} INFO - [2023-03-12T10:10:21.411+0000] {dag.py:2690} INFO - Sync 1 DAGs
[2023-03-12T10:10:21.430+0000] {logging_mixin.py:137} INFO - [2023-03-12T10:10:21.430+0000] {dag.py:3441} INFO - Setting next_dagrun for example_nested_branch_dag to 2023-03-11T00:00:00+00:00, run_after=2023-03-12T00:00:00+00:00
[2023-03-12T10:10:21.443+0000] {processor.py:175} INFO - Processing /home/airflow/.local/lib/python3.7/site-packages/airflow/example_dags/example_nested_branch_dag.py took 0.084 seconds
[2023-03-12T10:10:51.644+0000] {processor.py:153} INFO - Started process (PID=441) to work on /home/airflow/.local/lib/python3.7/site-packages/airflow/example_dags/example_nested_branch_dag.py
[2023-03-12T10:10:51.646+0000] {processor.py:743} INFO - Processing file /home/airflow/.local/lib/python3.7/site-packages/airflow/example_dags/example_nested_branch_dag.py for tasks to queue
[2023-03-12T10:10:51.648+0000] {logging_mixin.py:137} INFO - [2023-03-12T10:10:51.647+0000] {dagbag.py:538} INFO - Filling up the DagBag from /home/airflow/.local/lib/python3.7/site-packages/airflow/example_dags/example_nested_branch_dag.py
[2023-03-12T10:10:51.668+0000] {processor.py:753} INFO - DAG(s) dict_keys(['example_nested_branch_dag']) retrieved from /home/airflow/.local/lib/python3.7/site-packages/airflow/example_dags/example_nested_branch_dag.py
[2023-03-12T10:10:51.694+0000] {logging_mixin.py:137} INFO - [2023-03-12T10:10:51.694+0000] {dag.py:2690} INFO - Sync 1 DAGs
[2023-03-12T10:10:51.714+0000] {logging_mixin.py:137} INFO - [2023-03-12T10:10:51.714+0000] {dag.py:3441} INFO - Setting next_dagrun for example_nested_branch_dag to 2023-03-11T00:00:00+00:00, run_after=2023-03-12T00:00:00+00:00
[2023-03-12T10:10:51.731+0000] {processor.py:175} INFO - Processing /home/airflow/.local/lib/python3.7/site-packages/airflow/example_dags/example_nested_branch_dag.py took 0.090 seconds
[2023-03-12T10:11:21.793+0000] {processor.py:153} INFO - Started process (PID=506) to work on /home/airflow/.local/lib/python3.7/site-packages/airflow/example_dags/example_nested_branch_dag.py
[2023-03-12T10:11:21.797+0000] {processor.py:743} INFO - Processing file /home/airflow/.local/lib/python3.7/site-packages/airflow/example_dags/example_nested_branch_dag.py for tasks to queue
[2023-03-12T10:11:21.799+0000] {logging_mixin.py:137} INFO - [2023-03-12T10:11:21.799+0000] {dagbag.py:538} INFO - Filling up the DagBag from /home/airflow/.local/lib/python3.7/site-packages/airflow/example_dags/example_nested_branch_dag.py
[2023-03-12T10:11:21.831+0000] {processor.py:753} INFO - DAG(s) dict_keys(['example_nested_branch_dag']) retrieved from /home/airflow/.local/lib/python3.7/site-packages/airflow/example_dags/example_nested_branch_dag.py
[2023-03-12T10:11:21.864+0000] {logging_mixin.py:137} INFO - [2023-03-12T10:11:21.864+0000] {dag.py:2690} INFO - Sync 1 DAGs
[2023-03-12T10:11:21.885+0000] {logging_mixin.py:137} INFO - [2023-03-12T10:11:21.885+0000] {dag.py:3441} INFO - Setting next_dagrun for example_nested_branch_dag to 2023-03-11T00:00:00+00:00, run_after=2023-03-12T00:00:00+00:00
[2023-03-12T10:11:21.902+0000] {processor.py:175} INFO - Processing /home/airflow/.local/lib/python3.7/site-packages/airflow/example_dags/example_nested_branch_dag.py took 0.113 seconds
[2023-03-12T10:11:52.021+0000] {processor.py:153} INFO - Started process (PID=582) to work on /home/airflow/.local/lib/python3.7/site-packages/airflow/example_dags/example_nested_branch_dag.py
[2023-03-12T10:11:52.023+0000] {processor.py:743} INFO - Processing file /home/airflow/.local/lib/python3.7/site-packages/airflow/example_dags/example_nested_branch_dag.py for tasks to queue
[2023-03-12T10:11:52.025+0000] {logging_mixin.py:137} INFO - [2023-03-12T10:11:52.025+0000] {dagbag.py:538} INFO - Filling up the DagBag from /home/airflow/.local/lib/python3.7/site-packages/airflow/example_dags/example_nested_branch_dag.py
[2023-03-12T10:11:52.044+0000] {processor.py:753} INFO - DAG(s) dict_keys(['example_nested_branch_dag']) retrieved from /home/airflow/.local/lib/python3.7/site-packages/airflow/example_dags/example_nested_branch_dag.py
[2023-03-12T10:11:52.068+0000] {logging_mixin.py:137} INFO - [2023-03-12T10:11:52.068+0000] {dag.py:2690} INFO - Sync 1 DAGs
[2023-03-12T10:11:52.087+0000] {logging_mixin.py:137} INFO - [2023-03-12T10:11:52.087+0000] {dag.py:3441} INFO - Setting next_dagrun for example_nested_branch_dag to 2023-03-11T00:00:00+00:00, run_after=2023-03-12T00:00:00+00:00
[2023-03-12T10:11:52.107+0000] {processor.py:175} INFO - Processing /home/airflow/.local/lib/python3.7/site-packages/airflow/example_dags/example_nested_branch_dag.py took 0.088 seconds
[2023-03-12T10:12:22.283+0000] {processor.py:153} INFO - Started process (PID=653) to work on /home/airflow/.local/lib/python3.7/site-packages/airflow/example_dags/example_nested_branch_dag.py
[2023-03-12T10:12:22.289+0000] {processor.py:743} INFO - Processing file /home/airflow/.local/lib/python3.7/site-packages/airflow/example_dags/example_nested_branch_dag.py for tasks to queue
[2023-03-12T10:12:22.296+0000] {logging_mixin.py:137} INFO - [2023-03-12T10:12:22.296+0000] {dagbag.py:538} INFO - Filling up the DagBag from /home/airflow/.local/lib/python3.7/site-packages/airflow/example_dags/example_nested_branch_dag.py
[2023-03-12T10:12:22.331+0000] {processor.py:753} INFO - DAG(s) dict_keys(['example_nested_branch_dag']) retrieved from /home/airflow/.local/lib/python3.7/site-packages/airflow/example_dags/example_nested_branch_dag.py
[2023-03-12T10:12:22.382+0000] {logging_mixin.py:137} INFO - [2023-03-12T10:12:22.382+0000] {dag.py:2690} INFO - Sync 1 DAGs
[2023-03-12T10:12:22.453+0000] {logging_mixin.py:137} INFO - [2023-03-12T10:12:22.452+0000] {dag.py:3441} INFO - Setting next_dagrun for example_nested_branch_dag to 2023-03-11T00:00:00+00:00, run_after=2023-03-12T00:00:00+00:00
[2023-03-12T10:12:22.482+0000] {processor.py:175} INFO - Processing /home/airflow/.local/lib/python3.7/site-packages/airflow/example_dags/example_nested_branch_dag.py took 0.205 seconds
[2023-03-12T10:12:52.790+0000] {processor.py:153} INFO - Started process (PID=725) to work on /home/airflow/.local/lib/python3.7/site-packages/airflow/example_dags/example_nested_branch_dag.py
[2023-03-12T10:12:52.795+0000] {processor.py:743} INFO - Processing file /home/airflow/.local/lib/python3.7/site-packages/airflow/example_dags/example_nested_branch_dag.py for tasks to queue
[2023-03-12T10:12:52.798+0000] {logging_mixin.py:137} INFO - [2023-03-12T10:12:52.797+0000] {dagbag.py:538} INFO - Filling up the DagBag from /home/airflow/.local/lib/python3.7/site-packages/airflow/example_dags/example_nested_branch_dag.py
[2023-03-12T10:12:52.841+0000] {processor.py:753} INFO - DAG(s) dict_keys(['example_nested_branch_dag']) retrieved from /home/airflow/.local/lib/python3.7/site-packages/airflow/example_dags/example_nested_branch_dag.py
[2023-03-12T10:12:52.881+0000] {logging_mixin.py:137} INFO - [2023-03-12T10:12:52.881+0000] {dag.py:2690} INFO - Sync 1 DAGs
[2023-03-12T10:12:52.907+0000] {logging_mixin.py:137} INFO - [2023-03-12T10:12:52.907+0000] {dag.py:3441} INFO - Setting next_dagrun for example_nested_branch_dag to 2023-03-11T00:00:00+00:00, run_after=2023-03-12T00:00:00+00:00
[2023-03-12T10:12:52.928+0000] {processor.py:175} INFO - Processing /home/airflow/.local/lib/python3.7/site-packages/airflow/example_dags/example_nested_branch_dag.py took 0.149 seconds
[2023-03-12T10:13:23.051+0000] {processor.py:153} INFO - Started process (PID=802) to work on /home/airflow/.local/lib/python3.7/site-packages/airflow/example_dags/example_nested_branch_dag.py
[2023-03-12T10:13:23.053+0000] {processor.py:743} INFO - Processing file /home/airflow/.local/lib/python3.7/site-packages/airflow/example_dags/example_nested_branch_dag.py for tasks to queue
[2023-03-12T10:13:23.055+0000] {logging_mixin.py:137} INFO - [2023-03-12T10:13:23.055+0000] {dagbag.py:538} INFO - Filling up the DagBag from /home/airflow/.local/lib/python3.7/site-packages/airflow/example_dags/example_nested_branch_dag.py
[2023-03-12T10:13:23.087+0000] {processor.py:753} INFO - DAG(s) dict_keys(['example_nested_branch_dag']) retrieved from /home/airflow/.local/lib/python3.7/site-packages/airflow/example_dags/example_nested_branch_dag.py
[2023-03-12T10:13:23.122+0000] {logging_mixin.py:137} INFO - [2023-03-12T10:13:23.122+0000] {dag.py:2690} INFO - Sync 1 DAGs
[2023-03-12T10:13:23.155+0000] {logging_mixin.py:137} INFO - [2023-03-12T10:13:23.155+0000] {dag.py:3441} INFO - Setting next_dagrun for example_nested_branch_dag to 2023-03-11T00:00:00+00:00, run_after=2023-03-12T00:00:00+00:00
[2023-03-12T10:13:23.183+0000] {processor.py:175} INFO - Processing /home/airflow/.local/lib/python3.7/site-packages/airflow/example_dags/example_nested_branch_dag.py took 0.137 seconds
[2023-03-12T10:13:53.282+0000] {processor.py:153} INFO - Started process (PID=867) to work on /home/airflow/.local/lib/python3.7/site-packages/airflow/example_dags/example_nested_branch_dag.py
[2023-03-12T10:13:53.298+0000] {processor.py:743} INFO - Processing file /home/airflow/.local/lib/python3.7/site-packages/airflow/example_dags/example_nested_branch_dag.py for tasks to queue
[2023-03-12T10:13:53.301+0000] {logging_mixin.py:137} INFO - [2023-03-12T10:13:53.301+0000] {dagbag.py:538} INFO - Filling up the DagBag from /home/airflow/.local/lib/python3.7/site-packages/airflow/example_dags/example_nested_branch_dag.py
[2023-03-12T10:13:53.330+0000] {processor.py:753} INFO - DAG(s) dict_keys(['example_nested_branch_dag']) retrieved from /home/airflow/.local/lib/python3.7/site-packages/airflow/example_dags/example_nested_branch_dag.py
[2023-03-12T10:13:53.356+0000] {logging_mixin.py:137} INFO - [2023-03-12T10:13:53.355+0000] {dag.py:2690} INFO - Sync 1 DAGs
[2023-03-12T10:13:53.375+0000] {logging_mixin.py:137} INFO - [2023-03-12T10:13:53.375+0000] {dag.py:3441} INFO - Setting next_dagrun for example_nested_branch_dag to 2023-03-11T00:00:00+00:00, run_after=2023-03-12T00:00:00+00:00
[2023-03-12T10:13:53.395+0000] {processor.py:175} INFO - Processing /home/airflow/.local/lib/python3.7/site-packages/airflow/example_dags/example_nested_branch_dag.py took 0.117 seconds
[2023-03-12T10:14:23.569+0000] {processor.py:153} INFO - Started process (PID=944) to work on /home/airflow/.local/lib/python3.7/site-packages/airflow/example_dags/example_nested_branch_dag.py
[2023-03-12T10:14:23.576+0000] {processor.py:743} INFO - Processing file /home/airflow/.local/lib/python3.7/site-packages/airflow/example_dags/example_nested_branch_dag.py for tasks to queue
[2023-03-12T10:14:23.577+0000] {logging_mixin.py:137} INFO - [2023-03-12T10:14:23.577+0000] {dagbag.py:538} INFO - Filling up the DagBag from /home/airflow/.local/lib/python3.7/site-packages/airflow/example_dags/example_nested_branch_dag.py
[2023-03-12T10:14:23.602+0000] {processor.py:753} INFO - DAG(s) dict_keys(['example_nested_branch_dag']) retrieved from /home/airflow/.local/lib/python3.7/site-packages/airflow/example_dags/example_nested_branch_dag.py
[2023-03-12T10:14:23.634+0000] {logging_mixin.py:137} INFO - [2023-03-12T10:14:23.634+0000] {dag.py:2690} INFO - Sync 1 DAGs
[2023-03-12T10:14:23.657+0000] {logging_mixin.py:137} INFO - [2023-03-12T10:14:23.657+0000] {dag.py:3441} INFO - Setting next_dagrun for example_nested_branch_dag to 2023-03-11T00:00:00+00:00, run_after=2023-03-12T00:00:00+00:00
[2023-03-12T10:14:23.674+0000] {processor.py:175} INFO - Processing /home/airflow/.local/lib/python3.7/site-packages/airflow/example_dags/example_nested_branch_dag.py took 0.109 seconds
[2023-03-12T10:14:53.845+0000] {processor.py:153} INFO - Started process (PID=1010) to work on /home/airflow/.local/lib/python3.7/site-packages/airflow/example_dags/example_nested_branch_dag.py
[2023-03-12T10:14:53.847+0000] {processor.py:743} INFO - Processing file /home/airflow/.local/lib/python3.7/site-packages/airflow/example_dags/example_nested_branch_dag.py for tasks to queue
[2023-03-12T10:14:53.848+0000] {logging_mixin.py:137} INFO - [2023-03-12T10:14:53.848+0000] {dagbag.py:538} INFO - Filling up the DagBag from /home/airflow/.local/lib/python3.7/site-packages/airflow/example_dags/example_nested_branch_dag.py
[2023-03-12T10:14:53.870+0000] {processor.py:753} INFO - DAG(s) dict_keys(['example_nested_branch_dag']) retrieved from /home/airflow/.local/lib/python3.7/site-packages/airflow/example_dags/example_nested_branch_dag.py
[2023-03-12T10:14:53.893+0000] {logging_mixin.py:137} INFO - [2023-03-12T10:14:53.893+0000] {dag.py:2690} INFO - Sync 1 DAGs
[2023-03-12T10:14:53.910+0000] {logging_mixin.py:137} INFO - [2023-03-12T10:14:53.910+0000] {dag.py:3441} INFO - Setting next_dagrun for example_nested_branch_dag to 2023-03-11T00:00:00+00:00, run_after=2023-03-12T00:00:00+00:00
[2023-03-12T10:14:53.923+0000] {processor.py:175} INFO - Processing /home/airflow/.local/lib/python3.7/site-packages/airflow/example_dags/example_nested_branch_dag.py took 0.082 seconds
[2023-03-12T10:15:24.162+0000] {processor.py:153} INFO - Started process (PID=1088) to work on /home/airflow/.local/lib/python3.7/site-packages/airflow/example_dags/example_nested_branch_dag.py
[2023-03-12T10:15:24.163+0000] {processor.py:743} INFO - Processing file /home/airflow/.local/lib/python3.7/site-packages/airflow/example_dags/example_nested_branch_dag.py for tasks to queue
[2023-03-12T10:15:24.165+0000] {logging_mixin.py:137} INFO - [2023-03-12T10:15:24.165+0000] {dagbag.py:538} INFO - Filling up the DagBag from /home/airflow/.local/lib/python3.7/site-packages/airflow/example_dags/example_nested_branch_dag.py
[2023-03-12T10:15:24.188+0000] {processor.py:753} INFO - DAG(s) dict_keys(['example_nested_branch_dag']) retrieved from /home/airflow/.local/lib/python3.7/site-packages/airflow/example_dags/example_nested_branch_dag.py
[2023-03-12T10:15:24.215+0000] {logging_mixin.py:137} INFO - [2023-03-12T10:15:24.215+0000] {dag.py:2690} INFO - Sync 1 DAGs
[2023-03-12T10:15:24.233+0000] {logging_mixin.py:137} INFO - [2023-03-12T10:15:24.233+0000] {dag.py:3441} INFO - Setting next_dagrun for example_nested_branch_dag to 2023-03-11T00:00:00+00:00, run_after=2023-03-12T00:00:00+00:00
[2023-03-12T10:15:24.249+0000] {processor.py:175} INFO - Processing /home/airflow/.local/lib/python3.7/site-packages/airflow/example_dags/example_nested_branch_dag.py took 0.092 seconds
[2023-03-12T10:15:54.498+0000] {processor.py:153} INFO - Started process (PID=1151) to work on /home/airflow/.local/lib/python3.7/site-packages/airflow/example_dags/example_nested_branch_dag.py
[2023-03-12T10:15:54.501+0000] {processor.py:743} INFO - Processing file /home/airflow/.local/lib/python3.7/site-packages/airflow/example_dags/example_nested_branch_dag.py for tasks to queue
[2023-03-12T10:15:54.502+0000] {logging_mixin.py:137} INFO - [2023-03-12T10:15:54.502+0000] {dagbag.py:538} INFO - Filling up the DagBag from /home/airflow/.local/lib/python3.7/site-packages/airflow/example_dags/example_nested_branch_dag.py
[2023-03-12T10:15:54.523+0000] {processor.py:753} INFO - DAG(s) dict_keys(['example_nested_branch_dag']) retrieved from /home/airflow/.local/lib/python3.7/site-packages/airflow/example_dags/example_nested_branch_dag.py
[2023-03-12T10:15:54.552+0000] {logging_mixin.py:137} INFO - [2023-03-12T10:15:54.552+0000] {dag.py:2690} INFO - Sync 1 DAGs
[2023-03-12T10:15:54.572+0000] {logging_mixin.py:137} INFO - [2023-03-12T10:15:54.572+0000] {dag.py:3441} INFO - Setting next_dagrun for example_nested_branch_dag to 2023-03-11T00:00:00+00:00, run_after=2023-03-12T00:00:00+00:00
[2023-03-12T10:15:54.590+0000] {processor.py:175} INFO - Processing /home/airflow/.local/lib/python3.7/site-packages/airflow/example_dags/example_nested_branch_dag.py took 0.096 seconds
[2023-03-12T10:16:24.654+0000] {processor.py:153} INFO - Started process (PID=1228) to work on /home/airflow/.local/lib/python3.7/site-packages/airflow/example_dags/example_nested_branch_dag.py
[2023-03-12T10:16:24.662+0000] {processor.py:743} INFO - Processing file /home/airflow/.local/lib/python3.7/site-packages/airflow/example_dags/example_nested_branch_dag.py for tasks to queue
[2023-03-12T10:16:24.664+0000] {logging_mixin.py:137} INFO - [2023-03-12T10:16:24.663+0000] {dagbag.py:538} INFO - Filling up the DagBag from /home/airflow/.local/lib/python3.7/site-packages/airflow/example_dags/example_nested_branch_dag.py
[2023-03-12T10:16:24.705+0000] {processor.py:753} INFO - DAG(s) dict_keys(['example_nested_branch_dag']) retrieved from /home/airflow/.local/lib/python3.7/site-packages/airflow/example_dags/example_nested_branch_dag.py
[2023-03-12T10:16:24.741+0000] {logging_mixin.py:137} INFO - [2023-03-12T10:16:24.740+0000] {dag.py:2690} INFO - Sync 1 DAGs
[2023-03-12T10:16:24.767+0000] {logging_mixin.py:137} INFO - [2023-03-12T10:16:24.767+0000] {dag.py:3441} INFO - Setting next_dagrun for example_nested_branch_dag to 2023-03-11T00:00:00+00:00, run_after=2023-03-12T00:00:00+00:00
[2023-03-12T10:16:24.790+0000] {processor.py:175} INFO - Processing /home/airflow/.local/lib/python3.7/site-packages/airflow/example_dags/example_nested_branch_dag.py took 0.140 seconds
[2023-03-12T10:16:54.933+0000] {processor.py:153} INFO - Started process (PID=1306) to work on /home/airflow/.local/lib/python3.7/site-packages/airflow/example_dags/example_nested_branch_dag.py
[2023-03-12T10:16:54.935+0000] {processor.py:743} INFO - Processing file /home/airflow/.local/lib/python3.7/site-packages/airflow/example_dags/example_nested_branch_dag.py for tasks to queue
[2023-03-12T10:16:54.938+0000] {logging_mixin.py:137} INFO - [2023-03-12T10:16:54.937+0000] {dagbag.py:538} INFO - Filling up the DagBag from /home/airflow/.local/lib/python3.7/site-packages/airflow/example_dags/example_nested_branch_dag.py
[2023-03-12T10:16:54.963+0000] {processor.py:753} INFO - DAG(s) dict_keys(['example_nested_branch_dag']) retrieved from /home/airflow/.local/lib/python3.7/site-packages/airflow/example_dags/example_nested_branch_dag.py
[2023-03-12T10:16:54.996+0000] {logging_mixin.py:137} INFO - [2023-03-12T10:16:54.996+0000] {dag.py:2690} INFO - Sync 1 DAGs
[2023-03-12T10:16:55.020+0000] {logging_mixin.py:137} INFO - [2023-03-12T10:16:55.020+0000] {dag.py:3441} INFO - Setting next_dagrun for example_nested_branch_dag to 2023-03-11T00:00:00+00:00, run_after=2023-03-12T00:00:00+00:00
[2023-03-12T10:16:55.042+0000] {processor.py:175} INFO - Processing /home/airflow/.local/lib/python3.7/site-packages/airflow/example_dags/example_nested_branch_dag.py took 0.114 seconds
[2023-03-12T10:17:25.926+0000] {processor.py:153} INFO - Started process (PID=1371) to work on /home/airflow/.local/lib/python3.7/site-packages/airflow/example_dags/example_nested_branch_dag.py
[2023-03-12T10:17:25.928+0000] {processor.py:743} INFO - Processing file /home/airflow/.local/lib/python3.7/site-packages/airflow/example_dags/example_nested_branch_dag.py for tasks to queue
[2023-03-12T10:17:25.930+0000] {logging_mixin.py:137} INFO - [2023-03-12T10:17:25.930+0000] {dagbag.py:538} INFO - Filling up the DagBag from /home/airflow/.local/lib/python3.7/site-packages/airflow/example_dags/example_nested_branch_dag.py
[2023-03-12T10:17:25.952+0000] {processor.py:753} INFO - DAG(s) dict_keys(['example_nested_branch_dag']) retrieved from /home/airflow/.local/lib/python3.7/site-packages/airflow/example_dags/example_nested_branch_dag.py
[2023-03-12T10:17:25.981+0000] {logging_mixin.py:137} INFO - [2023-03-12T10:17:25.981+0000] {dag.py:2690} INFO - Sync 1 DAGs
[2023-03-12T10:17:26.004+0000] {logging_mixin.py:137} INFO - [2023-03-12T10:17:26.004+0000] {dag.py:3441} INFO - Setting next_dagrun for example_nested_branch_dag to 2023-03-11T00:00:00+00:00, run_after=2023-03-12T00:00:00+00:00
[2023-03-12T10:17:26.021+0000] {processor.py:175} INFO - Processing /home/airflow/.local/lib/python3.7/site-packages/airflow/example_dags/example_nested_branch_dag.py took 0.099 seconds
[2023-03-12T10:17:56.914+0000] {processor.py:153} INFO - Started process (PID=1448) to work on /home/airflow/.local/lib/python3.7/site-packages/airflow/example_dags/example_nested_branch_dag.py
[2023-03-12T10:17:56.917+0000] {processor.py:743} INFO - Processing file /home/airflow/.local/lib/python3.7/site-packages/airflow/example_dags/example_nested_branch_dag.py for tasks to queue
[2023-03-12T10:17:56.919+0000] {logging_mixin.py:137} INFO - [2023-03-12T10:17:56.918+0000] {dagbag.py:538} INFO - Filling up the DagBag from /home/airflow/.local/lib/python3.7/site-packages/airflow/example_dags/example_nested_branch_dag.py
[2023-03-12T10:17:56.939+0000] {processor.py:753} INFO - DAG(s) dict_keys(['example_nested_branch_dag']) retrieved from /home/airflow/.local/lib/python3.7/site-packages/airflow/example_dags/example_nested_branch_dag.py
[2023-03-12T10:17:56.966+0000] {logging_mixin.py:137} INFO - [2023-03-12T10:17:56.965+0000] {dag.py:2690} INFO - Sync 1 DAGs
[2023-03-12T10:17:56.986+0000] {logging_mixin.py:137} INFO - [2023-03-12T10:17:56.986+0000] {dag.py:3441} INFO - Setting next_dagrun for example_nested_branch_dag to 2023-03-11T00:00:00+00:00, run_after=2023-03-12T00:00:00+00:00
[2023-03-12T10:17:57.003+0000] {processor.py:175} INFO - Processing /home/airflow/.local/lib/python3.7/site-packages/airflow/example_dags/example_nested_branch_dag.py took 0.093 seconds
[2023-03-12T10:18:27.295+0000] {processor.py:153} INFO - Started process (PID=1526) to work on /home/airflow/.local/lib/python3.7/site-packages/airflow/example_dags/example_nested_branch_dag.py
[2023-03-12T10:18:27.298+0000] {processor.py:743} INFO - Processing file /home/airflow/.local/lib/python3.7/site-packages/airflow/example_dags/example_nested_branch_dag.py for tasks to queue
[2023-03-12T10:18:27.302+0000] {logging_mixin.py:137} INFO - [2023-03-12T10:18:27.301+0000] {dagbag.py:538} INFO - Filling up the DagBag from /home/airflow/.local/lib/python3.7/site-packages/airflow/example_dags/example_nested_branch_dag.py
[2023-03-12T10:18:27.332+0000] {processor.py:753} INFO - DAG(s) dict_keys(['example_nested_branch_dag']) retrieved from /home/airflow/.local/lib/python3.7/site-packages/airflow/example_dags/example_nested_branch_dag.py
[2023-03-12T10:18:27.372+0000] {logging_mixin.py:137} INFO - [2023-03-12T10:18:27.372+0000] {dag.py:2690} INFO - Sync 1 DAGs
[2023-03-12T10:18:27.401+0000] {logging_mixin.py:137} INFO - [2023-03-12T10:18:27.401+0000] {dag.py:3441} INFO - Setting next_dagrun for example_nested_branch_dag to 2023-03-11T00:00:00+00:00, run_after=2023-03-12T00:00:00+00:00
[2023-03-12T10:18:27.426+0000] {processor.py:175} INFO - Processing /home/airflow/.local/lib/python3.7/site-packages/airflow/example_dags/example_nested_branch_dag.py took 0.136 seconds
[2023-03-12T10:18:57.485+0000] {processor.py:153} INFO - Started process (PID=1591) to work on /home/airflow/.local/lib/python3.7/site-packages/airflow/example_dags/example_nested_branch_dag.py
[2023-03-12T10:18:57.487+0000] {processor.py:743} INFO - Processing file /home/airflow/.local/lib/python3.7/site-packages/airflow/example_dags/example_nested_branch_dag.py for tasks to queue
[2023-03-12T10:18:57.488+0000] {logging_mixin.py:137} INFO - [2023-03-12T10:18:57.488+0000] {dagbag.py:538} INFO - Filling up the DagBag from /home/airflow/.local/lib/python3.7/site-packages/airflow/example_dags/example_nested_branch_dag.py
[2023-03-12T10:18:57.509+0000] {processor.py:753} INFO - DAG(s) dict_keys(['example_nested_branch_dag']) retrieved from /home/airflow/.local/lib/python3.7/site-packages/airflow/example_dags/example_nested_branch_dag.py
[2023-03-12T10:18:57.536+0000] {logging_mixin.py:137} INFO - [2023-03-12T10:18:57.536+0000] {dag.py:2690} INFO - Sync 1 DAGs
[2023-03-12T10:18:57.558+0000] {logging_mixin.py:137} INFO - [2023-03-12T10:18:57.557+0000] {dag.py:3441} INFO - Setting next_dagrun for example_nested_branch_dag to 2023-03-11T00:00:00+00:00, run_after=2023-03-12T00:00:00+00:00
[2023-03-12T10:18:57.572+0000] {processor.py:175} INFO - Processing /home/airflow/.local/lib/python3.7/site-packages/airflow/example_dags/example_nested_branch_dag.py took 0.090 seconds
[2023-03-12T10:19:28.249+0000] {processor.py:153} INFO - Started process (PID=1669) to work on /home/airflow/.local/lib/python3.7/site-packages/airflow/example_dags/example_nested_branch_dag.py
[2023-03-12T10:19:28.251+0000] {processor.py:743} INFO - Processing file /home/airflow/.local/lib/python3.7/site-packages/airflow/example_dags/example_nested_branch_dag.py for tasks to queue
[2023-03-12T10:19:28.253+0000] {logging_mixin.py:137} INFO - [2023-03-12T10:19:28.253+0000] {dagbag.py:538} INFO - Filling up the DagBag from /home/airflow/.local/lib/python3.7/site-packages/airflow/example_dags/example_nested_branch_dag.py
[2023-03-12T10:19:28.273+0000] {processor.py:753} INFO - DAG(s) dict_keys(['example_nested_branch_dag']) retrieved from /home/airflow/.local/lib/python3.7/site-packages/airflow/example_dags/example_nested_branch_dag.py
[2023-03-12T10:19:28.296+0000] {logging_mixin.py:137} INFO - [2023-03-12T10:19:28.296+0000] {dag.py:2690} INFO - Sync 1 DAGs
[2023-03-12T10:19:28.314+0000] {logging_mixin.py:137} INFO - [2023-03-12T10:19:28.314+0000] {dag.py:3441} INFO - Setting next_dagrun for example_nested_branch_dag to 2023-03-11T00:00:00+00:00, run_after=2023-03-12T00:00:00+00:00
[2023-03-12T10:19:28.330+0000] {processor.py:175} INFO - Processing /home/airflow/.local/lib/python3.7/site-packages/airflow/example_dags/example_nested_branch_dag.py took 0.084 seconds
[2023-03-12T10:19:59.630+0000] {processor.py:153} INFO - Started process (PID=1734) to work on /home/airflow/.local/lib/python3.7/site-packages/airflow/example_dags/example_nested_branch_dag.py
[2023-03-12T10:19:59.636+0000] {processor.py:743} INFO - Processing file /home/airflow/.local/lib/python3.7/site-packages/airflow/example_dags/example_nested_branch_dag.py for tasks to queue
[2023-03-12T10:19:59.643+0000] {logging_mixin.py:137} INFO - [2023-03-12T10:19:59.643+0000] {dagbag.py:538} INFO - Filling up the DagBag from /home/airflow/.local/lib/python3.7/site-packages/airflow/example_dags/example_nested_branch_dag.py
[2023-03-12T10:19:59.682+0000] {processor.py:753} INFO - DAG(s) dict_keys(['example_nested_branch_dag']) retrieved from /home/airflow/.local/lib/python3.7/site-packages/airflow/example_dags/example_nested_branch_dag.py
[2023-03-12T10:19:59.730+0000] {logging_mixin.py:137} INFO - [2023-03-12T10:19:59.729+0000] {dag.py:2690} INFO - Sync 1 DAGs
[2023-03-12T10:19:59.790+0000] {logging_mixin.py:137} INFO - [2023-03-12T10:19:59.790+0000] {dag.py:3441} INFO - Setting next_dagrun for example_nested_branch_dag to 2023-03-11T00:00:00+00:00, run_after=2023-03-12T00:00:00+00:00
[2023-03-12T10:19:59.817+0000] {processor.py:175} INFO - Processing /home/airflow/.local/lib/python3.7/site-packages/airflow/example_dags/example_nested_branch_dag.py took 0.194 seconds
[2023-03-12T10:20:29.872+0000] {processor.py:153} INFO - Started process (PID=1813) to work on /home/airflow/.local/lib/python3.7/site-packages/airflow/example_dags/example_nested_branch_dag.py
[2023-03-12T10:20:29.874+0000] {processor.py:743} INFO - Processing file /home/airflow/.local/lib/python3.7/site-packages/airflow/example_dags/example_nested_branch_dag.py for tasks to queue
[2023-03-12T10:20:29.875+0000] {logging_mixin.py:137} INFO - [2023-03-12T10:20:29.875+0000] {dagbag.py:538} INFO - Filling up the DagBag from /home/airflow/.local/lib/python3.7/site-packages/airflow/example_dags/example_nested_branch_dag.py
[2023-03-12T10:20:29.894+0000] {processor.py:753} INFO - DAG(s) dict_keys(['example_nested_branch_dag']) retrieved from /home/airflow/.local/lib/python3.7/site-packages/airflow/example_dags/example_nested_branch_dag.py
[2023-03-12T10:20:29.921+0000] {logging_mixin.py:137} INFO - [2023-03-12T10:20:29.921+0000] {dag.py:2690} INFO - Sync 1 DAGs
[2023-03-12T10:20:29.941+0000] {logging_mixin.py:137} INFO - [2023-03-12T10:20:29.941+0000] {dag.py:3441} INFO - Setting next_dagrun for example_nested_branch_dag to 2023-03-11T00:00:00+00:00, run_after=2023-03-12T00:00:00+00:00
[2023-03-12T10:20:29.955+0000] {processor.py:175} INFO - Processing /home/airflow/.local/lib/python3.7/site-packages/airflow/example_dags/example_nested_branch_dag.py took 0.088 seconds
[2023-03-12T10:21:00.528+0000] {processor.py:153} INFO - Started process (PID=1892) to work on /home/airflow/.local/lib/python3.7/site-packages/airflow/example_dags/example_nested_branch_dag.py
[2023-03-12T10:21:00.531+0000] {processor.py:743} INFO - Processing file /home/airflow/.local/lib/python3.7/site-packages/airflow/example_dags/example_nested_branch_dag.py for tasks to queue
[2023-03-12T10:21:00.533+0000] {logging_mixin.py:137} INFO - [2023-03-12T10:21:00.533+0000] {dagbag.py:538} INFO - Filling up the DagBag from /home/airflow/.local/lib/python3.7/site-packages/airflow/example_dags/example_nested_branch_dag.py
[2023-03-12T10:21:00.559+0000] {processor.py:753} INFO - DAG(s) dict_keys(['example_nested_branch_dag']) retrieved from /home/airflow/.local/lib/python3.7/site-packages/airflow/example_dags/example_nested_branch_dag.py
[2023-03-12T10:21:00.591+0000] {logging_mixin.py:137} INFO - [2023-03-12T10:21:00.591+0000] {dag.py:2690} INFO - Sync 1 DAGs
[2023-03-12T10:21:00.617+0000] {logging_mixin.py:137} INFO - [2023-03-12T10:21:00.617+0000] {dag.py:3441} INFO - Setting next_dagrun for example_nested_branch_dag to 2023-03-11T00:00:00+00:00, run_after=2023-03-12T00:00:00+00:00
[2023-03-12T10:21:00.633+0000] {processor.py:175} INFO - Processing /home/airflow/.local/lib/python3.7/site-packages/airflow/example_dags/example_nested_branch_dag.py took 0.110 seconds
[2023-03-12T10:21:30.740+0000] {processor.py:153} INFO - Started process (PID=1957) to work on /home/airflow/.local/lib/python3.7/site-packages/airflow/example_dags/example_nested_branch_dag.py
[2023-03-12T10:21:30.743+0000] {processor.py:743} INFO - Processing file /home/airflow/.local/lib/python3.7/site-packages/airflow/example_dags/example_nested_branch_dag.py for tasks to queue
[2023-03-12T10:21:30.744+0000] {logging_mixin.py:137} INFO - [2023-03-12T10:21:30.744+0000] {dagbag.py:538} INFO - Filling up the DagBag from /home/airflow/.local/lib/python3.7/site-packages/airflow/example_dags/example_nested_branch_dag.py
[2023-03-12T10:21:30.762+0000] {processor.py:753} INFO - DAG(s) dict_keys(['example_nested_branch_dag']) retrieved from /home/airflow/.local/lib/python3.7/site-packages/airflow/example_dags/example_nested_branch_dag.py
[2023-03-12T10:21:30.787+0000] {logging_mixin.py:137} INFO - [2023-03-12T10:21:30.787+0000] {dag.py:2690} INFO - Sync 1 DAGs
[2023-03-12T10:21:30.806+0000] {logging_mixin.py:137} INFO - [2023-03-12T10:21:30.806+0000] {dag.py:3441} INFO - Setting next_dagrun for example_nested_branch_dag to 2023-03-11T00:00:00+00:00, run_after=2023-03-12T00:00:00+00:00
[2023-03-12T10:21:30.821+0000] {processor.py:175} INFO - Processing /home/airflow/.local/lib/python3.7/site-packages/airflow/example_dags/example_nested_branch_dag.py took 0.085 seconds
[2023-03-12T10:22:01.144+0000] {processor.py:153} INFO - Started process (PID=2035) to work on /home/airflow/.local/lib/python3.7/site-packages/airflow/example_dags/example_nested_branch_dag.py
[2023-03-12T10:22:01.146+0000] {processor.py:743} INFO - Processing file /home/airflow/.local/lib/python3.7/site-packages/airflow/example_dags/example_nested_branch_dag.py for tasks to queue
[2023-03-12T10:22:01.148+0000] {logging_mixin.py:137} INFO - [2023-03-12T10:22:01.148+0000] {dagbag.py:538} INFO - Filling up the DagBag from /home/airflow/.local/lib/python3.7/site-packages/airflow/example_dags/example_nested_branch_dag.py
[2023-03-12T10:22:01.165+0000] {processor.py:753} INFO - DAG(s) dict_keys(['example_nested_branch_dag']) retrieved from /home/airflow/.local/lib/python3.7/site-packages/airflow/example_dags/example_nested_branch_dag.py
[2023-03-12T10:22:01.189+0000] {logging_mixin.py:137} INFO - [2023-03-12T10:22:01.189+0000] {dag.py:2690} INFO - Sync 1 DAGs
[2023-03-12T10:22:01.206+0000] {logging_mixin.py:137} INFO - [2023-03-12T10:22:01.206+0000] {dag.py:3441} INFO - Setting next_dagrun for example_nested_branch_dag to 2023-03-11T00:00:00+00:00, run_after=2023-03-12T00:00:00+00:00
[2023-03-12T10:22:01.219+0000] {processor.py:175} INFO - Processing /home/airflow/.local/lib/python3.7/site-packages/airflow/example_dags/example_nested_branch_dag.py took 0.078 seconds
