[2023-03-12T10:08:14.814+0000] {processor.py:153} INFO - Started process (PID=48) to work on /home/airflow/.local/lib/python3.7/site-packages/airflow/example_dags/example_short_circuit_operator.py
[2023-03-12T10:08:14.817+0000] {processor.py:743} INFO - Processing file /home/airflow/.local/lib/python3.7/site-packages/airflow/example_dags/example_short_circuit_operator.py for tasks to queue
[2023-03-12T10:08:14.819+0000] {logging_mixin.py:137} INFO - [2023-03-12T10:08:14.819+0000] {dagbag.py:538} INFO - Filling up the DagBag from /home/airflow/.local/lib/python3.7/site-packages/airflow/example_dags/example_short_circuit_operator.py
[2023-03-12T10:08:14.841+0000] {processor.py:753} INFO - DAG(s) dict_keys(['example_short_circuit_operator']) retrieved from /home/airflow/.local/lib/python3.7/site-packages/airflow/example_dags/example_short_circuit_operator.py
[2023-03-12T10:08:14.861+0000] {logging_mixin.py:137} INFO - [2023-03-12T10:08:14.861+0000] {dag.py:2690} INFO - Sync 1 DAGs
[2023-03-12T10:08:14.912+0000] {logging_mixin.py:137} INFO - [2023-03-12T10:08:14.911+0000] {dag.py:3441} INFO - Setting next_dagrun for example_short_circuit_operator to 2023-03-11T10:08:14.910086+00:00, run_after=2023-03-12T10:08:14.910086+00:00
[2023-03-12T10:08:14.935+0000] {processor.py:175} INFO - Processing /home/airflow/.local/lib/python3.7/site-packages/airflow/example_dags/example_short_circuit_operator.py took 0.124 seconds
[2023-03-12T10:08:45.697+0000] {processor.py:153} INFO - Started process (PID=125) to work on /home/airflow/.local/lib/python3.7/site-packages/airflow/example_dags/example_short_circuit_operator.py
[2023-03-12T10:08:45.699+0000] {processor.py:743} INFO - Processing file /home/airflow/.local/lib/python3.7/site-packages/airflow/example_dags/example_short_circuit_operator.py for tasks to queue
[2023-03-12T10:08:45.701+0000] {logging_mixin.py:137} INFO - [2023-03-12T10:08:45.701+0000] {dagbag.py:538} INFO - Filling up the DagBag from /home/airflow/.local/lib/python3.7/site-packages/airflow/example_dags/example_short_circuit_operator.py
[2023-03-12T10:08:45.718+0000] {processor.py:753} INFO - DAG(s) dict_keys(['example_short_circuit_operator']) retrieved from /home/airflow/.local/lib/python3.7/site-packages/airflow/example_dags/example_short_circuit_operator.py
[2023-03-12T10:08:45.745+0000] {logging_mixin.py:137} INFO - [2023-03-12T10:08:45.745+0000] {dag.py:2690} INFO - Sync 1 DAGs
[2023-03-12T10:08:45.763+0000] {logging_mixin.py:137} INFO - [2023-03-12T10:08:45.763+0000] {dag.py:3441} INFO - Setting next_dagrun for example_short_circuit_operator to 2023-03-11T10:08:45.763445+00:00, run_after=2023-03-12T10:08:45.763445+00:00
[2023-03-12T10:08:45.778+0000] {processor.py:175} INFO - Processing /home/airflow/.local/lib/python3.7/site-packages/airflow/example_dags/example_short_circuit_operator.py took 0.084 seconds
[2023-03-12T10:09:16.912+0000] {processor.py:153} INFO - Started process (PID=189) to work on /home/airflow/.local/lib/python3.7/site-packages/airflow/example_dags/example_short_circuit_operator.py
[2023-03-12T10:09:16.915+0000] {processor.py:743} INFO - Processing file /home/airflow/.local/lib/python3.7/site-packages/airflow/example_dags/example_short_circuit_operator.py for tasks to queue
[2023-03-12T10:09:16.918+0000] {logging_mixin.py:137} INFO - [2023-03-12T10:09:16.917+0000] {dagbag.py:538} INFO - Filling up the DagBag from /home/airflow/.local/lib/python3.7/site-packages/airflow/example_dags/example_short_circuit_operator.py
[2023-03-12T10:09:16.941+0000] {processor.py:753} INFO - DAG(s) dict_keys(['example_short_circuit_operator']) retrieved from /home/airflow/.local/lib/python3.7/site-packages/airflow/example_dags/example_short_circuit_operator.py
[2023-03-12T10:09:16.985+0000] {logging_mixin.py:137} INFO - [2023-03-12T10:09:16.984+0000] {dag.py:2690} INFO - Sync 1 DAGs
[2023-03-12T10:09:17.016+0000] {logging_mixin.py:137} INFO - [2023-03-12T10:09:17.016+0000] {dag.py:3441} INFO - Setting next_dagrun for example_short_circuit_operator to 2023-03-11T10:09:17.016368+00:00, run_after=2023-03-12T10:09:17.016368+00:00
[2023-03-12T10:09:17.040+0000] {processor.py:175} INFO - Processing /home/airflow/.local/lib/python3.7/site-packages/airflow/example_dags/example_short_circuit_operator.py took 0.134 seconds
[2023-03-12T10:09:47.105+0000] {processor.py:153} INFO - Started process (PID=267) to work on /home/airflow/.local/lib/python3.7/site-packages/airflow/example_dags/example_short_circuit_operator.py
[2023-03-12T10:09:47.108+0000] {processor.py:743} INFO - Processing file /home/airflow/.local/lib/python3.7/site-packages/airflow/example_dags/example_short_circuit_operator.py for tasks to queue
[2023-03-12T10:09:47.110+0000] {logging_mixin.py:137} INFO - [2023-03-12T10:09:47.110+0000] {dagbag.py:538} INFO - Filling up the DagBag from /home/airflow/.local/lib/python3.7/site-packages/airflow/example_dags/example_short_circuit_operator.py
[2023-03-12T10:09:47.123+0000] {processor.py:753} INFO - DAG(s) dict_keys(['example_short_circuit_operator']) retrieved from /home/airflow/.local/lib/python3.7/site-packages/airflow/example_dags/example_short_circuit_operator.py
[2023-03-12T10:09:47.148+0000] {logging_mixin.py:137} INFO - [2023-03-12T10:09:47.148+0000] {dag.py:2690} INFO - Sync 1 DAGs
[2023-03-12T10:09:47.166+0000] {logging_mixin.py:137} INFO - [2023-03-12T10:09:47.166+0000] {dag.py:3441} INFO - Setting next_dagrun for example_short_circuit_operator to 2023-03-11T10:09:47.166510+00:00, run_after=2023-03-12T10:09:47.166510+00:00
[2023-03-12T10:09:47.182+0000] {processor.py:175} INFO - Processing /home/airflow/.local/lib/python3.7/site-packages/airflow/example_dags/example_short_circuit_operator.py took 0.080 seconds
[2023-03-12T10:10:17.932+0000] {processor.py:153} INFO - Started process (PID=344) to work on /home/airflow/.local/lib/python3.7/site-packages/airflow/example_dags/example_short_circuit_operator.py
[2023-03-12T10:10:17.934+0000] {processor.py:743} INFO - Processing file /home/airflow/.local/lib/python3.7/site-packages/airflow/example_dags/example_short_circuit_operator.py for tasks to queue
[2023-03-12T10:10:17.936+0000] {logging_mixin.py:137} INFO - [2023-03-12T10:10:17.936+0000] {dagbag.py:538} INFO - Filling up the DagBag from /home/airflow/.local/lib/python3.7/site-packages/airflow/example_dags/example_short_circuit_operator.py
[2023-03-12T10:10:17.955+0000] {processor.py:753} INFO - DAG(s) dict_keys(['example_short_circuit_operator']) retrieved from /home/airflow/.local/lib/python3.7/site-packages/airflow/example_dags/example_short_circuit_operator.py
[2023-03-12T10:10:18.008+0000] {logging_mixin.py:137} INFO - [2023-03-12T10:10:18.008+0000] {dag.py:2690} INFO - Sync 1 DAGs
[2023-03-12T10:10:18.031+0000] {logging_mixin.py:137} INFO - [2023-03-12T10:10:18.031+0000] {dag.py:3441} INFO - Setting next_dagrun for example_short_circuit_operator to 2023-03-11T10:10:18.030874+00:00, run_after=2023-03-12T10:10:18.030874+00:00
[2023-03-12T10:10:18.047+0000] {processor.py:175} INFO - Processing /home/airflow/.local/lib/python3.7/site-packages/airflow/example_dags/example_short_circuit_operator.py took 0.120 seconds
[2023-03-12T10:10:48.152+0000] {processor.py:153} INFO - Started process (PID=409) to work on /home/airflow/.local/lib/python3.7/site-packages/airflow/example_dags/example_short_circuit_operator.py
[2023-03-12T10:10:48.154+0000] {processor.py:743} INFO - Processing file /home/airflow/.local/lib/python3.7/site-packages/airflow/example_dags/example_short_circuit_operator.py for tasks to queue
[2023-03-12T10:10:48.156+0000] {logging_mixin.py:137} INFO - [2023-03-12T10:10:48.156+0000] {dagbag.py:538} INFO - Filling up the DagBag from /home/airflow/.local/lib/python3.7/site-packages/airflow/example_dags/example_short_circuit_operator.py
[2023-03-12T10:10:48.171+0000] {processor.py:753} INFO - DAG(s) dict_keys(['example_short_circuit_operator']) retrieved from /home/airflow/.local/lib/python3.7/site-packages/airflow/example_dags/example_short_circuit_operator.py
[2023-03-12T10:10:48.203+0000] {logging_mixin.py:137} INFO - [2023-03-12T10:10:48.203+0000] {dag.py:2690} INFO - Sync 1 DAGs
[2023-03-12T10:10:48.235+0000] {logging_mixin.py:137} INFO - [2023-03-12T10:10:48.235+0000] {dag.py:3441} INFO - Setting next_dagrun for example_short_circuit_operator to 2023-03-11T10:10:48.234546+00:00, run_after=2023-03-12T10:10:48.234546+00:00
[2023-03-12T10:10:48.261+0000] {processor.py:175} INFO - Processing /home/airflow/.local/lib/python3.7/site-packages/airflow/example_dags/example_short_circuit_operator.py took 0.114 seconds
[2023-03-12T10:11:18.330+0000] {processor.py:153} INFO - Started process (PID=486) to work on /home/airflow/.local/lib/python3.7/site-packages/airflow/example_dags/example_short_circuit_operator.py
[2023-03-12T10:11:18.332+0000] {processor.py:743} INFO - Processing file /home/airflow/.local/lib/python3.7/site-packages/airflow/example_dags/example_short_circuit_operator.py for tasks to queue
[2023-03-12T10:11:18.335+0000] {logging_mixin.py:137} INFO - [2023-03-12T10:11:18.335+0000] {dagbag.py:538} INFO - Filling up the DagBag from /home/airflow/.local/lib/python3.7/site-packages/airflow/example_dags/example_short_circuit_operator.py
[2023-03-12T10:11:18.347+0000] {processor.py:753} INFO - DAG(s) dict_keys(['example_short_circuit_operator']) retrieved from /home/airflow/.local/lib/python3.7/site-packages/airflow/example_dags/example_short_circuit_operator.py
[2023-03-12T10:11:18.372+0000] {logging_mixin.py:137} INFO - [2023-03-12T10:11:18.371+0000] {dag.py:2690} INFO - Sync 1 DAGs
[2023-03-12T10:11:18.393+0000] {logging_mixin.py:137} INFO - [2023-03-12T10:11:18.393+0000] {dag.py:3441} INFO - Setting next_dagrun for example_short_circuit_operator to 2023-03-11T10:11:18.393494+00:00, run_after=2023-03-12T10:11:18.393494+00:00
[2023-03-12T10:11:18.409+0000] {processor.py:175} INFO - Processing /home/airflow/.local/lib/python3.7/site-packages/airflow/example_dags/example_short_circuit_operator.py took 0.082 seconds
[2023-03-12T10:11:48.567+0000] {processor.py:153} INFO - Started process (PID=562) to work on /home/airflow/.local/lib/python3.7/site-packages/airflow/example_dags/example_short_circuit_operator.py
[2023-03-12T10:11:48.569+0000] {processor.py:743} INFO - Processing file /home/airflow/.local/lib/python3.7/site-packages/airflow/example_dags/example_short_circuit_operator.py for tasks to queue
[2023-03-12T10:11:48.571+0000] {logging_mixin.py:137} INFO - [2023-03-12T10:11:48.571+0000] {dagbag.py:538} INFO - Filling up the DagBag from /home/airflow/.local/lib/python3.7/site-packages/airflow/example_dags/example_short_circuit_operator.py
[2023-03-12T10:11:48.584+0000] {processor.py:753} INFO - DAG(s) dict_keys(['example_short_circuit_operator']) retrieved from /home/airflow/.local/lib/python3.7/site-packages/airflow/example_dags/example_short_circuit_operator.py
[2023-03-12T10:11:48.610+0000] {logging_mixin.py:137} INFO - [2023-03-12T10:11:48.610+0000] {dag.py:2690} INFO - Sync 1 DAGs
[2023-03-12T10:11:48.638+0000] {logging_mixin.py:137} INFO - [2023-03-12T10:11:48.638+0000] {dag.py:3441} INFO - Setting next_dagrun for example_short_circuit_operator to 2023-03-11T10:11:48.638048+00:00, run_after=2023-03-12T10:11:48.638048+00:00
[2023-03-12T10:11:48.655+0000] {processor.py:175} INFO - Processing /home/airflow/.local/lib/python3.7/site-packages/airflow/example_dags/example_short_circuit_operator.py took 0.090 seconds
[2023-03-12T10:12:18.734+0000] {processor.py:153} INFO - Started process (PID=627) to work on /home/airflow/.local/lib/python3.7/site-packages/airflow/example_dags/example_short_circuit_operator.py
[2023-03-12T10:12:18.736+0000] {processor.py:743} INFO - Processing file /home/airflow/.local/lib/python3.7/site-packages/airflow/example_dags/example_short_circuit_operator.py for tasks to queue
[2023-03-12T10:12:18.737+0000] {logging_mixin.py:137} INFO - [2023-03-12T10:12:18.737+0000] {dagbag.py:538} INFO - Filling up the DagBag from /home/airflow/.local/lib/python3.7/site-packages/airflow/example_dags/example_short_circuit_operator.py
[2023-03-12T10:12:18.750+0000] {processor.py:753} INFO - DAG(s) dict_keys(['example_short_circuit_operator']) retrieved from /home/airflow/.local/lib/python3.7/site-packages/airflow/example_dags/example_short_circuit_operator.py
[2023-03-12T10:12:18.777+0000] {logging_mixin.py:137} INFO - [2023-03-12T10:12:18.776+0000] {dag.py:2690} INFO - Sync 1 DAGs
[2023-03-12T10:12:18.797+0000] {logging_mixin.py:137} INFO - [2023-03-12T10:12:18.796+0000] {dag.py:3441} INFO - Setting next_dagrun for example_short_circuit_operator to 2023-03-11T10:12:18.796658+00:00, run_after=2023-03-12T10:12:18.796658+00:00
[2023-03-12T10:12:18.810+0000] {processor.py:175} INFO - Processing /home/airflow/.local/lib/python3.7/site-packages/airflow/example_dags/example_short_circuit_operator.py took 0.080 seconds
[2023-03-12T10:12:49.163+0000] {processor.py:153} INFO - Started process (PID=705) to work on /home/airflow/.local/lib/python3.7/site-packages/airflow/example_dags/example_short_circuit_operator.py
[2023-03-12T10:12:49.167+0000] {processor.py:743} INFO - Processing file /home/airflow/.local/lib/python3.7/site-packages/airflow/example_dags/example_short_circuit_operator.py for tasks to queue
[2023-03-12T10:12:49.168+0000] {logging_mixin.py:137} INFO - [2023-03-12T10:12:49.168+0000] {dagbag.py:538} INFO - Filling up the DagBag from /home/airflow/.local/lib/python3.7/site-packages/airflow/example_dags/example_short_circuit_operator.py
[2023-03-12T10:12:49.181+0000] {processor.py:753} INFO - DAG(s) dict_keys(['example_short_circuit_operator']) retrieved from /home/airflow/.local/lib/python3.7/site-packages/airflow/example_dags/example_short_circuit_operator.py
[2023-03-12T10:12:49.209+0000] {logging_mixin.py:137} INFO - [2023-03-12T10:12:49.209+0000] {dag.py:2690} INFO - Sync 1 DAGs
[2023-03-12T10:12:49.228+0000] {logging_mixin.py:137} INFO - [2023-03-12T10:12:49.228+0000] {dag.py:3441} INFO - Setting next_dagrun for example_short_circuit_operator to 2023-03-11T10:12:49.228041+00:00, run_after=2023-03-12T10:12:49.228041+00:00
[2023-03-12T10:12:49.245+0000] {processor.py:175} INFO - Processing /home/airflow/.local/lib/python3.7/site-packages/airflow/example_dags/example_short_circuit_operator.py took 0.084 seconds
[2023-03-12T10:13:19.678+0000] {processor.py:153} INFO - Started process (PID=770) to work on /home/airflow/.local/lib/python3.7/site-packages/airflow/example_dags/example_short_circuit_operator.py
[2023-03-12T10:13:19.679+0000] {processor.py:743} INFO - Processing file /home/airflow/.local/lib/python3.7/site-packages/airflow/example_dags/example_short_circuit_operator.py for tasks to queue
[2023-03-12T10:13:19.681+0000] {logging_mixin.py:137} INFO - [2023-03-12T10:13:19.681+0000] {dagbag.py:538} INFO - Filling up the DagBag from /home/airflow/.local/lib/python3.7/site-packages/airflow/example_dags/example_short_circuit_operator.py
[2023-03-12T10:13:19.695+0000] {processor.py:753} INFO - DAG(s) dict_keys(['example_short_circuit_operator']) retrieved from /home/airflow/.local/lib/python3.7/site-packages/airflow/example_dags/example_short_circuit_operator.py
[2023-03-12T10:13:19.722+0000] {logging_mixin.py:137} INFO - [2023-03-12T10:13:19.722+0000] {dag.py:2690} INFO - Sync 1 DAGs
[2023-03-12T10:13:19.747+0000] {logging_mixin.py:137} INFO - [2023-03-12T10:13:19.747+0000] {dag.py:3441} INFO - Setting next_dagrun for example_short_circuit_operator to 2023-03-11T10:13:19.746831+00:00, run_after=2023-03-12T10:13:19.746831+00:00
[2023-03-12T10:13:19.769+0000] {processor.py:175} INFO - Processing /home/airflow/.local/lib/python3.7/site-packages/airflow/example_dags/example_short_circuit_operator.py took 0.095 seconds
[2023-03-12T10:13:49.948+0000] {processor.py:153} INFO - Started process (PID=847) to work on /home/airflow/.local/lib/python3.7/site-packages/airflow/example_dags/example_short_circuit_operator.py
[2023-03-12T10:13:49.951+0000] {processor.py:743} INFO - Processing file /home/airflow/.local/lib/python3.7/site-packages/airflow/example_dags/example_short_circuit_operator.py for tasks to queue
[2023-03-12T10:13:49.952+0000] {logging_mixin.py:137} INFO - [2023-03-12T10:13:49.952+0000] {dagbag.py:538} INFO - Filling up the DagBag from /home/airflow/.local/lib/python3.7/site-packages/airflow/example_dags/example_short_circuit_operator.py
[2023-03-12T10:13:49.969+0000] {processor.py:753} INFO - DAG(s) dict_keys(['example_short_circuit_operator']) retrieved from /home/airflow/.local/lib/python3.7/site-packages/airflow/example_dags/example_short_circuit_operator.py
[2023-03-12T10:13:49.998+0000] {logging_mixin.py:137} INFO - [2023-03-12T10:13:49.998+0000] {dag.py:2690} INFO - Sync 1 DAGs
[2023-03-12T10:13:50.022+0000] {logging_mixin.py:137} INFO - [2023-03-12T10:13:50.022+0000] {dag.py:3441} INFO - Setting next_dagrun for example_short_circuit_operator to 2023-03-11T10:13:50.021947+00:00, run_after=2023-03-12T10:13:50.021947+00:00
[2023-03-12T10:13:50.040+0000] {processor.py:175} INFO - Processing /home/airflow/.local/lib/python3.7/site-packages/airflow/example_dags/example_short_circuit_operator.py took 0.095 seconds
[2023-03-12T10:14:21.127+0000] {processor.py:153} INFO - Started process (PID=924) to work on /home/airflow/.local/lib/python3.7/site-packages/airflow/example_dags/example_short_circuit_operator.py
[2023-03-12T10:14:21.129+0000] {processor.py:743} INFO - Processing file /home/airflow/.local/lib/python3.7/site-packages/airflow/example_dags/example_short_circuit_operator.py for tasks to queue
[2023-03-12T10:14:21.131+0000] {logging_mixin.py:137} INFO - [2023-03-12T10:14:21.130+0000] {dagbag.py:538} INFO - Filling up the DagBag from /home/airflow/.local/lib/python3.7/site-packages/airflow/example_dags/example_short_circuit_operator.py
[2023-03-12T10:14:21.146+0000] {processor.py:753} INFO - DAG(s) dict_keys(['example_short_circuit_operator']) retrieved from /home/airflow/.local/lib/python3.7/site-packages/airflow/example_dags/example_short_circuit_operator.py
[2023-03-12T10:14:21.173+0000] {logging_mixin.py:137} INFO - [2023-03-12T10:14:21.173+0000] {dag.py:2690} INFO - Sync 1 DAGs
[2023-03-12T10:14:21.195+0000] {logging_mixin.py:137} INFO - [2023-03-12T10:14:21.195+0000] {dag.py:3441} INFO - Setting next_dagrun for example_short_circuit_operator to 2023-03-11T10:14:21.195097+00:00, run_after=2023-03-12T10:14:21.195097+00:00
[2023-03-12T10:14:21.214+0000] {processor.py:175} INFO - Processing /home/airflow/.local/lib/python3.7/site-packages/airflow/example_dags/example_short_circuit_operator.py took 0.090 seconds
[2023-03-12T10:14:51.429+0000] {processor.py:153} INFO - Started process (PID=990) to work on /home/airflow/.local/lib/python3.7/site-packages/airflow/example_dags/example_short_circuit_operator.py
[2023-03-12T10:14:51.431+0000] {processor.py:743} INFO - Processing file /home/airflow/.local/lib/python3.7/site-packages/airflow/example_dags/example_short_circuit_operator.py for tasks to queue
[2023-03-12T10:14:51.433+0000] {logging_mixin.py:137} INFO - [2023-03-12T10:14:51.433+0000] {dagbag.py:538} INFO - Filling up the DagBag from /home/airflow/.local/lib/python3.7/site-packages/airflow/example_dags/example_short_circuit_operator.py
[2023-03-12T10:14:51.448+0000] {processor.py:753} INFO - DAG(s) dict_keys(['example_short_circuit_operator']) retrieved from /home/airflow/.local/lib/python3.7/site-packages/airflow/example_dags/example_short_circuit_operator.py
[2023-03-12T10:14:51.476+0000] {logging_mixin.py:137} INFO - [2023-03-12T10:14:51.476+0000] {dag.py:2690} INFO - Sync 1 DAGs
[2023-03-12T10:14:51.501+0000] {logging_mixin.py:137} INFO - [2023-03-12T10:14:51.501+0000] {dag.py:3441} INFO - Setting next_dagrun for example_short_circuit_operator to 2023-03-11T10:14:51.501520+00:00, run_after=2023-03-12T10:14:51.501520+00:00
[2023-03-12T10:14:51.518+0000] {processor.py:175} INFO - Processing /home/airflow/.local/lib/python3.7/site-packages/airflow/example_dags/example_short_circuit_operator.py took 0.092 seconds
[2023-03-12T10:15:21.813+0000] {processor.py:153} INFO - Started process (PID=1068) to work on /home/airflow/.local/lib/python3.7/site-packages/airflow/example_dags/example_short_circuit_operator.py
[2023-03-12T10:15:21.815+0000] {processor.py:743} INFO - Processing file /home/airflow/.local/lib/python3.7/site-packages/airflow/example_dags/example_short_circuit_operator.py for tasks to queue
[2023-03-12T10:15:21.816+0000] {logging_mixin.py:137} INFO - [2023-03-12T10:15:21.816+0000] {dagbag.py:538} INFO - Filling up the DagBag from /home/airflow/.local/lib/python3.7/site-packages/airflow/example_dags/example_short_circuit_operator.py
[2023-03-12T10:15:21.833+0000] {processor.py:753} INFO - DAG(s) dict_keys(['example_short_circuit_operator']) retrieved from /home/airflow/.local/lib/python3.7/site-packages/airflow/example_dags/example_short_circuit_operator.py
[2023-03-12T10:15:21.861+0000] {logging_mixin.py:137} INFO - [2023-03-12T10:15:21.861+0000] {dag.py:2690} INFO - Sync 1 DAGs
[2023-03-12T10:15:21.882+0000] {logging_mixin.py:137} INFO - [2023-03-12T10:15:21.882+0000] {dag.py:3441} INFO - Setting next_dagrun for example_short_circuit_operator to 2023-03-11T10:15:21.882185+00:00, run_after=2023-03-12T10:15:21.882185+00:00
[2023-03-12T10:15:21.897+0000] {processor.py:175} INFO - Processing /home/airflow/.local/lib/python3.7/site-packages/airflow/example_dags/example_short_circuit_operator.py took 0.088 seconds
[2023-03-12T10:15:52.132+0000] {processor.py:153} INFO - Started process (PID=1131) to work on /home/airflow/.local/lib/python3.7/site-packages/airflow/example_dags/example_short_circuit_operator.py
[2023-03-12T10:15:52.135+0000] {processor.py:743} INFO - Processing file /home/airflow/.local/lib/python3.7/site-packages/airflow/example_dags/example_short_circuit_operator.py for tasks to queue
[2023-03-12T10:15:52.136+0000] {logging_mixin.py:137} INFO - [2023-03-12T10:15:52.136+0000] {dagbag.py:538} INFO - Filling up the DagBag from /home/airflow/.local/lib/python3.7/site-packages/airflow/example_dags/example_short_circuit_operator.py
[2023-03-12T10:15:52.151+0000] {processor.py:753} INFO - DAG(s) dict_keys(['example_short_circuit_operator']) retrieved from /home/airflow/.local/lib/python3.7/site-packages/airflow/example_dags/example_short_circuit_operator.py
[2023-03-12T10:15:52.177+0000] {logging_mixin.py:137} INFO - [2023-03-12T10:15:52.177+0000] {dag.py:2690} INFO - Sync 1 DAGs
[2023-03-12T10:15:52.194+0000] {logging_mixin.py:137} INFO - [2023-03-12T10:15:52.194+0000] {dag.py:3441} INFO - Setting next_dagrun for example_short_circuit_operator to 2023-03-11T10:15:52.194001+00:00, run_after=2023-03-12T10:15:52.194001+00:00
[2023-03-12T10:15:52.206+0000] {processor.py:175} INFO - Processing /home/airflow/.local/lib/python3.7/site-packages/airflow/example_dags/example_short_circuit_operator.py took 0.077 seconds
[2023-03-12T10:16:22.366+0000] {processor.py:153} INFO - Started process (PID=1208) to work on /home/airflow/.local/lib/python3.7/site-packages/airflow/example_dags/example_short_circuit_operator.py
[2023-03-12T10:16:22.368+0000] {processor.py:743} INFO - Processing file /home/airflow/.local/lib/python3.7/site-packages/airflow/example_dags/example_short_circuit_operator.py for tasks to queue
[2023-03-12T10:16:22.371+0000] {logging_mixin.py:137} INFO - [2023-03-12T10:16:22.371+0000] {dagbag.py:538} INFO - Filling up the DagBag from /home/airflow/.local/lib/python3.7/site-packages/airflow/example_dags/example_short_circuit_operator.py
[2023-03-12T10:16:22.383+0000] {processor.py:753} INFO - DAG(s) dict_keys(['example_short_circuit_operator']) retrieved from /home/airflow/.local/lib/python3.7/site-packages/airflow/example_dags/example_short_circuit_operator.py
[2023-03-12T10:16:22.413+0000] {logging_mixin.py:137} INFO - [2023-03-12T10:16:22.412+0000] {dag.py:2690} INFO - Sync 1 DAGs
[2023-03-12T10:16:22.433+0000] {logging_mixin.py:137} INFO - [2023-03-12T10:16:22.433+0000] {dag.py:3441} INFO - Setting next_dagrun for example_short_circuit_operator to 2023-03-11T10:16:22.432768+00:00, run_after=2023-03-12T10:16:22.432768+00:00
[2023-03-12T10:16:22.454+0000] {processor.py:175} INFO - Processing /home/airflow/.local/lib/python3.7/site-packages/airflow/example_dags/example_short_circuit_operator.py took 0.091 seconds
[2023-03-12T10:16:53.395+0000] {processor.py:153} INFO - Started process (PID=1282) to work on /home/airflow/.local/lib/python3.7/site-packages/airflow/example_dags/example_short_circuit_operator.py
[2023-03-12T10:16:53.398+0000] {processor.py:743} INFO - Processing file /home/airflow/.local/lib/python3.7/site-packages/airflow/example_dags/example_short_circuit_operator.py for tasks to queue
[2023-03-12T10:16:53.401+0000] {logging_mixin.py:137} INFO - [2023-03-12T10:16:53.401+0000] {dagbag.py:538} INFO - Filling up the DagBag from /home/airflow/.local/lib/python3.7/site-packages/airflow/example_dags/example_short_circuit_operator.py
[2023-03-12T10:16:53.417+0000] {processor.py:753} INFO - DAG(s) dict_keys(['example_short_circuit_operator']) retrieved from /home/airflow/.local/lib/python3.7/site-packages/airflow/example_dags/example_short_circuit_operator.py
[2023-03-12T10:16:53.453+0000] {logging_mixin.py:137} INFO - [2023-03-12T10:16:53.453+0000] {dag.py:2690} INFO - Sync 1 DAGs
[2023-03-12T10:16:53.478+0000] {logging_mixin.py:137} INFO - [2023-03-12T10:16:53.477+0000] {dag.py:3441} INFO - Setting next_dagrun for example_short_circuit_operator to 2023-03-11T10:16:53.477605+00:00, run_after=2023-03-12T10:16:53.477605+00:00
[2023-03-12T10:16:53.495+0000] {processor.py:175} INFO - Processing /home/airflow/.local/lib/python3.7/site-packages/airflow/example_dags/example_short_circuit_operator.py took 0.102 seconds
[2023-03-12T10:17:23.562+0000] {processor.py:153} INFO - Started process (PID=1351) to work on /home/airflow/.local/lib/python3.7/site-packages/airflow/example_dags/example_short_circuit_operator.py
[2023-03-12T10:17:23.564+0000] {processor.py:743} INFO - Processing file /home/airflow/.local/lib/python3.7/site-packages/airflow/example_dags/example_short_circuit_operator.py for tasks to queue
[2023-03-12T10:17:23.566+0000] {logging_mixin.py:137} INFO - [2023-03-12T10:17:23.566+0000] {dagbag.py:538} INFO - Filling up the DagBag from /home/airflow/.local/lib/python3.7/site-packages/airflow/example_dags/example_short_circuit_operator.py
[2023-03-12T10:17:23.580+0000] {processor.py:753} INFO - DAG(s) dict_keys(['example_short_circuit_operator']) retrieved from /home/airflow/.local/lib/python3.7/site-packages/airflow/example_dags/example_short_circuit_operator.py
[2023-03-12T10:17:23.607+0000] {logging_mixin.py:137} INFO - [2023-03-12T10:17:23.607+0000] {dag.py:2690} INFO - Sync 1 DAGs
[2023-03-12T10:17:23.627+0000] {logging_mixin.py:137} INFO - [2023-03-12T10:17:23.627+0000] {dag.py:3441} INFO - Setting next_dagrun for example_short_circuit_operator to 2023-03-11T10:17:23.627029+00:00, run_after=2023-03-12T10:17:23.627029+00:00
[2023-03-12T10:17:23.643+0000] {processor.py:175} INFO - Processing /home/airflow/.local/lib/python3.7/site-packages/airflow/example_dags/example_short_circuit_operator.py took 0.084 seconds
[2023-03-12T10:17:54.521+0000] {processor.py:153} INFO - Started process (PID=1428) to work on /home/airflow/.local/lib/python3.7/site-packages/airflow/example_dags/example_short_circuit_operator.py
[2023-03-12T10:17:54.523+0000] {processor.py:743} INFO - Processing file /home/airflow/.local/lib/python3.7/site-packages/airflow/example_dags/example_short_circuit_operator.py for tasks to queue
[2023-03-12T10:17:54.525+0000] {logging_mixin.py:137} INFO - [2023-03-12T10:17:54.524+0000] {dagbag.py:538} INFO - Filling up the DagBag from /home/airflow/.local/lib/python3.7/site-packages/airflow/example_dags/example_short_circuit_operator.py
[2023-03-12T10:17:54.539+0000] {processor.py:753} INFO - DAG(s) dict_keys(['example_short_circuit_operator']) retrieved from /home/airflow/.local/lib/python3.7/site-packages/airflow/example_dags/example_short_circuit_operator.py
[2023-03-12T10:17:54.569+0000] {logging_mixin.py:137} INFO - [2023-03-12T10:17:54.568+0000] {dag.py:2690} INFO - Sync 1 DAGs
[2023-03-12T10:17:54.591+0000] {logging_mixin.py:137} INFO - [2023-03-12T10:17:54.591+0000] {dag.py:3441} INFO - Setting next_dagrun for example_short_circuit_operator to 2023-03-11T10:17:54.590811+00:00, run_after=2023-03-12T10:17:54.590811+00:00
[2023-03-12T10:17:54.607+0000] {processor.py:175} INFO - Processing /home/airflow/.local/lib/python3.7/site-packages/airflow/example_dags/example_short_circuit_operator.py took 0.089 seconds
[2023-03-12T10:18:25.673+0000] {processor.py:153} INFO - Started process (PID=1493) to work on /home/airflow/.local/lib/python3.7/site-packages/airflow/example_dags/example_short_circuit_operator.py
[2023-03-12T10:18:25.676+0000] {processor.py:743} INFO - Processing file /home/airflow/.local/lib/python3.7/site-packages/airflow/example_dags/example_short_circuit_operator.py for tasks to queue
[2023-03-12T10:18:25.679+0000] {logging_mixin.py:137} INFO - [2023-03-12T10:18:25.678+0000] {dagbag.py:538} INFO - Filling up the DagBag from /home/airflow/.local/lib/python3.7/site-packages/airflow/example_dags/example_short_circuit_operator.py
[2023-03-12T10:18:25.693+0000] {processor.py:753} INFO - DAG(s) dict_keys(['example_short_circuit_operator']) retrieved from /home/airflow/.local/lib/python3.7/site-packages/airflow/example_dags/example_short_circuit_operator.py
[2023-03-12T10:18:25.726+0000] {logging_mixin.py:137} INFO - [2023-03-12T10:18:25.726+0000] {dag.py:2690} INFO - Sync 1 DAGs
[2023-03-12T10:18:25.746+0000] {logging_mixin.py:137} INFO - [2023-03-12T10:18:25.746+0000] {dag.py:3441} INFO - Setting next_dagrun for example_short_circuit_operator to 2023-03-11T10:18:25.745844+00:00, run_after=2023-03-12T10:18:25.745844+00:00
[2023-03-12T10:18:25.762+0000] {processor.py:175} INFO - Processing /home/airflow/.local/lib/python3.7/site-packages/airflow/example_dags/example_short_circuit_operator.py took 0.093 seconds
[2023-03-12T10:18:56.050+0000] {processor.py:153} INFO - Started process (PID=1571) to work on /home/airflow/.local/lib/python3.7/site-packages/airflow/example_dags/example_short_circuit_operator.py
[2023-03-12T10:18:56.053+0000] {processor.py:743} INFO - Processing file /home/airflow/.local/lib/python3.7/site-packages/airflow/example_dags/example_short_circuit_operator.py for tasks to queue
[2023-03-12T10:18:56.054+0000] {logging_mixin.py:137} INFO - [2023-03-12T10:18:56.054+0000] {dagbag.py:538} INFO - Filling up the DagBag from /home/airflow/.local/lib/python3.7/site-packages/airflow/example_dags/example_short_circuit_operator.py
[2023-03-12T10:18:56.071+0000] {processor.py:753} INFO - DAG(s) dict_keys(['example_short_circuit_operator']) retrieved from /home/airflow/.local/lib/python3.7/site-packages/airflow/example_dags/example_short_circuit_operator.py
[2023-03-12T10:18:56.101+0000] {logging_mixin.py:137} INFO - [2023-03-12T10:18:56.100+0000] {dag.py:2690} INFO - Sync 1 DAGs
[2023-03-12T10:18:56.131+0000] {logging_mixin.py:137} INFO - [2023-03-12T10:18:56.130+0000] {dag.py:3441} INFO - Setting next_dagrun for example_short_circuit_operator to 2023-03-11T10:18:56.130644+00:00, run_after=2023-03-12T10:18:56.130644+00:00
[2023-03-12T10:18:56.152+0000] {processor.py:175} INFO - Processing /home/airflow/.local/lib/python3.7/site-packages/airflow/example_dags/example_short_circuit_operator.py took 0.106 seconds
[2023-03-12T10:19:26.949+0000] {processor.py:153} INFO - Started process (PID=1649) to work on /home/airflow/.local/lib/python3.7/site-packages/airflow/example_dags/example_short_circuit_operator.py
[2023-03-12T10:19:26.972+0000] {processor.py:743} INFO - Processing file /home/airflow/.local/lib/python3.7/site-packages/airflow/example_dags/example_short_circuit_operator.py for tasks to queue
[2023-03-12T10:19:26.974+0000] {logging_mixin.py:137} INFO - [2023-03-12T10:19:26.974+0000] {dagbag.py:538} INFO - Filling up the DagBag from /home/airflow/.local/lib/python3.7/site-packages/airflow/example_dags/example_short_circuit_operator.py
[2023-03-12T10:19:26.989+0000] {processor.py:753} INFO - DAG(s) dict_keys(['example_short_circuit_operator']) retrieved from /home/airflow/.local/lib/python3.7/site-packages/airflow/example_dags/example_short_circuit_operator.py
[2023-03-12T10:19:27.017+0000] {logging_mixin.py:137} INFO - [2023-03-12T10:19:27.017+0000] {dag.py:2690} INFO - Sync 1 DAGs
[2023-03-12T10:19:27.037+0000] {logging_mixin.py:137} INFO - [2023-03-12T10:19:27.036+0000] {dag.py:3441} INFO - Setting next_dagrun for example_short_circuit_operator to 2023-03-11T10:19:27.036704+00:00, run_after=2023-03-12T10:19:27.036704+00:00
[2023-03-12T10:19:27.053+0000] {processor.py:175} INFO - Processing /home/airflow/.local/lib/python3.7/site-packages/airflow/example_dags/example_short_circuit_operator.py took 0.108 seconds
[2023-03-12T10:19:58.224+0000] {processor.py:153} INFO - Started process (PID=1714) to work on /home/airflow/.local/lib/python3.7/site-packages/airflow/example_dags/example_short_circuit_operator.py
[2023-03-12T10:19:58.228+0000] {processor.py:743} INFO - Processing file /home/airflow/.local/lib/python3.7/site-packages/airflow/example_dags/example_short_circuit_operator.py for tasks to queue
[2023-03-12T10:19:58.232+0000] {logging_mixin.py:137} INFO - [2023-03-12T10:19:58.232+0000] {dagbag.py:538} INFO - Filling up the DagBag from /home/airflow/.local/lib/python3.7/site-packages/airflow/example_dags/example_short_circuit_operator.py
[2023-03-12T10:19:58.250+0000] {processor.py:753} INFO - DAG(s) dict_keys(['example_short_circuit_operator']) retrieved from /home/airflow/.local/lib/python3.7/site-packages/airflow/example_dags/example_short_circuit_operator.py
[2023-03-12T10:19:58.278+0000] {logging_mixin.py:137} INFO - [2023-03-12T10:19:58.277+0000] {dag.py:2690} INFO - Sync 1 DAGs
[2023-03-12T10:19:58.296+0000] {logging_mixin.py:137} INFO - [2023-03-12T10:19:58.296+0000] {dag.py:3441} INFO - Setting next_dagrun for example_short_circuit_operator to 2023-03-11T10:19:58.296101+00:00, run_after=2023-03-12T10:19:58.296101+00:00
[2023-03-12T10:19:58.315+0000] {processor.py:175} INFO - Processing /home/airflow/.local/lib/python3.7/site-packages/airflow/example_dags/example_short_circuit_operator.py took 0.095 seconds
[2023-03-12T10:20:28.446+0000] {processor.py:153} INFO - Started process (PID=1793) to work on /home/airflow/.local/lib/python3.7/site-packages/airflow/example_dags/example_short_circuit_operator.py
[2023-03-12T10:20:28.448+0000] {processor.py:743} INFO - Processing file /home/airflow/.local/lib/python3.7/site-packages/airflow/example_dags/example_short_circuit_operator.py for tasks to queue
[2023-03-12T10:20:28.450+0000] {logging_mixin.py:137} INFO - [2023-03-12T10:20:28.450+0000] {dagbag.py:538} INFO - Filling up the DagBag from /home/airflow/.local/lib/python3.7/site-packages/airflow/example_dags/example_short_circuit_operator.py
[2023-03-12T10:20:28.465+0000] {processor.py:753} INFO - DAG(s) dict_keys(['example_short_circuit_operator']) retrieved from /home/airflow/.local/lib/python3.7/site-packages/airflow/example_dags/example_short_circuit_operator.py
[2023-03-12T10:20:28.494+0000] {logging_mixin.py:137} INFO - [2023-03-12T10:20:28.494+0000] {dag.py:2690} INFO - Sync 1 DAGs
[2023-03-12T10:20:28.517+0000] {logging_mixin.py:137} INFO - [2023-03-12T10:20:28.516+0000] {dag.py:3441} INFO - Setting next_dagrun for example_short_circuit_operator to 2023-03-11T10:20:28.516571+00:00, run_after=2023-03-12T10:20:28.516571+00:00
[2023-03-12T10:20:28.535+0000] {processor.py:175} INFO - Processing /home/airflow/.local/lib/python3.7/site-packages/airflow/example_dags/example_short_circuit_operator.py took 0.092 seconds
[2023-03-12T10:20:58.766+0000] {processor.py:153} INFO - Started process (PID=1868) to work on /home/airflow/.local/lib/python3.7/site-packages/airflow/example_dags/example_short_circuit_operator.py
[2023-03-12T10:20:58.769+0000] {processor.py:743} INFO - Processing file /home/airflow/.local/lib/python3.7/site-packages/airflow/example_dags/example_short_circuit_operator.py for tasks to queue
[2023-03-12T10:20:58.771+0000] {logging_mixin.py:137} INFO - [2023-03-12T10:20:58.771+0000] {dagbag.py:538} INFO - Filling up the DagBag from /home/airflow/.local/lib/python3.7/site-packages/airflow/example_dags/example_short_circuit_operator.py
[2023-03-12T10:20:58.786+0000] {processor.py:753} INFO - DAG(s) dict_keys(['example_short_circuit_operator']) retrieved from /home/airflow/.local/lib/python3.7/site-packages/airflow/example_dags/example_short_circuit_operator.py
[2023-03-12T10:20:58.815+0000] {logging_mixin.py:137} INFO - [2023-03-12T10:20:58.815+0000] {dag.py:2690} INFO - Sync 1 DAGs
[2023-03-12T10:20:58.845+0000] {logging_mixin.py:137} INFO - [2023-03-12T10:20:58.845+0000] {dag.py:3441} INFO - Setting next_dagrun for example_short_circuit_operator to 2023-03-11T10:20:58.845262+00:00, run_after=2023-03-12T10:20:58.845262+00:00
[2023-03-12T10:20:58.869+0000] {processor.py:175} INFO - Processing /home/airflow/.local/lib/python3.7/site-packages/airflow/example_dags/example_short_circuit_operator.py took 0.106 seconds
[2023-03-12T10:21:29.177+0000] {processor.py:153} INFO - Started process (PID=1937) to work on /home/airflow/.local/lib/python3.7/site-packages/airflow/example_dags/example_short_circuit_operator.py
[2023-03-12T10:21:29.184+0000] {processor.py:743} INFO - Processing file /home/airflow/.local/lib/python3.7/site-packages/airflow/example_dags/example_short_circuit_operator.py for tasks to queue
[2023-03-12T10:21:29.188+0000] {logging_mixin.py:137} INFO - [2023-03-12T10:21:29.187+0000] {dagbag.py:538} INFO - Filling up the DagBag from /home/airflow/.local/lib/python3.7/site-packages/airflow/example_dags/example_short_circuit_operator.py
[2023-03-12T10:21:29.212+0000] {processor.py:753} INFO - DAG(s) dict_keys(['example_short_circuit_operator']) retrieved from /home/airflow/.local/lib/python3.7/site-packages/airflow/example_dags/example_short_circuit_operator.py
[2023-03-12T10:21:29.241+0000] {logging_mixin.py:137} INFO - [2023-03-12T10:21:29.241+0000] {dag.py:2690} INFO - Sync 1 DAGs
[2023-03-12T10:21:29.263+0000] {logging_mixin.py:137} INFO - [2023-03-12T10:21:29.263+0000] {dag.py:3441} INFO - Setting next_dagrun for example_short_circuit_operator to 2023-03-11T10:21:29.262923+00:00, run_after=2023-03-12T10:21:29.262923+00:00
[2023-03-12T10:21:29.280+0000] {processor.py:175} INFO - Processing /home/airflow/.local/lib/python3.7/site-packages/airflow/example_dags/example_short_circuit_operator.py took 0.107 seconds
[2023-03-12T10:21:59.718+0000] {processor.py:153} INFO - Started process (PID=2015) to work on /home/airflow/.local/lib/python3.7/site-packages/airflow/example_dags/example_short_circuit_operator.py
[2023-03-12T10:21:59.720+0000] {processor.py:743} INFO - Processing file /home/airflow/.local/lib/python3.7/site-packages/airflow/example_dags/example_short_circuit_operator.py for tasks to queue
[2023-03-12T10:21:59.723+0000] {logging_mixin.py:137} INFO - [2023-03-12T10:21:59.723+0000] {dagbag.py:538} INFO - Filling up the DagBag from /home/airflow/.local/lib/python3.7/site-packages/airflow/example_dags/example_short_circuit_operator.py
[2023-03-12T10:21:59.738+0000] {processor.py:753} INFO - DAG(s) dict_keys(['example_short_circuit_operator']) retrieved from /home/airflow/.local/lib/python3.7/site-packages/airflow/example_dags/example_short_circuit_operator.py
[2023-03-12T10:21:59.768+0000] {logging_mixin.py:137} INFO - [2023-03-12T10:21:59.768+0000] {dag.py:2690} INFO - Sync 1 DAGs
[2023-03-12T10:21:59.789+0000] {logging_mixin.py:137} INFO - [2023-03-12T10:21:59.788+0000] {dag.py:3441} INFO - Setting next_dagrun for example_short_circuit_operator to 2023-03-11T10:21:59.788576+00:00, run_after=2023-03-12T10:21:59.788576+00:00
[2023-03-12T10:21:59.805+0000] {processor.py:175} INFO - Processing /home/airflow/.local/lib/python3.7/site-packages/airflow/example_dags/example_short_circuit_operator.py took 0.091 seconds
