[2023-03-12T10:08:17.095+0000] {processor.py:153} INFO - Started process (PID=73) to work on /home/airflow/.local/lib/python3.7/site-packages/airflow/example_dags/example_sensor_decorator.py
[2023-03-12T10:08:17.109+0000] {processor.py:743} INFO - Processing file /home/airflow/.local/lib/python3.7/site-packages/airflow/example_dags/example_sensor_decorator.py for tasks to queue
[2023-03-12T10:08:17.113+0000] {logging_mixin.py:137} INFO - [2023-03-12T10:08:17.113+0000] {dagbag.py:538} INFO - Filling up the DagBag from /home/airflow/.local/lib/python3.7/site-packages/airflow/example_dags/example_sensor_decorator.py
[2023-03-12T10:08:17.229+0000] {processor.py:753} INFO - DAG(s) dict_keys(['example_sensor_decorator']) retrieved from /home/airflow/.local/lib/python3.7/site-packages/airflow/example_dags/example_sensor_decorator.py
[2023-03-12T10:08:17.271+0000] {logging_mixin.py:137} INFO - [2023-03-12T10:08:17.271+0000] {dag.py:2690} INFO - Sync 1 DAGs
[2023-03-12T10:08:17.399+0000] {logging_mixin.py:137} INFO - [2023-03-12T10:08:17.399+0000] {dag.py:3441} INFO - Setting next_dagrun for example_sensor_decorator to None, run_after=None
[2023-03-12T10:08:17.434+0000] {processor.py:175} INFO - Processing /home/airflow/.local/lib/python3.7/site-packages/airflow/example_dags/example_sensor_decorator.py took 0.346 seconds
[2023-03-12T10:08:47.985+0000] {processor.py:153} INFO - Started process (PID=142) to work on /home/airflow/.local/lib/python3.7/site-packages/airflow/example_dags/example_sensor_decorator.py
[2023-03-12T10:08:47.987+0000] {processor.py:743} INFO - Processing file /home/airflow/.local/lib/python3.7/site-packages/airflow/example_dags/example_sensor_decorator.py for tasks to queue
[2023-03-12T10:08:47.989+0000] {logging_mixin.py:137} INFO - [2023-03-12T10:08:47.989+0000] {dagbag.py:538} INFO - Filling up the DagBag from /home/airflow/.local/lib/python3.7/site-packages/airflow/example_dags/example_sensor_decorator.py
[2023-03-12T10:08:48.009+0000] {processor.py:753} INFO - DAG(s) dict_keys(['example_sensor_decorator']) retrieved from /home/airflow/.local/lib/python3.7/site-packages/airflow/example_dags/example_sensor_decorator.py
[2023-03-12T10:08:48.030+0000] {logging_mixin.py:137} INFO - [2023-03-12T10:08:48.030+0000] {dag.py:2690} INFO - Sync 1 DAGs
[2023-03-12T10:08:48.050+0000] {logging_mixin.py:137} INFO - [2023-03-12T10:08:48.050+0000] {dag.py:3441} INFO - Setting next_dagrun for example_sensor_decorator to None, run_after=None
[2023-03-12T10:08:48.063+0000] {processor.py:175} INFO - Processing /home/airflow/.local/lib/python3.7/site-packages/airflow/example_dags/example_sensor_decorator.py took 0.080 seconds
[2023-03-12T10:09:19.193+0000] {processor.py:153} INFO - Started process (PID=219) to work on /home/airflow/.local/lib/python3.7/site-packages/airflow/example_dags/example_sensor_decorator.py
[2023-03-12T10:09:19.195+0000] {processor.py:743} INFO - Processing file /home/airflow/.local/lib/python3.7/site-packages/airflow/example_dags/example_sensor_decorator.py for tasks to queue
[2023-03-12T10:09:19.197+0000] {logging_mixin.py:137} INFO - [2023-03-12T10:09:19.196+0000] {dagbag.py:538} INFO - Filling up the DagBag from /home/airflow/.local/lib/python3.7/site-packages/airflow/example_dags/example_sensor_decorator.py
[2023-03-12T10:09:19.218+0000] {processor.py:753} INFO - DAG(s) dict_keys(['example_sensor_decorator']) retrieved from /home/airflow/.local/lib/python3.7/site-packages/airflow/example_dags/example_sensor_decorator.py
[2023-03-12T10:09:19.251+0000] {logging_mixin.py:137} INFO - [2023-03-12T10:09:19.251+0000] {dag.py:2690} INFO - Sync 1 DAGs
[2023-03-12T10:09:19.283+0000] {logging_mixin.py:137} INFO - [2023-03-12T10:09:19.283+0000] {dag.py:3441} INFO - Setting next_dagrun for example_sensor_decorator to None, run_after=None
[2023-03-12T10:09:19.303+0000] {processor.py:175} INFO - Processing /home/airflow/.local/lib/python3.7/site-packages/airflow/example_dags/example_sensor_decorator.py took 0.114 seconds
[2023-03-12T10:09:49.357+0000] {processor.py:153} INFO - Started process (PID=284) to work on /home/airflow/.local/lib/python3.7/site-packages/airflow/example_dags/example_sensor_decorator.py
[2023-03-12T10:09:49.360+0000] {processor.py:743} INFO - Processing file /home/airflow/.local/lib/python3.7/site-packages/airflow/example_dags/example_sensor_decorator.py for tasks to queue
[2023-03-12T10:09:49.362+0000] {logging_mixin.py:137} INFO - [2023-03-12T10:09:49.362+0000] {dagbag.py:538} INFO - Filling up the DagBag from /home/airflow/.local/lib/python3.7/site-packages/airflow/example_dags/example_sensor_decorator.py
[2023-03-12T10:09:49.378+0000] {processor.py:753} INFO - DAG(s) dict_keys(['example_sensor_decorator']) retrieved from /home/airflow/.local/lib/python3.7/site-packages/airflow/example_dags/example_sensor_decorator.py
[2023-03-12T10:09:49.403+0000] {logging_mixin.py:137} INFO - [2023-03-12T10:09:49.403+0000] {dag.py:2690} INFO - Sync 1 DAGs
[2023-03-12T10:09:49.420+0000] {logging_mixin.py:137} INFO - [2023-03-12T10:09:49.420+0000] {dag.py:3441} INFO - Setting next_dagrun for example_sensor_decorator to None, run_after=None
[2023-03-12T10:09:49.434+0000] {processor.py:175} INFO - Processing /home/airflow/.local/lib/python3.7/site-packages/airflow/example_dags/example_sensor_decorator.py took 0.081 seconds
[2023-03-12T10:10:20.320+0000] {processor.py:153} INFO - Started process (PID=361) to work on /home/airflow/.local/lib/python3.7/site-packages/airflow/example_dags/example_sensor_decorator.py
[2023-03-12T10:10:20.323+0000] {processor.py:743} INFO - Processing file /home/airflow/.local/lib/python3.7/site-packages/airflow/example_dags/example_sensor_decorator.py for tasks to queue
[2023-03-12T10:10:20.324+0000] {logging_mixin.py:137} INFO - [2023-03-12T10:10:20.324+0000] {dagbag.py:538} INFO - Filling up the DagBag from /home/airflow/.local/lib/python3.7/site-packages/airflow/example_dags/example_sensor_decorator.py
[2023-03-12T10:10:20.340+0000] {processor.py:753} INFO - DAG(s) dict_keys(['example_sensor_decorator']) retrieved from /home/airflow/.local/lib/python3.7/site-packages/airflow/example_dags/example_sensor_decorator.py
[2023-03-12T10:10:20.365+0000] {logging_mixin.py:137} INFO - [2023-03-12T10:10:20.364+0000] {dag.py:2690} INFO - Sync 1 DAGs
[2023-03-12T10:10:20.382+0000] {logging_mixin.py:137} INFO - [2023-03-12T10:10:20.382+0000] {dag.py:3441} INFO - Setting next_dagrun for example_sensor_decorator to None, run_after=None
[2023-03-12T10:10:20.396+0000] {processor.py:175} INFO - Processing /home/airflow/.local/lib/python3.7/site-packages/airflow/example_dags/example_sensor_decorator.py took 0.080 seconds
[2023-03-12T10:10:50.465+0000] {processor.py:153} INFO - Started process (PID=434) to work on /home/airflow/.local/lib/python3.7/site-packages/airflow/example_dags/example_sensor_decorator.py
[2023-03-12T10:10:50.466+0000] {processor.py:743} INFO - Processing file /home/airflow/.local/lib/python3.7/site-packages/airflow/example_dags/example_sensor_decorator.py for tasks to queue
[2023-03-12T10:10:50.468+0000] {logging_mixin.py:137} INFO - [2023-03-12T10:10:50.468+0000] {dagbag.py:538} INFO - Filling up the DagBag from /home/airflow/.local/lib/python3.7/site-packages/airflow/example_dags/example_sensor_decorator.py
[2023-03-12T10:10:50.487+0000] {processor.py:753} INFO - DAG(s) dict_keys(['example_sensor_decorator']) retrieved from /home/airflow/.local/lib/python3.7/site-packages/airflow/example_dags/example_sensor_decorator.py
[2023-03-12T10:10:50.521+0000] {logging_mixin.py:137} INFO - [2023-03-12T10:10:50.521+0000] {dag.py:2690} INFO - Sync 1 DAGs
[2023-03-12T10:10:50.543+0000] {logging_mixin.py:137} INFO - [2023-03-12T10:10:50.543+0000] {dag.py:3441} INFO - Setting next_dagrun for example_sensor_decorator to None, run_after=None
[2023-03-12T10:10:50.584+0000] {processor.py:175} INFO - Processing /home/airflow/.local/lib/python3.7/site-packages/airflow/example_dags/example_sensor_decorator.py took 0.122 seconds
[2023-03-12T10:11:20.659+0000] {processor.py:153} INFO - Started process (PID=503) to work on /home/airflow/.local/lib/python3.7/site-packages/airflow/example_dags/example_sensor_decorator.py
[2023-03-12T10:11:20.663+0000] {processor.py:743} INFO - Processing file /home/airflow/.local/lib/python3.7/site-packages/airflow/example_dags/example_sensor_decorator.py for tasks to queue
[2023-03-12T10:11:20.665+0000] {logging_mixin.py:137} INFO - [2023-03-12T10:11:20.665+0000] {dagbag.py:538} INFO - Filling up the DagBag from /home/airflow/.local/lib/python3.7/site-packages/airflow/example_dags/example_sensor_decorator.py
[2023-03-12T10:11:20.690+0000] {processor.py:753} INFO - DAG(s) dict_keys(['example_sensor_decorator']) retrieved from /home/airflow/.local/lib/python3.7/site-packages/airflow/example_dags/example_sensor_decorator.py
[2023-03-12T10:11:20.715+0000] {logging_mixin.py:137} INFO - [2023-03-12T10:11:20.715+0000] {dag.py:2690} INFO - Sync 1 DAGs
[2023-03-12T10:11:20.733+0000] {logging_mixin.py:137} INFO - [2023-03-12T10:11:20.733+0000] {dag.py:3441} INFO - Setting next_dagrun for example_sensor_decorator to None, run_after=None
[2023-03-12T10:11:20.749+0000] {processor.py:175} INFO - Processing /home/airflow/.local/lib/python3.7/site-packages/airflow/example_dags/example_sensor_decorator.py took 0.092 seconds
[2023-03-12T10:11:50.877+0000] {processor.py:153} INFO - Started process (PID=579) to work on /home/airflow/.local/lib/python3.7/site-packages/airflow/example_dags/example_sensor_decorator.py
[2023-03-12T10:11:50.880+0000] {processor.py:743} INFO - Processing file /home/airflow/.local/lib/python3.7/site-packages/airflow/example_dags/example_sensor_decorator.py for tasks to queue
[2023-03-12T10:11:50.881+0000] {logging_mixin.py:137} INFO - [2023-03-12T10:11:50.881+0000] {dagbag.py:538} INFO - Filling up the DagBag from /home/airflow/.local/lib/python3.7/site-packages/airflow/example_dags/example_sensor_decorator.py
[2023-03-12T10:11:50.900+0000] {processor.py:753} INFO - DAG(s) dict_keys(['example_sensor_decorator']) retrieved from /home/airflow/.local/lib/python3.7/site-packages/airflow/example_dags/example_sensor_decorator.py
[2023-03-12T10:11:50.923+0000] {logging_mixin.py:137} INFO - [2023-03-12T10:11:50.923+0000] {dag.py:2690} INFO - Sync 1 DAGs
[2023-03-12T10:11:50.941+0000] {logging_mixin.py:137} INFO - [2023-03-12T10:11:50.941+0000] {dag.py:3441} INFO - Setting next_dagrun for example_sensor_decorator to None, run_after=None
[2023-03-12T10:11:50.955+0000] {processor.py:175} INFO - Processing /home/airflow/.local/lib/python3.7/site-packages/airflow/example_dags/example_sensor_decorator.py took 0.080 seconds
[2023-03-12T10:12:21.080+0000] {processor.py:153} INFO - Started process (PID=644) to work on /home/airflow/.local/lib/python3.7/site-packages/airflow/example_dags/example_sensor_decorator.py
[2023-03-12T10:12:21.082+0000] {processor.py:743} INFO - Processing file /home/airflow/.local/lib/python3.7/site-packages/airflow/example_dags/example_sensor_decorator.py for tasks to queue
[2023-03-12T10:12:21.084+0000] {logging_mixin.py:137} INFO - [2023-03-12T10:12:21.084+0000] {dagbag.py:538} INFO - Filling up the DagBag from /home/airflow/.local/lib/python3.7/site-packages/airflow/example_dags/example_sensor_decorator.py
[2023-03-12T10:12:21.106+0000] {processor.py:753} INFO - DAG(s) dict_keys(['example_sensor_decorator']) retrieved from /home/airflow/.local/lib/python3.7/site-packages/airflow/example_dags/example_sensor_decorator.py
[2023-03-12T10:12:21.131+0000] {logging_mixin.py:137} INFO - [2023-03-12T10:12:21.131+0000] {dag.py:2690} INFO - Sync 1 DAGs
[2023-03-12T10:12:21.153+0000] {logging_mixin.py:137} INFO - [2023-03-12T10:12:21.153+0000] {dag.py:3441} INFO - Setting next_dagrun for example_sensor_decorator to None, run_after=None
[2023-03-12T10:12:21.171+0000] {processor.py:175} INFO - Processing /home/airflow/.local/lib/python3.7/site-packages/airflow/example_dags/example_sensor_decorator.py took 0.096 seconds
[2023-03-12T10:12:51.567+0000] {processor.py:153} INFO - Started process (PID=722) to work on /home/airflow/.local/lib/python3.7/site-packages/airflow/example_dags/example_sensor_decorator.py
[2023-03-12T10:12:51.571+0000] {processor.py:743} INFO - Processing file /home/airflow/.local/lib/python3.7/site-packages/airflow/example_dags/example_sensor_decorator.py for tasks to queue
[2023-03-12T10:12:51.576+0000] {logging_mixin.py:137} INFO - [2023-03-12T10:12:51.576+0000] {dagbag.py:538} INFO - Filling up the DagBag from /home/airflow/.local/lib/python3.7/site-packages/airflow/example_dags/example_sensor_decorator.py
[2023-03-12T10:12:51.606+0000] {processor.py:753} INFO - DAG(s) dict_keys(['example_sensor_decorator']) retrieved from /home/airflow/.local/lib/python3.7/site-packages/airflow/example_dags/example_sensor_decorator.py
[2023-03-12T10:12:51.655+0000] {logging_mixin.py:137} INFO - [2023-03-12T10:12:51.655+0000] {dag.py:2690} INFO - Sync 1 DAGs
[2023-03-12T10:12:51.688+0000] {logging_mixin.py:137} INFO - [2023-03-12T10:12:51.688+0000] {dag.py:3441} INFO - Setting next_dagrun for example_sensor_decorator to None, run_after=None
[2023-03-12T10:12:51.710+0000] {processor.py:175} INFO - Processing /home/airflow/.local/lib/python3.7/site-packages/airflow/example_dags/example_sensor_decorator.py took 0.148 seconds
[2023-03-12T10:13:21.873+0000] {processor.py:153} INFO - Started process (PID=795) to work on /home/airflow/.local/lib/python3.7/site-packages/airflow/example_dags/example_sensor_decorator.py
[2023-03-12T10:13:21.875+0000] {processor.py:743} INFO - Processing file /home/airflow/.local/lib/python3.7/site-packages/airflow/example_dags/example_sensor_decorator.py for tasks to queue
[2023-03-12T10:13:21.876+0000] {logging_mixin.py:137} INFO - [2023-03-12T10:13:21.876+0000] {dagbag.py:538} INFO - Filling up the DagBag from /home/airflow/.local/lib/python3.7/site-packages/airflow/example_dags/example_sensor_decorator.py
[2023-03-12T10:13:21.896+0000] {processor.py:753} INFO - DAG(s) dict_keys(['example_sensor_decorator']) retrieved from /home/airflow/.local/lib/python3.7/site-packages/airflow/example_dags/example_sensor_decorator.py
[2023-03-12T10:13:21.926+0000] {logging_mixin.py:137} INFO - [2023-03-12T10:13:21.926+0000] {dag.py:2690} INFO - Sync 1 DAGs
[2023-03-12T10:13:21.950+0000] {logging_mixin.py:137} INFO - [2023-03-12T10:13:21.950+0000] {dag.py:3441} INFO - Setting next_dagrun for example_sensor_decorator to None, run_after=None
[2023-03-12T10:13:21.970+0000] {processor.py:175} INFO - Processing /home/airflow/.local/lib/python3.7/site-packages/airflow/example_dags/example_sensor_decorator.py took 0.101 seconds
[2023-03-12T10:13:52.109+0000] {processor.py:153} INFO - Started process (PID=864) to work on /home/airflow/.local/lib/python3.7/site-packages/airflow/example_dags/example_sensor_decorator.py
[2023-03-12T10:13:52.113+0000] {processor.py:743} INFO - Processing file /home/airflow/.local/lib/python3.7/site-packages/airflow/example_dags/example_sensor_decorator.py for tasks to queue
[2023-03-12T10:13:52.116+0000] {logging_mixin.py:137} INFO - [2023-03-12T10:13:52.115+0000] {dagbag.py:538} INFO - Filling up the DagBag from /home/airflow/.local/lib/python3.7/site-packages/airflow/example_dags/example_sensor_decorator.py
[2023-03-12T10:13:52.137+0000] {processor.py:753} INFO - DAG(s) dict_keys(['example_sensor_decorator']) retrieved from /home/airflow/.local/lib/python3.7/site-packages/airflow/example_dags/example_sensor_decorator.py
[2023-03-12T10:13:52.174+0000] {logging_mixin.py:137} INFO - [2023-03-12T10:13:52.174+0000] {dag.py:2690} INFO - Sync 1 DAGs
[2023-03-12T10:13:52.193+0000] {logging_mixin.py:137} INFO - [2023-03-12T10:13:52.192+0000] {dag.py:3441} INFO - Setting next_dagrun for example_sensor_decorator to None, run_after=None
[2023-03-12T10:13:52.208+0000] {processor.py:175} INFO - Processing /home/airflow/.local/lib/python3.7/site-packages/airflow/example_dags/example_sensor_decorator.py took 0.102 seconds
[2023-03-12T10:14:22.428+0000] {processor.py:153} INFO - Started process (PID=941) to work on /home/airflow/.local/lib/python3.7/site-packages/airflow/example_dags/example_sensor_decorator.py
[2023-03-12T10:14:22.431+0000] {processor.py:743} INFO - Processing file /home/airflow/.local/lib/python3.7/site-packages/airflow/example_dags/example_sensor_decorator.py for tasks to queue
[2023-03-12T10:14:22.434+0000] {logging_mixin.py:137} INFO - [2023-03-12T10:14:22.434+0000] {dagbag.py:538} INFO - Filling up the DagBag from /home/airflow/.local/lib/python3.7/site-packages/airflow/example_dags/example_sensor_decorator.py
[2023-03-12T10:14:22.454+0000] {processor.py:753} INFO - DAG(s) dict_keys(['example_sensor_decorator']) retrieved from /home/airflow/.local/lib/python3.7/site-packages/airflow/example_dags/example_sensor_decorator.py
[2023-03-12T10:14:22.479+0000] {logging_mixin.py:137} INFO - [2023-03-12T10:14:22.478+0000] {dag.py:2690} INFO - Sync 1 DAGs
[2023-03-12T10:14:22.497+0000] {logging_mixin.py:137} INFO - [2023-03-12T10:14:22.497+0000] {dag.py:3441} INFO - Setting next_dagrun for example_sensor_decorator to None, run_after=None
[2023-03-12T10:14:22.517+0000] {processor.py:175} INFO - Processing /home/airflow/.local/lib/python3.7/site-packages/airflow/example_dags/example_sensor_decorator.py took 0.093 seconds
[2023-03-12T10:14:52.668+0000] {processor.py:153} INFO - Started process (PID=1007) to work on /home/airflow/.local/lib/python3.7/site-packages/airflow/example_dags/example_sensor_decorator.py
[2023-03-12T10:14:52.670+0000] {processor.py:743} INFO - Processing file /home/airflow/.local/lib/python3.7/site-packages/airflow/example_dags/example_sensor_decorator.py for tasks to queue
[2023-03-12T10:14:52.672+0000] {logging_mixin.py:137} INFO - [2023-03-12T10:14:52.672+0000] {dagbag.py:538} INFO - Filling up the DagBag from /home/airflow/.local/lib/python3.7/site-packages/airflow/example_dags/example_sensor_decorator.py
[2023-03-12T10:14:52.690+0000] {processor.py:753} INFO - DAG(s) dict_keys(['example_sensor_decorator']) retrieved from /home/airflow/.local/lib/python3.7/site-packages/airflow/example_dags/example_sensor_decorator.py
[2023-03-12T10:14:52.714+0000] {logging_mixin.py:137} INFO - [2023-03-12T10:14:52.714+0000] {dag.py:2690} INFO - Sync 1 DAGs
[2023-03-12T10:14:52.736+0000] {logging_mixin.py:137} INFO - [2023-03-12T10:14:52.736+0000] {dag.py:3441} INFO - Setting next_dagrun for example_sensor_decorator to None, run_after=None
[2023-03-12T10:14:52.750+0000] {processor.py:175} INFO - Processing /home/airflow/.local/lib/python3.7/site-packages/airflow/example_dags/example_sensor_decorator.py took 0.086 seconds
[2023-03-12T10:15:22.986+0000] {processor.py:153} INFO - Started process (PID=1085) to work on /home/airflow/.local/lib/python3.7/site-packages/airflow/example_dags/example_sensor_decorator.py
[2023-03-12T10:15:22.988+0000] {processor.py:743} INFO - Processing file /home/airflow/.local/lib/python3.7/site-packages/airflow/example_dags/example_sensor_decorator.py for tasks to queue
[2023-03-12T10:15:22.990+0000] {logging_mixin.py:137} INFO - [2023-03-12T10:15:22.990+0000] {dagbag.py:538} INFO - Filling up the DagBag from /home/airflow/.local/lib/python3.7/site-packages/airflow/example_dags/example_sensor_decorator.py
[2023-03-12T10:15:23.010+0000] {processor.py:753} INFO - DAG(s) dict_keys(['example_sensor_decorator']) retrieved from /home/airflow/.local/lib/python3.7/site-packages/airflow/example_dags/example_sensor_decorator.py
[2023-03-12T10:15:23.037+0000] {logging_mixin.py:137} INFO - [2023-03-12T10:15:23.037+0000] {dag.py:2690} INFO - Sync 1 DAGs
[2023-03-12T10:15:23.059+0000] {logging_mixin.py:137} INFO - [2023-03-12T10:15:23.058+0000] {dag.py:3441} INFO - Setting next_dagrun for example_sensor_decorator to None, run_after=None
[2023-03-12T10:15:23.078+0000] {processor.py:175} INFO - Processing /home/airflow/.local/lib/python3.7/site-packages/airflow/example_dags/example_sensor_decorator.py took 0.096 seconds
[2023-03-12T10:15:53.479+0000] {processor.py:153} INFO - Started process (PID=1148) to work on /home/airflow/.local/lib/python3.7/site-packages/airflow/example_dags/example_sensor_decorator.py
[2023-03-12T10:15:53.483+0000] {processor.py:743} INFO - Processing file /home/airflow/.local/lib/python3.7/site-packages/airflow/example_dags/example_sensor_decorator.py for tasks to queue
[2023-03-12T10:15:53.485+0000] {logging_mixin.py:137} INFO - [2023-03-12T10:15:53.485+0000] {dagbag.py:538} INFO - Filling up the DagBag from /home/airflow/.local/lib/python3.7/site-packages/airflow/example_dags/example_sensor_decorator.py
[2023-03-12T10:15:53.507+0000] {processor.py:753} INFO - DAG(s) dict_keys(['example_sensor_decorator']) retrieved from /home/airflow/.local/lib/python3.7/site-packages/airflow/example_dags/example_sensor_decorator.py
[2023-03-12T10:15:53.534+0000] {logging_mixin.py:137} INFO - [2023-03-12T10:15:53.534+0000] {dag.py:2690} INFO - Sync 1 DAGs
[2023-03-12T10:15:53.553+0000] {logging_mixin.py:137} INFO - [2023-03-12T10:15:53.553+0000] {dag.py:3441} INFO - Setting next_dagrun for example_sensor_decorator to None, run_after=None
[2023-03-12T10:15:53.567+0000] {processor.py:175} INFO - Processing /home/airflow/.local/lib/python3.7/site-packages/airflow/example_dags/example_sensor_decorator.py took 0.091 seconds
[2023-03-12T10:16:23.616+0000] {processor.py:153} INFO - Started process (PID=1225) to work on /home/airflow/.local/lib/python3.7/site-packages/airflow/example_dags/example_sensor_decorator.py
[2023-03-12T10:16:23.618+0000] {processor.py:743} INFO - Processing file /home/airflow/.local/lib/python3.7/site-packages/airflow/example_dags/example_sensor_decorator.py for tasks to queue
[2023-03-12T10:16:23.620+0000] {logging_mixin.py:137} INFO - [2023-03-12T10:16:23.620+0000] {dagbag.py:538} INFO - Filling up the DagBag from /home/airflow/.local/lib/python3.7/site-packages/airflow/example_dags/example_sensor_decorator.py
[2023-03-12T10:16:23.638+0000] {processor.py:753} INFO - DAG(s) dict_keys(['example_sensor_decorator']) retrieved from /home/airflow/.local/lib/python3.7/site-packages/airflow/example_dags/example_sensor_decorator.py
[2023-03-12T10:16:23.664+0000] {logging_mixin.py:137} INFO - [2023-03-12T10:16:23.664+0000] {dag.py:2690} INFO - Sync 1 DAGs
[2023-03-12T10:16:23.683+0000] {logging_mixin.py:137} INFO - [2023-03-12T10:16:23.683+0000] {dag.py:3441} INFO - Setting next_dagrun for example_sensor_decorator to None, run_after=None
[2023-03-12T10:16:23.699+0000] {processor.py:175} INFO - Processing /home/airflow/.local/lib/python3.7/site-packages/airflow/example_dags/example_sensor_decorator.py took 0.090 seconds
[2023-03-12T10:16:54.732+0000] {processor.py:153} INFO - Started process (PID=1303) to work on /home/airflow/.local/lib/python3.7/site-packages/airflow/example_dags/example_sensor_decorator.py
[2023-03-12T10:16:54.735+0000] {processor.py:743} INFO - Processing file /home/airflow/.local/lib/python3.7/site-packages/airflow/example_dags/example_sensor_decorator.py for tasks to queue
[2023-03-12T10:16:54.738+0000] {logging_mixin.py:137} INFO - [2023-03-12T10:16:54.738+0000] {dagbag.py:538} INFO - Filling up the DagBag from /home/airflow/.local/lib/python3.7/site-packages/airflow/example_dags/example_sensor_decorator.py
[2023-03-12T10:16:54.770+0000] {processor.py:753} INFO - DAG(s) dict_keys(['example_sensor_decorator']) retrieved from /home/airflow/.local/lib/python3.7/site-packages/airflow/example_dags/example_sensor_decorator.py
[2023-03-12T10:16:54.796+0000] {logging_mixin.py:137} INFO - [2023-03-12T10:16:54.795+0000] {dag.py:2690} INFO - Sync 1 DAGs
[2023-03-12T10:16:54.818+0000] {logging_mixin.py:137} INFO - [2023-03-12T10:16:54.818+0000] {dag.py:3441} INFO - Setting next_dagrun for example_sensor_decorator to None, run_after=None
[2023-03-12T10:16:54.839+0000] {processor.py:175} INFO - Processing /home/airflow/.local/lib/python3.7/site-packages/airflow/example_dags/example_sensor_decorator.py took 0.114 seconds
[2023-03-12T10:17:25.760+0000] {processor.py:153} INFO - Started process (PID=1368) to work on /home/airflow/.local/lib/python3.7/site-packages/airflow/example_dags/example_sensor_decorator.py
[2023-03-12T10:17:25.763+0000] {processor.py:743} INFO - Processing file /home/airflow/.local/lib/python3.7/site-packages/airflow/example_dags/example_sensor_decorator.py for tasks to queue
[2023-03-12T10:17:25.764+0000] {logging_mixin.py:137} INFO - [2023-03-12T10:17:25.764+0000] {dagbag.py:538} INFO - Filling up the DagBag from /home/airflow/.local/lib/python3.7/site-packages/airflow/example_dags/example_sensor_decorator.py
[2023-03-12T10:17:25.786+0000] {processor.py:753} INFO - DAG(s) dict_keys(['example_sensor_decorator']) retrieved from /home/airflow/.local/lib/python3.7/site-packages/airflow/example_dags/example_sensor_decorator.py
[2023-03-12T10:17:25.814+0000] {logging_mixin.py:137} INFO - [2023-03-12T10:17:25.814+0000] {dag.py:2690} INFO - Sync 1 DAGs
[2023-03-12T10:17:25.834+0000] {logging_mixin.py:137} INFO - [2023-03-12T10:17:25.834+0000] {dag.py:3441} INFO - Setting next_dagrun for example_sensor_decorator to None, run_after=None
[2023-03-12T10:17:25.850+0000] {processor.py:175} INFO - Processing /home/airflow/.local/lib/python3.7/site-packages/airflow/example_dags/example_sensor_decorator.py took 0.093 seconds
[2023-03-12T10:17:56.755+0000] {processor.py:153} INFO - Started process (PID=1445) to work on /home/airflow/.local/lib/python3.7/site-packages/airflow/example_dags/example_sensor_decorator.py
[2023-03-12T10:17:56.758+0000] {processor.py:743} INFO - Processing file /home/airflow/.local/lib/python3.7/site-packages/airflow/example_dags/example_sensor_decorator.py for tasks to queue
[2023-03-12T10:17:56.760+0000] {logging_mixin.py:137} INFO - [2023-03-12T10:17:56.760+0000] {dagbag.py:538} INFO - Filling up the DagBag from /home/airflow/.local/lib/python3.7/site-packages/airflow/example_dags/example_sensor_decorator.py
[2023-03-12T10:17:56.781+0000] {processor.py:753} INFO - DAG(s) dict_keys(['example_sensor_decorator']) retrieved from /home/airflow/.local/lib/python3.7/site-packages/airflow/example_dags/example_sensor_decorator.py
[2023-03-12T10:17:56.809+0000] {logging_mixin.py:137} INFO - [2023-03-12T10:17:56.809+0000] {dag.py:2690} INFO - Sync 1 DAGs
[2023-03-12T10:17:56.830+0000] {logging_mixin.py:137} INFO - [2023-03-12T10:17:56.830+0000] {dag.py:3441} INFO - Setting next_dagrun for example_sensor_decorator to None, run_after=None
[2023-03-12T10:17:56.847+0000] {processor.py:175} INFO - Processing /home/airflow/.local/lib/python3.7/site-packages/airflow/example_dags/example_sensor_decorator.py took 0.096 seconds
[2023-03-12T10:18:26.990+0000] {processor.py:153} INFO - Started process (PID=1523) to work on /home/airflow/.local/lib/python3.7/site-packages/airflow/example_dags/example_sensor_decorator.py
[2023-03-12T10:18:26.993+0000] {processor.py:743} INFO - Processing file /home/airflow/.local/lib/python3.7/site-packages/airflow/example_dags/example_sensor_decorator.py for tasks to queue
[2023-03-12T10:18:26.994+0000] {logging_mixin.py:137} INFO - [2023-03-12T10:18:26.994+0000] {dagbag.py:538} INFO - Filling up the DagBag from /home/airflow/.local/lib/python3.7/site-packages/airflow/example_dags/example_sensor_decorator.py
[2023-03-12T10:18:27.022+0000] {processor.py:753} INFO - DAG(s) dict_keys(['example_sensor_decorator']) retrieved from /home/airflow/.local/lib/python3.7/site-packages/airflow/example_dags/example_sensor_decorator.py
[2023-03-12T10:18:27.069+0000] {logging_mixin.py:137} INFO - [2023-03-12T10:18:27.069+0000] {dag.py:2690} INFO - Sync 1 DAGs
[2023-03-12T10:18:27.093+0000] {logging_mixin.py:137} INFO - [2023-03-12T10:18:27.093+0000] {dag.py:3441} INFO - Setting next_dagrun for example_sensor_decorator to None, run_after=None
[2023-03-12T10:18:27.114+0000] {processor.py:175} INFO - Processing /home/airflow/.local/lib/python3.7/site-packages/airflow/example_dags/example_sensor_decorator.py took 0.127 seconds
[2023-03-12T10:18:57.227+0000] {processor.py:153} INFO - Started process (PID=1588) to work on /home/airflow/.local/lib/python3.7/site-packages/airflow/example_dags/example_sensor_decorator.py
[2023-03-12T10:18:57.232+0000] {processor.py:743} INFO - Processing file /home/airflow/.local/lib/python3.7/site-packages/airflow/example_dags/example_sensor_decorator.py for tasks to queue
[2023-03-12T10:18:57.235+0000] {logging_mixin.py:137} INFO - [2023-03-12T10:18:57.235+0000] {dagbag.py:538} INFO - Filling up the DagBag from /home/airflow/.local/lib/python3.7/site-packages/airflow/example_dags/example_sensor_decorator.py
[2023-03-12T10:18:57.263+0000] {processor.py:753} INFO - DAG(s) dict_keys(['example_sensor_decorator']) retrieved from /home/airflow/.local/lib/python3.7/site-packages/airflow/example_dags/example_sensor_decorator.py
[2023-03-12T10:18:57.293+0000] {logging_mixin.py:137} INFO - [2023-03-12T10:18:57.293+0000] {dag.py:2690} INFO - Sync 1 DAGs
[2023-03-12T10:18:57.318+0000] {logging_mixin.py:137} INFO - [2023-03-12T10:18:57.318+0000] {dag.py:3441} INFO - Setting next_dagrun for example_sensor_decorator to None, run_after=None
[2023-03-12T10:18:57.337+0000] {processor.py:175} INFO - Processing /home/airflow/.local/lib/python3.7/site-packages/airflow/example_dags/example_sensor_decorator.py took 0.117 seconds
[2023-03-12T10:19:28.046+0000] {processor.py:153} INFO - Started process (PID=1666) to work on /home/airflow/.local/lib/python3.7/site-packages/airflow/example_dags/example_sensor_decorator.py
[2023-03-12T10:19:28.049+0000] {processor.py:743} INFO - Processing file /home/airflow/.local/lib/python3.7/site-packages/airflow/example_dags/example_sensor_decorator.py for tasks to queue
[2023-03-12T10:19:28.051+0000] {logging_mixin.py:137} INFO - [2023-03-12T10:19:28.051+0000] {dagbag.py:538} INFO - Filling up the DagBag from /home/airflow/.local/lib/python3.7/site-packages/airflow/example_dags/example_sensor_decorator.py
[2023-03-12T10:19:28.068+0000] {processor.py:753} INFO - DAG(s) dict_keys(['example_sensor_decorator']) retrieved from /home/airflow/.local/lib/python3.7/site-packages/airflow/example_dags/example_sensor_decorator.py
[2023-03-12T10:19:28.091+0000] {logging_mixin.py:137} INFO - [2023-03-12T10:19:28.091+0000] {dag.py:2690} INFO - Sync 1 DAGs
[2023-03-12T10:19:28.109+0000] {logging_mixin.py:137} INFO - [2023-03-12T10:19:28.109+0000] {dag.py:3441} INFO - Setting next_dagrun for example_sensor_decorator to None, run_after=None
[2023-03-12T10:19:28.126+0000] {processor.py:175} INFO - Processing /home/airflow/.local/lib/python3.7/site-packages/airflow/example_dags/example_sensor_decorator.py took 0.083 seconds
[2023-03-12T10:19:59.379+0000] {processor.py:153} INFO - Started process (PID=1731) to work on /home/airflow/.local/lib/python3.7/site-packages/airflow/example_dags/example_sensor_decorator.py
[2023-03-12T10:19:59.382+0000] {processor.py:743} INFO - Processing file /home/airflow/.local/lib/python3.7/site-packages/airflow/example_dags/example_sensor_decorator.py for tasks to queue
[2023-03-12T10:19:59.383+0000] {logging_mixin.py:137} INFO - [2023-03-12T10:19:59.383+0000] {dagbag.py:538} INFO - Filling up the DagBag from /home/airflow/.local/lib/python3.7/site-packages/airflow/example_dags/example_sensor_decorator.py
[2023-03-12T10:19:59.404+0000] {processor.py:753} INFO - DAG(s) dict_keys(['example_sensor_decorator']) retrieved from /home/airflow/.local/lib/python3.7/site-packages/airflow/example_dags/example_sensor_decorator.py
[2023-03-12T10:19:59.434+0000] {logging_mixin.py:137} INFO - [2023-03-12T10:19:59.434+0000] {dag.py:2690} INFO - Sync 1 DAGs
[2023-03-12T10:19:59.457+0000] {logging_mixin.py:137} INFO - [2023-03-12T10:19:59.457+0000] {dag.py:3441} INFO - Setting next_dagrun for example_sensor_decorator to None, run_after=None
[2023-03-12T10:19:59.481+0000] {processor.py:175} INFO - Processing /home/airflow/.local/lib/python3.7/site-packages/airflow/example_dags/example_sensor_decorator.py took 0.105 seconds
[2023-03-12T10:20:29.603+0000] {processor.py:153} INFO - Started process (PID=1810) to work on /home/airflow/.local/lib/python3.7/site-packages/airflow/example_dags/example_sensor_decorator.py
[2023-03-12T10:20:29.608+0000] {processor.py:743} INFO - Processing file /home/airflow/.local/lib/python3.7/site-packages/airflow/example_dags/example_sensor_decorator.py for tasks to queue
[2023-03-12T10:20:29.612+0000] {logging_mixin.py:137} INFO - [2023-03-12T10:20:29.612+0000] {dagbag.py:538} INFO - Filling up the DagBag from /home/airflow/.local/lib/python3.7/site-packages/airflow/example_dags/example_sensor_decorator.py
[2023-03-12T10:20:29.637+0000] {processor.py:753} INFO - DAG(s) dict_keys(['example_sensor_decorator']) retrieved from /home/airflow/.local/lib/python3.7/site-packages/airflow/example_dags/example_sensor_decorator.py
[2023-03-12T10:20:29.667+0000] {logging_mixin.py:137} INFO - [2023-03-12T10:20:29.667+0000] {dag.py:2690} INFO - Sync 1 DAGs
[2023-03-12T10:20:29.692+0000] {logging_mixin.py:137} INFO - [2023-03-12T10:20:29.692+0000] {dag.py:3441} INFO - Setting next_dagrun for example_sensor_decorator to None, run_after=None
[2023-03-12T10:20:29.710+0000] {processor.py:175} INFO - Processing /home/airflow/.local/lib/python3.7/site-packages/airflow/example_dags/example_sensor_decorator.py took 0.112 seconds
[2023-03-12T10:21:00.264+0000] {processor.py:153} INFO - Started process (PID=1889) to work on /home/airflow/.local/lib/python3.7/site-packages/airflow/example_dags/example_sensor_decorator.py
[2023-03-12T10:21:00.266+0000] {processor.py:743} INFO - Processing file /home/airflow/.local/lib/python3.7/site-packages/airflow/example_dags/example_sensor_decorator.py for tasks to queue
[2023-03-12T10:21:00.268+0000] {logging_mixin.py:137} INFO - [2023-03-12T10:21:00.268+0000] {dagbag.py:538} INFO - Filling up the DagBag from /home/airflow/.local/lib/python3.7/site-packages/airflow/example_dags/example_sensor_decorator.py
[2023-03-12T10:21:00.288+0000] {processor.py:753} INFO - DAG(s) dict_keys(['example_sensor_decorator']) retrieved from /home/airflow/.local/lib/python3.7/site-packages/airflow/example_dags/example_sensor_decorator.py
[2023-03-12T10:21:00.332+0000] {logging_mixin.py:137} INFO - [2023-03-12T10:21:00.331+0000] {dag.py:2690} INFO - Sync 1 DAGs
[2023-03-12T10:21:00.373+0000] {logging_mixin.py:137} INFO - [2023-03-12T10:21:00.373+0000] {dag.py:3441} INFO - Setting next_dagrun for example_sensor_decorator to None, run_after=None
[2023-03-12T10:21:00.398+0000] {processor.py:175} INFO - Processing /home/airflow/.local/lib/python3.7/site-packages/airflow/example_dags/example_sensor_decorator.py took 0.141 seconds
[2023-03-12T10:21:30.511+0000] {processor.py:153} INFO - Started process (PID=1954) to work on /home/airflow/.local/lib/python3.7/site-packages/airflow/example_dags/example_sensor_decorator.py
[2023-03-12T10:21:30.513+0000] {processor.py:743} INFO - Processing file /home/airflow/.local/lib/python3.7/site-packages/airflow/example_dags/example_sensor_decorator.py for tasks to queue
[2023-03-12T10:21:30.515+0000] {logging_mixin.py:137} INFO - [2023-03-12T10:21:30.514+0000] {dagbag.py:538} INFO - Filling up the DagBag from /home/airflow/.local/lib/python3.7/site-packages/airflow/example_dags/example_sensor_decorator.py
[2023-03-12T10:21:30.532+0000] {processor.py:753} INFO - DAG(s) dict_keys(['example_sensor_decorator']) retrieved from /home/airflow/.local/lib/python3.7/site-packages/airflow/example_dags/example_sensor_decorator.py
[2023-03-12T10:21:30.557+0000] {logging_mixin.py:137} INFO - [2023-03-12T10:21:30.556+0000] {dag.py:2690} INFO - Sync 1 DAGs
[2023-03-12T10:21:30.574+0000] {logging_mixin.py:137} INFO - [2023-03-12T10:21:30.574+0000] {dag.py:3441} INFO - Setting next_dagrun for example_sensor_decorator to None, run_after=None
[2023-03-12T10:21:30.589+0000] {processor.py:175} INFO - Processing /home/airflow/.local/lib/python3.7/site-packages/airflow/example_dags/example_sensor_decorator.py took 0.081 seconds
[2023-03-12T10:22:00.919+0000] {processor.py:153} INFO - Started process (PID=2032) to work on /home/airflow/.local/lib/python3.7/site-packages/airflow/example_dags/example_sensor_decorator.py
[2023-03-12T10:22:00.923+0000] {processor.py:743} INFO - Processing file /home/airflow/.local/lib/python3.7/site-packages/airflow/example_dags/example_sensor_decorator.py for tasks to queue
[2023-03-12T10:22:00.924+0000] {logging_mixin.py:137} INFO - [2023-03-12T10:22:00.924+0000] {dagbag.py:538} INFO - Filling up the DagBag from /home/airflow/.local/lib/python3.7/site-packages/airflow/example_dags/example_sensor_decorator.py
[2023-03-12T10:22:00.943+0000] {processor.py:753} INFO - DAG(s) dict_keys(['example_sensor_decorator']) retrieved from /home/airflow/.local/lib/python3.7/site-packages/airflow/example_dags/example_sensor_decorator.py
[2023-03-12T10:22:00.970+0000] {logging_mixin.py:137} INFO - [2023-03-12T10:22:00.969+0000] {dag.py:2690} INFO - Sync 1 DAGs
[2023-03-12T10:22:00.987+0000] {logging_mixin.py:137} INFO - [2023-03-12T10:22:00.987+0000] {dag.py:3441} INFO - Setting next_dagrun for example_sensor_decorator to None, run_after=None
[2023-03-12T10:22:01.003+0000] {processor.py:175} INFO - Processing /home/airflow/.local/lib/python3.7/site-packages/airflow/example_dags/example_sensor_decorator.py took 0.087 seconds
