[2023-03-12T10:08:15.606+0000] {processor.py:153} INFO - Started process (PID=55) to work on /home/airflow/.local/lib/python3.7/site-packages/airflow/example_dags/example_dag_decorator.py
[2023-03-12T10:08:15.609+0000] {processor.py:743} INFO - Processing file /home/airflow/.local/lib/python3.7/site-packages/airflow/example_dags/example_dag_decorator.py for tasks to queue
[2023-03-12T10:08:15.611+0000] {logging_mixin.py:137} INFO - [2023-03-12T10:08:15.611+0000] {dagbag.py:538} INFO - Filling up the DagBag from /home/airflow/.local/lib/python3.7/site-packages/airflow/example_dags/example_dag_decorator.py
[2023-03-12T10:08:15.631+0000] {logging_mixin.py:137} INFO - [2023-03-12T10:08:15.631+0000] {taskmixin.py:205} WARNING - Dependency <Task(_PythonDecoratedOperator): prepare_email>, send_email already registered for DAG: example_dag_decorator
[2023-03-12T10:08:15.633+0000] {logging_mixin.py:137} INFO - [2023-03-12T10:08:15.633+0000] {taskmixin.py:205} WARNING - Dependency <Task(EmailOperator): send_email>, prepare_email already registered for DAG: example_dag_decorator
[2023-03-12T10:08:15.657+0000] {processor.py:753} INFO - DAG(s) dict_keys(['example_dag_decorator']) retrieved from /home/airflow/.local/lib/python3.7/site-packages/airflow/example_dags/example_dag_decorator.py
[2023-03-12T10:08:15.684+0000] {logging_mixin.py:137} INFO - [2023-03-12T10:08:15.684+0000] {dag.py:2690} INFO - Sync 1 DAGs
[2023-03-12T10:08:15.722+0000] {logging_mixin.py:137} INFO - [2023-03-12T10:08:15.722+0000] {dag.py:3441} INFO - Setting next_dagrun for example_dag_decorator to None, run_after=None
[2023-03-12T10:08:15.747+0000] {processor.py:175} INFO - Processing /home/airflow/.local/lib/python3.7/site-packages/airflow/example_dags/example_dag_decorator.py took 0.145 seconds
[2023-03-12T10:08:46.244+0000] {processor.py:153} INFO - Started process (PID=132) to work on /home/airflow/.local/lib/python3.7/site-packages/airflow/example_dags/example_dag_decorator.py
[2023-03-12T10:08:46.246+0000] {processor.py:743} INFO - Processing file /home/airflow/.local/lib/python3.7/site-packages/airflow/example_dags/example_dag_decorator.py for tasks to queue
[2023-03-12T10:08:46.248+0000] {logging_mixin.py:137} INFO - [2023-03-12T10:08:46.248+0000] {dagbag.py:538} INFO - Filling up the DagBag from /home/airflow/.local/lib/python3.7/site-packages/airflow/example_dags/example_dag_decorator.py
[2023-03-12T10:08:46.262+0000] {logging_mixin.py:137} INFO - [2023-03-12T10:08:46.262+0000] {taskmixin.py:205} WARNING - Dependency <Task(_PythonDecoratedOperator): prepare_email>, send_email already registered for DAG: example_dag_decorator
[2023-03-12T10:08:46.264+0000] {logging_mixin.py:137} INFO - [2023-03-12T10:08:46.264+0000] {taskmixin.py:205} WARNING - Dependency <Task(EmailOperator): send_email>, prepare_email already registered for DAG: example_dag_decorator
[2023-03-12T10:08:46.276+0000] {processor.py:753} INFO - DAG(s) dict_keys(['example_dag_decorator']) retrieved from /home/airflow/.local/lib/python3.7/site-packages/airflow/example_dags/example_dag_decorator.py
[2023-03-12T10:08:46.320+0000] {logging_mixin.py:137} INFO - [2023-03-12T10:08:46.320+0000] {dag.py:2690} INFO - Sync 1 DAGs
[2023-03-12T10:08:46.334+0000] {logging_mixin.py:137} INFO - [2023-03-12T10:08:46.334+0000] {dag.py:3441} INFO - Setting next_dagrun for example_dag_decorator to None, run_after=None
[2023-03-12T10:08:46.347+0000] {processor.py:175} INFO - Processing /home/airflow/.local/lib/python3.7/site-packages/airflow/example_dags/example_dag_decorator.py took 0.107 seconds
[2023-03-12T10:09:17.736+0000] {processor.py:153} INFO - Started process (PID=205) to work on /home/airflow/.local/lib/python3.7/site-packages/airflow/example_dags/example_dag_decorator.py
[2023-03-12T10:09:17.746+0000] {processor.py:743} INFO - Processing file /home/airflow/.local/lib/python3.7/site-packages/airflow/example_dags/example_dag_decorator.py for tasks to queue
[2023-03-12T10:09:17.752+0000] {logging_mixin.py:137} INFO - [2023-03-12T10:09:17.752+0000] {dagbag.py:538} INFO - Filling up the DagBag from /home/airflow/.local/lib/python3.7/site-packages/airflow/example_dags/example_dag_decorator.py
[2023-03-12T10:09:17.818+0000] {logging_mixin.py:137} INFO - [2023-03-12T10:09:17.818+0000] {taskmixin.py:205} WARNING - Dependency <Task(_PythonDecoratedOperator): prepare_email>, send_email already registered for DAG: example_dag_decorator
[2023-03-12T10:09:17.820+0000] {logging_mixin.py:137} INFO - [2023-03-12T10:09:17.820+0000] {taskmixin.py:205} WARNING - Dependency <Task(EmailOperator): send_email>, prepare_email already registered for DAG: example_dag_decorator
[2023-03-12T10:09:17.853+0000] {processor.py:753} INFO - DAG(s) dict_keys(['example_dag_decorator']) retrieved from /home/airflow/.local/lib/python3.7/site-packages/airflow/example_dags/example_dag_decorator.py
[2023-03-12T10:09:18.008+0000] {logging_mixin.py:137} INFO - [2023-03-12T10:09:18.008+0000] {dag.py:2690} INFO - Sync 1 DAGs
[2023-03-12T10:09:18.053+0000] {logging_mixin.py:137} INFO - [2023-03-12T10:09:18.053+0000] {dag.py:3441} INFO - Setting next_dagrun for example_dag_decorator to None, run_after=None
[2023-03-12T10:09:18.089+0000] {processor.py:175} INFO - Processing /home/airflow/.local/lib/python3.7/site-packages/airflow/example_dags/example_dag_decorator.py took 0.358 seconds
[2023-03-12T10:09:48.582+0000] {processor.py:153} INFO - Started process (PID=274) to work on /home/airflow/.local/lib/python3.7/site-packages/airflow/example_dags/example_dag_decorator.py
[2023-03-12T10:09:48.585+0000] {processor.py:743} INFO - Processing file /home/airflow/.local/lib/python3.7/site-packages/airflow/example_dags/example_dag_decorator.py for tasks to queue
[2023-03-12T10:09:48.587+0000] {logging_mixin.py:137} INFO - [2023-03-12T10:09:48.587+0000] {dagbag.py:538} INFO - Filling up the DagBag from /home/airflow/.local/lib/python3.7/site-packages/airflow/example_dags/example_dag_decorator.py
[2023-03-12T10:09:48.602+0000] {logging_mixin.py:137} INFO - [2023-03-12T10:09:48.602+0000] {taskmixin.py:205} WARNING - Dependency <Task(_PythonDecoratedOperator): prepare_email>, send_email already registered for DAG: example_dag_decorator
[2023-03-12T10:09:48.604+0000] {logging_mixin.py:137} INFO - [2023-03-12T10:09:48.604+0000] {taskmixin.py:205} WARNING - Dependency <Task(EmailOperator): send_email>, prepare_email already registered for DAG: example_dag_decorator
[2023-03-12T10:09:48.616+0000] {processor.py:753} INFO - DAG(s) dict_keys(['example_dag_decorator']) retrieved from /home/airflow/.local/lib/python3.7/site-packages/airflow/example_dags/example_dag_decorator.py
[2023-03-12T10:09:48.666+0000] {logging_mixin.py:137} INFO - [2023-03-12T10:09:48.666+0000] {dag.py:2690} INFO - Sync 1 DAGs
[2023-03-12T10:09:48.686+0000] {logging_mixin.py:137} INFO - [2023-03-12T10:09:48.686+0000] {dag.py:3441} INFO - Setting next_dagrun for example_dag_decorator to None, run_after=None
[2023-03-12T10:09:48.703+0000] {processor.py:175} INFO - Processing /home/airflow/.local/lib/python3.7/site-packages/airflow/example_dags/example_dag_decorator.py took 0.125 seconds
[2023-03-12T10:10:19.497+0000] {processor.py:153} INFO - Started process (PID=351) to work on /home/airflow/.local/lib/python3.7/site-packages/airflow/example_dags/example_dag_decorator.py
[2023-03-12T10:10:19.500+0000] {processor.py:743} INFO - Processing file /home/airflow/.local/lib/python3.7/site-packages/airflow/example_dags/example_dag_decorator.py for tasks to queue
[2023-03-12T10:10:19.501+0000] {logging_mixin.py:137} INFO - [2023-03-12T10:10:19.501+0000] {dagbag.py:538} INFO - Filling up the DagBag from /home/airflow/.local/lib/python3.7/site-packages/airflow/example_dags/example_dag_decorator.py
[2023-03-12T10:10:19.515+0000] {logging_mixin.py:137} INFO - [2023-03-12T10:10:19.515+0000] {taskmixin.py:205} WARNING - Dependency <Task(_PythonDecoratedOperator): prepare_email>, send_email already registered for DAG: example_dag_decorator
[2023-03-12T10:10:19.517+0000] {logging_mixin.py:137} INFO - [2023-03-12T10:10:19.517+0000] {taskmixin.py:205} WARNING - Dependency <Task(EmailOperator): send_email>, prepare_email already registered for DAG: example_dag_decorator
[2023-03-12T10:10:19.529+0000] {processor.py:753} INFO - DAG(s) dict_keys(['example_dag_decorator']) retrieved from /home/airflow/.local/lib/python3.7/site-packages/airflow/example_dags/example_dag_decorator.py
[2023-03-12T10:10:19.574+0000] {logging_mixin.py:137} INFO - [2023-03-12T10:10:19.573+0000] {dag.py:2690} INFO - Sync 1 DAGs
[2023-03-12T10:10:19.589+0000] {logging_mixin.py:137} INFO - [2023-03-12T10:10:19.589+0000] {dag.py:3441} INFO - Setting next_dagrun for example_dag_decorator to None, run_after=None
[2023-03-12T10:10:19.602+0000] {processor.py:175} INFO - Processing /home/airflow/.local/lib/python3.7/site-packages/airflow/example_dags/example_dag_decorator.py took 0.108 seconds
[2023-03-12T10:10:49.693+0000] {processor.py:153} INFO - Started process (PID=416) to work on /home/airflow/.local/lib/python3.7/site-packages/airflow/example_dags/example_dag_decorator.py
[2023-03-12T10:10:49.695+0000] {processor.py:743} INFO - Processing file /home/airflow/.local/lib/python3.7/site-packages/airflow/example_dags/example_dag_decorator.py for tasks to queue
[2023-03-12T10:10:49.697+0000] {logging_mixin.py:137} INFO - [2023-03-12T10:10:49.697+0000] {dagbag.py:538} INFO - Filling up the DagBag from /home/airflow/.local/lib/python3.7/site-packages/airflow/example_dags/example_dag_decorator.py
[2023-03-12T10:10:49.709+0000] {logging_mixin.py:137} INFO - [2023-03-12T10:10:49.709+0000] {taskmixin.py:205} WARNING - Dependency <Task(_PythonDecoratedOperator): prepare_email>, send_email already registered for DAG: example_dag_decorator
[2023-03-12T10:10:49.711+0000] {logging_mixin.py:137} INFO - [2023-03-12T10:10:49.711+0000] {taskmixin.py:205} WARNING - Dependency <Task(EmailOperator): send_email>, prepare_email already registered for DAG: example_dag_decorator
[2023-03-12T10:10:49.721+0000] {processor.py:753} INFO - DAG(s) dict_keys(['example_dag_decorator']) retrieved from /home/airflow/.local/lib/python3.7/site-packages/airflow/example_dags/example_dag_decorator.py
[2023-03-12T10:10:49.766+0000] {logging_mixin.py:137} INFO - [2023-03-12T10:10:49.765+0000] {dag.py:2690} INFO - Sync 1 DAGs
[2023-03-12T10:10:49.779+0000] {logging_mixin.py:137} INFO - [2023-03-12T10:10:49.779+0000] {dag.py:3441} INFO - Setting next_dagrun for example_dag_decorator to None, run_after=None
[2023-03-12T10:10:49.793+0000] {processor.py:175} INFO - Processing /home/airflow/.local/lib/python3.7/site-packages/airflow/example_dags/example_dag_decorator.py took 0.102 seconds
[2023-03-12T10:11:19.874+0000] {processor.py:153} INFO - Started process (PID=493) to work on /home/airflow/.local/lib/python3.7/site-packages/airflow/example_dags/example_dag_decorator.py
[2023-03-12T10:11:19.876+0000] {processor.py:743} INFO - Processing file /home/airflow/.local/lib/python3.7/site-packages/airflow/example_dags/example_dag_decorator.py for tasks to queue
[2023-03-12T10:11:19.878+0000] {logging_mixin.py:137} INFO - [2023-03-12T10:11:19.878+0000] {dagbag.py:538} INFO - Filling up the DagBag from /home/airflow/.local/lib/python3.7/site-packages/airflow/example_dags/example_dag_decorator.py
[2023-03-12T10:11:19.891+0000] {logging_mixin.py:137} INFO - [2023-03-12T10:11:19.891+0000] {taskmixin.py:205} WARNING - Dependency <Task(_PythonDecoratedOperator): prepare_email>, send_email already registered for DAG: example_dag_decorator
[2023-03-12T10:11:19.892+0000] {logging_mixin.py:137} INFO - [2023-03-12T10:11:19.892+0000] {taskmixin.py:205} WARNING - Dependency <Task(EmailOperator): send_email>, prepare_email already registered for DAG: example_dag_decorator
[2023-03-12T10:11:19.903+0000] {processor.py:753} INFO - DAG(s) dict_keys(['example_dag_decorator']) retrieved from /home/airflow/.local/lib/python3.7/site-packages/airflow/example_dags/example_dag_decorator.py
[2023-03-12T10:11:19.945+0000] {logging_mixin.py:137} INFO - [2023-03-12T10:11:19.945+0000] {dag.py:2690} INFO - Sync 1 DAGs
[2023-03-12T10:11:19.960+0000] {logging_mixin.py:137} INFO - [2023-03-12T10:11:19.960+0000] {dag.py:3441} INFO - Setting next_dagrun for example_dag_decorator to None, run_after=None
[2023-03-12T10:11:19.976+0000] {processor.py:175} INFO - Processing /home/airflow/.local/lib/python3.7/site-packages/airflow/example_dags/example_dag_decorator.py took 0.105 seconds
[2023-03-12T10:11:50.088+0000] {processor.py:153} INFO - Started process (PID=569) to work on /home/airflow/.local/lib/python3.7/site-packages/airflow/example_dags/example_dag_decorator.py
[2023-03-12T10:11:50.090+0000] {processor.py:743} INFO - Processing file /home/airflow/.local/lib/python3.7/site-packages/airflow/example_dags/example_dag_decorator.py for tasks to queue
[2023-03-12T10:11:50.091+0000] {logging_mixin.py:137} INFO - [2023-03-12T10:11:50.091+0000] {dagbag.py:538} INFO - Filling up the DagBag from /home/airflow/.local/lib/python3.7/site-packages/airflow/example_dags/example_dag_decorator.py
[2023-03-12T10:11:50.103+0000] {logging_mixin.py:137} INFO - [2023-03-12T10:11:50.103+0000] {taskmixin.py:205} WARNING - Dependency <Task(_PythonDecoratedOperator): prepare_email>, send_email already registered for DAG: example_dag_decorator
[2023-03-12T10:11:50.104+0000] {logging_mixin.py:137} INFO - [2023-03-12T10:11:50.104+0000] {taskmixin.py:205} WARNING - Dependency <Task(EmailOperator): send_email>, prepare_email already registered for DAG: example_dag_decorator
[2023-03-12T10:11:50.114+0000] {processor.py:753} INFO - DAG(s) dict_keys(['example_dag_decorator']) retrieved from /home/airflow/.local/lib/python3.7/site-packages/airflow/example_dags/example_dag_decorator.py
[2023-03-12T10:11:50.157+0000] {logging_mixin.py:137} INFO - [2023-03-12T10:11:50.156+0000] {dag.py:2690} INFO - Sync 1 DAGs
[2023-03-12T10:11:50.171+0000] {logging_mixin.py:137} INFO - [2023-03-12T10:11:50.171+0000] {dag.py:3441} INFO - Setting next_dagrun for example_dag_decorator to None, run_after=None
[2023-03-12T10:11:50.185+0000] {processor.py:175} INFO - Processing /home/airflow/.local/lib/python3.7/site-packages/airflow/example_dags/example_dag_decorator.py took 0.100 seconds
[2023-03-12T10:12:20.341+0000] {processor.py:153} INFO - Started process (PID=634) to work on /home/airflow/.local/lib/python3.7/site-packages/airflow/example_dags/example_dag_decorator.py
[2023-03-12T10:12:20.346+0000] {processor.py:743} INFO - Processing file /home/airflow/.local/lib/python3.7/site-packages/airflow/example_dags/example_dag_decorator.py for tasks to queue
[2023-03-12T10:12:20.348+0000] {logging_mixin.py:137} INFO - [2023-03-12T10:12:20.348+0000] {dagbag.py:538} INFO - Filling up the DagBag from /home/airflow/.local/lib/python3.7/site-packages/airflow/example_dags/example_dag_decorator.py
[2023-03-12T10:12:20.369+0000] {logging_mixin.py:137} INFO - [2023-03-12T10:12:20.369+0000] {taskmixin.py:205} WARNING - Dependency <Task(_PythonDecoratedOperator): prepare_email>, send_email already registered for DAG: example_dag_decorator
[2023-03-12T10:12:20.371+0000] {logging_mixin.py:137} INFO - [2023-03-12T10:12:20.371+0000] {taskmixin.py:205} WARNING - Dependency <Task(EmailOperator): send_email>, prepare_email already registered for DAG: example_dag_decorator
[2023-03-12T10:12:20.384+0000] {processor.py:753} INFO - DAG(s) dict_keys(['example_dag_decorator']) retrieved from /home/airflow/.local/lib/python3.7/site-packages/airflow/example_dags/example_dag_decorator.py
[2023-03-12T10:12:20.446+0000] {logging_mixin.py:137} INFO - [2023-03-12T10:12:20.446+0000] {dag.py:2690} INFO - Sync 1 DAGs
[2023-03-12T10:12:20.466+0000] {logging_mixin.py:137} INFO - [2023-03-12T10:12:20.466+0000] {dag.py:3441} INFO - Setting next_dagrun for example_dag_decorator to None, run_after=None
[2023-03-12T10:12:20.484+0000] {processor.py:175} INFO - Processing /home/airflow/.local/lib/python3.7/site-packages/airflow/example_dags/example_dag_decorator.py took 0.149 seconds
[2023-03-12T10:12:50.716+0000] {processor.py:153} INFO - Started process (PID=712) to work on /home/airflow/.local/lib/python3.7/site-packages/airflow/example_dags/example_dag_decorator.py
[2023-03-12T10:12:50.719+0000] {processor.py:743} INFO - Processing file /home/airflow/.local/lib/python3.7/site-packages/airflow/example_dags/example_dag_decorator.py for tasks to queue
[2023-03-12T10:12:50.721+0000] {logging_mixin.py:137} INFO - [2023-03-12T10:12:50.721+0000] {dagbag.py:538} INFO - Filling up the DagBag from /home/airflow/.local/lib/python3.7/site-packages/airflow/example_dags/example_dag_decorator.py
[2023-03-12T10:12:50.734+0000] {logging_mixin.py:137} INFO - [2023-03-12T10:12:50.734+0000] {taskmixin.py:205} WARNING - Dependency <Task(_PythonDecoratedOperator): prepare_email>, send_email already registered for DAG: example_dag_decorator
[2023-03-12T10:12:50.736+0000] {logging_mixin.py:137} INFO - [2023-03-12T10:12:50.736+0000] {taskmixin.py:205} WARNING - Dependency <Task(EmailOperator): send_email>, prepare_email already registered for DAG: example_dag_decorator
[2023-03-12T10:12:50.749+0000] {processor.py:753} INFO - DAG(s) dict_keys(['example_dag_decorator']) retrieved from /home/airflow/.local/lib/python3.7/site-packages/airflow/example_dags/example_dag_decorator.py
[2023-03-12T10:12:50.801+0000] {logging_mixin.py:137} INFO - [2023-03-12T10:12:50.801+0000] {dag.py:2690} INFO - Sync 1 DAGs
[2023-03-12T10:12:50.818+0000] {logging_mixin.py:137} INFO - [2023-03-12T10:12:50.818+0000] {dag.py:3441} INFO - Setting next_dagrun for example_dag_decorator to None, run_after=None
[2023-03-12T10:12:50.842+0000] {processor.py:175} INFO - Processing /home/airflow/.local/lib/python3.7/site-packages/airflow/example_dags/example_dag_decorator.py took 0.130 seconds
[2023-03-12T10:13:21.120+0000] {processor.py:153} INFO - Started process (PID=777) to work on /home/airflow/.local/lib/python3.7/site-packages/airflow/example_dags/example_dag_decorator.py
[2023-03-12T10:13:21.122+0000] {processor.py:743} INFO - Processing file /home/airflow/.local/lib/python3.7/site-packages/airflow/example_dags/example_dag_decorator.py for tasks to queue
[2023-03-12T10:13:21.124+0000] {logging_mixin.py:137} INFO - [2023-03-12T10:13:21.124+0000] {dagbag.py:538} INFO - Filling up the DagBag from /home/airflow/.local/lib/python3.7/site-packages/airflow/example_dags/example_dag_decorator.py
[2023-03-12T10:13:21.140+0000] {logging_mixin.py:137} INFO - [2023-03-12T10:13:21.140+0000] {taskmixin.py:205} WARNING - Dependency <Task(_PythonDecoratedOperator): prepare_email>, send_email already registered for DAG: example_dag_decorator
[2023-03-12T10:13:21.142+0000] {logging_mixin.py:137} INFO - [2023-03-12T10:13:21.142+0000] {taskmixin.py:205} WARNING - Dependency <Task(EmailOperator): send_email>, prepare_email already registered for DAG: example_dag_decorator
[2023-03-12T10:13:21.155+0000] {processor.py:753} INFO - DAG(s) dict_keys(['example_dag_decorator']) retrieved from /home/airflow/.local/lib/python3.7/site-packages/airflow/example_dags/example_dag_decorator.py
[2023-03-12T10:13:21.215+0000] {logging_mixin.py:137} INFO - [2023-03-12T10:13:21.215+0000] {dag.py:2690} INFO - Sync 1 DAGs
[2023-03-12T10:13:21.238+0000] {logging_mixin.py:137} INFO - [2023-03-12T10:13:21.238+0000] {dag.py:3441} INFO - Setting next_dagrun for example_dag_decorator to None, run_after=None
[2023-03-12T10:13:21.256+0000] {processor.py:175} INFO - Processing /home/airflow/.local/lib/python3.7/site-packages/airflow/example_dags/example_dag_decorator.py took 0.140 seconds
[2023-03-12T10:13:51.437+0000] {processor.py:153} INFO - Started process (PID=854) to work on /home/airflow/.local/lib/python3.7/site-packages/airflow/example_dags/example_dag_decorator.py
[2023-03-12T10:13:51.442+0000] {processor.py:743} INFO - Processing file /home/airflow/.local/lib/python3.7/site-packages/airflow/example_dags/example_dag_decorator.py for tasks to queue
[2023-03-12T10:13:51.444+0000] {logging_mixin.py:137} INFO - [2023-03-12T10:13:51.444+0000] {dagbag.py:538} INFO - Filling up the DagBag from /home/airflow/.local/lib/python3.7/site-packages/airflow/example_dags/example_dag_decorator.py
[2023-03-12T10:13:51.458+0000] {logging_mixin.py:137} INFO - [2023-03-12T10:13:51.458+0000] {taskmixin.py:205} WARNING - Dependency <Task(_PythonDecoratedOperator): prepare_email>, send_email already registered for DAG: example_dag_decorator
[2023-03-12T10:13:51.462+0000] {logging_mixin.py:137} INFO - [2023-03-12T10:13:51.462+0000] {taskmixin.py:205} WARNING - Dependency <Task(EmailOperator): send_email>, prepare_email already registered for DAG: example_dag_decorator
[2023-03-12T10:13:51.475+0000] {processor.py:753} INFO - DAG(s) dict_keys(['example_dag_decorator']) retrieved from /home/airflow/.local/lib/python3.7/site-packages/airflow/example_dags/example_dag_decorator.py
[2023-03-12T10:13:51.526+0000] {logging_mixin.py:137} INFO - [2023-03-12T10:13:51.526+0000] {dag.py:2690} INFO - Sync 1 DAGs
[2023-03-12T10:13:51.544+0000] {logging_mixin.py:137} INFO - [2023-03-12T10:13:51.544+0000] {dag.py:3441} INFO - Setting next_dagrun for example_dag_decorator to None, run_after=None
[2023-03-12T10:13:51.563+0000] {processor.py:175} INFO - Processing /home/airflow/.local/lib/python3.7/site-packages/airflow/example_dags/example_dag_decorator.py took 0.130 seconds
[2023-03-12T10:14:21.696+0000] {processor.py:153} INFO - Started process (PID=931) to work on /home/airflow/.local/lib/python3.7/site-packages/airflow/example_dags/example_dag_decorator.py
[2023-03-12T10:14:21.699+0000] {processor.py:743} INFO - Processing file /home/airflow/.local/lib/python3.7/site-packages/airflow/example_dags/example_dag_decorator.py for tasks to queue
[2023-03-12T10:14:21.700+0000] {logging_mixin.py:137} INFO - [2023-03-12T10:14:21.700+0000] {dagbag.py:538} INFO - Filling up the DagBag from /home/airflow/.local/lib/python3.7/site-packages/airflow/example_dags/example_dag_decorator.py
[2023-03-12T10:14:21.718+0000] {logging_mixin.py:137} INFO - [2023-03-12T10:14:21.718+0000] {taskmixin.py:205} WARNING - Dependency <Task(_PythonDecoratedOperator): prepare_email>, send_email already registered for DAG: example_dag_decorator
[2023-03-12T10:14:21.721+0000] {logging_mixin.py:137} INFO - [2023-03-12T10:14:21.721+0000] {taskmixin.py:205} WARNING - Dependency <Task(EmailOperator): send_email>, prepare_email already registered for DAG: example_dag_decorator
[2023-03-12T10:14:21.751+0000] {processor.py:753} INFO - DAG(s) dict_keys(['example_dag_decorator']) retrieved from /home/airflow/.local/lib/python3.7/site-packages/airflow/example_dags/example_dag_decorator.py
[2023-03-12T10:14:21.817+0000] {logging_mixin.py:137} INFO - [2023-03-12T10:14:21.817+0000] {dag.py:2690} INFO - Sync 1 DAGs
[2023-03-12T10:14:21.837+0000] {logging_mixin.py:137} INFO - [2023-03-12T10:14:21.836+0000] {dag.py:3441} INFO - Setting next_dagrun for example_dag_decorator to None, run_after=None
[2023-03-12T10:14:21.858+0000] {processor.py:175} INFO - Processing /home/airflow/.local/lib/python3.7/site-packages/airflow/example_dags/example_dag_decorator.py took 0.166 seconds
[2023-03-12T10:14:51.978+0000] {processor.py:153} INFO - Started process (PID=997) to work on /home/airflow/.local/lib/python3.7/site-packages/airflow/example_dags/example_dag_decorator.py
[2023-03-12T10:14:51.981+0000] {processor.py:743} INFO - Processing file /home/airflow/.local/lib/python3.7/site-packages/airflow/example_dags/example_dag_decorator.py for tasks to queue
[2023-03-12T10:14:51.984+0000] {logging_mixin.py:137} INFO - [2023-03-12T10:14:51.983+0000] {dagbag.py:538} INFO - Filling up the DagBag from /home/airflow/.local/lib/python3.7/site-packages/airflow/example_dags/example_dag_decorator.py
[2023-03-12T10:14:51.998+0000] {logging_mixin.py:137} INFO - [2023-03-12T10:14:51.998+0000] {taskmixin.py:205} WARNING - Dependency <Task(_PythonDecoratedOperator): prepare_email>, send_email already registered for DAG: example_dag_decorator
[2023-03-12T10:14:52.000+0000] {logging_mixin.py:137} INFO - [2023-03-12T10:14:52.000+0000] {taskmixin.py:205} WARNING - Dependency <Task(EmailOperator): send_email>, prepare_email already registered for DAG: example_dag_decorator
[2023-03-12T10:14:52.014+0000] {processor.py:753} INFO - DAG(s) dict_keys(['example_dag_decorator']) retrieved from /home/airflow/.local/lib/python3.7/site-packages/airflow/example_dags/example_dag_decorator.py
[2023-03-12T10:14:52.077+0000] {logging_mixin.py:137} INFO - [2023-03-12T10:14:52.077+0000] {dag.py:2690} INFO - Sync 1 DAGs
[2023-03-12T10:14:52.097+0000] {logging_mixin.py:137} INFO - [2023-03-12T10:14:52.097+0000] {dag.py:3441} INFO - Setting next_dagrun for example_dag_decorator to None, run_after=None
[2023-03-12T10:14:52.122+0000] {processor.py:175} INFO - Processing /home/airflow/.local/lib/python3.7/site-packages/airflow/example_dags/example_dag_decorator.py took 0.148 seconds
[2023-03-12T10:15:22.271+0000] {processor.py:153} INFO - Started process (PID=1075) to work on /home/airflow/.local/lib/python3.7/site-packages/airflow/example_dags/example_dag_decorator.py
[2023-03-12T10:15:22.275+0000] {processor.py:743} INFO - Processing file /home/airflow/.local/lib/python3.7/site-packages/airflow/example_dags/example_dag_decorator.py for tasks to queue
[2023-03-12T10:15:22.276+0000] {logging_mixin.py:137} INFO - [2023-03-12T10:15:22.276+0000] {dagbag.py:538} INFO - Filling up the DagBag from /home/airflow/.local/lib/python3.7/site-packages/airflow/example_dags/example_dag_decorator.py
[2023-03-12T10:15:22.292+0000] {logging_mixin.py:137} INFO - [2023-03-12T10:15:22.292+0000] {taskmixin.py:205} WARNING - Dependency <Task(_PythonDecoratedOperator): prepare_email>, send_email already registered for DAG: example_dag_decorator
[2023-03-12T10:15:22.294+0000] {logging_mixin.py:137} INFO - [2023-03-12T10:15:22.294+0000] {taskmixin.py:205} WARNING - Dependency <Task(EmailOperator): send_email>, prepare_email already registered for DAG: example_dag_decorator
[2023-03-12T10:15:22.311+0000] {processor.py:753} INFO - DAG(s) dict_keys(['example_dag_decorator']) retrieved from /home/airflow/.local/lib/python3.7/site-packages/airflow/example_dags/example_dag_decorator.py
[2023-03-12T10:15:22.374+0000] {logging_mixin.py:137} INFO - [2023-03-12T10:15:22.374+0000] {dag.py:2690} INFO - Sync 1 DAGs
[2023-03-12T10:15:22.392+0000] {logging_mixin.py:137} INFO - [2023-03-12T10:15:22.392+0000] {dag.py:3441} INFO - Setting next_dagrun for example_dag_decorator to None, run_after=None
[2023-03-12T10:15:22.410+0000] {processor.py:175} INFO - Processing /home/airflow/.local/lib/python3.7/site-packages/airflow/example_dags/example_dag_decorator.py took 0.142 seconds
[2023-03-12T10:15:52.627+0000] {processor.py:153} INFO - Started process (PID=1138) to work on /home/airflow/.local/lib/python3.7/site-packages/airflow/example_dags/example_dag_decorator.py
[2023-03-12T10:15:52.630+0000] {processor.py:743} INFO - Processing file /home/airflow/.local/lib/python3.7/site-packages/airflow/example_dags/example_dag_decorator.py for tasks to queue
[2023-03-12T10:15:52.631+0000] {logging_mixin.py:137} INFO - [2023-03-12T10:15:52.631+0000] {dagbag.py:538} INFO - Filling up the DagBag from /home/airflow/.local/lib/python3.7/site-packages/airflow/example_dags/example_dag_decorator.py
[2023-03-12T10:15:52.647+0000] {logging_mixin.py:137} INFO - [2023-03-12T10:15:52.646+0000] {taskmixin.py:205} WARNING - Dependency <Task(_PythonDecoratedOperator): prepare_email>, send_email already registered for DAG: example_dag_decorator
[2023-03-12T10:15:52.648+0000] {logging_mixin.py:137} INFO - [2023-03-12T10:15:52.648+0000] {taskmixin.py:205} WARNING - Dependency <Task(EmailOperator): send_email>, prepare_email already registered for DAG: example_dag_decorator
[2023-03-12T10:15:52.660+0000] {processor.py:753} INFO - DAG(s) dict_keys(['example_dag_decorator']) retrieved from /home/airflow/.local/lib/python3.7/site-packages/airflow/example_dags/example_dag_decorator.py
[2023-03-12T10:15:52.712+0000] {logging_mixin.py:137} INFO - [2023-03-12T10:15:52.712+0000] {dag.py:2690} INFO - Sync 1 DAGs
[2023-03-12T10:15:52.731+0000] {logging_mixin.py:137} INFO - [2023-03-12T10:15:52.730+0000] {dag.py:3441} INFO - Setting next_dagrun for example_dag_decorator to None, run_after=None
[2023-03-12T10:15:52.748+0000] {processor.py:175} INFO - Processing /home/airflow/.local/lib/python3.7/site-packages/airflow/example_dags/example_dag_decorator.py took 0.124 seconds
[2023-03-12T10:16:22.911+0000] {processor.py:153} INFO - Started process (PID=1215) to work on /home/airflow/.local/lib/python3.7/site-packages/airflow/example_dags/example_dag_decorator.py
[2023-03-12T10:16:22.915+0000] {processor.py:743} INFO - Processing file /home/airflow/.local/lib/python3.7/site-packages/airflow/example_dags/example_dag_decorator.py for tasks to queue
[2023-03-12T10:16:22.917+0000] {logging_mixin.py:137} INFO - [2023-03-12T10:16:22.916+0000] {dagbag.py:538} INFO - Filling up the DagBag from /home/airflow/.local/lib/python3.7/site-packages/airflow/example_dags/example_dag_decorator.py
[2023-03-12T10:16:22.933+0000] {logging_mixin.py:137} INFO - [2023-03-12T10:16:22.933+0000] {taskmixin.py:205} WARNING - Dependency <Task(_PythonDecoratedOperator): prepare_email>, send_email already registered for DAG: example_dag_decorator
[2023-03-12T10:16:22.935+0000] {logging_mixin.py:137} INFO - [2023-03-12T10:16:22.935+0000] {taskmixin.py:205} WARNING - Dependency <Task(EmailOperator): send_email>, prepare_email already registered for DAG: example_dag_decorator
[2023-03-12T10:16:22.948+0000] {processor.py:753} INFO - DAG(s) dict_keys(['example_dag_decorator']) retrieved from /home/airflow/.local/lib/python3.7/site-packages/airflow/example_dags/example_dag_decorator.py
[2023-03-12T10:16:23.005+0000] {logging_mixin.py:137} INFO - [2023-03-12T10:16:23.005+0000] {dag.py:2690} INFO - Sync 1 DAGs
[2023-03-12T10:16:23.023+0000] {logging_mixin.py:137} INFO - [2023-03-12T10:16:23.023+0000] {dag.py:3441} INFO - Setting next_dagrun for example_dag_decorator to None, run_after=None
[2023-03-12T10:16:23.046+0000] {processor.py:175} INFO - Processing /home/airflow/.local/lib/python3.7/site-packages/airflow/example_dags/example_dag_decorator.py took 0.139 seconds
[2023-03-12T10:16:53.851+0000] {processor.py:153} INFO - Started process (PID=1289) to work on /home/airflow/.local/lib/python3.7/site-packages/airflow/example_dags/example_dag_decorator.py
[2023-03-12T10:16:53.855+0000] {processor.py:743} INFO - Processing file /home/airflow/.local/lib/python3.7/site-packages/airflow/example_dags/example_dag_decorator.py for tasks to queue
[2023-03-12T10:16:53.858+0000] {logging_mixin.py:137} INFO - [2023-03-12T10:16:53.858+0000] {dagbag.py:538} INFO - Filling up the DagBag from /home/airflow/.local/lib/python3.7/site-packages/airflow/example_dags/example_dag_decorator.py
[2023-03-12T10:16:53.880+0000] {logging_mixin.py:137} INFO - [2023-03-12T10:16:53.880+0000] {taskmixin.py:205} WARNING - Dependency <Task(_PythonDecoratedOperator): prepare_email>, send_email already registered for DAG: example_dag_decorator
[2023-03-12T10:16:53.884+0000] {logging_mixin.py:137} INFO - [2023-03-12T10:16:53.884+0000] {taskmixin.py:205} WARNING - Dependency <Task(EmailOperator): send_email>, prepare_email already registered for DAG: example_dag_decorator
[2023-03-12T10:16:53.902+0000] {processor.py:753} INFO - DAG(s) dict_keys(['example_dag_decorator']) retrieved from /home/airflow/.local/lib/python3.7/site-packages/airflow/example_dags/example_dag_decorator.py
[2023-03-12T10:16:53.960+0000] {logging_mixin.py:137} INFO - [2023-03-12T10:16:53.960+0000] {dag.py:2690} INFO - Sync 1 DAGs
[2023-03-12T10:16:53.978+0000] {logging_mixin.py:137} INFO - [2023-03-12T10:16:53.978+0000] {dag.py:3441} INFO - Setting next_dagrun for example_dag_decorator to None, run_after=None
[2023-03-12T10:16:53.997+0000] {processor.py:175} INFO - Processing /home/airflow/.local/lib/python3.7/site-packages/airflow/example_dags/example_dag_decorator.py took 0.149 seconds
[2023-03-12T10:17:24.043+0000] {processor.py:153} INFO - Started process (PID=1358) to work on /home/airflow/.local/lib/python3.7/site-packages/airflow/example_dags/example_dag_decorator.py
[2023-03-12T10:17:24.046+0000] {processor.py:743} INFO - Processing file /home/airflow/.local/lib/python3.7/site-packages/airflow/example_dags/example_dag_decorator.py for tasks to queue
[2023-03-12T10:17:24.048+0000] {logging_mixin.py:137} INFO - [2023-03-12T10:17:24.048+0000] {dagbag.py:538} INFO - Filling up the DagBag from /home/airflow/.local/lib/python3.7/site-packages/airflow/example_dags/example_dag_decorator.py
[2023-03-12T10:17:24.064+0000] {logging_mixin.py:137} INFO - [2023-03-12T10:17:24.064+0000] {taskmixin.py:205} WARNING - Dependency <Task(_PythonDecoratedOperator): prepare_email>, send_email already registered for DAG: example_dag_decorator
[2023-03-12T10:17:24.065+0000] {logging_mixin.py:137} INFO - [2023-03-12T10:17:24.065+0000] {taskmixin.py:205} WARNING - Dependency <Task(EmailOperator): send_email>, prepare_email already registered for DAG: example_dag_decorator
[2023-03-12T10:17:24.078+0000] {processor.py:753} INFO - DAG(s) dict_keys(['example_dag_decorator']) retrieved from /home/airflow/.local/lib/python3.7/site-packages/airflow/example_dags/example_dag_decorator.py
[2023-03-12T10:17:24.136+0000] {logging_mixin.py:137} INFO - [2023-03-12T10:17:24.136+0000] {dag.py:2690} INFO - Sync 1 DAGs
[2023-03-12T10:17:24.156+0000] {logging_mixin.py:137} INFO - [2023-03-12T10:17:24.156+0000] {dag.py:3441} INFO - Setting next_dagrun for example_dag_decorator to None, run_after=None
[2023-03-12T10:17:24.175+0000] {processor.py:175} INFO - Processing /home/airflow/.local/lib/python3.7/site-packages/airflow/example_dags/example_dag_decorator.py took 0.135 seconds
[2023-03-12T10:17:55.020+0000] {processor.py:153} INFO - Started process (PID=1435) to work on /home/airflow/.local/lib/python3.7/site-packages/airflow/example_dags/example_dag_decorator.py
[2023-03-12T10:17:55.023+0000] {processor.py:743} INFO - Processing file /home/airflow/.local/lib/python3.7/site-packages/airflow/example_dags/example_dag_decorator.py for tasks to queue
[2023-03-12T10:17:55.025+0000] {logging_mixin.py:137} INFO - [2023-03-12T10:17:55.025+0000] {dagbag.py:538} INFO - Filling up the DagBag from /home/airflow/.local/lib/python3.7/site-packages/airflow/example_dags/example_dag_decorator.py
[2023-03-12T10:17:55.040+0000] {logging_mixin.py:137} INFO - [2023-03-12T10:17:55.040+0000] {taskmixin.py:205} WARNING - Dependency <Task(_PythonDecoratedOperator): prepare_email>, send_email already registered for DAG: example_dag_decorator
[2023-03-12T10:17:55.043+0000] {logging_mixin.py:137} INFO - [2023-03-12T10:17:55.043+0000] {taskmixin.py:205} WARNING - Dependency <Task(EmailOperator): send_email>, prepare_email already registered for DAG: example_dag_decorator
[2023-03-12T10:17:55.055+0000] {processor.py:753} INFO - DAG(s) dict_keys(['example_dag_decorator']) retrieved from /home/airflow/.local/lib/python3.7/site-packages/airflow/example_dags/example_dag_decorator.py
[2023-03-12T10:17:55.115+0000] {logging_mixin.py:137} INFO - [2023-03-12T10:17:55.115+0000] {dag.py:2690} INFO - Sync 1 DAGs
[2023-03-12T10:17:55.134+0000] {logging_mixin.py:137} INFO - [2023-03-12T10:17:55.134+0000] {dag.py:3441} INFO - Setting next_dagrun for example_dag_decorator to None, run_after=None
[2023-03-12T10:17:55.152+0000] {processor.py:175} INFO - Processing /home/airflow/.local/lib/python3.7/site-packages/airflow/example_dags/example_dag_decorator.py took 0.137 seconds
[2023-03-12T10:18:26.153+0000] {processor.py:153} INFO - Started process (PID=1507) to work on /home/airflow/.local/lib/python3.7/site-packages/airflow/example_dags/example_dag_decorator.py
[2023-03-12T10:18:26.156+0000] {processor.py:743} INFO - Processing file /home/airflow/.local/lib/python3.7/site-packages/airflow/example_dags/example_dag_decorator.py for tasks to queue
[2023-03-12T10:18:26.159+0000] {logging_mixin.py:137} INFO - [2023-03-12T10:18:26.159+0000] {dagbag.py:538} INFO - Filling up the DagBag from /home/airflow/.local/lib/python3.7/site-packages/airflow/example_dags/example_dag_decorator.py
[2023-03-12T10:18:26.176+0000] {logging_mixin.py:137} INFO - [2023-03-12T10:18:26.176+0000] {taskmixin.py:205} WARNING - Dependency <Task(_PythonDecoratedOperator): prepare_email>, send_email already registered for DAG: example_dag_decorator
[2023-03-12T10:18:26.186+0000] {logging_mixin.py:137} INFO - [2023-03-12T10:18:26.186+0000] {taskmixin.py:205} WARNING - Dependency <Task(EmailOperator): send_email>, prepare_email already registered for DAG: example_dag_decorator
[2023-03-12T10:18:26.198+0000] {processor.py:753} INFO - DAG(s) dict_keys(['example_dag_decorator']) retrieved from /home/airflow/.local/lib/python3.7/site-packages/airflow/example_dags/example_dag_decorator.py
[2023-03-12T10:18:26.264+0000] {logging_mixin.py:137} INFO - [2023-03-12T10:18:26.264+0000] {dag.py:2690} INFO - Sync 1 DAGs
[2023-03-12T10:18:26.285+0000] {logging_mixin.py:137} INFO - [2023-03-12T10:18:26.285+0000] {dag.py:3441} INFO - Setting next_dagrun for example_dag_decorator to None, run_after=None
[2023-03-12T10:18:26.308+0000] {processor.py:175} INFO - Processing /home/airflow/.local/lib/python3.7/site-packages/airflow/example_dags/example_dag_decorator.py took 0.159 seconds
[2023-03-12T10:18:56.525+0000] {processor.py:153} INFO - Started process (PID=1578) to work on /home/airflow/.local/lib/python3.7/site-packages/airflow/example_dags/example_dag_decorator.py
[2023-03-12T10:18:56.528+0000] {processor.py:743} INFO - Processing file /home/airflow/.local/lib/python3.7/site-packages/airflow/example_dags/example_dag_decorator.py for tasks to queue
[2023-03-12T10:18:56.530+0000] {logging_mixin.py:137} INFO - [2023-03-12T10:18:56.530+0000] {dagbag.py:538} INFO - Filling up the DagBag from /home/airflow/.local/lib/python3.7/site-packages/airflow/example_dags/example_dag_decorator.py
[2023-03-12T10:18:56.544+0000] {logging_mixin.py:137} INFO - [2023-03-12T10:18:56.544+0000] {taskmixin.py:205} WARNING - Dependency <Task(_PythonDecoratedOperator): prepare_email>, send_email already registered for DAG: example_dag_decorator
[2023-03-12T10:18:56.546+0000] {logging_mixin.py:137} INFO - [2023-03-12T10:18:56.546+0000] {taskmixin.py:205} WARNING - Dependency <Task(EmailOperator): send_email>, prepare_email already registered for DAG: example_dag_decorator
[2023-03-12T10:18:56.558+0000] {processor.py:753} INFO - DAG(s) dict_keys(['example_dag_decorator']) retrieved from /home/airflow/.local/lib/python3.7/site-packages/airflow/example_dags/example_dag_decorator.py
[2023-03-12T10:18:56.626+0000] {logging_mixin.py:137} INFO - [2023-03-12T10:18:56.625+0000] {dag.py:2690} INFO - Sync 1 DAGs
[2023-03-12T10:18:56.645+0000] {logging_mixin.py:137} INFO - [2023-03-12T10:18:56.645+0000] {dag.py:3441} INFO - Setting next_dagrun for example_dag_decorator to None, run_after=None
[2023-03-12T10:18:56.662+0000] {processor.py:175} INFO - Processing /home/airflow/.local/lib/python3.7/site-packages/airflow/example_dags/example_dag_decorator.py took 0.140 seconds
[2023-03-12T10:19:27.406+0000] {processor.py:153} INFO - Started process (PID=1656) to work on /home/airflow/.local/lib/python3.7/site-packages/airflow/example_dags/example_dag_decorator.py
[2023-03-12T10:19:27.408+0000] {processor.py:743} INFO - Processing file /home/airflow/.local/lib/python3.7/site-packages/airflow/example_dags/example_dag_decorator.py for tasks to queue
[2023-03-12T10:19:27.410+0000] {logging_mixin.py:137} INFO - [2023-03-12T10:19:27.410+0000] {dagbag.py:538} INFO - Filling up the DagBag from /home/airflow/.local/lib/python3.7/site-packages/airflow/example_dags/example_dag_decorator.py
[2023-03-12T10:19:27.423+0000] {logging_mixin.py:137} INFO - [2023-03-12T10:19:27.423+0000] {taskmixin.py:205} WARNING - Dependency <Task(_PythonDecoratedOperator): prepare_email>, send_email already registered for DAG: example_dag_decorator
[2023-03-12T10:19:27.424+0000] {logging_mixin.py:137} INFO - [2023-03-12T10:19:27.424+0000] {taskmixin.py:205} WARNING - Dependency <Task(EmailOperator): send_email>, prepare_email already registered for DAG: example_dag_decorator
[2023-03-12T10:19:27.436+0000] {processor.py:753} INFO - DAG(s) dict_keys(['example_dag_decorator']) retrieved from /home/airflow/.local/lib/python3.7/site-packages/airflow/example_dags/example_dag_decorator.py
[2023-03-12T10:19:27.488+0000] {logging_mixin.py:137} INFO - [2023-03-12T10:19:27.488+0000] {dag.py:2690} INFO - Sync 1 DAGs
[2023-03-12T10:19:27.506+0000] {logging_mixin.py:137} INFO - [2023-03-12T10:19:27.506+0000] {dag.py:3441} INFO - Setting next_dagrun for example_dag_decorator to None, run_after=None
[2023-03-12T10:19:27.522+0000] {processor.py:175} INFO - Processing /home/airflow/.local/lib/python3.7/site-packages/airflow/example_dags/example_dag_decorator.py took 0.120 seconds
[2023-03-12T10:19:58.720+0000] {processor.py:153} INFO - Started process (PID=1721) to work on /home/airflow/.local/lib/python3.7/site-packages/airflow/example_dags/example_dag_decorator.py
[2023-03-12T10:19:58.725+0000] {processor.py:743} INFO - Processing file /home/airflow/.local/lib/python3.7/site-packages/airflow/example_dags/example_dag_decorator.py for tasks to queue
[2023-03-12T10:19:58.727+0000] {logging_mixin.py:137} INFO - [2023-03-12T10:19:58.727+0000] {dagbag.py:538} INFO - Filling up the DagBag from /home/airflow/.local/lib/python3.7/site-packages/airflow/example_dags/example_dag_decorator.py
[2023-03-12T10:19:58.743+0000] {logging_mixin.py:137} INFO - [2023-03-12T10:19:58.743+0000] {taskmixin.py:205} WARNING - Dependency <Task(_PythonDecoratedOperator): prepare_email>, send_email already registered for DAG: example_dag_decorator
[2023-03-12T10:19:58.745+0000] {logging_mixin.py:137} INFO - [2023-03-12T10:19:58.745+0000] {taskmixin.py:205} WARNING - Dependency <Task(EmailOperator): send_email>, prepare_email already registered for DAG: example_dag_decorator
[2023-03-12T10:19:58.761+0000] {processor.py:753} INFO - DAG(s) dict_keys(['example_dag_decorator']) retrieved from /home/airflow/.local/lib/python3.7/site-packages/airflow/example_dags/example_dag_decorator.py
[2023-03-12T10:19:58.819+0000] {logging_mixin.py:137} INFO - [2023-03-12T10:19:58.819+0000] {dag.py:2690} INFO - Sync 1 DAGs
[2023-03-12T10:19:58.836+0000] {logging_mixin.py:137} INFO - [2023-03-12T10:19:58.835+0000] {dag.py:3441} INFO - Setting next_dagrun for example_dag_decorator to None, run_after=None
[2023-03-12T10:19:58.851+0000] {processor.py:175} INFO - Processing /home/airflow/.local/lib/python3.7/site-packages/airflow/example_dags/example_dag_decorator.py took 0.135 seconds
[2023-03-12T10:20:28.933+0000] {processor.py:153} INFO - Started process (PID=1800) to work on /home/airflow/.local/lib/python3.7/site-packages/airflow/example_dags/example_dag_decorator.py
[2023-03-12T10:20:28.936+0000] {processor.py:743} INFO - Processing file /home/airflow/.local/lib/python3.7/site-packages/airflow/example_dags/example_dag_decorator.py for tasks to queue
[2023-03-12T10:20:28.938+0000] {logging_mixin.py:137} INFO - [2023-03-12T10:20:28.938+0000] {dagbag.py:538} INFO - Filling up the DagBag from /home/airflow/.local/lib/python3.7/site-packages/airflow/example_dags/example_dag_decorator.py
[2023-03-12T10:20:28.953+0000] {logging_mixin.py:137} INFO - [2023-03-12T10:20:28.953+0000] {taskmixin.py:205} WARNING - Dependency <Task(_PythonDecoratedOperator): prepare_email>, send_email already registered for DAG: example_dag_decorator
[2023-03-12T10:20:28.955+0000] {logging_mixin.py:137} INFO - [2023-03-12T10:20:28.955+0000] {taskmixin.py:205} WARNING - Dependency <Task(EmailOperator): send_email>, prepare_email already registered for DAG: example_dag_decorator
[2023-03-12T10:20:28.968+0000] {processor.py:753} INFO - DAG(s) dict_keys(['example_dag_decorator']) retrieved from /home/airflow/.local/lib/python3.7/site-packages/airflow/example_dags/example_dag_decorator.py
[2023-03-12T10:20:29.034+0000] {logging_mixin.py:137} INFO - [2023-03-12T10:20:29.034+0000] {dag.py:2690} INFO - Sync 1 DAGs
[2023-03-12T10:20:29.051+0000] {logging_mixin.py:137} INFO - [2023-03-12T10:20:29.051+0000] {dag.py:3441} INFO - Setting next_dagrun for example_dag_decorator to None, run_after=None
[2023-03-12T10:20:29.069+0000] {processor.py:175} INFO - Processing /home/airflow/.local/lib/python3.7/site-packages/airflow/example_dags/example_dag_decorator.py took 0.138 seconds
[2023-03-12T10:20:59.426+0000] {processor.py:153} INFO - Started process (PID=1879) to work on /home/airflow/.local/lib/python3.7/site-packages/airflow/example_dags/example_dag_decorator.py
[2023-03-12T10:20:59.438+0000] {processor.py:743} INFO - Processing file /home/airflow/.local/lib/python3.7/site-packages/airflow/example_dags/example_dag_decorator.py for tasks to queue
[2023-03-12T10:20:59.441+0000] {logging_mixin.py:137} INFO - [2023-03-12T10:20:59.441+0000] {dagbag.py:538} INFO - Filling up the DagBag from /home/airflow/.local/lib/python3.7/site-packages/airflow/example_dags/example_dag_decorator.py
[2023-03-12T10:20:59.459+0000] {logging_mixin.py:137} INFO - [2023-03-12T10:20:59.459+0000] {taskmixin.py:205} WARNING - Dependency <Task(_PythonDecoratedOperator): prepare_email>, send_email already registered for DAG: example_dag_decorator
[2023-03-12T10:20:59.461+0000] {logging_mixin.py:137} INFO - [2023-03-12T10:20:59.461+0000] {taskmixin.py:205} WARNING - Dependency <Task(EmailOperator): send_email>, prepare_email already registered for DAG: example_dag_decorator
[2023-03-12T10:20:59.478+0000] {processor.py:753} INFO - DAG(s) dict_keys(['example_dag_decorator']) retrieved from /home/airflow/.local/lib/python3.7/site-packages/airflow/example_dags/example_dag_decorator.py
[2023-03-12T10:20:59.570+0000] {logging_mixin.py:137} INFO - [2023-03-12T10:20:59.569+0000] {dag.py:2690} INFO - Sync 1 DAGs
[2023-03-12T10:20:59.599+0000] {logging_mixin.py:137} INFO - [2023-03-12T10:20:59.599+0000] {dag.py:3441} INFO - Setting next_dagrun for example_dag_decorator to None, run_after=None
[2023-03-12T10:20:59.628+0000] {processor.py:175} INFO - Processing /home/airflow/.local/lib/python3.7/site-packages/airflow/example_dags/example_dag_decorator.py took 0.218 seconds
[2023-03-12T10:21:29.712+0000] {processor.py:153} INFO - Started process (PID=1944) to work on /home/airflow/.local/lib/python3.7/site-packages/airflow/example_dags/example_dag_decorator.py
[2023-03-12T10:21:29.714+0000] {processor.py:743} INFO - Processing file /home/airflow/.local/lib/python3.7/site-packages/airflow/example_dags/example_dag_decorator.py for tasks to queue
[2023-03-12T10:21:29.716+0000] {logging_mixin.py:137} INFO - [2023-03-12T10:21:29.716+0000] {dagbag.py:538} INFO - Filling up the DagBag from /home/airflow/.local/lib/python3.7/site-packages/airflow/example_dags/example_dag_decorator.py
[2023-03-12T10:21:29.731+0000] {logging_mixin.py:137} INFO - [2023-03-12T10:21:29.731+0000] {taskmixin.py:205} WARNING - Dependency <Task(_PythonDecoratedOperator): prepare_email>, send_email already registered for DAG: example_dag_decorator
[2023-03-12T10:21:29.732+0000] {logging_mixin.py:137} INFO - [2023-03-12T10:21:29.732+0000] {taskmixin.py:205} WARNING - Dependency <Task(EmailOperator): send_email>, prepare_email already registered for DAG: example_dag_decorator
[2023-03-12T10:21:29.745+0000] {processor.py:753} INFO - DAG(s) dict_keys(['example_dag_decorator']) retrieved from /home/airflow/.local/lib/python3.7/site-packages/airflow/example_dags/example_dag_decorator.py
[2023-03-12T10:21:29.800+0000] {logging_mixin.py:137} INFO - [2023-03-12T10:21:29.800+0000] {dag.py:2690} INFO - Sync 1 DAGs
[2023-03-12T10:21:29.820+0000] {logging_mixin.py:137} INFO - [2023-03-12T10:21:29.820+0000] {dag.py:3441} INFO - Setting next_dagrun for example_dag_decorator to None, run_after=None
[2023-03-12T10:21:29.841+0000] {processor.py:175} INFO - Processing /home/airflow/.local/lib/python3.7/site-packages/airflow/example_dags/example_dag_decorator.py took 0.133 seconds
[2023-03-12T10:22:00.318+0000] {processor.py:153} INFO - Started process (PID=2022) to work on /home/airflow/.local/lib/python3.7/site-packages/airflow/example_dags/example_dag_decorator.py
[2023-03-12T10:22:00.320+0000] {processor.py:743} INFO - Processing file /home/airflow/.local/lib/python3.7/site-packages/airflow/example_dags/example_dag_decorator.py for tasks to queue
[2023-03-12T10:22:00.322+0000] {logging_mixin.py:137} INFO - [2023-03-12T10:22:00.322+0000] {dagbag.py:538} INFO - Filling up the DagBag from /home/airflow/.local/lib/python3.7/site-packages/airflow/example_dags/example_dag_decorator.py
[2023-03-12T10:22:00.335+0000] {logging_mixin.py:137} INFO - [2023-03-12T10:22:00.335+0000] {taskmixin.py:205} WARNING - Dependency <Task(_PythonDecoratedOperator): prepare_email>, send_email already registered for DAG: example_dag_decorator
[2023-03-12T10:22:00.337+0000] {logging_mixin.py:137} INFO - [2023-03-12T10:22:00.336+0000] {taskmixin.py:205} WARNING - Dependency <Task(EmailOperator): send_email>, prepare_email already registered for DAG: example_dag_decorator
[2023-03-12T10:22:00.354+0000] {processor.py:753} INFO - DAG(s) dict_keys(['example_dag_decorator']) retrieved from /home/airflow/.local/lib/python3.7/site-packages/airflow/example_dags/example_dag_decorator.py
[2023-03-12T10:22:00.409+0000] {logging_mixin.py:137} INFO - [2023-03-12T10:22:00.409+0000] {dag.py:2690} INFO - Sync 1 DAGs
[2023-03-12T10:22:00.427+0000] {logging_mixin.py:137} INFO - [2023-03-12T10:22:00.427+0000] {dag.py:3441} INFO - Setting next_dagrun for example_dag_decorator to None, run_after=None
[2023-03-12T10:22:00.447+0000] {processor.py:175} INFO - Processing /home/airflow/.local/lib/python3.7/site-packages/airflow/example_dags/example_dag_decorator.py took 0.134 seconds
