[2023-03-12T10:08:14.429+0000] {processor.py:153} INFO - Started process (PID=44) to work on /home/airflow/.local/lib/python3.7/site-packages/airflow/example_dags/example_branch_datetime_operator.py
[2023-03-12T10:08:14.435+0000] {processor.py:743} INFO - Processing file /home/airflow/.local/lib/python3.7/site-packages/airflow/example_dags/example_branch_datetime_operator.py for tasks to queue
[2023-03-12T10:08:14.437+0000] {logging_mixin.py:137} INFO - [2023-03-12T10:08:14.436+0000] {dagbag.py:538} INFO - Filling up the DagBag from /home/airflow/.local/lib/python3.7/site-packages/airflow/example_dags/example_branch_datetime_operator.py
[2023-03-12T10:08:14.465+0000] {processor.py:753} INFO - DAG(s) dict_keys(['example_branch_datetime_operator', 'example_branch_datetime_operator_2', 'example_branch_datetime_operator_3']) retrieved from /home/airflow/.local/lib/python3.7/site-packages/airflow/example_dags/example_branch_datetime_operator.py
[2023-03-12T10:08:14.496+0000] {logging_mixin.py:137} INFO - [2023-03-12T10:08:14.496+0000] {dag.py:2690} INFO - Sync 3 DAGs
[2023-03-12T10:08:14.524+0000] {logging_mixin.py:137} INFO - [2023-03-12T10:08:14.524+0000] {dag.py:3441} INFO - Setting next_dagrun for example_branch_datetime_operator to 2023-03-11T00:00:00+00:00, run_after=2023-03-12T00:00:00+00:00
[2023-03-12T10:08:14.531+0000] {logging_mixin.py:137} INFO - [2023-03-12T10:08:14.531+0000] {dag.py:3441} INFO - Setting next_dagrun for example_branch_datetime_operator_2 to 2023-03-11T00:00:00+00:00, run_after=2023-03-12T00:00:00+00:00
[2023-03-12T10:08:14.536+0000] {logging_mixin.py:137} INFO - [2023-03-12T10:08:14.536+0000] {dag.py:3441} INFO - Setting next_dagrun for example_branch_datetime_operator_3 to 2023-03-11T00:00:00+00:00, run_after=2023-03-12T00:00:00+00:00
[2023-03-12T10:08:14.571+0000] {processor.py:175} INFO - Processing /home/airflow/.local/lib/python3.7/site-packages/airflow/example_dags/example_branch_datetime_operator.py took 0.149 seconds
[2023-03-12T10:08:45.435+0000] {processor.py:153} INFO - Started process (PID=121) to work on /home/airflow/.local/lib/python3.7/site-packages/airflow/example_dags/example_branch_datetime_operator.py
[2023-03-12T10:08:45.437+0000] {processor.py:743} INFO - Processing file /home/airflow/.local/lib/python3.7/site-packages/airflow/example_dags/example_branch_datetime_operator.py for tasks to queue
[2023-03-12T10:08:45.439+0000] {logging_mixin.py:137} INFO - [2023-03-12T10:08:45.439+0000] {dagbag.py:538} INFO - Filling up the DagBag from /home/airflow/.local/lib/python3.7/site-packages/airflow/example_dags/example_branch_datetime_operator.py
[2023-03-12T10:08:45.454+0000] {processor.py:753} INFO - DAG(s) dict_keys(['example_branch_datetime_operator_3', 'example_branch_datetime_operator', 'example_branch_datetime_operator_2']) retrieved from /home/airflow/.local/lib/python3.7/site-packages/airflow/example_dags/example_branch_datetime_operator.py
[2023-03-12T10:08:45.488+0000] {logging_mixin.py:137} INFO - [2023-03-12T10:08:45.488+0000] {dag.py:2690} INFO - Sync 3 DAGs
[2023-03-12T10:08:45.509+0000] {logging_mixin.py:137} INFO - [2023-03-12T10:08:45.509+0000] {dag.py:3441} INFO - Setting next_dagrun for example_branch_datetime_operator to 2023-03-11T00:00:00+00:00, run_after=2023-03-12T00:00:00+00:00
[2023-03-12T10:08:45.513+0000] {logging_mixin.py:137} INFO - [2023-03-12T10:08:45.513+0000] {dag.py:3441} INFO - Setting next_dagrun for example_branch_datetime_operator_2 to 2023-03-11T00:00:00+00:00, run_after=2023-03-12T00:00:00+00:00
[2023-03-12T10:08:45.516+0000] {logging_mixin.py:137} INFO - [2023-03-12T10:08:45.516+0000] {dag.py:3441} INFO - Setting next_dagrun for example_branch_datetime_operator_3 to 2023-03-11T00:00:00+00:00, run_after=2023-03-12T00:00:00+00:00
[2023-03-12T10:08:45.532+0000] {processor.py:175} INFO - Processing /home/airflow/.local/lib/python3.7/site-packages/airflow/example_dags/example_branch_datetime_operator.py took 0.100 seconds
[2023-03-12T10:09:16.621+0000] {processor.py:153} INFO - Started process (PID=185) to work on /home/airflow/.local/lib/python3.7/site-packages/airflow/example_dags/example_branch_datetime_operator.py
[2023-03-12T10:09:16.625+0000] {processor.py:743} INFO - Processing file /home/airflow/.local/lib/python3.7/site-packages/airflow/example_dags/example_branch_datetime_operator.py for tasks to queue
[2023-03-12T10:09:16.627+0000] {logging_mixin.py:137} INFO - [2023-03-12T10:09:16.626+0000] {dagbag.py:538} INFO - Filling up the DagBag from /home/airflow/.local/lib/python3.7/site-packages/airflow/example_dags/example_branch_datetime_operator.py
[2023-03-12T10:09:16.643+0000] {processor.py:753} INFO - DAG(s) dict_keys(['example_branch_datetime_operator', 'example_branch_datetime_operator_3', 'example_branch_datetime_operator_2']) retrieved from /home/airflow/.local/lib/python3.7/site-packages/airflow/example_dags/example_branch_datetime_operator.py
[2023-03-12T10:09:16.676+0000] {logging_mixin.py:137} INFO - [2023-03-12T10:09:16.676+0000] {dag.py:2690} INFO - Sync 3 DAGs
[2023-03-12T10:09:16.701+0000] {logging_mixin.py:137} INFO - [2023-03-12T10:09:16.700+0000] {dag.py:3441} INFO - Setting next_dagrun for example_branch_datetime_operator to 2023-03-11T00:00:00+00:00, run_after=2023-03-12T00:00:00+00:00
[2023-03-12T10:09:16.706+0000] {logging_mixin.py:137} INFO - [2023-03-12T10:09:16.706+0000] {dag.py:3441} INFO - Setting next_dagrun for example_branch_datetime_operator_2 to 2023-03-11T00:00:00+00:00, run_after=2023-03-12T00:00:00+00:00
[2023-03-12T10:09:16.709+0000] {logging_mixin.py:137} INFO - [2023-03-12T10:09:16.709+0000] {dag.py:3441} INFO - Setting next_dagrun for example_branch_datetime_operator_3 to 2023-03-11T00:00:00+00:00, run_after=2023-03-12T00:00:00+00:00
[2023-03-12T10:09:16.726+0000] {processor.py:175} INFO - Processing /home/airflow/.local/lib/python3.7/site-packages/airflow/example_dags/example_branch_datetime_operator.py took 0.107 seconds
[2023-03-12T10:09:46.855+0000] {processor.py:153} INFO - Started process (PID=263) to work on /home/airflow/.local/lib/python3.7/site-packages/airflow/example_dags/example_branch_datetime_operator.py
[2023-03-12T10:09:46.857+0000] {processor.py:743} INFO - Processing file /home/airflow/.local/lib/python3.7/site-packages/airflow/example_dags/example_branch_datetime_operator.py for tasks to queue
[2023-03-12T10:09:46.859+0000] {logging_mixin.py:137} INFO - [2023-03-12T10:09:46.858+0000] {dagbag.py:538} INFO - Filling up the DagBag from /home/airflow/.local/lib/python3.7/site-packages/airflow/example_dags/example_branch_datetime_operator.py
[2023-03-12T10:09:46.872+0000] {processor.py:753} INFO - DAG(s) dict_keys(['example_branch_datetime_operator', 'example_branch_datetime_operator_2', 'example_branch_datetime_operator_3']) retrieved from /home/airflow/.local/lib/python3.7/site-packages/airflow/example_dags/example_branch_datetime_operator.py
[2023-03-12T10:09:46.899+0000] {logging_mixin.py:137} INFO - [2023-03-12T10:09:46.899+0000] {dag.py:2690} INFO - Sync 3 DAGs
[2023-03-12T10:09:46.919+0000] {logging_mixin.py:137} INFO - [2023-03-12T10:09:46.919+0000] {dag.py:3441} INFO - Setting next_dagrun for example_branch_datetime_operator to 2023-03-11T00:00:00+00:00, run_after=2023-03-12T00:00:00+00:00
[2023-03-12T10:09:46.923+0000] {logging_mixin.py:137} INFO - [2023-03-12T10:09:46.923+0000] {dag.py:3441} INFO - Setting next_dagrun for example_branch_datetime_operator_2 to 2023-03-11T00:00:00+00:00, run_after=2023-03-12T00:00:00+00:00
[2023-03-12T10:09:46.926+0000] {logging_mixin.py:137} INFO - [2023-03-12T10:09:46.926+0000] {dag.py:3441} INFO - Setting next_dagrun for example_branch_datetime_operator_3 to 2023-03-11T00:00:00+00:00, run_after=2023-03-12T00:00:00+00:00
[2023-03-12T10:09:46.944+0000] {processor.py:175} INFO - Processing /home/airflow/.local/lib/python3.7/site-packages/airflow/example_dags/example_branch_datetime_operator.py took 0.092 seconds
[2023-03-12T10:10:17.657+0000] {processor.py:153} INFO - Started process (PID=340) to work on /home/airflow/.local/lib/python3.7/site-packages/airflow/example_dags/example_branch_datetime_operator.py
[2023-03-12T10:10:17.659+0000] {processor.py:743} INFO - Processing file /home/airflow/.local/lib/python3.7/site-packages/airflow/example_dags/example_branch_datetime_operator.py for tasks to queue
[2023-03-12T10:10:17.663+0000] {logging_mixin.py:137} INFO - [2023-03-12T10:10:17.663+0000] {dagbag.py:538} INFO - Filling up the DagBag from /home/airflow/.local/lib/python3.7/site-packages/airflow/example_dags/example_branch_datetime_operator.py
[2023-03-12T10:10:17.676+0000] {processor.py:753} INFO - DAG(s) dict_keys(['example_branch_datetime_operator', 'example_branch_datetime_operator_2', 'example_branch_datetime_operator_3']) retrieved from /home/airflow/.local/lib/python3.7/site-packages/airflow/example_dags/example_branch_datetime_operator.py
[2023-03-12T10:10:17.704+0000] {logging_mixin.py:137} INFO - [2023-03-12T10:10:17.704+0000] {dag.py:2690} INFO - Sync 3 DAGs
[2023-03-12T10:10:17.727+0000] {logging_mixin.py:137} INFO - [2023-03-12T10:10:17.727+0000] {dag.py:3441} INFO - Setting next_dagrun for example_branch_datetime_operator to 2023-03-11T00:00:00+00:00, run_after=2023-03-12T00:00:00+00:00
[2023-03-12T10:10:17.733+0000] {logging_mixin.py:137} INFO - [2023-03-12T10:10:17.733+0000] {dag.py:3441} INFO - Setting next_dagrun for example_branch_datetime_operator_2 to 2023-03-11T00:00:00+00:00, run_after=2023-03-12T00:00:00+00:00
[2023-03-12T10:10:17.736+0000] {logging_mixin.py:137} INFO - [2023-03-12T10:10:17.736+0000] {dag.py:3441} INFO - Setting next_dagrun for example_branch_datetime_operator_3 to 2023-03-11T00:00:00+00:00, run_after=2023-03-12T00:00:00+00:00
[2023-03-12T10:10:17.752+0000] {processor.py:175} INFO - Processing /home/airflow/.local/lib/python3.7/site-packages/airflow/example_dags/example_branch_datetime_operator.py took 0.099 seconds
[2023-03-12T10:10:47.849+0000] {processor.py:153} INFO - Started process (PID=405) to work on /home/airflow/.local/lib/python3.7/site-packages/airflow/example_dags/example_branch_datetime_operator.py
[2023-03-12T10:10:47.851+0000] {processor.py:743} INFO - Processing file /home/airflow/.local/lib/python3.7/site-packages/airflow/example_dags/example_branch_datetime_operator.py for tasks to queue
[2023-03-12T10:10:47.853+0000] {logging_mixin.py:137} INFO - [2023-03-12T10:10:47.852+0000] {dagbag.py:538} INFO - Filling up the DagBag from /home/airflow/.local/lib/python3.7/site-packages/airflow/example_dags/example_branch_datetime_operator.py
[2023-03-12T10:10:47.885+0000] {processor.py:753} INFO - DAG(s) dict_keys(['example_branch_datetime_operator_2', 'example_branch_datetime_operator', 'example_branch_datetime_operator_3']) retrieved from /home/airflow/.local/lib/python3.7/site-packages/airflow/example_dags/example_branch_datetime_operator.py
[2023-03-12T10:10:47.914+0000] {logging_mixin.py:137} INFO - [2023-03-12T10:10:47.913+0000] {dag.py:2690} INFO - Sync 3 DAGs
[2023-03-12T10:10:47.933+0000] {logging_mixin.py:137} INFO - [2023-03-12T10:10:47.933+0000] {dag.py:3441} INFO - Setting next_dagrun for example_branch_datetime_operator to 2023-03-11T00:00:00+00:00, run_after=2023-03-12T00:00:00+00:00
[2023-03-12T10:10:47.938+0000] {logging_mixin.py:137} INFO - [2023-03-12T10:10:47.938+0000] {dag.py:3441} INFO - Setting next_dagrun for example_branch_datetime_operator_2 to 2023-03-11T00:00:00+00:00, run_after=2023-03-12T00:00:00+00:00
[2023-03-12T10:10:47.942+0000] {logging_mixin.py:137} INFO - [2023-03-12T10:10:47.942+0000] {dag.py:3441} INFO - Setting next_dagrun for example_branch_datetime_operator_3 to 2023-03-11T00:00:00+00:00, run_after=2023-03-12T00:00:00+00:00
[2023-03-12T10:10:47.954+0000] {processor.py:175} INFO - Processing /home/airflow/.local/lib/python3.7/site-packages/airflow/example_dags/example_branch_datetime_operator.py took 0.109 seconds
[2023-03-12T10:11:18.073+0000] {processor.py:153} INFO - Started process (PID=482) to work on /home/airflow/.local/lib/python3.7/site-packages/airflow/example_dags/example_branch_datetime_operator.py
[2023-03-12T10:11:18.076+0000] {processor.py:743} INFO - Processing file /home/airflow/.local/lib/python3.7/site-packages/airflow/example_dags/example_branch_datetime_operator.py for tasks to queue
[2023-03-12T10:11:18.080+0000] {logging_mixin.py:137} INFO - [2023-03-12T10:11:18.079+0000] {dagbag.py:538} INFO - Filling up the DagBag from /home/airflow/.local/lib/python3.7/site-packages/airflow/example_dags/example_branch_datetime_operator.py
[2023-03-12T10:11:18.095+0000] {processor.py:753} INFO - DAG(s) dict_keys(['example_branch_datetime_operator', 'example_branch_datetime_operator_3', 'example_branch_datetime_operator_2']) retrieved from /home/airflow/.local/lib/python3.7/site-packages/airflow/example_dags/example_branch_datetime_operator.py
[2023-03-12T10:11:18.127+0000] {logging_mixin.py:137} INFO - [2023-03-12T10:11:18.127+0000] {dag.py:2690} INFO - Sync 3 DAGs
[2023-03-12T10:11:18.152+0000] {logging_mixin.py:137} INFO - [2023-03-12T10:11:18.152+0000] {dag.py:3441} INFO - Setting next_dagrun for example_branch_datetime_operator to 2023-03-11T00:00:00+00:00, run_after=2023-03-12T00:00:00+00:00
[2023-03-12T10:11:18.157+0000] {logging_mixin.py:137} INFO - [2023-03-12T10:11:18.157+0000] {dag.py:3441} INFO - Setting next_dagrun for example_branch_datetime_operator_2 to 2023-03-11T00:00:00+00:00, run_after=2023-03-12T00:00:00+00:00
[2023-03-12T10:11:18.161+0000] {logging_mixin.py:137} INFO - [2023-03-12T10:11:18.161+0000] {dag.py:3441} INFO - Setting next_dagrun for example_branch_datetime_operator_3 to 2023-03-11T00:00:00+00:00, run_after=2023-03-12T00:00:00+00:00
[2023-03-12T10:11:18.172+0000] {processor.py:175} INFO - Processing /home/airflow/.local/lib/python3.7/site-packages/airflow/example_dags/example_branch_datetime_operator.py took 0.103 seconds
[2023-03-12T10:11:48.279+0000] {processor.py:153} INFO - Started process (PID=558) to work on /home/airflow/.local/lib/python3.7/site-packages/airflow/example_dags/example_branch_datetime_operator.py
[2023-03-12T10:11:48.281+0000] {processor.py:743} INFO - Processing file /home/airflow/.local/lib/python3.7/site-packages/airflow/example_dags/example_branch_datetime_operator.py for tasks to queue
[2023-03-12T10:11:48.282+0000] {logging_mixin.py:137} INFO - [2023-03-12T10:11:48.282+0000] {dagbag.py:538} INFO - Filling up the DagBag from /home/airflow/.local/lib/python3.7/site-packages/airflow/example_dags/example_branch_datetime_operator.py
[2023-03-12T10:11:48.299+0000] {processor.py:753} INFO - DAG(s) dict_keys(['example_branch_datetime_operator', 'example_branch_datetime_operator_2', 'example_branch_datetime_operator_3']) retrieved from /home/airflow/.local/lib/python3.7/site-packages/airflow/example_dags/example_branch_datetime_operator.py
[2023-03-12T10:11:48.335+0000] {logging_mixin.py:137} INFO - [2023-03-12T10:11:48.335+0000] {dag.py:2690} INFO - Sync 3 DAGs
[2023-03-12T10:11:48.359+0000] {logging_mixin.py:137} INFO - [2023-03-12T10:11:48.358+0000] {dag.py:3441} INFO - Setting next_dagrun for example_branch_datetime_operator to 2023-03-11T00:00:00+00:00, run_after=2023-03-12T00:00:00+00:00
[2023-03-12T10:11:48.364+0000] {logging_mixin.py:137} INFO - [2023-03-12T10:11:48.364+0000] {dag.py:3441} INFO - Setting next_dagrun for example_branch_datetime_operator_2 to 2023-03-11T00:00:00+00:00, run_after=2023-03-12T00:00:00+00:00
[2023-03-12T10:11:48.369+0000] {logging_mixin.py:137} INFO - [2023-03-12T10:11:48.368+0000] {dag.py:3441} INFO - Setting next_dagrun for example_branch_datetime_operator_3 to 2023-03-11T00:00:00+00:00, run_after=2023-03-12T00:00:00+00:00
[2023-03-12T10:11:48.387+0000] {processor.py:175} INFO - Processing /home/airflow/.local/lib/python3.7/site-packages/airflow/example_dags/example_branch_datetime_operator.py took 0.112 seconds
[2023-03-12T10:12:18.478+0000] {processor.py:153} INFO - Started process (PID=623) to work on /home/airflow/.local/lib/python3.7/site-packages/airflow/example_dags/example_branch_datetime_operator.py
[2023-03-12T10:12:18.481+0000] {processor.py:743} INFO - Processing file /home/airflow/.local/lib/python3.7/site-packages/airflow/example_dags/example_branch_datetime_operator.py for tasks to queue
[2023-03-12T10:12:18.483+0000] {logging_mixin.py:137} INFO - [2023-03-12T10:12:18.482+0000] {dagbag.py:538} INFO - Filling up the DagBag from /home/airflow/.local/lib/python3.7/site-packages/airflow/example_dags/example_branch_datetime_operator.py
[2023-03-12T10:12:18.497+0000] {processor.py:753} INFO - DAG(s) dict_keys(['example_branch_datetime_operator', 'example_branch_datetime_operator_3', 'example_branch_datetime_operator_2']) retrieved from /home/airflow/.local/lib/python3.7/site-packages/airflow/example_dags/example_branch_datetime_operator.py
[2023-03-12T10:12:18.526+0000] {logging_mixin.py:137} INFO - [2023-03-12T10:12:18.526+0000] {dag.py:2690} INFO - Sync 3 DAGs
[2023-03-12T10:12:18.546+0000] {logging_mixin.py:137} INFO - [2023-03-12T10:12:18.546+0000] {dag.py:3441} INFO - Setting next_dagrun for example_branch_datetime_operator to 2023-03-11T00:00:00+00:00, run_after=2023-03-12T00:00:00+00:00
[2023-03-12T10:12:18.552+0000] {logging_mixin.py:137} INFO - [2023-03-12T10:12:18.552+0000] {dag.py:3441} INFO - Setting next_dagrun for example_branch_datetime_operator_2 to 2023-03-11T00:00:00+00:00, run_after=2023-03-12T00:00:00+00:00
[2023-03-12T10:12:18.556+0000] {logging_mixin.py:137} INFO - [2023-03-12T10:12:18.556+0000] {dag.py:3441} INFO - Setting next_dagrun for example_branch_datetime_operator_3 to 2023-03-11T00:00:00+00:00, run_after=2023-03-12T00:00:00+00:00
[2023-03-12T10:12:18.572+0000] {processor.py:175} INFO - Processing /home/airflow/.local/lib/python3.7/site-packages/airflow/example_dags/example_branch_datetime_operator.py took 0.097 seconds
[2023-03-12T10:12:48.904+0000] {processor.py:153} INFO - Started process (PID=701) to work on /home/airflow/.local/lib/python3.7/site-packages/airflow/example_dags/example_branch_datetime_operator.py
[2023-03-12T10:12:48.906+0000] {processor.py:743} INFO - Processing file /home/airflow/.local/lib/python3.7/site-packages/airflow/example_dags/example_branch_datetime_operator.py for tasks to queue
[2023-03-12T10:12:48.907+0000] {logging_mixin.py:137} INFO - [2023-03-12T10:12:48.907+0000] {dagbag.py:538} INFO - Filling up the DagBag from /home/airflow/.local/lib/python3.7/site-packages/airflow/example_dags/example_branch_datetime_operator.py
[2023-03-12T10:12:48.923+0000] {processor.py:753} INFO - DAG(s) dict_keys(['example_branch_datetime_operator_3', 'example_branch_datetime_operator_2', 'example_branch_datetime_operator']) retrieved from /home/airflow/.local/lib/python3.7/site-packages/airflow/example_dags/example_branch_datetime_operator.py
[2023-03-12T10:12:48.953+0000] {logging_mixin.py:137} INFO - [2023-03-12T10:12:48.953+0000] {dag.py:2690} INFO - Sync 3 DAGs
[2023-03-12T10:12:48.974+0000] {logging_mixin.py:137} INFO - [2023-03-12T10:12:48.974+0000] {dag.py:3441} INFO - Setting next_dagrun for example_branch_datetime_operator to 2023-03-11T00:00:00+00:00, run_after=2023-03-12T00:00:00+00:00
[2023-03-12T10:12:48.980+0000] {logging_mixin.py:137} INFO - [2023-03-12T10:12:48.980+0000] {dag.py:3441} INFO - Setting next_dagrun for example_branch_datetime_operator_2 to 2023-03-11T00:00:00+00:00, run_after=2023-03-12T00:00:00+00:00
[2023-03-12T10:12:48.984+0000] {logging_mixin.py:137} INFO - [2023-03-12T10:12:48.983+0000] {dag.py:3441} INFO - Setting next_dagrun for example_branch_datetime_operator_3 to 2023-03-11T00:00:00+00:00, run_after=2023-03-12T00:00:00+00:00
[2023-03-12T10:12:48.997+0000] {processor.py:175} INFO - Processing /home/airflow/.local/lib/python3.7/site-packages/airflow/example_dags/example_branch_datetime_operator.py took 0.097 seconds
[2023-03-12T10:13:19.387+0000] {processor.py:153} INFO - Started process (PID=766) to work on /home/airflow/.local/lib/python3.7/site-packages/airflow/example_dags/example_branch_datetime_operator.py
[2023-03-12T10:13:19.389+0000] {processor.py:743} INFO - Processing file /home/airflow/.local/lib/python3.7/site-packages/airflow/example_dags/example_branch_datetime_operator.py for tasks to queue
[2023-03-12T10:13:19.393+0000] {logging_mixin.py:137} INFO - [2023-03-12T10:13:19.392+0000] {dagbag.py:538} INFO - Filling up the DagBag from /home/airflow/.local/lib/python3.7/site-packages/airflow/example_dags/example_branch_datetime_operator.py
[2023-03-12T10:13:19.411+0000] {processor.py:753} INFO - DAG(s) dict_keys(['example_branch_datetime_operator_2', 'example_branch_datetime_operator_3', 'example_branch_datetime_operator']) retrieved from /home/airflow/.local/lib/python3.7/site-packages/airflow/example_dags/example_branch_datetime_operator.py
[2023-03-12T10:13:19.447+0000] {logging_mixin.py:137} INFO - [2023-03-12T10:13:19.447+0000] {dag.py:2690} INFO - Sync 3 DAGs
[2023-03-12T10:13:19.471+0000] {logging_mixin.py:137} INFO - [2023-03-12T10:13:19.471+0000] {dag.py:3441} INFO - Setting next_dagrun for example_branch_datetime_operator to 2023-03-11T00:00:00+00:00, run_after=2023-03-12T00:00:00+00:00
[2023-03-12T10:13:19.476+0000] {logging_mixin.py:137} INFO - [2023-03-12T10:13:19.476+0000] {dag.py:3441} INFO - Setting next_dagrun for example_branch_datetime_operator_2 to 2023-03-11T00:00:00+00:00, run_after=2023-03-12T00:00:00+00:00
[2023-03-12T10:13:19.479+0000] {logging_mixin.py:137} INFO - [2023-03-12T10:13:19.479+0000] {dag.py:3441} INFO - Setting next_dagrun for example_branch_datetime_operator_3 to 2023-03-11T00:00:00+00:00, run_after=2023-03-12T00:00:00+00:00
[2023-03-12T10:13:19.494+0000] {processor.py:175} INFO - Processing /home/airflow/.local/lib/python3.7/site-packages/airflow/example_dags/example_branch_datetime_operator.py took 0.112 seconds
[2023-03-12T10:13:49.690+0000] {processor.py:153} INFO - Started process (PID=843) to work on /home/airflow/.local/lib/python3.7/site-packages/airflow/example_dags/example_branch_datetime_operator.py
[2023-03-12T10:13:49.693+0000] {processor.py:743} INFO - Processing file /home/airflow/.local/lib/python3.7/site-packages/airflow/example_dags/example_branch_datetime_operator.py for tasks to queue
[2023-03-12T10:13:49.694+0000] {logging_mixin.py:137} INFO - [2023-03-12T10:13:49.694+0000] {dagbag.py:538} INFO - Filling up the DagBag from /home/airflow/.local/lib/python3.7/site-packages/airflow/example_dags/example_branch_datetime_operator.py
[2023-03-12T10:13:49.710+0000] {processor.py:753} INFO - DAG(s) dict_keys(['example_branch_datetime_operator', 'example_branch_datetime_operator_2', 'example_branch_datetime_operator_3']) retrieved from /home/airflow/.local/lib/python3.7/site-packages/airflow/example_dags/example_branch_datetime_operator.py
[2023-03-12T10:13:49.744+0000] {logging_mixin.py:137} INFO - [2023-03-12T10:13:49.744+0000] {dag.py:2690} INFO - Sync 3 DAGs
[2023-03-12T10:13:49.766+0000] {logging_mixin.py:137} INFO - [2023-03-12T10:13:49.766+0000] {dag.py:3441} INFO - Setting next_dagrun for example_branch_datetime_operator to 2023-03-11T00:00:00+00:00, run_after=2023-03-12T00:00:00+00:00
[2023-03-12T10:13:49.770+0000] {logging_mixin.py:137} INFO - [2023-03-12T10:13:49.770+0000] {dag.py:3441} INFO - Setting next_dagrun for example_branch_datetime_operator_2 to 2023-03-11T00:00:00+00:00, run_after=2023-03-12T00:00:00+00:00
[2023-03-12T10:13:49.773+0000] {logging_mixin.py:137} INFO - [2023-03-12T10:13:49.773+0000] {dag.py:3441} INFO - Setting next_dagrun for example_branch_datetime_operator_3 to 2023-03-11T00:00:00+00:00, run_after=2023-03-12T00:00:00+00:00
[2023-03-12T10:13:49.788+0000] {processor.py:175} INFO - Processing /home/airflow/.local/lib/python3.7/site-packages/airflow/example_dags/example_branch_datetime_operator.py took 0.101 seconds
[2023-03-12T10:14:20.776+0000] {processor.py:153} INFO - Started process (PID=916) to work on /home/airflow/.local/lib/python3.7/site-packages/airflow/example_dags/example_branch_datetime_operator.py
[2023-03-12T10:14:20.778+0000] {processor.py:743} INFO - Processing file /home/airflow/.local/lib/python3.7/site-packages/airflow/example_dags/example_branch_datetime_operator.py for tasks to queue
[2023-03-12T10:14:20.781+0000] {logging_mixin.py:137} INFO - [2023-03-12T10:14:20.781+0000] {dagbag.py:538} INFO - Filling up the DagBag from /home/airflow/.local/lib/python3.7/site-packages/airflow/example_dags/example_branch_datetime_operator.py
[2023-03-12T10:14:20.798+0000] {processor.py:753} INFO - DAG(s) dict_keys(['example_branch_datetime_operator', 'example_branch_datetime_operator_2', 'example_branch_datetime_operator_3']) retrieved from /home/airflow/.local/lib/python3.7/site-packages/airflow/example_dags/example_branch_datetime_operator.py
[2023-03-12T10:14:20.833+0000] {logging_mixin.py:137} INFO - [2023-03-12T10:14:20.832+0000] {dag.py:2690} INFO - Sync 3 DAGs
[2023-03-12T10:14:20.858+0000] {logging_mixin.py:137} INFO - [2023-03-12T10:14:20.858+0000] {dag.py:3441} INFO - Setting next_dagrun for example_branch_datetime_operator to 2023-03-11T00:00:00+00:00, run_after=2023-03-12T00:00:00+00:00
[2023-03-12T10:14:20.862+0000] {logging_mixin.py:137} INFO - [2023-03-12T10:14:20.862+0000] {dag.py:3441} INFO - Setting next_dagrun for example_branch_datetime_operator_2 to 2023-03-11T00:00:00+00:00, run_after=2023-03-12T00:00:00+00:00
[2023-03-12T10:14:20.865+0000] {logging_mixin.py:137} INFO - [2023-03-12T10:14:20.865+0000] {dag.py:3441} INFO - Setting next_dagrun for example_branch_datetime_operator_3 to 2023-03-11T00:00:00+00:00, run_after=2023-03-12T00:00:00+00:00
[2023-03-12T10:14:20.881+0000] {processor.py:175} INFO - Processing /home/airflow/.local/lib/python3.7/site-packages/airflow/example_dags/example_branch_datetime_operator.py took 0.109 seconds
[2023-03-12T10:14:51.131+0000] {processor.py:153} INFO - Started process (PID=986) to work on /home/airflow/.local/lib/python3.7/site-packages/airflow/example_dags/example_branch_datetime_operator.py
[2023-03-12T10:14:51.134+0000] {processor.py:743} INFO - Processing file /home/airflow/.local/lib/python3.7/site-packages/airflow/example_dags/example_branch_datetime_operator.py for tasks to queue
[2023-03-12T10:14:51.137+0000] {logging_mixin.py:137} INFO - [2023-03-12T10:14:51.136+0000] {dagbag.py:538} INFO - Filling up the DagBag from /home/airflow/.local/lib/python3.7/site-packages/airflow/example_dags/example_branch_datetime_operator.py
[2023-03-12T10:14:51.155+0000] {processor.py:753} INFO - DAG(s) dict_keys(['example_branch_datetime_operator_2', 'example_branch_datetime_operator', 'example_branch_datetime_operator_3']) retrieved from /home/airflow/.local/lib/python3.7/site-packages/airflow/example_dags/example_branch_datetime_operator.py
[2023-03-12T10:14:51.185+0000] {logging_mixin.py:137} INFO - [2023-03-12T10:14:51.185+0000] {dag.py:2690} INFO - Sync 3 DAGs
[2023-03-12T10:14:51.210+0000] {logging_mixin.py:137} INFO - [2023-03-12T10:14:51.210+0000] {dag.py:3441} INFO - Setting next_dagrun for example_branch_datetime_operator to 2023-03-11T00:00:00+00:00, run_after=2023-03-12T00:00:00+00:00
[2023-03-12T10:14:51.216+0000] {logging_mixin.py:137} INFO - [2023-03-12T10:14:51.215+0000] {dag.py:3441} INFO - Setting next_dagrun for example_branch_datetime_operator_2 to 2023-03-11T00:00:00+00:00, run_after=2023-03-12T00:00:00+00:00
[2023-03-12T10:14:51.220+0000] {logging_mixin.py:137} INFO - [2023-03-12T10:14:51.219+0000] {dag.py:3441} INFO - Setting next_dagrun for example_branch_datetime_operator_3 to 2023-03-11T00:00:00+00:00, run_after=2023-03-12T00:00:00+00:00
[2023-03-12T10:14:51.238+0000] {processor.py:175} INFO - Processing /home/airflow/.local/lib/python3.7/site-packages/airflow/example_dags/example_branch_datetime_operator.py took 0.112 seconds
[2023-03-12T10:15:21.530+0000] {processor.py:153} INFO - Started process (PID=1064) to work on /home/airflow/.local/lib/python3.7/site-packages/airflow/example_dags/example_branch_datetime_operator.py
[2023-03-12T10:15:21.533+0000] {processor.py:743} INFO - Processing file /home/airflow/.local/lib/python3.7/site-packages/airflow/example_dags/example_branch_datetime_operator.py for tasks to queue
[2023-03-12T10:15:21.535+0000] {logging_mixin.py:137} INFO - [2023-03-12T10:15:21.535+0000] {dagbag.py:538} INFO - Filling up the DagBag from /home/airflow/.local/lib/python3.7/site-packages/airflow/example_dags/example_branch_datetime_operator.py
[2023-03-12T10:15:21.551+0000] {processor.py:753} INFO - DAG(s) dict_keys(['example_branch_datetime_operator_2', 'example_branch_datetime_operator_3', 'example_branch_datetime_operator']) retrieved from /home/airflow/.local/lib/python3.7/site-packages/airflow/example_dags/example_branch_datetime_operator.py
[2023-03-12T10:15:21.586+0000] {logging_mixin.py:137} INFO - [2023-03-12T10:15:21.586+0000] {dag.py:2690} INFO - Sync 3 DAGs
[2023-03-12T10:15:21.610+0000] {logging_mixin.py:137} INFO - [2023-03-12T10:15:21.610+0000] {dag.py:3441} INFO - Setting next_dagrun for example_branch_datetime_operator to 2023-03-11T00:00:00+00:00, run_after=2023-03-12T00:00:00+00:00
[2023-03-12T10:15:21.616+0000] {logging_mixin.py:137} INFO - [2023-03-12T10:15:21.616+0000] {dag.py:3441} INFO - Setting next_dagrun for example_branch_datetime_operator_2 to 2023-03-11T00:00:00+00:00, run_after=2023-03-12T00:00:00+00:00
[2023-03-12T10:15:21.619+0000] {logging_mixin.py:137} INFO - [2023-03-12T10:15:21.619+0000] {dag.py:3441} INFO - Setting next_dagrun for example_branch_datetime_operator_3 to 2023-03-11T00:00:00+00:00, run_after=2023-03-12T00:00:00+00:00
[2023-03-12T10:15:21.634+0000] {processor.py:175} INFO - Processing /home/airflow/.local/lib/python3.7/site-packages/airflow/example_dags/example_branch_datetime_operator.py took 0.107 seconds
[2023-03-12T10:15:51.885+0000] {processor.py:153} INFO - Started process (PID=1127) to work on /home/airflow/.local/lib/python3.7/site-packages/airflow/example_dags/example_branch_datetime_operator.py
[2023-03-12T10:15:51.887+0000] {processor.py:743} INFO - Processing file /home/airflow/.local/lib/python3.7/site-packages/airflow/example_dags/example_branch_datetime_operator.py for tasks to queue
[2023-03-12T10:15:51.889+0000] {logging_mixin.py:137} INFO - [2023-03-12T10:15:51.889+0000] {dagbag.py:538} INFO - Filling up the DagBag from /home/airflow/.local/lib/python3.7/site-packages/airflow/example_dags/example_branch_datetime_operator.py
[2023-03-12T10:15:51.901+0000] {processor.py:753} INFO - DAG(s) dict_keys(['example_branch_datetime_operator', 'example_branch_datetime_operator_2', 'example_branch_datetime_operator_3']) retrieved from /home/airflow/.local/lib/python3.7/site-packages/airflow/example_dags/example_branch_datetime_operator.py
[2023-03-12T10:15:51.931+0000] {logging_mixin.py:137} INFO - [2023-03-12T10:15:51.931+0000] {dag.py:2690} INFO - Sync 3 DAGs
[2023-03-12T10:15:51.952+0000] {logging_mixin.py:137} INFO - [2023-03-12T10:15:51.952+0000] {dag.py:3441} INFO - Setting next_dagrun for example_branch_datetime_operator to 2023-03-11T00:00:00+00:00, run_after=2023-03-12T00:00:00+00:00
[2023-03-12T10:15:51.957+0000] {logging_mixin.py:137} INFO - [2023-03-12T10:15:51.957+0000] {dag.py:3441} INFO - Setting next_dagrun for example_branch_datetime_operator_2 to 2023-03-11T00:00:00+00:00, run_after=2023-03-12T00:00:00+00:00
[2023-03-12T10:15:51.960+0000] {logging_mixin.py:137} INFO - [2023-03-12T10:15:51.960+0000] {dag.py:3441} INFO - Setting next_dagrun for example_branch_datetime_operator_3 to 2023-03-11T00:00:00+00:00, run_after=2023-03-12T00:00:00+00:00
[2023-03-12T10:15:51.977+0000] {processor.py:175} INFO - Processing /home/airflow/.local/lib/python3.7/site-packages/airflow/example_dags/example_branch_datetime_operator.py took 0.097 seconds
[2023-03-12T10:16:22.119+0000] {processor.py:153} INFO - Started process (PID=1204) to work on /home/airflow/.local/lib/python3.7/site-packages/airflow/example_dags/example_branch_datetime_operator.py
[2023-03-12T10:16:22.121+0000] {processor.py:743} INFO - Processing file /home/airflow/.local/lib/python3.7/site-packages/airflow/example_dags/example_branch_datetime_operator.py for tasks to queue
[2023-03-12T10:16:22.123+0000] {logging_mixin.py:137} INFO - [2023-03-12T10:16:22.123+0000] {dagbag.py:538} INFO - Filling up the DagBag from /home/airflow/.local/lib/python3.7/site-packages/airflow/example_dags/example_branch_datetime_operator.py
[2023-03-12T10:16:22.139+0000] {processor.py:753} INFO - DAG(s) dict_keys(['example_branch_datetime_operator', 'example_branch_datetime_operator_2', 'example_branch_datetime_operator_3']) retrieved from /home/airflow/.local/lib/python3.7/site-packages/airflow/example_dags/example_branch_datetime_operator.py
[2023-03-12T10:16:22.169+0000] {logging_mixin.py:137} INFO - [2023-03-12T10:16:22.169+0000] {dag.py:2690} INFO - Sync 3 DAGs
[2023-03-12T10:16:22.192+0000] {logging_mixin.py:137} INFO - [2023-03-12T10:16:22.192+0000] {dag.py:3441} INFO - Setting next_dagrun for example_branch_datetime_operator to 2023-03-11T00:00:00+00:00, run_after=2023-03-12T00:00:00+00:00
[2023-03-12T10:16:22.197+0000] {logging_mixin.py:137} INFO - [2023-03-12T10:16:22.197+0000] {dag.py:3441} INFO - Setting next_dagrun for example_branch_datetime_operator_2 to 2023-03-11T00:00:00+00:00, run_after=2023-03-12T00:00:00+00:00
[2023-03-12T10:16:22.201+0000] {logging_mixin.py:137} INFO - [2023-03-12T10:16:22.201+0000] {dag.py:3441} INFO - Setting next_dagrun for example_branch_datetime_operator_3 to 2023-03-11T00:00:00+00:00, run_after=2023-03-12T00:00:00+00:00
[2023-03-12T10:16:22.216+0000] {processor.py:175} INFO - Processing /home/airflow/.local/lib/python3.7/site-packages/airflow/example_dags/example_branch_datetime_operator.py took 0.101 seconds
[2023-03-12T10:16:53.059+0000] {processor.py:153} INFO - Started process (PID=1276) to work on /home/airflow/.local/lib/python3.7/site-packages/airflow/example_dags/example_branch_datetime_operator.py
[2023-03-12T10:16:53.063+0000] {processor.py:743} INFO - Processing file /home/airflow/.local/lib/python3.7/site-packages/airflow/example_dags/example_branch_datetime_operator.py for tasks to queue
[2023-03-12T10:16:53.067+0000] {logging_mixin.py:137} INFO - [2023-03-12T10:16:53.067+0000] {dagbag.py:538} INFO - Filling up the DagBag from /home/airflow/.local/lib/python3.7/site-packages/airflow/example_dags/example_branch_datetime_operator.py
[2023-03-12T10:16:53.089+0000] {processor.py:753} INFO - DAG(s) dict_keys(['example_branch_datetime_operator_2', 'example_branch_datetime_operator_3', 'example_branch_datetime_operator']) retrieved from /home/airflow/.local/lib/python3.7/site-packages/airflow/example_dags/example_branch_datetime_operator.py
[2023-03-12T10:16:53.146+0000] {logging_mixin.py:137} INFO - [2023-03-12T10:16:53.146+0000] {dag.py:2690} INFO - Sync 3 DAGs
[2023-03-12T10:16:53.184+0000] {logging_mixin.py:137} INFO - [2023-03-12T10:16:53.184+0000] {dag.py:3441} INFO - Setting next_dagrun for example_branch_datetime_operator to 2023-03-11T00:00:00+00:00, run_after=2023-03-12T00:00:00+00:00
[2023-03-12T10:16:53.190+0000] {logging_mixin.py:137} INFO - [2023-03-12T10:16:53.190+0000] {dag.py:3441} INFO - Setting next_dagrun for example_branch_datetime_operator_2 to 2023-03-11T00:00:00+00:00, run_after=2023-03-12T00:00:00+00:00
[2023-03-12T10:16:53.194+0000] {logging_mixin.py:137} INFO - [2023-03-12T10:16:53.194+0000] {dag.py:3441} INFO - Setting next_dagrun for example_branch_datetime_operator_3 to 2023-03-11T00:00:00+00:00, run_after=2023-03-12T00:00:00+00:00
[2023-03-12T10:16:53.211+0000] {processor.py:175} INFO - Processing /home/airflow/.local/lib/python3.7/site-packages/airflow/example_dags/example_branch_datetime_operator.py took 0.157 seconds
[2023-03-12T10:17:23.296+0000] {processor.py:153} INFO - Started process (PID=1347) to work on /home/airflow/.local/lib/python3.7/site-packages/airflow/example_dags/example_branch_datetime_operator.py
[2023-03-12T10:17:23.299+0000] {processor.py:743} INFO - Processing file /home/airflow/.local/lib/python3.7/site-packages/airflow/example_dags/example_branch_datetime_operator.py for tasks to queue
[2023-03-12T10:17:23.301+0000] {logging_mixin.py:137} INFO - [2023-03-12T10:17:23.301+0000] {dagbag.py:538} INFO - Filling up the DagBag from /home/airflow/.local/lib/python3.7/site-packages/airflow/example_dags/example_branch_datetime_operator.py
[2023-03-12T10:17:23.314+0000] {processor.py:753} INFO - DAG(s) dict_keys(['example_branch_datetime_operator_3', 'example_branch_datetime_operator_2', 'example_branch_datetime_operator']) retrieved from /home/airflow/.local/lib/python3.7/site-packages/airflow/example_dags/example_branch_datetime_operator.py
[2023-03-12T10:17:23.344+0000] {logging_mixin.py:137} INFO - [2023-03-12T10:17:23.344+0000] {dag.py:2690} INFO - Sync 3 DAGs
[2023-03-12T10:17:23.366+0000] {logging_mixin.py:137} INFO - [2023-03-12T10:17:23.366+0000] {dag.py:3441} INFO - Setting next_dagrun for example_branch_datetime_operator to 2023-03-11T00:00:00+00:00, run_after=2023-03-12T00:00:00+00:00
[2023-03-12T10:17:23.373+0000] {logging_mixin.py:137} INFO - [2023-03-12T10:17:23.373+0000] {dag.py:3441} INFO - Setting next_dagrun for example_branch_datetime_operator_2 to 2023-03-11T00:00:00+00:00, run_after=2023-03-12T00:00:00+00:00
[2023-03-12T10:17:23.376+0000] {logging_mixin.py:137} INFO - [2023-03-12T10:17:23.376+0000] {dag.py:3441} INFO - Setting next_dagrun for example_branch_datetime_operator_3 to 2023-03-11T00:00:00+00:00, run_after=2023-03-12T00:00:00+00:00
[2023-03-12T10:17:23.388+0000] {processor.py:175} INFO - Processing /home/airflow/.local/lib/python3.7/site-packages/airflow/example_dags/example_branch_datetime_operator.py took 0.095 seconds
[2023-03-12T10:17:54.213+0000] {processor.py:153} INFO - Started process (PID=1424) to work on /home/airflow/.local/lib/python3.7/site-packages/airflow/example_dags/example_branch_datetime_operator.py
[2023-03-12T10:17:54.216+0000] {processor.py:743} INFO - Processing file /home/airflow/.local/lib/python3.7/site-packages/airflow/example_dags/example_branch_datetime_operator.py for tasks to queue
[2023-03-12T10:17:54.218+0000] {logging_mixin.py:137} INFO - [2023-03-12T10:17:54.218+0000] {dagbag.py:538} INFO - Filling up the DagBag from /home/airflow/.local/lib/python3.7/site-packages/airflow/example_dags/example_branch_datetime_operator.py
[2023-03-12T10:17:54.233+0000] {processor.py:753} INFO - DAG(s) dict_keys(['example_branch_datetime_operator', 'example_branch_datetime_operator_2', 'example_branch_datetime_operator_3']) retrieved from /home/airflow/.local/lib/python3.7/site-packages/airflow/example_dags/example_branch_datetime_operator.py
[2023-03-12T10:17:54.266+0000] {logging_mixin.py:137} INFO - [2023-03-12T10:17:54.266+0000] {dag.py:2690} INFO - Sync 3 DAGs
[2023-03-12T10:17:54.293+0000] {logging_mixin.py:137} INFO - [2023-03-12T10:17:54.293+0000] {dag.py:3441} INFO - Setting next_dagrun for example_branch_datetime_operator to 2023-03-11T00:00:00+00:00, run_after=2023-03-12T00:00:00+00:00
[2023-03-12T10:17:54.302+0000] {logging_mixin.py:137} INFO - [2023-03-12T10:17:54.302+0000] {dag.py:3441} INFO - Setting next_dagrun for example_branch_datetime_operator_2 to 2023-03-11T00:00:00+00:00, run_after=2023-03-12T00:00:00+00:00
[2023-03-12T10:17:54.308+0000] {logging_mixin.py:137} INFO - [2023-03-12T10:17:54.308+0000] {dag.py:3441} INFO - Setting next_dagrun for example_branch_datetime_operator_3 to 2023-03-11T00:00:00+00:00, run_after=2023-03-12T00:00:00+00:00
[2023-03-12T10:17:54.324+0000] {processor.py:175} INFO - Processing /home/airflow/.local/lib/python3.7/site-packages/airflow/example_dags/example_branch_datetime_operator.py took 0.114 seconds
[2023-03-12T10:18:25.360+0000] {processor.py:153} INFO - Started process (PID=1489) to work on /home/airflow/.local/lib/python3.7/site-packages/airflow/example_dags/example_branch_datetime_operator.py
[2023-03-12T10:18:25.363+0000] {processor.py:743} INFO - Processing file /home/airflow/.local/lib/python3.7/site-packages/airflow/example_dags/example_branch_datetime_operator.py for tasks to queue
[2023-03-12T10:18:25.365+0000] {logging_mixin.py:137} INFO - [2023-03-12T10:18:25.365+0000] {dagbag.py:538} INFO - Filling up the DagBag from /home/airflow/.local/lib/python3.7/site-packages/airflow/example_dags/example_branch_datetime_operator.py
[2023-03-12T10:18:25.380+0000] {processor.py:753} INFO - DAG(s) dict_keys(['example_branch_datetime_operator', 'example_branch_datetime_operator_2', 'example_branch_datetime_operator_3']) retrieved from /home/airflow/.local/lib/python3.7/site-packages/airflow/example_dags/example_branch_datetime_operator.py
[2023-03-12T10:18:25.413+0000] {logging_mixin.py:137} INFO - [2023-03-12T10:18:25.413+0000] {dag.py:2690} INFO - Sync 3 DAGs
[2023-03-12T10:18:25.442+0000] {logging_mixin.py:137} INFO - [2023-03-12T10:18:25.442+0000] {dag.py:3441} INFO - Setting next_dagrun for example_branch_datetime_operator to 2023-03-11T00:00:00+00:00, run_after=2023-03-12T00:00:00+00:00
[2023-03-12T10:18:25.451+0000] {logging_mixin.py:137} INFO - [2023-03-12T10:18:25.451+0000] {dag.py:3441} INFO - Setting next_dagrun for example_branch_datetime_operator_2 to 2023-03-11T00:00:00+00:00, run_after=2023-03-12T00:00:00+00:00
[2023-03-12T10:18:25.455+0000] {logging_mixin.py:137} INFO - [2023-03-12T10:18:25.454+0000] {dag.py:3441} INFO - Setting next_dagrun for example_branch_datetime_operator_3 to 2023-03-11T00:00:00+00:00, run_after=2023-03-12T00:00:00+00:00
[2023-03-12T10:18:25.474+0000] {processor.py:175} INFO - Processing /home/airflow/.local/lib/python3.7/site-packages/airflow/example_dags/example_branch_datetime_operator.py took 0.117 seconds
[2023-03-12T10:18:55.765+0000] {processor.py:153} INFO - Started process (PID=1567) to work on /home/airflow/.local/lib/python3.7/site-packages/airflow/example_dags/example_branch_datetime_operator.py
[2023-03-12T10:18:55.767+0000] {processor.py:743} INFO - Processing file /home/airflow/.local/lib/python3.7/site-packages/airflow/example_dags/example_branch_datetime_operator.py for tasks to queue
[2023-03-12T10:18:55.769+0000] {logging_mixin.py:137} INFO - [2023-03-12T10:18:55.769+0000] {dagbag.py:538} INFO - Filling up the DagBag from /home/airflow/.local/lib/python3.7/site-packages/airflow/example_dags/example_branch_datetime_operator.py
[2023-03-12T10:18:55.783+0000] {processor.py:753} INFO - DAG(s) dict_keys(['example_branch_datetime_operator_2', 'example_branch_datetime_operator_3', 'example_branch_datetime_operator']) retrieved from /home/airflow/.local/lib/python3.7/site-packages/airflow/example_dags/example_branch_datetime_operator.py
[2023-03-12T10:18:55.817+0000] {logging_mixin.py:137} INFO - [2023-03-12T10:18:55.817+0000] {dag.py:2690} INFO - Sync 3 DAGs
[2023-03-12T10:18:55.839+0000] {logging_mixin.py:137} INFO - [2023-03-12T10:18:55.839+0000] {dag.py:3441} INFO - Setting next_dagrun for example_branch_datetime_operator to 2023-03-11T00:00:00+00:00, run_after=2023-03-12T00:00:00+00:00
[2023-03-12T10:18:55.843+0000] {logging_mixin.py:137} INFO - [2023-03-12T10:18:55.843+0000] {dag.py:3441} INFO - Setting next_dagrun for example_branch_datetime_operator_2 to 2023-03-11T00:00:00+00:00, run_after=2023-03-12T00:00:00+00:00
[2023-03-12T10:18:55.846+0000] {logging_mixin.py:137} INFO - [2023-03-12T10:18:55.846+0000] {dag.py:3441} INFO - Setting next_dagrun for example_branch_datetime_operator_3 to 2023-03-11T00:00:00+00:00, run_after=2023-03-12T00:00:00+00:00
[2023-03-12T10:18:55.864+0000] {processor.py:175} INFO - Processing /home/airflow/.local/lib/python3.7/site-packages/airflow/example_dags/example_branch_datetime_operator.py took 0.102 seconds
[2023-03-12T10:19:26.688+0000] {processor.py:153} INFO - Started process (PID=1645) to work on /home/airflow/.local/lib/python3.7/site-packages/airflow/example_dags/example_branch_datetime_operator.py
[2023-03-12T10:19:26.691+0000] {processor.py:743} INFO - Processing file /home/airflow/.local/lib/python3.7/site-packages/airflow/example_dags/example_branch_datetime_operator.py for tasks to queue
[2023-03-12T10:19:26.692+0000] {logging_mixin.py:137} INFO - [2023-03-12T10:19:26.692+0000] {dagbag.py:538} INFO - Filling up the DagBag from /home/airflow/.local/lib/python3.7/site-packages/airflow/example_dags/example_branch_datetime_operator.py
[2023-03-12T10:19:26.706+0000] {processor.py:753} INFO - DAG(s) dict_keys(['example_branch_datetime_operator', 'example_branch_datetime_operator_3', 'example_branch_datetime_operator_2']) retrieved from /home/airflow/.local/lib/python3.7/site-packages/airflow/example_dags/example_branch_datetime_operator.py
[2023-03-12T10:19:26.736+0000] {logging_mixin.py:137} INFO - [2023-03-12T10:19:26.736+0000] {dag.py:2690} INFO - Sync 3 DAGs
[2023-03-12T10:19:26.759+0000] {logging_mixin.py:137} INFO - [2023-03-12T10:19:26.759+0000] {dag.py:3441} INFO - Setting next_dagrun for example_branch_datetime_operator to 2023-03-11T00:00:00+00:00, run_after=2023-03-12T00:00:00+00:00
[2023-03-12T10:19:26.764+0000] {logging_mixin.py:137} INFO - [2023-03-12T10:19:26.763+0000] {dag.py:3441} INFO - Setting next_dagrun for example_branch_datetime_operator_2 to 2023-03-11T00:00:00+00:00, run_after=2023-03-12T00:00:00+00:00
[2023-03-12T10:19:26.768+0000] {logging_mixin.py:137} INFO - [2023-03-12T10:19:26.768+0000] {dag.py:3441} INFO - Setting next_dagrun for example_branch_datetime_operator_3 to 2023-03-11T00:00:00+00:00, run_after=2023-03-12T00:00:00+00:00
[2023-03-12T10:19:26.781+0000] {processor.py:175} INFO - Processing /home/airflow/.local/lib/python3.7/site-packages/airflow/example_dags/example_branch_datetime_operator.py took 0.096 seconds
[2023-03-12T10:19:57.914+0000] {processor.py:153} INFO - Started process (PID=1710) to work on /home/airflow/.local/lib/python3.7/site-packages/airflow/example_dags/example_branch_datetime_operator.py
[2023-03-12T10:19:57.916+0000] {processor.py:743} INFO - Processing file /home/airflow/.local/lib/python3.7/site-packages/airflow/example_dags/example_branch_datetime_operator.py for tasks to queue
[2023-03-12T10:19:57.919+0000] {logging_mixin.py:137} INFO - [2023-03-12T10:19:57.919+0000] {dagbag.py:538} INFO - Filling up the DagBag from /home/airflow/.local/lib/python3.7/site-packages/airflow/example_dags/example_branch_datetime_operator.py
[2023-03-12T10:19:57.937+0000] {processor.py:753} INFO - DAG(s) dict_keys(['example_branch_datetime_operator_2', 'example_branch_datetime_operator_3', 'example_branch_datetime_operator']) retrieved from /home/airflow/.local/lib/python3.7/site-packages/airflow/example_dags/example_branch_datetime_operator.py
[2023-03-12T10:19:57.971+0000] {logging_mixin.py:137} INFO - [2023-03-12T10:19:57.971+0000] {dag.py:2690} INFO - Sync 3 DAGs
[2023-03-12T10:19:57.999+0000] {logging_mixin.py:137} INFO - [2023-03-12T10:19:57.999+0000] {dag.py:3441} INFO - Setting next_dagrun for example_branch_datetime_operator to 2023-03-11T00:00:00+00:00, run_after=2023-03-12T00:00:00+00:00
[2023-03-12T10:19:58.006+0000] {logging_mixin.py:137} INFO - [2023-03-12T10:19:58.006+0000] {dag.py:3441} INFO - Setting next_dagrun for example_branch_datetime_operator_2 to 2023-03-11T00:00:00+00:00, run_after=2023-03-12T00:00:00+00:00
[2023-03-12T10:19:58.010+0000] {logging_mixin.py:137} INFO - [2023-03-12T10:19:58.010+0000] {dag.py:3441} INFO - Setting next_dagrun for example_branch_datetime_operator_3 to 2023-03-11T00:00:00+00:00, run_after=2023-03-12T00:00:00+00:00
[2023-03-12T10:19:58.028+0000] {processor.py:175} INFO - Processing /home/airflow/.local/lib/python3.7/site-packages/airflow/example_dags/example_branch_datetime_operator.py took 0.119 seconds
[2023-03-12T10:20:28.156+0000] {processor.py:153} INFO - Started process (PID=1789) to work on /home/airflow/.local/lib/python3.7/site-packages/airflow/example_dags/example_branch_datetime_operator.py
[2023-03-12T10:20:28.158+0000] {processor.py:743} INFO - Processing file /home/airflow/.local/lib/python3.7/site-packages/airflow/example_dags/example_branch_datetime_operator.py for tasks to queue
[2023-03-12T10:20:28.160+0000] {logging_mixin.py:137} INFO - [2023-03-12T10:20:28.160+0000] {dagbag.py:538} INFO - Filling up the DagBag from /home/airflow/.local/lib/python3.7/site-packages/airflow/example_dags/example_branch_datetime_operator.py
[2023-03-12T10:20:28.175+0000] {processor.py:753} INFO - DAG(s) dict_keys(['example_branch_datetime_operator_3', 'example_branch_datetime_operator', 'example_branch_datetime_operator_2']) retrieved from /home/airflow/.local/lib/python3.7/site-packages/airflow/example_dags/example_branch_datetime_operator.py
[2023-03-12T10:20:28.207+0000] {logging_mixin.py:137} INFO - [2023-03-12T10:20:28.207+0000] {dag.py:2690} INFO - Sync 3 DAGs
[2023-03-12T10:20:28.228+0000] {logging_mixin.py:137} INFO - [2023-03-12T10:20:28.228+0000] {dag.py:3441} INFO - Setting next_dagrun for example_branch_datetime_operator to 2023-03-11T00:00:00+00:00, run_after=2023-03-12T00:00:00+00:00
[2023-03-12T10:20:28.233+0000] {logging_mixin.py:137} INFO - [2023-03-12T10:20:28.233+0000] {dag.py:3441} INFO - Setting next_dagrun for example_branch_datetime_operator_2 to 2023-03-11T00:00:00+00:00, run_after=2023-03-12T00:00:00+00:00
[2023-03-12T10:20:28.238+0000] {logging_mixin.py:137} INFO - [2023-03-12T10:20:28.238+0000] {dag.py:3441} INFO - Setting next_dagrun for example_branch_datetime_operator_3 to 2023-03-11T00:00:00+00:00, run_after=2023-03-12T00:00:00+00:00
[2023-03-12T10:20:28.258+0000] {processor.py:175} INFO - Processing /home/airflow/.local/lib/python3.7/site-packages/airflow/example_dags/example_branch_datetime_operator.py took 0.106 seconds
[2023-03-12T10:20:58.404+0000] {processor.py:153} INFO - Started process (PID=1854) to work on /home/airflow/.local/lib/python3.7/site-packages/airflow/example_dags/example_branch_datetime_operator.py
[2023-03-12T10:20:58.408+0000] {processor.py:743} INFO - Processing file /home/airflow/.local/lib/python3.7/site-packages/airflow/example_dags/example_branch_datetime_operator.py for tasks to queue
[2023-03-12T10:20:58.410+0000] {logging_mixin.py:137} INFO - [2023-03-12T10:20:58.410+0000] {dagbag.py:538} INFO - Filling up the DagBag from /home/airflow/.local/lib/python3.7/site-packages/airflow/example_dags/example_branch_datetime_operator.py
[2023-03-12T10:20:58.446+0000] {processor.py:753} INFO - DAG(s) dict_keys(['example_branch_datetime_operator', 'example_branch_datetime_operator_3', 'example_branch_datetime_operator_2']) retrieved from /home/airflow/.local/lib/python3.7/site-packages/airflow/example_dags/example_branch_datetime_operator.py
[2023-03-12T10:20:58.495+0000] {logging_mixin.py:137} INFO - [2023-03-12T10:20:58.495+0000] {dag.py:2690} INFO - Sync 3 DAGs
[2023-03-12T10:20:58.523+0000] {logging_mixin.py:137} INFO - [2023-03-12T10:20:58.523+0000] {dag.py:3441} INFO - Setting next_dagrun for example_branch_datetime_operator to 2023-03-11T00:00:00+00:00, run_after=2023-03-12T00:00:00+00:00
[2023-03-12T10:20:58.536+0000] {logging_mixin.py:137} INFO - [2023-03-12T10:20:58.536+0000] {dag.py:3441} INFO - Setting next_dagrun for example_branch_datetime_operator_2 to 2023-03-11T00:00:00+00:00, run_after=2023-03-12T00:00:00+00:00
[2023-03-12T10:20:58.540+0000] {logging_mixin.py:137} INFO - [2023-03-12T10:20:58.540+0000] {dag.py:3441} INFO - Setting next_dagrun for example_branch_datetime_operator_3 to 2023-03-11T00:00:00+00:00, run_after=2023-03-12T00:00:00+00:00
[2023-03-12T10:20:58.558+0000] {processor.py:175} INFO - Processing /home/airflow/.local/lib/python3.7/site-packages/airflow/example_dags/example_branch_datetime_operator.py took 0.164 seconds
[2023-03-12T10:21:28.907+0000] {processor.py:153} INFO - Started process (PID=1933) to work on /home/airflow/.local/lib/python3.7/site-packages/airflow/example_dags/example_branch_datetime_operator.py
[2023-03-12T10:21:28.910+0000] {processor.py:743} INFO - Processing file /home/airflow/.local/lib/python3.7/site-packages/airflow/example_dags/example_branch_datetime_operator.py for tasks to queue
[2023-03-12T10:21:28.912+0000] {logging_mixin.py:137} INFO - [2023-03-12T10:21:28.912+0000] {dagbag.py:538} INFO - Filling up the DagBag from /home/airflow/.local/lib/python3.7/site-packages/airflow/example_dags/example_branch_datetime_operator.py
[2023-03-12T10:21:28.925+0000] {processor.py:753} INFO - DAG(s) dict_keys(['example_branch_datetime_operator', 'example_branch_datetime_operator_3', 'example_branch_datetime_operator_2']) retrieved from /home/airflow/.local/lib/python3.7/site-packages/airflow/example_dags/example_branch_datetime_operator.py
[2023-03-12T10:21:28.955+0000] {logging_mixin.py:137} INFO - [2023-03-12T10:21:28.955+0000] {dag.py:2690} INFO - Sync 3 DAGs
[2023-03-12T10:21:28.977+0000] {logging_mixin.py:137} INFO - [2023-03-12T10:21:28.977+0000] {dag.py:3441} INFO - Setting next_dagrun for example_branch_datetime_operator to 2023-03-11T00:00:00+00:00, run_after=2023-03-12T00:00:00+00:00
[2023-03-12T10:21:28.983+0000] {logging_mixin.py:137} INFO - [2023-03-12T10:21:28.983+0000] {dag.py:3441} INFO - Setting next_dagrun for example_branch_datetime_operator_2 to 2023-03-11T00:00:00+00:00, run_after=2023-03-12T00:00:00+00:00
[2023-03-12T10:21:28.986+0000] {logging_mixin.py:137} INFO - [2023-03-12T10:21:28.986+0000] {dag.py:3441} INFO - Setting next_dagrun for example_branch_datetime_operator_3 to 2023-03-11T00:00:00+00:00, run_after=2023-03-12T00:00:00+00:00
[2023-03-12T10:21:29.008+0000] {processor.py:175} INFO - Processing /home/airflow/.local/lib/python3.7/site-packages/airflow/example_dags/example_branch_datetime_operator.py took 0.104 seconds
[2023-03-12T10:21:59.400+0000] {processor.py:153} INFO - Started process (PID=2011) to work on /home/airflow/.local/lib/python3.7/site-packages/airflow/example_dags/example_branch_datetime_operator.py
[2023-03-12T10:21:59.408+0000] {processor.py:743} INFO - Processing file /home/airflow/.local/lib/python3.7/site-packages/airflow/example_dags/example_branch_datetime_operator.py for tasks to queue
[2023-03-12T10:21:59.410+0000] {logging_mixin.py:137} INFO - [2023-03-12T10:21:59.410+0000] {dagbag.py:538} INFO - Filling up the DagBag from /home/airflow/.local/lib/python3.7/site-packages/airflow/example_dags/example_branch_datetime_operator.py
[2023-03-12T10:21:59.456+0000] {processor.py:753} INFO - DAG(s) dict_keys(['example_branch_datetime_operator_3', 'example_branch_datetime_operator', 'example_branch_datetime_operator_2']) retrieved from /home/airflow/.local/lib/python3.7/site-packages/airflow/example_dags/example_branch_datetime_operator.py
[2023-03-12T10:21:59.498+0000] {logging_mixin.py:137} INFO - [2023-03-12T10:21:59.498+0000] {dag.py:2690} INFO - Sync 3 DAGs
[2023-03-12T10:21:59.520+0000] {logging_mixin.py:137} INFO - [2023-03-12T10:21:59.520+0000] {dag.py:3441} INFO - Setting next_dagrun for example_branch_datetime_operator to 2023-03-11T00:00:00+00:00, run_after=2023-03-12T00:00:00+00:00
[2023-03-12T10:21:59.526+0000] {logging_mixin.py:137} INFO - [2023-03-12T10:21:59.526+0000] {dag.py:3441} INFO - Setting next_dagrun for example_branch_datetime_operator_2 to 2023-03-11T00:00:00+00:00, run_after=2023-03-12T00:00:00+00:00
[2023-03-12T10:21:59.529+0000] {logging_mixin.py:137} INFO - [2023-03-12T10:21:59.529+0000] {dag.py:3441} INFO - Setting next_dagrun for example_branch_datetime_operator_3 to 2023-03-11T00:00:00+00:00, run_after=2023-03-12T00:00:00+00:00
[2023-03-12T10:21:59.543+0000] {processor.py:175} INFO - Processing /home/airflow/.local/lib/python3.7/site-packages/airflow/example_dags/example_branch_datetime_operator.py took 0.148 seconds
