[2023-03-12T10:08:17.510+0000] {processor.py:153} INFO - Started process (PID=75) to work on /home/airflow/.local/lib/python3.7/site-packages/airflow/example_dags/example_latest_only_with_trigger.py
[2023-03-12T10:08:17.513+0000] {processor.py:743} INFO - Processing file /home/airflow/.local/lib/python3.7/site-packages/airflow/example_dags/example_latest_only_with_trigger.py for tasks to queue
[2023-03-12T10:08:17.516+0000] {logging_mixin.py:137} INFO - [2023-03-12T10:08:17.515+0000] {dagbag.py:538} INFO - Filling up the DagBag from /home/airflow/.local/lib/python3.7/site-packages/airflow/example_dags/example_latest_only_with_trigger.py
[2023-03-12T10:08:17.561+0000] {processor.py:753} INFO - DAG(s) dict_keys(['latest_only_with_trigger']) retrieved from /home/airflow/.local/lib/python3.7/site-packages/airflow/example_dags/example_latest_only_with_trigger.py
[2023-03-12T10:08:17.602+0000] {logging_mixin.py:137} INFO - [2023-03-12T10:08:17.602+0000] {dag.py:2690} INFO - Sync 1 DAGs
[2023-03-12T10:08:17.643+0000] {logging_mixin.py:137} INFO - [2023-03-12T10:08:17.643+0000] {dag.py:3441} INFO - Setting next_dagrun for latest_only_with_trigger to 2023-03-12T06:08:17.642887+00:00, run_after=2023-03-12T10:08:17.642887+00:00
[2023-03-12T10:08:17.709+0000] {processor.py:175} INFO - Processing /home/airflow/.local/lib/python3.7/site-packages/airflow/example_dags/example_latest_only_with_trigger.py took 0.220 seconds
[2023-03-12T10:08:48.097+0000] {processor.py:153} INFO - Started process (PID=144) to work on /home/airflow/.local/lib/python3.7/site-packages/airflow/example_dags/example_latest_only_with_trigger.py
[2023-03-12T10:08:48.100+0000] {processor.py:743} INFO - Processing file /home/airflow/.local/lib/python3.7/site-packages/airflow/example_dags/example_latest_only_with_trigger.py for tasks to queue
[2023-03-12T10:08:48.101+0000] {logging_mixin.py:137} INFO - [2023-03-12T10:08:48.101+0000] {dagbag.py:538} INFO - Filling up the DagBag from /home/airflow/.local/lib/python3.7/site-packages/airflow/example_dags/example_latest_only_with_trigger.py
[2023-03-12T10:08:48.113+0000] {processor.py:753} INFO - DAG(s) dict_keys(['latest_only_with_trigger']) retrieved from /home/airflow/.local/lib/python3.7/site-packages/airflow/example_dags/example_latest_only_with_trigger.py
[2023-03-12T10:08:48.142+0000] {logging_mixin.py:137} INFO - [2023-03-12T10:08:48.142+0000] {dag.py:2690} INFO - Sync 1 DAGs
[2023-03-12T10:08:48.162+0000] {logging_mixin.py:137} INFO - [2023-03-12T10:08:48.161+0000] {dag.py:3441} INFO - Setting next_dagrun for latest_only_with_trigger to 2023-03-12T06:08:48.161756+00:00, run_after=2023-03-12T10:08:48.161756+00:00
[2023-03-12T10:08:48.177+0000] {processor.py:175} INFO - Processing /home/airflow/.local/lib/python3.7/site-packages/airflow/example_dags/example_latest_only_with_trigger.py took 0.083 seconds
[2023-03-12T10:09:19.352+0000] {processor.py:153} INFO - Started process (PID=221) to work on /home/airflow/.local/lib/python3.7/site-packages/airflow/example_dags/example_latest_only_with_trigger.py
[2023-03-12T10:09:19.354+0000] {processor.py:743} INFO - Processing file /home/airflow/.local/lib/python3.7/site-packages/airflow/example_dags/example_latest_only_with_trigger.py for tasks to queue
[2023-03-12T10:09:19.356+0000] {logging_mixin.py:137} INFO - [2023-03-12T10:09:19.356+0000] {dagbag.py:538} INFO - Filling up the DagBag from /home/airflow/.local/lib/python3.7/site-packages/airflow/example_dags/example_latest_only_with_trigger.py
[2023-03-12T10:09:19.373+0000] {processor.py:753} INFO - DAG(s) dict_keys(['latest_only_with_trigger']) retrieved from /home/airflow/.local/lib/python3.7/site-packages/airflow/example_dags/example_latest_only_with_trigger.py
[2023-03-12T10:09:19.405+0000] {logging_mixin.py:137} INFO - [2023-03-12T10:09:19.405+0000] {dag.py:2690} INFO - Sync 1 DAGs
[2023-03-12T10:09:19.427+0000] {logging_mixin.py:137} INFO - [2023-03-12T10:09:19.427+0000] {dag.py:3441} INFO - Setting next_dagrun for latest_only_with_trigger to 2023-03-12T06:09:19.427497+00:00, run_after=2023-03-12T10:09:19.427497+00:00
[2023-03-12T10:09:19.454+0000] {processor.py:175} INFO - Processing /home/airflow/.local/lib/python3.7/site-packages/airflow/example_dags/example_latest_only_with_trigger.py took 0.109 seconds
[2023-03-12T10:09:50.406+0000] {processor.py:153} INFO - Started process (PID=286) to work on /home/airflow/.local/lib/python3.7/site-packages/airflow/example_dags/example_latest_only_with_trigger.py
[2023-03-12T10:09:50.409+0000] {processor.py:743} INFO - Processing file /home/airflow/.local/lib/python3.7/site-packages/airflow/example_dags/example_latest_only_with_trigger.py for tasks to queue
[2023-03-12T10:09:50.411+0000] {logging_mixin.py:137} INFO - [2023-03-12T10:09:50.411+0000] {dagbag.py:538} INFO - Filling up the DagBag from /home/airflow/.local/lib/python3.7/site-packages/airflow/example_dags/example_latest_only_with_trigger.py
[2023-03-12T10:09:50.425+0000] {processor.py:753} INFO - DAG(s) dict_keys(['latest_only_with_trigger']) retrieved from /home/airflow/.local/lib/python3.7/site-packages/airflow/example_dags/example_latest_only_with_trigger.py
[2023-03-12T10:09:50.450+0000] {logging_mixin.py:137} INFO - [2023-03-12T10:09:50.450+0000] {dag.py:2690} INFO - Sync 1 DAGs
[2023-03-12T10:09:50.469+0000] {logging_mixin.py:137} INFO - [2023-03-12T10:09:50.469+0000] {dag.py:3441} INFO - Setting next_dagrun for latest_only_with_trigger to 2023-03-12T06:09:50.469382+00:00, run_after=2023-03-12T10:09:50.469382+00:00
[2023-03-12T10:09:50.485+0000] {processor.py:175} INFO - Processing /home/airflow/.local/lib/python3.7/site-packages/airflow/example_dags/example_latest_only_with_trigger.py took 0.084 seconds
[2023-03-12T10:10:21.362+0000] {processor.py:153} INFO - Started process (PID=363) to work on /home/airflow/.local/lib/python3.7/site-packages/airflow/example_dags/example_latest_only_with_trigger.py
[2023-03-12T10:10:21.365+0000] {processor.py:743} INFO - Processing file /home/airflow/.local/lib/python3.7/site-packages/airflow/example_dags/example_latest_only_with_trigger.py for tasks to queue
[2023-03-12T10:10:21.368+0000] {logging_mixin.py:137} INFO - [2023-03-12T10:10:21.367+0000] {dagbag.py:538} INFO - Filling up the DagBag from /home/airflow/.local/lib/python3.7/site-packages/airflow/example_dags/example_latest_only_with_trigger.py
[2023-03-12T10:10:21.381+0000] {processor.py:753} INFO - DAG(s) dict_keys(['latest_only_with_trigger']) retrieved from /home/airflow/.local/lib/python3.7/site-packages/airflow/example_dags/example_latest_only_with_trigger.py
[2023-03-12T10:10:21.407+0000] {logging_mixin.py:137} INFO - [2023-03-12T10:10:21.407+0000] {dag.py:2690} INFO - Sync 1 DAGs
[2023-03-12T10:10:21.425+0000] {logging_mixin.py:137} INFO - [2023-03-12T10:10:21.425+0000] {dag.py:3441} INFO - Setting next_dagrun for latest_only_with_trigger to 2023-03-12T06:10:21.424870+00:00, run_after=2023-03-12T10:10:21.424870+00:00
[2023-03-12T10:10:21.441+0000] {processor.py:175} INFO - Processing /home/airflow/.local/lib/python3.7/site-packages/airflow/example_dags/example_latest_only_with_trigger.py took 0.083 seconds
[2023-03-12T10:10:51.637+0000] {processor.py:153} INFO - Started process (PID=440) to work on /home/airflow/.local/lib/python3.7/site-packages/airflow/example_dags/example_latest_only_with_trigger.py
[2023-03-12T10:10:51.641+0000] {processor.py:743} INFO - Processing file /home/airflow/.local/lib/python3.7/site-packages/airflow/example_dags/example_latest_only_with_trigger.py for tasks to queue
[2023-03-12T10:10:51.642+0000] {logging_mixin.py:137} INFO - [2023-03-12T10:10:51.642+0000] {dagbag.py:538} INFO - Filling up the DagBag from /home/airflow/.local/lib/python3.7/site-packages/airflow/example_dags/example_latest_only_with_trigger.py
[2023-03-12T10:10:51.655+0000] {processor.py:753} INFO - DAG(s) dict_keys(['latest_only_with_trigger']) retrieved from /home/airflow/.local/lib/python3.7/site-packages/airflow/example_dags/example_latest_only_with_trigger.py
[2023-03-12T10:10:51.679+0000] {logging_mixin.py:137} INFO - [2023-03-12T10:10:51.679+0000] {dag.py:2690} INFO - Sync 1 DAGs
[2023-03-12T10:10:51.698+0000] {logging_mixin.py:137} INFO - [2023-03-12T10:10:51.698+0000] {dag.py:3441} INFO - Setting next_dagrun for latest_only_with_trigger to 2023-03-12T06:10:51.698083+00:00, run_after=2023-03-12T10:10:51.698083+00:00
[2023-03-12T10:10:51.714+0000] {processor.py:175} INFO - Processing /home/airflow/.local/lib/python3.7/site-packages/airflow/example_dags/example_latest_only_with_trigger.py took 0.081 seconds
[2023-03-12T10:11:21.791+0000] {processor.py:153} INFO - Started process (PID=505) to work on /home/airflow/.local/lib/python3.7/site-packages/airflow/example_dags/example_latest_only_with_trigger.py
[2023-03-12T10:11:21.794+0000] {processor.py:743} INFO - Processing file /home/airflow/.local/lib/python3.7/site-packages/airflow/example_dags/example_latest_only_with_trigger.py for tasks to queue
[2023-03-12T10:11:21.796+0000] {logging_mixin.py:137} INFO - [2023-03-12T10:11:21.796+0000] {dagbag.py:538} INFO - Filling up the DagBag from /home/airflow/.local/lib/python3.7/site-packages/airflow/example_dags/example_latest_only_with_trigger.py
[2023-03-12T10:11:21.821+0000] {processor.py:753} INFO - DAG(s) dict_keys(['latest_only_with_trigger']) retrieved from /home/airflow/.local/lib/python3.7/site-packages/airflow/example_dags/example_latest_only_with_trigger.py
[2023-03-12T10:11:21.847+0000] {logging_mixin.py:137} INFO - [2023-03-12T10:11:21.847+0000] {dag.py:2690} INFO - Sync 1 DAGs
[2023-03-12T10:11:21.878+0000] {logging_mixin.py:137} INFO - [2023-03-12T10:11:21.878+0000] {dag.py:3441} INFO - Setting next_dagrun for latest_only_with_trigger to 2023-03-12T06:11:21.878591+00:00, run_after=2023-03-12T10:11:21.878591+00:00
[2023-03-12T10:11:21.895+0000] {processor.py:175} INFO - Processing /home/airflow/.local/lib/python3.7/site-packages/airflow/example_dags/example_latest_only_with_trigger.py took 0.106 seconds
[2023-03-12T10:11:52.014+0000] {processor.py:153} INFO - Started process (PID=581) to work on /home/airflow/.local/lib/python3.7/site-packages/airflow/example_dags/example_latest_only_with_trigger.py
[2023-03-12T10:11:52.017+0000] {processor.py:743} INFO - Processing file /home/airflow/.local/lib/python3.7/site-packages/airflow/example_dags/example_latest_only_with_trigger.py for tasks to queue
[2023-03-12T10:11:52.019+0000] {logging_mixin.py:137} INFO - [2023-03-12T10:11:52.019+0000] {dagbag.py:538} INFO - Filling up the DagBag from /home/airflow/.local/lib/python3.7/site-packages/airflow/example_dags/example_latest_only_with_trigger.py
[2023-03-12T10:11:52.033+0000] {processor.py:753} INFO - DAG(s) dict_keys(['latest_only_with_trigger']) retrieved from /home/airflow/.local/lib/python3.7/site-packages/airflow/example_dags/example_latest_only_with_trigger.py
[2023-03-12T10:11:52.057+0000] {logging_mixin.py:137} INFO - [2023-03-12T10:11:52.057+0000] {dag.py:2690} INFO - Sync 1 DAGs
[2023-03-12T10:11:52.075+0000] {logging_mixin.py:137} INFO - [2023-03-12T10:11:52.075+0000] {dag.py:3441} INFO - Setting next_dagrun for latest_only_with_trigger to 2023-03-12T06:11:52.075305+00:00, run_after=2023-03-12T10:11:52.075305+00:00
[2023-03-12T10:11:52.089+0000] {processor.py:175} INFO - Processing /home/airflow/.local/lib/python3.7/site-packages/airflow/example_dags/example_latest_only_with_trigger.py took 0.080 seconds
[2023-03-12T10:12:22.280+0000] {processor.py:153} INFO - Started process (PID=649) to work on /home/airflow/.local/lib/python3.7/site-packages/airflow/example_dags/example_latest_only_with_trigger.py
[2023-03-12T10:12:22.287+0000] {processor.py:743} INFO - Processing file /home/airflow/.local/lib/python3.7/site-packages/airflow/example_dags/example_latest_only_with_trigger.py for tasks to queue
[2023-03-12T10:12:22.294+0000] {logging_mixin.py:137} INFO - [2023-03-12T10:12:22.293+0000] {dagbag.py:538} INFO - Filling up the DagBag from /home/airflow/.local/lib/python3.7/site-packages/airflow/example_dags/example_latest_only_with_trigger.py
[2023-03-12T10:12:22.337+0000] {processor.py:753} INFO - DAG(s) dict_keys(['latest_only_with_trigger']) retrieved from /home/airflow/.local/lib/python3.7/site-packages/airflow/example_dags/example_latest_only_with_trigger.py
[2023-03-12T10:12:22.382+0000] {logging_mixin.py:137} INFO - [2023-03-12T10:12:22.382+0000] {dag.py:2690} INFO - Sync 1 DAGs
[2023-03-12T10:12:22.442+0000] {logging_mixin.py:137} INFO - [2023-03-12T10:12:22.442+0000] {dag.py:3441} INFO - Setting next_dagrun for latest_only_with_trigger to 2023-03-12T06:12:22.441589+00:00, run_after=2023-03-12T10:12:22.441589+00:00
[2023-03-12T10:12:22.474+0000] {processor.py:175} INFO - Processing /home/airflow/.local/lib/python3.7/site-packages/airflow/example_dags/example_latest_only_with_trigger.py took 0.203 seconds
[2023-03-12T10:12:52.775+0000] {processor.py:153} INFO - Started process (PID=724) to work on /home/airflow/.local/lib/python3.7/site-packages/airflow/example_dags/example_latest_only_with_trigger.py
[2023-03-12T10:12:52.779+0000] {processor.py:743} INFO - Processing file /home/airflow/.local/lib/python3.7/site-packages/airflow/example_dags/example_latest_only_with_trigger.py for tasks to queue
[2023-03-12T10:12:52.782+0000] {logging_mixin.py:137} INFO - [2023-03-12T10:12:52.782+0000] {dagbag.py:538} INFO - Filling up the DagBag from /home/airflow/.local/lib/python3.7/site-packages/airflow/example_dags/example_latest_only_with_trigger.py
[2023-03-12T10:12:52.818+0000] {processor.py:753} INFO - DAG(s) dict_keys(['latest_only_with_trigger']) retrieved from /home/airflow/.local/lib/python3.7/site-packages/airflow/example_dags/example_latest_only_with_trigger.py
[2023-03-12T10:12:52.861+0000] {logging_mixin.py:137} INFO - [2023-03-12T10:12:52.861+0000] {dag.py:2690} INFO - Sync 1 DAGs
[2023-03-12T10:12:52.890+0000] {logging_mixin.py:137} INFO - [2023-03-12T10:12:52.890+0000] {dag.py:3441} INFO - Setting next_dagrun for latest_only_with_trigger to 2023-03-12T06:12:52.890331+00:00, run_after=2023-03-12T10:12:52.890331+00:00
[2023-03-12T10:12:52.912+0000] {processor.py:175} INFO - Processing /home/airflow/.local/lib/python3.7/site-packages/airflow/example_dags/example_latest_only_with_trigger.py took 0.147 seconds
[2023-03-12T10:13:23.045+0000] {processor.py:153} INFO - Started process (PID=801) to work on /home/airflow/.local/lib/python3.7/site-packages/airflow/example_dags/example_latest_only_with_trigger.py
[2023-03-12T10:13:23.048+0000] {processor.py:743} INFO - Processing file /home/airflow/.local/lib/python3.7/site-packages/airflow/example_dags/example_latest_only_with_trigger.py for tasks to queue
[2023-03-12T10:13:23.050+0000] {logging_mixin.py:137} INFO - [2023-03-12T10:13:23.050+0000] {dagbag.py:538} INFO - Filling up the DagBag from /home/airflow/.local/lib/python3.7/site-packages/airflow/example_dags/example_latest_only_with_trigger.py
[2023-03-12T10:13:23.071+0000] {processor.py:753} INFO - DAG(s) dict_keys(['latest_only_with_trigger']) retrieved from /home/airflow/.local/lib/python3.7/site-packages/airflow/example_dags/example_latest_only_with_trigger.py
[2023-03-12T10:13:23.119+0000] {logging_mixin.py:137} INFO - [2023-03-12T10:13:23.118+0000] {dag.py:2690} INFO - Sync 1 DAGs
[2023-03-12T10:13:23.150+0000] {logging_mixin.py:137} INFO - [2023-03-12T10:13:23.150+0000] {dag.py:3441} INFO - Setting next_dagrun for latest_only_with_trigger to 2023-03-12T06:13:23.149729+00:00, run_after=2023-03-12T10:13:23.149729+00:00
[2023-03-12T10:13:23.176+0000] {processor.py:175} INFO - Processing /home/airflow/.local/lib/python3.7/site-packages/airflow/example_dags/example_latest_only_with_trigger.py took 0.138 seconds
[2023-03-12T10:13:53.275+0000] {processor.py:153} INFO - Started process (PID=866) to work on /home/airflow/.local/lib/python3.7/site-packages/airflow/example_dags/example_latest_only_with_trigger.py
[2023-03-12T10:13:53.296+0000] {processor.py:743} INFO - Processing file /home/airflow/.local/lib/python3.7/site-packages/airflow/example_dags/example_latest_only_with_trigger.py for tasks to queue
[2023-03-12T10:13:53.301+0000] {logging_mixin.py:137} INFO - [2023-03-12T10:13:53.300+0000] {dagbag.py:538} INFO - Filling up the DagBag from /home/airflow/.local/lib/python3.7/site-packages/airflow/example_dags/example_latest_only_with_trigger.py
[2023-03-12T10:13:53.320+0000] {processor.py:753} INFO - DAG(s) dict_keys(['latest_only_with_trigger']) retrieved from /home/airflow/.local/lib/python3.7/site-packages/airflow/example_dags/example_latest_only_with_trigger.py
[2023-03-12T10:13:53.349+0000] {logging_mixin.py:137} INFO - [2023-03-12T10:13:53.349+0000] {dag.py:2690} INFO - Sync 1 DAGs
[2023-03-12T10:13:53.368+0000] {logging_mixin.py:137} INFO - [2023-03-12T10:13:53.368+0000] {dag.py:3441} INFO - Setting next_dagrun for latest_only_with_trigger to 2023-03-12T06:13:53.368309+00:00, run_after=2023-03-12T10:13:53.368309+00:00
[2023-03-12T10:13:53.386+0000] {processor.py:175} INFO - Processing /home/airflow/.local/lib/python3.7/site-packages/airflow/example_dags/example_latest_only_with_trigger.py took 0.116 seconds
[2023-03-12T10:14:23.569+0000] {processor.py:153} INFO - Started process (PID=943) to work on /home/airflow/.local/lib/python3.7/site-packages/airflow/example_dags/example_latest_only_with_trigger.py
[2023-03-12T10:14:23.576+0000] {processor.py:743} INFO - Processing file /home/airflow/.local/lib/python3.7/site-packages/airflow/example_dags/example_latest_only_with_trigger.py for tasks to queue
[2023-03-12T10:14:23.577+0000] {logging_mixin.py:137} INFO - [2023-03-12T10:14:23.577+0000] {dagbag.py:538} INFO - Filling up the DagBag from /home/airflow/.local/lib/python3.7/site-packages/airflow/example_dags/example_latest_only_with_trigger.py
[2023-03-12T10:14:23.593+0000] {processor.py:753} INFO - DAG(s) dict_keys(['latest_only_with_trigger']) retrieved from /home/airflow/.local/lib/python3.7/site-packages/airflow/example_dags/example_latest_only_with_trigger.py
[2023-03-12T10:14:23.624+0000] {logging_mixin.py:137} INFO - [2023-03-12T10:14:23.624+0000] {dag.py:2690} INFO - Sync 1 DAGs
[2023-03-12T10:14:23.656+0000] {logging_mixin.py:137} INFO - [2023-03-12T10:14:23.656+0000] {dag.py:3441} INFO - Setting next_dagrun for latest_only_with_trigger to 2023-03-12T06:14:23.656082+00:00, run_after=2023-03-12T10:14:23.656082+00:00
[2023-03-12T10:14:23.674+0000] {processor.py:175} INFO - Processing /home/airflow/.local/lib/python3.7/site-packages/airflow/example_dags/example_latest_only_with_trigger.py took 0.108 seconds
[2023-03-12T10:14:53.842+0000] {processor.py:153} INFO - Started process (PID=1009) to work on /home/airflow/.local/lib/python3.7/site-packages/airflow/example_dags/example_latest_only_with_trigger.py
[2023-03-12T10:14:53.845+0000] {processor.py:743} INFO - Processing file /home/airflow/.local/lib/python3.7/site-packages/airflow/example_dags/example_latest_only_with_trigger.py for tasks to queue
[2023-03-12T10:14:53.849+0000] {logging_mixin.py:137} INFO - [2023-03-12T10:14:53.849+0000] {dagbag.py:538} INFO - Filling up the DagBag from /home/airflow/.local/lib/python3.7/site-packages/airflow/example_dags/example_latest_only_with_trigger.py
[2023-03-12T10:14:53.864+0000] {processor.py:753} INFO - DAG(s) dict_keys(['latest_only_with_trigger']) retrieved from /home/airflow/.local/lib/python3.7/site-packages/airflow/example_dags/example_latest_only_with_trigger.py
[2023-03-12T10:14:53.889+0000] {logging_mixin.py:137} INFO - [2023-03-12T10:14:53.889+0000] {dag.py:2690} INFO - Sync 1 DAGs
[2023-03-12T10:14:53.908+0000] {logging_mixin.py:137} INFO - [2023-03-12T10:14:53.908+0000] {dag.py:3441} INFO - Setting next_dagrun for latest_only_with_trigger to 2023-03-12T06:14:53.908515+00:00, run_after=2023-03-12T10:14:53.908515+00:00
[2023-03-12T10:14:53.922+0000] {processor.py:175} INFO - Processing /home/airflow/.local/lib/python3.7/site-packages/airflow/example_dags/example_latest_only_with_trigger.py took 0.087 seconds
[2023-03-12T10:15:24.157+0000] {processor.py:153} INFO - Started process (PID=1087) to work on /home/airflow/.local/lib/python3.7/site-packages/airflow/example_dags/example_latest_only_with_trigger.py
[2023-03-12T10:15:24.160+0000] {processor.py:743} INFO - Processing file /home/airflow/.local/lib/python3.7/site-packages/airflow/example_dags/example_latest_only_with_trigger.py for tasks to queue
[2023-03-12T10:15:24.163+0000] {logging_mixin.py:137} INFO - [2023-03-12T10:15:24.163+0000] {dagbag.py:538} INFO - Filling up the DagBag from /home/airflow/.local/lib/python3.7/site-packages/airflow/example_dags/example_latest_only_with_trigger.py
[2023-03-12T10:15:24.180+0000] {processor.py:753} INFO - DAG(s) dict_keys(['latest_only_with_trigger']) retrieved from /home/airflow/.local/lib/python3.7/site-packages/airflow/example_dags/example_latest_only_with_trigger.py
[2023-03-12T10:15:24.207+0000] {logging_mixin.py:137} INFO - [2023-03-12T10:15:24.207+0000] {dag.py:2690} INFO - Sync 1 DAGs
[2023-03-12T10:15:24.227+0000] {logging_mixin.py:137} INFO - [2023-03-12T10:15:24.227+0000] {dag.py:3441} INFO - Setting next_dagrun for latest_only_with_trigger to 2023-03-12T06:15:24.226880+00:00, run_after=2023-03-12T10:15:24.226880+00:00
[2023-03-12T10:15:24.242+0000] {processor.py:175} INFO - Processing /home/airflow/.local/lib/python3.7/site-packages/airflow/example_dags/example_latest_only_with_trigger.py took 0.094 seconds
[2023-03-12T10:15:54.492+0000] {processor.py:153} INFO - Started process (PID=1150) to work on /home/airflow/.local/lib/python3.7/site-packages/airflow/example_dags/example_latest_only_with_trigger.py
[2023-03-12T10:15:54.494+0000] {processor.py:743} INFO - Processing file /home/airflow/.local/lib/python3.7/site-packages/airflow/example_dags/example_latest_only_with_trigger.py for tasks to queue
[2023-03-12T10:15:54.495+0000] {logging_mixin.py:137} INFO - [2023-03-12T10:15:54.495+0000] {dagbag.py:538} INFO - Filling up the DagBag from /home/airflow/.local/lib/python3.7/site-packages/airflow/example_dags/example_latest_only_with_trigger.py
[2023-03-12T10:15:54.509+0000] {processor.py:753} INFO - DAG(s) dict_keys(['latest_only_with_trigger']) retrieved from /home/airflow/.local/lib/python3.7/site-packages/airflow/example_dags/example_latest_only_with_trigger.py
[2023-03-12T10:15:54.535+0000] {logging_mixin.py:137} INFO - [2023-03-12T10:15:54.534+0000] {dag.py:2690} INFO - Sync 1 DAGs
[2023-03-12T10:15:54.557+0000] {logging_mixin.py:137} INFO - [2023-03-12T10:15:54.557+0000] {dag.py:3441} INFO - Setting next_dagrun for latest_only_with_trigger to 2023-03-12T06:15:54.557233+00:00, run_after=2023-03-12T10:15:54.557233+00:00
[2023-03-12T10:15:54.573+0000] {processor.py:175} INFO - Processing /home/airflow/.local/lib/python3.7/site-packages/airflow/example_dags/example_latest_only_with_trigger.py took 0.085 seconds
[2023-03-12T10:16:24.645+0000] {processor.py:153} INFO - Started process (PID=1227) to work on /home/airflow/.local/lib/python3.7/site-packages/airflow/example_dags/example_latest_only_with_trigger.py
[2023-03-12T10:16:24.662+0000] {processor.py:743} INFO - Processing file /home/airflow/.local/lib/python3.7/site-packages/airflow/example_dags/example_latest_only_with_trigger.py for tasks to queue
[2023-03-12T10:16:24.663+0000] {logging_mixin.py:137} INFO - [2023-03-12T10:16:24.663+0000] {dagbag.py:538} INFO - Filling up the DagBag from /home/airflow/.local/lib/python3.7/site-packages/airflow/example_dags/example_latest_only_with_trigger.py
[2023-03-12T10:16:24.697+0000] {processor.py:753} INFO - DAG(s) dict_keys(['latest_only_with_trigger']) retrieved from /home/airflow/.local/lib/python3.7/site-packages/airflow/example_dags/example_latest_only_with_trigger.py
[2023-03-12T10:16:24.734+0000] {logging_mixin.py:137} INFO - [2023-03-12T10:16:24.734+0000] {dag.py:2690} INFO - Sync 1 DAGs
[2023-03-12T10:16:24.764+0000] {logging_mixin.py:137} INFO - [2023-03-12T10:16:24.764+0000] {dag.py:3441} INFO - Setting next_dagrun for latest_only_with_trigger to 2023-03-12T06:16:24.763748+00:00, run_after=2023-03-12T10:16:24.763748+00:00
[2023-03-12T10:16:24.789+0000] {processor.py:175} INFO - Processing /home/airflow/.local/lib/python3.7/site-packages/airflow/example_dags/example_latest_only_with_trigger.py took 0.148 seconds
[2023-03-12T10:16:54.889+0000] {processor.py:153} INFO - Started process (PID=1305) to work on /home/airflow/.local/lib/python3.7/site-packages/airflow/example_dags/example_latest_only_with_trigger.py
[2023-03-12T10:16:54.892+0000] {processor.py:743} INFO - Processing file /home/airflow/.local/lib/python3.7/site-packages/airflow/example_dags/example_latest_only_with_trigger.py for tasks to queue
[2023-03-12T10:16:54.896+0000] {logging_mixin.py:137} INFO - [2023-03-12T10:16:54.895+0000] {dagbag.py:538} INFO - Filling up the DagBag from /home/airflow/.local/lib/python3.7/site-packages/airflow/example_dags/example_latest_only_with_trigger.py
[2023-03-12T10:16:54.913+0000] {processor.py:753} INFO - DAG(s) dict_keys(['latest_only_with_trigger']) retrieved from /home/airflow/.local/lib/python3.7/site-packages/airflow/example_dags/example_latest_only_with_trigger.py
[2023-03-12T10:16:54.947+0000] {logging_mixin.py:137} INFO - [2023-03-12T10:16:54.947+0000] {dag.py:2690} INFO - Sync 1 DAGs
[2023-03-12T10:16:54.974+0000] {logging_mixin.py:137} INFO - [2023-03-12T10:16:54.974+0000] {dag.py:3441} INFO - Setting next_dagrun for latest_only_with_trigger to 2023-03-12T06:16:54.973930+00:00, run_after=2023-03-12T10:16:54.973930+00:00
[2023-03-12T10:16:54.992+0000] {processor.py:175} INFO - Processing /home/airflow/.local/lib/python3.7/site-packages/airflow/example_dags/example_latest_only_with_trigger.py took 0.109 seconds
[2023-03-12T10:17:25.886+0000] {processor.py:153} INFO - Started process (PID=1370) to work on /home/airflow/.local/lib/python3.7/site-packages/airflow/example_dags/example_latest_only_with_trigger.py
[2023-03-12T10:17:25.889+0000] {processor.py:743} INFO - Processing file /home/airflow/.local/lib/python3.7/site-packages/airflow/example_dags/example_latest_only_with_trigger.py for tasks to queue
[2023-03-12T10:17:25.891+0000] {logging_mixin.py:137} INFO - [2023-03-12T10:17:25.891+0000] {dagbag.py:538} INFO - Filling up the DagBag from /home/airflow/.local/lib/python3.7/site-packages/airflow/example_dags/example_latest_only_with_trigger.py
[2023-03-12T10:17:25.904+0000] {processor.py:753} INFO - DAG(s) dict_keys(['latest_only_with_trigger']) retrieved from /home/airflow/.local/lib/python3.7/site-packages/airflow/example_dags/example_latest_only_with_trigger.py
[2023-03-12T10:17:25.934+0000] {logging_mixin.py:137} INFO - [2023-03-12T10:17:25.934+0000] {dag.py:2690} INFO - Sync 1 DAGs
[2023-03-12T10:17:25.955+0000] {logging_mixin.py:137} INFO - [2023-03-12T10:17:25.955+0000] {dag.py:3441} INFO - Setting next_dagrun for latest_only_with_trigger to 2023-03-12T06:17:25.955562+00:00, run_after=2023-03-12T10:17:25.955562+00:00
[2023-03-12T10:17:25.971+0000] {processor.py:175} INFO - Processing /home/airflow/.local/lib/python3.7/site-packages/airflow/example_dags/example_latest_only_with_trigger.py took 0.088 seconds
[2023-03-12T10:17:56.884+0000] {processor.py:153} INFO - Started process (PID=1447) to work on /home/airflow/.local/lib/python3.7/site-packages/airflow/example_dags/example_latest_only_with_trigger.py
[2023-03-12T10:17:56.886+0000] {processor.py:743} INFO - Processing file /home/airflow/.local/lib/python3.7/site-packages/airflow/example_dags/example_latest_only_with_trigger.py for tasks to queue
[2023-03-12T10:17:56.888+0000] {logging_mixin.py:137} INFO - [2023-03-12T10:17:56.888+0000] {dagbag.py:538} INFO - Filling up the DagBag from /home/airflow/.local/lib/python3.7/site-packages/airflow/example_dags/example_latest_only_with_trigger.py
[2023-03-12T10:17:56.901+0000] {processor.py:753} INFO - DAG(s) dict_keys(['latest_only_with_trigger']) retrieved from /home/airflow/.local/lib/python3.7/site-packages/airflow/example_dags/example_latest_only_with_trigger.py
[2023-03-12T10:17:56.930+0000] {logging_mixin.py:137} INFO - [2023-03-12T10:17:56.930+0000] {dag.py:2690} INFO - Sync 1 DAGs
[2023-03-12T10:17:56.951+0000] {logging_mixin.py:137} INFO - [2023-03-12T10:17:56.951+0000] {dag.py:3441} INFO - Setting next_dagrun for latest_only_with_trigger to 2023-03-12T06:17:56.951606+00:00, run_after=2023-03-12T10:17:56.951606+00:00
[2023-03-12T10:17:56.969+0000] {processor.py:175} INFO - Processing /home/airflow/.local/lib/python3.7/site-packages/airflow/example_dags/example_latest_only_with_trigger.py took 0.088 seconds
[2023-03-12T10:18:27.153+0000] {processor.py:153} INFO - Started process (PID=1525) to work on /home/airflow/.local/lib/python3.7/site-packages/airflow/example_dags/example_latest_only_with_trigger.py
[2023-03-12T10:18:27.156+0000] {processor.py:743} INFO - Processing file /home/airflow/.local/lib/python3.7/site-packages/airflow/example_dags/example_latest_only_with_trigger.py for tasks to queue
[2023-03-12T10:18:27.158+0000] {logging_mixin.py:137} INFO - [2023-03-12T10:18:27.158+0000] {dagbag.py:538} INFO - Filling up the DagBag from /home/airflow/.local/lib/python3.7/site-packages/airflow/example_dags/example_latest_only_with_trigger.py
[2023-03-12T10:18:27.173+0000] {processor.py:753} INFO - DAG(s) dict_keys(['latest_only_with_trigger']) retrieved from /home/airflow/.local/lib/python3.7/site-packages/airflow/example_dags/example_latest_only_with_trigger.py
[2023-03-12T10:18:27.215+0000] {logging_mixin.py:137} INFO - [2023-03-12T10:18:27.215+0000] {dag.py:2690} INFO - Sync 1 DAGs
[2023-03-12T10:18:27.248+0000] {logging_mixin.py:137} INFO - [2023-03-12T10:18:27.248+0000] {dag.py:3441} INFO - Setting next_dagrun for latest_only_with_trigger to 2023-03-12T06:18:27.248298+00:00, run_after=2023-03-12T10:18:27.248298+00:00
[2023-03-12T10:18:27.282+0000] {processor.py:175} INFO - Processing /home/airflow/.local/lib/python3.7/site-packages/airflow/example_dags/example_latest_only_with_trigger.py took 0.133 seconds
[2023-03-12T10:18:57.383+0000] {processor.py:153} INFO - Started process (PID=1590) to work on /home/airflow/.local/lib/python3.7/site-packages/airflow/example_dags/example_latest_only_with_trigger.py
[2023-03-12T10:18:57.385+0000] {processor.py:743} INFO - Processing file /home/airflow/.local/lib/python3.7/site-packages/airflow/example_dags/example_latest_only_with_trigger.py for tasks to queue
[2023-03-12T10:18:57.388+0000] {logging_mixin.py:137} INFO - [2023-03-12T10:18:57.388+0000] {dagbag.py:538} INFO - Filling up the DagBag from /home/airflow/.local/lib/python3.7/site-packages/airflow/example_dags/example_latest_only_with_trigger.py
[2023-03-12T10:18:57.404+0000] {processor.py:753} INFO - DAG(s) dict_keys(['latest_only_with_trigger']) retrieved from /home/airflow/.local/lib/python3.7/site-packages/airflow/example_dags/example_latest_only_with_trigger.py
[2023-03-12T10:18:57.430+0000] {logging_mixin.py:137} INFO - [2023-03-12T10:18:57.430+0000] {dag.py:2690} INFO - Sync 1 DAGs
[2023-03-12T10:18:57.450+0000] {logging_mixin.py:137} INFO - [2023-03-12T10:18:57.450+0000] {dag.py:3441} INFO - Setting next_dagrun for latest_only_with_trigger to 2023-03-12T06:18:57.450623+00:00, run_after=2023-03-12T10:18:57.450623+00:00
[2023-03-12T10:18:57.468+0000] {processor.py:175} INFO - Processing /home/airflow/.local/lib/python3.7/site-packages/airflow/example_dags/example_latest_only_with_trigger.py took 0.089 seconds
[2023-03-12T10:19:28.163+0000] {processor.py:153} INFO - Started process (PID=1668) to work on /home/airflow/.local/lib/python3.7/site-packages/airflow/example_dags/example_latest_only_with_trigger.py
[2023-03-12T10:19:28.166+0000] {processor.py:743} INFO - Processing file /home/airflow/.local/lib/python3.7/site-packages/airflow/example_dags/example_latest_only_with_trigger.py for tasks to queue
[2023-03-12T10:19:28.168+0000] {logging_mixin.py:137} INFO - [2023-03-12T10:19:28.168+0000] {dagbag.py:538} INFO - Filling up the DagBag from /home/airflow/.local/lib/python3.7/site-packages/airflow/example_dags/example_latest_only_with_trigger.py
[2023-03-12T10:19:28.179+0000] {processor.py:753} INFO - DAG(s) dict_keys(['latest_only_with_trigger']) retrieved from /home/airflow/.local/lib/python3.7/site-packages/airflow/example_dags/example_latest_only_with_trigger.py
[2023-03-12T10:19:28.205+0000] {logging_mixin.py:137} INFO - [2023-03-12T10:19:28.205+0000] {dag.py:2690} INFO - Sync 1 DAGs
[2023-03-12T10:19:28.223+0000] {logging_mixin.py:137} INFO - [2023-03-12T10:19:28.222+0000] {dag.py:3441} INFO - Setting next_dagrun for latest_only_with_trigger to 2023-03-12T06:19:28.222747+00:00, run_after=2023-03-12T10:19:28.222747+00:00
[2023-03-12T10:19:28.239+0000] {processor.py:175} INFO - Processing /home/airflow/.local/lib/python3.7/site-packages/airflow/example_dags/example_latest_only_with_trigger.py took 0.079 seconds
[2023-03-12T10:19:59.520+0000] {processor.py:153} INFO - Started process (PID=1733) to work on /home/airflow/.local/lib/python3.7/site-packages/airflow/example_dags/example_latest_only_with_trigger.py
[2023-03-12T10:19:59.523+0000] {processor.py:743} INFO - Processing file /home/airflow/.local/lib/python3.7/site-packages/airflow/example_dags/example_latest_only_with_trigger.py for tasks to queue
[2023-03-12T10:19:59.525+0000] {logging_mixin.py:137} INFO - [2023-03-12T10:19:59.525+0000] {dagbag.py:538} INFO - Filling up the DagBag from /home/airflow/.local/lib/python3.7/site-packages/airflow/example_dags/example_latest_only_with_trigger.py
[2023-03-12T10:19:59.539+0000] {processor.py:753} INFO - DAG(s) dict_keys(['latest_only_with_trigger']) retrieved from /home/airflow/.local/lib/python3.7/site-packages/airflow/example_dags/example_latest_only_with_trigger.py
[2023-03-12T10:19:59.564+0000] {logging_mixin.py:137} INFO - [2023-03-12T10:19:59.564+0000] {dag.py:2690} INFO - Sync 1 DAGs
[2023-03-12T10:19:59.585+0000] {logging_mixin.py:137} INFO - [2023-03-12T10:19:59.585+0000] {dag.py:3441} INFO - Setting next_dagrun for latest_only_with_trigger to 2023-03-12T06:19:59.585043+00:00, run_after=2023-03-12T10:19:59.585043+00:00
[2023-03-12T10:19:59.619+0000] {processor.py:175} INFO - Processing /home/airflow/.local/lib/python3.7/site-packages/airflow/example_dags/example_latest_only_with_trigger.py took 0.103 seconds
[2023-03-12T10:20:29.752+0000] {processor.py:153} INFO - Started process (PID=1812) to work on /home/airflow/.local/lib/python3.7/site-packages/airflow/example_dags/example_latest_only_with_trigger.py
[2023-03-12T10:20:29.754+0000] {processor.py:743} INFO - Processing file /home/airflow/.local/lib/python3.7/site-packages/airflow/example_dags/example_latest_only_with_trigger.py for tasks to queue
[2023-03-12T10:20:29.756+0000] {logging_mixin.py:137} INFO - [2023-03-12T10:20:29.756+0000] {dagbag.py:538} INFO - Filling up the DagBag from /home/airflow/.local/lib/python3.7/site-packages/airflow/example_dags/example_latest_only_with_trigger.py
[2023-03-12T10:20:29.769+0000] {processor.py:753} INFO - DAG(s) dict_keys(['latest_only_with_trigger']) retrieved from /home/airflow/.local/lib/python3.7/site-packages/airflow/example_dags/example_latest_only_with_trigger.py
[2023-03-12T10:20:29.797+0000] {logging_mixin.py:137} INFO - [2023-03-12T10:20:29.797+0000] {dag.py:2690} INFO - Sync 1 DAGs
[2023-03-12T10:20:29.820+0000] {logging_mixin.py:137} INFO - [2023-03-12T10:20:29.820+0000] {dag.py:3441} INFO - Setting next_dagrun for latest_only_with_trigger to 2023-03-12T06:20:29.820335+00:00, run_after=2023-03-12T10:20:29.820335+00:00
[2023-03-12T10:20:29.833+0000] {processor.py:175} INFO - Processing /home/airflow/.local/lib/python3.7/site-packages/airflow/example_dags/example_latest_only_with_trigger.py took 0.086 seconds
[2023-03-12T10:21:00.459+0000] {processor.py:153} INFO - Started process (PID=1891) to work on /home/airflow/.local/lib/python3.7/site-packages/airflow/example_dags/example_latest_only_with_trigger.py
[2023-03-12T10:21:00.462+0000] {processor.py:743} INFO - Processing file /home/airflow/.local/lib/python3.7/site-packages/airflow/example_dags/example_latest_only_with_trigger.py for tasks to queue
[2023-03-12T10:21:00.464+0000] {logging_mixin.py:137} INFO - [2023-03-12T10:21:00.464+0000] {dagbag.py:538} INFO - Filling up the DagBag from /home/airflow/.local/lib/python3.7/site-packages/airflow/example_dags/example_latest_only_with_trigger.py
[2023-03-12T10:21:00.480+0000] {processor.py:753} INFO - DAG(s) dict_keys(['latest_only_with_trigger']) retrieved from /home/airflow/.local/lib/python3.7/site-packages/airflow/example_dags/example_latest_only_with_trigger.py
[2023-03-12T10:21:00.516+0000] {logging_mixin.py:137} INFO - [2023-03-12T10:21:00.516+0000] {dag.py:2690} INFO - Sync 1 DAGs
[2023-03-12T10:21:00.544+0000] {logging_mixin.py:137} INFO - [2023-03-12T10:21:00.544+0000] {dag.py:3441} INFO - Setting next_dagrun for latest_only_with_trigger to 2023-03-12T06:21:00.543962+00:00, run_after=2023-03-12T10:21:00.543962+00:00
[2023-03-12T10:21:00.564+0000] {processor.py:175} INFO - Processing /home/airflow/.local/lib/python3.7/site-packages/airflow/example_dags/example_latest_only_with_trigger.py took 0.112 seconds
[2023-03-12T10:21:30.624+0000] {processor.py:153} INFO - Started process (PID=1956) to work on /home/airflow/.local/lib/python3.7/site-packages/airflow/example_dags/example_latest_only_with_trigger.py
[2023-03-12T10:21:30.626+0000] {processor.py:743} INFO - Processing file /home/airflow/.local/lib/python3.7/site-packages/airflow/example_dags/example_latest_only_with_trigger.py for tasks to queue
[2023-03-12T10:21:30.627+0000] {logging_mixin.py:137} INFO - [2023-03-12T10:21:30.627+0000] {dagbag.py:538} INFO - Filling up the DagBag from /home/airflow/.local/lib/python3.7/site-packages/airflow/example_dags/example_latest_only_with_trigger.py
[2023-03-12T10:21:30.641+0000] {processor.py:753} INFO - DAG(s) dict_keys(['latest_only_with_trigger']) retrieved from /home/airflow/.local/lib/python3.7/site-packages/airflow/example_dags/example_latest_only_with_trigger.py
[2023-03-12T10:21:30.668+0000] {logging_mixin.py:137} INFO - [2023-03-12T10:21:30.668+0000] {dag.py:2690} INFO - Sync 1 DAGs
[2023-03-12T10:21:30.688+0000] {logging_mixin.py:137} INFO - [2023-03-12T10:21:30.687+0000] {dag.py:3441} INFO - Setting next_dagrun for latest_only_with_trigger to 2023-03-12T06:21:30.687684+00:00, run_after=2023-03-12T10:21:30.687684+00:00
[2023-03-12T10:21:30.704+0000] {processor.py:175} INFO - Processing /home/airflow/.local/lib/python3.7/site-packages/airflow/example_dags/example_latest_only_with_trigger.py took 0.084 seconds
[2023-03-12T10:22:01.038+0000] {processor.py:153} INFO - Started process (PID=2034) to work on /home/airflow/.local/lib/python3.7/site-packages/airflow/example_dags/example_latest_only_with_trigger.py
[2023-03-12T10:22:01.040+0000] {processor.py:743} INFO - Processing file /home/airflow/.local/lib/python3.7/site-packages/airflow/example_dags/example_latest_only_with_trigger.py for tasks to queue
[2023-03-12T10:22:01.042+0000] {logging_mixin.py:137} INFO - [2023-03-12T10:22:01.041+0000] {dagbag.py:538} INFO - Filling up the DagBag from /home/airflow/.local/lib/python3.7/site-packages/airflow/example_dags/example_latest_only_with_trigger.py
[2023-03-12T10:22:01.054+0000] {processor.py:753} INFO - DAG(s) dict_keys(['latest_only_with_trigger']) retrieved from /home/airflow/.local/lib/python3.7/site-packages/airflow/example_dags/example_latest_only_with_trigger.py
[2023-03-12T10:22:01.077+0000] {logging_mixin.py:137} INFO - [2023-03-12T10:22:01.077+0000] {dag.py:2690} INFO - Sync 1 DAGs
[2023-03-12T10:22:01.096+0000] {logging_mixin.py:137} INFO - [2023-03-12T10:22:01.096+0000] {dag.py:3441} INFO - Setting next_dagrun for latest_only_with_trigger to 2023-03-12T06:22:01.095807+00:00, run_after=2023-03-12T10:22:01.095807+00:00
[2023-03-12T10:22:01.110+0000] {processor.py:175} INFO - Processing /home/airflow/.local/lib/python3.7/site-packages/airflow/example_dags/example_latest_only_with_trigger.py took 0.076 seconds
