[2023-03-12T10:08:14.496+0000] {processor.py:153} INFO - Started process (PID=45) to work on /home/airflow/.local/lib/python3.7/site-packages/airflow/example_dags/example_task_group_decorator.py
[2023-03-12T10:08:14.500+0000] {processor.py:743} INFO - Processing file /home/airflow/.local/lib/python3.7/site-packages/airflow/example_dags/example_task_group_decorator.py for tasks to queue
[2023-03-12T10:08:14.501+0000] {logging_mixin.py:137} INFO - [2023-03-12T10:08:14.501+0000] {dagbag.py:538} INFO - Filling up the DagBag from /home/airflow/.local/lib/python3.7/site-packages/airflow/example_dags/example_task_group_decorator.py
[2023-03-12T10:08:14.542+0000] {processor.py:753} INFO - DAG(s) dict_keys(['example_task_group_decorator']) retrieved from /home/airflow/.local/lib/python3.7/site-packages/airflow/example_dags/example_task_group_decorator.py
[2023-03-12T10:08:14.576+0000] {logging_mixin.py:137} INFO - [2023-03-12T10:08:14.576+0000] {dag.py:2690} INFO - Sync 1 DAGs
[2023-03-12T10:08:14.601+0000] {logging_mixin.py:137} INFO - [2023-03-12T10:08:14.601+0000] {dag.py:3441} INFO - Setting next_dagrun for example_task_group_decorator to 2023-03-11T10:08:14.601269+00:00, run_after=2023-03-12T10:08:14.601269+00:00
[2023-03-12T10:08:14.631+0000] {processor.py:175} INFO - Processing /home/airflow/.local/lib/python3.7/site-packages/airflow/example_dags/example_task_group_decorator.py took 0.139 seconds
[2023-03-12T10:08:45.489+0000] {processor.py:153} INFO - Started process (PID=122) to work on /home/airflow/.local/lib/python3.7/site-packages/airflow/example_dags/example_task_group_decorator.py
[2023-03-12T10:08:45.493+0000] {processor.py:743} INFO - Processing file /home/airflow/.local/lib/python3.7/site-packages/airflow/example_dags/example_task_group_decorator.py for tasks to queue
[2023-03-12T10:08:45.494+0000] {logging_mixin.py:137} INFO - [2023-03-12T10:08:45.494+0000] {dagbag.py:538} INFO - Filling up the DagBag from /home/airflow/.local/lib/python3.7/site-packages/airflow/example_dags/example_task_group_decorator.py
[2023-03-12T10:08:45.518+0000] {processor.py:753} INFO - DAG(s) dict_keys(['example_task_group_decorator']) retrieved from /home/airflow/.local/lib/python3.7/site-packages/airflow/example_dags/example_task_group_decorator.py
[2023-03-12T10:08:45.546+0000] {logging_mixin.py:137} INFO - [2023-03-12T10:08:45.546+0000] {dag.py:2690} INFO - Sync 1 DAGs
[2023-03-12T10:08:45.568+0000] {logging_mixin.py:137} INFO - [2023-03-12T10:08:45.568+0000] {dag.py:3441} INFO - Setting next_dagrun for example_task_group_decorator to 2023-03-11T10:08:45.568152+00:00, run_after=2023-03-12T10:08:45.568152+00:00
[2023-03-12T10:08:45.583+0000] {processor.py:175} INFO - Processing /home/airflow/.local/lib/python3.7/site-packages/airflow/example_dags/example_task_group_decorator.py took 0.097 seconds
[2023-03-12T10:09:16.710+0000] {processor.py:153} INFO - Started process (PID=186) to work on /home/airflow/.local/lib/python3.7/site-packages/airflow/example_dags/example_task_group_decorator.py
[2023-03-12T10:09:16.713+0000] {processor.py:743} INFO - Processing file /home/airflow/.local/lib/python3.7/site-packages/airflow/example_dags/example_task_group_decorator.py for tasks to queue
[2023-03-12T10:09:16.715+0000] {logging_mixin.py:137} INFO - [2023-03-12T10:09:16.715+0000] {dagbag.py:538} INFO - Filling up the DagBag from /home/airflow/.local/lib/python3.7/site-packages/airflow/example_dags/example_task_group_decorator.py
[2023-03-12T10:09:16.738+0000] {processor.py:753} INFO - DAG(s) dict_keys(['example_task_group_decorator']) retrieved from /home/airflow/.local/lib/python3.7/site-packages/airflow/example_dags/example_task_group_decorator.py
[2023-03-12T10:09:16.764+0000] {logging_mixin.py:137} INFO - [2023-03-12T10:09:16.764+0000] {dag.py:2690} INFO - Sync 1 DAGs
[2023-03-12T10:09:16.785+0000] {logging_mixin.py:137} INFO - [2023-03-12T10:09:16.785+0000] {dag.py:3441} INFO - Setting next_dagrun for example_task_group_decorator to 2023-03-11T10:09:16.784860+00:00, run_after=2023-03-12T10:09:16.784860+00:00
[2023-03-12T10:09:16.799+0000] {processor.py:175} INFO - Processing /home/airflow/.local/lib/python3.7/site-packages/airflow/example_dags/example_task_group_decorator.py took 0.093 seconds
[2023-03-12T10:09:46.939+0000] {processor.py:153} INFO - Started process (PID=264) to work on /home/airflow/.local/lib/python3.7/site-packages/airflow/example_dags/example_task_group_decorator.py
[2023-03-12T10:09:46.941+0000] {processor.py:743} INFO - Processing file /home/airflow/.local/lib/python3.7/site-packages/airflow/example_dags/example_task_group_decorator.py for tasks to queue
[2023-03-12T10:09:46.943+0000] {logging_mixin.py:137} INFO - [2023-03-12T10:09:46.942+0000] {dagbag.py:538} INFO - Filling up the DagBag from /home/airflow/.local/lib/python3.7/site-packages/airflow/example_dags/example_task_group_decorator.py
[2023-03-12T10:09:46.966+0000] {processor.py:753} INFO - DAG(s) dict_keys(['example_task_group_decorator']) retrieved from /home/airflow/.local/lib/python3.7/site-packages/airflow/example_dags/example_task_group_decorator.py
[2023-03-12T10:09:46.992+0000] {logging_mixin.py:137} INFO - [2023-03-12T10:09:46.992+0000] {dag.py:2690} INFO - Sync 1 DAGs
[2023-03-12T10:09:47.010+0000] {logging_mixin.py:137} INFO - [2023-03-12T10:09:47.010+0000] {dag.py:3441} INFO - Setting next_dagrun for example_task_group_decorator to 2023-03-11T10:09:47.010415+00:00, run_after=2023-03-12T10:09:47.010415+00:00
[2023-03-12T10:09:47.025+0000] {processor.py:175} INFO - Processing /home/airflow/.local/lib/python3.7/site-packages/airflow/example_dags/example_task_group_decorator.py took 0.089 seconds
[2023-03-12T10:10:17.737+0000] {processor.py:153} INFO - Started process (PID=341) to work on /home/airflow/.local/lib/python3.7/site-packages/airflow/example_dags/example_task_group_decorator.py
[2023-03-12T10:10:17.742+0000] {processor.py:743} INFO - Processing file /home/airflow/.local/lib/python3.7/site-packages/airflow/example_dags/example_task_group_decorator.py for tasks to queue
[2023-03-12T10:10:17.744+0000] {logging_mixin.py:137} INFO - [2023-03-12T10:10:17.744+0000] {dagbag.py:538} INFO - Filling up the DagBag from /home/airflow/.local/lib/python3.7/site-packages/airflow/example_dags/example_task_group_decorator.py
[2023-03-12T10:10:17.768+0000] {processor.py:753} INFO - DAG(s) dict_keys(['example_task_group_decorator']) retrieved from /home/airflow/.local/lib/python3.7/site-packages/airflow/example_dags/example_task_group_decorator.py
[2023-03-12T10:10:17.803+0000] {logging_mixin.py:137} INFO - [2023-03-12T10:10:17.803+0000] {dag.py:2690} INFO - Sync 1 DAGs
[2023-03-12T10:10:17.822+0000] {logging_mixin.py:137} INFO - [2023-03-12T10:10:17.822+0000] {dag.py:3441} INFO - Setting next_dagrun for example_task_group_decorator to 2023-03-11T10:10:17.822046+00:00, run_after=2023-03-12T10:10:17.822046+00:00
[2023-03-12T10:10:17.837+0000] {processor.py:175} INFO - Processing /home/airflow/.local/lib/python3.7/site-packages/airflow/example_dags/example_task_group_decorator.py took 0.103 seconds
[2023-03-12T10:10:47.946+0000] {processor.py:153} INFO - Started process (PID=406) to work on /home/airflow/.local/lib/python3.7/site-packages/airflow/example_dags/example_task_group_decorator.py
[2023-03-12T10:10:47.950+0000] {processor.py:743} INFO - Processing file /home/airflow/.local/lib/python3.7/site-packages/airflow/example_dags/example_task_group_decorator.py for tasks to queue
[2023-03-12T10:10:47.954+0000] {logging_mixin.py:137} INFO - [2023-03-12T10:10:47.954+0000] {dagbag.py:538} INFO - Filling up the DagBag from /home/airflow/.local/lib/python3.7/site-packages/airflow/example_dags/example_task_group_decorator.py
[2023-03-12T10:10:47.985+0000] {processor.py:753} INFO - DAG(s) dict_keys(['example_task_group_decorator']) retrieved from /home/airflow/.local/lib/python3.7/site-packages/airflow/example_dags/example_task_group_decorator.py
[2023-03-12T10:10:48.019+0000] {logging_mixin.py:137} INFO - [2023-03-12T10:10:48.018+0000] {dag.py:2690} INFO - Sync 1 DAGs
[2023-03-12T10:10:48.044+0000] {logging_mixin.py:137} INFO - [2023-03-12T10:10:48.043+0000] {dag.py:3441} INFO - Setting next_dagrun for example_task_group_decorator to 2023-03-11T10:10:48.043555+00:00, run_after=2023-03-12T10:10:48.043555+00:00
[2023-03-12T10:10:48.060+0000] {processor.py:175} INFO - Processing /home/airflow/.local/lib/python3.7/site-packages/airflow/example_dags/example_task_group_decorator.py took 0.118 seconds
[2023-03-12T10:11:18.157+0000] {processor.py:153} INFO - Started process (PID=483) to work on /home/airflow/.local/lib/python3.7/site-packages/airflow/example_dags/example_task_group_decorator.py
[2023-03-12T10:11:18.159+0000] {processor.py:743} INFO - Processing file /home/airflow/.local/lib/python3.7/site-packages/airflow/example_dags/example_task_group_decorator.py for tasks to queue
[2023-03-12T10:11:18.161+0000] {logging_mixin.py:137} INFO - [2023-03-12T10:11:18.161+0000] {dagbag.py:538} INFO - Filling up the DagBag from /home/airflow/.local/lib/python3.7/site-packages/airflow/example_dags/example_task_group_decorator.py
[2023-03-12T10:11:18.182+0000] {processor.py:753} INFO - DAG(s) dict_keys(['example_task_group_decorator']) retrieved from /home/airflow/.local/lib/python3.7/site-packages/airflow/example_dags/example_task_group_decorator.py
[2023-03-12T10:11:18.211+0000] {logging_mixin.py:137} INFO - [2023-03-12T10:11:18.211+0000] {dag.py:2690} INFO - Sync 1 DAGs
[2023-03-12T10:11:18.229+0000] {logging_mixin.py:137} INFO - [2023-03-12T10:11:18.229+0000] {dag.py:3441} INFO - Setting next_dagrun for example_task_group_decorator to 2023-03-11T10:11:18.229645+00:00, run_after=2023-03-12T10:11:18.229645+00:00
[2023-03-12T10:11:18.245+0000] {processor.py:175} INFO - Processing /home/airflow/.local/lib/python3.7/site-packages/airflow/example_dags/example_task_group_decorator.py took 0.092 seconds
[2023-03-12T10:11:48.392+0000] {processor.py:153} INFO - Started process (PID=559) to work on /home/airflow/.local/lib/python3.7/site-packages/airflow/example_dags/example_task_group_decorator.py
[2023-03-12T10:11:48.394+0000] {processor.py:743} INFO - Processing file /home/airflow/.local/lib/python3.7/site-packages/airflow/example_dags/example_task_group_decorator.py for tasks to queue
[2023-03-12T10:11:48.397+0000] {logging_mixin.py:137} INFO - [2023-03-12T10:11:48.397+0000] {dagbag.py:538} INFO - Filling up the DagBag from /home/airflow/.local/lib/python3.7/site-packages/airflow/example_dags/example_task_group_decorator.py
[2023-03-12T10:11:48.430+0000] {processor.py:753} INFO - DAG(s) dict_keys(['example_task_group_decorator']) retrieved from /home/airflow/.local/lib/python3.7/site-packages/airflow/example_dags/example_task_group_decorator.py
[2023-03-12T10:11:48.459+0000] {logging_mixin.py:137} INFO - [2023-03-12T10:11:48.459+0000] {dag.py:2690} INFO - Sync 1 DAGs
[2023-03-12T10:11:48.480+0000] {logging_mixin.py:137} INFO - [2023-03-12T10:11:48.479+0000] {dag.py:3441} INFO - Setting next_dagrun for example_task_group_decorator to 2023-03-11T10:11:48.479694+00:00, run_after=2023-03-12T10:11:48.479694+00:00
[2023-03-12T10:11:48.498+0000] {processor.py:175} INFO - Processing /home/airflow/.local/lib/python3.7/site-packages/airflow/example_dags/example_task_group_decorator.py took 0.111 seconds
[2023-03-12T10:12:18.560+0000] {processor.py:153} INFO - Started process (PID=624) to work on /home/airflow/.local/lib/python3.7/site-packages/airflow/example_dags/example_task_group_decorator.py
[2023-03-12T10:12:18.562+0000] {processor.py:743} INFO - Processing file /home/airflow/.local/lib/python3.7/site-packages/airflow/example_dags/example_task_group_decorator.py for tasks to queue
[2023-03-12T10:12:18.563+0000] {logging_mixin.py:137} INFO - [2023-03-12T10:12:18.563+0000] {dagbag.py:538} INFO - Filling up the DagBag from /home/airflow/.local/lib/python3.7/site-packages/airflow/example_dags/example_task_group_decorator.py
[2023-03-12T10:12:18.584+0000] {processor.py:753} INFO - DAG(s) dict_keys(['example_task_group_decorator']) retrieved from /home/airflow/.local/lib/python3.7/site-packages/airflow/example_dags/example_task_group_decorator.py
[2023-03-12T10:12:18.612+0000] {logging_mixin.py:137} INFO - [2023-03-12T10:12:18.612+0000] {dag.py:2690} INFO - Sync 1 DAGs
[2023-03-12T10:12:18.632+0000] {logging_mixin.py:137} INFO - [2023-03-12T10:12:18.631+0000] {dag.py:3441} INFO - Setting next_dagrun for example_task_group_decorator to 2023-03-11T10:12:18.631713+00:00, run_after=2023-03-12T10:12:18.631713+00:00
[2023-03-12T10:12:18.648+0000] {processor.py:175} INFO - Processing /home/airflow/.local/lib/python3.7/site-packages/airflow/example_dags/example_task_group_decorator.py took 0.091 seconds
[2023-03-12T10:12:48.984+0000] {processor.py:153} INFO - Started process (PID=702) to work on /home/airflow/.local/lib/python3.7/site-packages/airflow/example_dags/example_task_group_decorator.py
[2023-03-12T10:12:48.987+0000] {processor.py:743} INFO - Processing file /home/airflow/.local/lib/python3.7/site-packages/airflow/example_dags/example_task_group_decorator.py for tasks to queue
[2023-03-12T10:12:48.989+0000] {logging_mixin.py:137} INFO - [2023-03-12T10:12:48.989+0000] {dagbag.py:538} INFO - Filling up the DagBag from /home/airflow/.local/lib/python3.7/site-packages/airflow/example_dags/example_task_group_decorator.py
[2023-03-12T10:12:49.012+0000] {processor.py:753} INFO - DAG(s) dict_keys(['example_task_group_decorator']) retrieved from /home/airflow/.local/lib/python3.7/site-packages/airflow/example_dags/example_task_group_decorator.py
[2023-03-12T10:12:49.041+0000] {logging_mixin.py:137} INFO - [2023-03-12T10:12:49.041+0000] {dag.py:2690} INFO - Sync 1 DAGs
[2023-03-12T10:12:49.061+0000] {logging_mixin.py:137} INFO - [2023-03-12T10:12:49.060+0000] {dag.py:3441} INFO - Setting next_dagrun for example_task_group_decorator to 2023-03-11T10:12:49.060632+00:00, run_after=2023-03-12T10:12:49.060632+00:00
[2023-03-12T10:12:49.075+0000] {processor.py:175} INFO - Processing /home/airflow/.local/lib/python3.7/site-packages/airflow/example_dags/example_task_group_decorator.py took 0.095 seconds
[2023-03-12T10:13:19.481+0000] {processor.py:153} INFO - Started process (PID=767) to work on /home/airflow/.local/lib/python3.7/site-packages/airflow/example_dags/example_task_group_decorator.py
[2023-03-12T10:13:19.483+0000] {processor.py:743} INFO - Processing file /home/airflow/.local/lib/python3.7/site-packages/airflow/example_dags/example_task_group_decorator.py for tasks to queue
[2023-03-12T10:13:19.485+0000] {logging_mixin.py:137} INFO - [2023-03-12T10:13:19.485+0000] {dagbag.py:538} INFO - Filling up the DagBag from /home/airflow/.local/lib/python3.7/site-packages/airflow/example_dags/example_task_group_decorator.py
[2023-03-12T10:13:19.513+0000] {processor.py:753} INFO - DAG(s) dict_keys(['example_task_group_decorator']) retrieved from /home/airflow/.local/lib/python3.7/site-packages/airflow/example_dags/example_task_group_decorator.py
[2023-03-12T10:13:19.544+0000] {logging_mixin.py:137} INFO - [2023-03-12T10:13:19.544+0000] {dag.py:2690} INFO - Sync 1 DAGs
[2023-03-12T10:13:19.566+0000] {logging_mixin.py:137} INFO - [2023-03-12T10:13:19.566+0000] {dag.py:3441} INFO - Setting next_dagrun for example_task_group_decorator to 2023-03-11T10:13:19.565324+00:00, run_after=2023-03-12T10:13:19.565324+00:00
[2023-03-12T10:13:19.584+0000] {processor.py:175} INFO - Processing /home/airflow/.local/lib/python3.7/site-packages/airflow/example_dags/example_task_group_decorator.py took 0.109 seconds
[2023-03-12T10:13:49.712+0000] {processor.py:153} INFO - Started process (PID=844) to work on /home/airflow/.local/lib/python3.7/site-packages/airflow/example_dags/example_task_group_decorator.py
[2023-03-12T10:13:49.714+0000] {processor.py:743} INFO - Processing file /home/airflow/.local/lib/python3.7/site-packages/airflow/example_dags/example_task_group_decorator.py for tasks to queue
[2023-03-12T10:13:49.717+0000] {logging_mixin.py:137} INFO - [2023-03-12T10:13:49.716+0000] {dagbag.py:538} INFO - Filling up the DagBag from /home/airflow/.local/lib/python3.7/site-packages/airflow/example_dags/example_task_group_decorator.py
[2023-03-12T10:13:49.741+0000] {processor.py:753} INFO - DAG(s) dict_keys(['example_task_group_decorator']) retrieved from /home/airflow/.local/lib/python3.7/site-packages/airflow/example_dags/example_task_group_decorator.py
[2023-03-12T10:13:49.769+0000] {logging_mixin.py:137} INFO - [2023-03-12T10:13:49.769+0000] {dag.py:2690} INFO - Sync 1 DAGs
[2023-03-12T10:13:49.788+0000] {logging_mixin.py:137} INFO - [2023-03-12T10:13:49.788+0000] {dag.py:3441} INFO - Setting next_dagrun for example_task_group_decorator to 2023-03-11T10:13:49.787925+00:00, run_after=2023-03-12T10:13:49.787925+00:00
[2023-03-12T10:13:49.806+0000] {processor.py:175} INFO - Processing /home/airflow/.local/lib/python3.7/site-packages/airflow/example_dags/example_task_group_decorator.py took 0.097 seconds
[2023-03-12T10:14:20.860+0000] {processor.py:153} INFO - Started process (PID=917) to work on /home/airflow/.local/lib/python3.7/site-packages/airflow/example_dags/example_task_group_decorator.py
[2023-03-12T10:14:20.863+0000] {processor.py:743} INFO - Processing file /home/airflow/.local/lib/python3.7/site-packages/airflow/example_dags/example_task_group_decorator.py for tasks to queue
[2023-03-12T10:14:20.865+0000] {logging_mixin.py:137} INFO - [2023-03-12T10:14:20.864+0000] {dagbag.py:538} INFO - Filling up the DagBag from /home/airflow/.local/lib/python3.7/site-packages/airflow/example_dags/example_task_group_decorator.py
[2023-03-12T10:14:20.888+0000] {processor.py:753} INFO - DAG(s) dict_keys(['example_task_group_decorator']) retrieved from /home/airflow/.local/lib/python3.7/site-packages/airflow/example_dags/example_task_group_decorator.py
[2023-03-12T10:14:20.936+0000] {logging_mixin.py:137} INFO - [2023-03-12T10:14:20.935+0000] {dag.py:2690} INFO - Sync 1 DAGs
[2023-03-12T10:14:20.981+0000] {logging_mixin.py:137} INFO - [2023-03-12T10:14:20.981+0000] {dag.py:3441} INFO - Setting next_dagrun for example_task_group_decorator to 2023-03-11T10:14:20.981008+00:00, run_after=2023-03-12T10:14:20.981008+00:00
[2023-03-12T10:14:21.014+0000] {processor.py:175} INFO - Processing /home/airflow/.local/lib/python3.7/site-packages/airflow/example_dags/example_task_group_decorator.py took 0.157 seconds
[2023-03-12T10:14:51.233+0000] {processor.py:153} INFO - Started process (PID=987) to work on /home/airflow/.local/lib/python3.7/site-packages/airflow/example_dags/example_task_group_decorator.py
[2023-03-12T10:14:51.235+0000] {processor.py:743} INFO - Processing file /home/airflow/.local/lib/python3.7/site-packages/airflow/example_dags/example_task_group_decorator.py for tasks to queue
[2023-03-12T10:14:51.237+0000] {logging_mixin.py:137} INFO - [2023-03-12T10:14:51.237+0000] {dagbag.py:538} INFO - Filling up the DagBag from /home/airflow/.local/lib/python3.7/site-packages/airflow/example_dags/example_task_group_decorator.py
[2023-03-12T10:14:51.262+0000] {processor.py:753} INFO - DAG(s) dict_keys(['example_task_group_decorator']) retrieved from /home/airflow/.local/lib/python3.7/site-packages/airflow/example_dags/example_task_group_decorator.py
[2023-03-12T10:14:51.294+0000] {logging_mixin.py:137} INFO - [2023-03-12T10:14:51.293+0000] {dag.py:2690} INFO - Sync 1 DAGs
[2023-03-12T10:14:51.315+0000] {logging_mixin.py:137} INFO - [2023-03-12T10:14:51.315+0000] {dag.py:3441} INFO - Setting next_dagrun for example_task_group_decorator to 2023-03-11T10:14:51.315226+00:00, run_after=2023-03-12T10:14:51.315226+00:00
[2023-03-12T10:14:51.332+0000] {processor.py:175} INFO - Processing /home/airflow/.local/lib/python3.7/site-packages/airflow/example_dags/example_task_group_decorator.py took 0.102 seconds
[2023-03-12T10:15:21.579+0000] {processor.py:153} INFO - Started process (PID=1065) to work on /home/airflow/.local/lib/python3.7/site-packages/airflow/example_dags/example_task_group_decorator.py
[2023-03-12T10:15:21.582+0000] {processor.py:743} INFO - Processing file /home/airflow/.local/lib/python3.7/site-packages/airflow/example_dags/example_task_group_decorator.py for tasks to queue
[2023-03-12T10:15:21.584+0000] {logging_mixin.py:137} INFO - [2023-03-12T10:15:21.584+0000] {dagbag.py:538} INFO - Filling up the DagBag from /home/airflow/.local/lib/python3.7/site-packages/airflow/example_dags/example_task_group_decorator.py
[2023-03-12T10:15:21.608+0000] {processor.py:753} INFO - DAG(s) dict_keys(['example_task_group_decorator']) retrieved from /home/airflow/.local/lib/python3.7/site-packages/airflow/example_dags/example_task_group_decorator.py
[2023-03-12T10:15:21.639+0000] {logging_mixin.py:137} INFO - [2023-03-12T10:15:21.639+0000] {dag.py:2690} INFO - Sync 1 DAGs
[2023-03-12T10:15:21.663+0000] {logging_mixin.py:137} INFO - [2023-03-12T10:15:21.663+0000] {dag.py:3441} INFO - Setting next_dagrun for example_task_group_decorator to 2023-03-11T10:15:21.663427+00:00, run_after=2023-03-12T10:15:21.663427+00:00
[2023-03-12T10:15:21.686+0000] {processor.py:175} INFO - Processing /home/airflow/.local/lib/python3.7/site-packages/airflow/example_dags/example_task_group_decorator.py took 0.110 seconds
[2023-03-12T10:15:51.885+0000] {processor.py:153} INFO - Started process (PID=1128) to work on /home/airflow/.local/lib/python3.7/site-packages/airflow/example_dags/example_task_group_decorator.py
[2023-03-12T10:15:51.888+0000] {processor.py:743} INFO - Processing file /home/airflow/.local/lib/python3.7/site-packages/airflow/example_dags/example_task_group_decorator.py for tasks to queue
[2023-03-12T10:15:51.890+0000] {logging_mixin.py:137} INFO - [2023-03-12T10:15:51.890+0000] {dagbag.py:538} INFO - Filling up the DagBag from /home/airflow/.local/lib/python3.7/site-packages/airflow/example_dags/example_task_group_decorator.py
[2023-03-12T10:15:51.910+0000] {processor.py:753} INFO - DAG(s) dict_keys(['example_task_group_decorator']) retrieved from /home/airflow/.local/lib/python3.7/site-packages/airflow/example_dags/example_task_group_decorator.py
[2023-03-12T10:15:51.935+0000] {logging_mixin.py:137} INFO - [2023-03-12T10:15:51.935+0000] {dag.py:2690} INFO - Sync 1 DAGs
[2023-03-12T10:15:51.951+0000] {logging_mixin.py:137} INFO - [2023-03-12T10:15:51.951+0000] {dag.py:3441} INFO - Setting next_dagrun for example_task_group_decorator to 2023-03-11T10:15:51.951444+00:00, run_after=2023-03-12T10:15:51.951444+00:00
[2023-03-12T10:15:51.969+0000] {processor.py:175} INFO - Processing /home/airflow/.local/lib/python3.7/site-packages/airflow/example_dags/example_task_group_decorator.py took 0.087 seconds
[2023-03-12T10:16:22.125+0000] {processor.py:153} INFO - Started process (PID=1205) to work on /home/airflow/.local/lib/python3.7/site-packages/airflow/example_dags/example_task_group_decorator.py
[2023-03-12T10:16:22.126+0000] {processor.py:743} INFO - Processing file /home/airflow/.local/lib/python3.7/site-packages/airflow/example_dags/example_task_group_decorator.py for tasks to queue
[2023-03-12T10:16:22.128+0000] {logging_mixin.py:137} INFO - [2023-03-12T10:16:22.128+0000] {dagbag.py:538} INFO - Filling up the DagBag from /home/airflow/.local/lib/python3.7/site-packages/airflow/example_dags/example_task_group_decorator.py
[2023-03-12T10:16:22.149+0000] {processor.py:753} INFO - DAG(s) dict_keys(['example_task_group_decorator']) retrieved from /home/airflow/.local/lib/python3.7/site-packages/airflow/example_dags/example_task_group_decorator.py
[2023-03-12T10:16:22.175+0000] {logging_mixin.py:137} INFO - [2023-03-12T10:16:22.175+0000] {dag.py:2690} INFO - Sync 1 DAGs
[2023-03-12T10:16:22.191+0000] {logging_mixin.py:137} INFO - [2023-03-12T10:16:22.191+0000] {dag.py:3441} INFO - Setting next_dagrun for example_task_group_decorator to 2023-03-11T10:16:22.191405+00:00, run_after=2023-03-12T10:16:22.191405+00:00
[2023-03-12T10:16:22.208+0000] {processor.py:175} INFO - Processing /home/airflow/.local/lib/python3.7/site-packages/airflow/example_dags/example_task_group_decorator.py took 0.087 seconds
[2023-03-12T10:16:53.079+0000] {processor.py:153} INFO - Started process (PID=1277) to work on /home/airflow/.local/lib/python3.7/site-packages/airflow/example_dags/example_task_group_decorator.py
[2023-03-12T10:16:53.082+0000] {processor.py:743} INFO - Processing file /home/airflow/.local/lib/python3.7/site-packages/airflow/example_dags/example_task_group_decorator.py for tasks to queue
[2023-03-12T10:16:53.091+0000] {logging_mixin.py:137} INFO - [2023-03-12T10:16:53.090+0000] {dagbag.py:538} INFO - Filling up the DagBag from /home/airflow/.local/lib/python3.7/site-packages/airflow/example_dags/example_task_group_decorator.py
[2023-03-12T10:16:53.177+0000] {processor.py:753} INFO - DAG(s) dict_keys(['example_task_group_decorator']) retrieved from /home/airflow/.local/lib/python3.7/site-packages/airflow/example_dags/example_task_group_decorator.py
[2023-03-12T10:16:53.207+0000] {logging_mixin.py:137} INFO - [2023-03-12T10:16:53.207+0000] {dag.py:2690} INFO - Sync 1 DAGs
[2023-03-12T10:16:53.232+0000] {logging_mixin.py:137} INFO - [2023-03-12T10:16:53.232+0000] {dag.py:3441} INFO - Setting next_dagrun for example_task_group_decorator to 2023-03-11T10:16:53.232259+00:00, run_after=2023-03-12T10:16:53.232259+00:00
[2023-03-12T10:16:53.252+0000] {processor.py:175} INFO - Processing /home/airflow/.local/lib/python3.7/site-packages/airflow/example_dags/example_task_group_decorator.py took 0.178 seconds
[2023-03-12T10:17:23.366+0000] {processor.py:153} INFO - Started process (PID=1348) to work on /home/airflow/.local/lib/python3.7/site-packages/airflow/example_dags/example_task_group_decorator.py
[2023-03-12T10:17:23.368+0000] {processor.py:743} INFO - Processing file /home/airflow/.local/lib/python3.7/site-packages/airflow/example_dags/example_task_group_decorator.py for tasks to queue
[2023-03-12T10:17:23.370+0000] {logging_mixin.py:137} INFO - [2023-03-12T10:17:23.370+0000] {dagbag.py:538} INFO - Filling up the DagBag from /home/airflow/.local/lib/python3.7/site-packages/airflow/example_dags/example_task_group_decorator.py
[2023-03-12T10:17:23.391+0000] {processor.py:753} INFO - DAG(s) dict_keys(['example_task_group_decorator']) retrieved from /home/airflow/.local/lib/python3.7/site-packages/airflow/example_dags/example_task_group_decorator.py
[2023-03-12T10:17:23.420+0000] {logging_mixin.py:137} INFO - [2023-03-12T10:17:23.420+0000] {dag.py:2690} INFO - Sync 1 DAGs
[2023-03-12T10:17:23.439+0000] {logging_mixin.py:137} INFO - [2023-03-12T10:17:23.439+0000] {dag.py:3441} INFO - Setting next_dagrun for example_task_group_decorator to 2023-03-11T10:17:23.439626+00:00, run_after=2023-03-12T10:17:23.439626+00:00
[2023-03-12T10:17:23.454+0000] {processor.py:175} INFO - Processing /home/airflow/.local/lib/python3.7/site-packages/airflow/example_dags/example_task_group_decorator.py took 0.092 seconds
[2023-03-12T10:17:54.304+0000] {processor.py:153} INFO - Started process (PID=1425) to work on /home/airflow/.local/lib/python3.7/site-packages/airflow/example_dags/example_task_group_decorator.py
[2023-03-12T10:17:54.306+0000] {processor.py:743} INFO - Processing file /home/airflow/.local/lib/python3.7/site-packages/airflow/example_dags/example_task_group_decorator.py for tasks to queue
[2023-03-12T10:17:54.308+0000] {logging_mixin.py:137} INFO - [2023-03-12T10:17:54.308+0000] {dagbag.py:538} INFO - Filling up the DagBag from /home/airflow/.local/lib/python3.7/site-packages/airflow/example_dags/example_task_group_decorator.py
[2023-03-12T10:17:54.334+0000] {processor.py:753} INFO - DAG(s) dict_keys(['example_task_group_decorator']) retrieved from /home/airflow/.local/lib/python3.7/site-packages/airflow/example_dags/example_task_group_decorator.py
[2023-03-12T10:17:54.368+0000] {logging_mixin.py:137} INFO - [2023-03-12T10:17:54.368+0000] {dag.py:2690} INFO - Sync 1 DAGs
[2023-03-12T10:17:54.393+0000] {logging_mixin.py:137} INFO - [2023-03-12T10:17:54.393+0000] {dag.py:3441} INFO - Setting next_dagrun for example_task_group_decorator to 2023-03-11T10:17:54.393466+00:00, run_after=2023-03-12T10:17:54.393466+00:00
[2023-03-12T10:17:54.413+0000] {processor.py:175} INFO - Processing /home/airflow/.local/lib/python3.7/site-packages/airflow/example_dags/example_task_group_decorator.py took 0.112 seconds
[2023-03-12T10:18:25.458+0000] {processor.py:153} INFO - Started process (PID=1490) to work on /home/airflow/.local/lib/python3.7/site-packages/airflow/example_dags/example_task_group_decorator.py
[2023-03-12T10:18:25.461+0000] {processor.py:743} INFO - Processing file /home/airflow/.local/lib/python3.7/site-packages/airflow/example_dags/example_task_group_decorator.py for tasks to queue
[2023-03-12T10:18:25.465+0000] {logging_mixin.py:137} INFO - [2023-03-12T10:18:25.465+0000] {dagbag.py:538} INFO - Filling up the DagBag from /home/airflow/.local/lib/python3.7/site-packages/airflow/example_dags/example_task_group_decorator.py
[2023-03-12T10:18:25.492+0000] {processor.py:753} INFO - DAG(s) dict_keys(['example_task_group_decorator']) retrieved from /home/airflow/.local/lib/python3.7/site-packages/airflow/example_dags/example_task_group_decorator.py
[2023-03-12T10:18:25.523+0000] {logging_mixin.py:137} INFO - [2023-03-12T10:18:25.523+0000] {dag.py:2690} INFO - Sync 1 DAGs
[2023-03-12T10:18:25.545+0000] {logging_mixin.py:137} INFO - [2023-03-12T10:18:25.545+0000] {dag.py:3441} INFO - Setting next_dagrun for example_task_group_decorator to 2023-03-11T10:18:25.545344+00:00, run_after=2023-03-12T10:18:25.545344+00:00
[2023-03-12T10:18:25.563+0000] {processor.py:175} INFO - Processing /home/airflow/.local/lib/python3.7/site-packages/airflow/example_dags/example_task_group_decorator.py took 0.110 seconds
[2023-03-12T10:18:55.862+0000] {processor.py:153} INFO - Started process (PID=1568) to work on /home/airflow/.local/lib/python3.7/site-packages/airflow/example_dags/example_task_group_decorator.py
[2023-03-12T10:18:55.864+0000] {processor.py:743} INFO - Processing file /home/airflow/.local/lib/python3.7/site-packages/airflow/example_dags/example_task_group_decorator.py for tasks to queue
[2023-03-12T10:18:55.869+0000] {logging_mixin.py:137} INFO - [2023-03-12T10:18:55.868+0000] {dagbag.py:538} INFO - Filling up the DagBag from /home/airflow/.local/lib/python3.7/site-packages/airflow/example_dags/example_task_group_decorator.py
[2023-03-12T10:18:55.891+0000] {processor.py:753} INFO - DAG(s) dict_keys(['example_task_group_decorator']) retrieved from /home/airflow/.local/lib/python3.7/site-packages/airflow/example_dags/example_task_group_decorator.py
[2023-03-12T10:18:55.920+0000] {logging_mixin.py:137} INFO - [2023-03-12T10:18:55.920+0000] {dag.py:2690} INFO - Sync 1 DAGs
[2023-03-12T10:18:55.941+0000] {logging_mixin.py:137} INFO - [2023-03-12T10:18:55.941+0000] {dag.py:3441} INFO - Setting next_dagrun for example_task_group_decorator to 2023-03-11T10:18:55.941051+00:00, run_after=2023-03-12T10:18:55.941051+00:00
[2023-03-12T10:18:55.958+0000] {processor.py:175} INFO - Processing /home/airflow/.local/lib/python3.7/site-packages/airflow/example_dags/example_task_group_decorator.py took 0.100 seconds
[2023-03-12T10:19:26.752+0000] {processor.py:153} INFO - Started process (PID=1646) to work on /home/airflow/.local/lib/python3.7/site-packages/airflow/example_dags/example_task_group_decorator.py
[2023-03-12T10:19:26.755+0000] {processor.py:743} INFO - Processing file /home/airflow/.local/lib/python3.7/site-packages/airflow/example_dags/example_task_group_decorator.py for tasks to queue
[2023-03-12T10:19:26.757+0000] {logging_mixin.py:137} INFO - [2023-03-12T10:19:26.757+0000] {dagbag.py:538} INFO - Filling up the DagBag from /home/airflow/.local/lib/python3.7/site-packages/airflow/example_dags/example_task_group_decorator.py
[2023-03-12T10:19:26.777+0000] {processor.py:753} INFO - DAG(s) dict_keys(['example_task_group_decorator']) retrieved from /home/airflow/.local/lib/python3.7/site-packages/airflow/example_dags/example_task_group_decorator.py
[2023-03-12T10:19:26.807+0000] {logging_mixin.py:137} INFO - [2023-03-12T10:19:26.807+0000] {dag.py:2690} INFO - Sync 1 DAGs
[2023-03-12T10:19:26.826+0000] {logging_mixin.py:137} INFO - [2023-03-12T10:19:26.826+0000] {dag.py:3441} INFO - Setting next_dagrun for example_task_group_decorator to 2023-03-11T10:19:26.826239+00:00, run_after=2023-03-12T10:19:26.826239+00:00
[2023-03-12T10:19:26.839+0000] {processor.py:175} INFO - Processing /home/airflow/.local/lib/python3.7/site-packages/airflow/example_dags/example_task_group_decorator.py took 0.090 seconds
[2023-03-12T10:19:58.034+0000] {processor.py:153} INFO - Started process (PID=1711) to work on /home/airflow/.local/lib/python3.7/site-packages/airflow/example_dags/example_task_group_decorator.py
[2023-03-12T10:19:58.039+0000] {processor.py:743} INFO - Processing file /home/airflow/.local/lib/python3.7/site-packages/airflow/example_dags/example_task_group_decorator.py for tasks to queue
[2023-03-12T10:19:58.041+0000] {logging_mixin.py:137} INFO - [2023-03-12T10:19:58.041+0000] {dagbag.py:538} INFO - Filling up the DagBag from /home/airflow/.local/lib/python3.7/site-packages/airflow/example_dags/example_task_group_decorator.py
[2023-03-12T10:19:58.077+0000] {processor.py:753} INFO - DAG(s) dict_keys(['example_task_group_decorator']) retrieved from /home/airflow/.local/lib/python3.7/site-packages/airflow/example_dags/example_task_group_decorator.py
[2023-03-12T10:19:58.106+0000] {logging_mixin.py:137} INFO - [2023-03-12T10:19:58.106+0000] {dag.py:2690} INFO - Sync 1 DAGs
[2023-03-12T10:19:58.126+0000] {logging_mixin.py:137} INFO - [2023-03-12T10:19:58.126+0000] {dag.py:3441} INFO - Setting next_dagrun for example_task_group_decorator to 2023-03-11T10:19:58.126295+00:00, run_after=2023-03-12T10:19:58.126295+00:00
[2023-03-12T10:19:58.145+0000] {processor.py:175} INFO - Processing /home/airflow/.local/lib/python3.7/site-packages/airflow/example_dags/example_task_group_decorator.py took 0.114 seconds
[2023-03-12T10:20:28.241+0000] {processor.py:153} INFO - Started process (PID=1790) to work on /home/airflow/.local/lib/python3.7/site-packages/airflow/example_dags/example_task_group_decorator.py
[2023-03-12T10:20:28.243+0000] {processor.py:743} INFO - Processing file /home/airflow/.local/lib/python3.7/site-packages/airflow/example_dags/example_task_group_decorator.py for tasks to queue
[2023-03-12T10:20:28.245+0000] {logging_mixin.py:137} INFO - [2023-03-12T10:20:28.245+0000] {dagbag.py:538} INFO - Filling up the DagBag from /home/airflow/.local/lib/python3.7/site-packages/airflow/example_dags/example_task_group_decorator.py
[2023-03-12T10:20:28.268+0000] {processor.py:753} INFO - DAG(s) dict_keys(['example_task_group_decorator']) retrieved from /home/airflow/.local/lib/python3.7/site-packages/airflow/example_dags/example_task_group_decorator.py
[2023-03-12T10:20:28.300+0000] {logging_mixin.py:137} INFO - [2023-03-12T10:20:28.300+0000] {dag.py:2690} INFO - Sync 1 DAGs
[2023-03-12T10:20:28.330+0000] {logging_mixin.py:137} INFO - [2023-03-12T10:20:28.330+0000] {dag.py:3441} INFO - Setting next_dagrun for example_task_group_decorator to 2023-03-11T10:20:28.330056+00:00, run_after=2023-03-12T10:20:28.330056+00:00
[2023-03-12T10:20:28.348+0000] {processor.py:175} INFO - Processing /home/airflow/.local/lib/python3.7/site-packages/airflow/example_dags/example_task_group_decorator.py took 0.110 seconds
[2023-03-12T10:20:58.593+0000] {processor.py:153} INFO - Started process (PID=1863) to work on /home/airflow/.local/lib/python3.7/site-packages/airflow/example_dags/example_task_group_decorator.py
[2023-03-12T10:20:58.596+0000] {processor.py:743} INFO - Processing file /home/airflow/.local/lib/python3.7/site-packages/airflow/example_dags/example_task_group_decorator.py for tasks to queue
[2023-03-12T10:20:58.598+0000] {logging_mixin.py:137} INFO - [2023-03-12T10:20:58.598+0000] {dagbag.py:538} INFO - Filling up the DagBag from /home/airflow/.local/lib/python3.7/site-packages/airflow/example_dags/example_task_group_decorator.py
[2023-03-12T10:20:58.628+0000] {processor.py:753} INFO - DAG(s) dict_keys(['example_task_group_decorator']) retrieved from /home/airflow/.local/lib/python3.7/site-packages/airflow/example_dags/example_task_group_decorator.py
[2023-03-12T10:20:58.659+0000] {logging_mixin.py:137} INFO - [2023-03-12T10:20:58.659+0000] {dag.py:2690} INFO - Sync 1 DAGs
[2023-03-12T10:20:58.681+0000] {logging_mixin.py:137} INFO - [2023-03-12T10:20:58.681+0000] {dag.py:3441} INFO - Setting next_dagrun for example_task_group_decorator to 2023-03-11T10:20:58.681006+00:00, run_after=2023-03-12T10:20:58.681006+00:00
[2023-03-12T10:20:58.700+0000] {processor.py:175} INFO - Processing /home/airflow/.local/lib/python3.7/site-packages/airflow/example_dags/example_task_group_decorator.py took 0.111 seconds
[2023-03-12T10:21:29.000+0000] {processor.py:153} INFO - Started process (PID=1934) to work on /home/airflow/.local/lib/python3.7/site-packages/airflow/example_dags/example_task_group_decorator.py
[2023-03-12T10:21:29.003+0000] {processor.py:743} INFO - Processing file /home/airflow/.local/lib/python3.7/site-packages/airflow/example_dags/example_task_group_decorator.py for tasks to queue
[2023-03-12T10:21:29.004+0000] {logging_mixin.py:137} INFO - [2023-03-12T10:21:29.004+0000] {dagbag.py:538} INFO - Filling up the DagBag from /home/airflow/.local/lib/python3.7/site-packages/airflow/example_dags/example_task_group_decorator.py
[2023-03-12T10:21:29.028+0000] {processor.py:753} INFO - DAG(s) dict_keys(['example_task_group_decorator']) retrieved from /home/airflow/.local/lib/python3.7/site-packages/airflow/example_dags/example_task_group_decorator.py
[2023-03-12T10:21:29.057+0000] {logging_mixin.py:137} INFO - [2023-03-12T10:21:29.057+0000] {dag.py:2690} INFO - Sync 1 DAGs
[2023-03-12T10:21:29.076+0000] {logging_mixin.py:137} INFO - [2023-03-12T10:21:29.075+0000] {dag.py:3441} INFO - Setting next_dagrun for example_task_group_decorator to 2023-03-11T10:21:29.075758+00:00, run_after=2023-03-12T10:21:29.075758+00:00
[2023-03-12T10:21:29.090+0000] {processor.py:175} INFO - Processing /home/airflow/.local/lib/python3.7/site-packages/airflow/example_dags/example_task_group_decorator.py took 0.093 seconds
[2023-03-12T10:21:59.487+0000] {processor.py:153} INFO - Started process (PID=2012) to work on /home/airflow/.local/lib/python3.7/site-packages/airflow/example_dags/example_task_group_decorator.py
[2023-03-12T10:21:59.490+0000] {processor.py:743} INFO - Processing file /home/airflow/.local/lib/python3.7/site-packages/airflow/example_dags/example_task_group_decorator.py for tasks to queue
[2023-03-12T10:21:59.492+0000] {logging_mixin.py:137} INFO - [2023-03-12T10:21:59.492+0000] {dagbag.py:538} INFO - Filling up the DagBag from /home/airflow/.local/lib/python3.7/site-packages/airflow/example_dags/example_task_group_decorator.py
[2023-03-12T10:21:59.517+0000] {processor.py:753} INFO - DAG(s) dict_keys(['example_task_group_decorator']) retrieved from /home/airflow/.local/lib/python3.7/site-packages/airflow/example_dags/example_task_group_decorator.py
[2023-03-12T10:21:59.545+0000] {logging_mixin.py:137} INFO - [2023-03-12T10:21:59.545+0000] {dag.py:2690} INFO - Sync 1 DAGs
[2023-03-12T10:21:59.566+0000] {logging_mixin.py:137} INFO - [2023-03-12T10:21:59.565+0000] {dag.py:3441} INFO - Setting next_dagrun for example_task_group_decorator to 2023-03-11T10:21:59.565657+00:00, run_after=2023-03-12T10:21:59.565657+00:00
[2023-03-12T10:21:59.587+0000] {processor.py:175} INFO - Processing /home/airflow/.local/lib/python3.7/site-packages/airflow/example_dags/example_task_group_decorator.py took 0.103 seconds
