[2023-03-12T10:08:16.395+0000] {processor.py:153} INFO - Started process (PID=61) to work on /home/airflow/.local/lib/python3.7/site-packages/airflow/example_dags/tutorial.py
[2023-03-12T10:08:16.401+0000] {processor.py:743} INFO - Processing file /home/airflow/.local/lib/python3.7/site-packages/airflow/example_dags/tutorial.py for tasks to queue
[2023-03-12T10:08:16.404+0000] {logging_mixin.py:137} INFO - [2023-03-12T10:08:16.404+0000] {dagbag.py:538} INFO - Filling up the DagBag from /home/airflow/.local/lib/python3.7/site-packages/airflow/example_dags/tutorial.py
[2023-03-12T10:08:16.499+0000] {processor.py:753} INFO - DAG(s) dict_keys(['tutorial']) retrieved from /home/airflow/.local/lib/python3.7/site-packages/airflow/example_dags/tutorial.py
[2023-03-12T10:08:16.559+0000] {logging_mixin.py:137} INFO - [2023-03-12T10:08:16.559+0000] {dag.py:2690} INFO - Sync 1 DAGs
[2023-03-12T10:08:16.647+0000] {logging_mixin.py:137} INFO - [2023-03-12T10:08:16.647+0000] {dag.py:3441} INFO - Setting next_dagrun for tutorial to 2023-03-11T10:08:16.646788+00:00, run_after=2023-03-12T10:08:16.646788+00:00
[2023-03-12T10:08:16.699+0000] {processor.py:175} INFO - Processing /home/airflow/.local/lib/python3.7/site-packages/airflow/example_dags/tutorial.py took 0.328 seconds
[2023-03-12T10:08:46.757+0000] {processor.py:153} INFO - Started process (PID=138) to work on /home/airflow/.local/lib/python3.7/site-packages/airflow/example_dags/tutorial.py
[2023-03-12T10:08:46.759+0000] {processor.py:743} INFO - Processing file /home/airflow/.local/lib/python3.7/site-packages/airflow/example_dags/tutorial.py for tasks to queue
[2023-03-12T10:08:46.760+0000] {logging_mixin.py:137} INFO - [2023-03-12T10:08:46.760+0000] {dagbag.py:538} INFO - Filling up the DagBag from /home/airflow/.local/lib/python3.7/site-packages/airflow/example_dags/tutorial.py
[2023-03-12T10:08:46.773+0000] {processor.py:753} INFO - DAG(s) dict_keys(['tutorial']) retrieved from /home/airflow/.local/lib/python3.7/site-packages/airflow/example_dags/tutorial.py
[2023-03-12T10:08:46.796+0000] {logging_mixin.py:137} INFO - [2023-03-12T10:08:46.796+0000] {dag.py:2690} INFO - Sync 1 DAGs
[2023-03-12T10:08:46.813+0000] {logging_mixin.py:137} INFO - [2023-03-12T10:08:46.813+0000] {dag.py:3441} INFO - Setting next_dagrun for tutorial to 2023-03-11T10:08:46.813084+00:00, run_after=2023-03-12T10:08:46.813084+00:00
[2023-03-12T10:08:46.827+0000] {processor.py:175} INFO - Processing /home/airflow/.local/lib/python3.7/site-packages/airflow/example_dags/tutorial.py took 0.074 seconds
[2023-03-12T10:09:18.684+0000] {processor.py:153} INFO - Started process (PID=215) to work on /home/airflow/.local/lib/python3.7/site-packages/airflow/example_dags/tutorial.py
[2023-03-12T10:09:18.686+0000] {processor.py:743} INFO - Processing file /home/airflow/.local/lib/python3.7/site-packages/airflow/example_dags/tutorial.py for tasks to queue
[2023-03-12T10:09:18.692+0000] {logging_mixin.py:137} INFO - [2023-03-12T10:09:18.692+0000] {dagbag.py:538} INFO - Filling up the DagBag from /home/airflow/.local/lib/python3.7/site-packages/airflow/example_dags/tutorial.py
[2023-03-12T10:09:18.744+0000] {processor.py:753} INFO - DAG(s) dict_keys(['tutorial']) retrieved from /home/airflow/.local/lib/python3.7/site-packages/airflow/example_dags/tutorial.py
[2023-03-12T10:09:18.793+0000] {logging_mixin.py:137} INFO - [2023-03-12T10:09:18.793+0000] {dag.py:2690} INFO - Sync 1 DAGs
[2023-03-12T10:09:18.819+0000] {logging_mixin.py:137} INFO - [2023-03-12T10:09:18.819+0000] {dag.py:3441} INFO - Setting next_dagrun for tutorial to 2023-03-11T10:09:18.818848+00:00, run_after=2023-03-12T10:09:18.818848+00:00
[2023-03-12T10:09:18.846+0000] {processor.py:175} INFO - Processing /home/airflow/.local/lib/python3.7/site-packages/airflow/example_dags/tutorial.py took 0.166 seconds
[2023-03-12T10:09:48.919+0000] {processor.py:153} INFO - Started process (PID=280) to work on /home/airflow/.local/lib/python3.7/site-packages/airflow/example_dags/tutorial.py
[2023-03-12T10:09:48.921+0000] {processor.py:743} INFO - Processing file /home/airflow/.local/lib/python3.7/site-packages/airflow/example_dags/tutorial.py for tasks to queue
[2023-03-12T10:09:48.924+0000] {logging_mixin.py:137} INFO - [2023-03-12T10:09:48.924+0000] {dagbag.py:538} INFO - Filling up the DagBag from /home/airflow/.local/lib/python3.7/site-packages/airflow/example_dags/tutorial.py
[2023-03-12T10:09:48.936+0000] {processor.py:753} INFO - DAG(s) dict_keys(['tutorial']) retrieved from /home/airflow/.local/lib/python3.7/site-packages/airflow/example_dags/tutorial.py
[2023-03-12T10:09:48.963+0000] {logging_mixin.py:137} INFO - [2023-03-12T10:09:48.963+0000] {dag.py:2690} INFO - Sync 1 DAGs
[2023-03-12T10:09:48.981+0000] {logging_mixin.py:137} INFO - [2023-03-12T10:09:48.981+0000] {dag.py:3441} INFO - Setting next_dagrun for tutorial to 2023-03-11T10:09:48.981505+00:00, run_after=2023-03-12T10:09:48.981505+00:00
[2023-03-12T10:09:48.996+0000] {processor.py:175} INFO - Processing /home/airflow/.local/lib/python3.7/site-packages/airflow/example_dags/tutorial.py took 0.079 seconds
[2023-03-12T10:10:20.002+0000] {processor.py:153} INFO - Started process (PID=357) to work on /home/airflow/.local/lib/python3.7/site-packages/airflow/example_dags/tutorial.py
[2023-03-12T10:10:20.004+0000] {processor.py:743} INFO - Processing file /home/airflow/.local/lib/python3.7/site-packages/airflow/example_dags/tutorial.py for tasks to queue
[2023-03-12T10:10:20.006+0000] {logging_mixin.py:137} INFO - [2023-03-12T10:10:20.006+0000] {dagbag.py:538} INFO - Filling up the DagBag from /home/airflow/.local/lib/python3.7/site-packages/airflow/example_dags/tutorial.py
[2023-03-12T10:10:20.017+0000] {processor.py:753} INFO - DAG(s) dict_keys(['tutorial']) retrieved from /home/airflow/.local/lib/python3.7/site-packages/airflow/example_dags/tutorial.py
[2023-03-12T10:10:20.038+0000] {logging_mixin.py:137} INFO - [2023-03-12T10:10:20.038+0000] {dag.py:2690} INFO - Sync 1 DAGs
[2023-03-12T10:10:20.054+0000] {logging_mixin.py:137} INFO - [2023-03-12T10:10:20.054+0000] {dag.py:3441} INFO - Setting next_dagrun for tutorial to 2023-03-11T10:10:20.054524+00:00, run_after=2023-03-12T10:10:20.054524+00:00
[2023-03-12T10:10:20.067+0000] {processor.py:175} INFO - Processing /home/airflow/.local/lib/python3.7/site-packages/airflow/example_dags/tutorial.py took 0.069 seconds
[2023-03-12T10:10:50.209+0000] {processor.py:153} INFO - Started process (PID=430) to work on /home/airflow/.local/lib/python3.7/site-packages/airflow/example_dags/tutorial.py
[2023-03-12T10:10:50.211+0000] {processor.py:743} INFO - Processing file /home/airflow/.local/lib/python3.7/site-packages/airflow/example_dags/tutorial.py for tasks to queue
[2023-03-12T10:10:50.212+0000] {logging_mixin.py:137} INFO - [2023-03-12T10:10:50.212+0000] {dagbag.py:538} INFO - Filling up the DagBag from /home/airflow/.local/lib/python3.7/site-packages/airflow/example_dags/tutorial.py
[2023-03-12T10:10:50.227+0000] {processor.py:753} INFO - DAG(s) dict_keys(['tutorial']) retrieved from /home/airflow/.local/lib/python3.7/site-packages/airflow/example_dags/tutorial.py
[2023-03-12T10:10:50.253+0000] {logging_mixin.py:137} INFO - [2023-03-12T10:10:50.252+0000] {dag.py:2690} INFO - Sync 1 DAGs
[2023-03-12T10:10:50.271+0000] {logging_mixin.py:137} INFO - [2023-03-12T10:10:50.271+0000] {dag.py:3441} INFO - Setting next_dagrun for tutorial to 2023-03-11T10:10:50.271450+00:00, run_after=2023-03-12T10:10:50.271450+00:00
[2023-03-12T10:10:50.289+0000] {processor.py:175} INFO - Processing /home/airflow/.local/lib/python3.7/site-packages/airflow/example_dags/tutorial.py took 0.083 seconds
[2023-03-12T10:11:20.346+0000] {processor.py:153} INFO - Started process (PID=499) to work on /home/airflow/.local/lib/python3.7/site-packages/airflow/example_dags/tutorial.py
[2023-03-12T10:11:20.349+0000] {processor.py:743} INFO - Processing file /home/airflow/.local/lib/python3.7/site-packages/airflow/example_dags/tutorial.py for tasks to queue
[2023-03-12T10:11:20.350+0000] {logging_mixin.py:137} INFO - [2023-03-12T10:11:20.350+0000] {dagbag.py:538} INFO - Filling up the DagBag from /home/airflow/.local/lib/python3.7/site-packages/airflow/example_dags/tutorial.py
[2023-03-12T10:11:20.363+0000] {processor.py:753} INFO - DAG(s) dict_keys(['tutorial']) retrieved from /home/airflow/.local/lib/python3.7/site-packages/airflow/example_dags/tutorial.py
[2023-03-12T10:11:20.385+0000] {logging_mixin.py:137} INFO - [2023-03-12T10:11:20.385+0000] {dag.py:2690} INFO - Sync 1 DAGs
[2023-03-12T10:11:20.401+0000] {logging_mixin.py:137} INFO - [2023-03-12T10:11:20.401+0000] {dag.py:3441} INFO - Setting next_dagrun for tutorial to 2023-03-11T10:11:20.401741+00:00, run_after=2023-03-12T10:11:20.401741+00:00
[2023-03-12T10:11:20.414+0000] {processor.py:175} INFO - Processing /home/airflow/.local/lib/python3.7/site-packages/airflow/example_dags/tutorial.py took 0.070 seconds
[2023-03-12T10:11:50.556+0000] {processor.py:153} INFO - Started process (PID=575) to work on /home/airflow/.local/lib/python3.7/site-packages/airflow/example_dags/tutorial.py
[2023-03-12T10:11:50.559+0000] {processor.py:743} INFO - Processing file /home/airflow/.local/lib/python3.7/site-packages/airflow/example_dags/tutorial.py for tasks to queue
[2023-03-12T10:11:50.560+0000] {logging_mixin.py:137} INFO - [2023-03-12T10:11:50.560+0000] {dagbag.py:538} INFO - Filling up the DagBag from /home/airflow/.local/lib/python3.7/site-packages/airflow/example_dags/tutorial.py
[2023-03-12T10:11:50.571+0000] {processor.py:753} INFO - DAG(s) dict_keys(['tutorial']) retrieved from /home/airflow/.local/lib/python3.7/site-packages/airflow/example_dags/tutorial.py
[2023-03-12T10:11:50.597+0000] {logging_mixin.py:137} INFO - [2023-03-12T10:11:50.597+0000] {dag.py:2690} INFO - Sync 1 DAGs
[2023-03-12T10:11:50.616+0000] {logging_mixin.py:137} INFO - [2023-03-12T10:11:50.616+0000] {dag.py:3441} INFO - Setting next_dagrun for tutorial to 2023-03-11T10:11:50.616043+00:00, run_after=2023-03-12T10:11:50.616043+00:00
[2023-03-12T10:11:50.630+0000] {processor.py:175} INFO - Processing /home/airflow/.local/lib/python3.7/site-packages/airflow/example_dags/tutorial.py took 0.076 seconds
[2023-03-12T10:12:20.808+0000] {processor.py:153} INFO - Started process (PID=640) to work on /home/airflow/.local/lib/python3.7/site-packages/airflow/example_dags/tutorial.py
[2023-03-12T10:12:20.811+0000] {processor.py:743} INFO - Processing file /home/airflow/.local/lib/python3.7/site-packages/airflow/example_dags/tutorial.py for tasks to queue
[2023-03-12T10:12:20.813+0000] {logging_mixin.py:137} INFO - [2023-03-12T10:12:20.813+0000] {dagbag.py:538} INFO - Filling up the DagBag from /home/airflow/.local/lib/python3.7/site-packages/airflow/example_dags/tutorial.py
[2023-03-12T10:12:20.829+0000] {processor.py:753} INFO - DAG(s) dict_keys(['tutorial']) retrieved from /home/airflow/.local/lib/python3.7/site-packages/airflow/example_dags/tutorial.py
[2023-03-12T10:12:20.857+0000] {logging_mixin.py:137} INFO - [2023-03-12T10:12:20.857+0000] {dag.py:2690} INFO - Sync 1 DAGs
[2023-03-12T10:12:20.878+0000] {logging_mixin.py:137} INFO - [2023-03-12T10:12:20.878+0000] {dag.py:3441} INFO - Setting next_dagrun for tutorial to 2023-03-11T10:12:20.878353+00:00, run_after=2023-03-12T10:12:20.878353+00:00
[2023-03-12T10:12:20.895+0000] {processor.py:175} INFO - Processing /home/airflow/.local/lib/python3.7/site-packages/airflow/example_dags/tutorial.py took 0.092 seconds
[2023-03-12T10:12:51.187+0000] {processor.py:153} INFO - Started process (PID=718) to work on /home/airflow/.local/lib/python3.7/site-packages/airflow/example_dags/tutorial.py
[2023-03-12T10:12:51.191+0000] {processor.py:743} INFO - Processing file /home/airflow/.local/lib/python3.7/site-packages/airflow/example_dags/tutorial.py for tasks to queue
[2023-03-12T10:12:51.197+0000] {logging_mixin.py:137} INFO - [2023-03-12T10:12:51.197+0000] {dagbag.py:538} INFO - Filling up the DagBag from /home/airflow/.local/lib/python3.7/site-packages/airflow/example_dags/tutorial.py
[2023-03-12T10:12:51.224+0000] {processor.py:753} INFO - DAG(s) dict_keys(['tutorial']) retrieved from /home/airflow/.local/lib/python3.7/site-packages/airflow/example_dags/tutorial.py
[2023-03-12T10:12:51.287+0000] {logging_mixin.py:137} INFO - [2023-03-12T10:12:51.287+0000] {dag.py:2690} INFO - Sync 1 DAGs
[2023-03-12T10:12:51.319+0000] {logging_mixin.py:137} INFO - [2023-03-12T10:12:51.319+0000] {dag.py:3441} INFO - Setting next_dagrun for tutorial to 2023-03-11T10:12:51.319326+00:00, run_after=2023-03-12T10:12:51.319326+00:00
[2023-03-12T10:12:51.342+0000] {processor.py:175} INFO - Processing /home/airflow/.local/lib/python3.7/site-packages/airflow/example_dags/tutorial.py took 0.160 seconds
[2023-03-12T10:13:21.608+0000] {processor.py:153} INFO - Started process (PID=789) to work on /home/airflow/.local/lib/python3.7/site-packages/airflow/example_dags/tutorial.py
[2023-03-12T10:13:21.612+0000] {processor.py:743} INFO - Processing file /home/airflow/.local/lib/python3.7/site-packages/airflow/example_dags/tutorial.py for tasks to queue
[2023-03-12T10:13:21.614+0000] {logging_mixin.py:137} INFO - [2023-03-12T10:13:21.614+0000] {dagbag.py:538} INFO - Filling up the DagBag from /home/airflow/.local/lib/python3.7/site-packages/airflow/example_dags/tutorial.py
[2023-03-12T10:13:21.631+0000] {processor.py:753} INFO - DAG(s) dict_keys(['tutorial']) retrieved from /home/airflow/.local/lib/python3.7/site-packages/airflow/example_dags/tutorial.py
[2023-03-12T10:13:21.674+0000] {logging_mixin.py:137} INFO - [2023-03-12T10:13:21.674+0000] {dag.py:2690} INFO - Sync 1 DAGs
[2023-03-12T10:13:21.701+0000] {logging_mixin.py:137} INFO - [2023-03-12T10:13:21.701+0000] {dag.py:3441} INFO - Setting next_dagrun for tutorial to 2023-03-11T10:13:21.700763+00:00, run_after=2023-03-12T10:13:21.700763+00:00
[2023-03-12T10:13:21.717+0000] {processor.py:175} INFO - Processing /home/airflow/.local/lib/python3.7/site-packages/airflow/example_dags/tutorial.py took 0.119 seconds
[2023-03-12T10:13:51.866+0000] {processor.py:153} INFO - Started process (PID=860) to work on /home/airflow/.local/lib/python3.7/site-packages/airflow/example_dags/tutorial.py
[2023-03-12T10:13:51.869+0000] {processor.py:743} INFO - Processing file /home/airflow/.local/lib/python3.7/site-packages/airflow/example_dags/tutorial.py for tasks to queue
[2023-03-12T10:13:51.871+0000] {logging_mixin.py:137} INFO - [2023-03-12T10:13:51.871+0000] {dagbag.py:538} INFO - Filling up the DagBag from /home/airflow/.local/lib/python3.7/site-packages/airflow/example_dags/tutorial.py
[2023-03-12T10:13:51.886+0000] {processor.py:753} INFO - DAG(s) dict_keys(['tutorial']) retrieved from /home/airflow/.local/lib/python3.7/site-packages/airflow/example_dags/tutorial.py
[2023-03-12T10:13:51.914+0000] {logging_mixin.py:137} INFO - [2023-03-12T10:13:51.914+0000] {dag.py:2690} INFO - Sync 1 DAGs
[2023-03-12T10:13:51.932+0000] {logging_mixin.py:137} INFO - [2023-03-12T10:13:51.932+0000] {dag.py:3441} INFO - Setting next_dagrun for tutorial to 2023-03-11T10:13:51.932606+00:00, run_after=2023-03-12T10:13:51.932606+00:00
[2023-03-12T10:13:51.951+0000] {processor.py:175} INFO - Processing /home/airflow/.local/lib/python3.7/site-packages/airflow/example_dags/tutorial.py took 0.088 seconds
[2023-03-12T10:14:22.187+0000] {processor.py:153} INFO - Started process (PID=937) to work on /home/airflow/.local/lib/python3.7/site-packages/airflow/example_dags/tutorial.py
[2023-03-12T10:14:22.190+0000] {processor.py:743} INFO - Processing file /home/airflow/.local/lib/python3.7/site-packages/airflow/example_dags/tutorial.py for tasks to queue
[2023-03-12T10:14:22.191+0000] {logging_mixin.py:137} INFO - [2023-03-12T10:14:22.191+0000] {dagbag.py:538} INFO - Filling up the DagBag from /home/airflow/.local/lib/python3.7/site-packages/airflow/example_dags/tutorial.py
[2023-03-12T10:14:22.204+0000] {processor.py:753} INFO - DAG(s) dict_keys(['tutorial']) retrieved from /home/airflow/.local/lib/python3.7/site-packages/airflow/example_dags/tutorial.py
[2023-03-12T10:14:22.230+0000] {logging_mixin.py:137} INFO - [2023-03-12T10:14:22.230+0000] {dag.py:2690} INFO - Sync 1 DAGs
[2023-03-12T10:14:22.250+0000] {logging_mixin.py:137} INFO - [2023-03-12T10:14:22.250+0000] {dag.py:3441} INFO - Setting next_dagrun for tutorial to 2023-03-11T10:14:22.250341+00:00, run_after=2023-03-12T10:14:22.250341+00:00
[2023-03-12T10:14:22.271+0000] {processor.py:175} INFO - Processing /home/airflow/.local/lib/python3.7/site-packages/airflow/example_dags/tutorial.py took 0.087 seconds
[2023-03-12T10:14:52.432+0000] {processor.py:153} INFO - Started process (PID=1003) to work on /home/airflow/.local/lib/python3.7/site-packages/airflow/example_dags/tutorial.py
[2023-03-12T10:14:52.435+0000] {processor.py:743} INFO - Processing file /home/airflow/.local/lib/python3.7/site-packages/airflow/example_dags/tutorial.py for tasks to queue
[2023-03-12T10:14:52.437+0000] {logging_mixin.py:137} INFO - [2023-03-12T10:14:52.437+0000] {dagbag.py:538} INFO - Filling up the DagBag from /home/airflow/.local/lib/python3.7/site-packages/airflow/example_dags/tutorial.py
[2023-03-12T10:14:52.450+0000] {processor.py:753} INFO - DAG(s) dict_keys(['tutorial']) retrieved from /home/airflow/.local/lib/python3.7/site-packages/airflow/example_dags/tutorial.py
[2023-03-12T10:14:52.475+0000] {logging_mixin.py:137} INFO - [2023-03-12T10:14:52.475+0000] {dag.py:2690} INFO - Sync 1 DAGs
[2023-03-12T10:14:52.499+0000] {logging_mixin.py:137} INFO - [2023-03-12T10:14:52.499+0000] {dag.py:3441} INFO - Setting next_dagrun for tutorial to 2023-03-11T10:14:52.499560+00:00, run_after=2023-03-12T10:14:52.499560+00:00
[2023-03-12T10:14:52.515+0000] {processor.py:175} INFO - Processing /home/airflow/.local/lib/python3.7/site-packages/airflow/example_dags/tutorial.py took 0.086 seconds
[2023-03-12T10:15:22.702+0000] {processor.py:153} INFO - Started process (PID=1081) to work on /home/airflow/.local/lib/python3.7/site-packages/airflow/example_dags/tutorial.py
[2023-03-12T10:15:22.709+0000] {processor.py:743} INFO - Processing file /home/airflow/.local/lib/python3.7/site-packages/airflow/example_dags/tutorial.py for tasks to queue
[2023-03-12T10:15:22.711+0000] {logging_mixin.py:137} INFO - [2023-03-12T10:15:22.711+0000] {dagbag.py:538} INFO - Filling up the DagBag from /home/airflow/.local/lib/python3.7/site-packages/airflow/example_dags/tutorial.py
[2023-03-12T10:15:22.727+0000] {processor.py:753} INFO - DAG(s) dict_keys(['tutorial']) retrieved from /home/airflow/.local/lib/python3.7/site-packages/airflow/example_dags/tutorial.py
[2023-03-12T10:15:22.754+0000] {logging_mixin.py:137} INFO - [2023-03-12T10:15:22.754+0000] {dag.py:2690} INFO - Sync 1 DAGs
[2023-03-12T10:15:22.778+0000] {logging_mixin.py:137} INFO - [2023-03-12T10:15:22.778+0000] {dag.py:3441} INFO - Setting next_dagrun for tutorial to 2023-03-11T10:15:22.778385+00:00, run_after=2023-03-12T10:15:22.778385+00:00
[2023-03-12T10:15:22.800+0000] {processor.py:175} INFO - Processing /home/airflow/.local/lib/python3.7/site-packages/airflow/example_dags/tutorial.py took 0.102 seconds
[2023-03-12T10:15:53.127+0000] {processor.py:153} INFO - Started process (PID=1144) to work on /home/airflow/.local/lib/python3.7/site-packages/airflow/example_dags/tutorial.py
[2023-03-12T10:15:53.130+0000] {processor.py:743} INFO - Processing file /home/airflow/.local/lib/python3.7/site-packages/airflow/example_dags/tutorial.py for tasks to queue
[2023-03-12T10:15:53.131+0000] {logging_mixin.py:137} INFO - [2023-03-12T10:15:53.131+0000] {dagbag.py:538} INFO - Filling up the DagBag from /home/airflow/.local/lib/python3.7/site-packages/airflow/example_dags/tutorial.py
[2023-03-12T10:15:53.144+0000] {processor.py:753} INFO - DAG(s) dict_keys(['tutorial']) retrieved from /home/airflow/.local/lib/python3.7/site-packages/airflow/example_dags/tutorial.py
[2023-03-12T10:15:53.169+0000] {logging_mixin.py:137} INFO - [2023-03-12T10:15:53.168+0000] {dag.py:2690} INFO - Sync 1 DAGs
[2023-03-12T10:15:53.185+0000] {logging_mixin.py:137} INFO - [2023-03-12T10:15:53.185+0000] {dag.py:3441} INFO - Setting next_dagrun for tutorial to 2023-03-11T10:15:53.185230+00:00, run_after=2023-03-12T10:15:53.185230+00:00
[2023-03-12T10:15:53.199+0000] {processor.py:175} INFO - Processing /home/airflow/.local/lib/python3.7/site-packages/airflow/example_dags/tutorial.py took 0.076 seconds
[2023-03-12T10:16:23.318+0000] {processor.py:153} INFO - Started process (PID=1221) to work on /home/airflow/.local/lib/python3.7/site-packages/airflow/example_dags/tutorial.py
[2023-03-12T10:16:23.322+0000] {processor.py:743} INFO - Processing file /home/airflow/.local/lib/python3.7/site-packages/airflow/example_dags/tutorial.py for tasks to queue
[2023-03-12T10:16:23.323+0000] {logging_mixin.py:137} INFO - [2023-03-12T10:16:23.323+0000] {dagbag.py:538} INFO - Filling up the DagBag from /home/airflow/.local/lib/python3.7/site-packages/airflow/example_dags/tutorial.py
[2023-03-12T10:16:23.338+0000] {processor.py:753} INFO - DAG(s) dict_keys(['tutorial']) retrieved from /home/airflow/.local/lib/python3.7/site-packages/airflow/example_dags/tutorial.py
[2023-03-12T10:16:23.365+0000] {logging_mixin.py:137} INFO - [2023-03-12T10:16:23.365+0000] {dag.py:2690} INFO - Sync 1 DAGs
[2023-03-12T10:16:23.386+0000] {logging_mixin.py:137} INFO - [2023-03-12T10:16:23.386+0000] {dag.py:3441} INFO - Setting next_dagrun for tutorial to 2023-03-11T10:16:23.385948+00:00, run_after=2023-03-12T10:16:23.385948+00:00
[2023-03-12T10:16:23.401+0000] {processor.py:175} INFO - Processing /home/airflow/.local/lib/python3.7/site-packages/airflow/example_dags/tutorial.py took 0.087 seconds
[2023-03-12T10:16:54.294+0000] {processor.py:153} INFO - Started process (PID=1299) to work on /home/airflow/.local/lib/python3.7/site-packages/airflow/example_dags/tutorial.py
[2023-03-12T10:16:54.297+0000] {processor.py:743} INFO - Processing file /home/airflow/.local/lib/python3.7/site-packages/airflow/example_dags/tutorial.py for tasks to queue
[2023-03-12T10:16:54.299+0000] {logging_mixin.py:137} INFO - [2023-03-12T10:16:54.299+0000] {dagbag.py:538} INFO - Filling up the DagBag from /home/airflow/.local/lib/python3.7/site-packages/airflow/example_dags/tutorial.py
[2023-03-12T10:16:54.315+0000] {processor.py:753} INFO - DAG(s) dict_keys(['tutorial']) retrieved from /home/airflow/.local/lib/python3.7/site-packages/airflow/example_dags/tutorial.py
[2023-03-12T10:16:54.341+0000] {logging_mixin.py:137} INFO - [2023-03-12T10:16:54.341+0000] {dag.py:2690} INFO - Sync 1 DAGs
[2023-03-12T10:16:54.373+0000] {logging_mixin.py:137} INFO - [2023-03-12T10:16:54.373+0000] {dag.py:3441} INFO - Setting next_dagrun for tutorial to 2023-03-11T10:16:54.373060+00:00, run_after=2023-03-12T10:16:54.373060+00:00
[2023-03-12T10:16:54.396+0000] {processor.py:175} INFO - Processing /home/airflow/.local/lib/python3.7/site-packages/airflow/example_dags/tutorial.py took 0.106 seconds
[2023-03-12T10:17:24.456+0000] {processor.py:153} INFO - Started process (PID=1364) to work on /home/airflow/.local/lib/python3.7/site-packages/airflow/example_dags/tutorial.py
[2023-03-12T10:17:24.458+0000] {processor.py:743} INFO - Processing file /home/airflow/.local/lib/python3.7/site-packages/airflow/example_dags/tutorial.py for tasks to queue
[2023-03-12T10:17:24.460+0000] {logging_mixin.py:137} INFO - [2023-03-12T10:17:24.460+0000] {dagbag.py:538} INFO - Filling up the DagBag from /home/airflow/.local/lib/python3.7/site-packages/airflow/example_dags/tutorial.py
[2023-03-12T10:17:24.472+0000] {processor.py:753} INFO - DAG(s) dict_keys(['tutorial']) retrieved from /home/airflow/.local/lib/python3.7/site-packages/airflow/example_dags/tutorial.py
[2023-03-12T10:17:24.499+0000] {logging_mixin.py:137} INFO - [2023-03-12T10:17:24.499+0000] {dag.py:2690} INFO - Sync 1 DAGs
[2023-03-12T10:17:24.519+0000] {logging_mixin.py:137} INFO - [2023-03-12T10:17:24.519+0000] {dag.py:3441} INFO - Setting next_dagrun for tutorial to 2023-03-11T10:17:24.518969+00:00, run_after=2023-03-12T10:17:24.518969+00:00
[2023-03-12T10:17:24.534+0000] {processor.py:175} INFO - Processing /home/airflow/.local/lib/python3.7/site-packages/airflow/example_dags/tutorial.py took 0.083 seconds
[2023-03-12T10:17:55.459+0000] {processor.py:153} INFO - Started process (PID=1441) to work on /home/airflow/.local/lib/python3.7/site-packages/airflow/example_dags/tutorial.py
[2023-03-12T10:17:55.462+0000] {processor.py:743} INFO - Processing file /home/airflow/.local/lib/python3.7/site-packages/airflow/example_dags/tutorial.py for tasks to queue
[2023-03-12T10:17:55.467+0000] {logging_mixin.py:137} INFO - [2023-03-12T10:17:55.467+0000] {dagbag.py:538} INFO - Filling up the DagBag from /home/airflow/.local/lib/python3.7/site-packages/airflow/example_dags/tutorial.py
[2023-03-12T10:17:55.482+0000] {processor.py:753} INFO - DAG(s) dict_keys(['tutorial']) retrieved from /home/airflow/.local/lib/python3.7/site-packages/airflow/example_dags/tutorial.py
[2023-03-12T10:17:55.515+0000] {logging_mixin.py:137} INFO - [2023-03-12T10:17:55.515+0000] {dag.py:2690} INFO - Sync 1 DAGs
[2023-03-12T10:17:55.544+0000] {logging_mixin.py:137} INFO - [2023-03-12T10:17:55.544+0000] {dag.py:3441} INFO - Setting next_dagrun for tutorial to 2023-03-11T10:17:55.544518+00:00, run_after=2023-03-12T10:17:55.544518+00:00
[2023-03-12T10:17:55.567+0000] {processor.py:175} INFO - Processing /home/airflow/.local/lib/python3.7/site-packages/airflow/example_dags/tutorial.py took 0.112 seconds
[2023-03-12T10:18:26.651+0000] {processor.py:153} INFO - Started process (PID=1515) to work on /home/airflow/.local/lib/python3.7/site-packages/airflow/example_dags/tutorial.py
[2023-03-12T10:18:26.654+0000] {processor.py:743} INFO - Processing file /home/airflow/.local/lib/python3.7/site-packages/airflow/example_dags/tutorial.py for tasks to queue
[2023-03-12T10:18:26.657+0000] {logging_mixin.py:137} INFO - [2023-03-12T10:18:26.657+0000] {dagbag.py:538} INFO - Filling up the DagBag from /home/airflow/.local/lib/python3.7/site-packages/airflow/example_dags/tutorial.py
[2023-03-12T10:18:26.672+0000] {processor.py:753} INFO - DAG(s) dict_keys(['tutorial']) retrieved from /home/airflow/.local/lib/python3.7/site-packages/airflow/example_dags/tutorial.py
[2023-03-12T10:18:26.715+0000] {logging_mixin.py:137} INFO - [2023-03-12T10:18:26.715+0000] {dag.py:2690} INFO - Sync 1 DAGs
[2023-03-12T10:18:26.747+0000] {logging_mixin.py:137} INFO - [2023-03-12T10:18:26.746+0000] {dag.py:3441} INFO - Setting next_dagrun for tutorial to 2023-03-11T10:18:26.746713+00:00, run_after=2023-03-12T10:18:26.746713+00:00
[2023-03-12T10:18:26.770+0000] {processor.py:175} INFO - Processing /home/airflow/.local/lib/python3.7/site-packages/airflow/example_dags/tutorial.py took 0.122 seconds
[2023-03-12T10:18:56.958+0000] {processor.py:153} INFO - Started process (PID=1584) to work on /home/airflow/.local/lib/python3.7/site-packages/airflow/example_dags/tutorial.py
[2023-03-12T10:18:56.961+0000] {processor.py:743} INFO - Processing file /home/airflow/.local/lib/python3.7/site-packages/airflow/example_dags/tutorial.py for tasks to queue
[2023-03-12T10:18:56.963+0000] {logging_mixin.py:137} INFO - [2023-03-12T10:18:56.963+0000] {dagbag.py:538} INFO - Filling up the DagBag from /home/airflow/.local/lib/python3.7/site-packages/airflow/example_dags/tutorial.py
[2023-03-12T10:18:56.977+0000] {processor.py:753} INFO - DAG(s) dict_keys(['tutorial']) retrieved from /home/airflow/.local/lib/python3.7/site-packages/airflow/example_dags/tutorial.py
[2023-03-12T10:18:57.007+0000] {logging_mixin.py:137} INFO - [2023-03-12T10:18:57.007+0000] {dag.py:2690} INFO - Sync 1 DAGs
[2023-03-12T10:18:57.035+0000] {logging_mixin.py:137} INFO - [2023-03-12T10:18:57.035+0000] {dag.py:3441} INFO - Setting next_dagrun for tutorial to 2023-03-11T10:18:57.034813+00:00, run_after=2023-03-12T10:18:57.034813+00:00
[2023-03-12T10:18:57.055+0000] {processor.py:175} INFO - Processing /home/airflow/.local/lib/python3.7/site-packages/airflow/example_dags/tutorial.py took 0.100 seconds
[2023-03-12T10:19:27.816+0000] {processor.py:153} INFO - Started process (PID=1662) to work on /home/airflow/.local/lib/python3.7/site-packages/airflow/example_dags/tutorial.py
[2023-03-12T10:19:27.818+0000] {processor.py:743} INFO - Processing file /home/airflow/.local/lib/python3.7/site-packages/airflow/example_dags/tutorial.py for tasks to queue
[2023-03-12T10:19:27.820+0000] {logging_mixin.py:137} INFO - [2023-03-12T10:19:27.820+0000] {dagbag.py:538} INFO - Filling up the DagBag from /home/airflow/.local/lib/python3.7/site-packages/airflow/example_dags/tutorial.py
[2023-03-12T10:19:27.834+0000] {processor.py:753} INFO - DAG(s) dict_keys(['tutorial']) retrieved from /home/airflow/.local/lib/python3.7/site-packages/airflow/example_dags/tutorial.py
[2023-03-12T10:19:27.860+0000] {logging_mixin.py:137} INFO - [2023-03-12T10:19:27.860+0000] {dag.py:2690} INFO - Sync 1 DAGs
[2023-03-12T10:19:27.880+0000] {logging_mixin.py:137} INFO - [2023-03-12T10:19:27.880+0000] {dag.py:3441} INFO - Setting next_dagrun for tutorial to 2023-03-11T10:19:27.880613+00:00, run_after=2023-03-12T10:19:27.880613+00:00
[2023-03-12T10:19:27.897+0000] {processor.py:175} INFO - Processing /home/airflow/.local/lib/python3.7/site-packages/airflow/example_dags/tutorial.py took 0.084 seconds
[2023-03-12T10:19:59.130+0000] {processor.py:153} INFO - Started process (PID=1727) to work on /home/airflow/.local/lib/python3.7/site-packages/airflow/example_dags/tutorial.py
[2023-03-12T10:19:59.133+0000] {processor.py:743} INFO - Processing file /home/airflow/.local/lib/python3.7/site-packages/airflow/example_dags/tutorial.py for tasks to queue
[2023-03-12T10:19:59.136+0000] {logging_mixin.py:137} INFO - [2023-03-12T10:19:59.136+0000] {dagbag.py:538} INFO - Filling up the DagBag from /home/airflow/.local/lib/python3.7/site-packages/airflow/example_dags/tutorial.py
[2023-03-12T10:19:59.152+0000] {processor.py:753} INFO - DAG(s) dict_keys(['tutorial']) retrieved from /home/airflow/.local/lib/python3.7/site-packages/airflow/example_dags/tutorial.py
[2023-03-12T10:19:59.182+0000] {logging_mixin.py:137} INFO - [2023-03-12T10:19:59.182+0000] {dag.py:2690} INFO - Sync 1 DAGs
[2023-03-12T10:19:59.203+0000] {logging_mixin.py:137} INFO - [2023-03-12T10:19:59.203+0000] {dag.py:3441} INFO - Setting next_dagrun for tutorial to 2023-03-11T10:19:59.203586+00:00, run_after=2023-03-12T10:19:59.203586+00:00
[2023-03-12T10:19:59.218+0000] {processor.py:175} INFO - Processing /home/airflow/.local/lib/python3.7/site-packages/airflow/example_dags/tutorial.py took 0.091 seconds
[2023-03-12T10:20:29.339+0000] {processor.py:153} INFO - Started process (PID=1806) to work on /home/airflow/.local/lib/python3.7/site-packages/airflow/example_dags/tutorial.py
[2023-03-12T10:20:29.341+0000] {processor.py:743} INFO - Processing file /home/airflow/.local/lib/python3.7/site-packages/airflow/example_dags/tutorial.py for tasks to queue
[2023-03-12T10:20:29.343+0000] {logging_mixin.py:137} INFO - [2023-03-12T10:20:29.343+0000] {dagbag.py:538} INFO - Filling up the DagBag from /home/airflow/.local/lib/python3.7/site-packages/airflow/example_dags/tutorial.py
[2023-03-12T10:20:29.355+0000] {processor.py:753} INFO - DAG(s) dict_keys(['tutorial']) retrieved from /home/airflow/.local/lib/python3.7/site-packages/airflow/example_dags/tutorial.py
[2023-03-12T10:20:29.381+0000] {logging_mixin.py:137} INFO - [2023-03-12T10:20:29.381+0000] {dag.py:2690} INFO - Sync 1 DAGs
[2023-03-12T10:20:29.401+0000] {logging_mixin.py:137} INFO - [2023-03-12T10:20:29.401+0000] {dag.py:3441} INFO - Setting next_dagrun for tutorial to 2023-03-11T10:20:29.401660+00:00, run_after=2023-03-12T10:20:29.401660+00:00
[2023-03-12T10:20:29.416+0000] {processor.py:175} INFO - Processing /home/airflow/.local/lib/python3.7/site-packages/airflow/example_dags/tutorial.py took 0.080 seconds
[2023-03-12T10:20:59.953+0000] {processor.py:153} INFO - Started process (PID=1885) to work on /home/airflow/.local/lib/python3.7/site-packages/airflow/example_dags/tutorial.py
[2023-03-12T10:20:59.956+0000] {processor.py:743} INFO - Processing file /home/airflow/.local/lib/python3.7/site-packages/airflow/example_dags/tutorial.py for tasks to queue
[2023-03-12T10:20:59.958+0000] {logging_mixin.py:137} INFO - [2023-03-12T10:20:59.957+0000] {dagbag.py:538} INFO - Filling up the DagBag from /home/airflow/.local/lib/python3.7/site-packages/airflow/example_dags/tutorial.py
[2023-03-12T10:20:59.973+0000] {processor.py:753} INFO - DAG(s) dict_keys(['tutorial']) retrieved from /home/airflow/.local/lib/python3.7/site-packages/airflow/example_dags/tutorial.py
[2023-03-12T10:21:00.012+0000] {logging_mixin.py:137} INFO - [2023-03-12T10:21:00.012+0000] {dag.py:2690} INFO - Sync 1 DAGs
[2023-03-12T10:21:00.037+0000] {logging_mixin.py:137} INFO - [2023-03-12T10:21:00.037+0000] {dag.py:3441} INFO - Setting next_dagrun for tutorial to 2023-03-11T10:21:00.037423+00:00, run_after=2023-03-12T10:21:00.037423+00:00
[2023-03-12T10:21:00.060+0000] {processor.py:175} INFO - Processing /home/airflow/.local/lib/python3.7/site-packages/airflow/example_dags/tutorial.py took 0.109 seconds
[2023-03-12T10:21:30.172+0000] {processor.py:153} INFO - Started process (PID=1950) to work on /home/airflow/.local/lib/python3.7/site-packages/airflow/example_dags/tutorial.py
[2023-03-12T10:21:30.187+0000] {processor.py:743} INFO - Processing file /home/airflow/.local/lib/python3.7/site-packages/airflow/example_dags/tutorial.py for tasks to queue
[2023-03-12T10:21:30.189+0000] {logging_mixin.py:137} INFO - [2023-03-12T10:21:30.189+0000] {dagbag.py:538} INFO - Filling up the DagBag from /home/airflow/.local/lib/python3.7/site-packages/airflow/example_dags/tutorial.py
[2023-03-12T10:21:30.201+0000] {processor.py:753} INFO - DAG(s) dict_keys(['tutorial']) retrieved from /home/airflow/.local/lib/python3.7/site-packages/airflow/example_dags/tutorial.py
[2023-03-12T10:21:30.226+0000] {logging_mixin.py:137} INFO - [2023-03-12T10:21:30.226+0000] {dag.py:2690} INFO - Sync 1 DAGs
[2023-03-12T10:21:30.243+0000] {logging_mixin.py:137} INFO - [2023-03-12T10:21:30.243+0000] {dag.py:3441} INFO - Setting next_dagrun for tutorial to 2023-03-11T10:21:30.243402+00:00, run_after=2023-03-12T10:21:30.243402+00:00
[2023-03-12T10:21:30.256+0000] {processor.py:175} INFO - Processing /home/airflow/.local/lib/python3.7/site-packages/airflow/example_dags/tutorial.py took 0.090 seconds
[2023-03-12T10:22:00.669+0000] {processor.py:153} INFO - Started process (PID=2028) to work on /home/airflow/.local/lib/python3.7/site-packages/airflow/example_dags/tutorial.py
[2023-03-12T10:22:00.672+0000] {processor.py:743} INFO - Processing file /home/airflow/.local/lib/python3.7/site-packages/airflow/example_dags/tutorial.py for tasks to queue
[2023-03-12T10:22:00.673+0000] {logging_mixin.py:137} INFO - [2023-03-12T10:22:00.673+0000] {dagbag.py:538} INFO - Filling up the DagBag from /home/airflow/.local/lib/python3.7/site-packages/airflow/example_dags/tutorial.py
[2023-03-12T10:22:00.685+0000] {processor.py:753} INFO - DAG(s) dict_keys(['tutorial']) retrieved from /home/airflow/.local/lib/python3.7/site-packages/airflow/example_dags/tutorial.py
[2023-03-12T10:22:00.710+0000] {logging_mixin.py:137} INFO - [2023-03-12T10:22:00.710+0000] {dag.py:2690} INFO - Sync 1 DAGs
[2023-03-12T10:22:00.731+0000] {logging_mixin.py:137} INFO - [2023-03-12T10:22:00.731+0000] {dag.py:3441} INFO - Setting next_dagrun for tutorial to 2023-03-11T10:22:00.731522+00:00, run_after=2023-03-12T10:22:00.731522+00:00
[2023-03-12T10:22:00.750+0000] {processor.py:175} INFO - Processing /home/airflow/.local/lib/python3.7/site-packages/airflow/example_dags/tutorial.py took 0.084 seconds
