[2023-03-12T10:08:16.783+0000] {processor.py:153} INFO - Started process (PID=69) to work on /home/airflow/.local/lib/python3.7/site-packages/airflow/example_dags/tutorial_dag.py
[2023-03-12T10:08:16.785+0000] {processor.py:743} INFO - Processing file /home/airflow/.local/lib/python3.7/site-packages/airflow/example_dags/tutorial_dag.py for tasks to queue
[2023-03-12T10:08:16.788+0000] {logging_mixin.py:137} INFO - [2023-03-12T10:08:16.787+0000] {dagbag.py:538} INFO - Filling up the DagBag from /home/airflow/.local/lib/python3.7/site-packages/airflow/example_dags/tutorial_dag.py
[2023-03-12T10:08:16.824+0000] {processor.py:753} INFO - DAG(s) dict_keys(['tutorial_dag']) retrieved from /home/airflow/.local/lib/python3.7/site-packages/airflow/example_dags/tutorial_dag.py
[2023-03-12T10:08:16.878+0000] {logging_mixin.py:137} INFO - [2023-03-12T10:08:16.878+0000] {dag.py:2690} INFO - Sync 1 DAGs
[2023-03-12T10:08:16.948+0000] {logging_mixin.py:137} INFO - [2023-03-12T10:08:16.947+0000] {dag.py:3441} INFO - Setting next_dagrun for tutorial_dag to None, run_after=None
[2023-03-12T10:08:16.995+0000] {processor.py:175} INFO - Processing /home/airflow/.local/lib/python3.7/site-packages/airflow/example_dags/tutorial_dag.py took 0.218 seconds
[2023-03-12T10:08:47.877+0000] {processor.py:153} INFO - Started process (PID=140) to work on /home/airflow/.local/lib/python3.7/site-packages/airflow/example_dags/tutorial_dag.py
[2023-03-12T10:08:47.879+0000] {processor.py:743} INFO - Processing file /home/airflow/.local/lib/python3.7/site-packages/airflow/example_dags/tutorial_dag.py for tasks to queue
[2023-03-12T10:08:47.881+0000] {logging_mixin.py:137} INFO - [2023-03-12T10:08:47.881+0000] {dagbag.py:538} INFO - Filling up the DagBag from /home/airflow/.local/lib/python3.7/site-packages/airflow/example_dags/tutorial_dag.py
[2023-03-12T10:08:47.892+0000] {processor.py:753} INFO - DAG(s) dict_keys(['tutorial_dag']) retrieved from /home/airflow/.local/lib/python3.7/site-packages/airflow/example_dags/tutorial_dag.py
[2023-03-12T10:08:47.917+0000] {logging_mixin.py:137} INFO - [2023-03-12T10:08:47.917+0000] {dag.py:2690} INFO - Sync 1 DAGs
[2023-03-12T10:08:47.936+0000] {logging_mixin.py:137} INFO - [2023-03-12T10:08:47.936+0000] {dag.py:3441} INFO - Setting next_dagrun for tutorial_dag to None, run_after=None
[2023-03-12T10:08:47.951+0000] {processor.py:175} INFO - Processing /home/airflow/.local/lib/python3.7/site-packages/airflow/example_dags/tutorial_dag.py took 0.080 seconds
[2023-03-12T10:09:18.891+0000] {processor.py:153} INFO - Started process (PID=217) to work on /home/airflow/.local/lib/python3.7/site-packages/airflow/example_dags/tutorial_dag.py
[2023-03-12T10:09:18.893+0000] {processor.py:743} INFO - Processing file /home/airflow/.local/lib/python3.7/site-packages/airflow/example_dags/tutorial_dag.py for tasks to queue
[2023-03-12T10:09:18.896+0000] {logging_mixin.py:137} INFO - [2023-03-12T10:09:18.896+0000] {dagbag.py:538} INFO - Filling up the DagBag from /home/airflow/.local/lib/python3.7/site-packages/airflow/example_dags/tutorial_dag.py
[2023-03-12T10:09:18.913+0000] {processor.py:753} INFO - DAG(s) dict_keys(['tutorial_dag']) retrieved from /home/airflow/.local/lib/python3.7/site-packages/airflow/example_dags/tutorial_dag.py
[2023-03-12T10:09:18.944+0000] {logging_mixin.py:137} INFO - [2023-03-12T10:09:18.943+0000] {dag.py:2690} INFO - Sync 1 DAGs
[2023-03-12T10:09:18.968+0000] {logging_mixin.py:137} INFO - [2023-03-12T10:09:18.968+0000] {dag.py:3441} INFO - Setting next_dagrun for tutorial_dag to None, run_after=None
[2023-03-12T10:09:18.986+0000] {processor.py:175} INFO - Processing /home/airflow/.local/lib/python3.7/site-packages/airflow/example_dags/tutorial_dag.py took 0.099 seconds
[2023-03-12T10:09:49.128+0000] {processor.py:153} INFO - Started process (PID=282) to work on /home/airflow/.local/lib/python3.7/site-packages/airflow/example_dags/tutorial_dag.py
[2023-03-12T10:09:49.131+0000] {processor.py:743} INFO - Processing file /home/airflow/.local/lib/python3.7/site-packages/airflow/example_dags/tutorial_dag.py for tasks to queue
[2023-03-12T10:09:49.133+0000] {logging_mixin.py:137} INFO - [2023-03-12T10:09:49.133+0000] {dagbag.py:538} INFO - Filling up the DagBag from /home/airflow/.local/lib/python3.7/site-packages/airflow/example_dags/tutorial_dag.py
[2023-03-12T10:09:49.145+0000] {processor.py:753} INFO - DAG(s) dict_keys(['tutorial_dag']) retrieved from /home/airflow/.local/lib/python3.7/site-packages/airflow/example_dags/tutorial_dag.py
[2023-03-12T10:09:49.174+0000] {logging_mixin.py:137} INFO - [2023-03-12T10:09:49.174+0000] {dag.py:2690} INFO - Sync 1 DAGs
[2023-03-12T10:09:49.193+0000] {logging_mixin.py:137} INFO - [2023-03-12T10:09:49.193+0000] {dag.py:3441} INFO - Setting next_dagrun for tutorial_dag to None, run_after=None
[2023-03-12T10:09:49.210+0000] {processor.py:175} INFO - Processing /home/airflow/.local/lib/python3.7/site-packages/airflow/example_dags/tutorial_dag.py took 0.084 seconds
[2023-03-12T10:10:20.101+0000] {processor.py:153} INFO - Started process (PID=359) to work on /home/airflow/.local/lib/python3.7/site-packages/airflow/example_dags/tutorial_dag.py
[2023-03-12T10:10:20.103+0000] {processor.py:743} INFO - Processing file /home/airflow/.local/lib/python3.7/site-packages/airflow/example_dags/tutorial_dag.py for tasks to queue
[2023-03-12T10:10:20.105+0000] {logging_mixin.py:137} INFO - [2023-03-12T10:10:20.104+0000] {dagbag.py:538} INFO - Filling up the DagBag from /home/airflow/.local/lib/python3.7/site-packages/airflow/example_dags/tutorial_dag.py
[2023-03-12T10:10:20.115+0000] {processor.py:753} INFO - DAG(s) dict_keys(['tutorial_dag']) retrieved from /home/airflow/.local/lib/python3.7/site-packages/airflow/example_dags/tutorial_dag.py
[2023-03-12T10:10:20.141+0000] {logging_mixin.py:137} INFO - [2023-03-12T10:10:20.140+0000] {dag.py:2690} INFO - Sync 1 DAGs
[2023-03-12T10:10:20.158+0000] {logging_mixin.py:137} INFO - [2023-03-12T10:10:20.158+0000] {dag.py:3441} INFO - Setting next_dagrun for tutorial_dag to None, run_after=None
[2023-03-12T10:10:20.173+0000] {processor.py:175} INFO - Processing /home/airflow/.local/lib/python3.7/site-packages/airflow/example_dags/tutorial_dag.py took 0.075 seconds
[2023-03-12T10:10:50.331+0000] {processor.py:153} INFO - Started process (PID=432) to work on /home/airflow/.local/lib/python3.7/site-packages/airflow/example_dags/tutorial_dag.py
[2023-03-12T10:10:50.334+0000] {processor.py:743} INFO - Processing file /home/airflow/.local/lib/python3.7/site-packages/airflow/example_dags/tutorial_dag.py for tasks to queue
[2023-03-12T10:10:50.336+0000] {logging_mixin.py:137} INFO - [2023-03-12T10:10:50.335+0000] {dagbag.py:538} INFO - Filling up the DagBag from /home/airflow/.local/lib/python3.7/site-packages/airflow/example_dags/tutorial_dag.py
[2023-03-12T10:10:50.355+0000] {processor.py:753} INFO - DAG(s) dict_keys(['tutorial_dag']) retrieved from /home/airflow/.local/lib/python3.7/site-packages/airflow/example_dags/tutorial_dag.py
[2023-03-12T10:10:50.392+0000] {logging_mixin.py:137} INFO - [2023-03-12T10:10:50.391+0000] {dag.py:2690} INFO - Sync 1 DAGs
[2023-03-12T10:10:50.412+0000] {logging_mixin.py:137} INFO - [2023-03-12T10:10:50.412+0000] {dag.py:3441} INFO - Setting next_dagrun for tutorial_dag to None, run_after=None
[2023-03-12T10:10:50.429+0000] {processor.py:175} INFO - Processing /home/airflow/.local/lib/python3.7/site-packages/airflow/example_dags/tutorial_dag.py took 0.101 seconds
[2023-03-12T10:11:20.551+0000] {processor.py:153} INFO - Started process (PID=501) to work on /home/airflow/.local/lib/python3.7/site-packages/airflow/example_dags/tutorial_dag.py
[2023-03-12T10:11:20.553+0000] {processor.py:743} INFO - Processing file /home/airflow/.local/lib/python3.7/site-packages/airflow/example_dags/tutorial_dag.py for tasks to queue
[2023-03-12T10:11:20.555+0000] {logging_mixin.py:137} INFO - [2023-03-12T10:11:20.555+0000] {dagbag.py:538} INFO - Filling up the DagBag from /home/airflow/.local/lib/python3.7/site-packages/airflow/example_dags/tutorial_dag.py
[2023-03-12T10:11:20.566+0000] {processor.py:753} INFO - DAG(s) dict_keys(['tutorial_dag']) retrieved from /home/airflow/.local/lib/python3.7/site-packages/airflow/example_dags/tutorial_dag.py
[2023-03-12T10:11:20.594+0000] {logging_mixin.py:137} INFO - [2023-03-12T10:11:20.594+0000] {dag.py:2690} INFO - Sync 1 DAGs
[2023-03-12T10:11:20.613+0000] {logging_mixin.py:137} INFO - [2023-03-12T10:11:20.613+0000] {dag.py:3441} INFO - Setting next_dagrun for tutorial_dag to None, run_after=None
[2023-03-12T10:11:20.626+0000] {processor.py:175} INFO - Processing /home/airflow/.local/lib/python3.7/site-packages/airflow/example_dags/tutorial_dag.py took 0.079 seconds
[2023-03-12T10:11:50.767+0000] {processor.py:153} INFO - Started process (PID=577) to work on /home/airflow/.local/lib/python3.7/site-packages/airflow/example_dags/tutorial_dag.py
[2023-03-12T10:11:50.769+0000] {processor.py:743} INFO - Processing file /home/airflow/.local/lib/python3.7/site-packages/airflow/example_dags/tutorial_dag.py for tasks to queue
[2023-03-12T10:11:50.772+0000] {logging_mixin.py:137} INFO - [2023-03-12T10:11:50.772+0000] {dagbag.py:538} INFO - Filling up the DagBag from /home/airflow/.local/lib/python3.7/site-packages/airflow/example_dags/tutorial_dag.py
[2023-03-12T10:11:50.783+0000] {processor.py:753} INFO - DAG(s) dict_keys(['tutorial_dag']) retrieved from /home/airflow/.local/lib/python3.7/site-packages/airflow/example_dags/tutorial_dag.py
[2023-03-12T10:11:50.810+0000] {logging_mixin.py:137} INFO - [2023-03-12T10:11:50.810+0000] {dag.py:2690} INFO - Sync 1 DAGs
[2023-03-12T10:11:50.828+0000] {logging_mixin.py:137} INFO - [2023-03-12T10:11:50.828+0000] {dag.py:3441} INFO - Setting next_dagrun for tutorial_dag to None, run_after=None
[2023-03-12T10:11:50.843+0000] {processor.py:175} INFO - Processing /home/airflow/.local/lib/python3.7/site-packages/airflow/example_dags/tutorial_dag.py took 0.079 seconds
[2023-03-12T10:12:20.935+0000] {processor.py:153} INFO - Started process (PID=642) to work on /home/airflow/.local/lib/python3.7/site-packages/airflow/example_dags/tutorial_dag.py
[2023-03-12T10:12:20.939+0000] {processor.py:743} INFO - Processing file /home/airflow/.local/lib/python3.7/site-packages/airflow/example_dags/tutorial_dag.py for tasks to queue
[2023-03-12T10:12:20.941+0000] {logging_mixin.py:137} INFO - [2023-03-12T10:12:20.941+0000] {dagbag.py:538} INFO - Filling up the DagBag from /home/airflow/.local/lib/python3.7/site-packages/airflow/example_dags/tutorial_dag.py
[2023-03-12T10:12:20.955+0000] {processor.py:753} INFO - DAG(s) dict_keys(['tutorial_dag']) retrieved from /home/airflow/.local/lib/python3.7/site-packages/airflow/example_dags/tutorial_dag.py
[2023-03-12T10:12:20.988+0000] {logging_mixin.py:137} INFO - [2023-03-12T10:12:20.988+0000] {dag.py:2690} INFO - Sync 1 DAGs
[2023-03-12T10:12:21.009+0000] {logging_mixin.py:137} INFO - [2023-03-12T10:12:21.009+0000] {dag.py:3441} INFO - Setting next_dagrun for tutorial_dag to None, run_after=None
[2023-03-12T10:12:21.033+0000] {processor.py:175} INFO - Processing /home/airflow/.local/lib/python3.7/site-packages/airflow/example_dags/tutorial_dag.py took 0.103 seconds
[2023-03-12T10:12:51.396+0000] {processor.py:153} INFO - Started process (PID=720) to work on /home/airflow/.local/lib/python3.7/site-packages/airflow/example_dags/tutorial_dag.py
[2023-03-12T10:12:51.399+0000] {processor.py:743} INFO - Processing file /home/airflow/.local/lib/python3.7/site-packages/airflow/example_dags/tutorial_dag.py for tasks to queue
[2023-03-12T10:12:51.401+0000] {logging_mixin.py:137} INFO - [2023-03-12T10:12:51.401+0000] {dagbag.py:538} INFO - Filling up the DagBag from /home/airflow/.local/lib/python3.7/site-packages/airflow/example_dags/tutorial_dag.py
[2023-03-12T10:12:51.421+0000] {processor.py:753} INFO - DAG(s) dict_keys(['tutorial_dag']) retrieved from /home/airflow/.local/lib/python3.7/site-packages/airflow/example_dags/tutorial_dag.py
[2023-03-12T10:12:51.458+0000] {logging_mixin.py:137} INFO - [2023-03-12T10:12:51.458+0000] {dag.py:2690} INFO - Sync 1 DAGs
[2023-03-12T10:12:51.488+0000] {logging_mixin.py:137} INFO - [2023-03-12T10:12:51.488+0000] {dag.py:3441} INFO - Setting next_dagrun for tutorial_dag to None, run_after=None
[2023-03-12T10:12:51.514+0000] {processor.py:175} INFO - Processing /home/airflow/.local/lib/python3.7/site-packages/airflow/example_dags/tutorial_dag.py took 0.124 seconds
[2023-03-12T10:13:21.755+0000] {processor.py:153} INFO - Started process (PID=793) to work on /home/airflow/.local/lib/python3.7/site-packages/airflow/example_dags/tutorial_dag.py
[2023-03-12T10:13:21.757+0000] {processor.py:743} INFO - Processing file /home/airflow/.local/lib/python3.7/site-packages/airflow/example_dags/tutorial_dag.py for tasks to queue
[2023-03-12T10:13:21.758+0000] {logging_mixin.py:137} INFO - [2023-03-12T10:13:21.758+0000] {dagbag.py:538} INFO - Filling up the DagBag from /home/airflow/.local/lib/python3.7/site-packages/airflow/example_dags/tutorial_dag.py
[2023-03-12T10:13:21.770+0000] {processor.py:753} INFO - DAG(s) dict_keys(['tutorial_dag']) retrieved from /home/airflow/.local/lib/python3.7/site-packages/airflow/example_dags/tutorial_dag.py
[2023-03-12T10:13:21.796+0000] {logging_mixin.py:137} INFO - [2023-03-12T10:13:21.796+0000] {dag.py:2690} INFO - Sync 1 DAGs
[2023-03-12T10:13:21.818+0000] {logging_mixin.py:137} INFO - [2023-03-12T10:13:21.818+0000] {dag.py:3441} INFO - Setting next_dagrun for tutorial_dag to None, run_after=None
[2023-03-12T10:13:21.834+0000] {processor.py:175} INFO - Processing /home/airflow/.local/lib/python3.7/site-packages/airflow/example_dags/tutorial_dag.py took 0.083 seconds
[2023-03-12T10:13:51.991+0000] {processor.py:153} INFO - Started process (PID=862) to work on /home/airflow/.local/lib/python3.7/site-packages/airflow/example_dags/tutorial_dag.py
[2023-03-12T10:13:51.994+0000] {processor.py:743} INFO - Processing file /home/airflow/.local/lib/python3.7/site-packages/airflow/example_dags/tutorial_dag.py for tasks to queue
[2023-03-12T10:13:51.995+0000] {logging_mixin.py:137} INFO - [2023-03-12T10:13:51.995+0000] {dagbag.py:538} INFO - Filling up the DagBag from /home/airflow/.local/lib/python3.7/site-packages/airflow/example_dags/tutorial_dag.py
[2023-03-12T10:13:52.007+0000] {processor.py:753} INFO - DAG(s) dict_keys(['tutorial_dag']) retrieved from /home/airflow/.local/lib/python3.7/site-packages/airflow/example_dags/tutorial_dag.py
[2023-03-12T10:13:52.032+0000] {logging_mixin.py:137} INFO - [2023-03-12T10:13:52.032+0000] {dag.py:2690} INFO - Sync 1 DAGs
[2023-03-12T10:13:52.051+0000] {logging_mixin.py:137} INFO - [2023-03-12T10:13:52.051+0000] {dag.py:3441} INFO - Setting next_dagrun for tutorial_dag to None, run_after=None
[2023-03-12T10:13:52.069+0000] {processor.py:175} INFO - Processing /home/airflow/.local/lib/python3.7/site-packages/airflow/example_dags/tutorial_dag.py took 0.082 seconds
[2023-03-12T10:14:22.307+0000] {processor.py:153} INFO - Started process (PID=939) to work on /home/airflow/.local/lib/python3.7/site-packages/airflow/example_dags/tutorial_dag.py
[2023-03-12T10:14:22.309+0000] {processor.py:743} INFO - Processing file /home/airflow/.local/lib/python3.7/site-packages/airflow/example_dags/tutorial_dag.py for tasks to queue
[2023-03-12T10:14:22.312+0000] {logging_mixin.py:137} INFO - [2023-03-12T10:14:22.311+0000] {dagbag.py:538} INFO - Filling up the DagBag from /home/airflow/.local/lib/python3.7/site-packages/airflow/example_dags/tutorial_dag.py
[2023-03-12T10:14:22.323+0000] {processor.py:753} INFO - DAG(s) dict_keys(['tutorial_dag']) retrieved from /home/airflow/.local/lib/python3.7/site-packages/airflow/example_dags/tutorial_dag.py
[2023-03-12T10:14:22.348+0000] {logging_mixin.py:137} INFO - [2023-03-12T10:14:22.348+0000] {dag.py:2690} INFO - Sync 1 DAGs
[2023-03-12T10:14:22.369+0000] {logging_mixin.py:137} INFO - [2023-03-12T10:14:22.369+0000] {dag.py:3441} INFO - Setting next_dagrun for tutorial_dag to None, run_after=None
[2023-03-12T10:14:22.387+0000] {processor.py:175} INFO - Processing /home/airflow/.local/lib/python3.7/site-packages/airflow/example_dags/tutorial_dag.py took 0.083 seconds
[2023-03-12T10:14:52.551+0000] {processor.py:153} INFO - Started process (PID=1005) to work on /home/airflow/.local/lib/python3.7/site-packages/airflow/example_dags/tutorial_dag.py
[2023-03-12T10:14:52.556+0000] {processor.py:743} INFO - Processing file /home/airflow/.local/lib/python3.7/site-packages/airflow/example_dags/tutorial_dag.py for tasks to queue
[2023-03-12T10:14:52.558+0000] {logging_mixin.py:137} INFO - [2023-03-12T10:14:52.558+0000] {dagbag.py:538} INFO - Filling up the DagBag from /home/airflow/.local/lib/python3.7/site-packages/airflow/example_dags/tutorial_dag.py
[2023-03-12T10:14:52.570+0000] {processor.py:753} INFO - DAG(s) dict_keys(['tutorial_dag']) retrieved from /home/airflow/.local/lib/python3.7/site-packages/airflow/example_dags/tutorial_dag.py
[2023-03-12T10:14:52.598+0000] {logging_mixin.py:137} INFO - [2023-03-12T10:14:52.598+0000] {dag.py:2690} INFO - Sync 1 DAGs
[2023-03-12T10:14:52.620+0000] {logging_mixin.py:137} INFO - [2023-03-12T10:14:52.620+0000] {dag.py:3441} INFO - Setting next_dagrun for tutorial_dag to None, run_after=None
[2023-03-12T10:14:52.634+0000] {processor.py:175} INFO - Processing /home/airflow/.local/lib/python3.7/site-packages/airflow/example_dags/tutorial_dag.py took 0.087 seconds
[2023-03-12T10:15:22.843+0000] {processor.py:153} INFO - Started process (PID=1083) to work on /home/airflow/.local/lib/python3.7/site-packages/airflow/example_dags/tutorial_dag.py
[2023-03-12T10:15:22.846+0000] {processor.py:743} INFO - Processing file /home/airflow/.local/lib/python3.7/site-packages/airflow/example_dags/tutorial_dag.py for tasks to queue
[2023-03-12T10:15:22.849+0000] {logging_mixin.py:137} INFO - [2023-03-12T10:15:22.848+0000] {dagbag.py:538} INFO - Filling up the DagBag from /home/airflow/.local/lib/python3.7/site-packages/airflow/example_dags/tutorial_dag.py
[2023-03-12T10:15:22.863+0000] {processor.py:753} INFO - DAG(s) dict_keys(['tutorial_dag']) retrieved from /home/airflow/.local/lib/python3.7/site-packages/airflow/example_dags/tutorial_dag.py
[2023-03-12T10:15:22.897+0000] {logging_mixin.py:137} INFO - [2023-03-12T10:15:22.897+0000] {dag.py:2690} INFO - Sync 1 DAGs
[2023-03-12T10:15:22.922+0000] {logging_mixin.py:137} INFO - [2023-03-12T10:15:22.922+0000] {dag.py:3441} INFO - Setting next_dagrun for tutorial_dag to None, run_after=None
[2023-03-12T10:15:22.945+0000] {processor.py:175} INFO - Processing /home/airflow/.local/lib/python3.7/site-packages/airflow/example_dags/tutorial_dag.py took 0.106 seconds
[2023-03-12T10:15:53.239+0000] {processor.py:153} INFO - Started process (PID=1146) to work on /home/airflow/.local/lib/python3.7/site-packages/airflow/example_dags/tutorial_dag.py
[2023-03-12T10:15:53.242+0000] {processor.py:743} INFO - Processing file /home/airflow/.local/lib/python3.7/site-packages/airflow/example_dags/tutorial_dag.py for tasks to queue
[2023-03-12T10:15:53.244+0000] {logging_mixin.py:137} INFO - [2023-03-12T10:15:53.244+0000] {dagbag.py:538} INFO - Filling up the DagBag from /home/airflow/.local/lib/python3.7/site-packages/airflow/example_dags/tutorial_dag.py
[2023-03-12T10:15:53.254+0000] {processor.py:753} INFO - DAG(s) dict_keys(['tutorial_dag']) retrieved from /home/airflow/.local/lib/python3.7/site-packages/airflow/example_dags/tutorial_dag.py
[2023-03-12T10:15:53.280+0000] {logging_mixin.py:137} INFO - [2023-03-12T10:15:53.280+0000] {dag.py:2690} INFO - Sync 1 DAGs
[2023-03-12T10:15:53.297+0000] {logging_mixin.py:137} INFO - [2023-03-12T10:15:53.297+0000] {dag.py:3441} INFO - Setting next_dagrun for tutorial_dag to None, run_after=None
[2023-03-12T10:15:53.312+0000] {processor.py:175} INFO - Processing /home/airflow/.local/lib/python3.7/site-packages/airflow/example_dags/tutorial_dag.py took 0.076 seconds
[2023-03-12T10:16:23.439+0000] {processor.py:153} INFO - Started process (PID=1223) to work on /home/airflow/.local/lib/python3.7/site-packages/airflow/example_dags/tutorial_dag.py
[2023-03-12T10:16:23.441+0000] {processor.py:743} INFO - Processing file /home/airflow/.local/lib/python3.7/site-packages/airflow/example_dags/tutorial_dag.py for tasks to queue
[2023-03-12T10:16:23.443+0000] {logging_mixin.py:137} INFO - [2023-03-12T10:16:23.443+0000] {dagbag.py:538} INFO - Filling up the DagBag from /home/airflow/.local/lib/python3.7/site-packages/airflow/example_dags/tutorial_dag.py
[2023-03-12T10:16:23.458+0000] {processor.py:753} INFO - DAG(s) dict_keys(['tutorial_dag']) retrieved from /home/airflow/.local/lib/python3.7/site-packages/airflow/example_dags/tutorial_dag.py
[2023-03-12T10:16:23.486+0000] {logging_mixin.py:137} INFO - [2023-03-12T10:16:23.486+0000] {dag.py:2690} INFO - Sync 1 DAGs
[2023-03-12T10:16:23.505+0000] {logging_mixin.py:137} INFO - [2023-03-12T10:16:23.505+0000] {dag.py:3441} INFO - Setting next_dagrun for tutorial_dag to None, run_after=None
[2023-03-12T10:16:23.521+0000] {processor.py:175} INFO - Processing /home/airflow/.local/lib/python3.7/site-packages/airflow/example_dags/tutorial_dag.py took 0.085 seconds
[2023-03-12T10:16:54.563+0000] {processor.py:153} INFO - Started process (PID=1301) to work on /home/airflow/.local/lib/python3.7/site-packages/airflow/example_dags/tutorial_dag.py
[2023-03-12T10:16:54.565+0000] {processor.py:743} INFO - Processing file /home/airflow/.local/lib/python3.7/site-packages/airflow/example_dags/tutorial_dag.py for tasks to queue
[2023-03-12T10:16:54.568+0000] {logging_mixin.py:137} INFO - [2023-03-12T10:16:54.568+0000] {dagbag.py:538} INFO - Filling up the DagBag from /home/airflow/.local/lib/python3.7/site-packages/airflow/example_dags/tutorial_dag.py
[2023-03-12T10:16:54.583+0000] {processor.py:753} INFO - DAG(s) dict_keys(['tutorial_dag']) retrieved from /home/airflow/.local/lib/python3.7/site-packages/airflow/example_dags/tutorial_dag.py
[2023-03-12T10:16:54.613+0000] {logging_mixin.py:137} INFO - [2023-03-12T10:16:54.613+0000] {dag.py:2690} INFO - Sync 1 DAGs
[2023-03-12T10:16:54.642+0000] {logging_mixin.py:137} INFO - [2023-03-12T10:16:54.642+0000] {dag.py:3441} INFO - Setting next_dagrun for tutorial_dag to None, run_after=None
[2023-03-12T10:16:54.676+0000] {processor.py:175} INFO - Processing /home/airflow/.local/lib/python3.7/site-packages/airflow/example_dags/tutorial_dag.py took 0.117 seconds
[2023-03-12T10:17:25.610+0000] {processor.py:153} INFO - Started process (PID=1366) to work on /home/airflow/.local/lib/python3.7/site-packages/airflow/example_dags/tutorial_dag.py
[2023-03-12T10:17:25.614+0000] {processor.py:743} INFO - Processing file /home/airflow/.local/lib/python3.7/site-packages/airflow/example_dags/tutorial_dag.py for tasks to queue
[2023-03-12T10:17:25.621+0000] {logging_mixin.py:137} INFO - [2023-03-12T10:17:25.620+0000] {dagbag.py:538} INFO - Filling up the DagBag from /home/airflow/.local/lib/python3.7/site-packages/airflow/example_dags/tutorial_dag.py
[2023-03-12T10:17:25.636+0000] {processor.py:753} INFO - DAG(s) dict_keys(['tutorial_dag']) retrieved from /home/airflow/.local/lib/python3.7/site-packages/airflow/example_dags/tutorial_dag.py
[2023-03-12T10:17:25.668+0000] {logging_mixin.py:137} INFO - [2023-03-12T10:17:25.668+0000] {dag.py:2690} INFO - Sync 1 DAGs
[2023-03-12T10:17:25.692+0000] {logging_mixin.py:137} INFO - [2023-03-12T10:17:25.692+0000] {dag.py:3441} INFO - Setting next_dagrun for tutorial_dag to None, run_after=None
[2023-03-12T10:17:25.718+0000] {processor.py:175} INFO - Processing /home/airflow/.local/lib/python3.7/site-packages/airflow/example_dags/tutorial_dag.py took 0.113 seconds
[2023-03-12T10:17:56.627+0000] {processor.py:153} INFO - Started process (PID=1443) to work on /home/airflow/.local/lib/python3.7/site-packages/airflow/example_dags/tutorial_dag.py
[2023-03-12T10:17:56.629+0000] {processor.py:743} INFO - Processing file /home/airflow/.local/lib/python3.7/site-packages/airflow/example_dags/tutorial_dag.py for tasks to queue
[2023-03-12T10:17:56.632+0000] {logging_mixin.py:137} INFO - [2023-03-12T10:17:56.631+0000] {dagbag.py:538} INFO - Filling up the DagBag from /home/airflow/.local/lib/python3.7/site-packages/airflow/example_dags/tutorial_dag.py
[2023-03-12T10:17:56.648+0000] {processor.py:753} INFO - DAG(s) dict_keys(['tutorial_dag']) retrieved from /home/airflow/.local/lib/python3.7/site-packages/airflow/example_dags/tutorial_dag.py
[2023-03-12T10:17:56.677+0000] {logging_mixin.py:137} INFO - [2023-03-12T10:17:56.677+0000] {dag.py:2690} INFO - Sync 1 DAGs
[2023-03-12T10:17:56.698+0000] {logging_mixin.py:137} INFO - [2023-03-12T10:17:56.698+0000] {dag.py:3441} INFO - Setting next_dagrun for tutorial_dag to None, run_after=None
[2023-03-12T10:17:56.714+0000] {processor.py:175} INFO - Processing /home/airflow/.local/lib/python3.7/site-packages/airflow/example_dags/tutorial_dag.py took 0.092 seconds
[2023-03-12T10:18:26.811+0000] {processor.py:153} INFO - Started process (PID=1517) to work on /home/airflow/.local/lib/python3.7/site-packages/airflow/example_dags/tutorial_dag.py
[2023-03-12T10:18:26.813+0000] {processor.py:743} INFO - Processing file /home/airflow/.local/lib/python3.7/site-packages/airflow/example_dags/tutorial_dag.py for tasks to queue
[2023-03-12T10:18:26.815+0000] {logging_mixin.py:137} INFO - [2023-03-12T10:18:26.815+0000] {dagbag.py:538} INFO - Filling up the DagBag from /home/airflow/.local/lib/python3.7/site-packages/airflow/example_dags/tutorial_dag.py
[2023-03-12T10:18:26.828+0000] {processor.py:753} INFO - DAG(s) dict_keys(['tutorial_dag']) retrieved from /home/airflow/.local/lib/python3.7/site-packages/airflow/example_dags/tutorial_dag.py
[2023-03-12T10:18:26.860+0000] {logging_mixin.py:137} INFO - [2023-03-12T10:18:26.859+0000] {dag.py:2690} INFO - Sync 1 DAGs
[2023-03-12T10:18:26.883+0000] {logging_mixin.py:137} INFO - [2023-03-12T10:18:26.883+0000] {dag.py:3441} INFO - Setting next_dagrun for tutorial_dag to None, run_after=None
[2023-03-12T10:18:26.917+0000] {processor.py:175} INFO - Processing /home/airflow/.local/lib/python3.7/site-packages/airflow/example_dags/tutorial_dag.py took 0.110 seconds
[2023-03-12T10:18:57.091+0000] {processor.py:153} INFO - Started process (PID=1586) to work on /home/airflow/.local/lib/python3.7/site-packages/airflow/example_dags/tutorial_dag.py
[2023-03-12T10:18:57.093+0000] {processor.py:743} INFO - Processing file /home/airflow/.local/lib/python3.7/site-packages/airflow/example_dags/tutorial_dag.py for tasks to queue
[2023-03-12T10:18:57.095+0000] {logging_mixin.py:137} INFO - [2023-03-12T10:18:57.095+0000] {dagbag.py:538} INFO - Filling up the DagBag from /home/airflow/.local/lib/python3.7/site-packages/airflow/example_dags/tutorial_dag.py
[2023-03-12T10:18:57.106+0000] {processor.py:753} INFO - DAG(s) dict_keys(['tutorial_dag']) retrieved from /home/airflow/.local/lib/python3.7/site-packages/airflow/example_dags/tutorial_dag.py
[2023-03-12T10:18:57.134+0000] {logging_mixin.py:137} INFO - [2023-03-12T10:18:57.134+0000] {dag.py:2690} INFO - Sync 1 DAGs
[2023-03-12T10:18:57.156+0000] {logging_mixin.py:137} INFO - [2023-03-12T10:18:57.156+0000] {dag.py:3441} INFO - Setting next_dagrun for tutorial_dag to None, run_after=None
[2023-03-12T10:18:57.180+0000] {processor.py:175} INFO - Processing /home/airflow/.local/lib/python3.7/site-packages/airflow/example_dags/tutorial_dag.py took 0.093 seconds
[2023-03-12T10:19:27.935+0000] {processor.py:153} INFO - Started process (PID=1664) to work on /home/airflow/.local/lib/python3.7/site-packages/airflow/example_dags/tutorial_dag.py
[2023-03-12T10:19:27.937+0000] {processor.py:743} INFO - Processing file /home/airflow/.local/lib/python3.7/site-packages/airflow/example_dags/tutorial_dag.py for tasks to queue
[2023-03-12T10:19:27.939+0000] {logging_mixin.py:137} INFO - [2023-03-12T10:19:27.939+0000] {dagbag.py:538} INFO - Filling up the DagBag from /home/airflow/.local/lib/python3.7/site-packages/airflow/example_dags/tutorial_dag.py
[2023-03-12T10:19:27.950+0000] {processor.py:753} INFO - DAG(s) dict_keys(['tutorial_dag']) retrieved from /home/airflow/.local/lib/python3.7/site-packages/airflow/example_dags/tutorial_dag.py
[2023-03-12T10:19:27.977+0000] {logging_mixin.py:137} INFO - [2023-03-12T10:19:27.976+0000] {dag.py:2690} INFO - Sync 1 DAGs
[2023-03-12T10:19:27.996+0000] {logging_mixin.py:137} INFO - [2023-03-12T10:19:27.995+0000] {dag.py:3441} INFO - Setting next_dagrun for tutorial_dag to None, run_after=None
[2023-03-12T10:19:28.011+0000] {processor.py:175} INFO - Processing /home/airflow/.local/lib/python3.7/site-packages/airflow/example_dags/tutorial_dag.py took 0.078 seconds
[2023-03-12T10:19:59.257+0000] {processor.py:153} INFO - Started process (PID=1729) to work on /home/airflow/.local/lib/python3.7/site-packages/airflow/example_dags/tutorial_dag.py
[2023-03-12T10:19:59.260+0000] {processor.py:743} INFO - Processing file /home/airflow/.local/lib/python3.7/site-packages/airflow/example_dags/tutorial_dag.py for tasks to queue
[2023-03-12T10:19:59.261+0000] {logging_mixin.py:137} INFO - [2023-03-12T10:19:59.261+0000] {dagbag.py:538} INFO - Filling up the DagBag from /home/airflow/.local/lib/python3.7/site-packages/airflow/example_dags/tutorial_dag.py
[2023-03-12T10:19:59.274+0000] {processor.py:753} INFO - DAG(s) dict_keys(['tutorial_dag']) retrieved from /home/airflow/.local/lib/python3.7/site-packages/airflow/example_dags/tutorial_dag.py
[2023-03-12T10:19:59.303+0000] {logging_mixin.py:137} INFO - [2023-03-12T10:19:59.303+0000] {dag.py:2690} INFO - Sync 1 DAGs
[2023-03-12T10:19:59.323+0000] {logging_mixin.py:137} INFO - [2023-03-12T10:19:59.322+0000] {dag.py:3441} INFO - Setting next_dagrun for tutorial_dag to None, run_after=None
[2023-03-12T10:19:59.339+0000] {processor.py:175} INFO - Processing /home/airflow/.local/lib/python3.7/site-packages/airflow/example_dags/tutorial_dag.py took 0.085 seconds
[2023-03-12T10:20:29.449+0000] {processor.py:153} INFO - Started process (PID=1808) to work on /home/airflow/.local/lib/python3.7/site-packages/airflow/example_dags/tutorial_dag.py
[2023-03-12T10:20:29.452+0000] {processor.py:743} INFO - Processing file /home/airflow/.local/lib/python3.7/site-packages/airflow/example_dags/tutorial_dag.py for tasks to queue
[2023-03-12T10:20:29.453+0000] {logging_mixin.py:137} INFO - [2023-03-12T10:20:29.453+0000] {dagbag.py:538} INFO - Filling up the DagBag from /home/airflow/.local/lib/python3.7/site-packages/airflow/example_dags/tutorial_dag.py
[2023-03-12T10:20:29.464+0000] {processor.py:753} INFO - DAG(s) dict_keys(['tutorial_dag']) retrieved from /home/airflow/.local/lib/python3.7/site-packages/airflow/example_dags/tutorial_dag.py
[2023-03-12T10:20:29.496+0000] {logging_mixin.py:137} INFO - [2023-03-12T10:20:29.495+0000] {dag.py:2690} INFO - Sync 1 DAGs
[2023-03-12T10:20:29.538+0000] {logging_mixin.py:137} INFO - [2023-03-12T10:20:29.538+0000] {dag.py:3441} INFO - Setting next_dagrun for tutorial_dag to None, run_after=None
[2023-03-12T10:20:29.556+0000] {processor.py:175} INFO - Processing /home/airflow/.local/lib/python3.7/site-packages/airflow/example_dags/tutorial_dag.py took 0.110 seconds
[2023-03-12T10:21:00.107+0000] {processor.py:153} INFO - Started process (PID=1887) to work on /home/airflow/.local/lib/python3.7/site-packages/airflow/example_dags/tutorial_dag.py
[2023-03-12T10:21:00.110+0000] {processor.py:743} INFO - Processing file /home/airflow/.local/lib/python3.7/site-packages/airflow/example_dags/tutorial_dag.py for tasks to queue
[2023-03-12T10:21:00.113+0000] {logging_mixin.py:137} INFO - [2023-03-12T10:21:00.113+0000] {dagbag.py:538} INFO - Filling up the DagBag from /home/airflow/.local/lib/python3.7/site-packages/airflow/example_dags/tutorial_dag.py
[2023-03-12T10:21:00.129+0000] {processor.py:753} INFO - DAG(s) dict_keys(['tutorial_dag']) retrieved from /home/airflow/.local/lib/python3.7/site-packages/airflow/example_dags/tutorial_dag.py
[2023-03-12T10:21:00.162+0000] {logging_mixin.py:137} INFO - [2023-03-12T10:21:00.162+0000] {dag.py:2690} INFO - Sync 1 DAGs
[2023-03-12T10:21:00.185+0000] {logging_mixin.py:137} INFO - [2023-03-12T10:21:00.185+0000] {dag.py:3441} INFO - Setting next_dagrun for tutorial_dag to None, run_after=None
[2023-03-12T10:21:00.215+0000] {processor.py:175} INFO - Processing /home/airflow/.local/lib/python3.7/site-packages/airflow/example_dags/tutorial_dag.py took 0.113 seconds
[2023-03-12T10:21:30.293+0000] {processor.py:153} INFO - Started process (PID=1952) to work on /home/airflow/.local/lib/python3.7/site-packages/airflow/example_dags/tutorial_dag.py
[2023-03-12T10:21:30.295+0000] {processor.py:743} INFO - Processing file /home/airflow/.local/lib/python3.7/site-packages/airflow/example_dags/tutorial_dag.py for tasks to queue
[2023-03-12T10:21:30.298+0000] {logging_mixin.py:137} INFO - [2023-03-12T10:21:30.298+0000] {dagbag.py:538} INFO - Filling up the DagBag from /home/airflow/.local/lib/python3.7/site-packages/airflow/example_dags/tutorial_dag.py
[2023-03-12T10:21:30.308+0000] {processor.py:753} INFO - DAG(s) dict_keys(['tutorial_dag']) retrieved from /home/airflow/.local/lib/python3.7/site-packages/airflow/example_dags/tutorial_dag.py
[2023-03-12T10:21:30.334+0000] {logging_mixin.py:137} INFO - [2023-03-12T10:21:30.334+0000] {dag.py:2690} INFO - Sync 1 DAGs
[2023-03-12T10:21:30.351+0000] {logging_mixin.py:137} INFO - [2023-03-12T10:21:30.350+0000] {dag.py:3441} INFO - Setting next_dagrun for tutorial_dag to None, run_after=None
[2023-03-12T10:21:30.363+0000] {processor.py:175} INFO - Processing /home/airflow/.local/lib/python3.7/site-packages/airflow/example_dags/tutorial_dag.py took 0.073 seconds
[2023-03-12T10:22:00.793+0000] {processor.py:153} INFO - Started process (PID=2030) to work on /home/airflow/.local/lib/python3.7/site-packages/airflow/example_dags/tutorial_dag.py
[2023-03-12T10:22:00.796+0000] {processor.py:743} INFO - Processing file /home/airflow/.local/lib/python3.7/site-packages/airflow/example_dags/tutorial_dag.py for tasks to queue
[2023-03-12T10:22:00.798+0000] {logging_mixin.py:137} INFO - [2023-03-12T10:22:00.798+0000] {dagbag.py:538} INFO - Filling up the DagBag from /home/airflow/.local/lib/python3.7/site-packages/airflow/example_dags/tutorial_dag.py
[2023-03-12T10:22:00.811+0000] {processor.py:753} INFO - DAG(s) dict_keys(['tutorial_dag']) retrieved from /home/airflow/.local/lib/python3.7/site-packages/airflow/example_dags/tutorial_dag.py
[2023-03-12T10:22:00.840+0000] {logging_mixin.py:137} INFO - [2023-03-12T10:22:00.840+0000] {dag.py:2690} INFO - Sync 1 DAGs
[2023-03-12T10:22:00.865+0000] {logging_mixin.py:137} INFO - [2023-03-12T10:22:00.865+0000] {dag.py:3441} INFO - Setting next_dagrun for tutorial_dag to None, run_after=None
[2023-03-12T10:22:00.883+0000] {processor.py:175} INFO - Processing /home/airflow/.local/lib/python3.7/site-packages/airflow/example_dags/tutorial_dag.py took 0.094 seconds
